[2024-06-15 10:30:12,372] {processor.py:153} INFO - Started process (PID=75) to work on /home/airflow/.local/lib/python3.7/site-packages/airflow/example_dags/example_sla_dag.py
[2024-06-15 10:30:12,376] {processor.py:641} INFO - Processing file /home/airflow/.local/lib/python3.7/site-packages/airflow/example_dags/example_sla_dag.py for tasks to queue
[2024-06-15 10:30:12,377] {logging_mixin.py:115} INFO - [2024-06-15 10:30:12,376] {dagbag.py:507} INFO - Filling up the DagBag from /home/airflow/.local/lib/python3.7/site-packages/airflow/example_dags/example_sla_dag.py
[2024-06-15 10:30:12,408] {processor.py:651} INFO - DAG(s) dict_keys(['example_sla_dag']) retrieved from /home/airflow/.local/lib/python3.7/site-packages/airflow/example_dags/example_sla_dag.py
[2024-06-15 10:30:12,898] {logging_mixin.py:115} INFO - [2024-06-15 10:30:12,898] {manager.py:508} INFO - Created Permission View: can read on DAG:example_sla_dag
[2024-06-15 10:30:21,448] {logging_mixin.py:115} INFO - [2024-06-15 10:30:21,448] {manager.py:508} INFO - Created Permission View: can delete on DAG:example_sla_dag
[2024-06-15 10:30:22,152] {logging_mixin.py:115} INFO - [2024-06-15 10:30:22,152] {manager.py:508} INFO - Created Permission View: can edit on DAG:example_sla_dag
[2024-06-15 10:30:22,152] {logging_mixin.py:115} INFO - [2024-06-15 10:30:22,152] {dag.py:2371} INFO - Sync 1 DAGs
[2024-06-15 10:30:22,163] {logging_mixin.py:115} INFO - [2024-06-15 10:30:22,163] {dag.py:2390} INFO - Creating ORM DAG for example_sla_dag
[2024-06-15 10:30:22,183] {logging_mixin.py:115} INFO - [2024-06-15 10:30:22,183] {dag.py:2919} INFO - Setting next_dagrun for example_sla_dag to 2024-06-15T10:28:00+00:00, run_after=2024-06-15T10:30:00+00:00
[2024-06-15 10:30:24,912] {processor.py:161} INFO - Processing /home/airflow/.local/lib/python3.7/site-packages/airflow/example_dags/example_sla_dag.py took 12.543 seconds
[2024-06-15 10:30:55,146] {processor.py:153} INFO - Started process (PID=139) to work on /home/airflow/.local/lib/python3.7/site-packages/airflow/example_dags/example_sla_dag.py
[2024-06-15 10:30:55,148] {processor.py:641} INFO - Processing file /home/airflow/.local/lib/python3.7/site-packages/airflow/example_dags/example_sla_dag.py for tasks to queue
[2024-06-15 10:30:55,149] {logging_mixin.py:115} INFO - [2024-06-15 10:30:55,149] {dagbag.py:507} INFO - Filling up the DagBag from /home/airflow/.local/lib/python3.7/site-packages/airflow/example_dags/example_sla_dag.py
[2024-06-15 10:30:55,178] {processor.py:651} INFO - DAG(s) dict_keys(['example_sla_dag']) retrieved from /home/airflow/.local/lib/python3.7/site-packages/airflow/example_dags/example_sla_dag.py
[2024-06-15 10:30:55,207] {logging_mixin.py:115} INFO - [2024-06-15 10:30:55,207] {dag.py:2371} INFO - Sync 1 DAGs
[2024-06-15 10:30:55,355] {logging_mixin.py:115} INFO - [2024-06-15 10:30:55,355] {dag.py:2919} INFO - Setting next_dagrun for example_sla_dag to 2024-06-15T10:28:00+00:00, run_after=2024-06-15T10:30:00+00:00
[2024-06-15 10:30:55,373] {processor.py:161} INFO - Processing /home/airflow/.local/lib/python3.7/site-packages/airflow/example_dags/example_sla_dag.py took 0.231 seconds
[2024-06-15 10:31:25,797] {processor.py:153} INFO - Started process (PID=207) to work on /home/airflow/.local/lib/python3.7/site-packages/airflow/example_dags/example_sla_dag.py
[2024-06-15 10:31:25,798] {processor.py:641} INFO - Processing file /home/airflow/.local/lib/python3.7/site-packages/airflow/example_dags/example_sla_dag.py for tasks to queue
[2024-06-15 10:31:25,799] {logging_mixin.py:115} INFO - [2024-06-15 10:31:25,798] {dagbag.py:507} INFO - Filling up the DagBag from /home/airflow/.local/lib/python3.7/site-packages/airflow/example_dags/example_sla_dag.py
[2024-06-15 10:31:25,821] {processor.py:651} INFO - DAG(s) dict_keys(['example_sla_dag']) retrieved from /home/airflow/.local/lib/python3.7/site-packages/airflow/example_dags/example_sla_dag.py
[2024-06-15 10:31:25,872] {logging_mixin.py:115} INFO - [2024-06-15 10:31:25,872] {dag.py:2371} INFO - Sync 1 DAGs
[2024-06-15 10:31:26,037] {logging_mixin.py:115} INFO - [2024-06-15 10:31:26,036] {dag.py:2919} INFO - Setting next_dagrun for example_sla_dag to 2024-06-15T10:28:00+00:00, run_after=2024-06-15T10:30:00+00:00
[2024-06-15 10:31:26,070] {processor.py:161} INFO - Processing /home/airflow/.local/lib/python3.7/site-packages/airflow/example_dags/example_sla_dag.py took 0.280 seconds
[2024-06-15 10:31:56,251] {processor.py:153} INFO - Started process (PID=261) to work on /home/airflow/.local/lib/python3.7/site-packages/airflow/example_dags/example_sla_dag.py
[2024-06-15 10:31:56,252] {processor.py:641} INFO - Processing file /home/airflow/.local/lib/python3.7/site-packages/airflow/example_dags/example_sla_dag.py for tasks to queue
[2024-06-15 10:31:56,253] {logging_mixin.py:115} INFO - [2024-06-15 10:31:56,253] {dagbag.py:507} INFO - Filling up the DagBag from /home/airflow/.local/lib/python3.7/site-packages/airflow/example_dags/example_sla_dag.py
[2024-06-15 10:31:56,284] {processor.py:651} INFO - DAG(s) dict_keys(['example_sla_dag']) retrieved from /home/airflow/.local/lib/python3.7/site-packages/airflow/example_dags/example_sla_dag.py
[2024-06-15 10:31:56,316] {logging_mixin.py:115} INFO - [2024-06-15 10:31:56,316] {dag.py:2371} INFO - Sync 1 DAGs
[2024-06-15 10:31:56,471] {logging_mixin.py:115} INFO - [2024-06-15 10:31:56,471] {dag.py:2919} INFO - Setting next_dagrun for example_sla_dag to 2024-06-15T10:28:00+00:00, run_after=2024-06-15T10:30:00+00:00
[2024-06-15 10:31:56,486] {processor.py:161} INFO - Processing /home/airflow/.local/lib/python3.7/site-packages/airflow/example_dags/example_sla_dag.py took 0.238 seconds
[2024-06-15 10:32:27,367] {processor.py:153} INFO - Started process (PID=325) to work on /home/airflow/.local/lib/python3.7/site-packages/airflow/example_dags/example_sla_dag.py
[2024-06-15 10:32:27,368] {processor.py:641} INFO - Processing file /home/airflow/.local/lib/python3.7/site-packages/airflow/example_dags/example_sla_dag.py for tasks to queue
[2024-06-15 10:32:27,372] {logging_mixin.py:115} INFO - [2024-06-15 10:32:27,369] {dagbag.py:507} INFO - Filling up the DagBag from /home/airflow/.local/lib/python3.7/site-packages/airflow/example_dags/example_sla_dag.py
[2024-06-15 10:32:27,395] {processor.py:651} INFO - DAG(s) dict_keys(['example_sla_dag']) retrieved from /home/airflow/.local/lib/python3.7/site-packages/airflow/example_dags/example_sla_dag.py
[2024-06-15 10:32:27,429] {logging_mixin.py:115} INFO - [2024-06-15 10:32:27,429] {dag.py:2371} INFO - Sync 1 DAGs
[2024-06-15 10:32:27,613] {logging_mixin.py:115} INFO - [2024-06-15 10:32:27,613] {dag.py:2919} INFO - Setting next_dagrun for example_sla_dag to 2024-06-15T10:30:00+00:00, run_after=2024-06-15T10:32:00+00:00
[2024-06-15 10:32:27,633] {processor.py:161} INFO - Processing /home/airflow/.local/lib/python3.7/site-packages/airflow/example_dags/example_sla_dag.py took 0.270 seconds
[2024-06-15 10:32:58,082] {processor.py:153} INFO - Started process (PID=389) to work on /home/airflow/.local/lib/python3.7/site-packages/airflow/example_dags/example_sla_dag.py
[2024-06-15 10:32:58,083] {processor.py:641} INFO - Processing file /home/airflow/.local/lib/python3.7/site-packages/airflow/example_dags/example_sla_dag.py for tasks to queue
[2024-06-15 10:32:58,084] {logging_mixin.py:115} INFO - [2024-06-15 10:32:58,084] {dagbag.py:507} INFO - Filling up the DagBag from /home/airflow/.local/lib/python3.7/site-packages/airflow/example_dags/example_sla_dag.py
[2024-06-15 10:32:58,104] {processor.py:651} INFO - DAG(s) dict_keys(['example_sla_dag']) retrieved from /home/airflow/.local/lib/python3.7/site-packages/airflow/example_dags/example_sla_dag.py
[2024-06-15 10:32:58,137] {logging_mixin.py:115} INFO - [2024-06-15 10:32:58,136] {dag.py:2371} INFO - Sync 1 DAGs
[2024-06-15 10:32:58,298] {logging_mixin.py:115} INFO - [2024-06-15 10:32:58,298] {dag.py:2919} INFO - Setting next_dagrun for example_sla_dag to 2024-06-15T10:30:00+00:00, run_after=2024-06-15T10:32:00+00:00
[2024-06-15 10:32:58,315] {processor.py:161} INFO - Processing /home/airflow/.local/lib/python3.7/site-packages/airflow/example_dags/example_sla_dag.py took 0.236 seconds
[2024-06-15 10:33:28,784] {processor.py:153} INFO - Started process (PID=443) to work on /home/airflow/.local/lib/python3.7/site-packages/airflow/example_dags/example_sla_dag.py
[2024-06-15 10:33:28,785] {processor.py:641} INFO - Processing file /home/airflow/.local/lib/python3.7/site-packages/airflow/example_dags/example_sla_dag.py for tasks to queue
[2024-06-15 10:33:28,786] {logging_mixin.py:115} INFO - [2024-06-15 10:33:28,786] {dagbag.py:507} INFO - Filling up the DagBag from /home/airflow/.local/lib/python3.7/site-packages/airflow/example_dags/example_sla_dag.py
[2024-06-15 10:33:28,806] {processor.py:651} INFO - DAG(s) dict_keys(['example_sla_dag']) retrieved from /home/airflow/.local/lib/python3.7/site-packages/airflow/example_dags/example_sla_dag.py
[2024-06-15 10:33:28,845] {logging_mixin.py:115} INFO - [2024-06-15 10:33:28,845] {dag.py:2371} INFO - Sync 1 DAGs
[2024-06-15 10:33:29,012] {logging_mixin.py:115} INFO - [2024-06-15 10:33:29,012] {dag.py:2919} INFO - Setting next_dagrun for example_sla_dag to 2024-06-15T10:30:00+00:00, run_after=2024-06-15T10:32:00+00:00
[2024-06-15 10:33:29,171] {processor.py:161} INFO - Processing /home/airflow/.local/lib/python3.7/site-packages/airflow/example_dags/example_sla_dag.py took 0.391 seconds
