[2024-06-15 10:30:05,509] {processor.py:153} INFO - Started process (PID=52) to work on /home/airflow/.local/lib/python3.7/site-packages/airflow/example_dags/example_branch_python_dop_operator_3.py
[2024-06-15 10:30:05,514] {processor.py:641} INFO - Processing file /home/airflow/.local/lib/python3.7/site-packages/airflow/example_dags/example_branch_python_dop_operator_3.py for tasks to queue
[2024-06-15 10:30:05,515] {logging_mixin.py:115} INFO - [2024-06-15 10:30:05,515] {dagbag.py:507} INFO - Filling up the DagBag from /home/airflow/.local/lib/python3.7/site-packages/airflow/example_dags/example_branch_python_dop_operator_3.py
[2024-06-15 10:30:05,534] {processor.py:651} INFO - DAG(s) dict_keys(['example_branch_dop_operator_v3']) retrieved from /home/airflow/.local/lib/python3.7/site-packages/airflow/example_dags/example_branch_python_dop_operator_3.py
[2024-06-15 10:30:06,324] {logging_mixin.py:115} INFO - [2024-06-15 10:30:06,324] {manager.py:508} INFO - Created Permission View: can read on DAG:example_branch_dop_operator_v3
[2024-06-15 10:30:06,410] {logging_mixin.py:115} INFO - [2024-06-15 10:30:06,410] {manager.py:508} INFO - Created Permission View: can delete on DAG:example_branch_dop_operator_v3
[2024-06-15 10:30:06,439] {logging_mixin.py:115} INFO - [2024-06-15 10:30:06,439] {manager.py:508} INFO - Created Permission View: can edit on DAG:example_branch_dop_operator_v3
[2024-06-15 10:30:06,439] {logging_mixin.py:115} INFO - [2024-06-15 10:30:06,439] {dag.py:2371} INFO - Sync 1 DAGs
[2024-06-15 10:30:06,456] {logging_mixin.py:115} INFO - [2024-06-15 10:30:06,455] {dag.py:2390} INFO - Creating ORM DAG for example_branch_dop_operator_v3
[2024-06-15 10:30:06,482] {logging_mixin.py:115} INFO - [2024-06-15 10:30:06,482] {dag.py:2919} INFO - Setting next_dagrun for example_branch_dop_operator_v3 to 2024-06-15T10:29:00+00:00, run_after=2024-06-15T10:30:00+00:00
[2024-06-15 10:30:06,528] {processor.py:161} INFO - Processing /home/airflow/.local/lib/python3.7/site-packages/airflow/example_dags/example_branch_python_dop_operator_3.py took 1.023 seconds
[2024-06-15 10:30:51,575] {processor.py:153} INFO - Started process (PID=125) to work on /home/airflow/.local/lib/python3.7/site-packages/airflow/example_dags/example_branch_python_dop_operator_3.py
[2024-06-15 10:30:51,576] {processor.py:641} INFO - Processing file /home/airflow/.local/lib/python3.7/site-packages/airflow/example_dags/example_branch_python_dop_operator_3.py for tasks to queue
[2024-06-15 10:30:51,577] {logging_mixin.py:115} INFO - [2024-06-15 10:30:51,577] {dagbag.py:507} INFO - Filling up the DagBag from /home/airflow/.local/lib/python3.7/site-packages/airflow/example_dags/example_branch_python_dop_operator_3.py
[2024-06-15 10:30:51,589] {processor.py:651} INFO - DAG(s) dict_keys(['example_branch_dop_operator_v3']) retrieved from /home/airflow/.local/lib/python3.7/site-packages/airflow/example_dags/example_branch_python_dop_operator_3.py
[2024-06-15 10:30:51,625] {logging_mixin.py:115} INFO - [2024-06-15 10:30:51,625] {dag.py:2371} INFO - Sync 1 DAGs
[2024-06-15 10:30:51,851] {logging_mixin.py:115} INFO - [2024-06-15 10:30:51,850] {dag.py:2919} INFO - Setting next_dagrun for example_branch_dop_operator_v3 to 2024-06-15T10:29:00+00:00, run_after=2024-06-15T10:30:00+00:00
[2024-06-15 10:30:51,874] {processor.py:161} INFO - Processing /home/airflow/.local/lib/python3.7/site-packages/airflow/example_dags/example_branch_python_dop_operator_3.py took 0.303 seconds
[2024-06-15 10:31:23,017] {processor.py:153} INFO - Started process (PID=191) to work on /home/airflow/.local/lib/python3.7/site-packages/airflow/example_dags/example_branch_python_dop_operator_3.py
[2024-06-15 10:31:23,018] {processor.py:641} INFO - Processing file /home/airflow/.local/lib/python3.7/site-packages/airflow/example_dags/example_branch_python_dop_operator_3.py for tasks to queue
[2024-06-15 10:31:23,019] {logging_mixin.py:115} INFO - [2024-06-15 10:31:23,018] {dagbag.py:507} INFO - Filling up the DagBag from /home/airflow/.local/lib/python3.7/site-packages/airflow/example_dags/example_branch_python_dop_operator_3.py
[2024-06-15 10:31:23,039] {processor.py:651} INFO - DAG(s) dict_keys(['example_branch_dop_operator_v3']) retrieved from /home/airflow/.local/lib/python3.7/site-packages/airflow/example_dags/example_branch_python_dop_operator_3.py
[2024-06-15 10:31:23,184] {logging_mixin.py:115} INFO - [2024-06-15 10:31:23,184] {dag.py:2371} INFO - Sync 1 DAGs
[2024-06-15 10:31:23,415] {logging_mixin.py:115} INFO - [2024-06-15 10:31:23,415] {dag.py:2919} INFO - Setting next_dagrun for example_branch_dop_operator_v3 to 2024-06-15T10:30:00+00:00, run_after=2024-06-15T10:31:00+00:00
[2024-06-15 10:31:23,521] {processor.py:161} INFO - Processing /home/airflow/.local/lib/python3.7/site-packages/airflow/example_dags/example_branch_python_dop_operator_3.py took 0.509 seconds
[2024-06-15 10:31:53,639] {processor.py:153} INFO - Started process (PID=245) to work on /home/airflow/.local/lib/python3.7/site-packages/airflow/example_dags/example_branch_python_dop_operator_3.py
[2024-06-15 10:31:53,640] {processor.py:641} INFO - Processing file /home/airflow/.local/lib/python3.7/site-packages/airflow/example_dags/example_branch_python_dop_operator_3.py for tasks to queue
[2024-06-15 10:31:53,641] {logging_mixin.py:115} INFO - [2024-06-15 10:31:53,641] {dagbag.py:507} INFO - Filling up the DagBag from /home/airflow/.local/lib/python3.7/site-packages/airflow/example_dags/example_branch_python_dop_operator_3.py
[2024-06-15 10:31:53,651] {processor.py:651} INFO - DAG(s) dict_keys(['example_branch_dop_operator_v3']) retrieved from /home/airflow/.local/lib/python3.7/site-packages/airflow/example_dags/example_branch_python_dop_operator_3.py
[2024-06-15 10:31:53,680] {logging_mixin.py:115} INFO - [2024-06-15 10:31:53,680] {dag.py:2371} INFO - Sync 1 DAGs
[2024-06-15 10:31:53,832] {logging_mixin.py:115} INFO - [2024-06-15 10:31:53,832] {dag.py:2919} INFO - Setting next_dagrun for example_branch_dop_operator_v3 to 2024-06-15T10:30:00+00:00, run_after=2024-06-15T10:31:00+00:00
[2024-06-15 10:31:53,859] {processor.py:161} INFO - Processing /home/airflow/.local/lib/python3.7/site-packages/airflow/example_dags/example_branch_python_dop_operator_3.py took 0.223 seconds
[2024-06-15 10:32:24,599] {processor.py:153} INFO - Started process (PID=309) to work on /home/airflow/.local/lib/python3.7/site-packages/airflow/example_dags/example_branch_python_dop_operator_3.py
[2024-06-15 10:32:24,600] {processor.py:641} INFO - Processing file /home/airflow/.local/lib/python3.7/site-packages/airflow/example_dags/example_branch_python_dop_operator_3.py for tasks to queue
[2024-06-15 10:32:24,601] {logging_mixin.py:115} INFO - [2024-06-15 10:32:24,601] {dagbag.py:507} INFO - Filling up the DagBag from /home/airflow/.local/lib/python3.7/site-packages/airflow/example_dags/example_branch_python_dop_operator_3.py
[2024-06-15 10:32:24,612] {processor.py:651} INFO - DAG(s) dict_keys(['example_branch_dop_operator_v3']) retrieved from /home/airflow/.local/lib/python3.7/site-packages/airflow/example_dags/example_branch_python_dop_operator_3.py
[2024-06-15 10:32:24,642] {logging_mixin.py:115} INFO - [2024-06-15 10:32:24,642] {dag.py:2371} INFO - Sync 1 DAGs
[2024-06-15 10:32:24,800] {logging_mixin.py:115} INFO - [2024-06-15 10:32:24,800] {dag.py:2919} INFO - Setting next_dagrun for example_branch_dop_operator_v3 to 2024-06-15T10:31:00+00:00, run_after=2024-06-15T10:32:00+00:00
[2024-06-15 10:32:24,815] {processor.py:161} INFO - Processing /home/airflow/.local/lib/python3.7/site-packages/airflow/example_dags/example_branch_python_dop_operator_3.py took 0.220 seconds
[2024-06-15 10:32:55,435] {processor.py:153} INFO - Started process (PID=364) to work on /home/airflow/.local/lib/python3.7/site-packages/airflow/example_dags/example_branch_python_dop_operator_3.py
[2024-06-15 10:32:55,436] {processor.py:641} INFO - Processing file /home/airflow/.local/lib/python3.7/site-packages/airflow/example_dags/example_branch_python_dop_operator_3.py for tasks to queue
[2024-06-15 10:32:55,437] {logging_mixin.py:115} INFO - [2024-06-15 10:32:55,437] {dagbag.py:507} INFO - Filling up the DagBag from /home/airflow/.local/lib/python3.7/site-packages/airflow/example_dags/example_branch_python_dop_operator_3.py
[2024-06-15 10:32:55,448] {processor.py:651} INFO - DAG(s) dict_keys(['example_branch_dop_operator_v3']) retrieved from /home/airflow/.local/lib/python3.7/site-packages/airflow/example_dags/example_branch_python_dop_operator_3.py
[2024-06-15 10:32:55,478] {logging_mixin.py:115} INFO - [2024-06-15 10:32:55,478] {dag.py:2371} INFO - Sync 1 DAGs
[2024-06-15 10:32:55,646] {logging_mixin.py:115} INFO - [2024-06-15 10:32:55,645] {dag.py:2919} INFO - Setting next_dagrun for example_branch_dop_operator_v3 to 2024-06-15T10:31:00+00:00, run_after=2024-06-15T10:32:00+00:00
[2024-06-15 10:32:55,665] {processor.py:161} INFO - Processing /home/airflow/.local/lib/python3.7/site-packages/airflow/example_dags/example_branch_python_dop_operator_3.py took 0.233 seconds
[2024-06-15 10:33:26,344] {processor.py:153} INFO - Started process (PID=429) to work on /home/airflow/.local/lib/python3.7/site-packages/airflow/example_dags/example_branch_python_dop_operator_3.py
[2024-06-15 10:33:26,346] {processor.py:641} INFO - Processing file /home/airflow/.local/lib/python3.7/site-packages/airflow/example_dags/example_branch_python_dop_operator_3.py for tasks to queue
[2024-06-15 10:33:26,347] {logging_mixin.py:115} INFO - [2024-06-15 10:33:26,347] {dagbag.py:507} INFO - Filling up the DagBag from /home/airflow/.local/lib/python3.7/site-packages/airflow/example_dags/example_branch_python_dop_operator_3.py
[2024-06-15 10:33:26,358] {processor.py:651} INFO - DAG(s) dict_keys(['example_branch_dop_operator_v3']) retrieved from /home/airflow/.local/lib/python3.7/site-packages/airflow/example_dags/example_branch_python_dop_operator_3.py
[2024-06-15 10:33:26,388] {logging_mixin.py:115} INFO - [2024-06-15 10:33:26,388] {dag.py:2371} INFO - Sync 1 DAGs
[2024-06-15 10:33:26,554] {logging_mixin.py:115} INFO - [2024-06-15 10:33:26,554] {dag.py:2919} INFO - Setting next_dagrun for example_branch_dop_operator_v3 to 2024-06-15T10:32:00+00:00, run_after=2024-06-15T10:33:00+00:00
[2024-06-15 10:33:26,571] {processor.py:161} INFO - Processing /home/airflow/.local/lib/python3.7/site-packages/airflow/example_dags/example_branch_python_dop_operator_3.py took 0.231 seconds
