[2024-06-15 10:30:43,421] {processor.py:153} INFO - Started process (PID=103) to work on /home/airflow/.local/lib/python3.7/site-packages/airflow/example_dags/example_branch_labels.py
[2024-06-15 10:30:43,422] {processor.py:641} INFO - Processing file /home/airflow/.local/lib/python3.7/site-packages/airflow/example_dags/example_branch_labels.py for tasks to queue
[2024-06-15 10:30:43,422] {logging_mixin.py:115} INFO - [2024-06-15 10:30:43,422] {dagbag.py:507} INFO - Filling up the DagBag from /home/airflow/.local/lib/python3.7/site-packages/airflow/example_dags/example_branch_labels.py
[2024-06-15 10:30:43,434] {processor.py:651} INFO - DAG(s) dict_keys(['example_branch_labels']) retrieved from /home/airflow/.local/lib/python3.7/site-packages/airflow/example_dags/example_branch_labels.py
[2024-06-15 10:30:49,010] {logging_mixin.py:115} INFO - [2024-06-15 10:30:49,010] {manager.py:508} INFO - Created Permission View: can read on DAG:example_branch_labels
[2024-06-15 10:30:49,065] {logging_mixin.py:115} INFO - [2024-06-15 10:30:49,065] {manager.py:508} INFO - Created Permission View: can delete on DAG:example_branch_labels
[2024-06-15 10:30:49,126] {logging_mixin.py:115} INFO - [2024-06-15 10:30:49,126] {manager.py:508} INFO - Created Permission View: can edit on DAG:example_branch_labels
[2024-06-15 10:30:49,127] {logging_mixin.py:115} INFO - [2024-06-15 10:30:49,127] {dag.py:2371} INFO - Sync 1 DAGs
[2024-06-15 10:30:49,138] {logging_mixin.py:115} INFO - [2024-06-15 10:30:49,138] {dag.py:2390} INFO - Creating ORM DAG for example_branch_labels
[2024-06-15 10:30:49,153] {logging_mixin.py:115} INFO - [2024-06-15 10:30:49,153] {dag.py:2919} INFO - Setting next_dagrun for example_branch_labels to 2024-06-14T00:00:00+00:00, run_after=2024-06-15T00:00:00+00:00
[2024-06-15 10:30:49,205] {processor.py:161} INFO - Processing /home/airflow/.local/lib/python3.7/site-packages/airflow/example_dags/example_branch_labels.py took 5.788 seconds
[2024-06-15 10:31:19,418] {processor.py:153} INFO - Started process (PID=168) to work on /home/airflow/.local/lib/python3.7/site-packages/airflow/example_dags/example_branch_labels.py
[2024-06-15 10:31:19,420] {processor.py:641} INFO - Processing file /home/airflow/.local/lib/python3.7/site-packages/airflow/example_dags/example_branch_labels.py for tasks to queue
[2024-06-15 10:31:19,421] {logging_mixin.py:115} INFO - [2024-06-15 10:31:19,421] {dagbag.py:507} INFO - Filling up the DagBag from /home/airflow/.local/lib/python3.7/site-packages/airflow/example_dags/example_branch_labels.py
[2024-06-15 10:31:19,432] {processor.py:651} INFO - DAG(s) dict_keys(['example_branch_labels']) retrieved from /home/airflow/.local/lib/python3.7/site-packages/airflow/example_dags/example_branch_labels.py
[2024-06-15 10:31:19,466] {logging_mixin.py:115} INFO - [2024-06-15 10:31:19,465] {dag.py:2371} INFO - Sync 1 DAGs
[2024-06-15 10:31:19,676] {logging_mixin.py:115} INFO - [2024-06-15 10:31:19,676] {dag.py:2919} INFO - Setting next_dagrun for example_branch_labels to 2024-06-14T00:00:00+00:00, run_after=2024-06-15T00:00:00+00:00
[2024-06-15 10:31:19,920] {processor.py:161} INFO - Processing /home/airflow/.local/lib/python3.7/site-packages/airflow/example_dags/example_branch_labels.py took 0.505 seconds
[2024-06-15 10:31:50,034] {processor.py:153} INFO - Started process (PID=233) to work on /home/airflow/.local/lib/python3.7/site-packages/airflow/example_dags/example_branch_labels.py
[2024-06-15 10:31:50,035] {processor.py:641} INFO - Processing file /home/airflow/.local/lib/python3.7/site-packages/airflow/example_dags/example_branch_labels.py for tasks to queue
[2024-06-15 10:31:50,035] {logging_mixin.py:115} INFO - [2024-06-15 10:31:50,035] {dagbag.py:507} INFO - Filling up the DagBag from /home/airflow/.local/lib/python3.7/site-packages/airflow/example_dags/example_branch_labels.py
[2024-06-15 10:31:50,043] {processor.py:651} INFO - DAG(s) dict_keys(['example_branch_labels']) retrieved from /home/airflow/.local/lib/python3.7/site-packages/airflow/example_dags/example_branch_labels.py
[2024-06-15 10:31:50,077] {logging_mixin.py:115} INFO - [2024-06-15 10:31:50,077] {dag.py:2371} INFO - Sync 1 DAGs
[2024-06-15 10:31:50,234] {logging_mixin.py:115} INFO - [2024-06-15 10:31:50,234] {dag.py:2919} INFO - Setting next_dagrun for example_branch_labels to 2024-06-14T00:00:00+00:00, run_after=2024-06-15T00:00:00+00:00
[2024-06-15 10:31:50,248] {processor.py:161} INFO - Processing /home/airflow/.local/lib/python3.7/site-packages/airflow/example_dags/example_branch_labels.py took 0.218 seconds
[2024-06-15 10:32:20,482] {processor.py:153} INFO - Started process (PID=287) to work on /home/airflow/.local/lib/python3.7/site-packages/airflow/example_dags/example_branch_labels.py
[2024-06-15 10:32:20,483] {processor.py:641} INFO - Processing file /home/airflow/.local/lib/python3.7/site-packages/airflow/example_dags/example_branch_labels.py for tasks to queue
[2024-06-15 10:32:20,484] {logging_mixin.py:115} INFO - [2024-06-15 10:32:20,484] {dagbag.py:507} INFO - Filling up the DagBag from /home/airflow/.local/lib/python3.7/site-packages/airflow/example_dags/example_branch_labels.py
[2024-06-15 10:32:20,491] {processor.py:651} INFO - DAG(s) dict_keys(['example_branch_labels']) retrieved from /home/airflow/.local/lib/python3.7/site-packages/airflow/example_dags/example_branch_labels.py
[2024-06-15 10:32:20,525] {logging_mixin.py:115} INFO - [2024-06-15 10:32:20,525] {dag.py:2371} INFO - Sync 1 DAGs
[2024-06-15 10:32:20,690] {logging_mixin.py:115} INFO - [2024-06-15 10:32:20,690] {dag.py:2919} INFO - Setting next_dagrun for example_branch_labels to 2024-06-14T00:00:00+00:00, run_after=2024-06-15T00:00:00+00:00
[2024-06-15 10:32:20,708] {processor.py:161} INFO - Processing /home/airflow/.local/lib/python3.7/site-packages/airflow/example_dags/example_branch_labels.py took 0.230 seconds
[2024-06-15 10:32:51,406] {processor.py:153} INFO - Started process (PID=354) to work on /home/airflow/.local/lib/python3.7/site-packages/airflow/example_dags/example_branch_labels.py
[2024-06-15 10:32:51,407] {processor.py:641} INFO - Processing file /home/airflow/.local/lib/python3.7/site-packages/airflow/example_dags/example_branch_labels.py for tasks to queue
[2024-06-15 10:32:51,408] {logging_mixin.py:115} INFO - [2024-06-15 10:32:51,408] {dagbag.py:507} INFO - Filling up the DagBag from /home/airflow/.local/lib/python3.7/site-packages/airflow/example_dags/example_branch_labels.py
[2024-06-15 10:32:51,415] {processor.py:651} INFO - DAG(s) dict_keys(['example_branch_labels']) retrieved from /home/airflow/.local/lib/python3.7/site-packages/airflow/example_dags/example_branch_labels.py
[2024-06-15 10:32:51,448] {logging_mixin.py:115} INFO - [2024-06-15 10:32:51,448] {dag.py:2371} INFO - Sync 1 DAGs
[2024-06-15 10:32:51,615] {logging_mixin.py:115} INFO - [2024-06-15 10:32:51,615] {dag.py:2919} INFO - Setting next_dagrun for example_branch_labels to 2024-06-14T00:00:00+00:00, run_after=2024-06-15T00:00:00+00:00
[2024-06-15 10:32:51,637] {processor.py:161} INFO - Processing /home/airflow/.local/lib/python3.7/site-packages/airflow/example_dags/example_branch_labels.py took 0.235 seconds
[2024-06-15 10:33:21,728] {processor.py:153} INFO - Started process (PID=419) to work on /home/airflow/.local/lib/python3.7/site-packages/airflow/example_dags/example_branch_labels.py
[2024-06-15 10:33:21,729] {processor.py:641} INFO - Processing file /home/airflow/.local/lib/python3.7/site-packages/airflow/example_dags/example_branch_labels.py for tasks to queue
[2024-06-15 10:33:21,730] {logging_mixin.py:115} INFO - [2024-06-15 10:33:21,730] {dagbag.py:507} INFO - Filling up the DagBag from /home/airflow/.local/lib/python3.7/site-packages/airflow/example_dags/example_branch_labels.py
[2024-06-15 10:33:21,738] {processor.py:651} INFO - DAG(s) dict_keys(['example_branch_labels']) retrieved from /home/airflow/.local/lib/python3.7/site-packages/airflow/example_dags/example_branch_labels.py
[2024-06-15 10:33:21,773] {logging_mixin.py:115} INFO - [2024-06-15 10:33:21,773] {dag.py:2371} INFO - Sync 1 DAGs
[2024-06-15 10:33:22,265] {logging_mixin.py:115} INFO - [2024-06-15 10:33:22,265] {dag.py:2919} INFO - Setting next_dagrun for example_branch_labels to 2024-06-14T00:00:00+00:00, run_after=2024-06-15T00:00:00+00:00
[2024-06-15 10:33:22,312] {processor.py:161} INFO - Processing /home/airflow/.local/lib/python3.7/site-packages/airflow/example_dags/example_branch_labels.py took 0.588 seconds
