[2024-06-15 10:30:21,482] {processor.py:153} INFO - Started process (PID=76) to work on /home/airflow/.local/lib/python3.7/site-packages/airflow/example_dags/example_trigger_target_dag.py
[2024-06-15 10:30:21,629] {processor.py:641} INFO - Processing file /home/airflow/.local/lib/python3.7/site-packages/airflow/example_dags/example_trigger_target_dag.py for tasks to queue
[2024-06-15 10:30:21,630] {logging_mixin.py:115} INFO - [2024-06-15 10:30:21,630] {dagbag.py:507} INFO - Filling up the DagBag from /home/airflow/.local/lib/python3.7/site-packages/airflow/example_dags/example_trigger_target_dag.py
[2024-06-15 10:30:21,657] {processor.py:651} INFO - DAG(s) dict_keys(['example_trigger_target_dag']) retrieved from /home/airflow/.local/lib/python3.7/site-packages/airflow/example_dags/example_trigger_target_dag.py
[2024-06-15 10:30:31,718] {logging_mixin.py:115} INFO - [2024-06-15 10:30:31,718] {manager.py:508} INFO - Created Permission View: can read on DAG:example_trigger_target_dag
[2024-06-15 10:30:31,956] {logging_mixin.py:115} INFO - [2024-06-15 10:30:31,956] {manager.py:508} INFO - Created Permission View: can delete on DAG:example_trigger_target_dag
[2024-06-15 10:30:32,886] {logging_mixin.py:115} INFO - [2024-06-15 10:30:32,886] {manager.py:508} INFO - Created Permission View: can edit on DAG:example_trigger_target_dag
[2024-06-15 10:30:32,887] {logging_mixin.py:115} INFO - [2024-06-15 10:30:32,887] {dag.py:2371} INFO - Sync 1 DAGs
[2024-06-15 10:30:32,896] {logging_mixin.py:115} INFO - [2024-06-15 10:30:32,896] {dag.py:2390} INFO - Creating ORM DAG for example_trigger_target_dag
[2024-06-15 10:30:32,909] {logging_mixin.py:115} INFO - [2024-06-15 10:30:32,909] {dag.py:2919} INFO - Setting next_dagrun for example_trigger_target_dag to None, run_after=None
[2024-06-15 10:30:35,847] {processor.py:161} INFO - Processing /home/airflow/.local/lib/python3.7/site-packages/airflow/example_dags/example_trigger_target_dag.py took 14.371 seconds
[2024-06-15 10:31:06,197] {processor.py:153} INFO - Started process (PID=150) to work on /home/airflow/.local/lib/python3.7/site-packages/airflow/example_dags/example_trigger_target_dag.py
[2024-06-15 10:31:06,198] {processor.py:641} INFO - Processing file /home/airflow/.local/lib/python3.7/site-packages/airflow/example_dags/example_trigger_target_dag.py for tasks to queue
[2024-06-15 10:31:06,199] {logging_mixin.py:115} INFO - [2024-06-15 10:31:06,199] {dagbag.py:507} INFO - Filling up the DagBag from /home/airflow/.local/lib/python3.7/site-packages/airflow/example_dags/example_trigger_target_dag.py
[2024-06-15 10:31:06,218] {processor.py:651} INFO - DAG(s) dict_keys(['example_trigger_target_dag']) retrieved from /home/airflow/.local/lib/python3.7/site-packages/airflow/example_dags/example_trigger_target_dag.py
[2024-06-15 10:31:06,251] {logging_mixin.py:115} INFO - [2024-06-15 10:31:06,251] {dag.py:2371} INFO - Sync 1 DAGs
[2024-06-15 10:31:06,433] {logging_mixin.py:115} INFO - [2024-06-15 10:31:06,433] {dag.py:2919} INFO - Setting next_dagrun for example_trigger_target_dag to None, run_after=None
[2024-06-15 10:31:08,101] {processor.py:161} INFO - Processing /home/airflow/.local/lib/python3.7/site-packages/airflow/example_dags/example_trigger_target_dag.py took 1.908 seconds
[2024-06-15 10:31:38,152] {processor.py:153} INFO - Started process (PID=217) to work on /home/airflow/.local/lib/python3.7/site-packages/airflow/example_dags/example_trigger_target_dag.py
[2024-06-15 10:31:38,154] {processor.py:641} INFO - Processing file /home/airflow/.local/lib/python3.7/site-packages/airflow/example_dags/example_trigger_target_dag.py for tasks to queue
[2024-06-15 10:31:38,155] {logging_mixin.py:115} INFO - [2024-06-15 10:31:38,154] {dagbag.py:507} INFO - Filling up the DagBag from /home/airflow/.local/lib/python3.7/site-packages/airflow/example_dags/example_trigger_target_dag.py
[2024-06-15 10:31:38,174] {processor.py:651} INFO - DAG(s) dict_keys(['example_trigger_target_dag']) retrieved from /home/airflow/.local/lib/python3.7/site-packages/airflow/example_dags/example_trigger_target_dag.py
[2024-06-15 10:31:38,207] {logging_mixin.py:115} INFO - [2024-06-15 10:31:38,207] {dag.py:2371} INFO - Sync 1 DAGs
[2024-06-15 10:31:38,357] {logging_mixin.py:115} INFO - [2024-06-15 10:31:38,357] {dag.py:2919} INFO - Setting next_dagrun for example_trigger_target_dag to None, run_after=None
[2024-06-15 10:31:38,373] {processor.py:161} INFO - Processing /home/airflow/.local/lib/python3.7/site-packages/airflow/example_dags/example_trigger_target_dag.py took 0.225 seconds
[2024-06-15 10:32:08,451] {processor.py:153} INFO - Started process (PID=271) to work on /home/airflow/.local/lib/python3.7/site-packages/airflow/example_dags/example_trigger_target_dag.py
[2024-06-15 10:32:08,452] {processor.py:641} INFO - Processing file /home/airflow/.local/lib/python3.7/site-packages/airflow/example_dags/example_trigger_target_dag.py for tasks to queue
[2024-06-15 10:32:08,453] {logging_mixin.py:115} INFO - [2024-06-15 10:32:08,452] {dagbag.py:507} INFO - Filling up the DagBag from /home/airflow/.local/lib/python3.7/site-packages/airflow/example_dags/example_trigger_target_dag.py
[2024-06-15 10:32:08,481] {processor.py:651} INFO - DAG(s) dict_keys(['example_trigger_target_dag']) retrieved from /home/airflow/.local/lib/python3.7/site-packages/airflow/example_dags/example_trigger_target_dag.py
[2024-06-15 10:32:08,556] {logging_mixin.py:115} INFO - [2024-06-15 10:32:08,556] {dag.py:2371} INFO - Sync 1 DAGs
[2024-06-15 10:32:08,768] {logging_mixin.py:115} INFO - [2024-06-15 10:32:08,768] {dag.py:2919} INFO - Setting next_dagrun for example_trigger_target_dag to None, run_after=None
[2024-06-15 10:32:08,786] {processor.py:161} INFO - Processing /home/airflow/.local/lib/python3.7/site-packages/airflow/example_dags/example_trigger_target_dag.py took 0.339 seconds
[2024-06-15 10:32:39,781] {processor.py:153} INFO - Started process (PID=336) to work on /home/airflow/.local/lib/python3.7/site-packages/airflow/example_dags/example_trigger_target_dag.py
[2024-06-15 10:32:39,782] {processor.py:641} INFO - Processing file /home/airflow/.local/lib/python3.7/site-packages/airflow/example_dags/example_trigger_target_dag.py for tasks to queue
[2024-06-15 10:32:39,783] {logging_mixin.py:115} INFO - [2024-06-15 10:32:39,783] {dagbag.py:507} INFO - Filling up the DagBag from /home/airflow/.local/lib/python3.7/site-packages/airflow/example_dags/example_trigger_target_dag.py
[2024-06-15 10:32:39,803] {processor.py:651} INFO - DAG(s) dict_keys(['example_trigger_target_dag']) retrieved from /home/airflow/.local/lib/python3.7/site-packages/airflow/example_dags/example_trigger_target_dag.py
[2024-06-15 10:32:39,846] {logging_mixin.py:115} INFO - [2024-06-15 10:32:39,846] {dag.py:2371} INFO - Sync 1 DAGs
[2024-06-15 10:32:40,026] {logging_mixin.py:115} INFO - [2024-06-15 10:32:40,026] {dag.py:2919} INFO - Setting next_dagrun for example_trigger_target_dag to None, run_after=None
[2024-06-15 10:32:40,041] {processor.py:161} INFO - Processing /home/airflow/.local/lib/python3.7/site-packages/airflow/example_dags/example_trigger_target_dag.py took 0.265 seconds
[2024-06-15 10:33:10,239] {processor.py:153} INFO - Started process (PID=399) to work on /home/airflow/.local/lib/python3.7/site-packages/airflow/example_dags/example_trigger_target_dag.py
[2024-06-15 10:33:10,240] {processor.py:641} INFO - Processing file /home/airflow/.local/lib/python3.7/site-packages/airflow/example_dags/example_trigger_target_dag.py for tasks to queue
[2024-06-15 10:33:10,241] {logging_mixin.py:115} INFO - [2024-06-15 10:33:10,241] {dagbag.py:507} INFO - Filling up the DagBag from /home/airflow/.local/lib/python3.7/site-packages/airflow/example_dags/example_trigger_target_dag.py
[2024-06-15 10:33:10,260] {processor.py:651} INFO - DAG(s) dict_keys(['example_trigger_target_dag']) retrieved from /home/airflow/.local/lib/python3.7/site-packages/airflow/example_dags/example_trigger_target_dag.py
[2024-06-15 10:33:10,293] {logging_mixin.py:115} INFO - [2024-06-15 10:33:10,293] {dag.py:2371} INFO - Sync 1 DAGs
[2024-06-15 10:33:10,444] {logging_mixin.py:115} INFO - [2024-06-15 10:33:10,444] {dag.py:2919} INFO - Setting next_dagrun for example_trigger_target_dag to None, run_after=None
[2024-06-15 10:33:10,464] {processor.py:161} INFO - Processing /home/airflow/.local/lib/python3.7/site-packages/airflow/example_dags/example_trigger_target_dag.py took 0.228 seconds
