[2024-06-15 10:30:11,488] {processor.py:153} INFO - Started process (PID=74) to work on /home/airflow/.local/lib/python3.7/site-packages/airflow/example_dags/example_task_group_decorator.py
[2024-06-15 10:30:11,500] {processor.py:641} INFO - Processing file /home/airflow/.local/lib/python3.7/site-packages/airflow/example_dags/example_task_group_decorator.py for tasks to queue
[2024-06-15 10:30:11,504] {logging_mixin.py:115} INFO - [2024-06-15 10:30:11,504] {dagbag.py:507} INFO - Filling up the DagBag from /home/airflow/.local/lib/python3.7/site-packages/airflow/example_dags/example_task_group_decorator.py
[2024-06-15 10:30:11,650] {processor.py:651} INFO - DAG(s) dict_keys(['example_task_group_decorator']) retrieved from /home/airflow/.local/lib/python3.7/site-packages/airflow/example_dags/example_task_group_decorator.py
[2024-06-15 10:30:11,989] {logging_mixin.py:115} INFO - [2024-06-15 10:30:11,989] {manager.py:508} INFO - Created Permission View: can read on DAG:example_task_group_decorator
[2024-06-15 10:30:12,292] {logging_mixin.py:115} INFO - [2024-06-15 10:30:12,292] {manager.py:508} INFO - Created Permission View: can delete on DAG:example_task_group_decorator
[2024-06-15 10:30:12,831] {logging_mixin.py:115} INFO - [2024-06-15 10:30:12,831] {manager.py:508} INFO - Created Permission View: can edit on DAG:example_task_group_decorator
[2024-06-15 10:30:12,832] {logging_mixin.py:115} INFO - [2024-06-15 10:30:12,832] {dag.py:2371} INFO - Sync 1 DAGs
[2024-06-15 10:30:12,844] {logging_mixin.py:115} INFO - [2024-06-15 10:30:12,844] {dag.py:2390} INFO - Creating ORM DAG for example_task_group_decorator
[2024-06-15 10:30:12,875] {logging_mixin.py:115} INFO - [2024-06-15 10:30:12,875] {dag.py:2919} INFO - Setting next_dagrun for example_task_group_decorator to 2024-06-14T10:30:12.875202+00:00, run_after=2024-06-15T10:30:12.875202+00:00
[2024-06-15 10:30:21,453] {processor.py:161} INFO - Processing /home/airflow/.local/lib/python3.7/site-packages/airflow/example_dags/example_task_group_decorator.py took 9.971 seconds
[2024-06-15 10:30:54,796] {processor.py:153} INFO - Started process (PID=138) to work on /home/airflow/.local/lib/python3.7/site-packages/airflow/example_dags/example_task_group_decorator.py
[2024-06-15 10:30:54,797] {processor.py:641} INFO - Processing file /home/airflow/.local/lib/python3.7/site-packages/airflow/example_dags/example_task_group_decorator.py for tasks to queue
[2024-06-15 10:30:54,798] {logging_mixin.py:115} INFO - [2024-06-15 10:30:54,798] {dagbag.py:507} INFO - Filling up the DagBag from /home/airflow/.local/lib/python3.7/site-packages/airflow/example_dags/example_task_group_decorator.py
[2024-06-15 10:30:54,840] {processor.py:651} INFO - DAG(s) dict_keys(['example_task_group_decorator']) retrieved from /home/airflow/.local/lib/python3.7/site-packages/airflow/example_dags/example_task_group_decorator.py
[2024-06-15 10:30:55,060] {logging_mixin.py:115} INFO - [2024-06-15 10:30:55,060] {dag.py:2371} INFO - Sync 1 DAGs
[2024-06-15 10:30:55,078] {logging_mixin.py:115} INFO - [2024-06-15 10:30:55,078] {dag.py:2919} INFO - Setting next_dagrun for example_task_group_decorator to 2024-06-14T10:30:55.078463+00:00, run_after=2024-06-15T10:30:55.078463+00:00
[2024-06-15 10:30:55,099] {processor.py:161} INFO - Processing /home/airflow/.local/lib/python3.7/site-packages/airflow/example_dags/example_task_group_decorator.py took 0.307 seconds
[2024-06-15 10:31:25,588] {processor.py:153} INFO - Started process (PID=206) to work on /home/airflow/.local/lib/python3.7/site-packages/airflow/example_dags/example_task_group_decorator.py
[2024-06-15 10:31:25,589] {processor.py:641} INFO - Processing file /home/airflow/.local/lib/python3.7/site-packages/airflow/example_dags/example_task_group_decorator.py for tasks to queue
[2024-06-15 10:31:25,590] {logging_mixin.py:115} INFO - [2024-06-15 10:31:25,590] {dagbag.py:507} INFO - Filling up the DagBag from /home/airflow/.local/lib/python3.7/site-packages/airflow/example_dags/example_task_group_decorator.py
[2024-06-15 10:31:25,621] {processor.py:651} INFO - DAG(s) dict_keys(['example_task_group_decorator']) retrieved from /home/airflow/.local/lib/python3.7/site-packages/airflow/example_dags/example_task_group_decorator.py
[2024-06-15 10:31:25,854] {logging_mixin.py:115} INFO - [2024-06-15 10:31:25,854] {dag.py:2371} INFO - Sync 1 DAGs
[2024-06-15 10:31:25,883] {logging_mixin.py:115} INFO - [2024-06-15 10:31:25,883] {dag.py:2919} INFO - Setting next_dagrun for example_task_group_decorator to 2024-06-14T10:31:25.882771+00:00, run_after=2024-06-15T10:31:25.882771+00:00
[2024-06-15 10:31:25,904] {processor.py:161} INFO - Processing /home/airflow/.local/lib/python3.7/site-packages/airflow/example_dags/example_task_group_decorator.py took 0.320 seconds
[2024-06-15 10:31:56,010] {processor.py:153} INFO - Started process (PID=260) to work on /home/airflow/.local/lib/python3.7/site-packages/airflow/example_dags/example_task_group_decorator.py
[2024-06-15 10:31:56,010] {processor.py:641} INFO - Processing file /home/airflow/.local/lib/python3.7/site-packages/airflow/example_dags/example_task_group_decorator.py for tasks to queue
[2024-06-15 10:31:56,011] {logging_mixin.py:115} INFO - [2024-06-15 10:31:56,011] {dagbag.py:507} INFO - Filling up the DagBag from /home/airflow/.local/lib/python3.7/site-packages/airflow/example_dags/example_task_group_decorator.py
[2024-06-15 10:31:56,049] {processor.py:651} INFO - DAG(s) dict_keys(['example_task_group_decorator']) retrieved from /home/airflow/.local/lib/python3.7/site-packages/airflow/example_dags/example_task_group_decorator.py
[2024-06-15 10:31:56,298] {logging_mixin.py:115} INFO - [2024-06-15 10:31:56,298] {dag.py:2371} INFO - Sync 1 DAGs
[2024-06-15 10:31:56,321] {logging_mixin.py:115} INFO - [2024-06-15 10:31:56,320] {dag.py:2919} INFO - Setting next_dagrun for example_task_group_decorator to 2024-06-14T10:31:56.320260+00:00, run_after=2024-06-15T10:31:56.320260+00:00
[2024-06-15 10:31:56,342] {processor.py:161} INFO - Processing /home/airflow/.local/lib/python3.7/site-packages/airflow/example_dags/example_task_group_decorator.py took 0.336 seconds
[2024-06-15 10:32:27,305] {processor.py:153} INFO - Started process (PID=324) to work on /home/airflow/.local/lib/python3.7/site-packages/airflow/example_dags/example_task_group_decorator.py
[2024-06-15 10:32:27,305] {processor.py:641} INFO - Processing file /home/airflow/.local/lib/python3.7/site-packages/airflow/example_dags/example_task_group_decorator.py for tasks to queue
[2024-06-15 10:32:27,306] {logging_mixin.py:115} INFO - [2024-06-15 10:32:27,306] {dagbag.py:507} INFO - Filling up the DagBag from /home/airflow/.local/lib/python3.7/site-packages/airflow/example_dags/example_task_group_decorator.py
[2024-06-15 10:32:27,345] {processor.py:651} INFO - DAG(s) dict_keys(['example_task_group_decorator']) retrieved from /home/airflow/.local/lib/python3.7/site-packages/airflow/example_dags/example_task_group_decorator.py
[2024-06-15 10:32:27,578] {logging_mixin.py:115} INFO - [2024-06-15 10:32:27,578] {dag.py:2371} INFO - Sync 1 DAGs
[2024-06-15 10:32:27,610] {logging_mixin.py:115} INFO - [2024-06-15 10:32:27,610] {dag.py:2919} INFO - Setting next_dagrun for example_task_group_decorator to 2024-06-14T10:32:27.610053+00:00, run_after=2024-06-15T10:32:27.610053+00:00
[2024-06-15 10:32:27,634] {processor.py:161} INFO - Processing /home/airflow/.local/lib/python3.7/site-packages/airflow/example_dags/example_task_group_decorator.py took 0.333 seconds
[2024-06-15 10:32:57,850] {processor.py:153} INFO - Started process (PID=388) to work on /home/airflow/.local/lib/python3.7/site-packages/airflow/example_dags/example_task_group_decorator.py
[2024-06-15 10:32:57,850] {processor.py:641} INFO - Processing file /home/airflow/.local/lib/python3.7/site-packages/airflow/example_dags/example_task_group_decorator.py for tasks to queue
[2024-06-15 10:32:57,851] {logging_mixin.py:115} INFO - [2024-06-15 10:32:57,851] {dagbag.py:507} INFO - Filling up the DagBag from /home/airflow/.local/lib/python3.7/site-packages/airflow/example_dags/example_task_group_decorator.py
[2024-06-15 10:32:57,883] {processor.py:651} INFO - DAG(s) dict_keys(['example_task_group_decorator']) retrieved from /home/airflow/.local/lib/python3.7/site-packages/airflow/example_dags/example_task_group_decorator.py
[2024-06-15 10:32:58,103] {logging_mixin.py:115} INFO - [2024-06-15 10:32:58,103] {dag.py:2371} INFO - Sync 1 DAGs
[2024-06-15 10:32:58,125] {logging_mixin.py:115} INFO - [2024-06-15 10:32:58,125] {dag.py:2919} INFO - Setting next_dagrun for example_task_group_decorator to 2024-06-14T10:32:58.125216+00:00, run_after=2024-06-15T10:32:58.125216+00:00
[2024-06-15 10:32:58,146] {processor.py:161} INFO - Processing /home/airflow/.local/lib/python3.7/site-packages/airflow/example_dags/example_task_group_decorator.py took 0.300 seconds
[2024-06-15 10:33:28,464] {processor.py:153} INFO - Started process (PID=442) to work on /home/airflow/.local/lib/python3.7/site-packages/airflow/example_dags/example_task_group_decorator.py
[2024-06-15 10:33:28,467] {processor.py:641} INFO - Processing file /home/airflow/.local/lib/python3.7/site-packages/airflow/example_dags/example_task_group_decorator.py for tasks to queue
[2024-06-15 10:33:28,471] {logging_mixin.py:115} INFO - [2024-06-15 10:33:28,471] {dagbag.py:507} INFO - Filling up the DagBag from /home/airflow/.local/lib/python3.7/site-packages/airflow/example_dags/example_task_group_decorator.py
[2024-06-15 10:33:28,536] {processor.py:651} INFO - DAG(s) dict_keys(['example_task_group_decorator']) retrieved from /home/airflow/.local/lib/python3.7/site-packages/airflow/example_dags/example_task_group_decorator.py
[2024-06-15 10:33:28,817] {logging_mixin.py:115} INFO - [2024-06-15 10:33:28,817] {dag.py:2371} INFO - Sync 1 DAGs
[2024-06-15 10:33:28,840] {logging_mixin.py:115} INFO - [2024-06-15 10:33:28,840] {dag.py:2919} INFO - Setting next_dagrun for example_task_group_decorator to 2024-06-14T10:33:28.840321+00:00, run_after=2024-06-15T10:33:28.840321+00:00
[2024-06-15 10:33:28,861] {processor.py:161} INFO - Processing /home/airflow/.local/lib/python3.7/site-packages/airflow/example_dags/example_task_group_decorator.py took 0.402 seconds
