[2024-06-15 10:30:07,798] {processor.py:153} INFO - Started process (PID=57) to work on /home/airflow/.local/lib/python3.7/site-packages/airflow/example_dags/example_branch_datetime_operator.py
[2024-06-15 10:30:07,799] {processor.py:641} INFO - Processing file /home/airflow/.local/lib/python3.7/site-packages/airflow/example_dags/example_branch_datetime_operator.py for tasks to queue
[2024-06-15 10:30:07,800] {logging_mixin.py:115} INFO - [2024-06-15 10:30:07,800] {dagbag.py:507} INFO - Filling up the DagBag from /home/airflow/.local/lib/python3.7/site-packages/airflow/example_dags/example_branch_datetime_operator.py
[2024-06-15 10:30:07,828] {processor.py:651} INFO - DAG(s) dict_keys(['example_branch_datetime_operator_2']) retrieved from /home/airflow/.local/lib/python3.7/site-packages/airflow/example_dags/example_branch_datetime_operator.py
[2024-06-15 10:30:08,381] {logging_mixin.py:115} INFO - [2024-06-15 10:30:08,381] {manager.py:508} INFO - Created Permission View: can read on DAG:example_branch_datetime_operator_2
[2024-06-15 10:30:08,432] {logging_mixin.py:115} INFO - [2024-06-15 10:30:08,432] {manager.py:508} INFO - Created Permission View: can delete on DAG:example_branch_datetime_operator_2
[2024-06-15 10:30:08,461] {logging_mixin.py:115} INFO - [2024-06-15 10:30:08,461] {manager.py:508} INFO - Created Permission View: can edit on DAG:example_branch_datetime_operator_2
[2024-06-15 10:30:08,461] {logging_mixin.py:115} INFO - [2024-06-15 10:30:08,461] {dag.py:2371} INFO - Sync 1 DAGs
[2024-06-15 10:30:08,479] {logging_mixin.py:115} INFO - [2024-06-15 10:30:08,479] {dag.py:2390} INFO - Creating ORM DAG for example_branch_datetime_operator_2
[2024-06-15 10:30:08,528] {logging_mixin.py:115} INFO - [2024-06-15 10:30:08,528] {dag.py:2919} INFO - Setting next_dagrun for example_branch_datetime_operator_2 to 2024-06-14T00:00:00+00:00, run_after=2024-06-15T00:00:00+00:00
[2024-06-15 10:30:08,650] {processor.py:161} INFO - Processing /home/airflow/.local/lib/python3.7/site-packages/airflow/example_dags/example_branch_datetime_operator.py took 0.856 seconds
[2024-06-15 10:30:52,524] {processor.py:153} INFO - Started process (PID=130) to work on /home/airflow/.local/lib/python3.7/site-packages/airflow/example_dags/example_branch_datetime_operator.py
[2024-06-15 10:30:52,525] {processor.py:641} INFO - Processing file /home/airflow/.local/lib/python3.7/site-packages/airflow/example_dags/example_branch_datetime_operator.py for tasks to queue
[2024-06-15 10:30:52,541] {logging_mixin.py:115} INFO - [2024-06-15 10:30:52,541] {dagbag.py:507} INFO - Filling up the DagBag from /home/airflow/.local/lib/python3.7/site-packages/airflow/example_dags/example_branch_datetime_operator.py
[2024-06-15 10:30:52,569] {processor.py:651} INFO - DAG(s) dict_keys(['example_branch_datetime_operator_2']) retrieved from /home/airflow/.local/lib/python3.7/site-packages/airflow/example_dags/example_branch_datetime_operator.py
[2024-06-15 10:30:52,736] {logging_mixin.py:115} INFO - [2024-06-15 10:30:52,736] {dag.py:2371} INFO - Sync 1 DAGs
[2024-06-15 10:30:53,091] {logging_mixin.py:115} INFO - [2024-06-15 10:30:53,091] {dag.py:2919} INFO - Setting next_dagrun for example_branch_datetime_operator_2 to 2024-06-14T00:00:00+00:00, run_after=2024-06-15T00:00:00+00:00
[2024-06-15 10:30:53,130] {processor.py:161} INFO - Processing /home/airflow/.local/lib/python3.7/site-packages/airflow/example_dags/example_branch_datetime_operator.py took 0.612 seconds
[2024-06-15 10:31:24,515] {processor.py:153} INFO - Started process (PID=198) to work on /home/airflow/.local/lib/python3.7/site-packages/airflow/example_dags/example_branch_datetime_operator.py
[2024-06-15 10:31:24,516] {processor.py:641} INFO - Processing file /home/airflow/.local/lib/python3.7/site-packages/airflow/example_dags/example_branch_datetime_operator.py for tasks to queue
[2024-06-15 10:31:24,516] {logging_mixin.py:115} INFO - [2024-06-15 10:31:24,516] {dagbag.py:507} INFO - Filling up the DagBag from /home/airflow/.local/lib/python3.7/site-packages/airflow/example_dags/example_branch_datetime_operator.py
[2024-06-15 10:31:24,527] {processor.py:651} INFO - DAG(s) dict_keys(['example_branch_datetime_operator_2']) retrieved from /home/airflow/.local/lib/python3.7/site-packages/airflow/example_dags/example_branch_datetime_operator.py
[2024-06-15 10:31:24,564] {logging_mixin.py:115} INFO - [2024-06-15 10:31:24,564] {dag.py:2371} INFO - Sync 1 DAGs
[2024-06-15 10:31:24,725] {logging_mixin.py:115} INFO - [2024-06-15 10:31:24,725] {dag.py:2919} INFO - Setting next_dagrun for example_branch_datetime_operator_2 to 2024-06-14T00:00:00+00:00, run_after=2024-06-15T00:00:00+00:00
[2024-06-15 10:31:24,750] {processor.py:161} INFO - Processing /home/airflow/.local/lib/python3.7/site-packages/airflow/example_dags/example_branch_datetime_operator.py took 0.239 seconds
[2024-06-15 10:31:54,886] {processor.py:153} INFO - Started process (PID=252) to work on /home/airflow/.local/lib/python3.7/site-packages/airflow/example_dags/example_branch_datetime_operator.py
[2024-06-15 10:31:54,887] {processor.py:641} INFO - Processing file /home/airflow/.local/lib/python3.7/site-packages/airflow/example_dags/example_branch_datetime_operator.py for tasks to queue
[2024-06-15 10:31:54,888] {logging_mixin.py:115} INFO - [2024-06-15 10:31:54,887] {dagbag.py:507} INFO - Filling up the DagBag from /home/airflow/.local/lib/python3.7/site-packages/airflow/example_dags/example_branch_datetime_operator.py
[2024-06-15 10:31:54,897] {processor.py:651} INFO - DAG(s) dict_keys(['example_branch_datetime_operator_2']) retrieved from /home/airflow/.local/lib/python3.7/site-packages/airflow/example_dags/example_branch_datetime_operator.py
[2024-06-15 10:31:54,927] {logging_mixin.py:115} INFO - [2024-06-15 10:31:54,927] {dag.py:2371} INFO - Sync 1 DAGs
[2024-06-15 10:31:55,080] {logging_mixin.py:115} INFO - [2024-06-15 10:31:55,080] {dag.py:2919} INFO - Setting next_dagrun for example_branch_datetime_operator_2 to 2024-06-14T00:00:00+00:00, run_after=2024-06-15T00:00:00+00:00
[2024-06-15 10:31:55,096] {processor.py:161} INFO - Processing /home/airflow/.local/lib/python3.7/site-packages/airflow/example_dags/example_branch_datetime_operator.py took 0.214 seconds
[2024-06-15 10:32:25,384] {processor.py:153} INFO - Started process (PID=315) to work on /home/airflow/.local/lib/python3.7/site-packages/airflow/example_dags/example_branch_datetime_operator.py
[2024-06-15 10:32:25,385] {processor.py:641} INFO - Processing file /home/airflow/.local/lib/python3.7/site-packages/airflow/example_dags/example_branch_datetime_operator.py for tasks to queue
[2024-06-15 10:32:25,386] {logging_mixin.py:115} INFO - [2024-06-15 10:32:25,386] {dagbag.py:507} INFO - Filling up the DagBag from /home/airflow/.local/lib/python3.7/site-packages/airflow/example_dags/example_branch_datetime_operator.py
[2024-06-15 10:32:25,395] {processor.py:651} INFO - DAG(s) dict_keys(['example_branch_datetime_operator_2']) retrieved from /home/airflow/.local/lib/python3.7/site-packages/airflow/example_dags/example_branch_datetime_operator.py
[2024-06-15 10:32:25,424] {logging_mixin.py:115} INFO - [2024-06-15 10:32:25,424] {dag.py:2371} INFO - Sync 1 DAGs
[2024-06-15 10:32:25,624] {logging_mixin.py:115} INFO - [2024-06-15 10:32:25,624] {dag.py:2919} INFO - Setting next_dagrun for example_branch_datetime_operator_2 to 2024-06-14T00:00:00+00:00, run_after=2024-06-15T00:00:00+00:00
[2024-06-15 10:32:25,647] {processor.py:161} INFO - Processing /home/airflow/.local/lib/python3.7/site-packages/airflow/example_dags/example_branch_datetime_operator.py took 0.267 seconds
[2024-06-15 10:32:56,419] {processor.py:153} INFO - Started process (PID=370) to work on /home/airflow/.local/lib/python3.7/site-packages/airflow/example_dags/example_branch_datetime_operator.py
[2024-06-15 10:32:56,421] {processor.py:641} INFO - Processing file /home/airflow/.local/lib/python3.7/site-packages/airflow/example_dags/example_branch_datetime_operator.py for tasks to queue
[2024-06-15 10:32:56,426] {logging_mixin.py:115} INFO - [2024-06-15 10:32:56,426] {dagbag.py:507} INFO - Filling up the DagBag from /home/airflow/.local/lib/python3.7/site-packages/airflow/example_dags/example_branch_datetime_operator.py
[2024-06-15 10:32:56,438] {processor.py:651} INFO - DAG(s) dict_keys(['example_branch_datetime_operator_2']) retrieved from /home/airflow/.local/lib/python3.7/site-packages/airflow/example_dags/example_branch_datetime_operator.py
[2024-06-15 10:32:56,475] {logging_mixin.py:115} INFO - [2024-06-15 10:32:56,475] {dag.py:2371} INFO - Sync 1 DAGs
[2024-06-15 10:32:56,663] {logging_mixin.py:115} INFO - [2024-06-15 10:32:56,663] {dag.py:2919} INFO - Setting next_dagrun for example_branch_datetime_operator_2 to 2024-06-14T00:00:00+00:00, run_after=2024-06-15T00:00:00+00:00
[2024-06-15 10:32:56,696] {processor.py:161} INFO - Processing /home/airflow/.local/lib/python3.7/site-packages/airflow/example_dags/example_branch_datetime_operator.py took 0.281 seconds
[2024-06-15 10:33:27,045] {processor.py:153} INFO - Started process (PID=434) to work on /home/airflow/.local/lib/python3.7/site-packages/airflow/example_dags/example_branch_datetime_operator.py
[2024-06-15 10:33:27,046] {processor.py:641} INFO - Processing file /home/airflow/.local/lib/python3.7/site-packages/airflow/example_dags/example_branch_datetime_operator.py for tasks to queue
[2024-06-15 10:33:27,046] {logging_mixin.py:115} INFO - [2024-06-15 10:33:27,046] {dagbag.py:507} INFO - Filling up the DagBag from /home/airflow/.local/lib/python3.7/site-packages/airflow/example_dags/example_branch_datetime_operator.py
[2024-06-15 10:33:27,056] {processor.py:651} INFO - DAG(s) dict_keys(['example_branch_datetime_operator_2']) retrieved from /home/airflow/.local/lib/python3.7/site-packages/airflow/example_dags/example_branch_datetime_operator.py
[2024-06-15 10:33:27,087] {logging_mixin.py:115} INFO - [2024-06-15 10:33:27,087] {dag.py:2371} INFO - Sync 1 DAGs
[2024-06-15 10:33:27,255] {logging_mixin.py:115} INFO - [2024-06-15 10:33:27,255] {dag.py:2919} INFO - Setting next_dagrun for example_branch_datetime_operator_2 to 2024-06-14T00:00:00+00:00, run_after=2024-06-15T00:00:00+00:00
[2024-06-15 10:33:27,282] {processor.py:161} INFO - Processing /home/airflow/.local/lib/python3.7/site-packages/airflow/example_dags/example_branch_datetime_operator.py took 0.241 seconds
