[2024-06-15 10:30:02,851] {processor.py:153} INFO - Started process (PID=43) to work on /home/airflow/.local/lib/python3.7/site-packages/airflow/example_dags/example_nested_branch_dag.py
[2024-06-15 10:30:02,853] {processor.py:641} INFO - Processing file /home/airflow/.local/lib/python3.7/site-packages/airflow/example_dags/example_nested_branch_dag.py for tasks to queue
[2024-06-15 10:30:02,854] {logging_mixin.py:115} INFO - [2024-06-15 10:30:02,854] {dagbag.py:507} INFO - Filling up the DagBag from /home/airflow/.local/lib/python3.7/site-packages/airflow/example_dags/example_nested_branch_dag.py
[2024-06-15 10:30:02,893] {processor.py:651} INFO - DAG(s) dict_keys(['example_nested_branch_dag']) retrieved from /home/airflow/.local/lib/python3.7/site-packages/airflow/example_dags/example_nested_branch_dag.py
[2024-06-15 10:30:03,384] {logging_mixin.py:115} INFO - [2024-06-15 10:30:03,384] {manager.py:508} INFO - Created Permission View: can read on DAG:example_nested_branch_dag
[2024-06-15 10:30:03,405] {logging_mixin.py:115} INFO - [2024-06-15 10:30:03,405] {manager.py:508} INFO - Created Permission View: can delete on DAG:example_nested_branch_dag
[2024-06-15 10:30:03,420] {logging_mixin.py:115} INFO - [2024-06-15 10:30:03,419] {manager.py:508} INFO - Created Permission View: can edit on DAG:example_nested_branch_dag
[2024-06-15 10:30:03,420] {logging_mixin.py:115} INFO - [2024-06-15 10:30:03,420] {dag.py:2371} INFO - Sync 1 DAGs
[2024-06-15 10:30:03,429] {logging_mixin.py:115} INFO - [2024-06-15 10:30:03,428] {dag.py:2390} INFO - Creating ORM DAG for example_nested_branch_dag
[2024-06-15 10:30:03,443] {logging_mixin.py:115} INFO - [2024-06-15 10:30:03,443] {dag.py:2919} INFO - Setting next_dagrun for example_nested_branch_dag to 2024-06-14T00:00:00+00:00, run_after=2024-06-15T00:00:00+00:00
[2024-06-15 10:30:03,469] {processor.py:161} INFO - Processing /home/airflow/.local/lib/python3.7/site-packages/airflow/example_dags/example_nested_branch_dag.py took 0.622 seconds
[2024-06-15 10:30:49,290] {processor.py:153} INFO - Started process (PID=116) to work on /home/airflow/.local/lib/python3.7/site-packages/airflow/example_dags/example_nested_branch_dag.py
[2024-06-15 10:30:49,290] {processor.py:641} INFO - Processing file /home/airflow/.local/lib/python3.7/site-packages/airflow/example_dags/example_nested_branch_dag.py for tasks to queue
[2024-06-15 10:30:49,291] {logging_mixin.py:115} INFO - [2024-06-15 10:30:49,291] {dagbag.py:507} INFO - Filling up the DagBag from /home/airflow/.local/lib/python3.7/site-packages/airflow/example_dags/example_nested_branch_dag.py
[2024-06-15 10:30:49,304] {processor.py:651} INFO - DAG(s) dict_keys(['example_nested_branch_dag']) retrieved from /home/airflow/.local/lib/python3.7/site-packages/airflow/example_dags/example_nested_branch_dag.py
[2024-06-15 10:30:49,336] {logging_mixin.py:115} INFO - [2024-06-15 10:30:49,336] {dag.py:2371} INFO - Sync 1 DAGs
[2024-06-15 10:30:49,492] {logging_mixin.py:115} INFO - [2024-06-15 10:30:49,492] {dag.py:2919} INFO - Setting next_dagrun for example_nested_branch_dag to 2024-06-14T00:00:00+00:00, run_after=2024-06-15T00:00:00+00:00
[2024-06-15 10:30:49,804] {processor.py:161} INFO - Processing /home/airflow/.local/lib/python3.7/site-packages/airflow/example_dags/example_nested_branch_dag.py took 0.518 seconds
[2024-06-15 10:31:20,228] {processor.py:153} INFO - Started process (PID=172) to work on /home/airflow/.local/lib/python3.7/site-packages/airflow/example_dags/example_nested_branch_dag.py
[2024-06-15 10:31:20,229] {processor.py:641} INFO - Processing file /home/airflow/.local/lib/python3.7/site-packages/airflow/example_dags/example_nested_branch_dag.py for tasks to queue
[2024-06-15 10:31:20,230] {logging_mixin.py:115} INFO - [2024-06-15 10:31:20,230] {dagbag.py:507} INFO - Filling up the DagBag from /home/airflow/.local/lib/python3.7/site-packages/airflow/example_dags/example_nested_branch_dag.py
[2024-06-15 10:31:20,243] {processor.py:651} INFO - DAG(s) dict_keys(['example_nested_branch_dag']) retrieved from /home/airflow/.local/lib/python3.7/site-packages/airflow/example_dags/example_nested_branch_dag.py
[2024-06-15 10:31:20,278] {logging_mixin.py:115} INFO - [2024-06-15 10:31:20,278] {dag.py:2371} INFO - Sync 1 DAGs
[2024-06-15 10:31:20,464] {logging_mixin.py:115} INFO - [2024-06-15 10:31:20,464] {dag.py:2919} INFO - Setting next_dagrun for example_nested_branch_dag to 2024-06-14T00:00:00+00:00, run_after=2024-06-15T00:00:00+00:00
[2024-06-15 10:31:20,494] {processor.py:161} INFO - Processing /home/airflow/.local/lib/python3.7/site-packages/airflow/example_dags/example_nested_branch_dag.py took 0.270 seconds
[2024-06-15 10:31:50,546] {processor.py:153} INFO - Started process (PID=237) to work on /home/airflow/.local/lib/python3.7/site-packages/airflow/example_dags/example_nested_branch_dag.py
[2024-06-15 10:31:50,547] {processor.py:641} INFO - Processing file /home/airflow/.local/lib/python3.7/site-packages/airflow/example_dags/example_nested_branch_dag.py for tasks to queue
[2024-06-15 10:31:50,548] {logging_mixin.py:115} INFO - [2024-06-15 10:31:50,548] {dagbag.py:507} INFO - Filling up the DagBag from /home/airflow/.local/lib/python3.7/site-packages/airflow/example_dags/example_nested_branch_dag.py
[2024-06-15 10:31:50,559] {processor.py:651} INFO - DAG(s) dict_keys(['example_nested_branch_dag']) retrieved from /home/airflow/.local/lib/python3.7/site-packages/airflow/example_dags/example_nested_branch_dag.py
[2024-06-15 10:31:50,589] {logging_mixin.py:115} INFO - [2024-06-15 10:31:50,589] {dag.py:2371} INFO - Sync 1 DAGs
[2024-06-15 10:31:50,741] {logging_mixin.py:115} INFO - [2024-06-15 10:31:50,741] {dag.py:2919} INFO - Setting next_dagrun for example_nested_branch_dag to 2024-06-14T00:00:00+00:00, run_after=2024-06-15T00:00:00+00:00
[2024-06-15 10:31:50,759] {processor.py:161} INFO - Processing /home/airflow/.local/lib/python3.7/site-packages/airflow/example_dags/example_nested_branch_dag.py took 0.217 seconds
[2024-06-15 10:32:20,823] {processor.py:153} INFO - Started process (PID=291) to work on /home/airflow/.local/lib/python3.7/site-packages/airflow/example_dags/example_nested_branch_dag.py
[2024-06-15 10:32:20,824] {processor.py:641} INFO - Processing file /home/airflow/.local/lib/python3.7/site-packages/airflow/example_dags/example_nested_branch_dag.py for tasks to queue
[2024-06-15 10:32:20,825] {logging_mixin.py:115} INFO - [2024-06-15 10:32:20,825] {dagbag.py:507} INFO - Filling up the DagBag from /home/airflow/.local/lib/python3.7/site-packages/airflow/example_dags/example_nested_branch_dag.py
[2024-06-15 10:32:20,836] {processor.py:651} INFO - DAG(s) dict_keys(['example_nested_branch_dag']) retrieved from /home/airflow/.local/lib/python3.7/site-packages/airflow/example_dags/example_nested_branch_dag.py
[2024-06-15 10:32:20,869] {logging_mixin.py:115} INFO - [2024-06-15 10:32:20,869] {dag.py:2371} INFO - Sync 1 DAGs
[2024-06-15 10:32:21,027] {logging_mixin.py:115} INFO - [2024-06-15 10:32:21,027] {dag.py:2919} INFO - Setting next_dagrun for example_nested_branch_dag to 2024-06-14T00:00:00+00:00, run_after=2024-06-15T00:00:00+00:00
[2024-06-15 10:32:21,043] {processor.py:161} INFO - Processing /home/airflow/.local/lib/python3.7/site-packages/airflow/example_dags/example_nested_branch_dag.py took 0.224 seconds
[2024-06-15 10:32:51,085] {processor.py:153} INFO - Started process (PID=352) to work on /home/airflow/.local/lib/python3.7/site-packages/airflow/example_dags/example_nested_branch_dag.py
[2024-06-15 10:32:51,086] {processor.py:641} INFO - Processing file /home/airflow/.local/lib/python3.7/site-packages/airflow/example_dags/example_nested_branch_dag.py for tasks to queue
[2024-06-15 10:32:51,086] {logging_mixin.py:115} INFO - [2024-06-15 10:32:51,086] {dagbag.py:507} INFO - Filling up the DagBag from /home/airflow/.local/lib/python3.7/site-packages/airflow/example_dags/example_nested_branch_dag.py
[2024-06-15 10:32:51,099] {processor.py:651} INFO - DAG(s) dict_keys(['example_nested_branch_dag']) retrieved from /home/airflow/.local/lib/python3.7/site-packages/airflow/example_dags/example_nested_branch_dag.py
[2024-06-15 10:32:51,132] {logging_mixin.py:115} INFO - [2024-06-15 10:32:51,132] {dag.py:2371} INFO - Sync 1 DAGs
[2024-06-15 10:32:51,370] {logging_mixin.py:115} INFO - [2024-06-15 10:32:51,370] {dag.py:2919} INFO - Setting next_dagrun for example_nested_branch_dag to 2024-06-14T00:00:00+00:00, run_after=2024-06-15T00:00:00+00:00
[2024-06-15 10:32:51,388] {processor.py:161} INFO - Processing /home/airflow/.local/lib/python3.7/site-packages/airflow/example_dags/example_nested_branch_dag.py took 0.307 seconds
[2024-06-15 10:33:21,704] {processor.py:153} INFO - Started process (PID=418) to work on /home/airflow/.local/lib/python3.7/site-packages/airflow/example_dags/example_nested_branch_dag.py
[2024-06-15 10:33:21,705] {processor.py:641} INFO - Processing file /home/airflow/.local/lib/python3.7/site-packages/airflow/example_dags/example_nested_branch_dag.py for tasks to queue
[2024-06-15 10:33:21,706] {logging_mixin.py:115} INFO - [2024-06-15 10:33:21,706] {dagbag.py:507} INFO - Filling up the DagBag from /home/airflow/.local/lib/python3.7/site-packages/airflow/example_dags/example_nested_branch_dag.py
[2024-06-15 10:33:21,719] {processor.py:651} INFO - DAG(s) dict_keys(['example_nested_branch_dag']) retrieved from /home/airflow/.local/lib/python3.7/site-packages/airflow/example_dags/example_nested_branch_dag.py
[2024-06-15 10:33:21,754] {logging_mixin.py:115} INFO - [2024-06-15 10:33:21,753] {dag.py:2371} INFO - Sync 1 DAGs
[2024-06-15 10:33:22,189] {logging_mixin.py:115} INFO - [2024-06-15 10:33:22,188] {dag.py:2919} INFO - Setting next_dagrun for example_nested_branch_dag to 2024-06-14T00:00:00+00:00, run_after=2024-06-15T00:00:00+00:00
[2024-06-15 10:33:22,236] {processor.py:161} INFO - Processing /home/airflow/.local/lib/python3.7/site-packages/airflow/example_dags/example_nested_branch_dag.py took 0.536 seconds
