[2024-06-15 10:30:07,293] {processor.py:153} INFO - Started process (PID=56) to work on /home/airflow/.local/lib/python3.7/site-packages/airflow/example_dags/example_kubernetes_executor.py
[2024-06-15 10:30:07,294] {processor.py:641} INFO - Processing file /home/airflow/.local/lib/python3.7/site-packages/airflow/example_dags/example_kubernetes_executor.py for tasks to queue
[2024-06-15 10:30:07,295] {logging_mixin.py:115} INFO - [2024-06-15 10:30:07,294] {dagbag.py:507} INFO - Filling up the DagBag from /home/airflow/.local/lib/python3.7/site-packages/airflow/example_dags/example_kubernetes_executor.py
[2024-06-15 10:30:07,366] {processor.py:651} INFO - DAG(s) dict_keys(['example_kubernetes_executor']) retrieved from /home/airflow/.local/lib/python3.7/site-packages/airflow/example_dags/example_kubernetes_executor.py
[2024-06-15 10:30:07,936] {logging_mixin.py:115} INFO - [2024-06-15 10:30:07,936] {manager.py:508} INFO - Created Permission View: can read on DAG:example_kubernetes_executor
[2024-06-15 10:30:07,970] {logging_mixin.py:115} INFO - [2024-06-15 10:30:07,969] {manager.py:508} INFO - Created Permission View: can delete on DAG:example_kubernetes_executor
[2024-06-15 10:30:08,011] {logging_mixin.py:115} INFO - [2024-06-15 10:30:08,010] {manager.py:508} INFO - Created Permission View: can edit on DAG:example_kubernetes_executor
[2024-06-15 10:30:08,013] {logging_mixin.py:115} INFO - [2024-06-15 10:30:08,012] {dag.py:2371} INFO - Sync 1 DAGs
[2024-06-15 10:30:08,067] {logging_mixin.py:115} INFO - [2024-06-15 10:30:08,067] {dag.py:2390} INFO - Creating ORM DAG for example_kubernetes_executor
[2024-06-15 10:30:08,126] {logging_mixin.py:115} INFO - [2024-06-15 10:30:08,126] {dag.py:2919} INFO - Setting next_dagrun for example_kubernetes_executor to None, run_after=None
[2024-06-15 10:30:08,163] {processor.py:161} INFO - Processing /home/airflow/.local/lib/python3.7/site-packages/airflow/example_dags/example_kubernetes_executor.py took 0.874 seconds
[2024-06-15 10:30:52,326] {processor.py:153} INFO - Started process (PID=129) to work on /home/airflow/.local/lib/python3.7/site-packages/airflow/example_dags/example_kubernetes_executor.py
[2024-06-15 10:30:52,327] {processor.py:641} INFO - Processing file /home/airflow/.local/lib/python3.7/site-packages/airflow/example_dags/example_kubernetes_executor.py for tasks to queue
[2024-06-15 10:30:52,339] {logging_mixin.py:115} INFO - [2024-06-15 10:30:52,339] {dagbag.py:507} INFO - Filling up the DagBag from /home/airflow/.local/lib/python3.7/site-packages/airflow/example_dags/example_kubernetes_executor.py
[2024-06-15 10:30:52,401] {processor.py:651} INFO - DAG(s) dict_keys(['example_kubernetes_executor']) retrieved from /home/airflow/.local/lib/python3.7/site-packages/airflow/example_dags/example_kubernetes_executor.py
[2024-06-15 10:30:52,864] {logging_mixin.py:115} INFO - [2024-06-15 10:30:52,864] {dag.py:2371} INFO - Sync 1 DAGs
[2024-06-15 10:30:52,928] {logging_mixin.py:115} INFO - [2024-06-15 10:30:52,928] {dag.py:2919} INFO - Setting next_dagrun for example_kubernetes_executor to None, run_after=None
[2024-06-15 10:30:52,999] {processor.py:161} INFO - Processing /home/airflow/.local/lib/python3.7/site-packages/airflow/example_dags/example_kubernetes_executor.py took 0.681 seconds
[2024-06-15 10:31:24,296] {processor.py:153} INFO - Started process (PID=197) to work on /home/airflow/.local/lib/python3.7/site-packages/airflow/example_dags/example_kubernetes_executor.py
[2024-06-15 10:31:24,297] {processor.py:641} INFO - Processing file /home/airflow/.local/lib/python3.7/site-packages/airflow/example_dags/example_kubernetes_executor.py for tasks to queue
[2024-06-15 10:31:24,298] {logging_mixin.py:115} INFO - [2024-06-15 10:31:24,297] {dagbag.py:507} INFO - Filling up the DagBag from /home/airflow/.local/lib/python3.7/site-packages/airflow/example_dags/example_kubernetes_executor.py
[2024-06-15 10:31:24,332] {processor.py:651} INFO - DAG(s) dict_keys(['example_kubernetes_executor']) retrieved from /home/airflow/.local/lib/python3.7/site-packages/airflow/example_dags/example_kubernetes_executor.py
[2024-06-15 10:31:24,530] {logging_mixin.py:115} INFO - [2024-06-15 10:31:24,529] {dag.py:2371} INFO - Sync 1 DAGs
[2024-06-15 10:31:24,559] {logging_mixin.py:115} INFO - [2024-06-15 10:31:24,559] {dag.py:2919} INFO - Setting next_dagrun for example_kubernetes_executor to None, run_after=None
[2024-06-15 10:31:24,578] {processor.py:161} INFO - Processing /home/airflow/.local/lib/python3.7/site-packages/airflow/example_dags/example_kubernetes_executor.py took 0.286 seconds
[2024-06-15 10:31:54,627] {processor.py:153} INFO - Started process (PID=250) to work on /home/airflow/.local/lib/python3.7/site-packages/airflow/example_dags/example_kubernetes_executor.py
[2024-06-15 10:31:54,628] {processor.py:641} INFO - Processing file /home/airflow/.local/lib/python3.7/site-packages/airflow/example_dags/example_kubernetes_executor.py for tasks to queue
[2024-06-15 10:31:54,629] {logging_mixin.py:115} INFO - [2024-06-15 10:31:54,629] {dagbag.py:507} INFO - Filling up the DagBag from /home/airflow/.local/lib/python3.7/site-packages/airflow/example_dags/example_kubernetes_executor.py
[2024-06-15 10:31:54,656] {processor.py:651} INFO - DAG(s) dict_keys(['example_kubernetes_executor']) retrieved from /home/airflow/.local/lib/python3.7/site-packages/airflow/example_dags/example_kubernetes_executor.py
[2024-06-15 10:31:54,816] {logging_mixin.py:115} INFO - [2024-06-15 10:31:54,816] {dag.py:2371} INFO - Sync 1 DAGs
[2024-06-15 10:31:54,839] {logging_mixin.py:115} INFO - [2024-06-15 10:31:54,839] {dag.py:2919} INFO - Setting next_dagrun for example_kubernetes_executor to None, run_after=None
[2024-06-15 10:31:54,855] {processor.py:161} INFO - Processing /home/airflow/.local/lib/python3.7/site-packages/airflow/example_dags/example_kubernetes_executor.py took 0.232 seconds
[2024-06-15 10:32:25,114] {processor.py:153} INFO - Started process (PID=313) to work on /home/airflow/.local/lib/python3.7/site-packages/airflow/example_dags/example_kubernetes_executor.py
[2024-06-15 10:32:25,114] {processor.py:641} INFO - Processing file /home/airflow/.local/lib/python3.7/site-packages/airflow/example_dags/example_kubernetes_executor.py for tasks to queue
[2024-06-15 10:32:25,115] {logging_mixin.py:115} INFO - [2024-06-15 10:32:25,115] {dagbag.py:507} INFO - Filling up the DagBag from /home/airflow/.local/lib/python3.7/site-packages/airflow/example_dags/example_kubernetes_executor.py
[2024-06-15 10:32:25,148] {processor.py:651} INFO - DAG(s) dict_keys(['example_kubernetes_executor']) retrieved from /home/airflow/.local/lib/python3.7/site-packages/airflow/example_dags/example_kubernetes_executor.py
[2024-06-15 10:32:25,311] {logging_mixin.py:115} INFO - [2024-06-15 10:32:25,311] {dag.py:2371} INFO - Sync 1 DAGs
[2024-06-15 10:32:25,339] {logging_mixin.py:115} INFO - [2024-06-15 10:32:25,339] {dag.py:2919} INFO - Setting next_dagrun for example_kubernetes_executor to None, run_after=None
[2024-06-15 10:32:25,356] {processor.py:161} INFO - Processing /home/airflow/.local/lib/python3.7/site-packages/airflow/example_dags/example_kubernetes_executor.py took 0.246 seconds
[2024-06-15 10:32:56,050] {processor.py:153} INFO - Started process (PID=368) to work on /home/airflow/.local/lib/python3.7/site-packages/airflow/example_dags/example_kubernetes_executor.py
[2024-06-15 10:32:56,052] {processor.py:641} INFO - Processing file /home/airflow/.local/lib/python3.7/site-packages/airflow/example_dags/example_kubernetes_executor.py for tasks to queue
[2024-06-15 10:32:56,062] {logging_mixin.py:115} INFO - [2024-06-15 10:32:56,055] {dagbag.py:507} INFO - Filling up the DagBag from /home/airflow/.local/lib/python3.7/site-packages/airflow/example_dags/example_kubernetes_executor.py
[2024-06-15 10:32:56,117] {processor.py:651} INFO - DAG(s) dict_keys(['example_kubernetes_executor']) retrieved from /home/airflow/.local/lib/python3.7/site-packages/airflow/example_dags/example_kubernetes_executor.py
[2024-06-15 10:32:56,333] {logging_mixin.py:115} INFO - [2024-06-15 10:32:56,333] {dag.py:2371} INFO - Sync 1 DAGs
[2024-06-15 10:32:56,363] {logging_mixin.py:115} INFO - [2024-06-15 10:32:56,362] {dag.py:2919} INFO - Setting next_dagrun for example_kubernetes_executor to None, run_after=None
[2024-06-15 10:32:56,381] {processor.py:161} INFO - Processing /home/airflow/.local/lib/python3.7/site-packages/airflow/example_dags/example_kubernetes_executor.py took 0.335 seconds
[2024-06-15 10:33:26,852] {processor.py:153} INFO - Started process (PID=433) to work on /home/airflow/.local/lib/python3.7/site-packages/airflow/example_dags/example_kubernetes_executor.py
[2024-06-15 10:33:26,853] {processor.py:641} INFO - Processing file /home/airflow/.local/lib/python3.7/site-packages/airflow/example_dags/example_kubernetes_executor.py for tasks to queue
[2024-06-15 10:33:26,854] {logging_mixin.py:115} INFO - [2024-06-15 10:33:26,854] {dagbag.py:507} INFO - Filling up the DagBag from /home/airflow/.local/lib/python3.7/site-packages/airflow/example_dags/example_kubernetes_executor.py
[2024-06-15 10:33:26,881] {processor.py:651} INFO - DAG(s) dict_keys(['example_kubernetes_executor']) retrieved from /home/airflow/.local/lib/python3.7/site-packages/airflow/example_dags/example_kubernetes_executor.py
[2024-06-15 10:33:27,053] {logging_mixin.py:115} INFO - [2024-06-15 10:33:27,053] {dag.py:2371} INFO - Sync 1 DAGs
[2024-06-15 10:33:27,075] {logging_mixin.py:115} INFO - [2024-06-15 10:33:27,075] {dag.py:2919} INFO - Setting next_dagrun for example_kubernetes_executor to None, run_after=None
[2024-06-15 10:33:27,091] {processor.py:161} INFO - Processing /home/airflow/.local/lib/python3.7/site-packages/airflow/example_dags/example_kubernetes_executor.py took 0.242 seconds
