[2024-06-15 10:30:10,447] {processor.py:153} INFO - Started process (PID=70) to work on /home/airflow/.local/lib/python3.7/site-packages/airflow/example_dags/example_python_operator.py
[2024-06-15 10:30:10,452] {processor.py:641} INFO - Processing file /home/airflow/.local/lib/python3.7/site-packages/airflow/example_dags/example_python_operator.py for tasks to queue
[2024-06-15 10:30:10,454] {logging_mixin.py:115} INFO - [2024-06-15 10:30:10,454] {dagbag.py:507} INFO - Filling up the DagBag from /home/airflow/.local/lib/python3.7/site-packages/airflow/example_dags/example_python_operator.py
[2024-06-15 10:30:10,501] {processor.py:651} INFO - DAG(s) dict_keys(['example_python_operator']) retrieved from /home/airflow/.local/lib/python3.7/site-packages/airflow/example_dags/example_python_operator.py
[2024-06-15 10:30:11,122] {logging_mixin.py:115} INFO - [2024-06-15 10:30:11,122] {manager.py:508} INFO - Created Permission View: can read on DAG:example_python_operator
[2024-06-15 10:30:11,153] {logging_mixin.py:115} INFO - [2024-06-15 10:30:11,153] {manager.py:508} INFO - Created Permission View: can delete on DAG:example_python_operator
[2024-06-15 10:30:11,179] {logging_mixin.py:115} INFO - [2024-06-15 10:30:11,179] {manager.py:508} INFO - Created Permission View: can edit on DAG:example_python_operator
[2024-06-15 10:30:11,186] {logging_mixin.py:115} INFO - [2024-06-15 10:30:11,186] {dag.py:2371} INFO - Sync 1 DAGs
[2024-06-15 10:30:11,223] {logging_mixin.py:115} INFO - [2024-06-15 10:30:11,223] {dag.py:2390} INFO - Creating ORM DAG for example_python_operator
[2024-06-15 10:30:11,244] {logging_mixin.py:115} INFO - [2024-06-15 10:30:11,244] {dag.py:2919} INFO - Setting next_dagrun for example_python_operator to None, run_after=None
[2024-06-15 10:30:11,279] {processor.py:161} INFO - Processing /home/airflow/.local/lib/python3.7/site-packages/airflow/example_dags/example_python_operator.py took 0.835 seconds
[2024-06-15 10:30:53,865] {processor.py:153} INFO - Started process (PID=136) to work on /home/airflow/.local/lib/python3.7/site-packages/airflow/example_dags/example_python_operator.py
[2024-06-15 10:30:53,866] {processor.py:641} INFO - Processing file /home/airflow/.local/lib/python3.7/site-packages/airflow/example_dags/example_python_operator.py for tasks to queue
[2024-06-15 10:30:53,867] {logging_mixin.py:115} INFO - [2024-06-15 10:30:53,866] {dagbag.py:507} INFO - Filling up the DagBag from /home/airflow/.local/lib/python3.7/site-packages/airflow/example_dags/example_python_operator.py
[2024-06-15 10:30:53,902] {processor.py:651} INFO - DAG(s) dict_keys(['example_python_operator']) retrieved from /home/airflow/.local/lib/python3.7/site-packages/airflow/example_dags/example_python_operator.py
[2024-06-15 10:30:53,950] {logging_mixin.py:115} INFO - [2024-06-15 10:30:53,950] {dag.py:2371} INFO - Sync 1 DAGs
[2024-06-15 10:30:54,223] {logging_mixin.py:115} INFO - [2024-06-15 10:30:54,223] {dag.py:2919} INFO - Setting next_dagrun for example_python_operator to None, run_after=None
[2024-06-15 10:30:54,306] {processor.py:161} INFO - Processing /home/airflow/.local/lib/python3.7/site-packages/airflow/example_dags/example_python_operator.py took 0.444 seconds
[2024-06-15 10:31:25,331] {processor.py:153} INFO - Started process (PID=204) to work on /home/airflow/.local/lib/python3.7/site-packages/airflow/example_dags/example_python_operator.py
[2024-06-15 10:31:25,332] {processor.py:641} INFO - Processing file /home/airflow/.local/lib/python3.7/site-packages/airflow/example_dags/example_python_operator.py for tasks to queue
[2024-06-15 10:31:25,333] {logging_mixin.py:115} INFO - [2024-06-15 10:31:25,333] {dagbag.py:507} INFO - Filling up the DagBag from /home/airflow/.local/lib/python3.7/site-packages/airflow/example_dags/example_python_operator.py
[2024-06-15 10:31:25,355] {processor.py:651} INFO - DAG(s) dict_keys(['example_python_operator']) retrieved from /home/airflow/.local/lib/python3.7/site-packages/airflow/example_dags/example_python_operator.py
[2024-06-15 10:31:25,388] {logging_mixin.py:115} INFO - [2024-06-15 10:31:25,388] {dag.py:2371} INFO - Sync 1 DAGs
[2024-06-15 10:31:25,541] {logging_mixin.py:115} INFO - [2024-06-15 10:31:25,541] {dag.py:2919} INFO - Setting next_dagrun for example_python_operator to None, run_after=None
[2024-06-15 10:31:25,562] {processor.py:161} INFO - Processing /home/airflow/.local/lib/python3.7/site-packages/airflow/example_dags/example_python_operator.py took 0.235 seconds
[2024-06-15 10:31:55,710] {processor.py:153} INFO - Started process (PID=258) to work on /home/airflow/.local/lib/python3.7/site-packages/airflow/example_dags/example_python_operator.py
[2024-06-15 10:31:55,711] {processor.py:641} INFO - Processing file /home/airflow/.local/lib/python3.7/site-packages/airflow/example_dags/example_python_operator.py for tasks to queue
[2024-06-15 10:31:55,712] {logging_mixin.py:115} INFO - [2024-06-15 10:31:55,711] {dagbag.py:507} INFO - Filling up the DagBag from /home/airflow/.local/lib/python3.7/site-packages/airflow/example_dags/example_python_operator.py
[2024-06-15 10:31:55,737] {processor.py:651} INFO - DAG(s) dict_keys(['example_python_operator']) retrieved from /home/airflow/.local/lib/python3.7/site-packages/airflow/example_dags/example_python_operator.py
[2024-06-15 10:31:55,772] {logging_mixin.py:115} INFO - [2024-06-15 10:31:55,772] {dag.py:2371} INFO - Sync 1 DAGs
[2024-06-15 10:31:55,937] {logging_mixin.py:115} INFO - [2024-06-15 10:31:55,937] {dag.py:2919} INFO - Setting next_dagrun for example_python_operator to None, run_after=None
[2024-06-15 10:31:55,956] {processor.py:161} INFO - Processing /home/airflow/.local/lib/python3.7/site-packages/airflow/example_dags/example_python_operator.py took 0.249 seconds
[2024-06-15 10:32:27,046] {processor.py:153} INFO - Started process (PID=322) to work on /home/airflow/.local/lib/python3.7/site-packages/airflow/example_dags/example_python_operator.py
[2024-06-15 10:32:27,046] {processor.py:641} INFO - Processing file /home/airflow/.local/lib/python3.7/site-packages/airflow/example_dags/example_python_operator.py for tasks to queue
[2024-06-15 10:32:27,047] {logging_mixin.py:115} INFO - [2024-06-15 10:32:27,047] {dagbag.py:507} INFO - Filling up the DagBag from /home/airflow/.local/lib/python3.7/site-packages/airflow/example_dags/example_python_operator.py
[2024-06-15 10:32:27,067] {processor.py:651} INFO - DAG(s) dict_keys(['example_python_operator']) retrieved from /home/airflow/.local/lib/python3.7/site-packages/airflow/example_dags/example_python_operator.py
[2024-06-15 10:32:27,102] {logging_mixin.py:115} INFO - [2024-06-15 10:32:27,102] {dag.py:2371} INFO - Sync 1 DAGs
[2024-06-15 10:32:27,259] {logging_mixin.py:115} INFO - [2024-06-15 10:32:27,259] {dag.py:2919} INFO - Setting next_dagrun for example_python_operator to None, run_after=None
[2024-06-15 10:32:27,275] {processor.py:161} INFO - Processing /home/airflow/.local/lib/python3.7/site-packages/airflow/example_dags/example_python_operator.py took 0.233 seconds
[2024-06-15 10:32:57,563] {processor.py:153} INFO - Started process (PID=386) to work on /home/airflow/.local/lib/python3.7/site-packages/airflow/example_dags/example_python_operator.py
[2024-06-15 10:32:57,564] {processor.py:641} INFO - Processing file /home/airflow/.local/lib/python3.7/site-packages/airflow/example_dags/example_python_operator.py for tasks to queue
[2024-06-15 10:32:57,565] {logging_mixin.py:115} INFO - [2024-06-15 10:32:57,565] {dagbag.py:507} INFO - Filling up the DagBag from /home/airflow/.local/lib/python3.7/site-packages/airflow/example_dags/example_python_operator.py
[2024-06-15 10:32:57,596] {processor.py:651} INFO - DAG(s) dict_keys(['example_python_operator']) retrieved from /home/airflow/.local/lib/python3.7/site-packages/airflow/example_dags/example_python_operator.py
[2024-06-15 10:32:57,631] {logging_mixin.py:115} INFO - [2024-06-15 10:32:57,631] {dag.py:2371} INFO - Sync 1 DAGs
[2024-06-15 10:32:57,797] {logging_mixin.py:115} INFO - [2024-06-15 10:32:57,797] {dag.py:2919} INFO - Setting next_dagrun for example_python_operator to None, run_after=None
[2024-06-15 10:32:57,820] {processor.py:161} INFO - Processing /home/airflow/.local/lib/python3.7/site-packages/airflow/example_dags/example_python_operator.py took 0.260 seconds
[2024-06-15 10:33:28,155] {processor.py:153} INFO - Started process (PID=440) to work on /home/airflow/.local/lib/python3.7/site-packages/airflow/example_dags/example_python_operator.py
[2024-06-15 10:33:28,156] {processor.py:641} INFO - Processing file /home/airflow/.local/lib/python3.7/site-packages/airflow/example_dags/example_python_operator.py for tasks to queue
[2024-06-15 10:33:28,157] {logging_mixin.py:115} INFO - [2024-06-15 10:33:28,157] {dagbag.py:507} INFO - Filling up the DagBag from /home/airflow/.local/lib/python3.7/site-packages/airflow/example_dags/example_python_operator.py
[2024-06-15 10:33:28,177] {processor.py:651} INFO - DAG(s) dict_keys(['example_python_operator']) retrieved from /home/airflow/.local/lib/python3.7/site-packages/airflow/example_dags/example_python_operator.py
[2024-06-15 10:33:28,211] {logging_mixin.py:115} INFO - [2024-06-15 10:33:28,211] {dag.py:2371} INFO - Sync 1 DAGs
[2024-06-15 10:33:28,384] {logging_mixin.py:115} INFO - [2024-06-15 10:33:28,384] {dag.py:2919} INFO - Setting next_dagrun for example_python_operator to None, run_after=None
[2024-06-15 10:33:28,414] {processor.py:161} INFO - Processing /home/airflow/.local/lib/python3.7/site-packages/airflow/example_dags/example_python_operator.py took 0.262 seconds
