[2024-06-15 10:30:11,218] {processor.py:153} INFO - Started process (PID=73) to work on /home/airflow/.local/lib/python3.7/site-packages/airflow/example_dags/example_latest_only.py
[2024-06-15 10:30:11,219] {processor.py:641} INFO - Processing file /home/airflow/.local/lib/python3.7/site-packages/airflow/example_dags/example_latest_only.py for tasks to queue
[2024-06-15 10:30:11,221] {logging_mixin.py:115} INFO - [2024-06-15 10:30:11,221] {dagbag.py:507} INFO - Filling up the DagBag from /home/airflow/.local/lib/python3.7/site-packages/airflow/example_dags/example_latest_only.py
[2024-06-15 10:30:11,233] {processor.py:651} INFO - DAG(s) dict_keys(['latest_only']) retrieved from /home/airflow/.local/lib/python3.7/site-packages/airflow/example_dags/example_latest_only.py
[2024-06-15 10:30:11,915] {logging_mixin.py:115} INFO - [2024-06-15 10:30:11,915] {manager.py:508} INFO - Created Permission View: can read on DAG:latest_only
[2024-06-15 10:30:11,975] {logging_mixin.py:115} INFO - [2024-06-15 10:30:11,975] {manager.py:508} INFO - Created Permission View: can delete on DAG:latest_only
[2024-06-15 10:30:12,030] {logging_mixin.py:115} INFO - [2024-06-15 10:30:12,030] {manager.py:508} INFO - Created Permission View: can edit on DAG:latest_only
[2024-06-15 10:30:12,038] {logging_mixin.py:115} INFO - [2024-06-15 10:30:12,038] {dag.py:2371} INFO - Sync 1 DAGs
[2024-06-15 10:30:12,064] {logging_mixin.py:115} INFO - [2024-06-15 10:30:12,064] {dag.py:2390} INFO - Creating ORM DAG for latest_only
[2024-06-15 10:30:12,085] {logging_mixin.py:115} INFO - [2024-06-15 10:30:12,085] {dag.py:2919} INFO - Setting next_dagrun for latest_only to 2024-06-15T06:30:12.085519+00:00, run_after=2024-06-15T10:30:12.085519+00:00
[2024-06-15 10:30:12,329] {processor.py:161} INFO - Processing /home/airflow/.local/lib/python3.7/site-packages/airflow/example_dags/example_latest_only.py took 1.126 seconds
[2024-06-15 10:30:54,360] {processor.py:153} INFO - Started process (PID=137) to work on /home/airflow/.local/lib/python3.7/site-packages/airflow/example_dags/example_latest_only.py
[2024-06-15 10:30:54,362] {processor.py:641} INFO - Processing file /home/airflow/.local/lib/python3.7/site-packages/airflow/example_dags/example_latest_only.py for tasks to queue
[2024-06-15 10:30:54,362] {logging_mixin.py:115} INFO - [2024-06-15 10:30:54,362] {dagbag.py:507} INFO - Filling up the DagBag from /home/airflow/.local/lib/python3.7/site-packages/airflow/example_dags/example_latest_only.py
[2024-06-15 10:30:54,369] {processor.py:651} INFO - DAG(s) dict_keys(['latest_only']) retrieved from /home/airflow/.local/lib/python3.7/site-packages/airflow/example_dags/example_latest_only.py
[2024-06-15 10:30:54,403] {logging_mixin.py:115} INFO - [2024-06-15 10:30:54,403] {dag.py:2371} INFO - Sync 1 DAGs
[2024-06-15 10:30:54,597] {logging_mixin.py:115} INFO - [2024-06-15 10:30:54,597] {dag.py:2919} INFO - Setting next_dagrun for latest_only to 2024-06-15T06:30:54.596691+00:00, run_after=2024-06-15T10:30:54.596691+00:00
[2024-06-15 10:30:54,754] {processor.py:161} INFO - Processing /home/airflow/.local/lib/python3.7/site-packages/airflow/example_dags/example_latest_only.py took 0.398 seconds
[2024-06-15 10:31:25,542] {processor.py:153} INFO - Started process (PID=205) to work on /home/airflow/.local/lib/python3.7/site-packages/airflow/example_dags/example_latest_only.py
[2024-06-15 10:31:25,542] {processor.py:641} INFO - Processing file /home/airflow/.local/lib/python3.7/site-packages/airflow/example_dags/example_latest_only.py for tasks to queue
[2024-06-15 10:31:25,543] {logging_mixin.py:115} INFO - [2024-06-15 10:31:25,543] {dagbag.py:507} INFO - Filling up the DagBag from /home/airflow/.local/lib/python3.7/site-packages/airflow/example_dags/example_latest_only.py
[2024-06-15 10:31:25,550] {processor.py:651} INFO - DAG(s) dict_keys(['latest_only']) retrieved from /home/airflow/.local/lib/python3.7/site-packages/airflow/example_dags/example_latest_only.py
[2024-06-15 10:31:25,581] {logging_mixin.py:115} INFO - [2024-06-15 10:31:25,581] {dag.py:2371} INFO - Sync 1 DAGs
[2024-06-15 10:31:25,745] {logging_mixin.py:115} INFO - [2024-06-15 10:31:25,745] {dag.py:2919} INFO - Setting next_dagrun for latest_only to 2024-06-15T06:31:25.745233+00:00, run_after=2024-06-15T10:31:25.745233+00:00
[2024-06-15 10:31:25,765] {processor.py:161} INFO - Processing /home/airflow/.local/lib/python3.7/site-packages/airflow/example_dags/example_latest_only.py took 0.227 seconds
[2024-06-15 10:31:55,985] {processor.py:153} INFO - Started process (PID=259) to work on /home/airflow/.local/lib/python3.7/site-packages/airflow/example_dags/example_latest_only.py
[2024-06-15 10:31:55,986] {processor.py:641} INFO - Processing file /home/airflow/.local/lib/python3.7/site-packages/airflow/example_dags/example_latest_only.py for tasks to queue
[2024-06-15 10:31:55,987] {logging_mixin.py:115} INFO - [2024-06-15 10:31:55,987] {dagbag.py:507} INFO - Filling up the DagBag from /home/airflow/.local/lib/python3.7/site-packages/airflow/example_dags/example_latest_only.py
[2024-06-15 10:31:55,994] {processor.py:651} INFO - DAG(s) dict_keys(['latest_only']) retrieved from /home/airflow/.local/lib/python3.7/site-packages/airflow/example_dags/example_latest_only.py
[2024-06-15 10:31:56,027] {logging_mixin.py:115} INFO - [2024-06-15 10:31:56,027] {dag.py:2371} INFO - Sync 1 DAGs
[2024-06-15 10:31:56,204] {logging_mixin.py:115} INFO - [2024-06-15 10:31:56,204] {dag.py:2919} INFO - Setting next_dagrun for latest_only to 2024-06-15T06:31:56.204559+00:00, run_after=2024-06-15T10:31:56.204559+00:00
[2024-06-15 10:31:56,221] {processor.py:161} INFO - Processing /home/airflow/.local/lib/python3.7/site-packages/airflow/example_dags/example_latest_only.py took 0.240 seconds
[2024-06-15 10:32:27,117] {processor.py:153} INFO - Started process (PID=323) to work on /home/airflow/.local/lib/python3.7/site-packages/airflow/example_dags/example_latest_only.py
[2024-06-15 10:32:27,118] {processor.py:641} INFO - Processing file /home/airflow/.local/lib/python3.7/site-packages/airflow/example_dags/example_latest_only.py for tasks to queue
[2024-06-15 10:32:27,119] {logging_mixin.py:115} INFO - [2024-06-15 10:32:27,119] {dagbag.py:507} INFO - Filling up the DagBag from /home/airflow/.local/lib/python3.7/site-packages/airflow/example_dags/example_latest_only.py
[2024-06-15 10:32:27,125] {processor.py:651} INFO - DAG(s) dict_keys(['latest_only']) retrieved from /home/airflow/.local/lib/python3.7/site-packages/airflow/example_dags/example_latest_only.py
[2024-06-15 10:32:27,154] {logging_mixin.py:115} INFO - [2024-06-15 10:32:27,154] {dag.py:2371} INFO - Sync 1 DAGs
[2024-06-15 10:32:27,320] {logging_mixin.py:115} INFO - [2024-06-15 10:32:27,320] {dag.py:2919} INFO - Setting next_dagrun for latest_only to 2024-06-15T06:32:27.319982+00:00, run_after=2024-06-15T10:32:27.319982+00:00
[2024-06-15 10:32:27,338] {processor.py:161} INFO - Processing /home/airflow/.local/lib/python3.7/site-packages/airflow/example_dags/example_latest_only.py took 0.225 seconds
[2024-06-15 10:32:57,817] {processor.py:153} INFO - Started process (PID=387) to work on /home/airflow/.local/lib/python3.7/site-packages/airflow/example_dags/example_latest_only.py
[2024-06-15 10:32:57,820] {processor.py:641} INFO - Processing file /home/airflow/.local/lib/python3.7/site-packages/airflow/example_dags/example_latest_only.py for tasks to queue
[2024-06-15 10:32:57,821] {logging_mixin.py:115} INFO - [2024-06-15 10:32:57,821] {dagbag.py:507} INFO - Filling up the DagBag from /home/airflow/.local/lib/python3.7/site-packages/airflow/example_dags/example_latest_only.py
[2024-06-15 10:32:57,828] {processor.py:651} INFO - DAG(s) dict_keys(['latest_only']) retrieved from /home/airflow/.local/lib/python3.7/site-packages/airflow/example_dags/example_latest_only.py
[2024-06-15 10:32:57,857] {logging_mixin.py:115} INFO - [2024-06-15 10:32:57,857] {dag.py:2371} INFO - Sync 1 DAGs
[2024-06-15 10:32:58,035] {logging_mixin.py:115} INFO - [2024-06-15 10:32:58,035] {dag.py:2919} INFO - Setting next_dagrun for latest_only to 2024-06-15T06:32:58.034926+00:00, run_after=2024-06-15T10:32:58.034926+00:00
[2024-06-15 10:32:58,055] {processor.py:161} INFO - Processing /home/airflow/.local/lib/python3.7/site-packages/airflow/example_dags/example_latest_only.py took 0.243 seconds
[2024-06-15 10:33:28,461] {processor.py:153} INFO - Started process (PID=441) to work on /home/airflow/.local/lib/python3.7/site-packages/airflow/example_dags/example_latest_only.py
[2024-06-15 10:33:28,462] {processor.py:641} INFO - Processing file /home/airflow/.local/lib/python3.7/site-packages/airflow/example_dags/example_latest_only.py for tasks to queue
[2024-06-15 10:33:28,462] {logging_mixin.py:115} INFO - [2024-06-15 10:33:28,462] {dagbag.py:507} INFO - Filling up the DagBag from /home/airflow/.local/lib/python3.7/site-packages/airflow/example_dags/example_latest_only.py
[2024-06-15 10:33:28,470] {processor.py:651} INFO - DAG(s) dict_keys(['latest_only']) retrieved from /home/airflow/.local/lib/python3.7/site-packages/airflow/example_dags/example_latest_only.py
[2024-06-15 10:33:28,515] {logging_mixin.py:115} INFO - [2024-06-15 10:33:28,515] {dag.py:2371} INFO - Sync 1 DAGs
[2024-06-15 10:33:28,741] {logging_mixin.py:115} INFO - [2024-06-15 10:33:28,741] {dag.py:2919} INFO - Setting next_dagrun for latest_only to 2024-06-15T06:33:28.740911+00:00, run_after=2024-06-15T10:33:28.740911+00:00
[2024-06-15 10:33:28,759] {processor.py:161} INFO - Processing /home/airflow/.local/lib/python3.7/site-packages/airflow/example_dags/example_latest_only.py took 0.302 seconds
