[2024-06-15 10:30:05,458] {processor.py:153} INFO - Started process (PID=51) to work on /home/airflow/.local/lib/python3.7/site-packages/airflow/example_dags/example_skip_dag.py
[2024-06-15 10:30:05,459] {processor.py:641} INFO - Processing file /home/airflow/.local/lib/python3.7/site-packages/airflow/example_dags/example_skip_dag.py for tasks to queue
[2024-06-15 10:30:05,460] {logging_mixin.py:115} INFO - [2024-06-15 10:30:05,460] {dagbag.py:507} INFO - Filling up the DagBag from /home/airflow/.local/lib/python3.7/site-packages/airflow/example_dags/example_skip_dag.py
[2024-06-15 10:30:05,467] {processor.py:651} INFO - DAG(s) dict_keys(['example_skip_dag']) retrieved from /home/airflow/.local/lib/python3.7/site-packages/airflow/example_dags/example_skip_dag.py
[2024-06-15 10:30:05,992] {logging_mixin.py:115} INFO - [2024-06-15 10:30:05,992] {manager.py:508} INFO - Created Permission View: can read on DAG:example_skip_dag
[2024-06-15 10:30:06,021] {logging_mixin.py:115} INFO - [2024-06-15 10:30:06,021] {manager.py:508} INFO - Created Permission View: can delete on DAG:example_skip_dag
[2024-06-15 10:30:06,048] {logging_mixin.py:115} INFO - [2024-06-15 10:30:06,048] {manager.py:508} INFO - Created Permission View: can edit on DAG:example_skip_dag
[2024-06-15 10:30:06,049] {logging_mixin.py:115} INFO - [2024-06-15 10:30:06,049] {dag.py:2371} INFO - Sync 1 DAGs
[2024-06-15 10:30:06,073] {logging_mixin.py:115} INFO - [2024-06-15 10:30:06,073] {dag.py:2390} INFO - Creating ORM DAG for example_skip_dag
[2024-06-15 10:30:06,164] {logging_mixin.py:115} INFO - [2024-06-15 10:30:06,164] {dag.py:2919} INFO - Setting next_dagrun for example_skip_dag to 2024-06-14T10:30:06.163225+00:00, run_after=2024-06-15T10:30:06.163225+00:00
[2024-06-15 10:30:06,274] {processor.py:161} INFO - Processing /home/airflow/.local/lib/python3.7/site-packages/airflow/example_dags/example_skip_dag.py took 0.820 seconds
[2024-06-15 10:30:51,396] {processor.py:153} INFO - Started process (PID=124) to work on /home/airflow/.local/lib/python3.7/site-packages/airflow/example_dags/example_skip_dag.py
[2024-06-15 10:30:51,397] {processor.py:641} INFO - Processing file /home/airflow/.local/lib/python3.7/site-packages/airflow/example_dags/example_skip_dag.py for tasks to queue
[2024-06-15 10:30:51,399] {logging_mixin.py:115} INFO - [2024-06-15 10:30:51,398] {dagbag.py:507} INFO - Filling up the DagBag from /home/airflow/.local/lib/python3.7/site-packages/airflow/example_dags/example_skip_dag.py
[2024-06-15 10:30:51,405] {processor.py:651} INFO - DAG(s) dict_keys(['example_skip_dag']) retrieved from /home/airflow/.local/lib/python3.7/site-packages/airflow/example_dags/example_skip_dag.py
[2024-06-15 10:30:51,442] {logging_mixin.py:115} INFO - [2024-06-15 10:30:51,442] {dag.py:2371} INFO - Sync 1 DAGs
[2024-06-15 10:30:51,632] {logging_mixin.py:115} INFO - [2024-06-15 10:30:51,632] {dag.py:2919} INFO - Setting next_dagrun for example_skip_dag to 2024-06-14T10:30:51.631987+00:00, run_after=2024-06-15T10:30:51.631987+00:00
[2024-06-15 10:30:51,660] {processor.py:161} INFO - Processing /home/airflow/.local/lib/python3.7/site-packages/airflow/example_dags/example_skip_dag.py took 0.267 seconds
[2024-06-15 10:31:22,980] {processor.py:153} INFO - Started process (PID=190) to work on /home/airflow/.local/lib/python3.7/site-packages/airflow/example_dags/example_skip_dag.py
[2024-06-15 10:31:22,980] {processor.py:641} INFO - Processing file /home/airflow/.local/lib/python3.7/site-packages/airflow/example_dags/example_skip_dag.py for tasks to queue
[2024-06-15 10:31:22,983] {logging_mixin.py:115} INFO - [2024-06-15 10:31:22,982] {dagbag.py:507} INFO - Filling up the DagBag from /home/airflow/.local/lib/python3.7/site-packages/airflow/example_dags/example_skip_dag.py
[2024-06-15 10:31:22,992] {processor.py:651} INFO - DAG(s) dict_keys(['example_skip_dag']) retrieved from /home/airflow/.local/lib/python3.7/site-packages/airflow/example_dags/example_skip_dag.py
[2024-06-15 10:31:23,047] {logging_mixin.py:115} INFO - [2024-06-15 10:31:23,047] {dag.py:2371} INFO - Sync 1 DAGs
[2024-06-15 10:31:23,256] {logging_mixin.py:115} INFO - [2024-06-15 10:31:23,256] {dag.py:2919} INFO - Setting next_dagrun for example_skip_dag to 2024-06-14T10:31:23.256625+00:00, run_after=2024-06-15T10:31:23.256625+00:00
[2024-06-15 10:31:23,299] {processor.py:161} INFO - Processing /home/airflow/.local/lib/python3.7/site-packages/airflow/example_dags/example_skip_dag.py took 0.323 seconds
[2024-06-15 10:31:53,393] {processor.py:153} INFO - Started process (PID=244) to work on /home/airflow/.local/lib/python3.7/site-packages/airflow/example_dags/example_skip_dag.py
[2024-06-15 10:31:53,394] {processor.py:641} INFO - Processing file /home/airflow/.local/lib/python3.7/site-packages/airflow/example_dags/example_skip_dag.py for tasks to queue
[2024-06-15 10:31:53,395] {logging_mixin.py:115} INFO - [2024-06-15 10:31:53,395] {dagbag.py:507} INFO - Filling up the DagBag from /home/airflow/.local/lib/python3.7/site-packages/airflow/example_dags/example_skip_dag.py
[2024-06-15 10:31:53,401] {processor.py:651} INFO - DAG(s) dict_keys(['example_skip_dag']) retrieved from /home/airflow/.local/lib/python3.7/site-packages/airflow/example_dags/example_skip_dag.py
[2024-06-15 10:31:53,432] {logging_mixin.py:115} INFO - [2024-06-15 10:31:53,432] {dag.py:2371} INFO - Sync 1 DAGs
[2024-06-15 10:31:53,583] {logging_mixin.py:115} INFO - [2024-06-15 10:31:53,583] {dag.py:2919} INFO - Setting next_dagrun for example_skip_dag to 2024-06-14T10:31:53.583108+00:00, run_after=2024-06-15T10:31:53.583108+00:00
[2024-06-15 10:31:53,602] {processor.py:161} INFO - Processing /home/airflow/.local/lib/python3.7/site-packages/airflow/example_dags/example_skip_dag.py took 0.213 seconds
[2024-06-15 10:32:24,225] {processor.py:153} INFO - Started process (PID=308) to work on /home/airflow/.local/lib/python3.7/site-packages/airflow/example_dags/example_skip_dag.py
[2024-06-15 10:32:24,256] {processor.py:641} INFO - Processing file /home/airflow/.local/lib/python3.7/site-packages/airflow/example_dags/example_skip_dag.py for tasks to queue
[2024-06-15 10:32:24,259] {logging_mixin.py:115} INFO - [2024-06-15 10:32:24,258] {dagbag.py:507} INFO - Filling up the DagBag from /home/airflow/.local/lib/python3.7/site-packages/airflow/example_dags/example_skip_dag.py
[2024-06-15 10:32:24,278] {processor.py:651} INFO - DAG(s) dict_keys(['example_skip_dag']) retrieved from /home/airflow/.local/lib/python3.7/site-packages/airflow/example_dags/example_skip_dag.py
[2024-06-15 10:32:24,340] {logging_mixin.py:115} INFO - [2024-06-15 10:32:24,339] {dag.py:2371} INFO - Sync 1 DAGs
[2024-06-15 10:32:24,550] {logging_mixin.py:115} INFO - [2024-06-15 10:32:24,550] {dag.py:2919} INFO - Setting next_dagrun for example_skip_dag to 2024-06-14T10:32:24.550420+00:00, run_after=2024-06-15T10:32:24.550420+00:00
[2024-06-15 10:32:24,567] {processor.py:161} INFO - Processing /home/airflow/.local/lib/python3.7/site-packages/airflow/example_dags/example_skip_dag.py took 0.345 seconds
[2024-06-15 10:32:55,372] {processor.py:153} INFO - Started process (PID=363) to work on /home/airflow/.local/lib/python3.7/site-packages/airflow/example_dags/example_skip_dag.py
[2024-06-15 10:32:55,373] {processor.py:641} INFO - Processing file /home/airflow/.local/lib/python3.7/site-packages/airflow/example_dags/example_skip_dag.py for tasks to queue
[2024-06-15 10:32:55,373] {logging_mixin.py:115} INFO - [2024-06-15 10:32:55,373] {dagbag.py:507} INFO - Filling up the DagBag from /home/airflow/.local/lib/python3.7/site-packages/airflow/example_dags/example_skip_dag.py
[2024-06-15 10:32:55,379] {processor.py:651} INFO - DAG(s) dict_keys(['example_skip_dag']) retrieved from /home/airflow/.local/lib/python3.7/site-packages/airflow/example_dags/example_skip_dag.py
[2024-06-15 10:32:55,408] {logging_mixin.py:115} INFO - [2024-06-15 10:32:55,408] {dag.py:2371} INFO - Sync 1 DAGs
[2024-06-15 10:32:55,566] {logging_mixin.py:115} INFO - [2024-06-15 10:32:55,566] {dag.py:2919} INFO - Setting next_dagrun for example_skip_dag to 2024-06-14T10:32:55.565848+00:00, run_after=2024-06-15T10:32:55.565848+00:00
[2024-06-15 10:32:55,584] {processor.py:161} INFO - Processing /home/airflow/.local/lib/python3.7/site-packages/airflow/example_dags/example_skip_dag.py took 0.216 seconds
[2024-06-15 10:33:26,278] {processor.py:153} INFO - Started process (PID=428) to work on /home/airflow/.local/lib/python3.7/site-packages/airflow/example_dags/example_skip_dag.py
[2024-06-15 10:33:26,279] {processor.py:641} INFO - Processing file /home/airflow/.local/lib/python3.7/site-packages/airflow/example_dags/example_skip_dag.py for tasks to queue
[2024-06-15 10:33:26,280] {logging_mixin.py:115} INFO - [2024-06-15 10:33:26,280] {dagbag.py:507} INFO - Filling up the DagBag from /home/airflow/.local/lib/python3.7/site-packages/airflow/example_dags/example_skip_dag.py
[2024-06-15 10:33:26,286] {processor.py:651} INFO - DAG(s) dict_keys(['example_skip_dag']) retrieved from /home/airflow/.local/lib/python3.7/site-packages/airflow/example_dags/example_skip_dag.py
[2024-06-15 10:33:26,325] {logging_mixin.py:115} INFO - [2024-06-15 10:33:26,324] {dag.py:2371} INFO - Sync 1 DAGs
[2024-06-15 10:33:26,493] {logging_mixin.py:115} INFO - [2024-06-15 10:33:26,492] {dag.py:2919} INFO - Setting next_dagrun for example_skip_dag to 2024-06-14T10:33:26.492707+00:00, run_after=2024-06-15T10:33:26.492707+00:00
[2024-06-15 10:33:26,517] {processor.py:161} INFO - Processing /home/airflow/.local/lib/python3.7/site-packages/airflow/example_dags/example_skip_dag.py took 0.244 seconds
