[2024-06-15 10:30:03,501] {processor.py:153} INFO - Started process (PID=45) to work on /home/airflow/.local/lib/python3.7/site-packages/airflow/example_dags/example_external_task_marker_dag.py
[2024-06-15 10:30:03,502] {processor.py:641} INFO - Processing file /home/airflow/.local/lib/python3.7/site-packages/airflow/example_dags/example_external_task_marker_dag.py for tasks to queue
[2024-06-15 10:30:03,503] {logging_mixin.py:115} INFO - [2024-06-15 10:30:03,503] {dagbag.py:507} INFO - Filling up the DagBag from /home/airflow/.local/lib/python3.7/site-packages/airflow/example_dags/example_external_task_marker_dag.py
[2024-06-15 10:30:03,509] {processor.py:651} INFO - DAG(s) dict_keys(['example_external_task_marker_parent', 'example_external_task_marker_child']) retrieved from /home/airflow/.local/lib/python3.7/site-packages/airflow/example_dags/example_external_task_marker_dag.py
[2024-06-15 10:30:03,795] {logging_mixin.py:115} INFO - [2024-06-15 10:30:03,795] {manager.py:508} INFO - Created Permission View: can read on DAG:example_external_task_marker_parent
[2024-06-15 10:30:03,814] {logging_mixin.py:115} INFO - [2024-06-15 10:30:03,813] {manager.py:508} INFO - Created Permission View: can delete on DAG:example_external_task_marker_parent
[2024-06-15 10:30:03,837] {logging_mixin.py:115} INFO - [2024-06-15 10:30:03,837] {manager.py:508} INFO - Created Permission View: can edit on DAG:example_external_task_marker_parent
[2024-06-15 10:30:03,935] {logging_mixin.py:115} INFO - [2024-06-15 10:30:03,935] {manager.py:508} INFO - Created Permission View: can read on DAG:example_external_task_marker_child
[2024-06-15 10:30:03,951] {logging_mixin.py:115} INFO - [2024-06-15 10:30:03,951] {manager.py:508} INFO - Created Permission View: can delete on DAG:example_external_task_marker_child
[2024-06-15 10:30:03,961] {logging_mixin.py:115} INFO - [2024-06-15 10:30:03,961] {manager.py:508} INFO - Created Permission View: can edit on DAG:example_external_task_marker_child
[2024-06-15 10:30:03,962] {logging_mixin.py:115} INFO - [2024-06-15 10:30:03,962] {dag.py:2371} INFO - Sync 2 DAGs
[2024-06-15 10:30:03,971] {logging_mixin.py:115} INFO - [2024-06-15 10:30:03,971] {dag.py:2390} INFO - Creating ORM DAG for example_external_task_marker_parent
[2024-06-15 10:30:03,971] {logging_mixin.py:115} INFO - [2024-06-15 10:30:03,971] {dag.py:2390} INFO - Creating ORM DAG for example_external_task_marker_child
[2024-06-15 10:30:03,985] {logging_mixin.py:115} INFO - [2024-06-15 10:30:03,984] {dag.py:2919} INFO - Setting next_dagrun for example_external_task_marker_child to None, run_after=None
[2024-06-15 10:30:03,986] {logging_mixin.py:115} INFO - [2024-06-15 10:30:03,985] {dag.py:2919} INFO - Setting next_dagrun for example_external_task_marker_parent to None, run_after=None
[2024-06-15 10:30:04,031] {processor.py:161} INFO - Processing /home/airflow/.local/lib/python3.7/site-packages/airflow/example_dags/example_external_task_marker_dag.py took 0.533 seconds
[2024-06-15 10:30:49,843] {processor.py:153} INFO - Started process (PID=118) to work on /home/airflow/.local/lib/python3.7/site-packages/airflow/example_dags/example_external_task_marker_dag.py
[2024-06-15 10:30:49,844] {processor.py:641} INFO - Processing file /home/airflow/.local/lib/python3.7/site-packages/airflow/example_dags/example_external_task_marker_dag.py for tasks to queue
[2024-06-15 10:30:49,845] {logging_mixin.py:115} INFO - [2024-06-15 10:30:49,845] {dagbag.py:507} INFO - Filling up the DagBag from /home/airflow/.local/lib/python3.7/site-packages/airflow/example_dags/example_external_task_marker_dag.py
[2024-06-15 10:30:49,858] {processor.py:651} INFO - DAG(s) dict_keys(['example_external_task_marker_parent', 'example_external_task_marker_child']) retrieved from /home/airflow/.local/lib/python3.7/site-packages/airflow/example_dags/example_external_task_marker_dag.py
[2024-06-15 10:30:49,972] {logging_mixin.py:115} INFO - [2024-06-15 10:30:49,972] {dag.py:2371} INFO - Sync 2 DAGs
[2024-06-15 10:30:50,197] {logging_mixin.py:115} INFO - [2024-06-15 10:30:50,197] {dag.py:2919} INFO - Setting next_dagrun for example_external_task_marker_child to None, run_after=None
[2024-06-15 10:30:50,198] {logging_mixin.py:115} INFO - [2024-06-15 10:30:50,198] {dag.py:2919} INFO - Setting next_dagrun for example_external_task_marker_parent to None, run_after=None
[2024-06-15 10:30:50,436] {processor.py:161} INFO - Processing /home/airflow/.local/lib/python3.7/site-packages/airflow/example_dags/example_external_task_marker_dag.py took 0.596 seconds
[2024-06-15 10:31:20,530] {processor.py:153} INFO - Started process (PID=174) to work on /home/airflow/.local/lib/python3.7/site-packages/airflow/example_dags/example_external_task_marker_dag.py
[2024-06-15 10:31:20,530] {processor.py:641} INFO - Processing file /home/airflow/.local/lib/python3.7/site-packages/airflow/example_dags/example_external_task_marker_dag.py for tasks to queue
[2024-06-15 10:31:20,532] {logging_mixin.py:115} INFO - [2024-06-15 10:31:20,531] {dagbag.py:507} INFO - Filling up the DagBag from /home/airflow/.local/lib/python3.7/site-packages/airflow/example_dags/example_external_task_marker_dag.py
[2024-06-15 10:31:20,539] {processor.py:651} INFO - DAG(s) dict_keys(['example_external_task_marker_parent', 'example_external_task_marker_child']) retrieved from /home/airflow/.local/lib/python3.7/site-packages/airflow/example_dags/example_external_task_marker_dag.py
[2024-06-15 10:31:20,625] {logging_mixin.py:115} INFO - [2024-06-15 10:31:20,625] {dag.py:2371} INFO - Sync 2 DAGs
[2024-06-15 10:31:20,784] {logging_mixin.py:115} INFO - [2024-06-15 10:31:20,784] {dag.py:2919} INFO - Setting next_dagrun for example_external_task_marker_child to None, run_after=None
[2024-06-15 10:31:20,785] {logging_mixin.py:115} INFO - [2024-06-15 10:31:20,785] {dag.py:2919} INFO - Setting next_dagrun for example_external_task_marker_parent to None, run_after=None
[2024-06-15 10:31:21,310] {processor.py:161} INFO - Processing /home/airflow/.local/lib/python3.7/site-packages/airflow/example_dags/example_external_task_marker_dag.py took 0.784 seconds
[2024-06-15 10:31:51,549] {processor.py:153} INFO - Started process (PID=238) to work on /home/airflow/.local/lib/python3.7/site-packages/airflow/example_dags/example_external_task_marker_dag.py
[2024-06-15 10:31:51,550] {processor.py:641} INFO - Processing file /home/airflow/.local/lib/python3.7/site-packages/airflow/example_dags/example_external_task_marker_dag.py for tasks to queue
[2024-06-15 10:31:51,551] {logging_mixin.py:115} INFO - [2024-06-15 10:31:51,551] {dagbag.py:507} INFO - Filling up the DagBag from /home/airflow/.local/lib/python3.7/site-packages/airflow/example_dags/example_external_task_marker_dag.py
[2024-06-15 10:31:51,556] {processor.py:651} INFO - DAG(s) dict_keys(['example_external_task_marker_parent', 'example_external_task_marker_child']) retrieved from /home/airflow/.local/lib/python3.7/site-packages/airflow/example_dags/example_external_task_marker_dag.py
[2024-06-15 10:31:51,631] {logging_mixin.py:115} INFO - [2024-06-15 10:31:51,631] {dag.py:2371} INFO - Sync 2 DAGs
[2024-06-15 10:31:51,822] {logging_mixin.py:115} INFO - [2024-06-15 10:31:51,822] {dag.py:2919} INFO - Setting next_dagrun for example_external_task_marker_child to None, run_after=None
[2024-06-15 10:31:51,823] {logging_mixin.py:115} INFO - [2024-06-15 10:31:51,823] {dag.py:2919} INFO - Setting next_dagrun for example_external_task_marker_parent to None, run_after=None
[2024-06-15 10:31:51,848] {processor.py:161} INFO - Processing /home/airflow/.local/lib/python3.7/site-packages/airflow/example_dags/example_external_task_marker_dag.py took 0.303 seconds
[2024-06-15 10:32:22,087] {processor.py:153} INFO - Started process (PID=302) to work on /home/airflow/.local/lib/python3.7/site-packages/airflow/example_dags/example_external_task_marker_dag.py
[2024-06-15 10:32:22,088] {processor.py:641} INFO - Processing file /home/airflow/.local/lib/python3.7/site-packages/airflow/example_dags/example_external_task_marker_dag.py for tasks to queue
[2024-06-15 10:32:22,089] {logging_mixin.py:115} INFO - [2024-06-15 10:32:22,089] {dagbag.py:507} INFO - Filling up the DagBag from /home/airflow/.local/lib/python3.7/site-packages/airflow/example_dags/example_external_task_marker_dag.py
[2024-06-15 10:32:22,094] {processor.py:651} INFO - DAG(s) dict_keys(['example_external_task_marker_parent', 'example_external_task_marker_child']) retrieved from /home/airflow/.local/lib/python3.7/site-packages/airflow/example_dags/example_external_task_marker_dag.py
[2024-06-15 10:32:22,150] {logging_mixin.py:115} INFO - [2024-06-15 10:32:22,150] {dag.py:2371} INFO - Sync 2 DAGs
[2024-06-15 10:32:22,313] {logging_mixin.py:115} INFO - [2024-06-15 10:32:22,313] {dag.py:2919} INFO - Setting next_dagrun for example_external_task_marker_child to None, run_after=None
[2024-06-15 10:32:22,315] {logging_mixin.py:115} INFO - [2024-06-15 10:32:22,315] {dag.py:2919} INFO - Setting next_dagrun for example_external_task_marker_parent to None, run_after=None
[2024-06-15 10:32:22,334] {processor.py:161} INFO - Processing /home/airflow/.local/lib/python3.7/site-packages/airflow/example_dags/example_external_task_marker_dag.py took 0.251 seconds
[2024-06-15 10:32:52,524] {processor.py:153} INFO - Started process (PID=357) to work on /home/airflow/.local/lib/python3.7/site-packages/airflow/example_dags/example_external_task_marker_dag.py
[2024-06-15 10:32:52,525] {processor.py:641} INFO - Processing file /home/airflow/.local/lib/python3.7/site-packages/airflow/example_dags/example_external_task_marker_dag.py for tasks to queue
[2024-06-15 10:32:52,526] {logging_mixin.py:115} INFO - [2024-06-15 10:32:52,526] {dagbag.py:507} INFO - Filling up the DagBag from /home/airflow/.local/lib/python3.7/site-packages/airflow/example_dags/example_external_task_marker_dag.py
[2024-06-15 10:32:52,531] {processor.py:651} INFO - DAG(s) dict_keys(['example_external_task_marker_parent', 'example_external_task_marker_child']) retrieved from /home/airflow/.local/lib/python3.7/site-packages/airflow/example_dags/example_external_task_marker_dag.py
[2024-06-15 10:32:52,609] {logging_mixin.py:115} INFO - [2024-06-15 10:32:52,609] {dag.py:2371} INFO - Sync 2 DAGs
[2024-06-15 10:32:52,789] {logging_mixin.py:115} INFO - [2024-06-15 10:32:52,789] {dag.py:2919} INFO - Setting next_dagrun for example_external_task_marker_child to None, run_after=None
[2024-06-15 10:32:52,789] {logging_mixin.py:115} INFO - [2024-06-15 10:32:52,789] {dag.py:2919} INFO - Setting next_dagrun for example_external_task_marker_parent to None, run_after=None
[2024-06-15 10:32:52,803] {processor.py:161} INFO - Processing /home/airflow/.local/lib/python3.7/site-packages/airflow/example_dags/example_external_task_marker_dag.py took 0.283 seconds
[2024-06-15 10:33:23,469] {processor.py:153} INFO - Started process (PID=422) to work on /home/airflow/.local/lib/python3.7/site-packages/airflow/example_dags/example_external_task_marker_dag.py
[2024-06-15 10:33:23,470] {processor.py:641} INFO - Processing file /home/airflow/.local/lib/python3.7/site-packages/airflow/example_dags/example_external_task_marker_dag.py for tasks to queue
[2024-06-15 10:33:23,471] {logging_mixin.py:115} INFO - [2024-06-15 10:33:23,470] {dagbag.py:507} INFO - Filling up the DagBag from /home/airflow/.local/lib/python3.7/site-packages/airflow/example_dags/example_external_task_marker_dag.py
[2024-06-15 10:33:23,477] {processor.py:651} INFO - DAG(s) dict_keys(['example_external_task_marker_parent', 'example_external_task_marker_child']) retrieved from /home/airflow/.local/lib/python3.7/site-packages/airflow/example_dags/example_external_task_marker_dag.py
[2024-06-15 10:33:23,535] {logging_mixin.py:115} INFO - [2024-06-15 10:33:23,535] {dag.py:2371} INFO - Sync 2 DAGs
[2024-06-15 10:33:23,699] {logging_mixin.py:115} INFO - [2024-06-15 10:33:23,698] {dag.py:2919} INFO - Setting next_dagrun for example_external_task_marker_child to None, run_after=None
[2024-06-15 10:33:23,699] {logging_mixin.py:115} INFO - [2024-06-15 10:33:23,699] {dag.py:2919} INFO - Setting next_dagrun for example_external_task_marker_parent to None, run_after=None
[2024-06-15 10:33:23,716] {processor.py:161} INFO - Processing /home/airflow/.local/lib/python3.7/site-packages/airflow/example_dags/example_external_task_marker_dag.py took 0.251 seconds
