[2024-06-15 10:30:39,345] {processor.py:153} INFO - Started process (PID=99) to work on /home/airflow/.local/lib/python3.7/site-packages/airflow/example_dags/example_xcomargs.py
[2024-06-15 10:30:39,346] {processor.py:641} INFO - Processing file /home/airflow/.local/lib/python3.7/site-packages/airflow/example_dags/example_xcomargs.py for tasks to queue
[2024-06-15 10:30:39,347] {logging_mixin.py:115} INFO - [2024-06-15 10:30:39,347] {dagbag.py:507} INFO - Filling up the DagBag from /home/airflow/.local/lib/python3.7/site-packages/airflow/example_dags/example_xcomargs.py
[2024-06-15 10:30:39,370] {processor.py:651} INFO - DAG(s) dict_keys(['example_xcom_args', 'example_xcom_args_with_operators']) retrieved from /home/airflow/.local/lib/python3.7/site-packages/airflow/example_dags/example_xcomargs.py
[2024-06-15 10:30:40,083] {logging_mixin.py:115} INFO - [2024-06-15 10:30:40,082] {manager.py:508} INFO - Created Permission View: can read on DAG:example_xcom_args
[2024-06-15 10:30:40,273] {logging_mixin.py:115} INFO - [2024-06-15 10:30:40,273] {manager.py:508} INFO - Created Permission View: can delete on DAG:example_xcom_args
[2024-06-15 10:30:40,791] {logging_mixin.py:115} INFO - [2024-06-15 10:30:40,791] {manager.py:508} INFO - Created Permission View: can edit on DAG:example_xcom_args
[2024-06-15 10:30:41,012] {logging_mixin.py:115} INFO - [2024-06-15 10:30:41,012] {manager.py:508} INFO - Created Permission View: can read on DAG:example_xcom_args_with_operators
[2024-06-15 10:30:41,474] {logging_mixin.py:115} INFO - [2024-06-15 10:30:41,473] {manager.py:508} INFO - Created Permission View: can delete on DAG:example_xcom_args_with_operators
[2024-06-15 10:30:41,789] {logging_mixin.py:115} INFO - [2024-06-15 10:30:41,789] {manager.py:508} INFO - Created Permission View: can edit on DAG:example_xcom_args_with_operators
[2024-06-15 10:30:41,790] {logging_mixin.py:115} INFO - [2024-06-15 10:30:41,790] {dag.py:2371} INFO - Sync 2 DAGs
[2024-06-15 10:30:41,800] {logging_mixin.py:115} INFO - [2024-06-15 10:30:41,800] {dag.py:2390} INFO - Creating ORM DAG for example_xcom_args
[2024-06-15 10:30:41,801] {logging_mixin.py:115} INFO - [2024-06-15 10:30:41,801] {dag.py:2390} INFO - Creating ORM DAG for example_xcom_args_with_operators
[2024-06-15 10:30:41,815] {logging_mixin.py:115} INFO - [2024-06-15 10:30:41,815] {dag.py:2919} INFO - Setting next_dagrun for example_xcom_args to None, run_after=None
[2024-06-15 10:30:41,816] {logging_mixin.py:115} INFO - [2024-06-15 10:30:41,816] {dag.py:2919} INFO - Setting next_dagrun for example_xcom_args_with_operators to None, run_after=None
[2024-06-15 10:30:42,537] {processor.py:161} INFO - Processing /home/airflow/.local/lib/python3.7/site-packages/airflow/example_dags/example_xcomargs.py took 3.196 seconds
[2024-06-15 10:31:12,584] {processor.py:153} INFO - Started process (PID=165) to work on /home/airflow/.local/lib/python3.7/site-packages/airflow/example_dags/example_xcomargs.py
[2024-06-15 10:31:12,585] {processor.py:641} INFO - Processing file /home/airflow/.local/lib/python3.7/site-packages/airflow/example_dags/example_xcomargs.py for tasks to queue
[2024-06-15 10:31:12,586] {logging_mixin.py:115} INFO - [2024-06-15 10:31:12,586] {dagbag.py:507} INFO - Filling up the DagBag from /home/airflow/.local/lib/python3.7/site-packages/airflow/example_dags/example_xcomargs.py
[2024-06-15 10:31:12,608] {processor.py:651} INFO - DAG(s) dict_keys(['example_xcom_args', 'example_xcom_args_with_operators']) retrieved from /home/airflow/.local/lib/python3.7/site-packages/airflow/example_dags/example_xcomargs.py
[2024-06-15 10:31:12,847] {logging_mixin.py:115} INFO - [2024-06-15 10:31:12,847] {dag.py:2371} INFO - Sync 2 DAGs
[2024-06-15 10:31:12,870] {logging_mixin.py:115} INFO - [2024-06-15 10:31:12,870] {dag.py:2919} INFO - Setting next_dagrun for example_xcom_args to None, run_after=None
[2024-06-15 10:31:12,871] {logging_mixin.py:115} INFO - [2024-06-15 10:31:12,871] {dag.py:2919} INFO - Setting next_dagrun for example_xcom_args_with_operators to None, run_after=None
[2024-06-15 10:31:12,908] {processor.py:161} INFO - Processing /home/airflow/.local/lib/python3.7/site-packages/airflow/example_dags/example_xcomargs.py took 0.327 seconds
[2024-06-15 10:31:43,712] {processor.py:153} INFO - Started process (PID=222) to work on /home/airflow/.local/lib/python3.7/site-packages/airflow/example_dags/example_xcomargs.py
[2024-06-15 10:31:43,713] {processor.py:641} INFO - Processing file /home/airflow/.local/lib/python3.7/site-packages/airflow/example_dags/example_xcomargs.py for tasks to queue
[2024-06-15 10:31:43,714] {logging_mixin.py:115} INFO - [2024-06-15 10:31:43,714] {dagbag.py:507} INFO - Filling up the DagBag from /home/airflow/.local/lib/python3.7/site-packages/airflow/example_dags/example_xcomargs.py
[2024-06-15 10:31:43,736] {processor.py:651} INFO - DAG(s) dict_keys(['example_xcom_args', 'example_xcom_args_with_operators']) retrieved from /home/airflow/.local/lib/python3.7/site-packages/airflow/example_dags/example_xcomargs.py
[2024-06-15 10:31:43,935] {logging_mixin.py:115} INFO - [2024-06-15 10:31:43,934] {dag.py:2371} INFO - Sync 2 DAGs
[2024-06-15 10:31:43,953] {logging_mixin.py:115} INFO - [2024-06-15 10:31:43,953] {dag.py:2919} INFO - Setting next_dagrun for example_xcom_args to None, run_after=None
[2024-06-15 10:31:43,954] {logging_mixin.py:115} INFO - [2024-06-15 10:31:43,954] {dag.py:2919} INFO - Setting next_dagrun for example_xcom_args_with_operators to None, run_after=None
[2024-06-15 10:31:43,971] {processor.py:161} INFO - Processing /home/airflow/.local/lib/python3.7/site-packages/airflow/example_dags/example_xcomargs.py took 0.264 seconds
[2024-06-15 10:32:14,133] {processor.py:153} INFO - Started process (PID=285) to work on /home/airflow/.local/lib/python3.7/site-packages/airflow/example_dags/example_xcomargs.py
[2024-06-15 10:32:14,134] {processor.py:641} INFO - Processing file /home/airflow/.local/lib/python3.7/site-packages/airflow/example_dags/example_xcomargs.py for tasks to queue
[2024-06-15 10:32:14,135] {logging_mixin.py:115} INFO - [2024-06-15 10:32:14,135] {dagbag.py:507} INFO - Filling up the DagBag from /home/airflow/.local/lib/python3.7/site-packages/airflow/example_dags/example_xcomargs.py
[2024-06-15 10:32:14,158] {processor.py:651} INFO - DAG(s) dict_keys(['example_xcom_args', 'example_xcom_args_with_operators']) retrieved from /home/airflow/.local/lib/python3.7/site-packages/airflow/example_dags/example_xcomargs.py
[2024-06-15 10:32:14,388] {logging_mixin.py:115} INFO - [2024-06-15 10:32:14,388] {dag.py:2371} INFO - Sync 2 DAGs
[2024-06-15 10:32:14,408] {logging_mixin.py:115} INFO - [2024-06-15 10:32:14,408] {dag.py:2919} INFO - Setting next_dagrun for example_xcom_args to None, run_after=None
[2024-06-15 10:32:14,408] {logging_mixin.py:115} INFO - [2024-06-15 10:32:14,408] {dag.py:2919} INFO - Setting next_dagrun for example_xcom_args_with_operators to None, run_after=None
[2024-06-15 10:32:14,424] {processor.py:161} INFO - Processing /home/airflow/.local/lib/python3.7/site-packages/airflow/example_dags/example_xcomargs.py took 0.294 seconds
[2024-06-15 10:32:44,664] {processor.py:153} INFO - Started process (PID=348) to work on /home/airflow/.local/lib/python3.7/site-packages/airflow/example_dags/example_xcomargs.py
[2024-06-15 10:32:44,665] {processor.py:641} INFO - Processing file /home/airflow/.local/lib/python3.7/site-packages/airflow/example_dags/example_xcomargs.py for tasks to queue
[2024-06-15 10:32:44,665] {logging_mixin.py:115} INFO - [2024-06-15 10:32:44,665] {dagbag.py:507} INFO - Filling up the DagBag from /home/airflow/.local/lib/python3.7/site-packages/airflow/example_dags/example_xcomargs.py
[2024-06-15 10:32:44,693] {processor.py:651} INFO - DAG(s) dict_keys(['example_xcom_args', 'example_xcom_args_with_operators']) retrieved from /home/airflow/.local/lib/python3.7/site-packages/airflow/example_dags/example_xcomargs.py
[2024-06-15 10:32:44,906] {logging_mixin.py:115} INFO - [2024-06-15 10:32:44,906] {dag.py:2371} INFO - Sync 2 DAGs
[2024-06-15 10:32:44,927] {logging_mixin.py:115} INFO - [2024-06-15 10:32:44,927] {dag.py:2919} INFO - Setting next_dagrun for example_xcom_args to None, run_after=None
[2024-06-15 10:32:44,927] {logging_mixin.py:115} INFO - [2024-06-15 10:32:44,927] {dag.py:2919} INFO - Setting next_dagrun for example_xcom_args_with_operators to None, run_after=None
[2024-06-15 10:32:44,945] {processor.py:161} INFO - Processing /home/airflow/.local/lib/python3.7/site-packages/airflow/example_dags/example_xcomargs.py took 0.285 seconds
[2024-06-15 10:33:15,132] {processor.py:153} INFO - Started process (PID=404) to work on /home/airflow/.local/lib/python3.7/site-packages/airflow/example_dags/example_xcomargs.py
[2024-06-15 10:33:15,132] {processor.py:641} INFO - Processing file /home/airflow/.local/lib/python3.7/site-packages/airflow/example_dags/example_xcomargs.py for tasks to queue
[2024-06-15 10:33:15,133] {logging_mixin.py:115} INFO - [2024-06-15 10:33:15,133] {dagbag.py:507} INFO - Filling up the DagBag from /home/airflow/.local/lib/python3.7/site-packages/airflow/example_dags/example_xcomargs.py
[2024-06-15 10:33:15,156] {processor.py:651} INFO - DAG(s) dict_keys(['example_xcom_args', 'example_xcom_args_with_operators']) retrieved from /home/airflow/.local/lib/python3.7/site-packages/airflow/example_dags/example_xcomargs.py
[2024-06-15 10:33:15,364] {logging_mixin.py:115} INFO - [2024-06-15 10:33:15,364] {dag.py:2371} INFO - Sync 2 DAGs
[2024-06-15 10:33:15,385] {logging_mixin.py:115} INFO - [2024-06-15 10:33:15,385] {dag.py:2919} INFO - Setting next_dagrun for example_xcom_args to None, run_after=None
[2024-06-15 10:33:15,386] {logging_mixin.py:115} INFO - [2024-06-15 10:33:15,386] {dag.py:2919} INFO - Setting next_dagrun for example_xcom_args_with_operators to None, run_after=None
[2024-06-15 10:33:15,403] {processor.py:161} INFO - Processing /home/airflow/.local/lib/python3.7/site-packages/airflow/example_dags/example_xcomargs.py took 0.276 seconds
