[2024-06-15 10:30:04,064] {processor.py:153} INFO - Started process (PID=46) to work on /home/airflow/.local/lib/python3.7/site-packages/airflow/example_dags/example_branch_day_of_week_operator.py
[2024-06-15 10:30:04,066] {processor.py:641} INFO - Processing file /home/airflow/.local/lib/python3.7/site-packages/airflow/example_dags/example_branch_day_of_week_operator.py for tasks to queue
[2024-06-15 10:30:04,067] {logging_mixin.py:115} INFO - [2024-06-15 10:30:04,067] {dagbag.py:507} INFO - Filling up the DagBag from /home/airflow/.local/lib/python3.7/site-packages/airflow/example_dags/example_branch_day_of_week_operator.py
[2024-06-15 10:30:04,087] {processor.py:651} INFO - DAG(s) dict_keys(['example_weekday_branch_operator']) retrieved from /home/airflow/.local/lib/python3.7/site-packages/airflow/example_dags/example_branch_day_of_week_operator.py
[2024-06-15 10:30:04,377] {logging_mixin.py:115} INFO - [2024-06-15 10:30:04,376] {manager.py:508} INFO - Created Permission View: can read on DAG:example_weekday_branch_operator
[2024-06-15 10:30:04,391] {logging_mixin.py:115} INFO - [2024-06-15 10:30:04,391] {manager.py:508} INFO - Created Permission View: can delete on DAG:example_weekday_branch_operator
[2024-06-15 10:30:04,409] {logging_mixin.py:115} INFO - [2024-06-15 10:30:04,409] {manager.py:508} INFO - Created Permission View: can edit on DAG:example_weekday_branch_operator
[2024-06-15 10:30:04,410] {logging_mixin.py:115} INFO - [2024-06-15 10:30:04,410] {dag.py:2371} INFO - Sync 1 DAGs
[2024-06-15 10:30:04,420] {logging_mixin.py:115} INFO - [2024-06-15 10:30:04,420] {dag.py:2390} INFO - Creating ORM DAG for example_weekday_branch_operator
[2024-06-15 10:30:04,437] {logging_mixin.py:115} INFO - [2024-06-15 10:30:04,437] {dag.py:2919} INFO - Setting next_dagrun for example_weekday_branch_operator to 2024-06-14T00:00:00+00:00, run_after=2024-06-15T00:00:00+00:00
[2024-06-15 10:30:04,469] {processor.py:161} INFO - Processing /home/airflow/.local/lib/python3.7/site-packages/airflow/example_dags/example_branch_day_of_week_operator.py took 0.408 seconds
[2024-06-15 10:30:49,850] {processor.py:153} INFO - Started process (PID=119) to work on /home/airflow/.local/lib/python3.7/site-packages/airflow/example_dags/example_branch_day_of_week_operator.py
[2024-06-15 10:30:49,853] {processor.py:641} INFO - Processing file /home/airflow/.local/lib/python3.7/site-packages/airflow/example_dags/example_branch_day_of_week_operator.py for tasks to queue
[2024-06-15 10:30:49,854] {logging_mixin.py:115} INFO - [2024-06-15 10:30:49,854] {dagbag.py:507} INFO - Filling up the DagBag from /home/airflow/.local/lib/python3.7/site-packages/airflow/example_dags/example_branch_day_of_week_operator.py
[2024-06-15 10:30:49,874] {processor.py:651} INFO - DAG(s) dict_keys(['example_weekday_branch_operator']) retrieved from /home/airflow/.local/lib/python3.7/site-packages/airflow/example_dags/example_branch_day_of_week_operator.py
[2024-06-15 10:30:49,952] {logging_mixin.py:115} INFO - [2024-06-15 10:30:49,952] {dag.py:2371} INFO - Sync 1 DAGs
[2024-06-15 10:30:50,190] {logging_mixin.py:115} INFO - [2024-06-15 10:30:50,190] {dag.py:2919} INFO - Setting next_dagrun for example_weekday_branch_operator to 2024-06-14T00:00:00+00:00, run_after=2024-06-15T00:00:00+00:00
[2024-06-15 10:30:50,433] {processor.py:161} INFO - Processing /home/airflow/.local/lib/python3.7/site-packages/airflow/example_dags/example_branch_day_of_week_operator.py took 0.587 seconds
[2024-06-15 10:31:20,809] {processor.py:153} INFO - Started process (PID=175) to work on /home/airflow/.local/lib/python3.7/site-packages/airflow/example_dags/example_branch_day_of_week_operator.py
[2024-06-15 10:31:20,810] {processor.py:641} INFO - Processing file /home/airflow/.local/lib/python3.7/site-packages/airflow/example_dags/example_branch_day_of_week_operator.py for tasks to queue
[2024-06-15 10:31:20,811] {logging_mixin.py:115} INFO - [2024-06-15 10:31:20,811] {dagbag.py:507} INFO - Filling up the DagBag from /home/airflow/.local/lib/python3.7/site-packages/airflow/example_dags/example_branch_day_of_week_operator.py
[2024-06-15 10:31:20,821] {processor.py:651} INFO - DAG(s) dict_keys(['example_weekday_branch_operator']) retrieved from /home/airflow/.local/lib/python3.7/site-packages/airflow/example_dags/example_branch_day_of_week_operator.py
[2024-06-15 10:31:20,848] {logging_mixin.py:115} INFO - [2024-06-15 10:31:20,848] {dag.py:2371} INFO - Sync 1 DAGs
[2024-06-15 10:31:21,009] {logging_mixin.py:115} INFO - [2024-06-15 10:31:21,009] {dag.py:2919} INFO - Setting next_dagrun for example_weekday_branch_operator to 2024-06-14T00:00:00+00:00, run_after=2024-06-15T00:00:00+00:00
[2024-06-15 10:31:21,510] {processor.py:161} INFO - Processing /home/airflow/.local/lib/python3.7/site-packages/airflow/example_dags/example_branch_day_of_week_operator.py took 0.704 seconds
[2024-06-15 10:31:51,797] {processor.py:153} INFO - Started process (PID=239) to work on /home/airflow/.local/lib/python3.7/site-packages/airflow/example_dags/example_branch_day_of_week_operator.py
[2024-06-15 10:31:51,797] {processor.py:641} INFO - Processing file /home/airflow/.local/lib/python3.7/site-packages/airflow/example_dags/example_branch_day_of_week_operator.py for tasks to queue
[2024-06-15 10:31:51,798] {logging_mixin.py:115} INFO - [2024-06-15 10:31:51,798] {dagbag.py:507} INFO - Filling up the DagBag from /home/airflow/.local/lib/python3.7/site-packages/airflow/example_dags/example_branch_day_of_week_operator.py
[2024-06-15 10:31:51,809] {processor.py:651} INFO - DAG(s) dict_keys(['example_weekday_branch_operator']) retrieved from /home/airflow/.local/lib/python3.7/site-packages/airflow/example_dags/example_branch_day_of_week_operator.py
[2024-06-15 10:31:51,847] {logging_mixin.py:115} INFO - [2024-06-15 10:31:51,847] {dag.py:2371} INFO - Sync 1 DAGs
[2024-06-15 10:31:52,008] {logging_mixin.py:115} INFO - [2024-06-15 10:31:52,008] {dag.py:2919} INFO - Setting next_dagrun for example_weekday_branch_operator to 2024-06-14T00:00:00+00:00, run_after=2024-06-15T00:00:00+00:00
[2024-06-15 10:31:52,024] {processor.py:161} INFO - Processing /home/airflow/.local/lib/python3.7/site-packages/airflow/example_dags/example_branch_day_of_week_operator.py took 0.230 seconds
[2024-06-15 10:32:22,087] {processor.py:153} INFO - Started process (PID=303) to work on /home/airflow/.local/lib/python3.7/site-packages/airflow/example_dags/example_branch_day_of_week_operator.py
[2024-06-15 10:32:22,088] {processor.py:641} INFO - Processing file /home/airflow/.local/lib/python3.7/site-packages/airflow/example_dags/example_branch_day_of_week_operator.py for tasks to queue
[2024-06-15 10:32:22,089] {logging_mixin.py:115} INFO - [2024-06-15 10:32:22,089] {dagbag.py:507} INFO - Filling up the DagBag from /home/airflow/.local/lib/python3.7/site-packages/airflow/example_dags/example_branch_day_of_week_operator.py
[2024-06-15 10:32:22,099] {processor.py:651} INFO - DAG(s) dict_keys(['example_weekday_branch_operator']) retrieved from /home/airflow/.local/lib/python3.7/site-packages/airflow/example_dags/example_branch_day_of_week_operator.py
[2024-06-15 10:32:22,130] {logging_mixin.py:115} INFO - [2024-06-15 10:32:22,130] {dag.py:2371} INFO - Sync 1 DAGs
[2024-06-15 10:32:22,296] {logging_mixin.py:115} INFO - [2024-06-15 10:32:22,296] {dag.py:2919} INFO - Setting next_dagrun for example_weekday_branch_operator to 2024-06-14T00:00:00+00:00, run_after=2024-06-15T00:00:00+00:00
[2024-06-15 10:32:22,314] {processor.py:161} INFO - Processing /home/airflow/.local/lib/python3.7/site-packages/airflow/example_dags/example_branch_day_of_week_operator.py took 0.230 seconds
[2024-06-15 10:32:52,524] {processor.py:153} INFO - Started process (PID=358) to work on /home/airflow/.local/lib/python3.7/site-packages/airflow/example_dags/example_branch_day_of_week_operator.py
[2024-06-15 10:32:52,525] {processor.py:641} INFO - Processing file /home/airflow/.local/lib/python3.7/site-packages/airflow/example_dags/example_branch_day_of_week_operator.py for tasks to queue
[2024-06-15 10:32:52,526] {logging_mixin.py:115} INFO - [2024-06-15 10:32:52,526] {dagbag.py:507} INFO - Filling up the DagBag from /home/airflow/.local/lib/python3.7/site-packages/airflow/example_dags/example_branch_day_of_week_operator.py
[2024-06-15 10:32:52,543] {processor.py:651} INFO - DAG(s) dict_keys(['example_weekday_branch_operator']) retrieved from /home/airflow/.local/lib/python3.7/site-packages/airflow/example_dags/example_branch_day_of_week_operator.py
[2024-06-15 10:32:52,593] {logging_mixin.py:115} INFO - [2024-06-15 10:32:52,593] {dag.py:2371} INFO - Sync 1 DAGs
[2024-06-15 10:32:52,784] {logging_mixin.py:115} INFO - [2024-06-15 10:32:52,784] {dag.py:2919} INFO - Setting next_dagrun for example_weekday_branch_operator to 2024-06-14T00:00:00+00:00, run_after=2024-06-15T00:00:00+00:00
[2024-06-15 10:32:52,800] {processor.py:161} INFO - Processing /home/airflow/.local/lib/python3.7/site-packages/airflow/example_dags/example_branch_day_of_week_operator.py took 0.280 seconds
[2024-06-15 10:33:23,469] {processor.py:153} INFO - Started process (PID=423) to work on /home/airflow/.local/lib/python3.7/site-packages/airflow/example_dags/example_branch_day_of_week_operator.py
[2024-06-15 10:33:23,470] {processor.py:641} INFO - Processing file /home/airflow/.local/lib/python3.7/site-packages/airflow/example_dags/example_branch_day_of_week_operator.py for tasks to queue
[2024-06-15 10:33:23,471] {logging_mixin.py:115} INFO - [2024-06-15 10:33:23,470] {dagbag.py:507} INFO - Filling up the DagBag from /home/airflow/.local/lib/python3.7/site-packages/airflow/example_dags/example_branch_day_of_week_operator.py
[2024-06-15 10:33:23,482] {processor.py:651} INFO - DAG(s) dict_keys(['example_weekday_branch_operator']) retrieved from /home/airflow/.local/lib/python3.7/site-packages/airflow/example_dags/example_branch_day_of_week_operator.py
[2024-06-15 10:33:23,517] {logging_mixin.py:115} INFO - [2024-06-15 10:33:23,517] {dag.py:2371} INFO - Sync 1 DAGs
[2024-06-15 10:33:23,685] {logging_mixin.py:115} INFO - [2024-06-15 10:33:23,684] {dag.py:2919} INFO - Setting next_dagrun for example_weekday_branch_operator to 2024-06-14T00:00:00+00:00, run_after=2024-06-15T00:00:00+00:00
[2024-06-15 10:33:23,704] {processor.py:161} INFO - Processing /home/airflow/.local/lib/python3.7/site-packages/airflow/example_dags/example_branch_day_of_week_operator.py took 0.239 seconds
