[2024-06-15 10:30:06,406] {processor.py:153} INFO - Started process (PID=53) to work on /home/airflow/.local/lib/python3.7/site-packages/airflow/example_dags/example_bash_operator.py
[2024-06-15 10:30:06,410] {processor.py:641} INFO - Processing file /home/airflow/.local/lib/python3.7/site-packages/airflow/example_dags/example_bash_operator.py for tasks to queue
[2024-06-15 10:30:06,411] {logging_mixin.py:115} INFO - [2024-06-15 10:30:06,410] {dagbag.py:507} INFO - Filling up the DagBag from /home/airflow/.local/lib/python3.7/site-packages/airflow/example_dags/example_bash_operator.py
[2024-06-15 10:30:06,435] {processor.py:651} INFO - DAG(s) dict_keys(['example_bash_operator']) retrieved from /home/airflow/.local/lib/python3.7/site-packages/airflow/example_dags/example_bash_operator.py
[2024-06-15 10:30:06,833] {logging_mixin.py:115} INFO - [2024-06-15 10:30:06,833] {manager.py:508} INFO - Created Permission View: can read on DAG:example_bash_operator
[2024-06-15 10:30:06,915] {logging_mixin.py:115} INFO - [2024-06-15 10:30:06,915] {manager.py:508} INFO - Created Permission View: can delete on DAG:example_bash_operator
[2024-06-15 10:30:06,946] {logging_mixin.py:115} INFO - [2024-06-15 10:30:06,946] {manager.py:508} INFO - Created Permission View: can edit on DAG:example_bash_operator
[2024-06-15 10:30:06,947] {logging_mixin.py:115} INFO - [2024-06-15 10:30:06,947] {dag.py:2371} INFO - Sync 1 DAGs
[2024-06-15 10:30:06,981] {logging_mixin.py:115} INFO - [2024-06-15 10:30:06,981] {dag.py:2390} INFO - Creating ORM DAG for example_bash_operator
[2024-06-15 10:30:07,015] {logging_mixin.py:115} INFO - [2024-06-15 10:30:07,015] {dag.py:2919} INFO - Setting next_dagrun for example_bash_operator to 2024-06-14T00:00:00+00:00, run_after=2024-06-15T00:00:00+00:00
[2024-06-15 10:30:07,059] {processor.py:161} INFO - Processing /home/airflow/.local/lib/python3.7/site-packages/airflow/example_dags/example_bash_operator.py took 0.657 seconds
[2024-06-15 10:30:51,712] {processor.py:153} INFO - Started process (PID=126) to work on /home/airflow/.local/lib/python3.7/site-packages/airflow/example_dags/example_bash_operator.py
[2024-06-15 10:30:51,714] {processor.py:641} INFO - Processing file /home/airflow/.local/lib/python3.7/site-packages/airflow/example_dags/example_bash_operator.py for tasks to queue
[2024-06-15 10:30:51,717] {logging_mixin.py:115} INFO - [2024-06-15 10:30:51,717] {dagbag.py:507} INFO - Filling up the DagBag from /home/airflow/.local/lib/python3.7/site-packages/airflow/example_dags/example_bash_operator.py
[2024-06-15 10:30:51,737] {processor.py:651} INFO - DAG(s) dict_keys(['example_bash_operator']) retrieved from /home/airflow/.local/lib/python3.7/site-packages/airflow/example_dags/example_bash_operator.py
[2024-06-15 10:30:51,783] {logging_mixin.py:115} INFO - [2024-06-15 10:30:51,783] {dag.py:2371} INFO - Sync 1 DAGs
[2024-06-15 10:30:51,960] {logging_mixin.py:115} INFO - [2024-06-15 10:30:51,960] {dag.py:2919} INFO - Setting next_dagrun for example_bash_operator to 2024-06-14T00:00:00+00:00, run_after=2024-06-15T00:00:00+00:00
[2024-06-15 10:30:51,980] {processor.py:161} INFO - Processing /home/airflow/.local/lib/python3.7/site-packages/airflow/example_dags/example_bash_operator.py took 0.274 seconds
[2024-06-15 10:31:23,354] {processor.py:153} INFO - Started process (PID=192) to work on /home/airflow/.local/lib/python3.7/site-packages/airflow/example_dags/example_bash_operator.py
[2024-06-15 10:31:23,355] {processor.py:641} INFO - Processing file /home/airflow/.local/lib/python3.7/site-packages/airflow/example_dags/example_bash_operator.py for tasks to queue
[2024-06-15 10:31:23,360] {logging_mixin.py:115} INFO - [2024-06-15 10:31:23,360] {dagbag.py:507} INFO - Filling up the DagBag from /home/airflow/.local/lib/python3.7/site-packages/airflow/example_dags/example_bash_operator.py
[2024-06-15 10:31:23,390] {processor.py:651} INFO - DAG(s) dict_keys(['example_bash_operator']) retrieved from /home/airflow/.local/lib/python3.7/site-packages/airflow/example_dags/example_bash_operator.py
[2024-06-15 10:31:23,443] {logging_mixin.py:115} INFO - [2024-06-15 10:31:23,443] {dag.py:2371} INFO - Sync 1 DAGs
[2024-06-15 10:31:23,664] {logging_mixin.py:115} INFO - [2024-06-15 10:31:23,664] {dag.py:2919} INFO - Setting next_dagrun for example_bash_operator to 2024-06-14T00:00:00+00:00, run_after=2024-06-15T00:00:00+00:00
[2024-06-15 10:31:23,691] {processor.py:161} INFO - Processing /home/airflow/.local/lib/python3.7/site-packages/airflow/example_dags/example_bash_operator.py took 0.342 seconds
[2024-06-15 10:31:53,893] {processor.py:153} INFO - Started process (PID=246) to work on /home/airflow/.local/lib/python3.7/site-packages/airflow/example_dags/example_bash_operator.py
[2024-06-15 10:31:53,894] {processor.py:641} INFO - Processing file /home/airflow/.local/lib/python3.7/site-packages/airflow/example_dags/example_bash_operator.py for tasks to queue
[2024-06-15 10:31:53,895] {logging_mixin.py:115} INFO - [2024-06-15 10:31:53,895] {dagbag.py:507} INFO - Filling up the DagBag from /home/airflow/.local/lib/python3.7/site-packages/airflow/example_dags/example_bash_operator.py
[2024-06-15 10:31:53,911] {processor.py:651} INFO - DAG(s) dict_keys(['example_bash_operator']) retrieved from /home/airflow/.local/lib/python3.7/site-packages/airflow/example_dags/example_bash_operator.py
[2024-06-15 10:31:53,943] {logging_mixin.py:115} INFO - [2024-06-15 10:31:53,943] {dag.py:2371} INFO - Sync 1 DAGs
[2024-06-15 10:31:54,088] {logging_mixin.py:115} INFO - [2024-06-15 10:31:54,088] {dag.py:2919} INFO - Setting next_dagrun for example_bash_operator to 2024-06-14T00:00:00+00:00, run_after=2024-06-15T00:00:00+00:00
[2024-06-15 10:31:54,105] {processor.py:161} INFO - Processing /home/airflow/.local/lib/python3.7/site-packages/airflow/example_dags/example_bash_operator.py took 0.216 seconds
[2024-06-15 10:32:24,849] {processor.py:153} INFO - Started process (PID=310) to work on /home/airflow/.local/lib/python3.7/site-packages/airflow/example_dags/example_bash_operator.py
[2024-06-15 10:32:24,850] {processor.py:641} INFO - Processing file /home/airflow/.local/lib/python3.7/site-packages/airflow/example_dags/example_bash_operator.py for tasks to queue
[2024-06-15 10:32:24,851] {logging_mixin.py:115} INFO - [2024-06-15 10:32:24,851] {dagbag.py:507} INFO - Filling up the DagBag from /home/airflow/.local/lib/python3.7/site-packages/airflow/example_dags/example_bash_operator.py
[2024-06-15 10:32:24,865] {processor.py:651} INFO - DAG(s) dict_keys(['example_bash_operator']) retrieved from /home/airflow/.local/lib/python3.7/site-packages/airflow/example_dags/example_bash_operator.py
[2024-06-15 10:32:24,898] {logging_mixin.py:115} INFO - [2024-06-15 10:32:24,898] {dag.py:2371} INFO - Sync 1 DAGs
[2024-06-15 10:32:25,074] {logging_mixin.py:115} INFO - [2024-06-15 10:32:25,074] {dag.py:2919} INFO - Setting next_dagrun for example_bash_operator to 2024-06-14T00:00:00+00:00, run_after=2024-06-15T00:00:00+00:00
[2024-06-15 10:32:25,089] {processor.py:161} INFO - Processing /home/airflow/.local/lib/python3.7/site-packages/airflow/example_dags/example_bash_operator.py took 0.243 seconds
[2024-06-15 10:32:55,612] {processor.py:153} INFO - Started process (PID=365) to work on /home/airflow/.local/lib/python3.7/site-packages/airflow/example_dags/example_bash_operator.py
[2024-06-15 10:32:55,612] {processor.py:641} INFO - Processing file /home/airflow/.local/lib/python3.7/site-packages/airflow/example_dags/example_bash_operator.py for tasks to queue
[2024-06-15 10:32:55,613] {logging_mixin.py:115} INFO - [2024-06-15 10:32:55,613] {dagbag.py:507} INFO - Filling up the DagBag from /home/airflow/.local/lib/python3.7/site-packages/airflow/example_dags/example_bash_operator.py
[2024-06-15 10:32:55,626] {processor.py:651} INFO - DAG(s) dict_keys(['example_bash_operator']) retrieved from /home/airflow/.local/lib/python3.7/site-packages/airflow/example_dags/example_bash_operator.py
[2024-06-15 10:32:55,660] {logging_mixin.py:115} INFO - [2024-06-15 10:32:55,660] {dag.py:2371} INFO - Sync 1 DAGs
[2024-06-15 10:32:55,883] {logging_mixin.py:115} INFO - [2024-06-15 10:32:55,883] {dag.py:2919} INFO - Setting next_dagrun for example_bash_operator to 2024-06-14T00:00:00+00:00, run_after=2024-06-15T00:00:00+00:00
[2024-06-15 10:32:55,900] {processor.py:161} INFO - Processing /home/airflow/.local/lib/python3.7/site-packages/airflow/example_dags/example_bash_operator.py took 0.292 seconds
[2024-06-15 10:33:26,542] {processor.py:153} INFO - Started process (PID=430) to work on /home/airflow/.local/lib/python3.7/site-packages/airflow/example_dags/example_bash_operator.py
[2024-06-15 10:33:26,542] {processor.py:641} INFO - Processing file /home/airflow/.local/lib/python3.7/site-packages/airflow/example_dags/example_bash_operator.py for tasks to queue
[2024-06-15 10:33:26,543] {logging_mixin.py:115} INFO - [2024-06-15 10:33:26,543] {dagbag.py:507} INFO - Filling up the DagBag from /home/airflow/.local/lib/python3.7/site-packages/airflow/example_dags/example_bash_operator.py
[2024-06-15 10:33:26,557] {processor.py:651} INFO - DAG(s) dict_keys(['example_bash_operator']) retrieved from /home/airflow/.local/lib/python3.7/site-packages/airflow/example_dags/example_bash_operator.py
[2024-06-15 10:33:26,592] {logging_mixin.py:115} INFO - [2024-06-15 10:33:26,592] {dag.py:2371} INFO - Sync 1 DAGs
[2024-06-15 10:33:26,745] {logging_mixin.py:115} INFO - [2024-06-15 10:33:26,745] {dag.py:2919} INFO - Setting next_dagrun for example_bash_operator to 2024-06-14T00:00:00+00:00, run_after=2024-06-15T00:00:00+00:00
[2024-06-15 10:33:26,767] {processor.py:161} INFO - Processing /home/airflow/.local/lib/python3.7/site-packages/airflow/example_dags/example_bash_operator.py took 0.229 seconds
