[2024-06-15 10:30:08,237] {processor.py:153} INFO - Started process (PID=58) to work on /home/airflow/.local/lib/python3.7/site-packages/airflow/example_dags/tutorial_taskflow_api_etl.py
[2024-06-15 10:30:08,244] {processor.py:641} INFO - Processing file /home/airflow/.local/lib/python3.7/site-packages/airflow/example_dags/tutorial_taskflow_api_etl.py for tasks to queue
[2024-06-15 10:30:08,246] {logging_mixin.py:115} INFO - [2024-06-15 10:30:08,246] {dagbag.py:507} INFO - Filling up the DagBag from /home/airflow/.local/lib/python3.7/site-packages/airflow/example_dags/tutorial_taskflow_api_etl.py
[2024-06-15 10:30:08,291] {processor.py:651} INFO - DAG(s) dict_keys(['tutorial_taskflow_api_etl']) retrieved from /home/airflow/.local/lib/python3.7/site-packages/airflow/example_dags/tutorial_taskflow_api_etl.py
[2024-06-15 10:30:08,735] {logging_mixin.py:115} INFO - [2024-06-15 10:30:08,735] {manager.py:508} INFO - Created Permission View: can read on DAG:tutorial_taskflow_api_etl
[2024-06-15 10:30:08,772] {logging_mixin.py:115} INFO - [2024-06-15 10:30:08,772] {manager.py:508} INFO - Created Permission View: can delete on DAG:tutorial_taskflow_api_etl
[2024-06-15 10:30:08,836] {logging_mixin.py:115} INFO - [2024-06-15 10:30:08,836] {manager.py:508} INFO - Created Permission View: can edit on DAG:tutorial_taskflow_api_etl
[2024-06-15 10:30:08,849] {logging_mixin.py:115} INFO - [2024-06-15 10:30:08,849] {dag.py:2371} INFO - Sync 1 DAGs
[2024-06-15 10:30:08,891] {logging_mixin.py:115} INFO - [2024-06-15 10:30:08,891] {dag.py:2390} INFO - Creating ORM DAG for tutorial_taskflow_api_etl
[2024-06-15 10:30:08,915] {logging_mixin.py:115} INFO - [2024-06-15 10:30:08,914] {dag.py:2919} INFO - Setting next_dagrun for tutorial_taskflow_api_etl to None, run_after=None
[2024-06-15 10:30:08,962] {processor.py:161} INFO - Processing /home/airflow/.local/lib/python3.7/site-packages/airflow/example_dags/tutorial_taskflow_api_etl.py took 0.733 seconds
[2024-06-15 10:30:53,053] {processor.py:153} INFO - Started process (PID=131) to work on /home/airflow/.local/lib/python3.7/site-packages/airflow/example_dags/tutorial_taskflow_api_etl.py
[2024-06-15 10:30:53,057] {processor.py:641} INFO - Processing file /home/airflow/.local/lib/python3.7/site-packages/airflow/example_dags/tutorial_taskflow_api_etl.py for tasks to queue
[2024-06-15 10:30:53,059] {logging_mixin.py:115} INFO - [2024-06-15 10:30:53,059] {dagbag.py:507} INFO - Filling up the DagBag from /home/airflow/.local/lib/python3.7/site-packages/airflow/example_dags/tutorial_taskflow_api_etl.py
[2024-06-15 10:30:53,089] {processor.py:651} INFO - DAG(s) dict_keys(['tutorial_taskflow_api_etl']) retrieved from /home/airflow/.local/lib/python3.7/site-packages/airflow/example_dags/tutorial_taskflow_api_etl.py
[2024-06-15 10:30:53,362] {logging_mixin.py:115} INFO - [2024-06-15 10:30:53,362] {dag.py:2371} INFO - Sync 1 DAGs
[2024-06-15 10:30:53,388] {logging_mixin.py:115} INFO - [2024-06-15 10:30:53,388] {dag.py:2919} INFO - Setting next_dagrun for tutorial_taskflow_api_etl to None, run_after=None
[2024-06-15 10:30:53,410] {processor.py:161} INFO - Processing /home/airflow/.local/lib/python3.7/site-packages/airflow/example_dags/tutorial_taskflow_api_etl.py took 0.361 seconds
[2024-06-15 10:31:24,602] {processor.py:153} INFO - Started process (PID=199) to work on /home/airflow/.local/lib/python3.7/site-packages/airflow/example_dags/tutorial_taskflow_api_etl.py
[2024-06-15 10:31:24,603] {processor.py:641} INFO - Processing file /home/airflow/.local/lib/python3.7/site-packages/airflow/example_dags/tutorial_taskflow_api_etl.py for tasks to queue
[2024-06-15 10:31:24,604] {logging_mixin.py:115} INFO - [2024-06-15 10:31:24,604] {dagbag.py:507} INFO - Filling up the DagBag from /home/airflow/.local/lib/python3.7/site-packages/airflow/example_dags/tutorial_taskflow_api_etl.py
[2024-06-15 10:31:24,623] {processor.py:651} INFO - DAG(s) dict_keys(['tutorial_taskflow_api_etl']) retrieved from /home/airflow/.local/lib/python3.7/site-packages/airflow/example_dags/tutorial_taskflow_api_etl.py
[2024-06-15 10:31:24,830] {logging_mixin.py:115} INFO - [2024-06-15 10:31:24,830] {dag.py:2371} INFO - Sync 1 DAGs
[2024-06-15 10:31:24,853] {logging_mixin.py:115} INFO - [2024-06-15 10:31:24,853] {dag.py:2919} INFO - Setting next_dagrun for tutorial_taskflow_api_etl to None, run_after=None
[2024-06-15 10:31:24,874] {processor.py:161} INFO - Processing /home/airflow/.local/lib/python3.7/site-packages/airflow/example_dags/tutorial_taskflow_api_etl.py took 0.275 seconds
[2024-06-15 10:31:55,134] {processor.py:153} INFO - Started process (PID=253) to work on /home/airflow/.local/lib/python3.7/site-packages/airflow/example_dags/tutorial_taskflow_api_etl.py
[2024-06-15 10:31:55,135] {processor.py:641} INFO - Processing file /home/airflow/.local/lib/python3.7/site-packages/airflow/example_dags/tutorial_taskflow_api_etl.py for tasks to queue
[2024-06-15 10:31:55,136] {logging_mixin.py:115} INFO - [2024-06-15 10:31:55,136] {dagbag.py:507} INFO - Filling up the DagBag from /home/airflow/.local/lib/python3.7/site-packages/airflow/example_dags/tutorial_taskflow_api_etl.py
[2024-06-15 10:31:55,157] {processor.py:651} INFO - DAG(s) dict_keys(['tutorial_taskflow_api_etl']) retrieved from /home/airflow/.local/lib/python3.7/site-packages/airflow/example_dags/tutorial_taskflow_api_etl.py
[2024-06-15 10:31:55,376] {logging_mixin.py:115} INFO - [2024-06-15 10:31:55,376] {dag.py:2371} INFO - Sync 1 DAGs
[2024-06-15 10:31:55,400] {logging_mixin.py:115} INFO - [2024-06-15 10:31:55,400] {dag.py:2919} INFO - Setting next_dagrun for tutorial_taskflow_api_etl to None, run_after=None
[2024-06-15 10:31:55,418] {processor.py:161} INFO - Processing /home/airflow/.local/lib/python3.7/site-packages/airflow/example_dags/tutorial_taskflow_api_etl.py took 0.289 seconds
[2024-06-15 10:32:25,727] {processor.py:153} INFO - Started process (PID=317) to work on /home/airflow/.local/lib/python3.7/site-packages/airflow/example_dags/tutorial_taskflow_api_etl.py
[2024-06-15 10:32:25,727] {processor.py:641} INFO - Processing file /home/airflow/.local/lib/python3.7/site-packages/airflow/example_dags/tutorial_taskflow_api_etl.py for tasks to queue
[2024-06-15 10:32:25,728] {logging_mixin.py:115} INFO - [2024-06-15 10:32:25,728] {dagbag.py:507} INFO - Filling up the DagBag from /home/airflow/.local/lib/python3.7/site-packages/airflow/example_dags/tutorial_taskflow_api_etl.py
[2024-06-15 10:32:25,751] {processor.py:651} INFO - DAG(s) dict_keys(['tutorial_taskflow_api_etl']) retrieved from /home/airflow/.local/lib/python3.7/site-packages/airflow/example_dags/tutorial_taskflow_api_etl.py
[2024-06-15 10:32:25,994] {logging_mixin.py:115} INFO - [2024-06-15 10:32:25,993] {dag.py:2371} INFO - Sync 1 DAGs
[2024-06-15 10:32:26,023] {logging_mixin.py:115} INFO - [2024-06-15 10:32:26,023] {dag.py:2919} INFO - Setting next_dagrun for tutorial_taskflow_api_etl to None, run_after=None
[2024-06-15 10:32:26,052] {processor.py:161} INFO - Processing /home/airflow/.local/lib/python3.7/site-packages/airflow/example_dags/tutorial_taskflow_api_etl.py took 0.329 seconds
[2024-06-15 10:32:56,770] {processor.py:153} INFO - Started process (PID=379) to work on /home/airflow/.local/lib/python3.7/site-packages/airflow/example_dags/tutorial_taskflow_api_etl.py
[2024-06-15 10:32:56,771] {processor.py:641} INFO - Processing file /home/airflow/.local/lib/python3.7/site-packages/airflow/example_dags/tutorial_taskflow_api_etl.py for tasks to queue
[2024-06-15 10:32:56,772] {logging_mixin.py:115} INFO - [2024-06-15 10:32:56,772] {dagbag.py:507} INFO - Filling up the DagBag from /home/airflow/.local/lib/python3.7/site-packages/airflow/example_dags/tutorial_taskflow_api_etl.py
[2024-06-15 10:32:56,802] {processor.py:651} INFO - DAG(s) dict_keys(['tutorial_taskflow_api_etl']) retrieved from /home/airflow/.local/lib/python3.7/site-packages/airflow/example_dags/tutorial_taskflow_api_etl.py
[2024-06-15 10:32:57,064] {logging_mixin.py:115} INFO - [2024-06-15 10:32:57,064] {dag.py:2371} INFO - Sync 1 DAGs
[2024-06-15 10:32:57,092] {logging_mixin.py:115} INFO - [2024-06-15 10:32:57,092] {dag.py:2919} INFO - Setting next_dagrun for tutorial_taskflow_api_etl to None, run_after=None
[2024-06-15 10:32:57,130] {processor.py:161} INFO - Processing /home/airflow/.local/lib/python3.7/site-packages/airflow/example_dags/tutorial_taskflow_api_etl.py took 0.363 seconds
[2024-06-15 10:33:27,313] {processor.py:153} INFO - Started process (PID=435) to work on /home/airflow/.local/lib/python3.7/site-packages/airflow/example_dags/tutorial_taskflow_api_etl.py
[2024-06-15 10:33:27,313] {processor.py:641} INFO - Processing file /home/airflow/.local/lib/python3.7/site-packages/airflow/example_dags/tutorial_taskflow_api_etl.py for tasks to queue
[2024-06-15 10:33:27,314] {logging_mixin.py:115} INFO - [2024-06-15 10:33:27,314] {dagbag.py:507} INFO - Filling up the DagBag from /home/airflow/.local/lib/python3.7/site-packages/airflow/example_dags/tutorial_taskflow_api_etl.py
[2024-06-15 10:33:27,334] {processor.py:651} INFO - DAG(s) dict_keys(['tutorial_taskflow_api_etl']) retrieved from /home/airflow/.local/lib/python3.7/site-packages/airflow/example_dags/tutorial_taskflow_api_etl.py
[2024-06-15 10:33:27,535] {logging_mixin.py:115} INFO - [2024-06-15 10:33:27,535] {dag.py:2371} INFO - Sync 1 DAGs
[2024-06-15 10:33:27,557] {logging_mixin.py:115} INFO - [2024-06-15 10:33:27,557] {dag.py:2919} INFO - Setting next_dagrun for tutorial_taskflow_api_etl to None, run_after=None
[2024-06-15 10:33:27,591] {processor.py:161} INFO - Processing /home/airflow/.local/lib/python3.7/site-packages/airflow/example_dags/tutorial_taskflow_api_etl.py took 0.282 seconds
