[2024-06-16 10:06:39,851] {processor.py:153} INFO - Started process (PID=42) to work on /opt/airflow/dags/books_dashboard_ETL.py
[2024-06-16 10:06:39,852] {processor.py:641} INFO - Processing file /opt/airflow/dags/books_dashboard_ETL.py for tasks to queue
[2024-06-16 10:06:39,853] {logging_mixin.py:115} INFO - [2024-06-16 10:06:39,853] {dagbag.py:507} INFO - Filling up the DagBag from /opt/airflow/dags/books_dashboard_ETL.py
[2024-06-16 10:06:41,624] {processor.py:651} INFO - DAG(s) dict_keys(['books_dashboard_ETL']) retrieved from /opt/airflow/dags/books_dashboard_ETL.py
[2024-06-16 10:06:41,693] {logging_mixin.py:115} INFO - [2024-06-16 10:06:41,692] {dag.py:2371} INFO - Sync 1 DAGs
[2024-06-16 10:06:41,715] {logging_mixin.py:115} INFO - [2024-06-16 10:06:41,715] {dag.py:2919} INFO - Setting next_dagrun for books_dashboard_ETL to 2024-01-01T00:00:00+00:00, run_after=2024-01-02T00:00:00+00:00
[2024-06-16 10:06:41,793] {processor.py:161} INFO - Processing /opt/airflow/dags/books_dashboard_ETL.py took 1.945 seconds
[2024-06-16 10:07:12,386] {processor.py:153} INFO - Started process (PID=109) to work on /opt/airflow/dags/books_dashboard_ETL.py
[2024-06-16 10:07:12,387] {processor.py:641} INFO - Processing file /opt/airflow/dags/books_dashboard_ETL.py for tasks to queue
[2024-06-16 10:07:12,388] {logging_mixin.py:115} INFO - [2024-06-16 10:07:12,388] {dagbag.py:507} INFO - Filling up the DagBag from /opt/airflow/dags/books_dashboard_ETL.py
[2024-06-16 10:07:12,817] {processor.py:651} INFO - DAG(s) dict_keys(['books_dashboard_ETL']) retrieved from /opt/airflow/dags/books_dashboard_ETL.py
[2024-06-16 10:07:12,838] {logging_mixin.py:115} INFO - [2024-06-16 10:07:12,837] {dag.py:2371} INFO - Sync 1 DAGs
[2024-06-16 10:07:12,860] {logging_mixin.py:115} INFO - [2024-06-16 10:07:12,860] {dag.py:2919} INFO - Setting next_dagrun for books_dashboard_ETL to 2024-01-01T00:00:00+00:00, run_after=2024-01-02T00:00:00+00:00
[2024-06-16 10:07:13,029] {processor.py:161} INFO - Processing /opt/airflow/dags/books_dashboard_ETL.py took 0.647 seconds
[2024-06-16 10:07:43,916] {processor.py:153} INFO - Started process (PID=164) to work on /opt/airflow/dags/books_dashboard_ETL.py
[2024-06-16 10:07:43,917] {processor.py:641} INFO - Processing file /opt/airflow/dags/books_dashboard_ETL.py for tasks to queue
[2024-06-16 10:07:43,918] {logging_mixin.py:115} INFO - [2024-06-16 10:07:43,918] {dagbag.py:507} INFO - Filling up the DagBag from /opt/airflow/dags/books_dashboard_ETL.py
[2024-06-16 10:07:44,562] {processor.py:651} INFO - DAG(s) dict_keys(['books_dashboard_ETL']) retrieved from /opt/airflow/dags/books_dashboard_ETL.py
[2024-06-16 10:07:44,586] {logging_mixin.py:115} INFO - [2024-06-16 10:07:44,585] {dag.py:2371} INFO - Sync 1 DAGs
[2024-06-16 10:07:44,606] {logging_mixin.py:115} INFO - [2024-06-16 10:07:44,606] {dag.py:2919} INFO - Setting next_dagrun for books_dashboard_ETL to 2024-01-01T00:00:00+00:00, run_after=2024-01-02T00:00:00+00:00
[2024-06-16 10:07:44,619] {processor.py:161} INFO - Processing /opt/airflow/dags/books_dashboard_ETL.py took 0.707 seconds
[2024-06-16 10:08:14,665] {processor.py:153} INFO - Started process (PID=228) to work on /opt/airflow/dags/books_dashboard_ETL.py
[2024-06-16 10:08:14,666] {processor.py:641} INFO - Processing file /opt/airflow/dags/books_dashboard_ETL.py for tasks to queue
[2024-06-16 10:08:14,667] {logging_mixin.py:115} INFO - [2024-06-16 10:08:14,667] {dagbag.py:507} INFO - Filling up the DagBag from /opt/airflow/dags/books_dashboard_ETL.py
[2024-06-16 10:08:15,061] {processor.py:651} INFO - DAG(s) dict_keys(['books_dashboard_ETL']) retrieved from /opt/airflow/dags/books_dashboard_ETL.py
[2024-06-16 10:08:15,080] {logging_mixin.py:115} INFO - [2024-06-16 10:08:15,080] {dag.py:2371} INFO - Sync 1 DAGs
[2024-06-16 10:08:15,109] {logging_mixin.py:115} INFO - [2024-06-16 10:08:15,109] {dag.py:2919} INFO - Setting next_dagrun for books_dashboard_ETL to 2024-01-01T00:00:00+00:00, run_after=2024-01-02T00:00:00+00:00
[2024-06-16 10:08:15,129] {processor.py:161} INFO - Processing /opt/airflow/dags/books_dashboard_ETL.py took 0.467 seconds
[2024-06-16 10:08:45,878] {processor.py:153} INFO - Started process (PID=290) to work on /opt/airflow/dags/books_dashboard_ETL.py
[2024-06-16 10:08:45,879] {processor.py:641} INFO - Processing file /opt/airflow/dags/books_dashboard_ETL.py for tasks to queue
[2024-06-16 10:08:45,880] {logging_mixin.py:115} INFO - [2024-06-16 10:08:45,880] {dagbag.py:507} INFO - Filling up the DagBag from /opt/airflow/dags/books_dashboard_ETL.py
[2024-06-16 10:08:46,297] {processor.py:651} INFO - DAG(s) dict_keys(['books_dashboard_ETL']) retrieved from /opt/airflow/dags/books_dashboard_ETL.py
[2024-06-16 10:08:46,318] {logging_mixin.py:115} INFO - [2024-06-16 10:08:46,318] {dag.py:2371} INFO - Sync 1 DAGs
[2024-06-16 10:08:46,341] {logging_mixin.py:115} INFO - [2024-06-16 10:08:46,341] {dag.py:2919} INFO - Setting next_dagrun for books_dashboard_ETL to 2024-01-01T00:00:00+00:00, run_after=2024-01-02T00:00:00+00:00
[2024-06-16 10:08:46,356] {processor.py:161} INFO - Processing /opt/airflow/dags/books_dashboard_ETL.py took 0.482 seconds
[2024-06-16 10:09:16,534] {processor.py:153} INFO - Started process (PID=346) to work on /opt/airflow/dags/books_dashboard_ETL.py
[2024-06-16 10:09:16,535] {processor.py:641} INFO - Processing file /opt/airflow/dags/books_dashboard_ETL.py for tasks to queue
[2024-06-16 10:09:16,536] {logging_mixin.py:115} INFO - [2024-06-16 10:09:16,536] {dagbag.py:507} INFO - Filling up the DagBag from /opt/airflow/dags/books_dashboard_ETL.py
[2024-06-16 10:09:16,985] {processor.py:651} INFO - DAG(s) dict_keys(['books_dashboard_ETL']) retrieved from /opt/airflow/dags/books_dashboard_ETL.py
[2024-06-16 10:09:17,006] {logging_mixin.py:115} INFO - [2024-06-16 10:09:17,005] {dag.py:2371} INFO - Sync 1 DAGs
[2024-06-16 10:09:17,027] {logging_mixin.py:115} INFO - [2024-06-16 10:09:17,027] {dag.py:2919} INFO - Setting next_dagrun for books_dashboard_ETL to 2024-01-01T00:00:00+00:00, run_after=2024-01-02T00:00:00+00:00
[2024-06-16 10:09:17,043] {processor.py:161} INFO - Processing /opt/airflow/dags/books_dashboard_ETL.py took 0.512 seconds
[2024-06-16 10:09:47,145] {processor.py:153} INFO - Started process (PID=410) to work on /opt/airflow/dags/books_dashboard_ETL.py
[2024-06-16 10:09:47,146] {processor.py:641} INFO - Processing file /opt/airflow/dags/books_dashboard_ETL.py for tasks to queue
[2024-06-16 10:09:47,147] {logging_mixin.py:115} INFO - [2024-06-16 10:09:47,147] {dagbag.py:507} INFO - Filling up the DagBag from /opt/airflow/dags/books_dashboard_ETL.py
[2024-06-16 10:09:47,537] {processor.py:651} INFO - DAG(s) dict_keys(['books_dashboard_ETL']) retrieved from /opt/airflow/dags/books_dashboard_ETL.py
[2024-06-16 10:09:47,559] {logging_mixin.py:115} INFO - [2024-06-16 10:09:47,559] {dag.py:2371} INFO - Sync 1 DAGs
[2024-06-16 10:09:47,584] {logging_mixin.py:115} INFO - [2024-06-16 10:09:47,583] {dag.py:2919} INFO - Setting next_dagrun for books_dashboard_ETL to 2024-01-01T00:00:00+00:00, run_after=2024-01-02T00:00:00+00:00
[2024-06-16 10:09:47,600] {processor.py:161} INFO - Processing /opt/airflow/dags/books_dashboard_ETL.py took 0.459 seconds
[2024-06-16 10:10:17,886] {processor.py:153} INFO - Started process (PID=476) to work on /opt/airflow/dags/books_dashboard_ETL.py
[2024-06-16 10:10:17,887] {processor.py:641} INFO - Processing file /opt/airflow/dags/books_dashboard_ETL.py for tasks to queue
[2024-06-16 10:10:17,888] {logging_mixin.py:115} INFO - [2024-06-16 10:10:17,888] {dagbag.py:507} INFO - Filling up the DagBag from /opt/airflow/dags/books_dashboard_ETL.py
[2024-06-16 10:10:18,285] {processor.py:651} INFO - DAG(s) dict_keys(['books_dashboard_ETL']) retrieved from /opt/airflow/dags/books_dashboard_ETL.py
[2024-06-16 10:10:18,304] {logging_mixin.py:115} INFO - [2024-06-16 10:10:18,304] {dag.py:2371} INFO - Sync 1 DAGs
[2024-06-16 10:10:18,323] {logging_mixin.py:115} INFO - [2024-06-16 10:10:18,323] {dag.py:2919} INFO - Setting next_dagrun for books_dashboard_ETL to 2024-01-01T00:00:00+00:00, run_after=2024-01-02T00:00:00+00:00
[2024-06-16 10:10:18,337] {processor.py:161} INFO - Processing /opt/airflow/dags/books_dashboard_ETL.py took 0.454 seconds
[2024-06-16 10:10:48,842] {processor.py:153} INFO - Started process (PID=530) to work on /opt/airflow/dags/books_dashboard_ETL.py
[2024-06-16 10:10:48,843] {processor.py:641} INFO - Processing file /opt/airflow/dags/books_dashboard_ETL.py for tasks to queue
[2024-06-16 10:10:48,844] {logging_mixin.py:115} INFO - [2024-06-16 10:10:48,844] {dagbag.py:507} INFO - Filling up the DagBag from /opt/airflow/dags/books_dashboard_ETL.py
[2024-06-16 10:10:49,531] {processor.py:651} INFO - DAG(s) dict_keys(['books_dashboard_ETL']) retrieved from /opt/airflow/dags/books_dashboard_ETL.py
[2024-06-16 10:10:49,574] {logging_mixin.py:115} INFO - [2024-06-16 10:10:49,573] {dag.py:2371} INFO - Sync 1 DAGs
[2024-06-16 10:10:49,599] {logging_mixin.py:115} INFO - [2024-06-16 10:10:49,599] {dag.py:2919} INFO - Setting next_dagrun for books_dashboard_ETL to 2024-01-01T00:00:00+00:00, run_after=2024-01-02T00:00:00+00:00
[2024-06-16 10:10:49,616] {processor.py:161} INFO - Processing /opt/airflow/dags/books_dashboard_ETL.py took 0.777 seconds
[2024-06-16 10:11:20,151] {processor.py:153} INFO - Started process (PID=592) to work on /opt/airflow/dags/books_dashboard_ETL.py
[2024-06-16 10:11:20,152] {processor.py:641} INFO - Processing file /opt/airflow/dags/books_dashboard_ETL.py for tasks to queue
[2024-06-16 10:11:20,153] {logging_mixin.py:115} INFO - [2024-06-16 10:11:20,153] {dagbag.py:507} INFO - Filling up the DagBag from /opt/airflow/dags/books_dashboard_ETL.py
[2024-06-16 10:11:20,551] {processor.py:651} INFO - DAG(s) dict_keys(['books_dashboard_ETL']) retrieved from /opt/airflow/dags/books_dashboard_ETL.py
[2024-06-16 10:11:20,572] {logging_mixin.py:115} INFO - [2024-06-16 10:11:20,572] {dag.py:2371} INFO - Sync 1 DAGs
[2024-06-16 10:11:20,593] {logging_mixin.py:115} INFO - [2024-06-16 10:11:20,593] {dag.py:2919} INFO - Setting next_dagrun for books_dashboard_ETL to 2024-01-01T00:00:00+00:00, run_after=2024-01-02T00:00:00+00:00
[2024-06-16 10:11:20,612] {processor.py:161} INFO - Processing /opt/airflow/dags/books_dashboard_ETL.py took 0.465 seconds
[2024-06-16 10:11:50,703] {processor.py:153} INFO - Started process (PID=655) to work on /opt/airflow/dags/books_dashboard_ETL.py
[2024-06-16 10:11:50,707] {processor.py:641} INFO - Processing file /opt/airflow/dags/books_dashboard_ETL.py for tasks to queue
[2024-06-16 10:11:50,708] {logging_mixin.py:115} INFO - [2024-06-16 10:11:50,708] {dagbag.py:507} INFO - Filling up the DagBag from /opt/airflow/dags/books_dashboard_ETL.py
[2024-06-16 10:11:51,269] {processor.py:651} INFO - DAG(s) dict_keys(['books_dashboard_ETL']) retrieved from /opt/airflow/dags/books_dashboard_ETL.py
[2024-06-16 10:11:51,292] {logging_mixin.py:115} INFO - [2024-06-16 10:11:51,292] {dag.py:2371} INFO - Sync 1 DAGs
[2024-06-16 10:11:51,314] {logging_mixin.py:115} INFO - [2024-06-16 10:11:51,314] {dag.py:2919} INFO - Setting next_dagrun for books_dashboard_ETL to 2024-01-01T00:00:00+00:00, run_after=2024-01-02T00:00:00+00:00
[2024-06-16 10:11:51,331] {processor.py:161} INFO - Processing /opt/airflow/dags/books_dashboard_ETL.py took 0.631 seconds
[2024-06-16 10:12:21,628] {processor.py:153} INFO - Started process (PID=708) to work on /opt/airflow/dags/books_dashboard_ETL.py
[2024-06-16 10:12:21,629] {processor.py:641} INFO - Processing file /opt/airflow/dags/books_dashboard_ETL.py for tasks to queue
[2024-06-16 10:12:21,630] {logging_mixin.py:115} INFO - [2024-06-16 10:12:21,630] {dagbag.py:507} INFO - Filling up the DagBag from /opt/airflow/dags/books_dashboard_ETL.py
[2024-06-16 10:12:22,047] {processor.py:651} INFO - DAG(s) dict_keys(['books_dashboard_ETL']) retrieved from /opt/airflow/dags/books_dashboard_ETL.py
[2024-06-16 10:12:22,068] {logging_mixin.py:115} INFO - [2024-06-16 10:12:22,067] {dag.py:2371} INFO - Sync 1 DAGs
[2024-06-16 10:12:22,087] {logging_mixin.py:115} INFO - [2024-06-16 10:12:22,087] {dag.py:2919} INFO - Setting next_dagrun for books_dashboard_ETL to 2024-01-01T00:00:00+00:00, run_after=2024-01-02T00:00:00+00:00
[2024-06-16 10:12:22,101] {processor.py:161} INFO - Processing /opt/airflow/dags/books_dashboard_ETL.py took 0.478 seconds
[2024-06-16 10:12:52,374] {processor.py:153} INFO - Started process (PID=771) to work on /opt/airflow/dags/books_dashboard_ETL.py
[2024-06-16 10:12:52,375] {processor.py:641} INFO - Processing file /opt/airflow/dags/books_dashboard_ETL.py for tasks to queue
[2024-06-16 10:12:52,376] {logging_mixin.py:115} INFO - [2024-06-16 10:12:52,376] {dagbag.py:507} INFO - Filling up the DagBag from /opt/airflow/dags/books_dashboard_ETL.py
[2024-06-16 10:12:52,772] {processor.py:651} INFO - DAG(s) dict_keys(['books_dashboard_ETL']) retrieved from /opt/airflow/dags/books_dashboard_ETL.py
[2024-06-16 10:12:52,793] {logging_mixin.py:115} INFO - [2024-06-16 10:12:52,792] {dag.py:2371} INFO - Sync 1 DAGs
[2024-06-16 10:12:52,812] {logging_mixin.py:115} INFO - [2024-06-16 10:12:52,812] {dag.py:2919} INFO - Setting next_dagrun for books_dashboard_ETL to 2024-01-01T00:00:00+00:00, run_after=2024-01-02T00:00:00+00:00
[2024-06-16 10:12:52,834] {processor.py:161} INFO - Processing /opt/airflow/dags/books_dashboard_ETL.py took 0.464 seconds
[2024-06-16 10:13:22,934] {processor.py:153} INFO - Started process (PID=826) to work on /opt/airflow/dags/books_dashboard_ETL.py
[2024-06-16 10:13:22,935] {processor.py:641} INFO - Processing file /opt/airflow/dags/books_dashboard_ETL.py for tasks to queue
[2024-06-16 10:13:22,936] {logging_mixin.py:115} INFO - [2024-06-16 10:13:22,936] {dagbag.py:507} INFO - Filling up the DagBag from /opt/airflow/dags/books_dashboard_ETL.py
[2024-06-16 10:13:23,400] {processor.py:651} INFO - DAG(s) dict_keys(['books_dashboard_ETL']) retrieved from /opt/airflow/dags/books_dashboard_ETL.py
[2024-06-16 10:13:23,421] {logging_mixin.py:115} INFO - [2024-06-16 10:13:23,420] {dag.py:2371} INFO - Sync 1 DAGs
[2024-06-16 10:13:23,444] {logging_mixin.py:115} INFO - [2024-06-16 10:13:23,444] {dag.py:2919} INFO - Setting next_dagrun for books_dashboard_ETL to 2024-01-01T00:00:00+00:00, run_after=2024-01-02T00:00:00+00:00
[2024-06-16 10:13:23,459] {processor.py:161} INFO - Processing /opt/airflow/dags/books_dashboard_ETL.py took 0.530 seconds
[2024-06-16 10:13:53,957] {processor.py:153} INFO - Started process (PID=889) to work on /opt/airflow/dags/books_dashboard_ETL.py
[2024-06-16 10:13:53,959] {processor.py:641} INFO - Processing file /opt/airflow/dags/books_dashboard_ETL.py for tasks to queue
[2024-06-16 10:13:53,961] {logging_mixin.py:115} INFO - [2024-06-16 10:13:53,961] {dagbag.py:507} INFO - Filling up the DagBag from /opt/airflow/dags/books_dashboard_ETL.py
[2024-06-16 10:13:54,590] {processor.py:651} INFO - DAG(s) dict_keys(['books_dashboard_ETL']) retrieved from /opt/airflow/dags/books_dashboard_ETL.py
[2024-06-16 10:13:54,620] {logging_mixin.py:115} INFO - [2024-06-16 10:13:54,619] {dag.py:2371} INFO - Sync 1 DAGs
[2024-06-16 10:13:54,646] {logging_mixin.py:115} INFO - [2024-06-16 10:13:54,646] {dag.py:2919} INFO - Setting next_dagrun for books_dashboard_ETL to 2024-01-01T00:00:00+00:00, run_after=2024-01-02T00:00:00+00:00
[2024-06-16 10:13:54,673] {processor.py:161} INFO - Processing /opt/airflow/dags/books_dashboard_ETL.py took 0.719 seconds
[2024-06-16 10:14:24,917] {processor.py:153} INFO - Started process (PID=954) to work on /opt/airflow/dags/books_dashboard_ETL.py
[2024-06-16 10:14:24,917] {processor.py:641} INFO - Processing file /opt/airflow/dags/books_dashboard_ETL.py for tasks to queue
[2024-06-16 10:14:24,918] {logging_mixin.py:115} INFO - [2024-06-16 10:14:24,918] {dagbag.py:507} INFO - Filling up the DagBag from /opt/airflow/dags/books_dashboard_ETL.py
[2024-06-16 10:14:25,331] {processor.py:651} INFO - DAG(s) dict_keys(['books_dashboard_ETL']) retrieved from /opt/airflow/dags/books_dashboard_ETL.py
[2024-06-16 10:14:25,351] {logging_mixin.py:115} INFO - [2024-06-16 10:14:25,351] {dag.py:2371} INFO - Sync 1 DAGs
[2024-06-16 10:14:25,375] {logging_mixin.py:115} INFO - [2024-06-16 10:14:25,375] {dag.py:2919} INFO - Setting next_dagrun for books_dashboard_ETL to 2024-01-01T00:00:00+00:00, run_after=2024-01-02T00:00:00+00:00
[2024-06-16 10:14:25,389] {processor.py:161} INFO - Processing /opt/airflow/dags/books_dashboard_ETL.py took 0.481 seconds
[2024-06-16 10:14:55,693] {processor.py:153} INFO - Started process (PID=1007) to work on /opt/airflow/dags/books_dashboard_ETL.py
[2024-06-16 10:14:55,694] {processor.py:641} INFO - Processing file /opt/airflow/dags/books_dashboard_ETL.py for tasks to queue
[2024-06-16 10:14:55,694] {logging_mixin.py:115} INFO - [2024-06-16 10:14:55,694] {dagbag.py:507} INFO - Filling up the DagBag from /opt/airflow/dags/books_dashboard_ETL.py
[2024-06-16 10:14:56,102] {processor.py:651} INFO - DAG(s) dict_keys(['books_dashboard_ETL']) retrieved from /opt/airflow/dags/books_dashboard_ETL.py
[2024-06-16 10:14:56,122] {logging_mixin.py:115} INFO - [2024-06-16 10:14:56,122] {dag.py:2371} INFO - Sync 1 DAGs
[2024-06-16 10:14:56,149] {logging_mixin.py:115} INFO - [2024-06-16 10:14:56,149] {dag.py:2919} INFO - Setting next_dagrun for books_dashboard_ETL to 2024-01-01T00:00:00+00:00, run_after=2024-01-02T00:00:00+00:00
[2024-06-16 10:14:56,170] {processor.py:161} INFO - Processing /opt/airflow/dags/books_dashboard_ETL.py took 0.481 seconds
[2024-06-16 10:15:26,463] {processor.py:153} INFO - Started process (PID=1069) to work on /opt/airflow/dags/books_dashboard_ETL.py
[2024-06-16 10:15:26,464] {processor.py:641} INFO - Processing file /opt/airflow/dags/books_dashboard_ETL.py for tasks to queue
[2024-06-16 10:15:26,465] {logging_mixin.py:115} INFO - [2024-06-16 10:15:26,465] {dagbag.py:507} INFO - Filling up the DagBag from /opt/airflow/dags/books_dashboard_ETL.py
[2024-06-16 10:15:26,901] {processor.py:651} INFO - DAG(s) dict_keys(['books_dashboard_ETL']) retrieved from /opt/airflow/dags/books_dashboard_ETL.py
[2024-06-16 10:15:26,922] {logging_mixin.py:115} INFO - [2024-06-16 10:15:26,922] {dag.py:2371} INFO - Sync 1 DAGs
[2024-06-16 10:15:26,945] {logging_mixin.py:115} INFO - [2024-06-16 10:15:26,945] {dag.py:2919} INFO - Setting next_dagrun for books_dashboard_ETL to 2024-01-01T00:00:00+00:00, run_after=2024-01-02T00:00:00+00:00
[2024-06-16 10:15:26,959] {processor.py:161} INFO - Processing /opt/airflow/dags/books_dashboard_ETL.py took 0.500 seconds
[2024-06-16 10:15:57,024] {processor.py:153} INFO - Started process (PID=1132) to work on /opt/airflow/dags/books_dashboard_ETL.py
[2024-06-16 10:15:57,034] {processor.py:641} INFO - Processing file /opt/airflow/dags/books_dashboard_ETL.py for tasks to queue
[2024-06-16 10:15:57,035] {logging_mixin.py:115} INFO - [2024-06-16 10:15:57,035] {dagbag.py:507} INFO - Filling up the DagBag from /opt/airflow/dags/books_dashboard_ETL.py
[2024-06-16 10:15:57,614] {processor.py:651} INFO - DAG(s) dict_keys(['books_dashboard_ETL']) retrieved from /opt/airflow/dags/books_dashboard_ETL.py
[2024-06-16 10:15:57,638] {logging_mixin.py:115} INFO - [2024-06-16 10:15:57,637] {dag.py:2371} INFO - Sync 1 DAGs
[2024-06-16 10:15:57,684] {logging_mixin.py:115} INFO - [2024-06-16 10:15:57,684] {dag.py:2919} INFO - Setting next_dagrun for books_dashboard_ETL to 2024-01-01T00:00:00+00:00, run_after=2024-01-02T00:00:00+00:00
[2024-06-16 10:15:57,706] {processor.py:161} INFO - Processing /opt/airflow/dags/books_dashboard_ETL.py took 0.686 seconds
[2024-06-16 10:16:27,765] {processor.py:153} INFO - Started process (PID=1186) to work on /opt/airflow/dags/books_dashboard_ETL.py
[2024-06-16 10:16:27,766] {processor.py:641} INFO - Processing file /opt/airflow/dags/books_dashboard_ETL.py for tasks to queue
[2024-06-16 10:16:27,767] {logging_mixin.py:115} INFO - [2024-06-16 10:16:27,767] {dagbag.py:507} INFO - Filling up the DagBag from /opt/airflow/dags/books_dashboard_ETL.py
[2024-06-16 10:16:28,177] {processor.py:651} INFO - DAG(s) dict_keys(['books_dashboard_ETL']) retrieved from /opt/airflow/dags/books_dashboard_ETL.py
[2024-06-16 10:16:28,198] {logging_mixin.py:115} INFO - [2024-06-16 10:16:28,198] {dag.py:2371} INFO - Sync 1 DAGs
[2024-06-16 10:16:28,219] {logging_mixin.py:115} INFO - [2024-06-16 10:16:28,218] {dag.py:2919} INFO - Setting next_dagrun for books_dashboard_ETL to 2024-01-01T00:00:00+00:00, run_after=2024-01-02T00:00:00+00:00
[2024-06-16 10:16:28,234] {processor.py:161} INFO - Processing /opt/airflow/dags/books_dashboard_ETL.py took 0.473 seconds
[2024-06-16 10:16:58,943] {processor.py:153} INFO - Started process (PID=1248) to work on /opt/airflow/dags/books_dashboard_ETL.py
[2024-06-16 10:16:58,944] {processor.py:641} INFO - Processing file /opt/airflow/dags/books_dashboard_ETL.py for tasks to queue
[2024-06-16 10:16:58,945] {logging_mixin.py:115} INFO - [2024-06-16 10:16:58,945] {dagbag.py:507} INFO - Filling up the DagBag from /opt/airflow/dags/books_dashboard_ETL.py
[2024-06-16 10:16:59,371] {processor.py:651} INFO - DAG(s) dict_keys(['books_dashboard_ETL']) retrieved from /opt/airflow/dags/books_dashboard_ETL.py
[2024-06-16 10:16:59,395] {logging_mixin.py:115} INFO - [2024-06-16 10:16:59,395] {dag.py:2371} INFO - Sync 1 DAGs
[2024-06-16 10:16:59,417] {logging_mixin.py:115} INFO - [2024-06-16 10:16:59,417] {dag.py:2919} INFO - Setting next_dagrun for books_dashboard_ETL to 2024-01-01T00:00:00+00:00, run_after=2024-01-02T00:00:00+00:00
[2024-06-16 10:16:59,431] {processor.py:161} INFO - Processing /opt/airflow/dags/books_dashboard_ETL.py took 0.492 seconds
[2024-06-16 10:17:29,634] {processor.py:153} INFO - Started process (PID=1303) to work on /opt/airflow/dags/books_dashboard_ETL.py
[2024-06-16 10:17:29,635] {processor.py:641} INFO - Processing file /opt/airflow/dags/books_dashboard_ETL.py for tasks to queue
[2024-06-16 10:17:29,636] {logging_mixin.py:115} INFO - [2024-06-16 10:17:29,636] {dagbag.py:507} INFO - Filling up the DagBag from /opt/airflow/dags/books_dashboard_ETL.py
[2024-06-16 10:17:30,048] {processor.py:651} INFO - DAG(s) dict_keys(['books_dashboard_ETL']) retrieved from /opt/airflow/dags/books_dashboard_ETL.py
[2024-06-16 10:17:30,068] {logging_mixin.py:115} INFO - [2024-06-16 10:17:30,067] {dag.py:2371} INFO - Sync 1 DAGs
[2024-06-16 10:17:30,089] {logging_mixin.py:115} INFO - [2024-06-16 10:17:30,089] {dag.py:2919} INFO - Setting next_dagrun for books_dashboard_ETL to 2024-01-01T00:00:00+00:00, run_after=2024-01-02T00:00:00+00:00
[2024-06-16 10:17:30,106] {processor.py:161} INFO - Processing /opt/airflow/dags/books_dashboard_ETL.py took 0.476 seconds
[2024-06-16 10:18:00,207] {processor.py:153} INFO - Started process (PID=1370) to work on /opt/airflow/dags/books_dashboard_ETL.py
[2024-06-16 10:18:00,207] {processor.py:641} INFO - Processing file /opt/airflow/dags/books_dashboard_ETL.py for tasks to queue
[2024-06-16 10:18:00,208] {logging_mixin.py:115} INFO - [2024-06-16 10:18:00,208] {dagbag.py:507} INFO - Filling up the DagBag from /opt/airflow/dags/books_dashboard_ETL.py
[2024-06-16 10:18:00,654] {processor.py:651} INFO - DAG(s) dict_keys(['books_dashboard_ETL']) retrieved from /opt/airflow/dags/books_dashboard_ETL.py
[2024-06-16 10:18:00,685] {logging_mixin.py:115} INFO - [2024-06-16 10:18:00,684] {dag.py:2371} INFO - Sync 1 DAGs
[2024-06-16 10:18:00,709] {logging_mixin.py:115} INFO - [2024-06-16 10:18:00,709] {dag.py:2919} INFO - Setting next_dagrun for books_dashboard_ETL to 2024-01-01T00:00:00+00:00, run_after=2024-01-02T00:00:00+00:00
[2024-06-16 10:18:00,728] {processor.py:161} INFO - Processing /opt/airflow/dags/books_dashboard_ETL.py took 0.525 seconds
[2024-06-16 10:18:30,845] {processor.py:153} INFO - Started process (PID=1431) to work on /opt/airflow/dags/books_dashboard_ETL.py
[2024-06-16 10:18:30,846] {processor.py:641} INFO - Processing file /opt/airflow/dags/books_dashboard_ETL.py for tasks to queue
[2024-06-16 10:18:30,846] {logging_mixin.py:115} INFO - [2024-06-16 10:18:30,846] {dagbag.py:507} INFO - Filling up the DagBag from /opt/airflow/dags/books_dashboard_ETL.py
[2024-06-16 10:18:31,332] {processor.py:651} INFO - DAG(s) dict_keys(['books_dashboard_ETL']) retrieved from /opt/airflow/dags/books_dashboard_ETL.py
[2024-06-16 10:18:31,356] {logging_mixin.py:115} INFO - [2024-06-16 10:18:31,355] {dag.py:2371} INFO - Sync 1 DAGs
[2024-06-16 10:18:31,381] {logging_mixin.py:115} INFO - [2024-06-16 10:18:31,381] {dag.py:2919} INFO - Setting next_dagrun for books_dashboard_ETL to 2024-01-01T00:00:00+00:00, run_after=2024-01-02T00:00:00+00:00
[2024-06-16 10:18:31,395] {processor.py:161} INFO - Processing /opt/airflow/dags/books_dashboard_ETL.py took 0.554 seconds
[2024-06-16 10:19:01,820] {processor.py:153} INFO - Started process (PID=1485) to work on /opt/airflow/dags/books_dashboard_ETL.py
[2024-06-16 10:19:01,821] {processor.py:641} INFO - Processing file /opt/airflow/dags/books_dashboard_ETL.py for tasks to queue
[2024-06-16 10:19:01,822] {logging_mixin.py:115} INFO - [2024-06-16 10:19:01,822] {dagbag.py:507} INFO - Filling up the DagBag from /opt/airflow/dags/books_dashboard_ETL.py
[2024-06-16 10:19:02,237] {processor.py:651} INFO - DAG(s) dict_keys(['books_dashboard_ETL']) retrieved from /opt/airflow/dags/books_dashboard_ETL.py
[2024-06-16 10:19:02,259] {logging_mixin.py:115} INFO - [2024-06-16 10:19:02,259] {dag.py:2371} INFO - Sync 1 DAGs
[2024-06-16 10:19:02,280] {logging_mixin.py:115} INFO - [2024-06-16 10:19:02,280] {dag.py:2919} INFO - Setting next_dagrun for books_dashboard_ETL to 2024-01-01T00:00:00+00:00, run_after=2024-01-02T00:00:00+00:00
[2024-06-16 10:19:02,297] {processor.py:161} INFO - Processing /opt/airflow/dags/books_dashboard_ETL.py took 0.481 seconds
[2024-06-16 11:03:48,700] {processor.py:153} INFO - Started process (PID=42) to work on /opt/airflow/dags/books_dashboard_ETL.py
[2024-06-16 11:03:48,708] {processor.py:641} INFO - Processing file /opt/airflow/dags/books_dashboard_ETL.py for tasks to queue
[2024-06-16 11:03:48,709] {logging_mixin.py:115} INFO - [2024-06-16 11:03:48,709] {dagbag.py:507} INFO - Filling up the DagBag from /opt/airflow/dags/books_dashboard_ETL.py
[2024-06-16 11:03:50,700] {processor.py:651} INFO - DAG(s) dict_keys(['books_dashboard_ETL']) retrieved from /opt/airflow/dags/books_dashboard_ETL.py
[2024-06-16 11:03:50,725] {logging_mixin.py:115} INFO - [2024-06-16 11:03:50,725] {dag.py:2371} INFO - Sync 1 DAGs
[2024-06-16 11:03:50,753] {logging_mixin.py:115} INFO - [2024-06-16 11:03:50,753] {dag.py:2919} INFO - Setting next_dagrun for books_dashboard_ETL to 2024-01-01T00:00:00+00:00, run_after=2024-01-02T00:00:00+00:00
[2024-06-16 11:03:50,780] {processor.py:161} INFO - Processing /opt/airflow/dags/books_dashboard_ETL.py took 2.087 seconds
[2024-06-16 11:04:21,380] {processor.py:153} INFO - Started process (PID=109) to work on /opt/airflow/dags/books_dashboard_ETL.py
[2024-06-16 11:04:21,381] {processor.py:641} INFO - Processing file /opt/airflow/dags/books_dashboard_ETL.py for tasks to queue
[2024-06-16 11:04:21,384] {logging_mixin.py:115} INFO - [2024-06-16 11:04:21,383] {dagbag.py:507} INFO - Filling up the DagBag from /opt/airflow/dags/books_dashboard_ETL.py
[2024-06-16 11:04:21,876] {processor.py:651} INFO - DAG(s) dict_keys(['books_dashboard_ETL']) retrieved from /opt/airflow/dags/books_dashboard_ETL.py
[2024-06-16 11:04:21,898] {logging_mixin.py:115} INFO - [2024-06-16 11:04:21,898] {dag.py:2371} INFO - Sync 1 DAGs
[2024-06-16 11:04:21,920] {logging_mixin.py:115} INFO - [2024-06-16 11:04:21,920] {dag.py:2919} INFO - Setting next_dagrun for books_dashboard_ETL to 2024-01-01T00:00:00+00:00, run_after=2024-01-02T00:00:00+00:00
[2024-06-16 11:04:21,937] {processor.py:161} INFO - Processing /opt/airflow/dags/books_dashboard_ETL.py took 0.560 seconds
[2024-06-16 11:04:52,007] {processor.py:153} INFO - Started process (PID=164) to work on /opt/airflow/dags/books_dashboard_ETL.py
[2024-06-16 11:04:52,007] {processor.py:641} INFO - Processing file /opt/airflow/dags/books_dashboard_ETL.py for tasks to queue
[2024-06-16 11:04:52,008] {logging_mixin.py:115} INFO - [2024-06-16 11:04:52,008] {dagbag.py:507} INFO - Filling up the DagBag from /opt/airflow/dags/books_dashboard_ETL.py
[2024-06-16 11:04:52,511] {processor.py:651} INFO - DAG(s) dict_keys(['books_dashboard_ETL']) retrieved from /opt/airflow/dags/books_dashboard_ETL.py
[2024-06-16 11:04:52,534] {logging_mixin.py:115} INFO - [2024-06-16 11:04:52,533] {dag.py:2371} INFO - Sync 1 DAGs
[2024-06-16 11:04:52,557] {logging_mixin.py:115} INFO - [2024-06-16 11:04:52,557] {dag.py:2919} INFO - Setting next_dagrun for books_dashboard_ETL to 2024-01-01T00:00:00+00:00, run_after=2024-01-02T00:00:00+00:00
[2024-06-16 11:04:52,572] {processor.py:161} INFO - Processing /opt/airflow/dags/books_dashboard_ETL.py took 0.569 seconds
[2024-06-16 11:05:31,152] {processor.py:153} INFO - Started process (PID=228) to work on /opt/airflow/dags/books_dashboard_ETL.py
[2024-06-16 11:05:31,208] {processor.py:641} INFO - Processing file /opt/airflow/dags/books_dashboard_ETL.py for tasks to queue
[2024-06-16 11:05:31,232] {logging_mixin.py:115} INFO - [2024-06-16 11:05:31,232] {dagbag.py:507} INFO - Filling up the DagBag from /opt/airflow/dags/books_dashboard_ETL.py
[2024-06-16 11:05:45,247] {processor.py:651} INFO - DAG(s) dict_keys(['books_dashboard_ETL']) retrieved from /opt/airflow/dags/books_dashboard_ETL.py
[2024-06-16 11:05:45,480] {logging_mixin.py:115} INFO - [2024-06-16 11:05:45,479] {dag.py:2371} INFO - Sync 1 DAGs
[2024-06-16 11:05:45,755] {logging_mixin.py:115} INFO - [2024-06-16 11:05:45,755] {dag.py:2919} INFO - Setting next_dagrun for books_dashboard_ETL to 2024-01-01T00:00:00+00:00, run_after=2024-01-02T00:00:00+00:00
[2024-06-16 11:05:46,649] {processor.py:161} INFO - Processing /opt/airflow/dags/books_dashboard_ETL.py took 15.501 seconds
[2024-06-16 11:06:17,207] {processor.py:153} INFO - Started process (PID=283) to work on /opt/airflow/dags/books_dashboard_ETL.py
[2024-06-16 11:06:17,208] {processor.py:641} INFO - Processing file /opt/airflow/dags/books_dashboard_ETL.py for tasks to queue
[2024-06-16 11:06:17,208] {logging_mixin.py:115} INFO - [2024-06-16 11:06:17,208] {dagbag.py:507} INFO - Filling up the DagBag from /opt/airflow/dags/books_dashboard_ETL.py
[2024-06-16 11:06:17,812] {processor.py:651} INFO - DAG(s) dict_keys(['books_dashboard_ETL']) retrieved from /opt/airflow/dags/books_dashboard_ETL.py
[2024-06-16 11:06:17,834] {logging_mixin.py:115} INFO - [2024-06-16 11:06:17,833] {dag.py:2371} INFO - Sync 1 DAGs
[2024-06-16 11:06:17,858] {logging_mixin.py:115} INFO - [2024-06-16 11:06:17,857] {dag.py:2919} INFO - Setting next_dagrun for books_dashboard_ETL to 2024-01-01T00:00:00+00:00, run_after=2024-01-02T00:00:00+00:00
[2024-06-16 11:06:17,873] {processor.py:161} INFO - Processing /opt/airflow/dags/books_dashboard_ETL.py took 0.676 seconds
[2024-06-16 11:06:48,716] {processor.py:153} INFO - Started process (PID=345) to work on /opt/airflow/dags/books_dashboard_ETL.py
[2024-06-16 11:06:48,717] {processor.py:641} INFO - Processing file /opt/airflow/dags/books_dashboard_ETL.py for tasks to queue
[2024-06-16 11:06:48,718] {logging_mixin.py:115} INFO - [2024-06-16 11:06:48,718] {dagbag.py:507} INFO - Filling up the DagBag from /opt/airflow/dags/books_dashboard_ETL.py
[2024-06-16 11:06:49,251] {processor.py:651} INFO - DAG(s) dict_keys(['books_dashboard_ETL']) retrieved from /opt/airflow/dags/books_dashboard_ETL.py
[2024-06-16 11:06:49,274] {logging_mixin.py:115} INFO - [2024-06-16 11:06:49,273] {dag.py:2371} INFO - Sync 1 DAGs
[2024-06-16 11:06:49,299] {logging_mixin.py:115} INFO - [2024-06-16 11:06:49,299] {dag.py:2919} INFO - Setting next_dagrun for books_dashboard_ETL to 2024-01-01T00:00:00+00:00, run_after=2024-01-02T00:00:00+00:00
[2024-06-16 11:06:49,315] {processor.py:161} INFO - Processing /opt/airflow/dags/books_dashboard_ETL.py took 0.602 seconds
[2024-06-16 11:07:20,047] {processor.py:153} INFO - Started process (PID=398) to work on /opt/airflow/dags/books_dashboard_ETL.py
[2024-06-16 11:07:20,047] {processor.py:641} INFO - Processing file /opt/airflow/dags/books_dashboard_ETL.py for tasks to queue
[2024-06-16 11:07:20,048] {logging_mixin.py:115} INFO - [2024-06-16 11:07:20,048] {dagbag.py:507} INFO - Filling up the DagBag from /opt/airflow/dags/books_dashboard_ETL.py
[2024-06-16 11:07:20,537] {processor.py:651} INFO - DAG(s) dict_keys(['books_dashboard_ETL']) retrieved from /opt/airflow/dags/books_dashboard_ETL.py
[2024-06-16 11:07:20,563] {logging_mixin.py:115} INFO - [2024-06-16 11:07:20,563] {dag.py:2371} INFO - Sync 1 DAGs
[2024-06-16 11:07:20,604] {logging_mixin.py:115} INFO - [2024-06-16 11:07:20,604] {dag.py:2919} INFO - Setting next_dagrun for books_dashboard_ETL to 2024-01-01T00:00:00+00:00, run_after=2024-01-02T00:00:00+00:00
[2024-06-16 11:07:20,654] {processor.py:161} INFO - Processing /opt/airflow/dags/books_dashboard_ETL.py took 0.611 seconds
[2024-06-16 11:10:40,741] {processor.py:153} INFO - Started process (PID=51) to work on /opt/airflow/dags/books_dashboard_ETL.py
[2024-06-16 11:10:40,743] {processor.py:641} INFO - Processing file /opt/airflow/dags/books_dashboard_ETL.py for tasks to queue
[2024-06-16 11:10:40,762] {logging_mixin.py:115} INFO - [2024-06-16 11:10:40,762] {dagbag.py:507} INFO - Filling up the DagBag from /opt/airflow/dags/books_dashboard_ETL.py
[2024-06-16 11:10:45,585] {processor.py:651} INFO - DAG(s) dict_keys(['books_dashboard_ETL']) retrieved from /opt/airflow/dags/books_dashboard_ETL.py
[2024-06-16 11:10:45,814] {logging_mixin.py:115} INFO - [2024-06-16 11:10:45,814] {dag.py:2371} INFO - Sync 1 DAGs
[2024-06-16 11:10:45,955] {logging_mixin.py:115} INFO - [2024-06-16 11:10:45,955] {dag.py:2919} INFO - Setting next_dagrun for books_dashboard_ETL to 2024-01-01T00:00:00+00:00, run_after=2024-01-02T00:00:00+00:00
[2024-06-16 11:10:46,717] {processor.py:161} INFO - Processing /opt/airflow/dags/books_dashboard_ETL.py took 6.000 seconds
[2024-06-16 11:11:17,344] {processor.py:153} INFO - Started process (PID=120) to work on /opt/airflow/dags/books_dashboard_ETL.py
[2024-06-16 11:11:17,345] {processor.py:641} INFO - Processing file /opt/airflow/dags/books_dashboard_ETL.py for tasks to queue
[2024-06-16 11:11:17,346] {logging_mixin.py:115} INFO - [2024-06-16 11:11:17,346] {dagbag.py:507} INFO - Filling up the DagBag from /opt/airflow/dags/books_dashboard_ETL.py
[2024-06-16 11:11:17,803] {processor.py:651} INFO - DAG(s) dict_keys(['books_dashboard_ETL']) retrieved from /opt/airflow/dags/books_dashboard_ETL.py
[2024-06-16 11:11:17,828] {logging_mixin.py:115} INFO - [2024-06-16 11:11:17,828] {dag.py:2371} INFO - Sync 1 DAGs
[2024-06-16 11:11:17,851] {logging_mixin.py:115} INFO - [2024-06-16 11:11:17,851] {dag.py:2919} INFO - Setting next_dagrun for books_dashboard_ETL to 2024-01-01T00:00:00+00:00, run_after=2024-01-02T00:00:00+00:00
[2024-06-16 11:11:17,872] {processor.py:161} INFO - Processing /opt/airflow/dags/books_dashboard_ETL.py took 0.532 seconds
[2024-06-16 11:11:47,991] {processor.py:153} INFO - Started process (PID=176) to work on /opt/airflow/dags/books_dashboard_ETL.py
[2024-06-16 11:11:47,993] {processor.py:641} INFO - Processing file /opt/airflow/dags/books_dashboard_ETL.py for tasks to queue
[2024-06-16 11:11:47,994] {logging_mixin.py:115} INFO - [2024-06-16 11:11:47,994] {dagbag.py:507} INFO - Filling up the DagBag from /opt/airflow/dags/books_dashboard_ETL.py
[2024-06-16 11:11:48,420] {processor.py:651} INFO - DAG(s) dict_keys(['books_dashboard_ETL']) retrieved from /opt/airflow/dags/books_dashboard_ETL.py
[2024-06-16 11:11:48,445] {logging_mixin.py:115} INFO - [2024-06-16 11:11:48,444] {dag.py:2371} INFO - Sync 1 DAGs
[2024-06-16 11:11:48,469] {logging_mixin.py:115} INFO - [2024-06-16 11:11:48,469] {dag.py:2919} INFO - Setting next_dagrun for books_dashboard_ETL to 2024-01-01T00:00:00+00:00, run_after=2024-01-02T00:00:00+00:00
[2024-06-16 11:11:48,489] {processor.py:161} INFO - Processing /opt/airflow/dags/books_dashboard_ETL.py took 0.502 seconds
[2024-06-16 11:12:18,792] {processor.py:153} INFO - Started process (PID=240) to work on /opt/airflow/dags/books_dashboard_ETL.py
[2024-06-16 11:12:18,799] {processor.py:641} INFO - Processing file /opt/airflow/dags/books_dashboard_ETL.py for tasks to queue
[2024-06-16 11:12:18,805] {logging_mixin.py:115} INFO - [2024-06-16 11:12:18,805] {dagbag.py:507} INFO - Filling up the DagBag from /opt/airflow/dags/books_dashboard_ETL.py
[2024-06-16 11:12:19,364] {processor.py:651} INFO - DAG(s) dict_keys(['books_dashboard_ETL']) retrieved from /opt/airflow/dags/books_dashboard_ETL.py
[2024-06-16 11:12:19,405] {logging_mixin.py:115} INFO - [2024-06-16 11:12:19,405] {dag.py:2371} INFO - Sync 1 DAGs
[2024-06-16 11:12:19,434] {logging_mixin.py:115} INFO - [2024-06-16 11:12:19,434] {dag.py:2919} INFO - Setting next_dagrun for books_dashboard_ETL to 2024-01-01T00:00:00+00:00, run_after=2024-01-02T00:00:00+00:00
[2024-06-16 11:12:19,452] {processor.py:161} INFO - Processing /opt/airflow/dags/books_dashboard_ETL.py took 0.684 seconds
