[2024-06-16 10:06:44,634] {processor.py:153} INFO - Started process (PID=63) to work on /home/airflow/.local/lib/python3.7/site-packages/airflow/example_dags/example_python_operator.py
[2024-06-16 10:06:44,634] {processor.py:641} INFO - Processing file /home/airflow/.local/lib/python3.7/site-packages/airflow/example_dags/example_python_operator.py for tasks to queue
[2024-06-16 10:06:44,635] {logging_mixin.py:115} INFO - [2024-06-16 10:06:44,635] {dagbag.py:507} INFO - Filling up the DagBag from /home/airflow/.local/lib/python3.7/site-packages/airflow/example_dags/example_python_operator.py
[2024-06-16 10:06:44,657] {processor.py:651} INFO - DAG(s) dict_keys(['example_python_operator']) retrieved from /home/airflow/.local/lib/python3.7/site-packages/airflow/example_dags/example_python_operator.py
[2024-06-16 10:06:44,689] {logging_mixin.py:115} INFO - [2024-06-16 10:06:44,689] {dag.py:2371} INFO - Sync 1 DAGs
[2024-06-16 10:06:44,842] {logging_mixin.py:115} INFO - [2024-06-16 10:06:44,842] {dag.py:2919} INFO - Setting next_dagrun for example_python_operator to None, run_after=None
[2024-06-16 10:06:44,855] {processor.py:161} INFO - Processing /home/airflow/.local/lib/python3.7/site-packages/airflow/example_dags/example_python_operator.py took 0.225 seconds
[2024-06-16 10:07:16,313] {processor.py:153} INFO - Started process (PID=126) to work on /home/airflow/.local/lib/python3.7/site-packages/airflow/example_dags/example_python_operator.py
[2024-06-16 10:07:16,314] {processor.py:641} INFO - Processing file /home/airflow/.local/lib/python3.7/site-packages/airflow/example_dags/example_python_operator.py for tasks to queue
[2024-06-16 10:07:16,315] {logging_mixin.py:115} INFO - [2024-06-16 10:07:16,315] {dagbag.py:507} INFO - Filling up the DagBag from /home/airflow/.local/lib/python3.7/site-packages/airflow/example_dags/example_python_operator.py
[2024-06-16 10:07:16,366] {processor.py:651} INFO - DAG(s) dict_keys(['example_python_operator']) retrieved from /home/airflow/.local/lib/python3.7/site-packages/airflow/example_dags/example_python_operator.py
[2024-06-16 10:07:16,408] {logging_mixin.py:115} INFO - [2024-06-16 10:07:16,403] {dag.py:2371} INFO - Sync 1 DAGs
[2024-06-16 10:07:16,563] {logging_mixin.py:115} INFO - [2024-06-16 10:07:16,563] {dag.py:2919} INFO - Setting next_dagrun for example_python_operator to None, run_after=None
[2024-06-16 10:07:16,584] {processor.py:161} INFO - Processing /home/airflow/.local/lib/python3.7/site-packages/airflow/example_dags/example_python_operator.py took 0.274 seconds
[2024-06-16 10:07:46,850] {processor.py:153} INFO - Started process (PID=190) to work on /home/airflow/.local/lib/python3.7/site-packages/airflow/example_dags/example_python_operator.py
[2024-06-16 10:07:46,851] {processor.py:641} INFO - Processing file /home/airflow/.local/lib/python3.7/site-packages/airflow/example_dags/example_python_operator.py for tasks to queue
[2024-06-16 10:07:46,852] {logging_mixin.py:115} INFO - [2024-06-16 10:07:46,851] {dagbag.py:507} INFO - Filling up the DagBag from /home/airflow/.local/lib/python3.7/site-packages/airflow/example_dags/example_python_operator.py
[2024-06-16 10:07:46,877] {processor.py:651} INFO - DAG(s) dict_keys(['example_python_operator']) retrieved from /home/airflow/.local/lib/python3.7/site-packages/airflow/example_dags/example_python_operator.py
[2024-06-16 10:07:46,926] {logging_mixin.py:115} INFO - [2024-06-16 10:07:46,926] {dag.py:2371} INFO - Sync 1 DAGs
[2024-06-16 10:07:47,099] {logging_mixin.py:115} INFO - [2024-06-16 10:07:47,099] {dag.py:2919} INFO - Setting next_dagrun for example_python_operator to None, run_after=None
[2024-06-16 10:07:47,115] {processor.py:161} INFO - Processing /home/airflow/.local/lib/python3.7/site-packages/airflow/example_dags/example_python_operator.py took 0.270 seconds
[2024-06-16 10:08:17,188] {processor.py:153} INFO - Started process (PID=243) to work on /home/airflow/.local/lib/python3.7/site-packages/airflow/example_dags/example_python_operator.py
[2024-06-16 10:08:17,189] {processor.py:641} INFO - Processing file /home/airflow/.local/lib/python3.7/site-packages/airflow/example_dags/example_python_operator.py for tasks to queue
[2024-06-16 10:08:17,190] {logging_mixin.py:115} INFO - [2024-06-16 10:08:17,190] {dagbag.py:507} INFO - Filling up the DagBag from /home/airflow/.local/lib/python3.7/site-packages/airflow/example_dags/example_python_operator.py
[2024-06-16 10:08:17,212] {processor.py:651} INFO - DAG(s) dict_keys(['example_python_operator']) retrieved from /home/airflow/.local/lib/python3.7/site-packages/airflow/example_dags/example_python_operator.py
[2024-06-16 10:08:17,244] {logging_mixin.py:115} INFO - [2024-06-16 10:08:17,244] {dag.py:2371} INFO - Sync 1 DAGs
[2024-06-16 10:08:17,382] {logging_mixin.py:115} INFO - [2024-06-16 10:08:17,382] {dag.py:2919} INFO - Setting next_dagrun for example_python_operator to None, run_after=None
[2024-06-16 10:08:17,400] {processor.py:161} INFO - Processing /home/airflow/.local/lib/python3.7/site-packages/airflow/example_dags/example_python_operator.py took 0.215 seconds
[2024-06-16 10:08:47,944] {processor.py:153} INFO - Started process (PID=306) to work on /home/airflow/.local/lib/python3.7/site-packages/airflow/example_dags/example_python_operator.py
[2024-06-16 10:08:47,945] {processor.py:641} INFO - Processing file /home/airflow/.local/lib/python3.7/site-packages/airflow/example_dags/example_python_operator.py for tasks to queue
[2024-06-16 10:08:47,946] {logging_mixin.py:115} INFO - [2024-06-16 10:08:47,945] {dagbag.py:507} INFO - Filling up the DagBag from /home/airflow/.local/lib/python3.7/site-packages/airflow/example_dags/example_python_operator.py
[2024-06-16 10:08:47,965] {processor.py:651} INFO - DAG(s) dict_keys(['example_python_operator']) retrieved from /home/airflow/.local/lib/python3.7/site-packages/airflow/example_dags/example_python_operator.py
[2024-06-16 10:08:47,998] {logging_mixin.py:115} INFO - [2024-06-16 10:08:47,998] {dag.py:2371} INFO - Sync 1 DAGs
[2024-06-16 10:08:48,143] {logging_mixin.py:115} INFO - [2024-06-16 10:08:48,143] {dag.py:2919} INFO - Setting next_dagrun for example_python_operator to None, run_after=None
[2024-06-16 10:08:48,158] {processor.py:161} INFO - Processing /home/airflow/.local/lib/python3.7/site-packages/airflow/example_dags/example_python_operator.py took 0.218 seconds
[2024-06-16 10:09:18,637] {processor.py:153} INFO - Started process (PID=361) to work on /home/airflow/.local/lib/python3.7/site-packages/airflow/example_dags/example_python_operator.py
[2024-06-16 10:09:18,638] {processor.py:641} INFO - Processing file /home/airflow/.local/lib/python3.7/site-packages/airflow/example_dags/example_python_operator.py for tasks to queue
[2024-06-16 10:09:18,639] {logging_mixin.py:115} INFO - [2024-06-16 10:09:18,639] {dagbag.py:507} INFO - Filling up the DagBag from /home/airflow/.local/lib/python3.7/site-packages/airflow/example_dags/example_python_operator.py
[2024-06-16 10:09:18,662] {processor.py:651} INFO - DAG(s) dict_keys(['example_python_operator']) retrieved from /home/airflow/.local/lib/python3.7/site-packages/airflow/example_dags/example_python_operator.py
[2024-06-16 10:09:18,693] {logging_mixin.py:115} INFO - [2024-06-16 10:09:18,692] {dag.py:2371} INFO - Sync 1 DAGs
[2024-06-16 10:09:18,844] {logging_mixin.py:115} INFO - [2024-06-16 10:09:18,844] {dag.py:2919} INFO - Setting next_dagrun for example_python_operator to None, run_after=None
[2024-06-16 10:09:18,871] {processor.py:161} INFO - Processing /home/airflow/.local/lib/python3.7/site-packages/airflow/example_dags/example_python_operator.py took 0.238 seconds
[2024-06-16 10:09:49,294] {processor.py:153} INFO - Started process (PID=425) to work on /home/airflow/.local/lib/python3.7/site-packages/airflow/example_dags/example_python_operator.py
[2024-06-16 10:09:49,295] {processor.py:641} INFO - Processing file /home/airflow/.local/lib/python3.7/site-packages/airflow/example_dags/example_python_operator.py for tasks to queue
[2024-06-16 10:09:49,295] {logging_mixin.py:115} INFO - [2024-06-16 10:09:49,295] {dagbag.py:507} INFO - Filling up the DagBag from /home/airflow/.local/lib/python3.7/site-packages/airflow/example_dags/example_python_operator.py
[2024-06-16 10:09:49,315] {processor.py:651} INFO - DAG(s) dict_keys(['example_python_operator']) retrieved from /home/airflow/.local/lib/python3.7/site-packages/airflow/example_dags/example_python_operator.py
[2024-06-16 10:09:49,347] {logging_mixin.py:115} INFO - [2024-06-16 10:09:49,347] {dag.py:2371} INFO - Sync 1 DAGs
[2024-06-16 10:09:49,508] {logging_mixin.py:115} INFO - [2024-06-16 10:09:49,508] {dag.py:2919} INFO - Setting next_dagrun for example_python_operator to None, run_after=None
[2024-06-16 10:09:49,533] {processor.py:161} INFO - Processing /home/airflow/.local/lib/python3.7/site-packages/airflow/example_dags/example_python_operator.py took 0.242 seconds
[2024-06-16 10:10:19,957] {processor.py:153} INFO - Started process (PID=489) to work on /home/airflow/.local/lib/python3.7/site-packages/airflow/example_dags/example_python_operator.py
[2024-06-16 10:10:19,958] {processor.py:641} INFO - Processing file /home/airflow/.local/lib/python3.7/site-packages/airflow/example_dags/example_python_operator.py for tasks to queue
[2024-06-16 10:10:19,959] {logging_mixin.py:115} INFO - [2024-06-16 10:10:19,959] {dagbag.py:507} INFO - Filling up the DagBag from /home/airflow/.local/lib/python3.7/site-packages/airflow/example_dags/example_python_operator.py
[2024-06-16 10:10:19,981] {processor.py:651} INFO - DAG(s) dict_keys(['example_python_operator']) retrieved from /home/airflow/.local/lib/python3.7/site-packages/airflow/example_dags/example_python_operator.py
[2024-06-16 10:10:20,018] {logging_mixin.py:115} INFO - [2024-06-16 10:10:20,017] {dag.py:2371} INFO - Sync 1 DAGs
[2024-06-16 10:10:20,170] {logging_mixin.py:115} INFO - [2024-06-16 10:10:20,170] {dag.py:2919} INFO - Setting next_dagrun for example_python_operator to None, run_after=None
[2024-06-16 10:10:20,185] {processor.py:161} INFO - Processing /home/airflow/.local/lib/python3.7/site-packages/airflow/example_dags/example_python_operator.py took 0.237 seconds
[2024-06-16 10:10:50,875] {processor.py:153} INFO - Started process (PID=543) to work on /home/airflow/.local/lib/python3.7/site-packages/airflow/example_dags/example_python_operator.py
[2024-06-16 10:10:50,876] {processor.py:641} INFO - Processing file /home/airflow/.local/lib/python3.7/site-packages/airflow/example_dags/example_python_operator.py for tasks to queue
[2024-06-16 10:10:50,877] {logging_mixin.py:115} INFO - [2024-06-16 10:10:50,877] {dagbag.py:507} INFO - Filling up the DagBag from /home/airflow/.local/lib/python3.7/site-packages/airflow/example_dags/example_python_operator.py
[2024-06-16 10:10:50,896] {processor.py:651} INFO - DAG(s) dict_keys(['example_python_operator']) retrieved from /home/airflow/.local/lib/python3.7/site-packages/airflow/example_dags/example_python_operator.py
[2024-06-16 10:10:50,926] {logging_mixin.py:115} INFO - [2024-06-16 10:10:50,926] {dag.py:2371} INFO - Sync 1 DAGs
[2024-06-16 10:10:51,069] {logging_mixin.py:115} INFO - [2024-06-16 10:10:51,069] {dag.py:2919} INFO - Setting next_dagrun for example_python_operator to None, run_after=None
[2024-06-16 10:10:51,084] {processor.py:161} INFO - Processing /home/airflow/.local/lib/python3.7/site-packages/airflow/example_dags/example_python_operator.py took 0.212 seconds
[2024-06-16 10:11:22,178] {processor.py:153} INFO - Started process (PID=606) to work on /home/airflow/.local/lib/python3.7/site-packages/airflow/example_dags/example_python_operator.py
[2024-06-16 10:11:22,179] {processor.py:641} INFO - Processing file /home/airflow/.local/lib/python3.7/site-packages/airflow/example_dags/example_python_operator.py for tasks to queue
[2024-06-16 10:11:22,179] {logging_mixin.py:115} INFO - [2024-06-16 10:11:22,179] {dagbag.py:507} INFO - Filling up the DagBag from /home/airflow/.local/lib/python3.7/site-packages/airflow/example_dags/example_python_operator.py
[2024-06-16 10:11:22,197] {processor.py:651} INFO - DAG(s) dict_keys(['example_python_operator']) retrieved from /home/airflow/.local/lib/python3.7/site-packages/airflow/example_dags/example_python_operator.py
[2024-06-16 10:11:22,229] {logging_mixin.py:115} INFO - [2024-06-16 10:11:22,229] {dag.py:2371} INFO - Sync 1 DAGs
[2024-06-16 10:11:22,368] {logging_mixin.py:115} INFO - [2024-06-16 10:11:22,368] {dag.py:2919} INFO - Setting next_dagrun for example_python_operator to None, run_after=None
[2024-06-16 10:11:22,384] {processor.py:161} INFO - Processing /home/airflow/.local/lib/python3.7/site-packages/airflow/example_dags/example_python_operator.py took 0.209 seconds
[2024-06-16 10:11:52,524] {processor.py:153} INFO - Started process (PID=669) to work on /home/airflow/.local/lib/python3.7/site-packages/airflow/example_dags/example_python_operator.py
[2024-06-16 10:11:52,525] {processor.py:641} INFO - Processing file /home/airflow/.local/lib/python3.7/site-packages/airflow/example_dags/example_python_operator.py for tasks to queue
[2024-06-16 10:11:52,525] {logging_mixin.py:115} INFO - [2024-06-16 10:11:52,525] {dagbag.py:507} INFO - Filling up the DagBag from /home/airflow/.local/lib/python3.7/site-packages/airflow/example_dags/example_python_operator.py
[2024-06-16 10:11:52,548] {processor.py:651} INFO - DAG(s) dict_keys(['example_python_operator']) retrieved from /home/airflow/.local/lib/python3.7/site-packages/airflow/example_dags/example_python_operator.py
[2024-06-16 10:11:52,694] {logging_mixin.py:115} INFO - [2024-06-16 10:11:52,694] {dag.py:2371} INFO - Sync 1 DAGs
[2024-06-16 10:11:52,717] {logging_mixin.py:115} INFO - [2024-06-16 10:11:52,717] {dag.py:2919} INFO - Setting next_dagrun for example_python_operator to None, run_after=None
[2024-06-16 10:11:52,731] {processor.py:161} INFO - Processing /home/airflow/.local/lib/python3.7/site-packages/airflow/example_dags/example_python_operator.py took 0.211 seconds
[2024-06-16 10:12:23,681] {processor.py:153} INFO - Started process (PID=722) to work on /home/airflow/.local/lib/python3.7/site-packages/airflow/example_dags/example_python_operator.py
[2024-06-16 10:12:23,682] {processor.py:641} INFO - Processing file /home/airflow/.local/lib/python3.7/site-packages/airflow/example_dags/example_python_operator.py for tasks to queue
[2024-06-16 10:12:23,683] {logging_mixin.py:115} INFO - [2024-06-16 10:12:23,683] {dagbag.py:507} INFO - Filling up the DagBag from /home/airflow/.local/lib/python3.7/site-packages/airflow/example_dags/example_python_operator.py
[2024-06-16 10:12:23,707] {processor.py:651} INFO - DAG(s) dict_keys(['example_python_operator']) retrieved from /home/airflow/.local/lib/python3.7/site-packages/airflow/example_dags/example_python_operator.py
[2024-06-16 10:12:23,861] {logging_mixin.py:115} INFO - [2024-06-16 10:12:23,861] {dag.py:2371} INFO - Sync 1 DAGs
[2024-06-16 10:12:23,888] {logging_mixin.py:115} INFO - [2024-06-16 10:12:23,888] {dag.py:2919} INFO - Setting next_dagrun for example_python_operator to None, run_after=None
[2024-06-16 10:12:23,912] {processor.py:161} INFO - Processing /home/airflow/.local/lib/python3.7/site-packages/airflow/example_dags/example_python_operator.py took 0.234 seconds
[2024-06-16 10:12:54,097] {processor.py:153} INFO - Started process (PID=784) to work on /home/airflow/.local/lib/python3.7/site-packages/airflow/example_dags/example_python_operator.py
[2024-06-16 10:12:54,098] {processor.py:641} INFO - Processing file /home/airflow/.local/lib/python3.7/site-packages/airflow/example_dags/example_python_operator.py for tasks to queue
[2024-06-16 10:12:54,099] {logging_mixin.py:115} INFO - [2024-06-16 10:12:54,099] {dagbag.py:507} INFO - Filling up the DagBag from /home/airflow/.local/lib/python3.7/site-packages/airflow/example_dags/example_python_operator.py
[2024-06-16 10:12:54,125] {processor.py:651} INFO - DAG(s) dict_keys(['example_python_operator']) retrieved from /home/airflow/.local/lib/python3.7/site-packages/airflow/example_dags/example_python_operator.py
[2024-06-16 10:12:54,352] {logging_mixin.py:115} INFO - [2024-06-16 10:12:54,352] {dag.py:2371} INFO - Sync 1 DAGs
[2024-06-16 10:12:54,387] {logging_mixin.py:115} INFO - [2024-06-16 10:12:54,387] {dag.py:2919} INFO - Setting next_dagrun for example_python_operator to None, run_after=None
[2024-06-16 10:12:54,420] {processor.py:161} INFO - Processing /home/airflow/.local/lib/python3.7/site-packages/airflow/example_dags/example_python_operator.py took 0.327 seconds
[2024-06-16 10:13:25,693] {processor.py:153} INFO - Started process (PID=847) to work on /home/airflow/.local/lib/python3.7/site-packages/airflow/example_dags/example_python_operator.py
[2024-06-16 10:13:25,701] {processor.py:641} INFO - Processing file /home/airflow/.local/lib/python3.7/site-packages/airflow/example_dags/example_python_operator.py for tasks to queue
[2024-06-16 10:13:25,707] {logging_mixin.py:115} INFO - [2024-06-16 10:13:25,707] {dagbag.py:507} INFO - Filling up the DagBag from /home/airflow/.local/lib/python3.7/site-packages/airflow/example_dags/example_python_operator.py
[2024-06-16 10:13:25,766] {processor.py:651} INFO - DAG(s) dict_keys(['example_python_operator']) retrieved from /home/airflow/.local/lib/python3.7/site-packages/airflow/example_dags/example_python_operator.py
[2024-06-16 10:13:25,974] {logging_mixin.py:115} INFO - [2024-06-16 10:13:25,974] {dag.py:2371} INFO - Sync 1 DAGs
[2024-06-16 10:13:26,020] {logging_mixin.py:115} INFO - [2024-06-16 10:13:26,020] {dag.py:2919} INFO - Setting next_dagrun for example_python_operator to None, run_after=None
[2024-06-16 10:13:26,051] {processor.py:161} INFO - Processing /home/airflow/.local/lib/python3.7/site-packages/airflow/example_dags/example_python_operator.py took 0.362 seconds
[2024-06-16 10:13:56,942] {processor.py:153} INFO - Started process (PID=901) to work on /home/airflow/.local/lib/python3.7/site-packages/airflow/example_dags/example_python_operator.py
[2024-06-16 10:13:56,943] {processor.py:641} INFO - Processing file /home/airflow/.local/lib/python3.7/site-packages/airflow/example_dags/example_python_operator.py for tasks to queue
[2024-06-16 10:13:56,944] {logging_mixin.py:115} INFO - [2024-06-16 10:13:56,944] {dagbag.py:507} INFO - Filling up the DagBag from /home/airflow/.local/lib/python3.7/site-packages/airflow/example_dags/example_python_operator.py
[2024-06-16 10:13:56,966] {processor.py:651} INFO - DAG(s) dict_keys(['example_python_operator']) retrieved from /home/airflow/.local/lib/python3.7/site-packages/airflow/example_dags/example_python_operator.py
[2024-06-16 10:13:57,121] {logging_mixin.py:115} INFO - [2024-06-16 10:13:57,121] {dag.py:2371} INFO - Sync 1 DAGs
[2024-06-16 10:13:57,146] {logging_mixin.py:115} INFO - [2024-06-16 10:13:57,145] {dag.py:2919} INFO - Setting next_dagrun for example_python_operator to None, run_after=None
[2024-06-16 10:13:57,171] {processor.py:161} INFO - Processing /home/airflow/.local/lib/python3.7/site-packages/airflow/example_dags/example_python_operator.py took 0.232 seconds
[2024-06-16 10:14:27,276] {processor.py:153} INFO - Started process (PID=965) to work on /home/airflow/.local/lib/python3.7/site-packages/airflow/example_dags/example_python_operator.py
[2024-06-16 10:14:27,276] {processor.py:641} INFO - Processing file /home/airflow/.local/lib/python3.7/site-packages/airflow/example_dags/example_python_operator.py for tasks to queue
[2024-06-16 10:14:27,277] {logging_mixin.py:115} INFO - [2024-06-16 10:14:27,277] {dagbag.py:507} INFO - Filling up the DagBag from /home/airflow/.local/lib/python3.7/site-packages/airflow/example_dags/example_python_operator.py
[2024-06-16 10:14:27,300] {processor.py:651} INFO - DAG(s) dict_keys(['example_python_operator']) retrieved from /home/airflow/.local/lib/python3.7/site-packages/airflow/example_dags/example_python_operator.py
[2024-06-16 10:14:27,446] {logging_mixin.py:115} INFO - [2024-06-16 10:14:27,445] {dag.py:2371} INFO - Sync 1 DAGs
[2024-06-16 10:14:27,469] {logging_mixin.py:115} INFO - [2024-06-16 10:14:27,469] {dag.py:2919} INFO - Setting next_dagrun for example_python_operator to None, run_after=None
[2024-06-16 10:14:27,483] {processor.py:161} INFO - Processing /home/airflow/.local/lib/python3.7/site-packages/airflow/example_dags/example_python_operator.py took 0.211 seconds
[2024-06-16 10:14:58,189] {processor.py:153} INFO - Started process (PID=1026) to work on /home/airflow/.local/lib/python3.7/site-packages/airflow/example_dags/example_python_operator.py
[2024-06-16 10:14:58,190] {processor.py:641} INFO - Processing file /home/airflow/.local/lib/python3.7/site-packages/airflow/example_dags/example_python_operator.py for tasks to queue
[2024-06-16 10:14:58,190] {logging_mixin.py:115} INFO - [2024-06-16 10:14:58,190] {dagbag.py:507} INFO - Filling up the DagBag from /home/airflow/.local/lib/python3.7/site-packages/airflow/example_dags/example_python_operator.py
[2024-06-16 10:14:58,221] {processor.py:651} INFO - DAG(s) dict_keys(['example_python_operator']) retrieved from /home/airflow/.local/lib/python3.7/site-packages/airflow/example_dags/example_python_operator.py
[2024-06-16 10:14:58,381] {logging_mixin.py:115} INFO - [2024-06-16 10:14:58,381] {dag.py:2371} INFO - Sync 1 DAGs
[2024-06-16 10:14:58,404] {logging_mixin.py:115} INFO - [2024-06-16 10:14:58,404] {dag.py:2919} INFO - Setting next_dagrun for example_python_operator to None, run_after=None
[2024-06-16 10:14:58,418] {processor.py:161} INFO - Processing /home/airflow/.local/lib/python3.7/site-packages/airflow/example_dags/example_python_operator.py took 0.233 seconds
[2024-06-16 10:15:28,790] {processor.py:153} INFO - Started process (PID=1081) to work on /home/airflow/.local/lib/python3.7/site-packages/airflow/example_dags/example_python_operator.py
[2024-06-16 10:15:28,791] {processor.py:641} INFO - Processing file /home/airflow/.local/lib/python3.7/site-packages/airflow/example_dags/example_python_operator.py for tasks to queue
[2024-06-16 10:15:28,792] {logging_mixin.py:115} INFO - [2024-06-16 10:15:28,792] {dagbag.py:507} INFO - Filling up the DagBag from /home/airflow/.local/lib/python3.7/site-packages/airflow/example_dags/example_python_operator.py
[2024-06-16 10:15:28,815] {processor.py:651} INFO - DAG(s) dict_keys(['example_python_operator']) retrieved from /home/airflow/.local/lib/python3.7/site-packages/airflow/example_dags/example_python_operator.py
[2024-06-16 10:15:28,962] {logging_mixin.py:115} INFO - [2024-06-16 10:15:28,962] {dag.py:2371} INFO - Sync 1 DAGs
[2024-06-16 10:15:28,982] {logging_mixin.py:115} INFO - [2024-06-16 10:15:28,982] {dag.py:2919} INFO - Setting next_dagrun for example_python_operator to None, run_after=None
[2024-06-16 10:15:28,997] {processor.py:161} INFO - Processing /home/airflow/.local/lib/python3.7/site-packages/airflow/example_dags/example_python_operator.py took 0.211 seconds
[2024-06-16 10:15:59,596] {processor.py:153} INFO - Started process (PID=1144) to work on /home/airflow/.local/lib/python3.7/site-packages/airflow/example_dags/example_python_operator.py
[2024-06-16 10:15:59,597] {processor.py:641} INFO - Processing file /home/airflow/.local/lib/python3.7/site-packages/airflow/example_dags/example_python_operator.py for tasks to queue
[2024-06-16 10:15:59,598] {logging_mixin.py:115} INFO - [2024-06-16 10:15:59,598] {dagbag.py:507} INFO - Filling up the DagBag from /home/airflow/.local/lib/python3.7/site-packages/airflow/example_dags/example_python_operator.py
[2024-06-16 10:15:59,623] {processor.py:651} INFO - DAG(s) dict_keys(['example_python_operator']) retrieved from /home/airflow/.local/lib/python3.7/site-packages/airflow/example_dags/example_python_operator.py
[2024-06-16 10:15:59,779] {logging_mixin.py:115} INFO - [2024-06-16 10:15:59,779] {dag.py:2371} INFO - Sync 1 DAGs
[2024-06-16 10:15:59,800] {logging_mixin.py:115} INFO - [2024-06-16 10:15:59,799] {dag.py:2919} INFO - Setting next_dagrun for example_python_operator to None, run_after=None
[2024-06-16 10:15:59,818] {processor.py:161} INFO - Processing /home/airflow/.local/lib/python3.7/site-packages/airflow/example_dags/example_python_operator.py took 0.227 seconds
[2024-06-16 10:16:30,110] {processor.py:153} INFO - Started process (PID=1198) to work on /home/airflow/.local/lib/python3.7/site-packages/airflow/example_dags/example_python_operator.py
[2024-06-16 10:16:30,111] {processor.py:641} INFO - Processing file /home/airflow/.local/lib/python3.7/site-packages/airflow/example_dags/example_python_operator.py for tasks to queue
[2024-06-16 10:16:30,111] {logging_mixin.py:115} INFO - [2024-06-16 10:16:30,111] {dagbag.py:507} INFO - Filling up the DagBag from /home/airflow/.local/lib/python3.7/site-packages/airflow/example_dags/example_python_operator.py
[2024-06-16 10:16:30,133] {processor.py:651} INFO - DAG(s) dict_keys(['example_python_operator']) retrieved from /home/airflow/.local/lib/python3.7/site-packages/airflow/example_dags/example_python_operator.py
[2024-06-16 10:16:30,279] {logging_mixin.py:115} INFO - [2024-06-16 10:16:30,279] {dag.py:2371} INFO - Sync 1 DAGs
[2024-06-16 10:16:30,301] {logging_mixin.py:115} INFO - [2024-06-16 10:16:30,301] {dag.py:2919} INFO - Setting next_dagrun for example_python_operator to None, run_after=None
[2024-06-16 10:16:30,319] {processor.py:161} INFO - Processing /home/airflow/.local/lib/python3.7/site-packages/airflow/example_dags/example_python_operator.py took 0.217 seconds
[2024-06-16 10:17:00,803] {processor.py:153} INFO - Started process (PID=1260) to work on /home/airflow/.local/lib/python3.7/site-packages/airflow/example_dags/example_python_operator.py
[2024-06-16 10:17:00,804] {processor.py:641} INFO - Processing file /home/airflow/.local/lib/python3.7/site-packages/airflow/example_dags/example_python_operator.py for tasks to queue
[2024-06-16 10:17:00,805] {logging_mixin.py:115} INFO - [2024-06-16 10:17:00,805] {dagbag.py:507} INFO - Filling up the DagBag from /home/airflow/.local/lib/python3.7/site-packages/airflow/example_dags/example_python_operator.py
[2024-06-16 10:17:00,830] {processor.py:651} INFO - DAG(s) dict_keys(['example_python_operator']) retrieved from /home/airflow/.local/lib/python3.7/site-packages/airflow/example_dags/example_python_operator.py
[2024-06-16 10:17:00,859] {logging_mixin.py:115} INFO - [2024-06-16 10:17:00,859] {dag.py:2371} INFO - Sync 1 DAGs
[2024-06-16 10:17:00,887] {logging_mixin.py:115} INFO - [2024-06-16 10:17:00,887] {dag.py:2919} INFO - Setting next_dagrun for example_python_operator to None, run_after=None
[2024-06-16 10:17:00,905] {processor.py:161} INFO - Processing /home/airflow/.local/lib/python3.7/site-packages/airflow/example_dags/example_python_operator.py took 0.106 seconds
[2024-06-16 10:17:31,626] {processor.py:153} INFO - Started process (PID=1324) to work on /home/airflow/.local/lib/python3.7/site-packages/airflow/example_dags/example_python_operator.py
[2024-06-16 10:17:31,627] {processor.py:641} INFO - Processing file /home/airflow/.local/lib/python3.7/site-packages/airflow/example_dags/example_python_operator.py for tasks to queue
[2024-06-16 10:17:31,628] {logging_mixin.py:115} INFO - [2024-06-16 10:17:31,628] {dagbag.py:507} INFO - Filling up the DagBag from /home/airflow/.local/lib/python3.7/site-packages/airflow/example_dags/example_python_operator.py
[2024-06-16 10:17:31,658] {processor.py:651} INFO - DAG(s) dict_keys(['example_python_operator']) retrieved from /home/airflow/.local/lib/python3.7/site-packages/airflow/example_dags/example_python_operator.py
[2024-06-16 10:17:31,686] {logging_mixin.py:115} INFO - [2024-06-16 10:17:31,686] {dag.py:2371} INFO - Sync 1 DAGs
[2024-06-16 10:17:31,718] {logging_mixin.py:115} INFO - [2024-06-16 10:17:31,718] {dag.py:2919} INFO - Setting next_dagrun for example_python_operator to None, run_after=None
[2024-06-16 10:17:31,749] {processor.py:161} INFO - Processing /home/airflow/.local/lib/python3.7/site-packages/airflow/example_dags/example_python_operator.py took 0.127 seconds
[2024-06-16 10:18:02,093] {processor.py:153} INFO - Started process (PID=1379) to work on /home/airflow/.local/lib/python3.7/site-packages/airflow/example_dags/example_python_operator.py
[2024-06-16 10:18:02,094] {processor.py:641} INFO - Processing file /home/airflow/.local/lib/python3.7/site-packages/airflow/example_dags/example_python_operator.py for tasks to queue
[2024-06-16 10:18:02,095] {logging_mixin.py:115} INFO - [2024-06-16 10:18:02,095] {dagbag.py:507} INFO - Filling up the DagBag from /home/airflow/.local/lib/python3.7/site-packages/airflow/example_dags/example_python_operator.py
[2024-06-16 10:18:02,119] {processor.py:651} INFO - DAG(s) dict_keys(['example_python_operator']) retrieved from /home/airflow/.local/lib/python3.7/site-packages/airflow/example_dags/example_python_operator.py
[2024-06-16 10:18:02,148] {logging_mixin.py:115} INFO - [2024-06-16 10:18:02,148] {dag.py:2371} INFO - Sync 1 DAGs
[2024-06-16 10:18:02,171] {logging_mixin.py:115} INFO - [2024-06-16 10:18:02,171] {dag.py:2919} INFO - Setting next_dagrun for example_python_operator to None, run_after=None
[2024-06-16 10:18:02,189] {processor.py:161} INFO - Processing /home/airflow/.local/lib/python3.7/site-packages/airflow/example_dags/example_python_operator.py took 0.100 seconds
[2024-06-16 10:18:33,047] {processor.py:153} INFO - Started process (PID=1443) to work on /home/airflow/.local/lib/python3.7/site-packages/airflow/example_dags/example_python_operator.py
[2024-06-16 10:18:33,058] {processor.py:641} INFO - Processing file /home/airflow/.local/lib/python3.7/site-packages/airflow/example_dags/example_python_operator.py for tasks to queue
[2024-06-16 10:18:33,063] {logging_mixin.py:115} INFO - [2024-06-16 10:18:33,063] {dagbag.py:507} INFO - Filling up the DagBag from /home/airflow/.local/lib/python3.7/site-packages/airflow/example_dags/example_python_operator.py
[2024-06-16 10:18:33,125] {processor.py:651} INFO - DAG(s) dict_keys(['example_python_operator']) retrieved from /home/airflow/.local/lib/python3.7/site-packages/airflow/example_dags/example_python_operator.py
[2024-06-16 10:18:33,182] {logging_mixin.py:115} INFO - [2024-06-16 10:18:33,181] {dag.py:2371} INFO - Sync 1 DAGs
[2024-06-16 10:18:33,237] {logging_mixin.py:115} INFO - [2024-06-16 10:18:33,236] {dag.py:2919} INFO - Setting next_dagrun for example_python_operator to None, run_after=None
[2024-06-16 10:18:33,274] {processor.py:161} INFO - Processing /home/airflow/.local/lib/python3.7/site-packages/airflow/example_dags/example_python_operator.py took 0.233 seconds
[2024-06-16 10:19:03,794] {processor.py:153} INFO - Started process (PID=1497) to work on /home/airflow/.local/lib/python3.7/site-packages/airflow/example_dags/example_python_operator.py
[2024-06-16 10:19:03,795] {processor.py:641} INFO - Processing file /home/airflow/.local/lib/python3.7/site-packages/airflow/example_dags/example_python_operator.py for tasks to queue
[2024-06-16 10:19:03,796] {logging_mixin.py:115} INFO - [2024-06-16 10:19:03,796] {dagbag.py:507} INFO - Filling up the DagBag from /home/airflow/.local/lib/python3.7/site-packages/airflow/example_dags/example_python_operator.py
[2024-06-16 10:19:03,820] {processor.py:651} INFO - DAG(s) dict_keys(['example_python_operator']) retrieved from /home/airflow/.local/lib/python3.7/site-packages/airflow/example_dags/example_python_operator.py
[2024-06-16 10:19:03,850] {logging_mixin.py:115} INFO - [2024-06-16 10:19:03,850] {dag.py:2371} INFO - Sync 1 DAGs
[2024-06-16 10:19:03,873] {logging_mixin.py:115} INFO - [2024-06-16 10:19:03,873] {dag.py:2919} INFO - Setting next_dagrun for example_python_operator to None, run_after=None
[2024-06-16 10:19:03,889] {processor.py:161} INFO - Processing /home/airflow/.local/lib/python3.7/site-packages/airflow/example_dags/example_python_operator.py took 0.098 seconds
