[2024-06-16 10:06:44,152] {processor.py:153} INFO - Started process (PID=62) to work on /home/airflow/.local/lib/python3.7/site-packages/airflow/example_dags/example_subdag_operator.py
[2024-06-16 10:06:44,155] {processor.py:641} INFO - Processing file /home/airflow/.local/lib/python3.7/site-packages/airflow/example_dags/example_subdag_operator.py for tasks to queue
[2024-06-16 10:06:44,156] {logging_mixin.py:115} INFO - [2024-06-16 10:06:44,156] {dagbag.py:507} INFO - Filling up the DagBag from /home/airflow/.local/lib/python3.7/site-packages/airflow/example_dags/example_subdag_operator.py
[2024-06-16 10:06:44,215] {processor.py:651} INFO - DAG(s) dict_keys(['example_subdag_operator.section-1', 'example_subdag_operator.section-2', 'example_subdag_operator']) retrieved from /home/airflow/.local/lib/python3.7/site-packages/airflow/example_dags/example_subdag_operator.py
[2024-06-16 10:06:44,487] {logging_mixin.py:115} INFO - [2024-06-16 10:06:44,487] {dag.py:2371} INFO - Sync 3 DAGs
[2024-06-16 10:06:44,519] {logging_mixin.py:115} INFO - [2024-06-16 10:06:44,519] {dag.py:2919} INFO - Setting next_dagrun for example_subdag_operator to 2024-06-14T00:00:00+00:00, run_after=2024-06-14T00:00:00+00:00
[2024-06-16 10:06:44,519] {logging_mixin.py:115} INFO - [2024-06-16 10:06:44,519] {dag.py:2919} INFO - Setting next_dagrun for example_subdag_operator.section-1 to None, run_after=None
[2024-06-16 10:06:44,520] {logging_mixin.py:115} INFO - [2024-06-16 10:06:44,520] {dag.py:2919} INFO - Setting next_dagrun for example_subdag_operator.section-2 to None, run_after=None
[2024-06-16 10:06:44,532] {logging_mixin.py:115} INFO - [2024-06-16 10:06:44,532] {dag.py:2371} INFO - Sync 2 DAGs
[2024-06-16 10:06:44,539] {logging_mixin.py:115} INFO - [2024-06-16 10:06:44,538] {dag.py:2919} INFO - Setting next_dagrun for example_subdag_operator.section-1 to None, run_after=None
[2024-06-16 10:06:44,555] {logging_mixin.py:115} INFO - [2024-06-16 10:06:44,554] {dag.py:2919} INFO - Setting next_dagrun for example_subdag_operator.section-2 to None, run_after=None
[2024-06-16 10:06:44,592] {processor.py:161} INFO - Processing /home/airflow/.local/lib/python3.7/site-packages/airflow/example_dags/example_subdag_operator.py took 0.444 seconds
[2024-06-16 10:07:16,312] {processor.py:153} INFO - Started process (PID=125) to work on /home/airflow/.local/lib/python3.7/site-packages/airflow/example_dags/example_subdag_operator.py
[2024-06-16 10:07:16,312] {processor.py:641} INFO - Processing file /home/airflow/.local/lib/python3.7/site-packages/airflow/example_dags/example_subdag_operator.py for tasks to queue
[2024-06-16 10:07:16,313] {logging_mixin.py:115} INFO - [2024-06-16 10:07:16,313] {dagbag.py:507} INFO - Filling up the DagBag from /home/airflow/.local/lib/python3.7/site-packages/airflow/example_dags/example_subdag_operator.py
[2024-06-16 10:07:16,357] {processor.py:651} INFO - DAG(s) dict_keys(['example_subdag_operator.section-1', 'example_subdag_operator.section-2', 'example_subdag_operator']) retrieved from /home/airflow/.local/lib/python3.7/site-packages/airflow/example_dags/example_subdag_operator.py
[2024-06-16 10:07:16,409] {logging_mixin.py:115} INFO - [2024-06-16 10:07:16,409] {dag.py:2371} INFO - Sync 3 DAGs
[2024-06-16 10:07:16,570] {logging_mixin.py:115} INFO - [2024-06-16 10:07:16,569] {dag.py:2919} INFO - Setting next_dagrun for example_subdag_operator to 2024-06-14T00:00:00+00:00, run_after=2024-06-14T00:00:00+00:00
[2024-06-16 10:07:16,570] {logging_mixin.py:115} INFO - [2024-06-16 10:07:16,570] {dag.py:2919} INFO - Setting next_dagrun for example_subdag_operator.section-1 to None, run_after=None
[2024-06-16 10:07:16,571] {logging_mixin.py:115} INFO - [2024-06-16 10:07:16,571] {dag.py:2919} INFO - Setting next_dagrun for example_subdag_operator.section-2 to None, run_after=None
[2024-06-16 10:07:16,578] {logging_mixin.py:115} INFO - [2024-06-16 10:07:16,578] {dag.py:2371} INFO - Sync 2 DAGs
[2024-06-16 10:07:16,585] {logging_mixin.py:115} INFO - [2024-06-16 10:07:16,585] {dag.py:2919} INFO - Setting next_dagrun for example_subdag_operator.section-1 to None, run_after=None
[2024-06-16 10:07:16,585] {logging_mixin.py:115} INFO - [2024-06-16 10:07:16,585] {dag.py:2919} INFO - Setting next_dagrun for example_subdag_operator.section-2 to None, run_after=None
[2024-06-16 10:07:16,598] {processor.py:161} INFO - Processing /home/airflow/.local/lib/python3.7/site-packages/airflow/example_dags/example_subdag_operator.py took 0.290 seconds
[2024-06-16 10:07:46,849] {processor.py:153} INFO - Started process (PID=189) to work on /home/airflow/.local/lib/python3.7/site-packages/airflow/example_dags/example_subdag_operator.py
[2024-06-16 10:07:46,851] {processor.py:641} INFO - Processing file /home/airflow/.local/lib/python3.7/site-packages/airflow/example_dags/example_subdag_operator.py for tasks to queue
[2024-06-16 10:07:46,852] {logging_mixin.py:115} INFO - [2024-06-16 10:07:46,851] {dagbag.py:507} INFO - Filling up the DagBag from /home/airflow/.local/lib/python3.7/site-packages/airflow/example_dags/example_subdag_operator.py
[2024-06-16 10:07:46,903] {processor.py:651} INFO - DAG(s) dict_keys(['example_subdag_operator.section-1', 'example_subdag_operator.section-2', 'example_subdag_operator']) retrieved from /home/airflow/.local/lib/python3.7/site-packages/airflow/example_dags/example_subdag_operator.py
[2024-06-16 10:07:47,002] {logging_mixin.py:115} INFO - [2024-06-16 10:07:47,002] {dag.py:2371} INFO - Sync 3 DAGs
[2024-06-16 10:07:47,151] {logging_mixin.py:115} INFO - [2024-06-16 10:07:47,151] {dag.py:2919} INFO - Setting next_dagrun for example_subdag_operator to 2024-06-14T00:00:00+00:00, run_after=2024-06-14T00:00:00+00:00
[2024-06-16 10:07:47,151] {logging_mixin.py:115} INFO - [2024-06-16 10:07:47,151] {dag.py:2919} INFO - Setting next_dagrun for example_subdag_operator.section-1 to None, run_after=None
[2024-06-16 10:07:47,152] {logging_mixin.py:115} INFO - [2024-06-16 10:07:47,152] {dag.py:2919} INFO - Setting next_dagrun for example_subdag_operator.section-2 to None, run_after=None
[2024-06-16 10:07:47,159] {logging_mixin.py:115} INFO - [2024-06-16 10:07:47,159] {dag.py:2371} INFO - Sync 2 DAGs
[2024-06-16 10:07:47,166] {logging_mixin.py:115} INFO - [2024-06-16 10:07:47,166] {dag.py:2919} INFO - Setting next_dagrun for example_subdag_operator.section-1 to None, run_after=None
[2024-06-16 10:07:47,167] {logging_mixin.py:115} INFO - [2024-06-16 10:07:47,167] {dag.py:2919} INFO - Setting next_dagrun for example_subdag_operator.section-2 to None, run_after=None
[2024-06-16 10:07:47,176] {processor.py:161} INFO - Processing /home/airflow/.local/lib/python3.7/site-packages/airflow/example_dags/example_subdag_operator.py took 0.343 seconds
[2024-06-16 10:08:17,439] {processor.py:153} INFO - Started process (PID=244) to work on /home/airflow/.local/lib/python3.7/site-packages/airflow/example_dags/example_subdag_operator.py
[2024-06-16 10:08:17,440] {processor.py:641} INFO - Processing file /home/airflow/.local/lib/python3.7/site-packages/airflow/example_dags/example_subdag_operator.py for tasks to queue
[2024-06-16 10:08:17,443] {logging_mixin.py:115} INFO - [2024-06-16 10:08:17,443] {dagbag.py:507} INFO - Filling up the DagBag from /home/airflow/.local/lib/python3.7/site-packages/airflow/example_dags/example_subdag_operator.py
[2024-06-16 10:08:17,476] {processor.py:651} INFO - DAG(s) dict_keys(['example_subdag_operator.section-1', 'example_subdag_operator.section-2', 'example_subdag_operator']) retrieved from /home/airflow/.local/lib/python3.7/site-packages/airflow/example_dags/example_subdag_operator.py
[2024-06-16 10:08:17,520] {logging_mixin.py:115} INFO - [2024-06-16 10:08:17,520] {dag.py:2371} INFO - Sync 3 DAGs
[2024-06-16 10:08:17,666] {logging_mixin.py:115} INFO - [2024-06-16 10:08:17,666] {dag.py:2919} INFO - Setting next_dagrun for example_subdag_operator to 2024-06-14T00:00:00+00:00, run_after=2024-06-14T00:00:00+00:00
[2024-06-16 10:08:17,668] {logging_mixin.py:115} INFO - [2024-06-16 10:08:17,667] {dag.py:2919} INFO - Setting next_dagrun for example_subdag_operator.section-1 to None, run_after=None
[2024-06-16 10:08:17,668] {logging_mixin.py:115} INFO - [2024-06-16 10:08:17,668] {dag.py:2919} INFO - Setting next_dagrun for example_subdag_operator.section-2 to None, run_after=None
[2024-06-16 10:08:17,676] {logging_mixin.py:115} INFO - [2024-06-16 10:08:17,676] {dag.py:2371} INFO - Sync 2 DAGs
[2024-06-16 10:08:17,682] {logging_mixin.py:115} INFO - [2024-06-16 10:08:17,682] {dag.py:2919} INFO - Setting next_dagrun for example_subdag_operator.section-1 to None, run_after=None
[2024-06-16 10:08:17,683] {logging_mixin.py:115} INFO - [2024-06-16 10:08:17,683] {dag.py:2919} INFO - Setting next_dagrun for example_subdag_operator.section-2 to None, run_after=None
[2024-06-16 10:08:17,693] {processor.py:161} INFO - Processing /home/airflow/.local/lib/python3.7/site-packages/airflow/example_dags/example_subdag_operator.py took 0.258 seconds
[2024-06-16 10:08:47,812] {processor.py:153} INFO - Started process (PID=305) to work on /home/airflow/.local/lib/python3.7/site-packages/airflow/example_dags/example_subdag_operator.py
[2024-06-16 10:08:47,813] {processor.py:641} INFO - Processing file /home/airflow/.local/lib/python3.7/site-packages/airflow/example_dags/example_subdag_operator.py for tasks to queue
[2024-06-16 10:08:47,813] {logging_mixin.py:115} INFO - [2024-06-16 10:08:47,813] {dagbag.py:507} INFO - Filling up the DagBag from /home/airflow/.local/lib/python3.7/site-packages/airflow/example_dags/example_subdag_operator.py
[2024-06-16 10:08:47,856] {processor.py:651} INFO - DAG(s) dict_keys(['example_subdag_operator.section-1', 'example_subdag_operator.section-2', 'example_subdag_operator']) retrieved from /home/airflow/.local/lib/python3.7/site-packages/airflow/example_dags/example_subdag_operator.py
[2024-06-16 10:08:47,896] {logging_mixin.py:115} INFO - [2024-06-16 10:08:47,896] {dag.py:2371} INFO - Sync 3 DAGs
[2024-06-16 10:08:48,045] {logging_mixin.py:115} INFO - [2024-06-16 10:08:48,045] {dag.py:2919} INFO - Setting next_dagrun for example_subdag_operator to 2024-06-14T00:00:00+00:00, run_after=2024-06-14T00:00:00+00:00
[2024-06-16 10:08:48,046] {logging_mixin.py:115} INFO - [2024-06-16 10:08:48,046] {dag.py:2919} INFO - Setting next_dagrun for example_subdag_operator.section-1 to None, run_after=None
[2024-06-16 10:08:48,046] {logging_mixin.py:115} INFO - [2024-06-16 10:08:48,046] {dag.py:2919} INFO - Setting next_dagrun for example_subdag_operator.section-2 to None, run_after=None
[2024-06-16 10:08:48,052] {logging_mixin.py:115} INFO - [2024-06-16 10:08:48,052] {dag.py:2371} INFO - Sync 2 DAGs
[2024-06-16 10:08:48,058] {logging_mixin.py:115} INFO - [2024-06-16 10:08:48,058] {dag.py:2919} INFO - Setting next_dagrun for example_subdag_operator.section-1 to None, run_after=None
[2024-06-16 10:08:48,059] {logging_mixin.py:115} INFO - [2024-06-16 10:08:48,059] {dag.py:2919} INFO - Setting next_dagrun for example_subdag_operator.section-2 to None, run_after=None
[2024-06-16 10:08:48,071] {processor.py:161} INFO - Processing /home/airflow/.local/lib/python3.7/site-packages/airflow/example_dags/example_subdag_operator.py took 0.262 seconds
[2024-06-16 10:09:18,384] {processor.py:153} INFO - Started process (PID=360) to work on /home/airflow/.local/lib/python3.7/site-packages/airflow/example_dags/example_subdag_operator.py
[2024-06-16 10:09:18,385] {processor.py:641} INFO - Processing file /home/airflow/.local/lib/python3.7/site-packages/airflow/example_dags/example_subdag_operator.py for tasks to queue
[2024-06-16 10:09:18,386] {logging_mixin.py:115} INFO - [2024-06-16 10:09:18,386] {dagbag.py:507} INFO - Filling up the DagBag from /home/airflow/.local/lib/python3.7/site-packages/airflow/example_dags/example_subdag_operator.py
[2024-06-16 10:09:18,417] {processor.py:651} INFO - DAG(s) dict_keys(['example_subdag_operator.section-1', 'example_subdag_operator.section-2', 'example_subdag_operator']) retrieved from /home/airflow/.local/lib/python3.7/site-packages/airflow/example_dags/example_subdag_operator.py
[2024-06-16 10:09:18,459] {logging_mixin.py:115} INFO - [2024-06-16 10:09:18,459] {dag.py:2371} INFO - Sync 3 DAGs
[2024-06-16 10:09:18,603] {logging_mixin.py:115} INFO - [2024-06-16 10:09:18,603] {dag.py:2919} INFO - Setting next_dagrun for example_subdag_operator to 2024-06-14T00:00:00+00:00, run_after=2024-06-14T00:00:00+00:00
[2024-06-16 10:09:18,604] {logging_mixin.py:115} INFO - [2024-06-16 10:09:18,604] {dag.py:2919} INFO - Setting next_dagrun for example_subdag_operator.section-1 to None, run_after=None
[2024-06-16 10:09:18,604] {logging_mixin.py:115} INFO - [2024-06-16 10:09:18,604] {dag.py:2919} INFO - Setting next_dagrun for example_subdag_operator.section-2 to None, run_after=None
[2024-06-16 10:09:18,611] {logging_mixin.py:115} INFO - [2024-06-16 10:09:18,611] {dag.py:2371} INFO - Sync 2 DAGs
[2024-06-16 10:09:18,624] {logging_mixin.py:115} INFO - [2024-06-16 10:09:18,624] {dag.py:2919} INFO - Setting next_dagrun for example_subdag_operator.section-1 to None, run_after=None
[2024-06-16 10:09:18,625] {logging_mixin.py:115} INFO - [2024-06-16 10:09:18,625] {dag.py:2919} INFO - Setting next_dagrun for example_subdag_operator.section-2 to None, run_after=None
[2024-06-16 10:09:18,639] {processor.py:161} INFO - Processing /home/airflow/.local/lib/python3.7/site-packages/airflow/example_dags/example_subdag_operator.py took 0.258 seconds
[2024-06-16 10:09:49,289] {processor.py:153} INFO - Started process (PID=424) to work on /home/airflow/.local/lib/python3.7/site-packages/airflow/example_dags/example_subdag_operator.py
[2024-06-16 10:09:49,290] {processor.py:641} INFO - Processing file /home/airflow/.local/lib/python3.7/site-packages/airflow/example_dags/example_subdag_operator.py for tasks to queue
[2024-06-16 10:09:49,291] {logging_mixin.py:115} INFO - [2024-06-16 10:09:49,291] {dagbag.py:507} INFO - Filling up the DagBag from /home/airflow/.local/lib/python3.7/site-packages/airflow/example_dags/example_subdag_operator.py
[2024-06-16 10:09:49,321] {processor.py:651} INFO - DAG(s) dict_keys(['example_subdag_operator.section-1', 'example_subdag_operator.section-2', 'example_subdag_operator']) retrieved from /home/airflow/.local/lib/python3.7/site-packages/airflow/example_dags/example_subdag_operator.py
[2024-06-16 10:09:49,362] {logging_mixin.py:115} INFO - [2024-06-16 10:09:49,362] {dag.py:2371} INFO - Sync 3 DAGs
[2024-06-16 10:09:49,524] {logging_mixin.py:115} INFO - [2024-06-16 10:09:49,524] {dag.py:2919} INFO - Setting next_dagrun for example_subdag_operator to 2024-06-14T00:00:00+00:00, run_after=2024-06-14T00:00:00+00:00
[2024-06-16 10:09:49,525] {logging_mixin.py:115} INFO - [2024-06-16 10:09:49,525] {dag.py:2919} INFO - Setting next_dagrun for example_subdag_operator.section-1 to None, run_after=None
[2024-06-16 10:09:49,525] {logging_mixin.py:115} INFO - [2024-06-16 10:09:49,525] {dag.py:2919} INFO - Setting next_dagrun for example_subdag_operator.section-2 to None, run_after=None
[2024-06-16 10:09:49,534] {logging_mixin.py:115} INFO - [2024-06-16 10:09:49,534] {dag.py:2371} INFO - Sync 2 DAGs
[2024-06-16 10:09:49,543] {logging_mixin.py:115} INFO - [2024-06-16 10:09:49,543] {dag.py:2919} INFO - Setting next_dagrun for example_subdag_operator.section-1 to None, run_after=None
[2024-06-16 10:09:49,544] {logging_mixin.py:115} INFO - [2024-06-16 10:09:49,544] {dag.py:2919} INFO - Setting next_dagrun for example_subdag_operator.section-2 to None, run_after=None
[2024-06-16 10:09:49,554] {processor.py:161} INFO - Processing /home/airflow/.local/lib/python3.7/site-packages/airflow/example_dags/example_subdag_operator.py took 0.269 seconds
[2024-06-16 10:10:19,954] {processor.py:153} INFO - Started process (PID=488) to work on /home/airflow/.local/lib/python3.7/site-packages/airflow/example_dags/example_subdag_operator.py
[2024-06-16 10:10:19,955] {processor.py:641} INFO - Processing file /home/airflow/.local/lib/python3.7/site-packages/airflow/example_dags/example_subdag_operator.py for tasks to queue
[2024-06-16 10:10:19,956] {logging_mixin.py:115} INFO - [2024-06-16 10:10:19,956] {dagbag.py:507} INFO - Filling up the DagBag from /home/airflow/.local/lib/python3.7/site-packages/airflow/example_dags/example_subdag_operator.py
[2024-06-16 10:10:19,991] {processor.py:651} INFO - DAG(s) dict_keys(['example_subdag_operator.section-1', 'example_subdag_operator.section-2', 'example_subdag_operator']) retrieved from /home/airflow/.local/lib/python3.7/site-packages/airflow/example_dags/example_subdag_operator.py
[2024-06-16 10:10:20,042] {logging_mixin.py:115} INFO - [2024-06-16 10:10:20,042] {dag.py:2371} INFO - Sync 3 DAGs
[2024-06-16 10:10:20,190] {logging_mixin.py:115} INFO - [2024-06-16 10:10:20,190] {dag.py:2919} INFO - Setting next_dagrun for example_subdag_operator to 2024-06-14T00:00:00+00:00, run_after=2024-06-14T00:00:00+00:00
[2024-06-16 10:10:20,191] {logging_mixin.py:115} INFO - [2024-06-16 10:10:20,191] {dag.py:2919} INFO - Setting next_dagrun for example_subdag_operator.section-1 to None, run_after=None
[2024-06-16 10:10:20,191] {logging_mixin.py:115} INFO - [2024-06-16 10:10:20,191] {dag.py:2919} INFO - Setting next_dagrun for example_subdag_operator.section-2 to None, run_after=None
[2024-06-16 10:10:20,198] {logging_mixin.py:115} INFO - [2024-06-16 10:10:20,198] {dag.py:2371} INFO - Sync 2 DAGs
[2024-06-16 10:10:20,205] {logging_mixin.py:115} INFO - [2024-06-16 10:10:20,205] {dag.py:2919} INFO - Setting next_dagrun for example_subdag_operator.section-1 to None, run_after=None
[2024-06-16 10:10:20,206] {logging_mixin.py:115} INFO - [2024-06-16 10:10:20,206] {dag.py:2919} INFO - Setting next_dagrun for example_subdag_operator.section-2 to None, run_after=None
[2024-06-16 10:10:20,218] {processor.py:161} INFO - Processing /home/airflow/.local/lib/python3.7/site-packages/airflow/example_dags/example_subdag_operator.py took 0.270 seconds
[2024-06-16 10:10:50,783] {processor.py:153} INFO - Started process (PID=542) to work on /home/airflow/.local/lib/python3.7/site-packages/airflow/example_dags/example_subdag_operator.py
[2024-06-16 10:10:50,784] {processor.py:641} INFO - Processing file /home/airflow/.local/lib/python3.7/site-packages/airflow/example_dags/example_subdag_operator.py for tasks to queue
[2024-06-16 10:10:50,785] {logging_mixin.py:115} INFO - [2024-06-16 10:10:50,785] {dagbag.py:507} INFO - Filling up the DagBag from /home/airflow/.local/lib/python3.7/site-packages/airflow/example_dags/example_subdag_operator.py
[2024-06-16 10:10:50,815] {processor.py:651} INFO - DAG(s) dict_keys(['example_subdag_operator.section-1', 'example_subdag_operator.section-2', 'example_subdag_operator']) retrieved from /home/airflow/.local/lib/python3.7/site-packages/airflow/example_dags/example_subdag_operator.py
[2024-06-16 10:10:50,858] {logging_mixin.py:115} INFO - [2024-06-16 10:10:50,858] {dag.py:2371} INFO - Sync 3 DAGs
[2024-06-16 10:10:51,000] {logging_mixin.py:115} INFO - [2024-06-16 10:10:51,000] {dag.py:2919} INFO - Setting next_dagrun for example_subdag_operator to 2024-06-14T00:00:00+00:00, run_after=2024-06-14T00:00:00+00:00
[2024-06-16 10:10:51,000] {logging_mixin.py:115} INFO - [2024-06-16 10:10:51,000] {dag.py:2919} INFO - Setting next_dagrun for example_subdag_operator.section-1 to None, run_after=None
[2024-06-16 10:10:51,001] {logging_mixin.py:115} INFO - [2024-06-16 10:10:51,001] {dag.py:2919} INFO - Setting next_dagrun for example_subdag_operator.section-2 to None, run_after=None
[2024-06-16 10:10:51,010] {logging_mixin.py:115} INFO - [2024-06-16 10:10:51,010] {dag.py:2371} INFO - Sync 2 DAGs
[2024-06-16 10:10:51,017] {logging_mixin.py:115} INFO - [2024-06-16 10:10:51,017] {dag.py:2919} INFO - Setting next_dagrun for example_subdag_operator.section-1 to None, run_after=None
[2024-06-16 10:10:51,018] {logging_mixin.py:115} INFO - [2024-06-16 10:10:51,018] {dag.py:2919} INFO - Setting next_dagrun for example_subdag_operator.section-2 to None, run_after=None
[2024-06-16 10:10:51,030] {processor.py:161} INFO - Processing /home/airflow/.local/lib/python3.7/site-packages/airflow/example_dags/example_subdag_operator.py took 0.251 seconds
[2024-06-16 10:11:21,914] {processor.py:153} INFO - Started process (PID=605) to work on /home/airflow/.local/lib/python3.7/site-packages/airflow/example_dags/example_subdag_operator.py
[2024-06-16 10:11:21,915] {processor.py:641} INFO - Processing file /home/airflow/.local/lib/python3.7/site-packages/airflow/example_dags/example_subdag_operator.py for tasks to queue
[2024-06-16 10:11:21,916] {logging_mixin.py:115} INFO - [2024-06-16 10:11:21,916] {dagbag.py:507} INFO - Filling up the DagBag from /home/airflow/.local/lib/python3.7/site-packages/airflow/example_dags/example_subdag_operator.py
[2024-06-16 10:11:21,941] {processor.py:651} INFO - DAG(s) dict_keys(['example_subdag_operator.section-1', 'example_subdag_operator.section-2', 'example_subdag_operator']) retrieved from /home/airflow/.local/lib/python3.7/site-packages/airflow/example_dags/example_subdag_operator.py
[2024-06-16 10:11:21,980] {logging_mixin.py:115} INFO - [2024-06-16 10:11:21,980] {dag.py:2371} INFO - Sync 3 DAGs
[2024-06-16 10:11:22,117] {logging_mixin.py:115} INFO - [2024-06-16 10:11:22,117] {dag.py:2919} INFO - Setting next_dagrun for example_subdag_operator to 2024-06-14T00:00:00+00:00, run_after=2024-06-14T00:00:00+00:00
[2024-06-16 10:11:22,118] {logging_mixin.py:115} INFO - [2024-06-16 10:11:22,117] {dag.py:2919} INFO - Setting next_dagrun for example_subdag_operator.section-1 to None, run_after=None
[2024-06-16 10:11:22,118] {logging_mixin.py:115} INFO - [2024-06-16 10:11:22,118] {dag.py:2919} INFO - Setting next_dagrun for example_subdag_operator.section-2 to None, run_after=None
[2024-06-16 10:11:22,125] {logging_mixin.py:115} INFO - [2024-06-16 10:11:22,125] {dag.py:2371} INFO - Sync 2 DAGs
[2024-06-16 10:11:22,130] {logging_mixin.py:115} INFO - [2024-06-16 10:11:22,130] {dag.py:2919} INFO - Setting next_dagrun for example_subdag_operator.section-1 to None, run_after=None
[2024-06-16 10:11:22,130] {logging_mixin.py:115} INFO - [2024-06-16 10:11:22,130] {dag.py:2919} INFO - Setting next_dagrun for example_subdag_operator.section-2 to None, run_after=None
[2024-06-16 10:11:22,140] {processor.py:161} INFO - Processing /home/airflow/.local/lib/python3.7/site-packages/airflow/example_dags/example_subdag_operator.py took 0.229 seconds
[2024-06-16 10:11:52,444] {processor.py:153} INFO - Started process (PID=668) to work on /home/airflow/.local/lib/python3.7/site-packages/airflow/example_dags/example_subdag_operator.py
[2024-06-16 10:11:52,444] {processor.py:641} INFO - Processing file /home/airflow/.local/lib/python3.7/site-packages/airflow/example_dags/example_subdag_operator.py for tasks to queue
[2024-06-16 10:11:52,445] {logging_mixin.py:115} INFO - [2024-06-16 10:11:52,445] {dagbag.py:507} INFO - Filling up the DagBag from /home/airflow/.local/lib/python3.7/site-packages/airflow/example_dags/example_subdag_operator.py
[2024-06-16 10:11:52,474] {processor.py:651} INFO - DAG(s) dict_keys(['example_subdag_operator.section-1', 'example_subdag_operator.section-2', 'example_subdag_operator']) retrieved from /home/airflow/.local/lib/python3.7/site-packages/airflow/example_dags/example_subdag_operator.py
[2024-06-16 10:11:52,642] {logging_mixin.py:115} INFO - [2024-06-16 10:11:52,642] {dag.py:2371} INFO - Sync 3 DAGs
[2024-06-16 10:11:52,663] {logging_mixin.py:115} INFO - [2024-06-16 10:11:52,663] {dag.py:2919} INFO - Setting next_dagrun for example_subdag_operator to 2024-06-14T00:00:00+00:00, run_after=2024-06-14T00:00:00+00:00
[2024-06-16 10:11:52,664] {logging_mixin.py:115} INFO - [2024-06-16 10:11:52,664] {dag.py:2919} INFO - Setting next_dagrun for example_subdag_operator.section-1 to None, run_after=None
[2024-06-16 10:11:52,664] {logging_mixin.py:115} INFO - [2024-06-16 10:11:52,664] {dag.py:2919} INFO - Setting next_dagrun for example_subdag_operator.section-2 to None, run_after=None
[2024-06-16 10:11:52,671] {logging_mixin.py:115} INFO - [2024-06-16 10:11:52,671] {dag.py:2371} INFO - Sync 2 DAGs
[2024-06-16 10:11:52,677] {logging_mixin.py:115} INFO - [2024-06-16 10:11:52,677] {dag.py:2919} INFO - Setting next_dagrun for example_subdag_operator.section-1 to None, run_after=None
[2024-06-16 10:11:52,678] {logging_mixin.py:115} INFO - [2024-06-16 10:11:52,678] {dag.py:2919} INFO - Setting next_dagrun for example_subdag_operator.section-2 to None, run_after=None
[2024-06-16 10:11:52,688] {processor.py:161} INFO - Processing /home/airflow/.local/lib/python3.7/site-packages/airflow/example_dags/example_subdag_operator.py took 0.248 seconds
[2024-06-16 10:12:23,633] {processor.py:153} INFO - Started process (PID=721) to work on /home/airflow/.local/lib/python3.7/site-packages/airflow/example_dags/example_subdag_operator.py
[2024-06-16 10:12:23,634] {processor.py:641} INFO - Processing file /home/airflow/.local/lib/python3.7/site-packages/airflow/example_dags/example_subdag_operator.py for tasks to queue
[2024-06-16 10:12:23,635] {logging_mixin.py:115} INFO - [2024-06-16 10:12:23,635] {dagbag.py:507} INFO - Filling up the DagBag from /home/airflow/.local/lib/python3.7/site-packages/airflow/example_dags/example_subdag_operator.py
[2024-06-16 10:12:23,663] {processor.py:651} INFO - DAG(s) dict_keys(['example_subdag_operator.section-1', 'example_subdag_operator.section-2', 'example_subdag_operator']) retrieved from /home/airflow/.local/lib/python3.7/site-packages/airflow/example_dags/example_subdag_operator.py
[2024-06-16 10:12:23,838] {logging_mixin.py:115} INFO - [2024-06-16 10:12:23,838] {dag.py:2371} INFO - Sync 3 DAGs
[2024-06-16 10:12:23,861] {logging_mixin.py:115} INFO - [2024-06-16 10:12:23,861] {dag.py:2919} INFO - Setting next_dagrun for example_subdag_operator to 2024-06-14T00:00:00+00:00, run_after=2024-06-14T00:00:00+00:00
[2024-06-16 10:12:23,861] {logging_mixin.py:115} INFO - [2024-06-16 10:12:23,861] {dag.py:2919} INFO - Setting next_dagrun for example_subdag_operator.section-1 to None, run_after=None
[2024-06-16 10:12:23,862] {logging_mixin.py:115} INFO - [2024-06-16 10:12:23,862] {dag.py:2919} INFO - Setting next_dagrun for example_subdag_operator.section-2 to None, run_after=None
[2024-06-16 10:12:23,870] {logging_mixin.py:115} INFO - [2024-06-16 10:12:23,870] {dag.py:2371} INFO - Sync 2 DAGs
[2024-06-16 10:12:23,876] {logging_mixin.py:115} INFO - [2024-06-16 10:12:23,876] {dag.py:2919} INFO - Setting next_dagrun for example_subdag_operator.section-1 to None, run_after=None
[2024-06-16 10:12:23,877] {logging_mixin.py:115} INFO - [2024-06-16 10:12:23,877] {dag.py:2919} INFO - Setting next_dagrun for example_subdag_operator.section-2 to None, run_after=None
[2024-06-16 10:12:23,907] {processor.py:161} INFO - Processing /home/airflow/.local/lib/python3.7/site-packages/airflow/example_dags/example_subdag_operator.py took 0.278 seconds
[2024-06-16 10:12:54,070] {processor.py:153} INFO - Started process (PID=783) to work on /home/airflow/.local/lib/python3.7/site-packages/airflow/example_dags/example_subdag_operator.py
[2024-06-16 10:12:54,073] {processor.py:641} INFO - Processing file /home/airflow/.local/lib/python3.7/site-packages/airflow/example_dags/example_subdag_operator.py for tasks to queue
[2024-06-16 10:12:54,075] {logging_mixin.py:115} INFO - [2024-06-16 10:12:54,074] {dagbag.py:507} INFO - Filling up the DagBag from /home/airflow/.local/lib/python3.7/site-packages/airflow/example_dags/example_subdag_operator.py
[2024-06-16 10:12:54,104] {processor.py:651} INFO - DAG(s) dict_keys(['example_subdag_operator.section-1', 'example_subdag_operator.section-2', 'example_subdag_operator']) retrieved from /home/airflow/.local/lib/python3.7/site-packages/airflow/example_dags/example_subdag_operator.py
[2024-06-16 10:12:54,335] {logging_mixin.py:115} INFO - [2024-06-16 10:12:54,335] {dag.py:2371} INFO - Sync 3 DAGs
[2024-06-16 10:12:54,376] {logging_mixin.py:115} INFO - [2024-06-16 10:12:54,376] {dag.py:2919} INFO - Setting next_dagrun for example_subdag_operator to 2024-06-14T00:00:00+00:00, run_after=2024-06-14T00:00:00+00:00
[2024-06-16 10:12:54,376] {logging_mixin.py:115} INFO - [2024-06-16 10:12:54,376] {dag.py:2919} INFO - Setting next_dagrun for example_subdag_operator.section-1 to None, run_after=None
[2024-06-16 10:12:54,377] {logging_mixin.py:115} INFO - [2024-06-16 10:12:54,377] {dag.py:2919} INFO - Setting next_dagrun for example_subdag_operator.section-2 to None, run_after=None
[2024-06-16 10:12:54,387] {logging_mixin.py:115} INFO - [2024-06-16 10:12:54,387] {dag.py:2371} INFO - Sync 2 DAGs
[2024-06-16 10:12:54,400] {logging_mixin.py:115} INFO - [2024-06-16 10:12:54,400] {dag.py:2919} INFO - Setting next_dagrun for example_subdag_operator.section-1 to None, run_after=None
[2024-06-16 10:12:54,405] {logging_mixin.py:115} INFO - [2024-06-16 10:12:54,405] {dag.py:2919} INFO - Setting next_dagrun for example_subdag_operator.section-2 to None, run_after=None
[2024-06-16 10:12:54,442] {processor.py:161} INFO - Processing /home/airflow/.local/lib/python3.7/site-packages/airflow/example_dags/example_subdag_operator.py took 0.375 seconds
[2024-06-16 10:13:25,545] {processor.py:153} INFO - Started process (PID=846) to work on /home/airflow/.local/lib/python3.7/site-packages/airflow/example_dags/example_subdag_operator.py
[2024-06-16 10:13:25,551] {processor.py:641} INFO - Processing file /home/airflow/.local/lib/python3.7/site-packages/airflow/example_dags/example_subdag_operator.py for tasks to queue
[2024-06-16 10:13:25,565] {logging_mixin.py:115} INFO - [2024-06-16 10:13:25,565] {dagbag.py:507} INFO - Filling up the DagBag from /home/airflow/.local/lib/python3.7/site-packages/airflow/example_dags/example_subdag_operator.py
[2024-06-16 10:13:25,616] {processor.py:651} INFO - DAG(s) dict_keys(['example_subdag_operator.section-1', 'example_subdag_operator.section-2', 'example_subdag_operator']) retrieved from /home/airflow/.local/lib/python3.7/site-packages/airflow/example_dags/example_subdag_operator.py
[2024-06-16 10:13:25,837] {logging_mixin.py:115} INFO - [2024-06-16 10:13:25,837] {dag.py:2371} INFO - Sync 3 DAGs
[2024-06-16 10:13:25,874] {logging_mixin.py:115} INFO - [2024-06-16 10:13:25,874] {dag.py:2919} INFO - Setting next_dagrun for example_subdag_operator to 2024-06-14T00:00:00+00:00, run_after=2024-06-14T00:00:00+00:00
[2024-06-16 10:13:25,885] {logging_mixin.py:115} INFO - [2024-06-16 10:13:25,884] {dag.py:2919} INFO - Setting next_dagrun for example_subdag_operator.section-1 to None, run_after=None
[2024-06-16 10:13:25,885] {logging_mixin.py:115} INFO - [2024-06-16 10:13:25,885] {dag.py:2919} INFO - Setting next_dagrun for example_subdag_operator.section-2 to None, run_after=None
[2024-06-16 10:13:25,893] {logging_mixin.py:115} INFO - [2024-06-16 10:13:25,893] {dag.py:2371} INFO - Sync 2 DAGs
[2024-06-16 10:13:25,912] {logging_mixin.py:115} INFO - [2024-06-16 10:13:25,912] {dag.py:2919} INFO - Setting next_dagrun for example_subdag_operator.section-1 to None, run_after=None
[2024-06-16 10:13:25,913] {logging_mixin.py:115} INFO - [2024-06-16 10:13:25,913] {dag.py:2919} INFO - Setting next_dagrun for example_subdag_operator.section-2 to None, run_after=None
[2024-06-16 10:13:25,933] {processor.py:161} INFO - Processing /home/airflow/.local/lib/python3.7/site-packages/airflow/example_dags/example_subdag_operator.py took 0.392 seconds
[2024-06-16 10:13:56,672] {processor.py:153} INFO - Started process (PID=900) to work on /home/airflow/.local/lib/python3.7/site-packages/airflow/example_dags/example_subdag_operator.py
[2024-06-16 10:13:56,672] {processor.py:641} INFO - Processing file /home/airflow/.local/lib/python3.7/site-packages/airflow/example_dags/example_subdag_operator.py for tasks to queue
[2024-06-16 10:13:56,673] {logging_mixin.py:115} INFO - [2024-06-16 10:13:56,673] {dagbag.py:507} INFO - Filling up the DagBag from /home/airflow/.local/lib/python3.7/site-packages/airflow/example_dags/example_subdag_operator.py
[2024-06-16 10:13:56,699] {processor.py:651} INFO - DAG(s) dict_keys(['example_subdag_operator.section-1', 'example_subdag_operator.section-2', 'example_subdag_operator']) retrieved from /home/airflow/.local/lib/python3.7/site-packages/airflow/example_dags/example_subdag_operator.py
[2024-06-16 10:13:56,851] {logging_mixin.py:115} INFO - [2024-06-16 10:13:56,851] {dag.py:2371} INFO - Sync 3 DAGs
[2024-06-16 10:13:56,871] {logging_mixin.py:115} INFO - [2024-06-16 10:13:56,871] {dag.py:2919} INFO - Setting next_dagrun for example_subdag_operator to 2024-06-14T00:00:00+00:00, run_after=2024-06-14T00:00:00+00:00
[2024-06-16 10:13:56,872] {logging_mixin.py:115} INFO - [2024-06-16 10:13:56,872] {dag.py:2919} INFO - Setting next_dagrun for example_subdag_operator.section-1 to None, run_after=None
[2024-06-16 10:13:56,872] {logging_mixin.py:115} INFO - [2024-06-16 10:13:56,872] {dag.py:2919} INFO - Setting next_dagrun for example_subdag_operator.section-2 to None, run_after=None
[2024-06-16 10:13:56,880] {logging_mixin.py:115} INFO - [2024-06-16 10:13:56,880] {dag.py:2371} INFO - Sync 2 DAGs
[2024-06-16 10:13:56,890] {logging_mixin.py:115} INFO - [2024-06-16 10:13:56,890] {dag.py:2919} INFO - Setting next_dagrun for example_subdag_operator.section-1 to None, run_after=None
[2024-06-16 10:13:56,891] {logging_mixin.py:115} INFO - [2024-06-16 10:13:56,890] {dag.py:2919} INFO - Setting next_dagrun for example_subdag_operator.section-2 to None, run_after=None
[2024-06-16 10:13:56,906] {processor.py:161} INFO - Processing /home/airflow/.local/lib/python3.7/site-packages/airflow/example_dags/example_subdag_operator.py took 0.237 seconds
[2024-06-16 10:14:27,213] {processor.py:153} INFO - Started process (PID=964) to work on /home/airflow/.local/lib/python3.7/site-packages/airflow/example_dags/example_subdag_operator.py
[2024-06-16 10:14:27,215] {processor.py:641} INFO - Processing file /home/airflow/.local/lib/python3.7/site-packages/airflow/example_dags/example_subdag_operator.py for tasks to queue
[2024-06-16 10:14:27,216] {logging_mixin.py:115} INFO - [2024-06-16 10:14:27,216] {dagbag.py:507} INFO - Filling up the DagBag from /home/airflow/.local/lib/python3.7/site-packages/airflow/example_dags/example_subdag_operator.py
[2024-06-16 10:14:27,252] {processor.py:651} INFO - DAG(s) dict_keys(['example_subdag_operator.section-1', 'example_subdag_operator.section-2', 'example_subdag_operator']) retrieved from /home/airflow/.local/lib/python3.7/site-packages/airflow/example_dags/example_subdag_operator.py
[2024-06-16 10:14:27,425] {logging_mixin.py:115} INFO - [2024-06-16 10:14:27,425] {dag.py:2371} INFO - Sync 3 DAGs
[2024-06-16 10:14:27,446] {logging_mixin.py:115} INFO - [2024-06-16 10:14:27,446] {dag.py:2919} INFO - Setting next_dagrun for example_subdag_operator to 2024-06-14T00:00:00+00:00, run_after=2024-06-14T00:00:00+00:00
[2024-06-16 10:14:27,447] {logging_mixin.py:115} INFO - [2024-06-16 10:14:27,446] {dag.py:2919} INFO - Setting next_dagrun for example_subdag_operator.section-1 to None, run_after=None
[2024-06-16 10:14:27,447] {logging_mixin.py:115} INFO - [2024-06-16 10:14:27,447] {dag.py:2919} INFO - Setting next_dagrun for example_subdag_operator.section-2 to None, run_after=None
[2024-06-16 10:14:27,455] {logging_mixin.py:115} INFO - [2024-06-16 10:14:27,455] {dag.py:2371} INFO - Sync 2 DAGs
[2024-06-16 10:14:27,462] {logging_mixin.py:115} INFO - [2024-06-16 10:14:27,461] {dag.py:2919} INFO - Setting next_dagrun for example_subdag_operator.section-1 to None, run_after=None
[2024-06-16 10:14:27,462] {logging_mixin.py:115} INFO - [2024-06-16 10:14:27,462] {dag.py:2919} INFO - Setting next_dagrun for example_subdag_operator.section-2 to None, run_after=None
[2024-06-16 10:14:27,474] {processor.py:161} INFO - Processing /home/airflow/.local/lib/python3.7/site-packages/airflow/example_dags/example_subdag_operator.py took 0.266 seconds
[2024-06-16 10:14:58,069] {processor.py:153} INFO - Started process (PID=1025) to work on /home/airflow/.local/lib/python3.7/site-packages/airflow/example_dags/example_subdag_operator.py
[2024-06-16 10:14:58,069] {processor.py:641} INFO - Processing file /home/airflow/.local/lib/python3.7/site-packages/airflow/example_dags/example_subdag_operator.py for tasks to queue
[2024-06-16 10:14:58,070] {logging_mixin.py:115} INFO - [2024-06-16 10:14:58,070] {dagbag.py:507} INFO - Filling up the DagBag from /home/airflow/.local/lib/python3.7/site-packages/airflow/example_dags/example_subdag_operator.py
[2024-06-16 10:14:58,100] {processor.py:651} INFO - DAG(s) dict_keys(['example_subdag_operator.section-1', 'example_subdag_operator.section-2', 'example_subdag_operator']) retrieved from /home/airflow/.local/lib/python3.7/site-packages/airflow/example_dags/example_subdag_operator.py
[2024-06-16 10:14:58,286] {logging_mixin.py:115} INFO - [2024-06-16 10:14:58,286] {dag.py:2371} INFO - Sync 3 DAGs
[2024-06-16 10:14:58,312] {logging_mixin.py:115} INFO - [2024-06-16 10:14:58,312] {dag.py:2919} INFO - Setting next_dagrun for example_subdag_operator to 2024-06-14T00:00:00+00:00, run_after=2024-06-14T00:00:00+00:00
[2024-06-16 10:14:58,313] {logging_mixin.py:115} INFO - [2024-06-16 10:14:58,313] {dag.py:2919} INFO - Setting next_dagrun for example_subdag_operator.section-1 to None, run_after=None
[2024-06-16 10:14:58,313] {logging_mixin.py:115} INFO - [2024-06-16 10:14:58,313] {dag.py:2919} INFO - Setting next_dagrun for example_subdag_operator.section-2 to None, run_after=None
[2024-06-16 10:14:58,320] {logging_mixin.py:115} INFO - [2024-06-16 10:14:58,320] {dag.py:2371} INFO - Sync 2 DAGs
[2024-06-16 10:14:58,329] {logging_mixin.py:115} INFO - [2024-06-16 10:14:58,328] {dag.py:2919} INFO - Setting next_dagrun for example_subdag_operator.section-1 to None, run_after=None
[2024-06-16 10:14:58,329] {logging_mixin.py:115} INFO - [2024-06-16 10:14:58,329] {dag.py:2919} INFO - Setting next_dagrun for example_subdag_operator.section-2 to None, run_after=None
[2024-06-16 10:14:58,342] {processor.py:161} INFO - Processing /home/airflow/.local/lib/python3.7/site-packages/airflow/example_dags/example_subdag_operator.py took 0.277 seconds
[2024-06-16 10:15:28,784] {processor.py:153} INFO - Started process (PID=1080) to work on /home/airflow/.local/lib/python3.7/site-packages/airflow/example_dags/example_subdag_operator.py
[2024-06-16 10:15:28,785] {processor.py:641} INFO - Processing file /home/airflow/.local/lib/python3.7/site-packages/airflow/example_dags/example_subdag_operator.py for tasks to queue
[2024-06-16 10:15:28,786] {logging_mixin.py:115} INFO - [2024-06-16 10:15:28,786] {dagbag.py:507} INFO - Filling up the DagBag from /home/airflow/.local/lib/python3.7/site-packages/airflow/example_dags/example_subdag_operator.py
[2024-06-16 10:15:28,816] {processor.py:651} INFO - DAG(s) dict_keys(['example_subdag_operator.section-1', 'example_subdag_operator.section-2', 'example_subdag_operator']) retrieved from /home/airflow/.local/lib/python3.7/site-packages/airflow/example_dags/example_subdag_operator.py
[2024-06-16 10:15:28,975] {logging_mixin.py:115} INFO - [2024-06-16 10:15:28,975] {dag.py:2371} INFO - Sync 3 DAGs
[2024-06-16 10:15:28,996] {logging_mixin.py:115} INFO - [2024-06-16 10:15:28,996] {dag.py:2919} INFO - Setting next_dagrun for example_subdag_operator to 2024-06-14T00:00:00+00:00, run_after=2024-06-14T00:00:00+00:00
[2024-06-16 10:15:28,997] {logging_mixin.py:115} INFO - [2024-06-16 10:15:28,997] {dag.py:2919} INFO - Setting next_dagrun for example_subdag_operator.section-1 to None, run_after=None
[2024-06-16 10:15:28,997] {logging_mixin.py:115} INFO - [2024-06-16 10:15:28,997] {dag.py:2919} INFO - Setting next_dagrun for example_subdag_operator.section-2 to None, run_after=None
[2024-06-16 10:15:29,004] {logging_mixin.py:115} INFO - [2024-06-16 10:15:29,004] {dag.py:2371} INFO - Sync 2 DAGs
[2024-06-16 10:15:29,011] {logging_mixin.py:115} INFO - [2024-06-16 10:15:29,011] {dag.py:2919} INFO - Setting next_dagrun for example_subdag_operator.section-1 to None, run_after=None
[2024-06-16 10:15:29,012] {logging_mixin.py:115} INFO - [2024-06-16 10:15:29,012] {dag.py:2919} INFO - Setting next_dagrun for example_subdag_operator.section-2 to None, run_after=None
[2024-06-16 10:15:29,023] {processor.py:161} INFO - Processing /home/airflow/.local/lib/python3.7/site-packages/airflow/example_dags/example_subdag_operator.py took 0.242 seconds
[2024-06-16 10:15:59,556] {processor.py:153} INFO - Started process (PID=1143) to work on /home/airflow/.local/lib/python3.7/site-packages/airflow/example_dags/example_subdag_operator.py
[2024-06-16 10:15:59,557] {processor.py:641} INFO - Processing file /home/airflow/.local/lib/python3.7/site-packages/airflow/example_dags/example_subdag_operator.py for tasks to queue
[2024-06-16 10:15:59,558] {logging_mixin.py:115} INFO - [2024-06-16 10:15:59,558] {dagbag.py:507} INFO - Filling up the DagBag from /home/airflow/.local/lib/python3.7/site-packages/airflow/example_dags/example_subdag_operator.py
[2024-06-16 10:15:59,587] {processor.py:651} INFO - DAG(s) dict_keys(['example_subdag_operator.section-1', 'example_subdag_operator.section-2', 'example_subdag_operator']) retrieved from /home/airflow/.local/lib/python3.7/site-packages/airflow/example_dags/example_subdag_operator.py
[2024-06-16 10:15:59,753] {logging_mixin.py:115} INFO - [2024-06-16 10:15:59,753] {dag.py:2371} INFO - Sync 3 DAGs
[2024-06-16 10:15:59,774] {logging_mixin.py:115} INFO - [2024-06-16 10:15:59,774] {dag.py:2919} INFO - Setting next_dagrun for example_subdag_operator to 2024-06-14T00:00:00+00:00, run_after=2024-06-14T00:00:00+00:00
[2024-06-16 10:15:59,774] {logging_mixin.py:115} INFO - [2024-06-16 10:15:59,774] {dag.py:2919} INFO - Setting next_dagrun for example_subdag_operator.section-1 to None, run_after=None
[2024-06-16 10:15:59,775] {logging_mixin.py:115} INFO - [2024-06-16 10:15:59,775] {dag.py:2919} INFO - Setting next_dagrun for example_subdag_operator.section-2 to None, run_after=None
[2024-06-16 10:15:59,781] {logging_mixin.py:115} INFO - [2024-06-16 10:15:59,781] {dag.py:2371} INFO - Sync 2 DAGs
[2024-06-16 10:15:59,787] {logging_mixin.py:115} INFO - [2024-06-16 10:15:59,787] {dag.py:2919} INFO - Setting next_dagrun for example_subdag_operator.section-1 to None, run_after=None
[2024-06-16 10:15:59,788] {logging_mixin.py:115} INFO - [2024-06-16 10:15:59,788] {dag.py:2919} INFO - Setting next_dagrun for example_subdag_operator.section-2 to None, run_after=None
[2024-06-16 10:15:59,797] {processor.py:161} INFO - Processing /home/airflow/.local/lib/python3.7/site-packages/airflow/example_dags/example_subdag_operator.py took 0.244 seconds
[2024-06-16 10:16:30,058] {processor.py:153} INFO - Started process (PID=1197) to work on /home/airflow/.local/lib/python3.7/site-packages/airflow/example_dags/example_subdag_operator.py
[2024-06-16 10:16:30,059] {processor.py:641} INFO - Processing file /home/airflow/.local/lib/python3.7/site-packages/airflow/example_dags/example_subdag_operator.py for tasks to queue
[2024-06-16 10:16:30,060] {logging_mixin.py:115} INFO - [2024-06-16 10:16:30,060] {dagbag.py:507} INFO - Filling up the DagBag from /home/airflow/.local/lib/python3.7/site-packages/airflow/example_dags/example_subdag_operator.py
[2024-06-16 10:16:30,089] {processor.py:651} INFO - DAG(s) dict_keys(['example_subdag_operator.section-1', 'example_subdag_operator.section-2', 'example_subdag_operator']) retrieved from /home/airflow/.local/lib/python3.7/site-packages/airflow/example_dags/example_subdag_operator.py
[2024-06-16 10:16:30,251] {logging_mixin.py:115} INFO - [2024-06-16 10:16:30,251] {dag.py:2371} INFO - Sync 3 DAGs
[2024-06-16 10:16:30,272] {logging_mixin.py:115} INFO - [2024-06-16 10:16:30,272] {dag.py:2919} INFO - Setting next_dagrun for example_subdag_operator to 2024-06-14T00:00:00+00:00, run_after=2024-06-14T00:00:00+00:00
[2024-06-16 10:16:30,272] {logging_mixin.py:115} INFO - [2024-06-16 10:16:30,272] {dag.py:2919} INFO - Setting next_dagrun for example_subdag_operator.section-1 to None, run_after=None
[2024-06-16 10:16:30,273] {logging_mixin.py:115} INFO - [2024-06-16 10:16:30,273] {dag.py:2919} INFO - Setting next_dagrun for example_subdag_operator.section-2 to None, run_after=None
[2024-06-16 10:16:30,280] {logging_mixin.py:115} INFO - [2024-06-16 10:16:30,280] {dag.py:2371} INFO - Sync 2 DAGs
[2024-06-16 10:16:30,286] {logging_mixin.py:115} INFO - [2024-06-16 10:16:30,286] {dag.py:2919} INFO - Setting next_dagrun for example_subdag_operator.section-1 to None, run_after=None
[2024-06-16 10:16:30,287] {logging_mixin.py:115} INFO - [2024-06-16 10:16:30,287] {dag.py:2919} INFO - Setting next_dagrun for example_subdag_operator.section-2 to None, run_after=None
[2024-06-16 10:16:30,298] {processor.py:161} INFO - Processing /home/airflow/.local/lib/python3.7/site-packages/airflow/example_dags/example_subdag_operator.py took 0.245 seconds
[2024-06-16 10:17:00,750] {processor.py:153} INFO - Started process (PID=1259) to work on /home/airflow/.local/lib/python3.7/site-packages/airflow/example_dags/example_subdag_operator.py
[2024-06-16 10:17:00,751] {processor.py:641} INFO - Processing file /home/airflow/.local/lib/python3.7/site-packages/airflow/example_dags/example_subdag_operator.py for tasks to queue
[2024-06-16 10:17:00,752] {logging_mixin.py:115} INFO - [2024-06-16 10:17:00,752] {dagbag.py:507} INFO - Filling up the DagBag from /home/airflow/.local/lib/python3.7/site-packages/airflow/example_dags/example_subdag_operator.py
[2024-06-16 10:17:00,793] {processor.py:651} INFO - DAG(s) dict_keys(['example_subdag_operator.section-1', 'example_subdag_operator.section-2', 'example_subdag_operator']) retrieved from /home/airflow/.local/lib/python3.7/site-packages/airflow/example_dags/example_subdag_operator.py
[2024-06-16 10:17:00,834] {logging_mixin.py:115} INFO - [2024-06-16 10:17:00,834] {dag.py:2371} INFO - Sync 3 DAGs
[2024-06-16 10:17:00,859] {logging_mixin.py:115} INFO - [2024-06-16 10:17:00,858] {dag.py:2919} INFO - Setting next_dagrun for example_subdag_operator to 2024-06-14T00:00:00+00:00, run_after=2024-06-14T00:00:00+00:00
[2024-06-16 10:17:00,859] {logging_mixin.py:115} INFO - [2024-06-16 10:17:00,859] {dag.py:2919} INFO - Setting next_dagrun for example_subdag_operator.section-1 to None, run_after=None
[2024-06-16 10:17:00,860] {logging_mixin.py:115} INFO - [2024-06-16 10:17:00,860] {dag.py:2919} INFO - Setting next_dagrun for example_subdag_operator.section-2 to None, run_after=None
[2024-06-16 10:17:00,867] {logging_mixin.py:115} INFO - [2024-06-16 10:17:00,867] {dag.py:2371} INFO - Sync 2 DAGs
[2024-06-16 10:17:00,873] {logging_mixin.py:115} INFO - [2024-06-16 10:17:00,873] {dag.py:2919} INFO - Setting next_dagrun for example_subdag_operator.section-1 to None, run_after=None
[2024-06-16 10:17:00,874] {logging_mixin.py:115} INFO - [2024-06-16 10:17:00,874] {dag.py:2919} INFO - Setting next_dagrun for example_subdag_operator.section-2 to None, run_after=None
[2024-06-16 10:17:00,887] {processor.py:161} INFO - Processing /home/airflow/.local/lib/python3.7/site-packages/airflow/example_dags/example_subdag_operator.py took 0.140 seconds
[2024-06-16 10:17:31,575] {processor.py:153} INFO - Started process (PID=1323) to work on /home/airflow/.local/lib/python3.7/site-packages/airflow/example_dags/example_subdag_operator.py
[2024-06-16 10:17:31,575] {processor.py:641} INFO - Processing file /home/airflow/.local/lib/python3.7/site-packages/airflow/example_dags/example_subdag_operator.py for tasks to queue
[2024-06-16 10:17:31,576] {logging_mixin.py:115} INFO - [2024-06-16 10:17:31,576] {dagbag.py:507} INFO - Filling up the DagBag from /home/airflow/.local/lib/python3.7/site-packages/airflow/example_dags/example_subdag_operator.py
[2024-06-16 10:17:31,616] {processor.py:651} INFO - DAG(s) dict_keys(['example_subdag_operator.section-1', 'example_subdag_operator.section-2', 'example_subdag_operator']) retrieved from /home/airflow/.local/lib/python3.7/site-packages/airflow/example_dags/example_subdag_operator.py
[2024-06-16 10:17:31,659] {logging_mixin.py:115} INFO - [2024-06-16 10:17:31,659] {dag.py:2371} INFO - Sync 3 DAGs
[2024-06-16 10:17:31,682] {logging_mixin.py:115} INFO - [2024-06-16 10:17:31,682] {dag.py:2919} INFO - Setting next_dagrun for example_subdag_operator to 2024-06-14T00:00:00+00:00, run_after=2024-06-14T00:00:00+00:00
[2024-06-16 10:17:31,682] {logging_mixin.py:115} INFO - [2024-06-16 10:17:31,682] {dag.py:2919} INFO - Setting next_dagrun for example_subdag_operator.section-1 to None, run_after=None
[2024-06-16 10:17:31,683] {logging_mixin.py:115} INFO - [2024-06-16 10:17:31,683] {dag.py:2919} INFO - Setting next_dagrun for example_subdag_operator.section-2 to None, run_after=None
[2024-06-16 10:17:31,692] {logging_mixin.py:115} INFO - [2024-06-16 10:17:31,692] {dag.py:2371} INFO - Sync 2 DAGs
[2024-06-16 10:17:31,699] {logging_mixin.py:115} INFO - [2024-06-16 10:17:31,699] {dag.py:2919} INFO - Setting next_dagrun for example_subdag_operator.section-1 to None, run_after=None
[2024-06-16 10:17:31,700] {logging_mixin.py:115} INFO - [2024-06-16 10:17:31,700] {dag.py:2919} INFO - Setting next_dagrun for example_subdag_operator.section-2 to None, run_after=None
[2024-06-16 10:17:31,725] {processor.py:161} INFO - Processing /home/airflow/.local/lib/python3.7/site-packages/airflow/example_dags/example_subdag_operator.py took 0.154 seconds
[2024-06-16 10:18:01,917] {processor.py:153} INFO - Started process (PID=1378) to work on /home/airflow/.local/lib/python3.7/site-packages/airflow/example_dags/example_subdag_operator.py
[2024-06-16 10:18:01,918] {processor.py:641} INFO - Processing file /home/airflow/.local/lib/python3.7/site-packages/airflow/example_dags/example_subdag_operator.py for tasks to queue
[2024-06-16 10:18:01,919] {logging_mixin.py:115} INFO - [2024-06-16 10:18:01,919] {dagbag.py:507} INFO - Filling up the DagBag from /home/airflow/.local/lib/python3.7/site-packages/airflow/example_dags/example_subdag_operator.py
[2024-06-16 10:18:01,950] {processor.py:651} INFO - DAG(s) dict_keys(['example_subdag_operator.section-1', 'example_subdag_operator.section-2', 'example_subdag_operator']) retrieved from /home/airflow/.local/lib/python3.7/site-packages/airflow/example_dags/example_subdag_operator.py
[2024-06-16 10:18:02,006] {logging_mixin.py:115} INFO - [2024-06-16 10:18:02,006] {dag.py:2371} INFO - Sync 3 DAGs
[2024-06-16 10:18:02,032] {logging_mixin.py:115} INFO - [2024-06-16 10:18:02,032] {dag.py:2919} INFO - Setting next_dagrun for example_subdag_operator to 2024-06-14T00:00:00+00:00, run_after=2024-06-14T00:00:00+00:00
[2024-06-16 10:18:02,032] {logging_mixin.py:115} INFO - [2024-06-16 10:18:02,032] {dag.py:2919} INFO - Setting next_dagrun for example_subdag_operator.section-1 to None, run_after=None
[2024-06-16 10:18:02,032] {logging_mixin.py:115} INFO - [2024-06-16 10:18:02,032] {dag.py:2919} INFO - Setting next_dagrun for example_subdag_operator.section-2 to None, run_after=None
[2024-06-16 10:18:02,042] {logging_mixin.py:115} INFO - [2024-06-16 10:18:02,042] {dag.py:2371} INFO - Sync 2 DAGs
[2024-06-16 10:18:02,049] {logging_mixin.py:115} INFO - [2024-06-16 10:18:02,049] {dag.py:2919} INFO - Setting next_dagrun for example_subdag_operator.section-1 to None, run_after=None
[2024-06-16 10:18:02,049] {logging_mixin.py:115} INFO - [2024-06-16 10:18:02,049] {dag.py:2919} INFO - Setting next_dagrun for example_subdag_operator.section-2 to None, run_after=None
[2024-06-16 10:18:02,063] {processor.py:161} INFO - Processing /home/airflow/.local/lib/python3.7/site-packages/airflow/example_dags/example_subdag_operator.py took 0.149 seconds
[2024-06-16 10:18:32,942] {processor.py:153} INFO - Started process (PID=1442) to work on /home/airflow/.local/lib/python3.7/site-packages/airflow/example_dags/example_subdag_operator.py
[2024-06-16 10:18:32,944] {processor.py:641} INFO - Processing file /home/airflow/.local/lib/python3.7/site-packages/airflow/example_dags/example_subdag_operator.py for tasks to queue
[2024-06-16 10:18:32,945] {logging_mixin.py:115} INFO - [2024-06-16 10:18:32,945] {dagbag.py:507} INFO - Filling up the DagBag from /home/airflow/.local/lib/python3.7/site-packages/airflow/example_dags/example_subdag_operator.py
[2024-06-16 10:18:33,031] {processor.py:651} INFO - DAG(s) dict_keys(['example_subdag_operator.section-1', 'example_subdag_operator.section-2', 'example_subdag_operator']) retrieved from /home/airflow/.local/lib/python3.7/site-packages/airflow/example_dags/example_subdag_operator.py
[2024-06-16 10:18:33,108] {logging_mixin.py:115} INFO - [2024-06-16 10:18:33,108] {dag.py:2371} INFO - Sync 3 DAGs
[2024-06-16 10:18:33,186] {logging_mixin.py:115} INFO - [2024-06-16 10:18:33,186] {dag.py:2919} INFO - Setting next_dagrun for example_subdag_operator to 2024-06-14T00:00:00+00:00, run_after=2024-06-14T00:00:00+00:00
[2024-06-16 10:18:33,188] {logging_mixin.py:115} INFO - [2024-06-16 10:18:33,188] {dag.py:2919} INFO - Setting next_dagrun for example_subdag_operator.section-1 to None, run_after=None
[2024-06-16 10:18:33,190] {logging_mixin.py:115} INFO - [2024-06-16 10:18:33,190] {dag.py:2919} INFO - Setting next_dagrun for example_subdag_operator.section-2 to None, run_after=None
[2024-06-16 10:18:33,208] {logging_mixin.py:115} INFO - [2024-06-16 10:18:33,208] {dag.py:2371} INFO - Sync 2 DAGs
[2024-06-16 10:18:33,232] {logging_mixin.py:115} INFO - [2024-06-16 10:18:33,232] {dag.py:2919} INFO - Setting next_dagrun for example_subdag_operator.section-1 to None, run_after=None
[2024-06-16 10:18:33,233] {logging_mixin.py:115} INFO - [2024-06-16 10:18:33,233] {dag.py:2919} INFO - Setting next_dagrun for example_subdag_operator.section-2 to None, run_after=None
[2024-06-16 10:18:33,247] {processor.py:161} INFO - Processing /home/airflow/.local/lib/python3.7/site-packages/airflow/example_dags/example_subdag_operator.py took 0.309 seconds
[2024-06-16 10:19:03,649] {processor.py:153} INFO - Started process (PID=1496) to work on /home/airflow/.local/lib/python3.7/site-packages/airflow/example_dags/example_subdag_operator.py
[2024-06-16 10:19:03,650] {processor.py:641} INFO - Processing file /home/airflow/.local/lib/python3.7/site-packages/airflow/example_dags/example_subdag_operator.py for tasks to queue
[2024-06-16 10:19:03,651] {logging_mixin.py:115} INFO - [2024-06-16 10:19:03,651] {dagbag.py:507} INFO - Filling up the DagBag from /home/airflow/.local/lib/python3.7/site-packages/airflow/example_dags/example_subdag_operator.py
[2024-06-16 10:19:03,679] {processor.py:651} INFO - DAG(s) dict_keys(['example_subdag_operator.section-1', 'example_subdag_operator.section-2', 'example_subdag_operator']) retrieved from /home/airflow/.local/lib/python3.7/site-packages/airflow/example_dags/example_subdag_operator.py
[2024-06-16 10:19:03,714] {logging_mixin.py:115} INFO - [2024-06-16 10:19:03,714] {dag.py:2371} INFO - Sync 3 DAGs
[2024-06-16 10:19:03,735] {logging_mixin.py:115} INFO - [2024-06-16 10:19:03,735] {dag.py:2919} INFO - Setting next_dagrun for example_subdag_operator to 2024-06-14T00:00:00+00:00, run_after=2024-06-14T00:00:00+00:00
[2024-06-16 10:19:03,736] {logging_mixin.py:115} INFO - [2024-06-16 10:19:03,736] {dag.py:2919} INFO - Setting next_dagrun for example_subdag_operator.section-1 to None, run_after=None
[2024-06-16 10:19:03,736] {logging_mixin.py:115} INFO - [2024-06-16 10:19:03,736] {dag.py:2919} INFO - Setting next_dagrun for example_subdag_operator.section-2 to None, run_after=None
[2024-06-16 10:19:03,745] {logging_mixin.py:115} INFO - [2024-06-16 10:19:03,745] {dag.py:2371} INFO - Sync 2 DAGs
[2024-06-16 10:19:03,751] {logging_mixin.py:115} INFO - [2024-06-16 10:19:03,751] {dag.py:2919} INFO - Setting next_dagrun for example_subdag_operator.section-1 to None, run_after=None
[2024-06-16 10:19:03,752] {logging_mixin.py:115} INFO - [2024-06-16 10:19:03,752] {dag.py:2919} INFO - Setting next_dagrun for example_subdag_operator.section-2 to None, run_after=None
[2024-06-16 10:19:03,764] {processor.py:161} INFO - Processing /home/airflow/.local/lib/python3.7/site-packages/airflow/example_dags/example_subdag_operator.py took 0.119 seconds
[2024-06-16 11:03:53,510] {processor.py:153} INFO - Started process (PID=62) to work on /home/airflow/.local/lib/python3.7/site-packages/airflow/example_dags/example_subdag_operator.py
[2024-06-16 11:03:53,518] {processor.py:641} INFO - Processing file /home/airflow/.local/lib/python3.7/site-packages/airflow/example_dags/example_subdag_operator.py for tasks to queue
[2024-06-16 11:03:53,519] {logging_mixin.py:115} INFO - [2024-06-16 11:03:53,519] {dagbag.py:507} INFO - Filling up the DagBag from /home/airflow/.local/lib/python3.7/site-packages/airflow/example_dags/example_subdag_operator.py
[2024-06-16 11:03:53,556] {processor.py:651} INFO - DAG(s) dict_keys(['example_subdag_operator.section-1', 'example_subdag_operator.section-2', 'example_subdag_operator']) retrieved from /home/airflow/.local/lib/python3.7/site-packages/airflow/example_dags/example_subdag_operator.py
[2024-06-16 11:03:53,597] {logging_mixin.py:115} INFO - [2024-06-16 11:03:53,597] {dag.py:2371} INFO - Sync 3 DAGs
[2024-06-16 11:03:53,762] {logging_mixin.py:115} INFO - [2024-06-16 11:03:53,762] {dag.py:2919} INFO - Setting next_dagrun for example_subdag_operator to 2024-06-14T00:00:00+00:00, run_after=2024-06-14T00:00:00+00:00
[2024-06-16 11:03:53,763] {logging_mixin.py:115} INFO - [2024-06-16 11:03:53,763] {dag.py:2919} INFO - Setting next_dagrun for example_subdag_operator.section-1 to None, run_after=None
[2024-06-16 11:03:53,763] {logging_mixin.py:115} INFO - [2024-06-16 11:03:53,763] {dag.py:2919} INFO - Setting next_dagrun for example_subdag_operator.section-2 to None, run_after=None
[2024-06-16 11:03:53,772] {logging_mixin.py:115} INFO - [2024-06-16 11:03:53,772] {dag.py:2371} INFO - Sync 2 DAGs
[2024-06-16 11:03:53,779] {logging_mixin.py:115} INFO - [2024-06-16 11:03:53,779] {dag.py:2919} INFO - Setting next_dagrun for example_subdag_operator.section-1 to None, run_after=None
[2024-06-16 11:03:53,780] {logging_mixin.py:115} INFO - [2024-06-16 11:03:53,780] {dag.py:2919} INFO - Setting next_dagrun for example_subdag_operator.section-2 to None, run_after=None
[2024-06-16 11:03:53,792] {processor.py:161} INFO - Processing /home/airflow/.local/lib/python3.7/site-packages/airflow/example_dags/example_subdag_operator.py took 0.286 seconds
[2024-06-16 11:04:24,203] {processor.py:153} INFO - Started process (PID=126) to work on /home/airflow/.local/lib/python3.7/site-packages/airflow/example_dags/example_subdag_operator.py
[2024-06-16 11:04:24,204] {processor.py:641} INFO - Processing file /home/airflow/.local/lib/python3.7/site-packages/airflow/example_dags/example_subdag_operator.py for tasks to queue
[2024-06-16 11:04:24,206] {logging_mixin.py:115} INFO - [2024-06-16 11:04:24,206] {dagbag.py:507} INFO - Filling up the DagBag from /home/airflow/.local/lib/python3.7/site-packages/airflow/example_dags/example_subdag_operator.py
[2024-06-16 11:04:24,254] {processor.py:651} INFO - DAG(s) dict_keys(['example_subdag_operator.section-1', 'example_subdag_operator.section-2', 'example_subdag_operator']) retrieved from /home/airflow/.local/lib/python3.7/site-packages/airflow/example_dags/example_subdag_operator.py
[2024-06-16 11:04:24,339] {logging_mixin.py:115} INFO - [2024-06-16 11:04:24,339] {dag.py:2371} INFO - Sync 3 DAGs
[2024-06-16 11:04:24,564] {logging_mixin.py:115} INFO - [2024-06-16 11:04:24,564] {dag.py:2919} INFO - Setting next_dagrun for example_subdag_operator to 2024-06-14T00:00:00+00:00, run_after=2024-06-14T00:00:00+00:00
[2024-06-16 11:04:24,565] {logging_mixin.py:115} INFO - [2024-06-16 11:04:24,565] {dag.py:2919} INFO - Setting next_dagrun for example_subdag_operator.section-1 to None, run_after=None
[2024-06-16 11:04:24,565] {logging_mixin.py:115} INFO - [2024-06-16 11:04:24,565] {dag.py:2919} INFO - Setting next_dagrun for example_subdag_operator.section-2 to None, run_after=None
[2024-06-16 11:04:24,579] {logging_mixin.py:115} INFO - [2024-06-16 11:04:24,579] {dag.py:2371} INFO - Sync 2 DAGs
[2024-06-16 11:04:24,587] {logging_mixin.py:115} INFO - [2024-06-16 11:04:24,587] {dag.py:2919} INFO - Setting next_dagrun for example_subdag_operator.section-1 to None, run_after=None
[2024-06-16 11:04:24,588] {logging_mixin.py:115} INFO - [2024-06-16 11:04:24,587] {dag.py:2919} INFO - Setting next_dagrun for example_subdag_operator.section-2 to None, run_after=None
[2024-06-16 11:04:24,606] {processor.py:161} INFO - Processing /home/airflow/.local/lib/python3.7/site-packages/airflow/example_dags/example_subdag_operator.py took 0.408 seconds
[2024-06-16 11:04:54,806] {processor.py:153} INFO - Started process (PID=180) to work on /home/airflow/.local/lib/python3.7/site-packages/airflow/example_dags/example_subdag_operator.py
[2024-06-16 11:04:54,807] {processor.py:641} INFO - Processing file /home/airflow/.local/lib/python3.7/site-packages/airflow/example_dags/example_subdag_operator.py for tasks to queue
[2024-06-16 11:04:54,808] {logging_mixin.py:115} INFO - [2024-06-16 11:04:54,808] {dagbag.py:507} INFO - Filling up the DagBag from /home/airflow/.local/lib/python3.7/site-packages/airflow/example_dags/example_subdag_operator.py
[2024-06-16 11:04:54,852] {processor.py:651} INFO - DAG(s) dict_keys(['example_subdag_operator.section-1', 'example_subdag_operator.section-2', 'example_subdag_operator']) retrieved from /home/airflow/.local/lib/python3.7/site-packages/airflow/example_dags/example_subdag_operator.py
[2024-06-16 11:04:54,980] {logging_mixin.py:115} INFO - [2024-06-16 11:04:54,980] {dag.py:2371} INFO - Sync 3 DAGs
[2024-06-16 11:04:55,367] {logging_mixin.py:115} INFO - [2024-06-16 11:04:55,367] {dag.py:2919} INFO - Setting next_dagrun for example_subdag_operator to 2024-06-14T00:00:00+00:00, run_after=2024-06-14T00:00:00+00:00
[2024-06-16 11:04:55,490] {logging_mixin.py:115} INFO - [2024-06-16 11:04:55,489] {dag.py:2919} INFO - Setting next_dagrun for example_subdag_operator.section-1 to None, run_after=None
[2024-06-16 11:04:55,520] {logging_mixin.py:115} INFO - [2024-06-16 11:04:55,520] {dag.py:2919} INFO - Setting next_dagrun for example_subdag_operator.section-2 to None, run_after=None
[2024-06-16 11:04:55,533] {logging_mixin.py:115} INFO - [2024-06-16 11:04:55,533] {dag.py:2371} INFO - Sync 2 DAGs
[2024-06-16 11:04:55,552] {logging_mixin.py:115} INFO - [2024-06-16 11:04:55,552] {dag.py:2919} INFO - Setting next_dagrun for example_subdag_operator.section-1 to None, run_after=None
[2024-06-16 11:04:55,556] {logging_mixin.py:115} INFO - [2024-06-16 11:04:55,556] {dag.py:2919} INFO - Setting next_dagrun for example_subdag_operator.section-2 to None, run_after=None
[2024-06-16 11:04:55,604] {processor.py:161} INFO - Processing /home/airflow/.local/lib/python3.7/site-packages/airflow/example_dags/example_subdag_operator.py took 0.802 seconds
[2024-06-16 11:06:01,381] {processor.py:153} INFO - Started process (PID=252) to work on /home/airflow/.local/lib/python3.7/site-packages/airflow/example_dags/example_subdag_operator.py
[2024-06-16 11:06:01,394] {processor.py:641} INFO - Processing file /home/airflow/.local/lib/python3.7/site-packages/airflow/example_dags/example_subdag_operator.py for tasks to queue
[2024-06-16 11:06:01,416] {logging_mixin.py:115} INFO - [2024-06-16 11:06:01,416] {dagbag.py:507} INFO - Filling up the DagBag from /home/airflow/.local/lib/python3.7/site-packages/airflow/example_dags/example_subdag_operator.py
[2024-06-16 11:06:01,546] {processor.py:651} INFO - DAG(s) dict_keys(['example_subdag_operator.section-1', 'example_subdag_operator.section-2', 'example_subdag_operator']) retrieved from /home/airflow/.local/lib/python3.7/site-packages/airflow/example_dags/example_subdag_operator.py
[2024-06-16 11:06:01,736] {logging_mixin.py:115} INFO - [2024-06-16 11:06:01,736] {dag.py:2371} INFO - Sync 3 DAGs
[2024-06-16 11:06:02,500] {logging_mixin.py:115} INFO - [2024-06-16 11:06:02,500] {dag.py:2919} INFO - Setting next_dagrun for example_subdag_operator to 2024-06-14T00:00:00+00:00, run_after=2024-06-14T00:00:00+00:00
[2024-06-16 11:06:02,510] {logging_mixin.py:115} INFO - [2024-06-16 11:06:02,510] {dag.py:2919} INFO - Setting next_dagrun for example_subdag_operator.section-1 to None, run_after=None
[2024-06-16 11:06:02,574] {logging_mixin.py:115} INFO - [2024-06-16 11:06:02,574] {dag.py:2919} INFO - Setting next_dagrun for example_subdag_operator.section-2 to None, run_after=None
[2024-06-16 11:06:02,595] {logging_mixin.py:115} INFO - [2024-06-16 11:06:02,595] {dag.py:2371} INFO - Sync 2 DAGs
[2024-06-16 11:06:02,636] {logging_mixin.py:115} INFO - [2024-06-16 11:06:02,636] {dag.py:2919} INFO - Setting next_dagrun for example_subdag_operator.section-1 to None, run_after=None
[2024-06-16 11:06:02,637] {logging_mixin.py:115} INFO - [2024-06-16 11:06:02,637] {dag.py:2919} INFO - Setting next_dagrun for example_subdag_operator.section-2 to None, run_after=None
[2024-06-16 11:06:02,698] {processor.py:161} INFO - Processing /home/airflow/.local/lib/python3.7/site-packages/airflow/example_dags/example_subdag_operator.py took 1.321 seconds
[2024-06-16 11:06:33,559] {processor.py:153} INFO - Started process (PID=313) to work on /home/airflow/.local/lib/python3.7/site-packages/airflow/example_dags/example_subdag_operator.py
[2024-06-16 11:06:33,563] {processor.py:641} INFO - Processing file /home/airflow/.local/lib/python3.7/site-packages/airflow/example_dags/example_subdag_operator.py for tasks to queue
[2024-06-16 11:06:33,566] {logging_mixin.py:115} INFO - [2024-06-16 11:06:33,564] {dagbag.py:507} INFO - Filling up the DagBag from /home/airflow/.local/lib/python3.7/site-packages/airflow/example_dags/example_subdag_operator.py
[2024-06-16 11:06:33,791] {processor.py:651} INFO - DAG(s) dict_keys(['example_subdag_operator.section-1', 'example_subdag_operator.section-2', 'example_subdag_operator']) retrieved from /home/airflow/.local/lib/python3.7/site-packages/airflow/example_dags/example_subdag_operator.py
[2024-06-16 11:06:33,940] {logging_mixin.py:115} INFO - [2024-06-16 11:06:33,940] {dag.py:2371} INFO - Sync 3 DAGs
[2024-06-16 11:06:34,505] {logging_mixin.py:115} INFO - [2024-06-16 11:06:34,505] {dag.py:2919} INFO - Setting next_dagrun for example_subdag_operator to 2024-06-14T00:00:00+00:00, run_after=2024-06-14T00:00:00+00:00
[2024-06-16 11:06:34,517] {logging_mixin.py:115} INFO - [2024-06-16 11:06:34,506] {dag.py:2919} INFO - Setting next_dagrun for example_subdag_operator.section-1 to None, run_after=None
[2024-06-16 11:06:34,519] {logging_mixin.py:115} INFO - [2024-06-16 11:06:34,519] {dag.py:2919} INFO - Setting next_dagrun for example_subdag_operator.section-2 to None, run_after=None
[2024-06-16 11:06:34,547] {logging_mixin.py:115} INFO - [2024-06-16 11:06:34,547] {dag.py:2371} INFO - Sync 2 DAGs
[2024-06-16 11:06:34,567] {logging_mixin.py:115} INFO - [2024-06-16 11:06:34,567] {dag.py:2919} INFO - Setting next_dagrun for example_subdag_operator.section-1 to None, run_after=None
[2024-06-16 11:06:34,569] {logging_mixin.py:115} INFO - [2024-06-16 11:06:34,568] {dag.py:2919} INFO - Setting next_dagrun for example_subdag_operator.section-2 to None, run_after=None
[2024-06-16 11:06:34,588] {processor.py:161} INFO - Processing /home/airflow/.local/lib/python3.7/site-packages/airflow/example_dags/example_subdag_operator.py took 1.033 seconds
[2024-06-16 11:07:05,133] {processor.py:153} INFO - Started process (PID=366) to work on /home/airflow/.local/lib/python3.7/site-packages/airflow/example_dags/example_subdag_operator.py
[2024-06-16 11:07:05,134] {processor.py:641} INFO - Processing file /home/airflow/.local/lib/python3.7/site-packages/airflow/example_dags/example_subdag_operator.py for tasks to queue
[2024-06-16 11:07:05,135] {logging_mixin.py:115} INFO - [2024-06-16 11:07:05,135] {dagbag.py:507} INFO - Filling up the DagBag from /home/airflow/.local/lib/python3.7/site-packages/airflow/example_dags/example_subdag_operator.py
[2024-06-16 11:07:05,187] {processor.py:651} INFO - DAG(s) dict_keys(['example_subdag_operator.section-1', 'example_subdag_operator.section-2', 'example_subdag_operator']) retrieved from /home/airflow/.local/lib/python3.7/site-packages/airflow/example_dags/example_subdag_operator.py
[2024-06-16 11:07:05,276] {logging_mixin.py:115} INFO - [2024-06-16 11:07:05,275] {dag.py:2371} INFO - Sync 3 DAGs
[2024-06-16 11:07:05,542] {logging_mixin.py:115} INFO - [2024-06-16 11:07:05,541] {dag.py:2919} INFO - Setting next_dagrun for example_subdag_operator to 2024-06-14T00:00:00+00:00, run_after=2024-06-14T00:00:00+00:00
[2024-06-16 11:07:05,543] {logging_mixin.py:115} INFO - [2024-06-16 11:07:05,543] {dag.py:2919} INFO - Setting next_dagrun for example_subdag_operator.section-1 to None, run_after=None
[2024-06-16 11:07:05,551] {logging_mixin.py:115} INFO - [2024-06-16 11:07:05,549] {dag.py:2919} INFO - Setting next_dagrun for example_subdag_operator.section-2 to None, run_after=None
[2024-06-16 11:07:05,574] {logging_mixin.py:115} INFO - [2024-06-16 11:07:05,574] {dag.py:2371} INFO - Sync 2 DAGs
[2024-06-16 11:07:05,599] {logging_mixin.py:115} INFO - [2024-06-16 11:07:05,599] {dag.py:2919} INFO - Setting next_dagrun for example_subdag_operator.section-1 to None, run_after=None
[2024-06-16 11:07:05,614] {logging_mixin.py:115} INFO - [2024-06-16 11:07:05,613] {dag.py:2919} INFO - Setting next_dagrun for example_subdag_operator.section-2 to None, run_after=None
[2024-06-16 11:07:05,669] {processor.py:161} INFO - Processing /home/airflow/.local/lib/python3.7/site-packages/airflow/example_dags/example_subdag_operator.py took 0.541 seconds
[2024-06-16 11:07:36,178] {processor.py:153} INFO - Started process (PID=420) to work on /home/airflow/.local/lib/python3.7/site-packages/airflow/example_dags/example_subdag_operator.py
[2024-06-16 11:07:36,179] {processor.py:641} INFO - Processing file /home/airflow/.local/lib/python3.7/site-packages/airflow/example_dags/example_subdag_operator.py for tasks to queue
[2024-06-16 11:07:36,186] {logging_mixin.py:115} INFO - [2024-06-16 11:07:36,186] {dagbag.py:507} INFO - Filling up the DagBag from /home/airflow/.local/lib/python3.7/site-packages/airflow/example_dags/example_subdag_operator.py
[2024-06-16 11:07:36,268] {processor.py:651} INFO - DAG(s) dict_keys(['example_subdag_operator.section-1', 'example_subdag_operator.section-2', 'example_subdag_operator']) retrieved from /home/airflow/.local/lib/python3.7/site-packages/airflow/example_dags/example_subdag_operator.py
[2024-06-16 11:07:36,374] {logging_mixin.py:115} INFO - [2024-06-16 11:07:36,374] {dag.py:2371} INFO - Sync 3 DAGs
[2024-06-16 11:07:36,635] {logging_mixin.py:115} INFO - [2024-06-16 11:07:36,635] {dag.py:2919} INFO - Setting next_dagrun for example_subdag_operator to 2024-06-14T00:00:00+00:00, run_after=2024-06-14T00:00:00+00:00
[2024-06-16 11:07:36,636] {logging_mixin.py:115} INFO - [2024-06-16 11:07:36,635] {dag.py:2919} INFO - Setting next_dagrun for example_subdag_operator.section-1 to None, run_after=None
[2024-06-16 11:07:36,636] {logging_mixin.py:115} INFO - [2024-06-16 11:07:36,636] {dag.py:2919} INFO - Setting next_dagrun for example_subdag_operator.section-2 to None, run_after=None
[2024-06-16 11:07:36,645] {logging_mixin.py:115} INFO - [2024-06-16 11:07:36,645] {dag.py:2371} INFO - Sync 2 DAGs
[2024-06-16 11:07:36,658] {logging_mixin.py:115} INFO - [2024-06-16 11:07:36,658] {dag.py:2919} INFO - Setting next_dagrun for example_subdag_operator.section-1 to None, run_after=None
[2024-06-16 11:07:36,659] {logging_mixin.py:115} INFO - [2024-06-16 11:07:36,659] {dag.py:2919} INFO - Setting next_dagrun for example_subdag_operator.section-2 to None, run_after=None
[2024-06-16 11:07:36,678] {processor.py:161} INFO - Processing /home/airflow/.local/lib/python3.7/site-packages/airflow/example_dags/example_subdag_operator.py took 0.508 seconds
[2024-06-16 11:10:52,233] {processor.py:153} INFO - Started process (PID=80) to work on /home/airflow/.local/lib/python3.7/site-packages/airflow/example_dags/example_subdag_operator.py
[2024-06-16 11:10:52,248] {processor.py:641} INFO - Processing file /home/airflow/.local/lib/python3.7/site-packages/airflow/example_dags/example_subdag_operator.py for tasks to queue
[2024-06-16 11:10:52,249] {logging_mixin.py:115} INFO - [2024-06-16 11:10:52,249] {dagbag.py:507} INFO - Filling up the DagBag from /home/airflow/.local/lib/python3.7/site-packages/airflow/example_dags/example_subdag_operator.py
[2024-06-16 11:10:52,300] {processor.py:651} INFO - DAG(s) dict_keys(['example_subdag_operator.section-1', 'example_subdag_operator.section-2', 'example_subdag_operator']) retrieved from /home/airflow/.local/lib/python3.7/site-packages/airflow/example_dags/example_subdag_operator.py
[2024-06-16 11:10:52,384] {logging_mixin.py:115} INFO - [2024-06-16 11:10:52,384] {dag.py:2371} INFO - Sync 3 DAGs
[2024-06-16 11:10:52,561] {logging_mixin.py:115} INFO - [2024-06-16 11:10:52,561] {dag.py:2919} INFO - Setting next_dagrun for example_subdag_operator to 2024-06-14T00:00:00+00:00, run_after=2024-06-14T00:00:00+00:00
[2024-06-16 11:10:52,563] {logging_mixin.py:115} INFO - [2024-06-16 11:10:52,563] {dag.py:2919} INFO - Setting next_dagrun for example_subdag_operator.section-1 to None, run_after=None
[2024-06-16 11:10:52,578] {logging_mixin.py:115} INFO - [2024-06-16 11:10:52,578] {dag.py:2919} INFO - Setting next_dagrun for example_subdag_operator.section-2 to None, run_after=None
[2024-06-16 11:10:52,593] {logging_mixin.py:115} INFO - [2024-06-16 11:10:52,592] {dag.py:2371} INFO - Sync 2 DAGs
[2024-06-16 11:10:52,610] {logging_mixin.py:115} INFO - [2024-06-16 11:10:52,609] {dag.py:2919} INFO - Setting next_dagrun for example_subdag_operator.section-1 to None, run_after=None
[2024-06-16 11:10:52,610] {logging_mixin.py:115} INFO - [2024-06-16 11:10:52,610] {dag.py:2919} INFO - Setting next_dagrun for example_subdag_operator.section-2 to None, run_after=None
[2024-06-16 11:10:52,637] {processor.py:161} INFO - Processing /home/airflow/.local/lib/python3.7/site-packages/airflow/example_dags/example_subdag_operator.py took 0.410 seconds
[2024-06-16 11:11:23,289] {processor.py:153} INFO - Started process (PID=135) to work on /home/airflow/.local/lib/python3.7/site-packages/airflow/example_dags/example_subdag_operator.py
[2024-06-16 11:11:23,290] {processor.py:641} INFO - Processing file /home/airflow/.local/lib/python3.7/site-packages/airflow/example_dags/example_subdag_operator.py for tasks to queue
[2024-06-16 11:11:23,290] {logging_mixin.py:115} INFO - [2024-06-16 11:11:23,290] {dagbag.py:507} INFO - Filling up the DagBag from /home/airflow/.local/lib/python3.7/site-packages/airflow/example_dags/example_subdag_operator.py
[2024-06-16 11:11:23,330] {processor.py:651} INFO - DAG(s) dict_keys(['example_subdag_operator.section-1', 'example_subdag_operator.section-2', 'example_subdag_operator']) retrieved from /home/airflow/.local/lib/python3.7/site-packages/airflow/example_dags/example_subdag_operator.py
[2024-06-16 11:11:23,398] {logging_mixin.py:115} INFO - [2024-06-16 11:11:23,398] {dag.py:2371} INFO - Sync 3 DAGs
[2024-06-16 11:11:23,592] {logging_mixin.py:115} INFO - [2024-06-16 11:11:23,592] {dag.py:2919} INFO - Setting next_dagrun for example_subdag_operator to 2024-06-14T00:00:00+00:00, run_after=2024-06-14T00:00:00+00:00
[2024-06-16 11:11:23,593] {logging_mixin.py:115} INFO - [2024-06-16 11:11:23,593] {dag.py:2919} INFO - Setting next_dagrun for example_subdag_operator.section-1 to None, run_after=None
[2024-06-16 11:11:23,593] {logging_mixin.py:115} INFO - [2024-06-16 11:11:23,593] {dag.py:2919} INFO - Setting next_dagrun for example_subdag_operator.section-2 to None, run_after=None
[2024-06-16 11:11:23,602] {logging_mixin.py:115} INFO - [2024-06-16 11:11:23,602] {dag.py:2371} INFO - Sync 2 DAGs
[2024-06-16 11:11:23,611] {logging_mixin.py:115} INFO - [2024-06-16 11:11:23,611] {dag.py:2919} INFO - Setting next_dagrun for example_subdag_operator.section-1 to None, run_after=None
[2024-06-16 11:11:23,612] {logging_mixin.py:115} INFO - [2024-06-16 11:11:23,612] {dag.py:2919} INFO - Setting next_dagrun for example_subdag_operator.section-2 to None, run_after=None
[2024-06-16 11:11:23,625] {processor.py:161} INFO - Processing /home/airflow/.local/lib/python3.7/site-packages/airflow/example_dags/example_subdag_operator.py took 0.340 seconds
[2024-06-16 11:11:53,848] {processor.py:153} INFO - Started process (PID=200) to work on /home/airflow/.local/lib/python3.7/site-packages/airflow/example_dags/example_subdag_operator.py
[2024-06-16 11:11:53,849] {processor.py:641} INFO - Processing file /home/airflow/.local/lib/python3.7/site-packages/airflow/example_dags/example_subdag_operator.py for tasks to queue
[2024-06-16 11:11:53,850] {logging_mixin.py:115} INFO - [2024-06-16 11:11:53,850] {dagbag.py:507} INFO - Filling up the DagBag from /home/airflow/.local/lib/python3.7/site-packages/airflow/example_dags/example_subdag_operator.py
[2024-06-16 11:11:53,882] {processor.py:651} INFO - DAG(s) dict_keys(['example_subdag_operator.section-1', 'example_subdag_operator.section-2', 'example_subdag_operator']) retrieved from /home/airflow/.local/lib/python3.7/site-packages/airflow/example_dags/example_subdag_operator.py
[2024-06-16 11:11:53,921] {logging_mixin.py:115} INFO - [2024-06-16 11:11:53,921] {dag.py:2371} INFO - Sync 3 DAGs
[2024-06-16 11:11:54,069] {logging_mixin.py:115} INFO - [2024-06-16 11:11:54,068] {dag.py:2919} INFO - Setting next_dagrun for example_subdag_operator to 2024-06-14T00:00:00+00:00, run_after=2024-06-14T00:00:00+00:00
[2024-06-16 11:11:54,069] {logging_mixin.py:115} INFO - [2024-06-16 11:11:54,069] {dag.py:2919} INFO - Setting next_dagrun for example_subdag_operator.section-1 to None, run_after=None
[2024-06-16 11:11:54,070] {logging_mixin.py:115} INFO - [2024-06-16 11:11:54,070] {dag.py:2919} INFO - Setting next_dagrun for example_subdag_operator.section-2 to None, run_after=None
[2024-06-16 11:11:54,077] {logging_mixin.py:115} INFO - [2024-06-16 11:11:54,077] {dag.py:2371} INFO - Sync 2 DAGs
[2024-06-16 11:11:54,083] {logging_mixin.py:115} INFO - [2024-06-16 11:11:54,083] {dag.py:2919} INFO - Setting next_dagrun for example_subdag_operator.section-1 to None, run_after=None
[2024-06-16 11:11:54,083] {logging_mixin.py:115} INFO - [2024-06-16 11:11:54,083] {dag.py:2919} INFO - Setting next_dagrun for example_subdag_operator.section-2 to None, run_after=None
[2024-06-16 11:11:54,095] {processor.py:161} INFO - Processing /home/airflow/.local/lib/python3.7/site-packages/airflow/example_dags/example_subdag_operator.py took 0.250 seconds
[2024-06-16 11:12:24,412] {processor.py:153} INFO - Started process (PID=254) to work on /home/airflow/.local/lib/python3.7/site-packages/airflow/example_dags/example_subdag_operator.py
[2024-06-16 11:12:24,413] {processor.py:641} INFO - Processing file /home/airflow/.local/lib/python3.7/site-packages/airflow/example_dags/example_subdag_operator.py for tasks to queue
[2024-06-16 11:12:24,413] {logging_mixin.py:115} INFO - [2024-06-16 11:12:24,413] {dagbag.py:507} INFO - Filling up the DagBag from /home/airflow/.local/lib/python3.7/site-packages/airflow/example_dags/example_subdag_operator.py
[2024-06-16 11:12:24,457] {processor.py:651} INFO - DAG(s) dict_keys(['example_subdag_operator.section-1', 'example_subdag_operator.section-2', 'example_subdag_operator']) retrieved from /home/airflow/.local/lib/python3.7/site-packages/airflow/example_dags/example_subdag_operator.py
[2024-06-16 11:12:24,505] {logging_mixin.py:115} INFO - [2024-06-16 11:12:24,505] {dag.py:2371} INFO - Sync 3 DAGs
[2024-06-16 11:12:24,678] {logging_mixin.py:115} INFO - [2024-06-16 11:12:24,678] {dag.py:2919} INFO - Setting next_dagrun for example_subdag_operator to 2024-06-14T00:00:00+00:00, run_after=2024-06-14T00:00:00+00:00
[2024-06-16 11:12:24,679] {logging_mixin.py:115} INFO - [2024-06-16 11:12:24,679] {dag.py:2919} INFO - Setting next_dagrun for example_subdag_operator.section-1 to None, run_after=None
[2024-06-16 11:12:24,679] {logging_mixin.py:115} INFO - [2024-06-16 11:12:24,679] {dag.py:2919} INFO - Setting next_dagrun for example_subdag_operator.section-2 to None, run_after=None
[2024-06-16 11:12:24,692] {logging_mixin.py:115} INFO - [2024-06-16 11:12:24,691] {dag.py:2371} INFO - Sync 2 DAGs
[2024-06-16 11:12:24,698] {logging_mixin.py:115} INFO - [2024-06-16 11:12:24,698] {dag.py:2919} INFO - Setting next_dagrun for example_subdag_operator.section-1 to None, run_after=None
[2024-06-16 11:12:24,702] {logging_mixin.py:115} INFO - [2024-06-16 11:12:24,702] {dag.py:2919} INFO - Setting next_dagrun for example_subdag_operator.section-2 to None, run_after=None
[2024-06-16 11:12:24,713] {processor.py:161} INFO - Processing /home/airflow/.local/lib/python3.7/site-packages/airflow/example_dags/example_subdag_operator.py took 0.305 seconds
