[2024-06-16 10:06:42,834] {processor.py:153} INFO - Started process (PID=57) to work on /home/airflow/.local/lib/python3.7/site-packages/airflow/example_dags/example_branch_datetime_operator.py
[2024-06-16 10:06:42,835] {processor.py:641} INFO - Processing file /home/airflow/.local/lib/python3.7/site-packages/airflow/example_dags/example_branch_datetime_operator.py for tasks to queue
[2024-06-16 10:06:42,836] {logging_mixin.py:115} INFO - [2024-06-16 10:06:42,836] {dagbag.py:507} INFO - Filling up the DagBag from /home/airflow/.local/lib/python3.7/site-packages/airflow/example_dags/example_branch_datetime_operator.py
[2024-06-16 10:06:42,847] {processor.py:651} INFO - DAG(s) dict_keys(['example_branch_datetime_operator_2']) retrieved from /home/airflow/.local/lib/python3.7/site-packages/airflow/example_dags/example_branch_datetime_operator.py
[2024-06-16 10:06:42,876] {logging_mixin.py:115} INFO - [2024-06-16 10:06:42,876] {dag.py:2371} INFO - Sync 1 DAGs
[2024-06-16 10:06:43,057] {logging_mixin.py:115} INFO - [2024-06-16 10:06:43,057] {dag.py:2919} INFO - Setting next_dagrun for example_branch_datetime_operator_2 to 2024-06-15T00:00:00+00:00, run_after=2024-06-16T00:00:00+00:00
[2024-06-16 10:06:43,072] {processor.py:161} INFO - Processing /home/airflow/.local/lib/python3.7/site-packages/airflow/example_dags/example_branch_datetime_operator.py took 0.242 seconds
[2024-06-16 10:07:15,282] {processor.py:153} INFO - Started process (PID=120) to work on /home/airflow/.local/lib/python3.7/site-packages/airflow/example_dags/example_branch_datetime_operator.py
[2024-06-16 10:07:15,283] {processor.py:641} INFO - Processing file /home/airflow/.local/lib/python3.7/site-packages/airflow/example_dags/example_branch_datetime_operator.py for tasks to queue
[2024-06-16 10:07:15,284] {logging_mixin.py:115} INFO - [2024-06-16 10:07:15,284] {dagbag.py:507} INFO - Filling up the DagBag from /home/airflow/.local/lib/python3.7/site-packages/airflow/example_dags/example_branch_datetime_operator.py
[2024-06-16 10:07:15,293] {processor.py:651} INFO - DAG(s) dict_keys(['example_branch_datetime_operator_2']) retrieved from /home/airflow/.local/lib/python3.7/site-packages/airflow/example_dags/example_branch_datetime_operator.py
[2024-06-16 10:07:15,381] {logging_mixin.py:115} INFO - [2024-06-16 10:07:15,380] {dag.py:2371} INFO - Sync 1 DAGs
[2024-06-16 10:07:15,717] {logging_mixin.py:115} INFO - [2024-06-16 10:07:15,717] {dag.py:2919} INFO - Setting next_dagrun for example_branch_datetime_operator_2 to 2024-06-15T00:00:00+00:00, run_after=2024-06-16T00:00:00+00:00
[2024-06-16 10:07:15,735] {processor.py:161} INFO - Processing /home/airflow/.local/lib/python3.7/site-packages/airflow/example_dags/example_branch_datetime_operator.py took 0.456 seconds
[2024-06-16 10:07:45,878] {processor.py:153} INFO - Started process (PID=175) to work on /home/airflow/.local/lib/python3.7/site-packages/airflow/example_dags/example_branch_datetime_operator.py
[2024-06-16 10:07:45,879] {processor.py:641} INFO - Processing file /home/airflow/.local/lib/python3.7/site-packages/airflow/example_dags/example_branch_datetime_operator.py for tasks to queue
[2024-06-16 10:07:45,880] {logging_mixin.py:115} INFO - [2024-06-16 10:07:45,880] {dagbag.py:507} INFO - Filling up the DagBag from /home/airflow/.local/lib/python3.7/site-packages/airflow/example_dags/example_branch_datetime_operator.py
[2024-06-16 10:07:45,888] {processor.py:651} INFO - DAG(s) dict_keys(['example_branch_datetime_operator_2']) retrieved from /home/airflow/.local/lib/python3.7/site-packages/airflow/example_dags/example_branch_datetime_operator.py
[2024-06-16 10:07:45,914] {logging_mixin.py:115} INFO - [2024-06-16 10:07:45,914] {dag.py:2371} INFO - Sync 1 DAGs
[2024-06-16 10:07:46,064] {logging_mixin.py:115} INFO - [2024-06-16 10:07:46,064] {dag.py:2919} INFO - Setting next_dagrun for example_branch_datetime_operator_2 to 2024-06-15T00:00:00+00:00, run_after=2024-06-16T00:00:00+00:00
[2024-06-16 10:07:46,079] {processor.py:161} INFO - Processing /home/airflow/.local/lib/python3.7/site-packages/airflow/example_dags/example_branch_datetime_operator.py took 0.204 seconds
[2024-06-16 10:08:16,314] {processor.py:153} INFO - Started process (PID=238) to work on /home/airflow/.local/lib/python3.7/site-packages/airflow/example_dags/example_branch_datetime_operator.py
[2024-06-16 10:08:16,315] {processor.py:641} INFO - Processing file /home/airflow/.local/lib/python3.7/site-packages/airflow/example_dags/example_branch_datetime_operator.py for tasks to queue
[2024-06-16 10:08:16,316] {logging_mixin.py:115} INFO - [2024-06-16 10:08:16,316] {dagbag.py:507} INFO - Filling up the DagBag from /home/airflow/.local/lib/python3.7/site-packages/airflow/example_dags/example_branch_datetime_operator.py
[2024-06-16 10:08:16,326] {processor.py:651} INFO - DAG(s) dict_keys(['example_branch_datetime_operator_2']) retrieved from /home/airflow/.local/lib/python3.7/site-packages/airflow/example_dags/example_branch_datetime_operator.py
[2024-06-16 10:08:16,360] {logging_mixin.py:115} INFO - [2024-06-16 10:08:16,360] {dag.py:2371} INFO - Sync 1 DAGs
[2024-06-16 10:08:16,514] {logging_mixin.py:115} INFO - [2024-06-16 10:08:16,514] {dag.py:2919} INFO - Setting next_dagrun for example_branch_datetime_operator_2 to 2024-06-15T00:00:00+00:00, run_after=2024-06-16T00:00:00+00:00
[2024-06-16 10:08:16,530] {processor.py:161} INFO - Processing /home/airflow/.local/lib/python3.7/site-packages/airflow/example_dags/example_branch_datetime_operator.py took 0.220 seconds
[2024-06-16 10:08:47,215] {processor.py:153} INFO - Started process (PID=300) to work on /home/airflow/.local/lib/python3.7/site-packages/airflow/example_dags/example_branch_datetime_operator.py
[2024-06-16 10:08:47,216] {processor.py:641} INFO - Processing file /home/airflow/.local/lib/python3.7/site-packages/airflow/example_dags/example_branch_datetime_operator.py for tasks to queue
[2024-06-16 10:08:47,217] {logging_mixin.py:115} INFO - [2024-06-16 10:08:47,217] {dagbag.py:507} INFO - Filling up the DagBag from /home/airflow/.local/lib/python3.7/site-packages/airflow/example_dags/example_branch_datetime_operator.py
[2024-06-16 10:08:47,227] {processor.py:651} INFO - DAG(s) dict_keys(['example_branch_datetime_operator_2']) retrieved from /home/airflow/.local/lib/python3.7/site-packages/airflow/example_dags/example_branch_datetime_operator.py
[2024-06-16 10:08:47,256] {logging_mixin.py:115} INFO - [2024-06-16 10:08:47,256] {dag.py:2371} INFO - Sync 1 DAGs
[2024-06-16 10:08:47,422] {logging_mixin.py:115} INFO - [2024-06-16 10:08:47,422] {dag.py:2919} INFO - Setting next_dagrun for example_branch_datetime_operator_2 to 2024-06-15T00:00:00+00:00, run_after=2024-06-16T00:00:00+00:00
[2024-06-16 10:08:47,436] {processor.py:161} INFO - Processing /home/airflow/.local/lib/python3.7/site-packages/airflow/example_dags/example_branch_datetime_operator.py took 0.224 seconds
[2024-06-16 10:09:17,638] {processor.py:153} INFO - Started process (PID=355) to work on /home/airflow/.local/lib/python3.7/site-packages/airflow/example_dags/example_branch_datetime_operator.py
[2024-06-16 10:09:17,639] {processor.py:641} INFO - Processing file /home/airflow/.local/lib/python3.7/site-packages/airflow/example_dags/example_branch_datetime_operator.py for tasks to queue
[2024-06-16 10:09:17,640] {logging_mixin.py:115} INFO - [2024-06-16 10:09:17,640] {dagbag.py:507} INFO - Filling up the DagBag from /home/airflow/.local/lib/python3.7/site-packages/airflow/example_dags/example_branch_datetime_operator.py
[2024-06-16 10:09:17,649] {processor.py:651} INFO - DAG(s) dict_keys(['example_branch_datetime_operator_2']) retrieved from /home/airflow/.local/lib/python3.7/site-packages/airflow/example_dags/example_branch_datetime_operator.py
[2024-06-16 10:09:17,676] {logging_mixin.py:115} INFO - [2024-06-16 10:09:17,676] {dag.py:2371} INFO - Sync 1 DAGs
[2024-06-16 10:09:17,832] {logging_mixin.py:115} INFO - [2024-06-16 10:09:17,831] {dag.py:2919} INFO - Setting next_dagrun for example_branch_datetime_operator_2 to 2024-06-15T00:00:00+00:00, run_after=2024-06-16T00:00:00+00:00
[2024-06-16 10:09:17,848] {processor.py:161} INFO - Processing /home/airflow/.local/lib/python3.7/site-packages/airflow/example_dags/example_branch_datetime_operator.py took 0.213 seconds
[2024-06-16 10:09:48,463] {processor.py:153} INFO - Started process (PID=419) to work on /home/airflow/.local/lib/python3.7/site-packages/airflow/example_dags/example_branch_datetime_operator.py
[2024-06-16 10:09:48,464] {processor.py:641} INFO - Processing file /home/airflow/.local/lib/python3.7/site-packages/airflow/example_dags/example_branch_datetime_operator.py for tasks to queue
[2024-06-16 10:09:48,465] {logging_mixin.py:115} INFO - [2024-06-16 10:09:48,465] {dagbag.py:507} INFO - Filling up the DagBag from /home/airflow/.local/lib/python3.7/site-packages/airflow/example_dags/example_branch_datetime_operator.py
[2024-06-16 10:09:48,473] {processor.py:651} INFO - DAG(s) dict_keys(['example_branch_datetime_operator_2']) retrieved from /home/airflow/.local/lib/python3.7/site-packages/airflow/example_dags/example_branch_datetime_operator.py
[2024-06-16 10:09:48,501] {logging_mixin.py:115} INFO - [2024-06-16 10:09:48,501] {dag.py:2371} INFO - Sync 1 DAGs
[2024-06-16 10:09:48,645] {logging_mixin.py:115} INFO - [2024-06-16 10:09:48,645] {dag.py:2919} INFO - Setting next_dagrun for example_branch_datetime_operator_2 to 2024-06-15T00:00:00+00:00, run_after=2024-06-16T00:00:00+00:00
[2024-06-16 10:09:48,665] {processor.py:161} INFO - Processing /home/airflow/.local/lib/python3.7/site-packages/airflow/example_dags/example_branch_datetime_operator.py took 0.205 seconds
[2024-06-16 10:10:19,164] {processor.py:153} INFO - Started process (PID=483) to work on /home/airflow/.local/lib/python3.7/site-packages/airflow/example_dags/example_branch_datetime_operator.py
[2024-06-16 10:10:19,165] {processor.py:641} INFO - Processing file /home/airflow/.local/lib/python3.7/site-packages/airflow/example_dags/example_branch_datetime_operator.py for tasks to queue
[2024-06-16 10:10:19,166] {logging_mixin.py:115} INFO - [2024-06-16 10:10:19,166] {dagbag.py:507} INFO - Filling up the DagBag from /home/airflow/.local/lib/python3.7/site-packages/airflow/example_dags/example_branch_datetime_operator.py
[2024-06-16 10:10:19,178] {processor.py:651} INFO - DAG(s) dict_keys(['example_branch_datetime_operator_2']) retrieved from /home/airflow/.local/lib/python3.7/site-packages/airflow/example_dags/example_branch_datetime_operator.py
[2024-06-16 10:10:19,208] {logging_mixin.py:115} INFO - [2024-06-16 10:10:19,208] {dag.py:2371} INFO - Sync 1 DAGs
[2024-06-16 10:10:19,355] {logging_mixin.py:115} INFO - [2024-06-16 10:10:19,355] {dag.py:2919} INFO - Setting next_dagrun for example_branch_datetime_operator_2 to 2024-06-15T00:00:00+00:00, run_after=2024-06-16T00:00:00+00:00
[2024-06-16 10:10:19,372] {processor.py:161} INFO - Processing /home/airflow/.local/lib/python3.7/site-packages/airflow/example_dags/example_branch_datetime_operator.py took 0.211 seconds
[2024-06-16 10:10:50,103] {processor.py:153} INFO - Started process (PID=537) to work on /home/airflow/.local/lib/python3.7/site-packages/airflow/example_dags/example_branch_datetime_operator.py
[2024-06-16 10:10:50,103] {processor.py:641} INFO - Processing file /home/airflow/.local/lib/python3.7/site-packages/airflow/example_dags/example_branch_datetime_operator.py for tasks to queue
[2024-06-16 10:10:50,104] {logging_mixin.py:115} INFO - [2024-06-16 10:10:50,104] {dagbag.py:507} INFO - Filling up the DagBag from /home/airflow/.local/lib/python3.7/site-packages/airflow/example_dags/example_branch_datetime_operator.py
[2024-06-16 10:10:50,113] {processor.py:651} INFO - DAG(s) dict_keys(['example_branch_datetime_operator_2']) retrieved from /home/airflow/.local/lib/python3.7/site-packages/airflow/example_dags/example_branch_datetime_operator.py
[2024-06-16 10:10:50,142] {logging_mixin.py:115} INFO - [2024-06-16 10:10:50,142] {dag.py:2371} INFO - Sync 1 DAGs
[2024-06-16 10:10:50,305] {logging_mixin.py:115} INFO - [2024-06-16 10:10:50,305] {dag.py:2919} INFO - Setting next_dagrun for example_branch_datetime_operator_2 to 2024-06-15T00:00:00+00:00, run_after=2024-06-16T00:00:00+00:00
[2024-06-16 10:10:50,319] {processor.py:161} INFO - Processing /home/airflow/.local/lib/python3.7/site-packages/airflow/example_dags/example_branch_datetime_operator.py took 0.220 seconds
[2024-06-16 10:11:21,150] {processor.py:153} INFO - Started process (PID=600) to work on /home/airflow/.local/lib/python3.7/site-packages/airflow/example_dags/example_branch_datetime_operator.py
[2024-06-16 10:11:21,151] {processor.py:641} INFO - Processing file /home/airflow/.local/lib/python3.7/site-packages/airflow/example_dags/example_branch_datetime_operator.py for tasks to queue
[2024-06-16 10:11:21,152] {logging_mixin.py:115} INFO - [2024-06-16 10:11:21,152] {dagbag.py:507} INFO - Filling up the DagBag from /home/airflow/.local/lib/python3.7/site-packages/airflow/example_dags/example_branch_datetime_operator.py
[2024-06-16 10:11:21,160] {processor.py:651} INFO - DAG(s) dict_keys(['example_branch_datetime_operator_2']) retrieved from /home/airflow/.local/lib/python3.7/site-packages/airflow/example_dags/example_branch_datetime_operator.py
[2024-06-16 10:11:21,190] {logging_mixin.py:115} INFO - [2024-06-16 10:11:21,190] {dag.py:2371} INFO - Sync 1 DAGs
[2024-06-16 10:11:21,338] {logging_mixin.py:115} INFO - [2024-06-16 10:11:21,338] {dag.py:2919} INFO - Setting next_dagrun for example_branch_datetime_operator_2 to 2024-06-15T00:00:00+00:00, run_after=2024-06-16T00:00:00+00:00
[2024-06-16 10:11:21,356] {processor.py:161} INFO - Processing /home/airflow/.local/lib/python3.7/site-packages/airflow/example_dags/example_branch_datetime_operator.py took 0.210 seconds
[2024-06-16 10:11:51,787] {processor.py:153} INFO - Started process (PID=663) to work on /home/airflow/.local/lib/python3.7/site-packages/airflow/example_dags/example_branch_datetime_operator.py
[2024-06-16 10:11:51,789] {processor.py:641} INFO - Processing file /home/airflow/.local/lib/python3.7/site-packages/airflow/example_dags/example_branch_datetime_operator.py for tasks to queue
[2024-06-16 10:11:51,790] {logging_mixin.py:115} INFO - [2024-06-16 10:11:51,790] {dagbag.py:507} INFO - Filling up the DagBag from /home/airflow/.local/lib/python3.7/site-packages/airflow/example_dags/example_branch_datetime_operator.py
[2024-06-16 10:11:51,800] {processor.py:651} INFO - DAG(s) dict_keys(['example_branch_datetime_operator_2']) retrieved from /home/airflow/.local/lib/python3.7/site-packages/airflow/example_dags/example_branch_datetime_operator.py
[2024-06-16 10:11:51,841] {logging_mixin.py:115} INFO - [2024-06-16 10:11:51,841] {dag.py:2371} INFO - Sync 1 DAGs
[2024-06-16 10:11:52,007] {logging_mixin.py:115} INFO - [2024-06-16 10:11:52,007] {dag.py:2919} INFO - Setting next_dagrun for example_branch_datetime_operator_2 to 2024-06-15T00:00:00+00:00, run_after=2024-06-16T00:00:00+00:00
[2024-06-16 10:11:52,023] {processor.py:161} INFO - Processing /home/airflow/.local/lib/python3.7/site-packages/airflow/example_dags/example_branch_datetime_operator.py took 0.240 seconds
[2024-06-16 10:12:22,906] {processor.py:153} INFO - Started process (PID=716) to work on /home/airflow/.local/lib/python3.7/site-packages/airflow/example_dags/example_branch_datetime_operator.py
[2024-06-16 10:12:22,906] {processor.py:641} INFO - Processing file /home/airflow/.local/lib/python3.7/site-packages/airflow/example_dags/example_branch_datetime_operator.py for tasks to queue
[2024-06-16 10:12:22,907] {logging_mixin.py:115} INFO - [2024-06-16 10:12:22,907] {dagbag.py:507} INFO - Filling up the DagBag from /home/airflow/.local/lib/python3.7/site-packages/airflow/example_dags/example_branch_datetime_operator.py
[2024-06-16 10:12:22,915] {processor.py:651} INFO - DAG(s) dict_keys(['example_branch_datetime_operator_2']) retrieved from /home/airflow/.local/lib/python3.7/site-packages/airflow/example_dags/example_branch_datetime_operator.py
[2024-06-16 10:12:22,948] {logging_mixin.py:115} INFO - [2024-06-16 10:12:22,948] {dag.py:2371} INFO - Sync 1 DAGs
[2024-06-16 10:12:23,091] {logging_mixin.py:115} INFO - [2024-06-16 10:12:23,091] {dag.py:2919} INFO - Setting next_dagrun for example_branch_datetime_operator_2 to 2024-06-15T00:00:00+00:00, run_after=2024-06-16T00:00:00+00:00
[2024-06-16 10:12:23,106] {processor.py:161} INFO - Processing /home/airflow/.local/lib/python3.7/site-packages/airflow/example_dags/example_branch_datetime_operator.py took 0.204 seconds
[2024-06-16 10:12:53,315] {processor.py:153} INFO - Started process (PID=778) to work on /home/airflow/.local/lib/python3.7/site-packages/airflow/example_dags/example_branch_datetime_operator.py
[2024-06-16 10:12:53,315] {processor.py:641} INFO - Processing file /home/airflow/.local/lib/python3.7/site-packages/airflow/example_dags/example_branch_datetime_operator.py for tasks to queue
[2024-06-16 10:12:53,316] {logging_mixin.py:115} INFO - [2024-06-16 10:12:53,316] {dagbag.py:507} INFO - Filling up the DagBag from /home/airflow/.local/lib/python3.7/site-packages/airflow/example_dags/example_branch_datetime_operator.py
[2024-06-16 10:12:53,325] {processor.py:651} INFO - DAG(s) dict_keys(['example_branch_datetime_operator_2']) retrieved from /home/airflow/.local/lib/python3.7/site-packages/airflow/example_dags/example_branch_datetime_operator.py
[2024-06-16 10:12:53,354] {logging_mixin.py:115} INFO - [2024-06-16 10:12:53,354] {dag.py:2371} INFO - Sync 1 DAGs
[2024-06-16 10:12:53,490] {logging_mixin.py:115} INFO - [2024-06-16 10:12:53,490] {dag.py:2919} INFO - Setting next_dagrun for example_branch_datetime_operator_2 to 2024-06-15T00:00:00+00:00, run_after=2024-06-16T00:00:00+00:00
[2024-06-16 10:12:53,506] {processor.py:161} INFO - Processing /home/airflow/.local/lib/python3.7/site-packages/airflow/example_dags/example_branch_datetime_operator.py took 0.195 seconds
[2024-06-16 10:13:23,844] {processor.py:153} INFO - Started process (PID=839) to work on /home/airflow/.local/lib/python3.7/site-packages/airflow/example_dags/example_branch_datetime_operator.py
[2024-06-16 10:13:23,845] {processor.py:641} INFO - Processing file /home/airflow/.local/lib/python3.7/site-packages/airflow/example_dags/example_branch_datetime_operator.py for tasks to queue
[2024-06-16 10:13:23,846] {logging_mixin.py:115} INFO - [2024-06-16 10:13:23,846] {dagbag.py:507} INFO - Filling up the DagBag from /home/airflow/.local/lib/python3.7/site-packages/airflow/example_dags/example_branch_datetime_operator.py
[2024-06-16 10:13:23,854] {processor.py:651} INFO - DAG(s) dict_keys(['example_branch_datetime_operator_2']) retrieved from /home/airflow/.local/lib/python3.7/site-packages/airflow/example_dags/example_branch_datetime_operator.py
[2024-06-16 10:13:23,904] {logging_mixin.py:115} INFO - [2024-06-16 10:13:23,904] {dag.py:2371} INFO - Sync 1 DAGs
[2024-06-16 10:13:24,172] {logging_mixin.py:115} INFO - [2024-06-16 10:13:24,172] {dag.py:2919} INFO - Setting next_dagrun for example_branch_datetime_operator_2 to 2024-06-15T00:00:00+00:00, run_after=2024-06-16T00:00:00+00:00
[2024-06-16 10:13:24,201] {processor.py:161} INFO - Processing /home/airflow/.local/lib/python3.7/site-packages/airflow/example_dags/example_branch_datetime_operator.py took 0.361 seconds
[2024-06-16 10:13:54,936] {processor.py:153} INFO - Started process (PID=895) to work on /home/airflow/.local/lib/python3.7/site-packages/airflow/example_dags/example_branch_datetime_operator.py
[2024-06-16 10:13:54,937] {processor.py:641} INFO - Processing file /home/airflow/.local/lib/python3.7/site-packages/airflow/example_dags/example_branch_datetime_operator.py for tasks to queue
[2024-06-16 10:13:54,938] {logging_mixin.py:115} INFO - [2024-06-16 10:13:54,938] {dagbag.py:507} INFO - Filling up the DagBag from /home/airflow/.local/lib/python3.7/site-packages/airflow/example_dags/example_branch_datetime_operator.py
[2024-06-16 10:13:54,946] {processor.py:651} INFO - DAG(s) dict_keys(['example_branch_datetime_operator_2']) retrieved from /home/airflow/.local/lib/python3.7/site-packages/airflow/example_dags/example_branch_datetime_operator.py
[2024-06-16 10:13:54,978] {logging_mixin.py:115} INFO - [2024-06-16 10:13:54,977] {dag.py:2371} INFO - Sync 1 DAGs
[2024-06-16 10:13:55,116] {logging_mixin.py:115} INFO - [2024-06-16 10:13:55,116] {dag.py:2919} INFO - Setting next_dagrun for example_branch_datetime_operator_2 to 2024-06-15T00:00:00+00:00, run_after=2024-06-16T00:00:00+00:00
[2024-06-16 10:13:55,132] {processor.py:161} INFO - Processing /home/airflow/.local/lib/python3.7/site-packages/airflow/example_dags/example_branch_datetime_operator.py took 0.199 seconds
[2024-06-16 10:14:25,420] {processor.py:153} INFO - Started process (PID=959) to work on /home/airflow/.local/lib/python3.7/site-packages/airflow/example_dags/example_branch_datetime_operator.py
[2024-06-16 10:14:25,421] {processor.py:641} INFO - Processing file /home/airflow/.local/lib/python3.7/site-packages/airflow/example_dags/example_branch_datetime_operator.py for tasks to queue
[2024-06-16 10:14:25,422] {logging_mixin.py:115} INFO - [2024-06-16 10:14:25,422] {dagbag.py:507} INFO - Filling up the DagBag from /home/airflow/.local/lib/python3.7/site-packages/airflow/example_dags/example_branch_datetime_operator.py
[2024-06-16 10:14:25,430] {processor.py:651} INFO - DAG(s) dict_keys(['example_branch_datetime_operator_2']) retrieved from /home/airflow/.local/lib/python3.7/site-packages/airflow/example_dags/example_branch_datetime_operator.py
[2024-06-16 10:14:25,462] {logging_mixin.py:115} INFO - [2024-06-16 10:14:25,461] {dag.py:2371} INFO - Sync 1 DAGs
[2024-06-16 10:14:25,624] {logging_mixin.py:115} INFO - [2024-06-16 10:14:25,624] {dag.py:2919} INFO - Setting next_dagrun for example_branch_datetime_operator_2 to 2024-06-15T00:00:00+00:00, run_after=2024-06-16T00:00:00+00:00
[2024-06-16 10:14:25,638] {processor.py:161} INFO - Processing /home/airflow/.local/lib/python3.7/site-packages/airflow/example_dags/example_branch_datetime_operator.py took 0.222 seconds
[2024-06-16 10:14:56,444] {processor.py:153} INFO - Started process (PID=1013) to work on /home/airflow/.local/lib/python3.7/site-packages/airflow/example_dags/example_branch_datetime_operator.py
[2024-06-16 10:14:56,445] {processor.py:641} INFO - Processing file /home/airflow/.local/lib/python3.7/site-packages/airflow/example_dags/example_branch_datetime_operator.py for tasks to queue
[2024-06-16 10:14:56,446] {logging_mixin.py:115} INFO - [2024-06-16 10:14:56,446] {dagbag.py:507} INFO - Filling up the DagBag from /home/airflow/.local/lib/python3.7/site-packages/airflow/example_dags/example_branch_datetime_operator.py
[2024-06-16 10:14:56,455] {processor.py:651} INFO - DAG(s) dict_keys(['example_branch_datetime_operator_2']) retrieved from /home/airflow/.local/lib/python3.7/site-packages/airflow/example_dags/example_branch_datetime_operator.py
[2024-06-16 10:14:56,489] {logging_mixin.py:115} INFO - [2024-06-16 10:14:56,489] {dag.py:2371} INFO - Sync 1 DAGs
[2024-06-16 10:14:56,685] {logging_mixin.py:115} INFO - [2024-06-16 10:14:56,685] {dag.py:2919} INFO - Setting next_dagrun for example_branch_datetime_operator_2 to 2024-06-15T00:00:00+00:00, run_after=2024-06-16T00:00:00+00:00
[2024-06-16 10:14:56,704] {processor.py:161} INFO - Processing /home/airflow/.local/lib/python3.7/site-packages/airflow/example_dags/example_branch_datetime_operator.py took 0.264 seconds
[2024-06-16 10:15:27,232] {processor.py:153} INFO - Started process (PID=1075) to work on /home/airflow/.local/lib/python3.7/site-packages/airflow/example_dags/example_branch_datetime_operator.py
[2024-06-16 10:15:27,232] {processor.py:641} INFO - Processing file /home/airflow/.local/lib/python3.7/site-packages/airflow/example_dags/example_branch_datetime_operator.py for tasks to queue
[2024-06-16 10:15:27,233] {logging_mixin.py:115} INFO - [2024-06-16 10:15:27,233] {dagbag.py:507} INFO - Filling up the DagBag from /home/airflow/.local/lib/python3.7/site-packages/airflow/example_dags/example_branch_datetime_operator.py
[2024-06-16 10:15:27,242] {processor.py:651} INFO - DAG(s) dict_keys(['example_branch_datetime_operator_2']) retrieved from /home/airflow/.local/lib/python3.7/site-packages/airflow/example_dags/example_branch_datetime_operator.py
[2024-06-16 10:15:27,292] {logging_mixin.py:115} INFO - [2024-06-16 10:15:27,292] {dag.py:2371} INFO - Sync 1 DAGs
[2024-06-16 10:15:27,439] {logging_mixin.py:115} INFO - [2024-06-16 10:15:27,439] {dag.py:2919} INFO - Setting next_dagrun for example_branch_datetime_operator_2 to 2024-06-15T00:00:00+00:00, run_after=2024-06-16T00:00:00+00:00
[2024-06-16 10:15:27,454] {processor.py:161} INFO - Processing /home/airflow/.local/lib/python3.7/site-packages/airflow/example_dags/example_branch_datetime_operator.py took 0.226 seconds
[2024-06-16 10:15:57,964] {processor.py:153} INFO - Started process (PID=1138) to work on /home/airflow/.local/lib/python3.7/site-packages/airflow/example_dags/example_branch_datetime_operator.py
[2024-06-16 10:15:57,965] {processor.py:641} INFO - Processing file /home/airflow/.local/lib/python3.7/site-packages/airflow/example_dags/example_branch_datetime_operator.py for tasks to queue
[2024-06-16 10:15:57,966] {logging_mixin.py:115} INFO - [2024-06-16 10:15:57,966] {dagbag.py:507} INFO - Filling up the DagBag from /home/airflow/.local/lib/python3.7/site-packages/airflow/example_dags/example_branch_datetime_operator.py
[2024-06-16 10:15:57,976] {processor.py:651} INFO - DAG(s) dict_keys(['example_branch_datetime_operator_2']) retrieved from /home/airflow/.local/lib/python3.7/site-packages/airflow/example_dags/example_branch_datetime_operator.py
[2024-06-16 10:15:58,014] {logging_mixin.py:115} INFO - [2024-06-16 10:15:58,014] {dag.py:2371} INFO - Sync 1 DAGs
[2024-06-16 10:15:58,167] {logging_mixin.py:115} INFO - [2024-06-16 10:15:58,167] {dag.py:2919} INFO - Setting next_dagrun for example_branch_datetime_operator_2 to 2024-06-15T00:00:00+00:00, run_after=2024-06-16T00:00:00+00:00
[2024-06-16 10:15:58,182] {processor.py:161} INFO - Processing /home/airflow/.local/lib/python3.7/site-packages/airflow/example_dags/example_branch_datetime_operator.py took 0.222 seconds
[2024-06-16 10:16:28,498] {processor.py:153} INFO - Started process (PID=1192) to work on /home/airflow/.local/lib/python3.7/site-packages/airflow/example_dags/example_branch_datetime_operator.py
[2024-06-16 10:16:28,500] {processor.py:641} INFO - Processing file /home/airflow/.local/lib/python3.7/site-packages/airflow/example_dags/example_branch_datetime_operator.py for tasks to queue
[2024-06-16 10:16:28,501] {logging_mixin.py:115} INFO - [2024-06-16 10:16:28,501] {dagbag.py:507} INFO - Filling up the DagBag from /home/airflow/.local/lib/python3.7/site-packages/airflow/example_dags/example_branch_datetime_operator.py
[2024-06-16 10:16:28,509] {processor.py:651} INFO - DAG(s) dict_keys(['example_branch_datetime_operator_2']) retrieved from /home/airflow/.local/lib/python3.7/site-packages/airflow/example_dags/example_branch_datetime_operator.py
[2024-06-16 10:16:28,539] {logging_mixin.py:115} INFO - [2024-06-16 10:16:28,539] {dag.py:2371} INFO - Sync 1 DAGs
[2024-06-16 10:16:28,691] {logging_mixin.py:115} INFO - [2024-06-16 10:16:28,691] {dag.py:2919} INFO - Setting next_dagrun for example_branch_datetime_operator_2 to 2024-06-15T00:00:00+00:00, run_after=2024-06-16T00:00:00+00:00
[2024-06-16 10:16:28,709] {processor.py:161} INFO - Processing /home/airflow/.local/lib/python3.7/site-packages/airflow/example_dags/example_branch_datetime_operator.py took 0.214 seconds
[2024-06-16 10:16:59,446] {processor.py:153} INFO - Started process (PID=1254) to work on /home/airflow/.local/lib/python3.7/site-packages/airflow/example_dags/example_branch_datetime_operator.py
[2024-06-16 10:16:59,447] {processor.py:641} INFO - Processing file /home/airflow/.local/lib/python3.7/site-packages/airflow/example_dags/example_branch_datetime_operator.py for tasks to queue
[2024-06-16 10:16:59,448] {logging_mixin.py:115} INFO - [2024-06-16 10:16:59,447] {dagbag.py:507} INFO - Filling up the DagBag from /home/airflow/.local/lib/python3.7/site-packages/airflow/example_dags/example_branch_datetime_operator.py
[2024-06-16 10:16:59,456] {processor.py:651} INFO - DAG(s) dict_keys(['example_branch_datetime_operator_2']) retrieved from /home/airflow/.local/lib/python3.7/site-packages/airflow/example_dags/example_branch_datetime_operator.py
[2024-06-16 10:16:59,485] {logging_mixin.py:115} INFO - [2024-06-16 10:16:59,485] {dag.py:2371} INFO - Sync 1 DAGs
[2024-06-16 10:16:59,509] {logging_mixin.py:115} INFO - [2024-06-16 10:16:59,509] {dag.py:2919} INFO - Setting next_dagrun for example_branch_datetime_operator_2 to 2024-06-15T00:00:00+00:00, run_after=2024-06-16T00:00:00+00:00
[2024-06-16 10:16:59,524] {processor.py:161} INFO - Processing /home/airflow/.local/lib/python3.7/site-packages/airflow/example_dags/example_branch_datetime_operator.py took 0.081 seconds
[2024-06-16 10:17:30,135] {processor.py:153} INFO - Started process (PID=1316) to work on /home/airflow/.local/lib/python3.7/site-packages/airflow/example_dags/example_branch_datetime_operator.py
[2024-06-16 10:17:30,136] {processor.py:641} INFO - Processing file /home/airflow/.local/lib/python3.7/site-packages/airflow/example_dags/example_branch_datetime_operator.py for tasks to queue
[2024-06-16 10:17:30,137] {logging_mixin.py:115} INFO - [2024-06-16 10:17:30,137] {dagbag.py:507} INFO - Filling up the DagBag from /home/airflow/.local/lib/python3.7/site-packages/airflow/example_dags/example_branch_datetime_operator.py
[2024-06-16 10:17:30,146] {processor.py:651} INFO - DAG(s) dict_keys(['example_branch_datetime_operator_2']) retrieved from /home/airflow/.local/lib/python3.7/site-packages/airflow/example_dags/example_branch_datetime_operator.py
[2024-06-16 10:17:30,188] {logging_mixin.py:115} INFO - [2024-06-16 10:17:30,188] {dag.py:2371} INFO - Sync 1 DAGs
[2024-06-16 10:17:30,214] {logging_mixin.py:115} INFO - [2024-06-16 10:17:30,214] {dag.py:2919} INFO - Setting next_dagrun for example_branch_datetime_operator_2 to 2024-06-15T00:00:00+00:00, run_after=2024-06-16T00:00:00+00:00
[2024-06-16 10:17:30,228] {processor.py:161} INFO - Processing /home/airflow/.local/lib/python3.7/site-packages/airflow/example_dags/example_branch_datetime_operator.py took 0.096 seconds
[2024-06-16 10:18:00,357] {processor.py:153} INFO - Started process (PID=1373) to work on /home/airflow/.local/lib/python3.7/site-packages/airflow/example_dags/example_branch_datetime_operator.py
[2024-06-16 10:18:00,357] {processor.py:641} INFO - Processing file /home/airflow/.local/lib/python3.7/site-packages/airflow/example_dags/example_branch_datetime_operator.py for tasks to queue
[2024-06-16 10:18:00,358] {logging_mixin.py:115} INFO - [2024-06-16 10:18:00,358] {dagbag.py:507} INFO - Filling up the DagBag from /home/airflow/.local/lib/python3.7/site-packages/airflow/example_dags/example_branch_datetime_operator.py
[2024-06-16 10:18:00,366] {processor.py:651} INFO - DAG(s) dict_keys(['example_branch_datetime_operator_2']) retrieved from /home/airflow/.local/lib/python3.7/site-packages/airflow/example_dags/example_branch_datetime_operator.py
[2024-06-16 10:18:00,398] {logging_mixin.py:115} INFO - [2024-06-16 10:18:00,398] {dag.py:2371} INFO - Sync 1 DAGs
[2024-06-16 10:18:00,424] {logging_mixin.py:115} INFO - [2024-06-16 10:18:00,423] {dag.py:2919} INFO - Setting next_dagrun for example_branch_datetime_operator_2 to 2024-06-15T00:00:00+00:00, run_after=2024-06-16T00:00:00+00:00
[2024-06-16 10:18:00,439] {processor.py:161} INFO - Processing /home/airflow/.local/lib/python3.7/site-packages/airflow/example_dags/example_branch_datetime_operator.py took 0.086 seconds
[2024-06-16 10:18:31,373] {processor.py:153} INFO - Started process (PID=1437) to work on /home/airflow/.local/lib/python3.7/site-packages/airflow/example_dags/example_branch_datetime_operator.py
[2024-06-16 10:18:31,374] {processor.py:641} INFO - Processing file /home/airflow/.local/lib/python3.7/site-packages/airflow/example_dags/example_branch_datetime_operator.py for tasks to queue
[2024-06-16 10:18:31,375] {logging_mixin.py:115} INFO - [2024-06-16 10:18:31,374] {dagbag.py:507} INFO - Filling up the DagBag from /home/airflow/.local/lib/python3.7/site-packages/airflow/example_dags/example_branch_datetime_operator.py
[2024-06-16 10:18:31,385] {processor.py:651} INFO - DAG(s) dict_keys(['example_branch_datetime_operator_2']) retrieved from /home/airflow/.local/lib/python3.7/site-packages/airflow/example_dags/example_branch_datetime_operator.py
[2024-06-16 10:18:31,420] {logging_mixin.py:115} INFO - [2024-06-16 10:18:31,420] {dag.py:2371} INFO - Sync 1 DAGs
[2024-06-16 10:18:31,447] {logging_mixin.py:115} INFO - [2024-06-16 10:18:31,447] {dag.py:2919} INFO - Setting next_dagrun for example_branch_datetime_operator_2 to 2024-06-15T00:00:00+00:00, run_after=2024-06-16T00:00:00+00:00
[2024-06-16 10:18:31,473] {processor.py:161} INFO - Processing /home/airflow/.local/lib/python3.7/site-packages/airflow/example_dags/example_branch_datetime_operator.py took 0.103 seconds
[2024-06-16 10:19:02,303] {processor.py:153} INFO - Started process (PID=1491) to work on /home/airflow/.local/lib/python3.7/site-packages/airflow/example_dags/example_branch_datetime_operator.py
[2024-06-16 10:19:02,304] {processor.py:641} INFO - Processing file /home/airflow/.local/lib/python3.7/site-packages/airflow/example_dags/example_branch_datetime_operator.py for tasks to queue
[2024-06-16 10:19:02,305] {logging_mixin.py:115} INFO - [2024-06-16 10:19:02,305] {dagbag.py:507} INFO - Filling up the DagBag from /home/airflow/.local/lib/python3.7/site-packages/airflow/example_dags/example_branch_datetime_operator.py
[2024-06-16 10:19:02,315] {processor.py:651} INFO - DAG(s) dict_keys(['example_branch_datetime_operator_2']) retrieved from /home/airflow/.local/lib/python3.7/site-packages/airflow/example_dags/example_branch_datetime_operator.py
[2024-06-16 10:19:02,352] {logging_mixin.py:115} INFO - [2024-06-16 10:19:02,352] {dag.py:2371} INFO - Sync 1 DAGs
[2024-06-16 10:19:02,379] {logging_mixin.py:115} INFO - [2024-06-16 10:19:02,379] {dag.py:2919} INFO - Setting next_dagrun for example_branch_datetime_operator_2 to 2024-06-15T00:00:00+00:00, run_after=2024-06-16T00:00:00+00:00
[2024-06-16 10:19:02,393] {processor.py:161} INFO - Processing /home/airflow/.local/lib/python3.7/site-packages/airflow/example_dags/example_branch_datetime_operator.py took 0.094 seconds
[2024-06-16 11:03:52,617] {processor.py:153} INFO - Started process (PID=57) to work on /home/airflow/.local/lib/python3.7/site-packages/airflow/example_dags/example_branch_datetime_operator.py
[2024-06-16 11:03:52,625] {processor.py:641} INFO - Processing file /home/airflow/.local/lib/python3.7/site-packages/airflow/example_dags/example_branch_datetime_operator.py for tasks to queue
[2024-06-16 11:03:52,626] {logging_mixin.py:115} INFO - [2024-06-16 11:03:52,626] {dagbag.py:507} INFO - Filling up the DagBag from /home/airflow/.local/lib/python3.7/site-packages/airflow/example_dags/example_branch_datetime_operator.py
[2024-06-16 11:03:52,639] {processor.py:651} INFO - DAG(s) dict_keys(['example_branch_datetime_operator_2']) retrieved from /home/airflow/.local/lib/python3.7/site-packages/airflow/example_dags/example_branch_datetime_operator.py
[2024-06-16 11:03:52,675] {logging_mixin.py:115} INFO - [2024-06-16 11:03:52,675] {dag.py:2371} INFO - Sync 1 DAGs
[2024-06-16 11:03:52,914] {logging_mixin.py:115} INFO - [2024-06-16 11:03:52,913] {dag.py:2919} INFO - Setting next_dagrun for example_branch_datetime_operator_2 to 2024-06-15T00:00:00+00:00, run_after=2024-06-16T00:00:00+00:00
[2024-06-16 11:03:52,934] {processor.py:161} INFO - Processing /home/airflow/.local/lib/python3.7/site-packages/airflow/example_dags/example_branch_datetime_operator.py took 0.321 seconds
[2024-06-16 11:04:23,199] {processor.py:153} INFO - Started process (PID=121) to work on /home/airflow/.local/lib/python3.7/site-packages/airflow/example_dags/example_branch_datetime_operator.py
[2024-06-16 11:04:23,200] {processor.py:641} INFO - Processing file /home/airflow/.local/lib/python3.7/site-packages/airflow/example_dags/example_branch_datetime_operator.py for tasks to queue
[2024-06-16 11:04:23,204] {logging_mixin.py:115} INFO - [2024-06-16 11:04:23,203] {dagbag.py:507} INFO - Filling up the DagBag from /home/airflow/.local/lib/python3.7/site-packages/airflow/example_dags/example_branch_datetime_operator.py
[2024-06-16 11:04:23,213] {processor.py:651} INFO - DAG(s) dict_keys(['example_branch_datetime_operator_2']) retrieved from /home/airflow/.local/lib/python3.7/site-packages/airflow/example_dags/example_branch_datetime_operator.py
[2024-06-16 11:04:23,247] {logging_mixin.py:115} INFO - [2024-06-16 11:04:23,247] {dag.py:2371} INFO - Sync 1 DAGs
[2024-06-16 11:04:23,414] {logging_mixin.py:115} INFO - [2024-06-16 11:04:23,414] {dag.py:2919} INFO - Setting next_dagrun for example_branch_datetime_operator_2 to 2024-06-15T00:00:00+00:00, run_after=2024-06-16T00:00:00+00:00
[2024-06-16 11:04:23,430] {processor.py:161} INFO - Processing /home/airflow/.local/lib/python3.7/site-packages/airflow/example_dags/example_branch_datetime_operator.py took 0.234 seconds
[2024-06-16 11:04:53,602] {processor.py:153} INFO - Started process (PID=175) to work on /home/airflow/.local/lib/python3.7/site-packages/airflow/example_dags/example_branch_datetime_operator.py
[2024-06-16 11:04:53,603] {processor.py:641} INFO - Processing file /home/airflow/.local/lib/python3.7/site-packages/airflow/example_dags/example_branch_datetime_operator.py for tasks to queue
[2024-06-16 11:04:53,604] {logging_mixin.py:115} INFO - [2024-06-16 11:04:53,604] {dagbag.py:507} INFO - Filling up the DagBag from /home/airflow/.local/lib/python3.7/site-packages/airflow/example_dags/example_branch_datetime_operator.py
[2024-06-16 11:04:53,613] {processor.py:651} INFO - DAG(s) dict_keys(['example_branch_datetime_operator_2']) retrieved from /home/airflow/.local/lib/python3.7/site-packages/airflow/example_dags/example_branch_datetime_operator.py
[2024-06-16 11:04:53,646] {logging_mixin.py:115} INFO - [2024-06-16 11:04:53,645] {dag.py:2371} INFO - Sync 1 DAGs
[2024-06-16 11:04:53,809] {logging_mixin.py:115} INFO - [2024-06-16 11:04:53,809] {dag.py:2919} INFO - Setting next_dagrun for example_branch_datetime_operator_2 to 2024-06-15T00:00:00+00:00, run_after=2024-06-16T00:00:00+00:00
[2024-06-16 11:04:53,827] {processor.py:161} INFO - Processing /home/airflow/.local/lib/python3.7/site-packages/airflow/example_dags/example_branch_datetime_operator.py took 0.231 seconds
[2024-06-16 11:05:56,266] {processor.py:153} INFO - Started process (PID=247) to work on /home/airflow/.local/lib/python3.7/site-packages/airflow/example_dags/example_branch_datetime_operator.py
[2024-06-16 11:05:56,269] {processor.py:641} INFO - Processing file /home/airflow/.local/lib/python3.7/site-packages/airflow/example_dags/example_branch_datetime_operator.py for tasks to queue
[2024-06-16 11:05:56,270] {logging_mixin.py:115} INFO - [2024-06-16 11:05:56,270] {dagbag.py:507} INFO - Filling up the DagBag from /home/airflow/.local/lib/python3.7/site-packages/airflow/example_dags/example_branch_datetime_operator.py
[2024-06-16 11:05:56,302] {processor.py:651} INFO - DAG(s) dict_keys(['example_branch_datetime_operator_2']) retrieved from /home/airflow/.local/lib/python3.7/site-packages/airflow/example_dags/example_branch_datetime_operator.py
[2024-06-16 11:05:56,388] {logging_mixin.py:115} INFO - [2024-06-16 11:05:56,388] {dag.py:2371} INFO - Sync 1 DAGs
[2024-06-16 11:05:56,837] {logging_mixin.py:115} INFO - [2024-06-16 11:05:56,837] {dag.py:2919} INFO - Setting next_dagrun for example_branch_datetime_operator_2 to 2024-06-15T00:00:00+00:00, run_after=2024-06-16T00:00:00+00:00
[2024-06-16 11:05:56,967] {processor.py:161} INFO - Processing /home/airflow/.local/lib/python3.7/site-packages/airflow/example_dags/example_branch_datetime_operator.py took 0.711 seconds
[2024-06-16 11:06:28,070] {processor.py:153} INFO - Started process (PID=300) to work on /home/airflow/.local/lib/python3.7/site-packages/airflow/example_dags/example_branch_datetime_operator.py
[2024-06-16 11:06:28,075] {processor.py:641} INFO - Processing file /home/airflow/.local/lib/python3.7/site-packages/airflow/example_dags/example_branch_datetime_operator.py for tasks to queue
[2024-06-16 11:06:28,086] {logging_mixin.py:115} INFO - [2024-06-16 11:06:28,086] {dagbag.py:507} INFO - Filling up the DagBag from /home/airflow/.local/lib/python3.7/site-packages/airflow/example_dags/example_branch_datetime_operator.py
[2024-06-16 11:06:28,116] {processor.py:651} INFO - DAG(s) dict_keys(['example_branch_datetime_operator_2']) retrieved from /home/airflow/.local/lib/python3.7/site-packages/airflow/example_dags/example_branch_datetime_operator.py
[2024-06-16 11:06:28,311] {logging_mixin.py:115} INFO - [2024-06-16 11:06:28,311] {dag.py:2371} INFO - Sync 1 DAGs
[2024-06-16 11:06:28,800] {logging_mixin.py:115} INFO - [2024-06-16 11:06:28,800] {dag.py:2919} INFO - Setting next_dagrun for example_branch_datetime_operator_2 to 2024-06-15T00:00:00+00:00, run_after=2024-06-16T00:00:00+00:00
[2024-06-16 11:06:28,829] {processor.py:161} INFO - Processing /home/airflow/.local/lib/python3.7/site-packages/airflow/example_dags/example_branch_datetime_operator.py took 0.763 seconds
[2024-06-16 11:07:01,193] {processor.py:153} INFO - Started process (PID=361) to work on /home/airflow/.local/lib/python3.7/site-packages/airflow/example_dags/example_branch_datetime_operator.py
[2024-06-16 11:07:01,193] {processor.py:641} INFO - Processing file /home/airflow/.local/lib/python3.7/site-packages/airflow/example_dags/example_branch_datetime_operator.py for tasks to queue
[2024-06-16 11:07:01,194] {logging_mixin.py:115} INFO - [2024-06-16 11:07:01,194] {dagbag.py:507} INFO - Filling up the DagBag from /home/airflow/.local/lib/python3.7/site-packages/airflow/example_dags/example_branch_datetime_operator.py
[2024-06-16 11:07:01,206] {processor.py:651} INFO - DAG(s) dict_keys(['example_branch_datetime_operator_2']) retrieved from /home/airflow/.local/lib/python3.7/site-packages/airflow/example_dags/example_branch_datetime_operator.py
[2024-06-16 11:07:01,290] {logging_mixin.py:115} INFO - [2024-06-16 11:07:01,290] {dag.py:2371} INFO - Sync 1 DAGs
[2024-06-16 11:07:01,766] {logging_mixin.py:115} INFO - [2024-06-16 11:07:01,765] {dag.py:2919} INFO - Setting next_dagrun for example_branch_datetime_operator_2 to 2024-06-15T00:00:00+00:00, run_after=2024-06-16T00:00:00+00:00
[2024-06-16 11:07:01,799] {processor.py:161} INFO - Processing /home/airflow/.local/lib/python3.7/site-packages/airflow/example_dags/example_branch_datetime_operator.py took 0.610 seconds
[2024-06-16 11:07:32,061] {processor.py:153} INFO - Started process (PID=415) to work on /home/airflow/.local/lib/python3.7/site-packages/airflow/example_dags/example_branch_datetime_operator.py
[2024-06-16 11:07:32,062] {processor.py:641} INFO - Processing file /home/airflow/.local/lib/python3.7/site-packages/airflow/example_dags/example_branch_datetime_operator.py for tasks to queue
[2024-06-16 11:07:32,063] {logging_mixin.py:115} INFO - [2024-06-16 11:07:32,063] {dagbag.py:507} INFO - Filling up the DagBag from /home/airflow/.local/lib/python3.7/site-packages/airflow/example_dags/example_branch_datetime_operator.py
[2024-06-16 11:07:32,072] {processor.py:651} INFO - DAG(s) dict_keys(['example_branch_datetime_operator_2']) retrieved from /home/airflow/.local/lib/python3.7/site-packages/airflow/example_dags/example_branch_datetime_operator.py
[2024-06-16 11:07:32,105] {logging_mixin.py:115} INFO - [2024-06-16 11:07:32,105] {dag.py:2371} INFO - Sync 1 DAGs
[2024-06-16 11:07:32,264] {logging_mixin.py:115} INFO - [2024-06-16 11:07:32,264] {dag.py:2919} INFO - Setting next_dagrun for example_branch_datetime_operator_2 to 2024-06-15T00:00:00+00:00, run_after=2024-06-16T00:00:00+00:00
[2024-06-16 11:07:32,281] {processor.py:161} INFO - Processing /home/airflow/.local/lib/python3.7/site-packages/airflow/example_dags/example_branch_datetime_operator.py took 0.226 seconds
[2024-06-16 11:10:50,335] {processor.py:153} INFO - Started process (PID=75) to work on /home/airflow/.local/lib/python3.7/site-packages/airflow/example_dags/example_branch_datetime_operator.py
[2024-06-16 11:10:50,348] {processor.py:641} INFO - Processing file /home/airflow/.local/lib/python3.7/site-packages/airflow/example_dags/example_branch_datetime_operator.py for tasks to queue
[2024-06-16 11:10:50,351] {logging_mixin.py:115} INFO - [2024-06-16 11:10:50,351] {dagbag.py:507} INFO - Filling up the DagBag from /home/airflow/.local/lib/python3.7/site-packages/airflow/example_dags/example_branch_datetime_operator.py
[2024-06-16 11:10:50,392] {processor.py:651} INFO - DAG(s) dict_keys(['example_branch_datetime_operator_2']) retrieved from /home/airflow/.local/lib/python3.7/site-packages/airflow/example_dags/example_branch_datetime_operator.py
[2024-06-16 11:10:50,458] {logging_mixin.py:115} INFO - [2024-06-16 11:10:50,458] {dag.py:2371} INFO - Sync 1 DAGs
[2024-06-16 11:10:50,713] {logging_mixin.py:115} INFO - [2024-06-16 11:10:50,713] {dag.py:2919} INFO - Setting next_dagrun for example_branch_datetime_operator_2 to 2024-06-15T00:00:00+00:00, run_after=2024-06-16T00:00:00+00:00
[2024-06-16 11:10:50,769] {processor.py:161} INFO - Processing /home/airflow/.local/lib/python3.7/site-packages/airflow/example_dags/example_branch_datetime_operator.py took 0.444 seconds
[2024-06-16 11:11:21,439] {processor.py:153} INFO - Started process (PID=130) to work on /home/airflow/.local/lib/python3.7/site-packages/airflow/example_dags/example_branch_datetime_operator.py
[2024-06-16 11:11:21,440] {processor.py:641} INFO - Processing file /home/airflow/.local/lib/python3.7/site-packages/airflow/example_dags/example_branch_datetime_operator.py for tasks to queue
[2024-06-16 11:11:21,441] {logging_mixin.py:115} INFO - [2024-06-16 11:11:21,441] {dagbag.py:507} INFO - Filling up the DagBag from /home/airflow/.local/lib/python3.7/site-packages/airflow/example_dags/example_branch_datetime_operator.py
[2024-06-16 11:11:21,453] {processor.py:651} INFO - DAG(s) dict_keys(['example_branch_datetime_operator_2']) retrieved from /home/airflow/.local/lib/python3.7/site-packages/airflow/example_dags/example_branch_datetime_operator.py
[2024-06-16 11:11:21,489] {logging_mixin.py:115} INFO - [2024-06-16 11:11:21,488] {dag.py:2371} INFO - Sync 1 DAGs
[2024-06-16 11:11:21,647] {logging_mixin.py:115} INFO - [2024-06-16 11:11:21,647] {dag.py:2919} INFO - Setting next_dagrun for example_branch_datetime_operator_2 to 2024-06-15T00:00:00+00:00, run_after=2024-06-16T00:00:00+00:00
[2024-06-16 11:11:21,665] {processor.py:161} INFO - Processing /home/airflow/.local/lib/python3.7/site-packages/airflow/example_dags/example_branch_datetime_operator.py took 0.229 seconds
[2024-06-16 11:11:52,060] {processor.py:153} INFO - Started process (PID=195) to work on /home/airflow/.local/lib/python3.7/site-packages/airflow/example_dags/example_branch_datetime_operator.py
[2024-06-16 11:11:52,061] {processor.py:641} INFO - Processing file /home/airflow/.local/lib/python3.7/site-packages/airflow/example_dags/example_branch_datetime_operator.py for tasks to queue
[2024-06-16 11:11:52,062] {logging_mixin.py:115} INFO - [2024-06-16 11:11:52,062] {dagbag.py:507} INFO - Filling up the DagBag from /home/airflow/.local/lib/python3.7/site-packages/airflow/example_dags/example_branch_datetime_operator.py
[2024-06-16 11:11:52,071] {processor.py:651} INFO - DAG(s) dict_keys(['example_branch_datetime_operator_2']) retrieved from /home/airflow/.local/lib/python3.7/site-packages/airflow/example_dags/example_branch_datetime_operator.py
[2024-06-16 11:11:52,103] {logging_mixin.py:115} INFO - [2024-06-16 11:11:52,103] {dag.py:2371} INFO - Sync 1 DAGs
[2024-06-16 11:11:52,259] {logging_mixin.py:115} INFO - [2024-06-16 11:11:52,258] {dag.py:2919} INFO - Setting next_dagrun for example_branch_datetime_operator_2 to 2024-06-15T00:00:00+00:00, run_after=2024-06-16T00:00:00+00:00
[2024-06-16 11:11:52,275] {processor.py:161} INFO - Processing /home/airflow/.local/lib/python3.7/site-packages/airflow/example_dags/example_branch_datetime_operator.py took 0.218 seconds
[2024-06-16 11:12:22,480] {processor.py:153} INFO - Started process (PID=249) to work on /home/airflow/.local/lib/python3.7/site-packages/airflow/example_dags/example_branch_datetime_operator.py
[2024-06-16 11:12:22,482] {processor.py:641} INFO - Processing file /home/airflow/.local/lib/python3.7/site-packages/airflow/example_dags/example_branch_datetime_operator.py for tasks to queue
[2024-06-16 11:12:22,483] {logging_mixin.py:115} INFO - [2024-06-16 11:12:22,483] {dagbag.py:507} INFO - Filling up the DagBag from /home/airflow/.local/lib/python3.7/site-packages/airflow/example_dags/example_branch_datetime_operator.py
[2024-06-16 11:12:22,499] {processor.py:651} INFO - DAG(s) dict_keys(['example_branch_datetime_operator_2']) retrieved from /home/airflow/.local/lib/python3.7/site-packages/airflow/example_dags/example_branch_datetime_operator.py
[2024-06-16 11:12:22,542] {logging_mixin.py:115} INFO - [2024-06-16 11:12:22,542] {dag.py:2371} INFO - Sync 1 DAGs
[2024-06-16 11:12:22,759] {logging_mixin.py:115} INFO - [2024-06-16 11:12:22,759] {dag.py:2919} INFO - Setting next_dagrun for example_branch_datetime_operator_2 to 2024-06-15T00:00:00+00:00, run_after=2024-06-16T00:00:00+00:00
[2024-06-16 11:12:22,779] {processor.py:161} INFO - Processing /home/airflow/.local/lib/python3.7/site-packages/airflow/example_dags/example_branch_datetime_operator.py took 0.303 seconds
[2024-06-16 11:16:14,149] {processor.py:153} INFO - Started process (PID=57) to work on /home/airflow/.local/lib/python3.7/site-packages/airflow/example_dags/example_branch_datetime_operator.py
[2024-06-16 11:16:14,150] {processor.py:641} INFO - Processing file /home/airflow/.local/lib/python3.7/site-packages/airflow/example_dags/example_branch_datetime_operator.py for tasks to queue
[2024-06-16 11:16:14,151] {logging_mixin.py:115} INFO - [2024-06-16 11:16:14,151] {dagbag.py:507} INFO - Filling up the DagBag from /home/airflow/.local/lib/python3.7/site-packages/airflow/example_dags/example_branch_datetime_operator.py
[2024-06-16 11:16:14,177] {processor.py:651} INFO - DAG(s) dict_keys(['example_branch_datetime_operator_2']) retrieved from /home/airflow/.local/lib/python3.7/site-packages/airflow/example_dags/example_branch_datetime_operator.py
[2024-06-16 11:16:14,237] {logging_mixin.py:115} INFO - [2024-06-16 11:16:14,237] {dag.py:2371} INFO - Sync 1 DAGs
[2024-06-16 11:16:14,506] {logging_mixin.py:115} INFO - [2024-06-16 11:16:14,505] {dag.py:2919} INFO - Setting next_dagrun for example_branch_datetime_operator_2 to 2024-06-15T00:00:00+00:00, run_after=2024-06-16T00:00:00+00:00
[2024-06-16 11:16:14,589] {processor.py:161} INFO - Processing /home/airflow/.local/lib/python3.7/site-packages/airflow/example_dags/example_branch_datetime_operator.py took 0.445 seconds
[2024-06-16 11:16:44,862] {processor.py:153} INFO - Started process (PID=120) to work on /home/airflow/.local/lib/python3.7/site-packages/airflow/example_dags/example_branch_datetime_operator.py
[2024-06-16 11:16:44,863] {processor.py:641} INFO - Processing file /home/airflow/.local/lib/python3.7/site-packages/airflow/example_dags/example_branch_datetime_operator.py for tasks to queue
[2024-06-16 11:16:44,864] {logging_mixin.py:115} INFO - [2024-06-16 11:16:44,864] {dagbag.py:507} INFO - Filling up the DagBag from /home/airflow/.local/lib/python3.7/site-packages/airflow/example_dags/example_branch_datetime_operator.py
[2024-06-16 11:16:44,876] {processor.py:651} INFO - DAG(s) dict_keys(['example_branch_datetime_operator_2']) retrieved from /home/airflow/.local/lib/python3.7/site-packages/airflow/example_dags/example_branch_datetime_operator.py
[2024-06-16 11:16:44,910] {logging_mixin.py:115} INFO - [2024-06-16 11:16:44,910] {dag.py:2371} INFO - Sync 1 DAGs
[2024-06-16 11:16:45,072] {logging_mixin.py:115} INFO - [2024-06-16 11:16:45,071] {dag.py:2919} INFO - Setting next_dagrun for example_branch_datetime_operator_2 to 2024-06-15T00:00:00+00:00, run_after=2024-06-16T00:00:00+00:00
[2024-06-16 11:16:45,091] {processor.py:161} INFO - Processing /home/airflow/.local/lib/python3.7/site-packages/airflow/example_dags/example_branch_datetime_operator.py took 0.233 seconds
[2024-06-16 11:17:15,940] {processor.py:153} INFO - Started process (PID=174) to work on /home/airflow/.local/lib/python3.7/site-packages/airflow/example_dags/example_branch_datetime_operator.py
[2024-06-16 11:17:15,940] {processor.py:641} INFO - Processing file /home/airflow/.local/lib/python3.7/site-packages/airflow/example_dags/example_branch_datetime_operator.py for tasks to queue
[2024-06-16 11:17:15,941] {logging_mixin.py:115} INFO - [2024-06-16 11:17:15,941] {dagbag.py:507} INFO - Filling up the DagBag from /home/airflow/.local/lib/python3.7/site-packages/airflow/example_dags/example_branch_datetime_operator.py
[2024-06-16 11:17:15,953] {processor.py:651} INFO - DAG(s) dict_keys(['example_branch_datetime_operator_2']) retrieved from /home/airflow/.local/lib/python3.7/site-packages/airflow/example_dags/example_branch_datetime_operator.py
[2024-06-16 11:17:15,988] {logging_mixin.py:115} INFO - [2024-06-16 11:17:15,988] {dag.py:2371} INFO - Sync 1 DAGs
[2024-06-16 11:17:16,154] {logging_mixin.py:115} INFO - [2024-06-16 11:17:16,154] {dag.py:2919} INFO - Setting next_dagrun for example_branch_datetime_operator_2 to 2024-06-15T00:00:00+00:00, run_after=2024-06-16T00:00:00+00:00
[2024-06-16 11:17:16,171] {processor.py:161} INFO - Processing /home/airflow/.local/lib/python3.7/site-packages/airflow/example_dags/example_branch_datetime_operator.py took 0.235 seconds
[2024-06-16 11:17:47,076] {processor.py:153} INFO - Started process (PID=237) to work on /home/airflow/.local/lib/python3.7/site-packages/airflow/example_dags/example_branch_datetime_operator.py
[2024-06-16 11:17:47,077] {processor.py:641} INFO - Processing file /home/airflow/.local/lib/python3.7/site-packages/airflow/example_dags/example_branch_datetime_operator.py for tasks to queue
[2024-06-16 11:17:47,078] {logging_mixin.py:115} INFO - [2024-06-16 11:17:47,078] {dagbag.py:507} INFO - Filling up the DagBag from /home/airflow/.local/lib/python3.7/site-packages/airflow/example_dags/example_branch_datetime_operator.py
[2024-06-16 11:17:47,088] {processor.py:651} INFO - DAG(s) dict_keys(['example_branch_datetime_operator_2']) retrieved from /home/airflow/.local/lib/python3.7/site-packages/airflow/example_dags/example_branch_datetime_operator.py
[2024-06-16 11:17:47,130] {logging_mixin.py:115} INFO - [2024-06-16 11:17:47,130] {dag.py:2371} INFO - Sync 1 DAGs
[2024-06-16 11:17:47,324] {logging_mixin.py:115} INFO - [2024-06-16 11:17:47,323] {dag.py:2919} INFO - Setting next_dagrun for example_branch_datetime_operator_2 to 2024-06-15T00:00:00+00:00, run_after=2024-06-16T00:00:00+00:00
[2024-06-16 11:17:47,345] {processor.py:161} INFO - Processing /home/airflow/.local/lib/python3.7/site-packages/airflow/example_dags/example_branch_datetime_operator.py took 0.273 seconds
[2024-06-16 11:18:17,598] {processor.py:153} INFO - Started process (PID=299) to work on /home/airflow/.local/lib/python3.7/site-packages/airflow/example_dags/example_branch_datetime_operator.py
[2024-06-16 11:18:17,599] {processor.py:641} INFO - Processing file /home/airflow/.local/lib/python3.7/site-packages/airflow/example_dags/example_branch_datetime_operator.py for tasks to queue
[2024-06-16 11:18:17,600] {logging_mixin.py:115} INFO - [2024-06-16 11:18:17,600] {dagbag.py:507} INFO - Filling up the DagBag from /home/airflow/.local/lib/python3.7/site-packages/airflow/example_dags/example_branch_datetime_operator.py
[2024-06-16 11:18:17,609] {processor.py:651} INFO - DAG(s) dict_keys(['example_branch_datetime_operator_2']) retrieved from /home/airflow/.local/lib/python3.7/site-packages/airflow/example_dags/example_branch_datetime_operator.py
[2024-06-16 11:18:17,637] {logging_mixin.py:115} INFO - [2024-06-16 11:18:17,637] {dag.py:2371} INFO - Sync 1 DAGs
[2024-06-16 11:18:17,795] {logging_mixin.py:115} INFO - [2024-06-16 11:18:17,795] {dag.py:2919} INFO - Setting next_dagrun for example_branch_datetime_operator_2 to 2024-06-15T00:00:00+00:00, run_after=2024-06-16T00:00:00+00:00
[2024-06-16 11:18:17,821] {processor.py:161} INFO - Processing /home/airflow/.local/lib/python3.7/site-packages/airflow/example_dags/example_branch_datetime_operator.py took 0.227 seconds
[2024-06-16 11:18:48,456] {processor.py:153} INFO - Started process (PID=353) to work on /home/airflow/.local/lib/python3.7/site-packages/airflow/example_dags/example_branch_datetime_operator.py
[2024-06-16 11:18:48,457] {processor.py:641} INFO - Processing file /home/airflow/.local/lib/python3.7/site-packages/airflow/example_dags/example_branch_datetime_operator.py for tasks to queue
[2024-06-16 11:18:48,457] {logging_mixin.py:115} INFO - [2024-06-16 11:18:48,457] {dagbag.py:507} INFO - Filling up the DagBag from /home/airflow/.local/lib/python3.7/site-packages/airflow/example_dags/example_branch_datetime_operator.py
[2024-06-16 11:18:48,467] {processor.py:651} INFO - DAG(s) dict_keys(['example_branch_datetime_operator_2']) retrieved from /home/airflow/.local/lib/python3.7/site-packages/airflow/example_dags/example_branch_datetime_operator.py
[2024-06-16 11:18:48,511] {logging_mixin.py:115} INFO - [2024-06-16 11:18:48,511] {dag.py:2371} INFO - Sync 1 DAGs
[2024-06-16 11:18:48,734] {logging_mixin.py:115} INFO - [2024-06-16 11:18:48,734] {dag.py:2919} INFO - Setting next_dagrun for example_branch_datetime_operator_2 to 2024-06-15T00:00:00+00:00, run_after=2024-06-16T00:00:00+00:00
[2024-06-16 11:18:48,754] {processor.py:161} INFO - Processing /home/airflow/.local/lib/python3.7/site-packages/airflow/example_dags/example_branch_datetime_operator.py took 0.302 seconds
[2024-06-16 11:19:19,989] {processor.py:153} INFO - Started process (PID=416) to work on /home/airflow/.local/lib/python3.7/site-packages/airflow/example_dags/example_branch_datetime_operator.py
[2024-06-16 11:19:19,992] {processor.py:641} INFO - Processing file /home/airflow/.local/lib/python3.7/site-packages/airflow/example_dags/example_branch_datetime_operator.py for tasks to queue
[2024-06-16 11:19:19,994] {logging_mixin.py:115} INFO - [2024-06-16 11:19:19,993] {dagbag.py:507} INFO - Filling up the DagBag from /home/airflow/.local/lib/python3.7/site-packages/airflow/example_dags/example_branch_datetime_operator.py
[2024-06-16 11:19:20,003] {processor.py:651} INFO - DAG(s) dict_keys(['example_branch_datetime_operator_2']) retrieved from /home/airflow/.local/lib/python3.7/site-packages/airflow/example_dags/example_branch_datetime_operator.py
[2024-06-16 11:19:20,043] {logging_mixin.py:115} INFO - [2024-06-16 11:19:20,043] {dag.py:2371} INFO - Sync 1 DAGs
[2024-06-16 11:19:20,250] {logging_mixin.py:115} INFO - [2024-06-16 11:19:20,249] {dag.py:2919} INFO - Setting next_dagrun for example_branch_datetime_operator_2 to 2024-06-15T00:00:00+00:00, run_after=2024-06-16T00:00:00+00:00
[2024-06-16 11:19:20,281] {processor.py:161} INFO - Processing /home/airflow/.local/lib/python3.7/site-packages/airflow/example_dags/example_branch_datetime_operator.py took 0.296 seconds
[2024-06-16 11:19:50,465] {processor.py:153} INFO - Started process (PID=479) to work on /home/airflow/.local/lib/python3.7/site-packages/airflow/example_dags/example_branch_datetime_operator.py
[2024-06-16 11:19:50,466] {processor.py:641} INFO - Processing file /home/airflow/.local/lib/python3.7/site-packages/airflow/example_dags/example_branch_datetime_operator.py for tasks to queue
[2024-06-16 11:19:50,467] {logging_mixin.py:115} INFO - [2024-06-16 11:19:50,467] {dagbag.py:507} INFO - Filling up the DagBag from /home/airflow/.local/lib/python3.7/site-packages/airflow/example_dags/example_branch_datetime_operator.py
[2024-06-16 11:19:50,481] {processor.py:651} INFO - DAG(s) dict_keys(['example_branch_datetime_operator_2']) retrieved from /home/airflow/.local/lib/python3.7/site-packages/airflow/example_dags/example_branch_datetime_operator.py
[2024-06-16 11:19:50,517] {logging_mixin.py:115} INFO - [2024-06-16 11:19:50,517] {dag.py:2371} INFO - Sync 1 DAGs
[2024-06-16 11:19:50,707] {logging_mixin.py:115} INFO - [2024-06-16 11:19:50,707] {dag.py:2919} INFO - Setting next_dagrun for example_branch_datetime_operator_2 to 2024-06-15T00:00:00+00:00, run_after=2024-06-16T00:00:00+00:00
[2024-06-16 11:19:50,736] {processor.py:161} INFO - Processing /home/airflow/.local/lib/python3.7/site-packages/airflow/example_dags/example_branch_datetime_operator.py took 0.275 seconds
[2024-06-16 11:20:21,698] {processor.py:153} INFO - Started process (PID=533) to work on /home/airflow/.local/lib/python3.7/site-packages/airflow/example_dags/example_branch_datetime_operator.py
[2024-06-16 11:20:21,700] {processor.py:641} INFO - Processing file /home/airflow/.local/lib/python3.7/site-packages/airflow/example_dags/example_branch_datetime_operator.py for tasks to queue
[2024-06-16 11:20:21,701] {logging_mixin.py:115} INFO - [2024-06-16 11:20:21,701] {dagbag.py:507} INFO - Filling up the DagBag from /home/airflow/.local/lib/python3.7/site-packages/airflow/example_dags/example_branch_datetime_operator.py
[2024-06-16 11:20:21,717] {processor.py:651} INFO - DAG(s) dict_keys(['example_branch_datetime_operator_2']) retrieved from /home/airflow/.local/lib/python3.7/site-packages/airflow/example_dags/example_branch_datetime_operator.py
[2024-06-16 11:20:21,751] {logging_mixin.py:115} INFO - [2024-06-16 11:20:21,751] {dag.py:2371} INFO - Sync 1 DAGs
[2024-06-16 11:20:22,003] {logging_mixin.py:115} INFO - [2024-06-16 11:20:22,002] {dag.py:2919} INFO - Setting next_dagrun for example_branch_datetime_operator_2 to 2024-06-15T00:00:00+00:00, run_after=2024-06-16T00:00:00+00:00
[2024-06-16 11:20:22,019] {processor.py:161} INFO - Processing /home/airflow/.local/lib/python3.7/site-packages/airflow/example_dags/example_branch_datetime_operator.py took 0.325 seconds
[2024-06-16 11:20:52,313] {processor.py:153} INFO - Started process (PID=598) to work on /home/airflow/.local/lib/python3.7/site-packages/airflow/example_dags/example_branch_datetime_operator.py
[2024-06-16 11:20:52,314] {processor.py:641} INFO - Processing file /home/airflow/.local/lib/python3.7/site-packages/airflow/example_dags/example_branch_datetime_operator.py for tasks to queue
[2024-06-16 11:20:52,315] {logging_mixin.py:115} INFO - [2024-06-16 11:20:52,315] {dagbag.py:507} INFO - Filling up the DagBag from /home/airflow/.local/lib/python3.7/site-packages/airflow/example_dags/example_branch_datetime_operator.py
[2024-06-16 11:20:52,325] {processor.py:651} INFO - DAG(s) dict_keys(['example_branch_datetime_operator_2']) retrieved from /home/airflow/.local/lib/python3.7/site-packages/airflow/example_dags/example_branch_datetime_operator.py
[2024-06-16 11:20:52,353] {logging_mixin.py:115} INFO - [2024-06-16 11:20:52,353] {dag.py:2371} INFO - Sync 1 DAGs
[2024-06-16 11:20:52,518] {logging_mixin.py:115} INFO - [2024-06-16 11:20:52,518] {dag.py:2919} INFO - Setting next_dagrun for example_branch_datetime_operator_2 to 2024-06-15T00:00:00+00:00, run_after=2024-06-16T00:00:00+00:00
[2024-06-16 11:20:52,536] {processor.py:161} INFO - Processing /home/airflow/.local/lib/python3.7/site-packages/airflow/example_dags/example_branch_datetime_operator.py took 0.227 seconds
[2024-06-16 11:21:22,933] {processor.py:153} INFO - Started process (PID=652) to work on /home/airflow/.local/lib/python3.7/site-packages/airflow/example_dags/example_branch_datetime_operator.py
[2024-06-16 11:21:22,934] {processor.py:641} INFO - Processing file /home/airflow/.local/lib/python3.7/site-packages/airflow/example_dags/example_branch_datetime_operator.py for tasks to queue
[2024-06-16 11:21:22,938] {logging_mixin.py:115} INFO - [2024-06-16 11:21:22,938] {dagbag.py:507} INFO - Filling up the DagBag from /home/airflow/.local/lib/python3.7/site-packages/airflow/example_dags/example_branch_datetime_operator.py
[2024-06-16 11:21:22,953] {processor.py:651} INFO - DAG(s) dict_keys(['example_branch_datetime_operator_2']) retrieved from /home/airflow/.local/lib/python3.7/site-packages/airflow/example_dags/example_branch_datetime_operator.py
[2024-06-16 11:21:22,993] {logging_mixin.py:115} INFO - [2024-06-16 11:21:22,993] {dag.py:2371} INFO - Sync 1 DAGs
[2024-06-16 11:21:23,194] {logging_mixin.py:115} INFO - [2024-06-16 11:21:23,193] {dag.py:2919} INFO - Setting next_dagrun for example_branch_datetime_operator_2 to 2024-06-15T00:00:00+00:00, run_after=2024-06-16T00:00:00+00:00
[2024-06-16 11:21:23,209] {processor.py:161} INFO - Processing /home/airflow/.local/lib/python3.7/site-packages/airflow/example_dags/example_branch_datetime_operator.py took 0.281 seconds
