[2024-06-16 10:06:45,431] {processor.py:153} INFO - Started process (PID=69) to work on /home/airflow/.local/lib/python3.7/site-packages/airflow/example_dags/example_dag_decorator.py
[2024-06-16 10:06:45,432] {processor.py:641} INFO - Processing file /home/airflow/.local/lib/python3.7/site-packages/airflow/example_dags/example_dag_decorator.py for tasks to queue
[2024-06-16 10:06:45,433] {logging_mixin.py:115} INFO - [2024-06-16 10:06:45,433] {dagbag.py:507} INFO - Filling up the DagBag from /home/airflow/.local/lib/python3.7/site-packages/airflow/example_dags/example_dag_decorator.py
[2024-06-16 10:06:45,471] {processor.py:651} INFO - DAG(s) dict_keys(['example_dag_decorator']) retrieved from /home/airflow/.local/lib/python3.7/site-packages/airflow/example_dags/example_dag_decorator.py
[2024-06-16 10:06:45,655] {logging_mixin.py:115} INFO - [2024-06-16 10:06:45,655] {dag.py:2371} INFO - Sync 1 DAGs
[2024-06-16 10:06:45,673] {logging_mixin.py:115} INFO - [2024-06-16 10:06:45,673] {dag.py:2919} INFO - Setting next_dagrun for example_dag_decorator to None, run_after=None
[2024-06-16 10:06:45,688] {processor.py:161} INFO - Processing /home/airflow/.local/lib/python3.7/site-packages/airflow/example_dags/example_dag_decorator.py took 0.260 seconds
[2024-06-16 10:07:17,262] {processor.py:153} INFO - Started process (PID=132) to work on /home/airflow/.local/lib/python3.7/site-packages/airflow/example_dags/example_dag_decorator.py
[2024-06-16 10:07:17,263] {processor.py:641} INFO - Processing file /home/airflow/.local/lib/python3.7/site-packages/airflow/example_dags/example_dag_decorator.py for tasks to queue
[2024-06-16 10:07:17,263] {logging_mixin.py:115} INFO - [2024-06-16 10:07:17,263] {dagbag.py:507} INFO - Filling up the DagBag from /home/airflow/.local/lib/python3.7/site-packages/airflow/example_dags/example_dag_decorator.py
[2024-06-16 10:07:17,292] {processor.py:651} INFO - DAG(s) dict_keys(['example_dag_decorator']) retrieved from /home/airflow/.local/lib/python3.7/site-packages/airflow/example_dags/example_dag_decorator.py
[2024-06-16 10:07:17,505] {logging_mixin.py:115} INFO - [2024-06-16 10:07:17,505] {dag.py:2371} INFO - Sync 1 DAGs
[2024-06-16 10:07:17,546] {logging_mixin.py:115} INFO - [2024-06-16 10:07:17,546] {dag.py:2919} INFO - Setting next_dagrun for example_dag_decorator to None, run_after=None
[2024-06-16 10:07:17,575] {processor.py:161} INFO - Processing /home/airflow/.local/lib/python3.7/site-packages/airflow/example_dags/example_dag_decorator.py took 0.316 seconds
[2024-06-16 10:07:47,817] {processor.py:153} INFO - Started process (PID=196) to work on /home/airflow/.local/lib/python3.7/site-packages/airflow/example_dags/example_dag_decorator.py
[2024-06-16 10:07:47,817] {processor.py:641} INFO - Processing file /home/airflow/.local/lib/python3.7/site-packages/airflow/example_dags/example_dag_decorator.py for tasks to queue
[2024-06-16 10:07:47,818] {logging_mixin.py:115} INFO - [2024-06-16 10:07:47,818] {dagbag.py:507} INFO - Filling up the DagBag from /home/airflow/.local/lib/python3.7/site-packages/airflow/example_dags/example_dag_decorator.py
[2024-06-16 10:07:47,849] {processor.py:651} INFO - DAG(s) dict_keys(['example_dag_decorator']) retrieved from /home/airflow/.local/lib/python3.7/site-packages/airflow/example_dags/example_dag_decorator.py
[2024-06-16 10:07:48,046] {logging_mixin.py:115} INFO - [2024-06-16 10:07:48,046] {dag.py:2371} INFO - Sync 1 DAGs
[2024-06-16 10:07:48,065] {logging_mixin.py:115} INFO - [2024-06-16 10:07:48,065] {dag.py:2919} INFO - Setting next_dagrun for example_dag_decorator to None, run_after=None
[2024-06-16 10:07:48,080] {processor.py:161} INFO - Processing /home/airflow/.local/lib/python3.7/site-packages/airflow/example_dags/example_dag_decorator.py took 0.267 seconds
[2024-06-16 10:08:18,193] {processor.py:153} INFO - Started process (PID=250) to work on /home/airflow/.local/lib/python3.7/site-packages/airflow/example_dags/example_dag_decorator.py
[2024-06-16 10:08:18,193] {processor.py:641} INFO - Processing file /home/airflow/.local/lib/python3.7/site-packages/airflow/example_dags/example_dag_decorator.py for tasks to queue
[2024-06-16 10:08:18,194] {logging_mixin.py:115} INFO - [2024-06-16 10:08:18,194] {dagbag.py:507} INFO - Filling up the DagBag from /home/airflow/.local/lib/python3.7/site-packages/airflow/example_dags/example_dag_decorator.py
[2024-06-16 10:08:18,228] {processor.py:651} INFO - DAG(s) dict_keys(['example_dag_decorator']) retrieved from /home/airflow/.local/lib/python3.7/site-packages/airflow/example_dags/example_dag_decorator.py
[2024-06-16 10:08:18,426] {logging_mixin.py:115} INFO - [2024-06-16 10:08:18,426] {dag.py:2371} INFO - Sync 1 DAGs
[2024-06-16 10:08:18,446] {logging_mixin.py:115} INFO - [2024-06-16 10:08:18,446] {dag.py:2919} INFO - Setting next_dagrun for example_dag_decorator to None, run_after=None
[2024-06-16 10:08:18,463] {processor.py:161} INFO - Processing /home/airflow/.local/lib/python3.7/site-packages/airflow/example_dags/example_dag_decorator.py took 0.274 seconds
[2024-06-16 10:08:48,762] {processor.py:153} INFO - Started process (PID=312) to work on /home/airflow/.local/lib/python3.7/site-packages/airflow/example_dags/example_dag_decorator.py
[2024-06-16 10:08:48,763] {processor.py:641} INFO - Processing file /home/airflow/.local/lib/python3.7/site-packages/airflow/example_dags/example_dag_decorator.py for tasks to queue
[2024-06-16 10:08:48,763] {logging_mixin.py:115} INFO - [2024-06-16 10:08:48,763] {dagbag.py:507} INFO - Filling up the DagBag from /home/airflow/.local/lib/python3.7/site-packages/airflow/example_dags/example_dag_decorator.py
[2024-06-16 10:08:48,791] {processor.py:651} INFO - DAG(s) dict_keys(['example_dag_decorator']) retrieved from /home/airflow/.local/lib/python3.7/site-packages/airflow/example_dags/example_dag_decorator.py
[2024-06-16 10:08:48,981] {logging_mixin.py:115} INFO - [2024-06-16 10:08:48,980] {dag.py:2371} INFO - Sync 1 DAGs
[2024-06-16 10:08:49,000] {logging_mixin.py:115} INFO - [2024-06-16 10:08:49,000] {dag.py:2919} INFO - Setting next_dagrun for example_dag_decorator to None, run_after=None
[2024-06-16 10:08:49,018] {processor.py:161} INFO - Processing /home/airflow/.local/lib/python3.7/site-packages/airflow/example_dags/example_dag_decorator.py took 0.259 seconds
[2024-06-16 10:09:19,623] {processor.py:153} INFO - Started process (PID=376) to work on /home/airflow/.local/lib/python3.7/site-packages/airflow/example_dags/example_dag_decorator.py
[2024-06-16 10:09:19,624] {processor.py:641} INFO - Processing file /home/airflow/.local/lib/python3.7/site-packages/airflow/example_dags/example_dag_decorator.py for tasks to queue
[2024-06-16 10:09:19,625] {logging_mixin.py:115} INFO - [2024-06-16 10:09:19,625] {dagbag.py:507} INFO - Filling up the DagBag from /home/airflow/.local/lib/python3.7/site-packages/airflow/example_dags/example_dag_decorator.py
[2024-06-16 10:09:19,653] {processor.py:651} INFO - DAG(s) dict_keys(['example_dag_decorator']) retrieved from /home/airflow/.local/lib/python3.7/site-packages/airflow/example_dags/example_dag_decorator.py
[2024-06-16 10:09:19,850] {logging_mixin.py:115} INFO - [2024-06-16 10:09:19,850] {dag.py:2371} INFO - Sync 1 DAGs
[2024-06-16 10:09:19,871] {logging_mixin.py:115} INFO - [2024-06-16 10:09:19,871] {dag.py:2919} INFO - Setting next_dagrun for example_dag_decorator to None, run_after=None
[2024-06-16 10:09:19,889] {processor.py:161} INFO - Processing /home/airflow/.local/lib/python3.7/site-packages/airflow/example_dags/example_dag_decorator.py took 0.271 seconds
[2024-06-16 10:09:50,280] {processor.py:153} INFO - Started process (PID=431) to work on /home/airflow/.local/lib/python3.7/site-packages/airflow/example_dags/example_dag_decorator.py
[2024-06-16 10:09:50,280] {processor.py:641} INFO - Processing file /home/airflow/.local/lib/python3.7/site-packages/airflow/example_dags/example_dag_decorator.py for tasks to queue
[2024-06-16 10:09:50,281] {logging_mixin.py:115} INFO - [2024-06-16 10:09:50,281] {dagbag.py:507} INFO - Filling up the DagBag from /home/airflow/.local/lib/python3.7/site-packages/airflow/example_dags/example_dag_decorator.py
[2024-06-16 10:09:50,316] {processor.py:651} INFO - DAG(s) dict_keys(['example_dag_decorator']) retrieved from /home/airflow/.local/lib/python3.7/site-packages/airflow/example_dags/example_dag_decorator.py
[2024-06-16 10:09:50,523] {logging_mixin.py:115} INFO - [2024-06-16 10:09:50,523] {dag.py:2371} INFO - Sync 1 DAGs
[2024-06-16 10:09:50,543] {logging_mixin.py:115} INFO - [2024-06-16 10:09:50,543] {dag.py:2919} INFO - Setting next_dagrun for example_dag_decorator to None, run_after=None
[2024-06-16 10:09:50,561] {processor.py:161} INFO - Processing /home/airflow/.local/lib/python3.7/site-packages/airflow/example_dags/example_dag_decorator.py took 0.285 seconds
[2024-06-16 10:10:20,779] {processor.py:153} INFO - Started process (PID=495) to work on /home/airflow/.local/lib/python3.7/site-packages/airflow/example_dags/example_dag_decorator.py
[2024-06-16 10:10:20,780] {processor.py:641} INFO - Processing file /home/airflow/.local/lib/python3.7/site-packages/airflow/example_dags/example_dag_decorator.py for tasks to queue
[2024-06-16 10:10:20,780] {logging_mixin.py:115} INFO - [2024-06-16 10:10:20,780] {dagbag.py:507} INFO - Filling up the DagBag from /home/airflow/.local/lib/python3.7/site-packages/airflow/example_dags/example_dag_decorator.py
[2024-06-16 10:10:20,808] {processor.py:651} INFO - DAG(s) dict_keys(['example_dag_decorator']) retrieved from /home/airflow/.local/lib/python3.7/site-packages/airflow/example_dags/example_dag_decorator.py
[2024-06-16 10:10:20,958] {logging_mixin.py:115} INFO - [2024-06-16 10:10:20,958] {dag.py:2371} INFO - Sync 1 DAGs
[2024-06-16 10:10:20,979] {logging_mixin.py:115} INFO - [2024-06-16 10:10:20,979] {dag.py:2919} INFO - Setting next_dagrun for example_dag_decorator to None, run_after=None
[2024-06-16 10:10:20,992] {processor.py:161} INFO - Processing /home/airflow/.local/lib/python3.7/site-packages/airflow/example_dags/example_dag_decorator.py took 0.217 seconds
[2024-06-16 10:10:51,714] {processor.py:153} INFO - Started process (PID=558) to work on /home/airflow/.local/lib/python3.7/site-packages/airflow/example_dags/example_dag_decorator.py
[2024-06-16 10:10:51,715] {processor.py:641} INFO - Processing file /home/airflow/.local/lib/python3.7/site-packages/airflow/example_dags/example_dag_decorator.py for tasks to queue
[2024-06-16 10:10:51,716] {logging_mixin.py:115} INFO - [2024-06-16 10:10:51,715] {dagbag.py:507} INFO - Filling up the DagBag from /home/airflow/.local/lib/python3.7/site-packages/airflow/example_dags/example_dag_decorator.py
[2024-06-16 10:10:51,753] {processor.py:651} INFO - DAG(s) dict_keys(['example_dag_decorator']) retrieved from /home/airflow/.local/lib/python3.7/site-packages/airflow/example_dags/example_dag_decorator.py
[2024-06-16 10:10:51,988] {logging_mixin.py:115} INFO - [2024-06-16 10:10:51,988] {dag.py:2371} INFO - Sync 1 DAGs
[2024-06-16 10:10:52,009] {logging_mixin.py:115} INFO - [2024-06-16 10:10:52,009] {dag.py:2919} INFO - Setting next_dagrun for example_dag_decorator to None, run_after=None
[2024-06-16 10:10:52,032] {processor.py:161} INFO - Processing /home/airflow/.local/lib/python3.7/site-packages/airflow/example_dags/example_dag_decorator.py took 0.331 seconds
[2024-06-16 10:11:22,949] {processor.py:153} INFO - Started process (PID=612) to work on /home/airflow/.local/lib/python3.7/site-packages/airflow/example_dags/example_dag_decorator.py
[2024-06-16 10:11:22,950] {processor.py:641} INFO - Processing file /home/airflow/.local/lib/python3.7/site-packages/airflow/example_dags/example_dag_decorator.py for tasks to queue
[2024-06-16 10:11:22,950] {logging_mixin.py:115} INFO - [2024-06-16 10:11:22,950] {dagbag.py:507} INFO - Filling up the DagBag from /home/airflow/.local/lib/python3.7/site-packages/airflow/example_dags/example_dag_decorator.py
[2024-06-16 10:11:22,982] {processor.py:651} INFO - DAG(s) dict_keys(['example_dag_decorator']) retrieved from /home/airflow/.local/lib/python3.7/site-packages/airflow/example_dags/example_dag_decorator.py
[2024-06-16 10:11:23,152] {logging_mixin.py:115} INFO - [2024-06-16 10:11:23,152] {dag.py:2371} INFO - Sync 1 DAGs
[2024-06-16 10:11:23,188] {logging_mixin.py:115} INFO - [2024-06-16 10:11:23,188] {dag.py:2919} INFO - Setting next_dagrun for example_dag_decorator to None, run_after=None
[2024-06-16 10:11:23,207] {processor.py:161} INFO - Processing /home/airflow/.local/lib/python3.7/site-packages/airflow/example_dags/example_dag_decorator.py took 0.261 seconds
[2024-06-16 10:11:53,291] {processor.py:153} INFO - Started process (PID=675) to work on /home/airflow/.local/lib/python3.7/site-packages/airflow/example_dags/example_dag_decorator.py
[2024-06-16 10:11:53,292] {processor.py:641} INFO - Processing file /home/airflow/.local/lib/python3.7/site-packages/airflow/example_dags/example_dag_decorator.py for tasks to queue
[2024-06-16 10:11:53,293] {logging_mixin.py:115} INFO - [2024-06-16 10:11:53,293] {dagbag.py:507} INFO - Filling up the DagBag from /home/airflow/.local/lib/python3.7/site-packages/airflow/example_dags/example_dag_decorator.py
[2024-06-16 10:11:53,441] {processor.py:651} INFO - DAG(s) dict_keys(['example_dag_decorator']) retrieved from /home/airflow/.local/lib/python3.7/site-packages/airflow/example_dags/example_dag_decorator.py
[2024-06-16 10:11:53,500] {logging_mixin.py:115} INFO - [2024-06-16 10:11:53,500] {dag.py:2371} INFO - Sync 1 DAGs
[2024-06-16 10:11:53,520] {logging_mixin.py:115} INFO - [2024-06-16 10:11:53,520] {dag.py:2919} INFO - Setting next_dagrun for example_dag_decorator to None, run_after=None
[2024-06-16 10:11:53,536] {processor.py:161} INFO - Processing /home/airflow/.local/lib/python3.7/site-packages/airflow/example_dags/example_dag_decorator.py took 0.248 seconds
[2024-06-16 10:12:25,440] {processor.py:153} INFO - Started process (PID=737) to work on /home/airflow/.local/lib/python3.7/site-packages/airflow/example_dags/example_dag_decorator.py
[2024-06-16 10:12:25,441] {processor.py:641} INFO - Processing file /home/airflow/.local/lib/python3.7/site-packages/airflow/example_dags/example_dag_decorator.py for tasks to queue
[2024-06-16 10:12:25,443] {logging_mixin.py:115} INFO - [2024-06-16 10:12:25,442] {dagbag.py:507} INFO - Filling up the DagBag from /home/airflow/.local/lib/python3.7/site-packages/airflow/example_dags/example_dag_decorator.py
[2024-06-16 10:12:25,772] {processor.py:651} INFO - DAG(s) dict_keys(['example_dag_decorator']) retrieved from /home/airflow/.local/lib/python3.7/site-packages/airflow/example_dags/example_dag_decorator.py
[2024-06-16 10:12:25,876] {logging_mixin.py:115} INFO - [2024-06-16 10:12:25,875] {dag.py:2371} INFO - Sync 1 DAGs
[2024-06-16 10:12:25,970] {logging_mixin.py:115} INFO - [2024-06-16 10:12:25,970] {dag.py:2919} INFO - Setting next_dagrun for example_dag_decorator to None, run_after=None
[2024-06-16 10:12:26,046] {processor.py:161} INFO - Processing /home/airflow/.local/lib/python3.7/site-packages/airflow/example_dags/example_dag_decorator.py took 0.613 seconds
[2024-06-16 10:12:56,301] {processor.py:153} INFO - Started process (PID=790) to work on /home/airflow/.local/lib/python3.7/site-packages/airflow/example_dags/example_dag_decorator.py
[2024-06-16 10:12:56,302] {processor.py:641} INFO - Processing file /home/airflow/.local/lib/python3.7/site-packages/airflow/example_dags/example_dag_decorator.py for tasks to queue
[2024-06-16 10:12:56,303] {logging_mixin.py:115} INFO - [2024-06-16 10:12:56,303] {dagbag.py:507} INFO - Filling up the DagBag from /home/airflow/.local/lib/python3.7/site-packages/airflow/example_dags/example_dag_decorator.py
[2024-06-16 10:12:56,467] {processor.py:651} INFO - DAG(s) dict_keys(['example_dag_decorator']) retrieved from /home/airflow/.local/lib/python3.7/site-packages/airflow/example_dags/example_dag_decorator.py
[2024-06-16 10:12:56,565] {logging_mixin.py:115} INFO - [2024-06-16 10:12:56,565] {dag.py:2371} INFO - Sync 1 DAGs
[2024-06-16 10:12:56,586] {logging_mixin.py:115} INFO - [2024-06-16 10:12:56,586] {dag.py:2919} INFO - Setting next_dagrun for example_dag_decorator to None, run_after=None
[2024-06-16 10:12:56,606] {processor.py:161} INFO - Processing /home/airflow/.local/lib/python3.7/site-packages/airflow/example_dags/example_dag_decorator.py took 0.310 seconds
[2024-06-16 10:13:26,718] {processor.py:153} INFO - Started process (PID=853) to work on /home/airflow/.local/lib/python3.7/site-packages/airflow/example_dags/example_dag_decorator.py
[2024-06-16 10:13:26,719] {processor.py:641} INFO - Processing file /home/airflow/.local/lib/python3.7/site-packages/airflow/example_dags/example_dag_decorator.py for tasks to queue
[2024-06-16 10:13:26,720] {logging_mixin.py:115} INFO - [2024-06-16 10:13:26,719] {dagbag.py:507} INFO - Filling up the DagBag from /home/airflow/.local/lib/python3.7/site-packages/airflow/example_dags/example_dag_decorator.py
[2024-06-16 10:13:26,900] {processor.py:651} INFO - DAG(s) dict_keys(['example_dag_decorator']) retrieved from /home/airflow/.local/lib/python3.7/site-packages/airflow/example_dags/example_dag_decorator.py
[2024-06-16 10:13:26,970] {logging_mixin.py:115} INFO - [2024-06-16 10:13:26,970] {dag.py:2371} INFO - Sync 1 DAGs
[2024-06-16 10:13:26,991] {logging_mixin.py:115} INFO - [2024-06-16 10:13:26,991] {dag.py:2919} INFO - Setting next_dagrun for example_dag_decorator to None, run_after=None
[2024-06-16 10:13:27,008] {processor.py:161} INFO - Processing /home/airflow/.local/lib/python3.7/site-packages/airflow/example_dags/example_dag_decorator.py took 0.295 seconds
[2024-06-16 10:13:57,772] {processor.py:153} INFO - Started process (PID=907) to work on /home/airflow/.local/lib/python3.7/site-packages/airflow/example_dags/example_dag_decorator.py
[2024-06-16 10:13:57,773] {processor.py:641} INFO - Processing file /home/airflow/.local/lib/python3.7/site-packages/airflow/example_dags/example_dag_decorator.py for tasks to queue
[2024-06-16 10:13:57,774] {logging_mixin.py:115} INFO - [2024-06-16 10:13:57,774] {dagbag.py:507} INFO - Filling up the DagBag from /home/airflow/.local/lib/python3.7/site-packages/airflow/example_dags/example_dag_decorator.py
[2024-06-16 10:13:57,956] {processor.py:651} INFO - DAG(s) dict_keys(['example_dag_decorator']) retrieved from /home/airflow/.local/lib/python3.7/site-packages/airflow/example_dags/example_dag_decorator.py
[2024-06-16 10:13:58,018] {logging_mixin.py:115} INFO - [2024-06-16 10:13:58,018] {dag.py:2371} INFO - Sync 1 DAGs
[2024-06-16 10:13:58,043] {logging_mixin.py:115} INFO - [2024-06-16 10:13:58,043] {dag.py:2919} INFO - Setting next_dagrun for example_dag_decorator to None, run_after=None
[2024-06-16 10:13:58,065] {processor.py:161} INFO - Processing /home/airflow/.local/lib/python3.7/site-packages/airflow/example_dags/example_dag_decorator.py took 0.298 seconds
[2024-06-16 10:14:28,246] {processor.py:153} INFO - Started process (PID=971) to work on /home/airflow/.local/lib/python3.7/site-packages/airflow/example_dags/example_dag_decorator.py
[2024-06-16 10:14:28,247] {processor.py:641} INFO - Processing file /home/airflow/.local/lib/python3.7/site-packages/airflow/example_dags/example_dag_decorator.py for tasks to queue
[2024-06-16 10:14:28,247] {logging_mixin.py:115} INFO - [2024-06-16 10:14:28,247] {dagbag.py:507} INFO - Filling up the DagBag from /home/airflow/.local/lib/python3.7/site-packages/airflow/example_dags/example_dag_decorator.py
[2024-06-16 10:14:28,405] {processor.py:651} INFO - DAG(s) dict_keys(['example_dag_decorator']) retrieved from /home/airflow/.local/lib/python3.7/site-packages/airflow/example_dags/example_dag_decorator.py
[2024-06-16 10:14:28,474] {logging_mixin.py:115} INFO - [2024-06-16 10:14:28,474] {dag.py:2371} INFO - Sync 1 DAGs
[2024-06-16 10:14:28,494] {logging_mixin.py:115} INFO - [2024-06-16 10:14:28,493] {dag.py:2919} INFO - Setting next_dagrun for example_dag_decorator to None, run_after=None
[2024-06-16 10:14:28,511] {processor.py:161} INFO - Processing /home/airflow/.local/lib/python3.7/site-packages/airflow/example_dags/example_dag_decorator.py took 0.269 seconds
[2024-06-16 10:14:58,969] {processor.py:153} INFO - Started process (PID=1034) to work on /home/airflow/.local/lib/python3.7/site-packages/airflow/example_dags/example_dag_decorator.py
[2024-06-16 10:14:58,970] {processor.py:641} INFO - Processing file /home/airflow/.local/lib/python3.7/site-packages/airflow/example_dags/example_dag_decorator.py for tasks to queue
[2024-06-16 10:14:58,971] {logging_mixin.py:115} INFO - [2024-06-16 10:14:58,971] {dagbag.py:507} INFO - Filling up the DagBag from /home/airflow/.local/lib/python3.7/site-packages/airflow/example_dags/example_dag_decorator.py
[2024-06-16 10:14:59,168] {processor.py:651} INFO - DAG(s) dict_keys(['example_dag_decorator']) retrieved from /home/airflow/.local/lib/python3.7/site-packages/airflow/example_dags/example_dag_decorator.py
[2024-06-16 10:14:59,259] {logging_mixin.py:115} INFO - [2024-06-16 10:14:59,259] {dag.py:2371} INFO - Sync 1 DAGs
[2024-06-16 10:14:59,278] {logging_mixin.py:115} INFO - [2024-06-16 10:14:59,278] {dag.py:2919} INFO - Setting next_dagrun for example_dag_decorator to None, run_after=None
[2024-06-16 10:14:59,302] {processor.py:161} INFO - Processing /home/airflow/.local/lib/python3.7/site-packages/airflow/example_dags/example_dag_decorator.py took 0.336 seconds
[2024-06-16 10:15:29,552] {processor.py:153} INFO - Started process (PID=1087) to work on /home/airflow/.local/lib/python3.7/site-packages/airflow/example_dags/example_dag_decorator.py
[2024-06-16 10:15:29,553] {processor.py:641} INFO - Processing file /home/airflow/.local/lib/python3.7/site-packages/airflow/example_dags/example_dag_decorator.py for tasks to queue
[2024-06-16 10:15:29,554] {logging_mixin.py:115} INFO - [2024-06-16 10:15:29,554] {dagbag.py:507} INFO - Filling up the DagBag from /home/airflow/.local/lib/python3.7/site-packages/airflow/example_dags/example_dag_decorator.py
[2024-06-16 10:15:29,712] {processor.py:651} INFO - DAG(s) dict_keys(['example_dag_decorator']) retrieved from /home/airflow/.local/lib/python3.7/site-packages/airflow/example_dags/example_dag_decorator.py
[2024-06-16 10:15:29,775] {logging_mixin.py:115} INFO - [2024-06-16 10:15:29,775] {dag.py:2371} INFO - Sync 1 DAGs
[2024-06-16 10:15:29,794] {logging_mixin.py:115} INFO - [2024-06-16 10:15:29,793] {dag.py:2919} INFO - Setting next_dagrun for example_dag_decorator to None, run_after=None
[2024-06-16 10:15:29,810] {processor.py:161} INFO - Processing /home/airflow/.local/lib/python3.7/site-packages/airflow/example_dags/example_dag_decorator.py took 0.262 seconds
[2024-06-16 10:16:00,416] {processor.py:153} INFO - Started process (PID=1150) to work on /home/airflow/.local/lib/python3.7/site-packages/airflow/example_dags/example_dag_decorator.py
[2024-06-16 10:16:00,417] {processor.py:641} INFO - Processing file /home/airflow/.local/lib/python3.7/site-packages/airflow/example_dags/example_dag_decorator.py for tasks to queue
[2024-06-16 10:16:00,418] {logging_mixin.py:115} INFO - [2024-06-16 10:16:00,418] {dagbag.py:507} INFO - Filling up the DagBag from /home/airflow/.local/lib/python3.7/site-packages/airflow/example_dags/example_dag_decorator.py
[2024-06-16 10:16:00,574] {processor.py:651} INFO - DAG(s) dict_keys(['example_dag_decorator']) retrieved from /home/airflow/.local/lib/python3.7/site-packages/airflow/example_dags/example_dag_decorator.py
[2024-06-16 10:16:00,596] {logging_mixin.py:115} INFO - [2024-06-16 10:16:00,596] {dag.py:2371} INFO - Sync 1 DAGs
[2024-06-16 10:16:00,617] {logging_mixin.py:115} INFO - [2024-06-16 10:16:00,617] {dag.py:2919} INFO - Setting next_dagrun for example_dag_decorator to None, run_after=None
[2024-06-16 10:16:00,630] {processor.py:161} INFO - Processing /home/airflow/.local/lib/python3.7/site-packages/airflow/example_dags/example_dag_decorator.py took 0.217 seconds
[2024-06-16 10:16:30,845] {processor.py:153} INFO - Started process (PID=1204) to work on /home/airflow/.local/lib/python3.7/site-packages/airflow/example_dags/example_dag_decorator.py
[2024-06-16 10:16:30,846] {processor.py:641} INFO - Processing file /home/airflow/.local/lib/python3.7/site-packages/airflow/example_dags/example_dag_decorator.py for tasks to queue
[2024-06-16 10:16:30,847] {logging_mixin.py:115} INFO - [2024-06-16 10:16:30,847] {dagbag.py:507} INFO - Filling up the DagBag from /home/airflow/.local/lib/python3.7/site-packages/airflow/example_dags/example_dag_decorator.py
[2024-06-16 10:16:31,003] {processor.py:651} INFO - DAG(s) dict_keys(['example_dag_decorator']) retrieved from /home/airflow/.local/lib/python3.7/site-packages/airflow/example_dags/example_dag_decorator.py
[2024-06-16 10:16:31,074] {logging_mixin.py:115} INFO - [2024-06-16 10:16:31,074] {dag.py:2371} INFO - Sync 1 DAGs
[2024-06-16 10:16:31,097] {logging_mixin.py:115} INFO - [2024-06-16 10:16:31,097] {dag.py:2919} INFO - Setting next_dagrun for example_dag_decorator to None, run_after=None
[2024-06-16 10:16:31,115] {processor.py:161} INFO - Processing /home/airflow/.local/lib/python3.7/site-packages/airflow/example_dags/example_dag_decorator.py took 0.273 seconds
[2024-06-16 10:17:01,276] {processor.py:153} INFO - Started process (PID=1266) to work on /home/airflow/.local/lib/python3.7/site-packages/airflow/example_dags/example_dag_decorator.py
[2024-06-16 10:17:01,277] {processor.py:641} INFO - Processing file /home/airflow/.local/lib/python3.7/site-packages/airflow/example_dags/example_dag_decorator.py for tasks to queue
[2024-06-16 10:17:01,279] {logging_mixin.py:115} INFO - [2024-06-16 10:17:01,279] {dagbag.py:507} INFO - Filling up the DagBag from /home/airflow/.local/lib/python3.7/site-packages/airflow/example_dags/example_dag_decorator.py
[2024-06-16 10:17:01,312] {processor.py:651} INFO - DAG(s) dict_keys(['example_dag_decorator']) retrieved from /home/airflow/.local/lib/python3.7/site-packages/airflow/example_dags/example_dag_decorator.py
[2024-06-16 10:17:01,384] {logging_mixin.py:115} INFO - [2024-06-16 10:17:01,384] {dag.py:2371} INFO - Sync 1 DAGs
[2024-06-16 10:17:01,406] {logging_mixin.py:115} INFO - [2024-06-16 10:17:01,406] {dag.py:2919} INFO - Setting next_dagrun for example_dag_decorator to None, run_after=None
[2024-06-16 10:17:01,544] {processor.py:161} INFO - Processing /home/airflow/.local/lib/python3.7/site-packages/airflow/example_dags/example_dag_decorator.py took 0.271 seconds
[2024-06-16 10:17:32,128] {processor.py:153} INFO - Started process (PID=1330) to work on /home/airflow/.local/lib/python3.7/site-packages/airflow/example_dags/example_dag_decorator.py
[2024-06-16 10:17:32,129] {processor.py:641} INFO - Processing file /home/airflow/.local/lib/python3.7/site-packages/airflow/example_dags/example_dag_decorator.py for tasks to queue
[2024-06-16 10:17:32,129] {logging_mixin.py:115} INFO - [2024-06-16 10:17:32,129] {dagbag.py:507} INFO - Filling up the DagBag from /home/airflow/.local/lib/python3.7/site-packages/airflow/example_dags/example_dag_decorator.py
[2024-06-16 10:17:32,160] {processor.py:651} INFO - DAG(s) dict_keys(['example_dag_decorator']) retrieved from /home/airflow/.local/lib/python3.7/site-packages/airflow/example_dags/example_dag_decorator.py
[2024-06-16 10:17:32,185] {logging_mixin.py:115} INFO - [2024-06-16 10:17:32,185] {dag.py:2371} INFO - Sync 1 DAGs
[2024-06-16 10:17:32,207] {logging_mixin.py:115} INFO - [2024-06-16 10:17:32,207] {dag.py:2919} INFO - Setting next_dagrun for example_dag_decorator to None, run_after=None
[2024-06-16 10:17:32,222] {processor.py:161} INFO - Processing /home/airflow/.local/lib/python3.7/site-packages/airflow/example_dags/example_dag_decorator.py took 0.098 seconds
[2024-06-16 10:18:02,520] {processor.py:153} INFO - Started process (PID=1385) to work on /home/airflow/.local/lib/python3.7/site-packages/airflow/example_dags/example_dag_decorator.py
[2024-06-16 10:18:02,521] {processor.py:641} INFO - Processing file /home/airflow/.local/lib/python3.7/site-packages/airflow/example_dags/example_dag_decorator.py for tasks to queue
[2024-06-16 10:18:02,522] {logging_mixin.py:115} INFO - [2024-06-16 10:18:02,521] {dagbag.py:507} INFO - Filling up the DagBag from /home/airflow/.local/lib/python3.7/site-packages/airflow/example_dags/example_dag_decorator.py
[2024-06-16 10:18:02,564] {processor.py:651} INFO - DAG(s) dict_keys(['example_dag_decorator']) retrieved from /home/airflow/.local/lib/python3.7/site-packages/airflow/example_dags/example_dag_decorator.py
[2024-06-16 10:18:02,642] {logging_mixin.py:115} INFO - [2024-06-16 10:18:02,642] {dag.py:2371} INFO - Sync 1 DAGs
[2024-06-16 10:18:02,666] {logging_mixin.py:115} INFO - [2024-06-16 10:18:02,666] {dag.py:2919} INFO - Setting next_dagrun for example_dag_decorator to None, run_after=None
[2024-06-16 10:18:02,829] {processor.py:161} INFO - Processing /home/airflow/.local/lib/python3.7/site-packages/airflow/example_dags/example_dag_decorator.py took 0.313 seconds
[2024-06-16 10:18:33,881] {processor.py:153} INFO - Started process (PID=1449) to work on /home/airflow/.local/lib/python3.7/site-packages/airflow/example_dags/example_dag_decorator.py
[2024-06-16 10:18:33,881] {processor.py:641} INFO - Processing file /home/airflow/.local/lib/python3.7/site-packages/airflow/example_dags/example_dag_decorator.py for tasks to queue
[2024-06-16 10:18:33,882] {logging_mixin.py:115} INFO - [2024-06-16 10:18:33,882] {dagbag.py:507} INFO - Filling up the DagBag from /home/airflow/.local/lib/python3.7/site-packages/airflow/example_dags/example_dag_decorator.py
[2024-06-16 10:18:33,918] {processor.py:651} INFO - DAG(s) dict_keys(['example_dag_decorator']) retrieved from /home/airflow/.local/lib/python3.7/site-packages/airflow/example_dags/example_dag_decorator.py
[2024-06-16 10:18:34,014] {logging_mixin.py:115} INFO - [2024-06-16 10:18:34,014] {dag.py:2371} INFO - Sync 1 DAGs
[2024-06-16 10:18:34,067] {logging_mixin.py:115} INFO - [2024-06-16 10:18:34,067] {dag.py:2919} INFO - Setting next_dagrun for example_dag_decorator to None, run_after=None
[2024-06-16 10:18:34,371] {processor.py:161} INFO - Processing /home/airflow/.local/lib/python3.7/site-packages/airflow/example_dags/example_dag_decorator.py took 0.495 seconds
[2024-06-16 10:19:04,528] {processor.py:153} INFO - Started process (PID=1505) to work on /home/airflow/.local/lib/python3.7/site-packages/airflow/example_dags/example_dag_decorator.py
[2024-06-16 10:19:04,529] {processor.py:641} INFO - Processing file /home/airflow/.local/lib/python3.7/site-packages/airflow/example_dags/example_dag_decorator.py for tasks to queue
[2024-06-16 10:19:04,530] {logging_mixin.py:115} INFO - [2024-06-16 10:19:04,530] {dagbag.py:507} INFO - Filling up the DagBag from /home/airflow/.local/lib/python3.7/site-packages/airflow/example_dags/example_dag_decorator.py
[2024-06-16 10:19:04,560] {processor.py:651} INFO - DAG(s) dict_keys(['example_dag_decorator']) retrieved from /home/airflow/.local/lib/python3.7/site-packages/airflow/example_dags/example_dag_decorator.py
[2024-06-16 10:19:04,641] {logging_mixin.py:115} INFO - [2024-06-16 10:19:04,640] {dag.py:2371} INFO - Sync 1 DAGs
[2024-06-16 10:19:04,679] {logging_mixin.py:115} INFO - [2024-06-16 10:19:04,679] {dag.py:2919} INFO - Setting next_dagrun for example_dag_decorator to None, run_after=None
[2024-06-16 10:19:04,873] {processor.py:161} INFO - Processing /home/airflow/.local/lib/python3.7/site-packages/airflow/example_dags/example_dag_decorator.py took 0.349 seconds
[2024-06-16 11:03:54,608] {processor.py:153} INFO - Started process (PID=69) to work on /home/airflow/.local/lib/python3.7/site-packages/airflow/example_dags/example_dag_decorator.py
[2024-06-16 11:03:54,609] {processor.py:641} INFO - Processing file /home/airflow/.local/lib/python3.7/site-packages/airflow/example_dags/example_dag_decorator.py for tasks to queue
[2024-06-16 11:03:54,610] {logging_mixin.py:115} INFO - [2024-06-16 11:03:54,610] {dagbag.py:507} INFO - Filling up the DagBag from /home/airflow/.local/lib/python3.7/site-packages/airflow/example_dags/example_dag_decorator.py
[2024-06-16 11:03:54,652] {processor.py:651} INFO - DAG(s) dict_keys(['example_dag_decorator']) retrieved from /home/airflow/.local/lib/python3.7/site-packages/airflow/example_dags/example_dag_decorator.py
[2024-06-16 11:03:54,867] {logging_mixin.py:115} INFO - [2024-06-16 11:03:54,867] {dag.py:2371} INFO - Sync 1 DAGs
[2024-06-16 11:03:54,889] {logging_mixin.py:115} INFO - [2024-06-16 11:03:54,889] {dag.py:2919} INFO - Setting next_dagrun for example_dag_decorator to None, run_after=None
[2024-06-16 11:03:54,908] {processor.py:161} INFO - Processing /home/airflow/.local/lib/python3.7/site-packages/airflow/example_dags/example_dag_decorator.py took 0.305 seconds
[2024-06-16 11:04:27,075] {processor.py:153} INFO - Started process (PID=133) to work on /home/airflow/.local/lib/python3.7/site-packages/airflow/example_dags/example_dag_decorator.py
[2024-06-16 11:04:27,080] {processor.py:641} INFO - Processing file /home/airflow/.local/lib/python3.7/site-packages/airflow/example_dags/example_dag_decorator.py for tasks to queue
[2024-06-16 11:04:27,082] {logging_mixin.py:115} INFO - [2024-06-16 11:04:27,082] {dagbag.py:507} INFO - Filling up the DagBag from /home/airflow/.local/lib/python3.7/site-packages/airflow/example_dags/example_dag_decorator.py
[2024-06-16 11:04:27,177] {processor.py:651} INFO - DAG(s) dict_keys(['example_dag_decorator']) retrieved from /home/airflow/.local/lib/python3.7/site-packages/airflow/example_dags/example_dag_decorator.py
[2024-06-16 11:04:27,529] {logging_mixin.py:115} INFO - [2024-06-16 11:04:27,529] {dag.py:2371} INFO - Sync 1 DAGs
[2024-06-16 11:04:27,561] {logging_mixin.py:115} INFO - [2024-06-16 11:04:27,561] {dag.py:2919} INFO - Setting next_dagrun for example_dag_decorator to None, run_after=None
[2024-06-16 11:04:27,611] {processor.py:161} INFO - Processing /home/airflow/.local/lib/python3.7/site-packages/airflow/example_dags/example_dag_decorator.py took 0.542 seconds
[2024-06-16 11:04:58,639] {processor.py:153} INFO - Started process (PID=196) to work on /home/airflow/.local/lib/python3.7/site-packages/airflow/example_dags/example_dag_decorator.py
[2024-06-16 11:04:58,654] {processor.py:641} INFO - Processing file /home/airflow/.local/lib/python3.7/site-packages/airflow/example_dags/example_dag_decorator.py for tasks to queue
[2024-06-16 11:04:58,668] {logging_mixin.py:115} INFO - [2024-06-16 11:04:58,668] {dagbag.py:507} INFO - Filling up the DagBag from /home/airflow/.local/lib/python3.7/site-packages/airflow/example_dags/example_dag_decorator.py
[2024-06-16 11:04:58,745] {processor.py:651} INFO - DAG(s) dict_keys(['example_dag_decorator']) retrieved from /home/airflow/.local/lib/python3.7/site-packages/airflow/example_dags/example_dag_decorator.py
[2024-06-16 11:04:59,224] {logging_mixin.py:115} INFO - [2024-06-16 11:04:59,224] {dag.py:2371} INFO - Sync 1 DAGs
[2024-06-16 11:04:59,342] {logging_mixin.py:115} INFO - [2024-06-16 11:04:59,342] {dag.py:2919} INFO - Setting next_dagrun for example_dag_decorator to None, run_after=None
[2024-06-16 11:04:59,393] {processor.py:161} INFO - Processing /home/airflow/.local/lib/python3.7/site-packages/airflow/example_dags/example_dag_decorator.py took 0.759 seconds
[2024-06-16 11:06:05,999] {processor.py:153} INFO - Started process (PID=270) to work on /home/airflow/.local/lib/python3.7/site-packages/airflow/example_dags/example_dag_decorator.py
[2024-06-16 11:06:06,000] {processor.py:641} INFO - Processing file /home/airflow/.local/lib/python3.7/site-packages/airflow/example_dags/example_dag_decorator.py for tasks to queue
[2024-06-16 11:06:06,001] {logging_mixin.py:115} INFO - [2024-06-16 11:06:06,001] {dagbag.py:507} INFO - Filling up the DagBag from /home/airflow/.local/lib/python3.7/site-packages/airflow/example_dags/example_dag_decorator.py
[2024-06-16 11:06:06,049] {processor.py:651} INFO - DAG(s) dict_keys(['example_dag_decorator']) retrieved from /home/airflow/.local/lib/python3.7/site-packages/airflow/example_dags/example_dag_decorator.py
[2024-06-16 11:06:06,364] {logging_mixin.py:115} INFO - [2024-06-16 11:06:06,364] {dag.py:2371} INFO - Sync 1 DAGs
[2024-06-16 11:06:06,395] {logging_mixin.py:115} INFO - [2024-06-16 11:06:06,395] {dag.py:2919} INFO - Setting next_dagrun for example_dag_decorator to None, run_after=None
[2024-06-16 11:06:06,419] {processor.py:161} INFO - Processing /home/airflow/.local/lib/python3.7/site-packages/airflow/example_dags/example_dag_decorator.py took 0.424 seconds
[2024-06-16 11:06:37,423] {processor.py:153} INFO - Started process (PID=325) to work on /home/airflow/.local/lib/python3.7/site-packages/airflow/example_dags/example_dag_decorator.py
[2024-06-16 11:06:37,426] {processor.py:641} INFO - Processing file /home/airflow/.local/lib/python3.7/site-packages/airflow/example_dags/example_dag_decorator.py for tasks to queue
[2024-06-16 11:06:37,435] {logging_mixin.py:115} INFO - [2024-06-16 11:06:37,427] {dagbag.py:507} INFO - Filling up the DagBag from /home/airflow/.local/lib/python3.7/site-packages/airflow/example_dags/example_dag_decorator.py
[2024-06-16 11:06:37,534] {processor.py:651} INFO - DAG(s) dict_keys(['example_dag_decorator']) retrieved from /home/airflow/.local/lib/python3.7/site-packages/airflow/example_dags/example_dag_decorator.py
[2024-06-16 11:06:38,138] {logging_mixin.py:115} INFO - [2024-06-16 11:06:38,138] {dag.py:2371} INFO - Sync 1 DAGs
[2024-06-16 11:06:38,166] {logging_mixin.py:115} INFO - [2024-06-16 11:06:38,166] {dag.py:2919} INFO - Setting next_dagrun for example_dag_decorator to None, run_after=None
[2024-06-16 11:06:38,188] {processor.py:161} INFO - Processing /home/airflow/.local/lib/python3.7/site-packages/airflow/example_dags/example_dag_decorator.py took 0.770 seconds
[2024-06-16 11:07:08,289] {processor.py:153} INFO - Started process (PID=378) to work on /home/airflow/.local/lib/python3.7/site-packages/airflow/example_dags/example_dag_decorator.py
[2024-06-16 11:07:08,290] {processor.py:641} INFO - Processing file /home/airflow/.local/lib/python3.7/site-packages/airflow/example_dags/example_dag_decorator.py for tasks to queue
[2024-06-16 11:07:08,291] {logging_mixin.py:115} INFO - [2024-06-16 11:07:08,291] {dagbag.py:507} INFO - Filling up the DagBag from /home/airflow/.local/lib/python3.7/site-packages/airflow/example_dags/example_dag_decorator.py
[2024-06-16 11:07:08,326] {processor.py:651} INFO - DAG(s) dict_keys(['example_dag_decorator']) retrieved from /home/airflow/.local/lib/python3.7/site-packages/airflow/example_dags/example_dag_decorator.py
[2024-06-16 11:07:08,556] {logging_mixin.py:115} INFO - [2024-06-16 11:07:08,555] {dag.py:2371} INFO - Sync 1 DAGs
[2024-06-16 11:07:08,579] {logging_mixin.py:115} INFO - [2024-06-16 11:07:08,579] {dag.py:2919} INFO - Setting next_dagrun for example_dag_decorator to None, run_after=None
[2024-06-16 11:07:08,608] {processor.py:161} INFO - Processing /home/airflow/.local/lib/python3.7/site-packages/airflow/example_dags/example_dag_decorator.py took 0.323 seconds
[2024-06-16 11:10:53,974] {processor.py:153} INFO - Started process (PID=87) to work on /home/airflow/.local/lib/python3.7/site-packages/airflow/example_dags/example_dag_decorator.py
[2024-06-16 11:10:53,977] {processor.py:641} INFO - Processing file /home/airflow/.local/lib/python3.7/site-packages/airflow/example_dags/example_dag_decorator.py for tasks to queue
[2024-06-16 11:10:53,983] {logging_mixin.py:115} INFO - [2024-06-16 11:10:53,983] {dagbag.py:507} INFO - Filling up the DagBag from /home/airflow/.local/lib/python3.7/site-packages/airflow/example_dags/example_dag_decorator.py
[2024-06-16 11:10:54,107] {processor.py:651} INFO - DAG(s) dict_keys(['example_dag_decorator']) retrieved from /home/airflow/.local/lib/python3.7/site-packages/airflow/example_dags/example_dag_decorator.py
[2024-06-16 11:10:54,392] {logging_mixin.py:115} INFO - [2024-06-16 11:10:54,391] {dag.py:2371} INFO - Sync 1 DAGs
[2024-06-16 11:10:54,416] {logging_mixin.py:115} INFO - [2024-06-16 11:10:54,416] {dag.py:2919} INFO - Setting next_dagrun for example_dag_decorator to None, run_after=None
[2024-06-16 11:10:54,448] {processor.py:161} INFO - Processing /home/airflow/.local/lib/python3.7/site-packages/airflow/example_dags/example_dag_decorator.py took 0.478 seconds
[2024-06-16 11:11:24,528] {processor.py:153} INFO - Started process (PID=142) to work on /home/airflow/.local/lib/python3.7/site-packages/airflow/example_dags/example_dag_decorator.py
[2024-06-16 11:11:24,529] {processor.py:641} INFO - Processing file /home/airflow/.local/lib/python3.7/site-packages/airflow/example_dags/example_dag_decorator.py for tasks to queue
[2024-06-16 11:11:24,529] {logging_mixin.py:115} INFO - [2024-06-16 11:11:24,529] {dagbag.py:507} INFO - Filling up the DagBag from /home/airflow/.local/lib/python3.7/site-packages/airflow/example_dags/example_dag_decorator.py
[2024-06-16 11:11:24,567] {processor.py:651} INFO - DAG(s) dict_keys(['example_dag_decorator']) retrieved from /home/airflow/.local/lib/python3.7/site-packages/airflow/example_dags/example_dag_decorator.py
[2024-06-16 11:11:24,821] {logging_mixin.py:115} INFO - [2024-06-16 11:11:24,821] {dag.py:2371} INFO - Sync 1 DAGs
[2024-06-16 11:11:24,850] {logging_mixin.py:115} INFO - [2024-06-16 11:11:24,850] {dag.py:2919} INFO - Setting next_dagrun for example_dag_decorator to None, run_after=None
[2024-06-16 11:11:24,878] {processor.py:161} INFO - Processing /home/airflow/.local/lib/python3.7/site-packages/airflow/example_dags/example_dag_decorator.py took 0.353 seconds
[2024-06-16 11:11:55,165] {processor.py:153} INFO - Started process (PID=207) to work on /home/airflow/.local/lib/python3.7/site-packages/airflow/example_dags/example_dag_decorator.py
[2024-06-16 11:11:55,166] {processor.py:641} INFO - Processing file /home/airflow/.local/lib/python3.7/site-packages/airflow/example_dags/example_dag_decorator.py for tasks to queue
[2024-06-16 11:11:55,167] {logging_mixin.py:115} INFO - [2024-06-16 11:11:55,167] {dagbag.py:507} INFO - Filling up the DagBag from /home/airflow/.local/lib/python3.7/site-packages/airflow/example_dags/example_dag_decorator.py
[2024-06-16 11:11:55,197] {processor.py:651} INFO - DAG(s) dict_keys(['example_dag_decorator']) retrieved from /home/airflow/.local/lib/python3.7/site-packages/airflow/example_dags/example_dag_decorator.py
[2024-06-16 11:11:55,393] {logging_mixin.py:115} INFO - [2024-06-16 11:11:55,393] {dag.py:2371} INFO - Sync 1 DAGs
[2024-06-16 11:11:55,411] {logging_mixin.py:115} INFO - [2024-06-16 11:11:55,411] {dag.py:2919} INFO - Setting next_dagrun for example_dag_decorator to None, run_after=None
[2024-06-16 11:11:55,426] {processor.py:161} INFO - Processing /home/airflow/.local/lib/python3.7/site-packages/airflow/example_dags/example_dag_decorator.py took 0.266 seconds
[2024-06-16 11:12:25,670] {processor.py:153} INFO - Started process (PID=270) to work on /home/airflow/.local/lib/python3.7/site-packages/airflow/example_dags/example_dag_decorator.py
[2024-06-16 11:12:25,671] {processor.py:641} INFO - Processing file /home/airflow/.local/lib/python3.7/site-packages/airflow/example_dags/example_dag_decorator.py for tasks to queue
[2024-06-16 11:12:25,672] {logging_mixin.py:115} INFO - [2024-06-16 11:12:25,672] {dagbag.py:507} INFO - Filling up the DagBag from /home/airflow/.local/lib/python3.7/site-packages/airflow/example_dags/example_dag_decorator.py
[2024-06-16 11:12:25,707] {processor.py:651} INFO - DAG(s) dict_keys(['example_dag_decorator']) retrieved from /home/airflow/.local/lib/python3.7/site-packages/airflow/example_dags/example_dag_decorator.py
[2024-06-16 11:12:25,942] {logging_mixin.py:115} INFO - [2024-06-16 11:12:25,942] {dag.py:2371} INFO - Sync 1 DAGs
[2024-06-16 11:12:25,962] {logging_mixin.py:115} INFO - [2024-06-16 11:12:25,962] {dag.py:2919} INFO - Setting next_dagrun for example_dag_decorator to None, run_after=None
[2024-06-16 11:12:25,983] {processor.py:161} INFO - Processing /home/airflow/.local/lib/python3.7/site-packages/airflow/example_dags/example_dag_decorator.py took 0.317 seconds
