[2024-06-16 10:06:39,921] {processor.py:153} INFO - Started process (PID=43) to work on /home/airflow/.local/lib/python3.7/site-packages/airflow/example_dags/example_nested_branch_dag.py
[2024-06-16 10:06:39,922] {processor.py:641} INFO - Processing file /home/airflow/.local/lib/python3.7/site-packages/airflow/example_dags/example_nested_branch_dag.py for tasks to queue
[2024-06-16 10:06:39,926] {logging_mixin.py:115} INFO - [2024-06-16 10:06:39,926] {dagbag.py:507} INFO - Filling up the DagBag from /home/airflow/.local/lib/python3.7/site-packages/airflow/example_dags/example_nested_branch_dag.py
[2024-06-16 10:06:39,983] {processor.py:651} INFO - DAG(s) dict_keys(['example_nested_branch_dag']) retrieved from /home/airflow/.local/lib/python3.7/site-packages/airflow/example_dags/example_nested_branch_dag.py
[2024-06-16 10:06:40,100] {logging_mixin.py:115} INFO - [2024-06-16 10:06:40,100] {dag.py:2371} INFO - Sync 1 DAGs
[2024-06-16 10:06:40,412] {logging_mixin.py:115} INFO - [2024-06-16 10:06:40,412] {dag.py:2919} INFO - Setting next_dagrun for example_nested_branch_dag to 2024-06-15T00:00:00+00:00, run_after=2024-06-16T00:00:00+00:00
[2024-06-16 10:06:40,475] {processor.py:161} INFO - Processing /home/airflow/.local/lib/python3.7/site-packages/airflow/example_dags/example_nested_branch_dag.py took 0.593 seconds
[2024-06-16 10:07:10,612] {processor.py:153} INFO - Started process (PID=96) to work on /home/airflow/.local/lib/python3.7/site-packages/airflow/example_dags/example_nested_branch_dag.py
[2024-06-16 10:07:10,613] {processor.py:641} INFO - Processing file /home/airflow/.local/lib/python3.7/site-packages/airflow/example_dags/example_nested_branch_dag.py for tasks to queue
[2024-06-16 10:07:10,614] {logging_mixin.py:115} INFO - [2024-06-16 10:07:10,614] {dagbag.py:507} INFO - Filling up the DagBag from /home/airflow/.local/lib/python3.7/site-packages/airflow/example_dags/example_nested_branch_dag.py
[2024-06-16 10:07:10,624] {processor.py:651} INFO - DAG(s) dict_keys(['example_nested_branch_dag']) retrieved from /home/airflow/.local/lib/python3.7/site-packages/airflow/example_dags/example_nested_branch_dag.py
[2024-06-16 10:07:10,655] {logging_mixin.py:115} INFO - [2024-06-16 10:07:10,655] {dag.py:2371} INFO - Sync 1 DAGs
[2024-06-16 10:07:10,794] {logging_mixin.py:115} INFO - [2024-06-16 10:07:10,794] {dag.py:2919} INFO - Setting next_dagrun for example_nested_branch_dag to 2024-06-15T00:00:00+00:00, run_after=2024-06-16T00:00:00+00:00
[2024-06-16 10:07:10,811] {processor.py:161} INFO - Processing /home/airflow/.local/lib/python3.7/site-packages/airflow/example_dags/example_nested_branch_dag.py took 0.203 seconds
[2024-06-16 10:07:41,428] {processor.py:153} INFO - Started process (PID=160) to work on /home/airflow/.local/lib/python3.7/site-packages/airflow/example_dags/example_nested_branch_dag.py
[2024-06-16 10:07:41,430] {processor.py:641} INFO - Processing file /home/airflow/.local/lib/python3.7/site-packages/airflow/example_dags/example_nested_branch_dag.py for tasks to queue
[2024-06-16 10:07:41,431] {logging_mixin.py:115} INFO - [2024-06-16 10:07:41,431] {dagbag.py:507} INFO - Filling up the DagBag from /home/airflow/.local/lib/python3.7/site-packages/airflow/example_dags/example_nested_branch_dag.py
[2024-06-16 10:07:41,442] {processor.py:651} INFO - DAG(s) dict_keys(['example_nested_branch_dag']) retrieved from /home/airflow/.local/lib/python3.7/site-packages/airflow/example_dags/example_nested_branch_dag.py
[2024-06-16 10:07:41,472] {logging_mixin.py:115} INFO - [2024-06-16 10:07:41,472] {dag.py:2371} INFO - Sync 1 DAGs
[2024-06-16 10:07:41,623] {logging_mixin.py:115} INFO - [2024-06-16 10:07:41,623] {dag.py:2919} INFO - Setting next_dagrun for example_nested_branch_dag to 2024-06-15T00:00:00+00:00, run_after=2024-06-16T00:00:00+00:00
[2024-06-16 10:07:41,639] {processor.py:161} INFO - Processing /home/airflow/.local/lib/python3.7/site-packages/airflow/example_dags/example_nested_branch_dag.py took 0.214 seconds
[2024-06-16 10:08:11,896] {processor.py:153} INFO - Started process (PID=223) to work on /home/airflow/.local/lib/python3.7/site-packages/airflow/example_dags/example_nested_branch_dag.py
[2024-06-16 10:08:11,897] {processor.py:641} INFO - Processing file /home/airflow/.local/lib/python3.7/site-packages/airflow/example_dags/example_nested_branch_dag.py for tasks to queue
[2024-06-16 10:08:11,897] {logging_mixin.py:115} INFO - [2024-06-16 10:08:11,897] {dagbag.py:507} INFO - Filling up the DagBag from /home/airflow/.local/lib/python3.7/site-packages/airflow/example_dags/example_nested_branch_dag.py
[2024-06-16 10:08:11,908] {processor.py:651} INFO - DAG(s) dict_keys(['example_nested_branch_dag']) retrieved from /home/airflow/.local/lib/python3.7/site-packages/airflow/example_dags/example_nested_branch_dag.py
[2024-06-16 10:08:11,937] {logging_mixin.py:115} INFO - [2024-06-16 10:08:11,937] {dag.py:2371} INFO - Sync 1 DAGs
[2024-06-16 10:08:12,088] {logging_mixin.py:115} INFO - [2024-06-16 10:08:12,087] {dag.py:2919} INFO - Setting next_dagrun for example_nested_branch_dag to 2024-06-15T00:00:00+00:00, run_after=2024-06-16T00:00:00+00:00
[2024-06-16 10:08:12,102] {processor.py:161} INFO - Processing /home/airflow/.local/lib/python3.7/site-packages/airflow/example_dags/example_nested_branch_dag.py took 0.210 seconds
[2024-06-16 10:08:42,368] {processor.py:153} INFO - Started process (PID=276) to work on /home/airflow/.local/lib/python3.7/site-packages/airflow/example_dags/example_nested_branch_dag.py
[2024-06-16 10:08:42,369] {processor.py:641} INFO - Processing file /home/airflow/.local/lib/python3.7/site-packages/airflow/example_dags/example_nested_branch_dag.py for tasks to queue
[2024-06-16 10:08:42,370] {logging_mixin.py:115} INFO - [2024-06-16 10:08:42,370] {dagbag.py:507} INFO - Filling up the DagBag from /home/airflow/.local/lib/python3.7/site-packages/airflow/example_dags/example_nested_branch_dag.py
[2024-06-16 10:08:42,381] {processor.py:651} INFO - DAG(s) dict_keys(['example_nested_branch_dag']) retrieved from /home/airflow/.local/lib/python3.7/site-packages/airflow/example_dags/example_nested_branch_dag.py
[2024-06-16 10:08:42,411] {logging_mixin.py:115} INFO - [2024-06-16 10:08:42,411] {dag.py:2371} INFO - Sync 1 DAGs
[2024-06-16 10:08:42,562] {logging_mixin.py:115} INFO - [2024-06-16 10:08:42,562] {dag.py:2919} INFO - Setting next_dagrun for example_nested_branch_dag to 2024-06-15T00:00:00+00:00, run_after=2024-06-16T00:00:00+00:00
[2024-06-16 10:08:42,578] {processor.py:161} INFO - Processing /home/airflow/.local/lib/python3.7/site-packages/airflow/example_dags/example_nested_branch_dag.py took 0.214 seconds
[2024-06-16 10:09:12,786] {processor.py:153} INFO - Started process (PID=340) to work on /home/airflow/.local/lib/python3.7/site-packages/airflow/example_dags/example_nested_branch_dag.py
[2024-06-16 10:09:12,787] {processor.py:641} INFO - Processing file /home/airflow/.local/lib/python3.7/site-packages/airflow/example_dags/example_nested_branch_dag.py for tasks to queue
[2024-06-16 10:09:12,788] {logging_mixin.py:115} INFO - [2024-06-16 10:09:12,788] {dagbag.py:507} INFO - Filling up the DagBag from /home/airflow/.local/lib/python3.7/site-packages/airflow/example_dags/example_nested_branch_dag.py
[2024-06-16 10:09:12,798] {processor.py:651} INFO - DAG(s) dict_keys(['example_nested_branch_dag']) retrieved from /home/airflow/.local/lib/python3.7/site-packages/airflow/example_dags/example_nested_branch_dag.py
[2024-06-16 10:09:12,832] {logging_mixin.py:115} INFO - [2024-06-16 10:09:12,832] {dag.py:2371} INFO - Sync 1 DAGs
[2024-06-16 10:09:12,985] {logging_mixin.py:115} INFO - [2024-06-16 10:09:12,985] {dag.py:2919} INFO - Setting next_dagrun for example_nested_branch_dag to 2024-06-15T00:00:00+00:00, run_after=2024-06-16T00:00:00+00:00
[2024-06-16 10:09:13,001] {processor.py:161} INFO - Processing /home/airflow/.local/lib/python3.7/site-packages/airflow/example_dags/example_nested_branch_dag.py took 0.218 seconds
[2024-06-16 10:09:43,820] {processor.py:153} INFO - Started process (PID=404) to work on /home/airflow/.local/lib/python3.7/site-packages/airflow/example_dags/example_nested_branch_dag.py
[2024-06-16 10:09:43,820] {processor.py:641} INFO - Processing file /home/airflow/.local/lib/python3.7/site-packages/airflow/example_dags/example_nested_branch_dag.py for tasks to queue
[2024-06-16 10:09:43,821] {logging_mixin.py:115} INFO - [2024-06-16 10:09:43,821] {dagbag.py:507} INFO - Filling up the DagBag from /home/airflow/.local/lib/python3.7/site-packages/airflow/example_dags/example_nested_branch_dag.py
[2024-06-16 10:09:43,833] {processor.py:651} INFO - DAG(s) dict_keys(['example_nested_branch_dag']) retrieved from /home/airflow/.local/lib/python3.7/site-packages/airflow/example_dags/example_nested_branch_dag.py
[2024-06-16 10:09:43,861] {logging_mixin.py:115} INFO - [2024-06-16 10:09:43,861] {dag.py:2371} INFO - Sync 1 DAGs
[2024-06-16 10:09:44,012] {logging_mixin.py:115} INFO - [2024-06-16 10:09:44,012] {dag.py:2919} INFO - Setting next_dagrun for example_nested_branch_dag to 2024-06-15T00:00:00+00:00, run_after=2024-06-16T00:00:00+00:00
[2024-06-16 10:09:44,027] {processor.py:161} INFO - Processing /home/airflow/.local/lib/python3.7/site-packages/airflow/example_dags/example_nested_branch_dag.py took 0.212 seconds
[2024-06-16 10:10:14,481] {processor.py:153} INFO - Started process (PID=459) to work on /home/airflow/.local/lib/python3.7/site-packages/airflow/example_dags/example_nested_branch_dag.py
[2024-06-16 10:10:14,482] {processor.py:641} INFO - Processing file /home/airflow/.local/lib/python3.7/site-packages/airflow/example_dags/example_nested_branch_dag.py for tasks to queue
[2024-06-16 10:10:14,483] {logging_mixin.py:115} INFO - [2024-06-16 10:10:14,483] {dagbag.py:507} INFO - Filling up the DagBag from /home/airflow/.local/lib/python3.7/site-packages/airflow/example_dags/example_nested_branch_dag.py
[2024-06-16 10:10:14,500] {processor.py:651} INFO - DAG(s) dict_keys(['example_nested_branch_dag']) retrieved from /home/airflow/.local/lib/python3.7/site-packages/airflow/example_dags/example_nested_branch_dag.py
[2024-06-16 10:10:14,537] {logging_mixin.py:115} INFO - [2024-06-16 10:10:14,536] {dag.py:2371} INFO - Sync 1 DAGs
[2024-06-16 10:10:14,747] {logging_mixin.py:115} INFO - [2024-06-16 10:10:14,747] {dag.py:2919} INFO - Setting next_dagrun for example_nested_branch_dag to 2024-06-15T00:00:00+00:00, run_after=2024-06-16T00:00:00+00:00
[2024-06-16 10:10:14,770] {processor.py:161} INFO - Processing /home/airflow/.local/lib/python3.7/site-packages/airflow/example_dags/example_nested_branch_dag.py took 0.297 seconds
[2024-06-16 10:10:44,841] {processor.py:153} INFO - Started process (PID=522) to work on /home/airflow/.local/lib/python3.7/site-packages/airflow/example_dags/example_nested_branch_dag.py
[2024-06-16 10:10:44,842] {processor.py:641} INFO - Processing file /home/airflow/.local/lib/python3.7/site-packages/airflow/example_dags/example_nested_branch_dag.py for tasks to queue
[2024-06-16 10:10:44,843] {logging_mixin.py:115} INFO - [2024-06-16 10:10:44,843] {dagbag.py:507} INFO - Filling up the DagBag from /home/airflow/.local/lib/python3.7/site-packages/airflow/example_dags/example_nested_branch_dag.py
[2024-06-16 10:10:44,856] {processor.py:651} INFO - DAG(s) dict_keys(['example_nested_branch_dag']) retrieved from /home/airflow/.local/lib/python3.7/site-packages/airflow/example_dags/example_nested_branch_dag.py
[2024-06-16 10:10:44,885] {logging_mixin.py:115} INFO - [2024-06-16 10:10:44,885] {dag.py:2371} INFO - Sync 1 DAGs
[2024-06-16 10:10:45,042] {logging_mixin.py:115} INFO - [2024-06-16 10:10:45,042] {dag.py:2919} INFO - Setting next_dagrun for example_nested_branch_dag to 2024-06-15T00:00:00+00:00, run_after=2024-06-16T00:00:00+00:00
[2024-06-16 10:10:45,058] {processor.py:161} INFO - Processing /home/airflow/.local/lib/python3.7/site-packages/airflow/example_dags/example_nested_branch_dag.py took 0.220 seconds
[2024-06-16 10:11:15,103] {processor.py:153} INFO - Started process (PID=585) to work on /home/airflow/.local/lib/python3.7/site-packages/airflow/example_dags/example_nested_branch_dag.py
[2024-06-16 10:11:15,104] {processor.py:641} INFO - Processing file /home/airflow/.local/lib/python3.7/site-packages/airflow/example_dags/example_nested_branch_dag.py for tasks to queue
[2024-06-16 10:11:15,105] {logging_mixin.py:115} INFO - [2024-06-16 10:11:15,104] {dagbag.py:507} INFO - Filling up the DagBag from /home/airflow/.local/lib/python3.7/site-packages/airflow/example_dags/example_nested_branch_dag.py
[2024-06-16 10:11:15,116] {processor.py:651} INFO - DAG(s) dict_keys(['example_nested_branch_dag']) retrieved from /home/airflow/.local/lib/python3.7/site-packages/airflow/example_dags/example_nested_branch_dag.py
[2024-06-16 10:11:15,144] {logging_mixin.py:115} INFO - [2024-06-16 10:11:15,144] {dag.py:2371} INFO - Sync 1 DAGs
[2024-06-16 10:11:15,297] {logging_mixin.py:115} INFO - [2024-06-16 10:11:15,297] {dag.py:2919} INFO - Setting next_dagrun for example_nested_branch_dag to 2024-06-15T00:00:00+00:00, run_after=2024-06-16T00:00:00+00:00
[2024-06-16 10:11:15,311] {processor.py:161} INFO - Processing /home/airflow/.local/lib/python3.7/site-packages/airflow/example_dags/example_nested_branch_dag.py took 0.211 seconds
[2024-06-16 10:11:45,538] {processor.py:153} INFO - Started process (PID=639) to work on /home/airflow/.local/lib/python3.7/site-packages/airflow/example_dags/example_nested_branch_dag.py
[2024-06-16 10:11:45,539] {processor.py:641} INFO - Processing file /home/airflow/.local/lib/python3.7/site-packages/airflow/example_dags/example_nested_branch_dag.py for tasks to queue
[2024-06-16 10:11:45,540] {logging_mixin.py:115} INFO - [2024-06-16 10:11:45,540] {dagbag.py:507} INFO - Filling up the DagBag from /home/airflow/.local/lib/python3.7/site-packages/airflow/example_dags/example_nested_branch_dag.py
[2024-06-16 10:11:45,551] {processor.py:651} INFO - DAG(s) dict_keys(['example_nested_branch_dag']) retrieved from /home/airflow/.local/lib/python3.7/site-packages/airflow/example_dags/example_nested_branch_dag.py
[2024-06-16 10:11:45,584] {logging_mixin.py:115} INFO - [2024-06-16 10:11:45,584] {dag.py:2371} INFO - Sync 1 DAGs
[2024-06-16 10:11:45,742] {logging_mixin.py:115} INFO - [2024-06-16 10:11:45,742] {dag.py:2919} INFO - Setting next_dagrun for example_nested_branch_dag to 2024-06-15T00:00:00+00:00, run_after=2024-06-16T00:00:00+00:00
[2024-06-16 10:11:45,758] {processor.py:161} INFO - Processing /home/airflow/.local/lib/python3.7/site-packages/airflow/example_dags/example_nested_branch_dag.py took 0.223 seconds
[2024-06-16 10:12:15,819] {processor.py:153} INFO - Started process (PID=701) to work on /home/airflow/.local/lib/python3.7/site-packages/airflow/example_dags/example_nested_branch_dag.py
[2024-06-16 10:12:15,820] {processor.py:641} INFO - Processing file /home/airflow/.local/lib/python3.7/site-packages/airflow/example_dags/example_nested_branch_dag.py for tasks to queue
[2024-06-16 10:12:15,821] {logging_mixin.py:115} INFO - [2024-06-16 10:12:15,821] {dagbag.py:507} INFO - Filling up the DagBag from /home/airflow/.local/lib/python3.7/site-packages/airflow/example_dags/example_nested_branch_dag.py
[2024-06-16 10:12:15,831] {processor.py:651} INFO - DAG(s) dict_keys(['example_nested_branch_dag']) retrieved from /home/airflow/.local/lib/python3.7/site-packages/airflow/example_dags/example_nested_branch_dag.py
[2024-06-16 10:12:15,866] {logging_mixin.py:115} INFO - [2024-06-16 10:12:15,866] {dag.py:2371} INFO - Sync 1 DAGs
[2024-06-16 10:12:16,018] {logging_mixin.py:115} INFO - [2024-06-16 10:12:16,018] {dag.py:2919} INFO - Setting next_dagrun for example_nested_branch_dag to 2024-06-15T00:00:00+00:00, run_after=2024-06-16T00:00:00+00:00
[2024-06-16 10:12:16,033] {processor.py:161} INFO - Processing /home/airflow/.local/lib/python3.7/site-packages/airflow/example_dags/example_nested_branch_dag.py took 0.218 seconds
[2024-06-16 10:12:46,116] {processor.py:153} INFO - Started process (PID=755) to work on /home/airflow/.local/lib/python3.7/site-packages/airflow/example_dags/example_nested_branch_dag.py
[2024-06-16 10:12:46,118] {processor.py:641} INFO - Processing file /home/airflow/.local/lib/python3.7/site-packages/airflow/example_dags/example_nested_branch_dag.py for tasks to queue
[2024-06-16 10:12:46,118] {logging_mixin.py:115} INFO - [2024-06-16 10:12:46,118] {dagbag.py:507} INFO - Filling up the DagBag from /home/airflow/.local/lib/python3.7/site-packages/airflow/example_dags/example_nested_branch_dag.py
[2024-06-16 10:12:46,131] {processor.py:651} INFO - DAG(s) dict_keys(['example_nested_branch_dag']) retrieved from /home/airflow/.local/lib/python3.7/site-packages/airflow/example_dags/example_nested_branch_dag.py
[2024-06-16 10:12:46,163] {logging_mixin.py:115} INFO - [2024-06-16 10:12:46,163] {dag.py:2371} INFO - Sync 1 DAGs
[2024-06-16 10:12:46,319] {logging_mixin.py:115} INFO - [2024-06-16 10:12:46,318] {dag.py:2919} INFO - Setting next_dagrun for example_nested_branch_dag to 2024-06-15T00:00:00+00:00, run_after=2024-06-16T00:00:00+00:00
[2024-06-16 10:12:46,336] {processor.py:161} INFO - Processing /home/airflow/.local/lib/python3.7/site-packages/airflow/example_dags/example_nested_branch_dag.py took 0.224 seconds
[2024-06-16 10:13:16,404] {processor.py:153} INFO - Started process (PID=817) to work on /home/airflow/.local/lib/python3.7/site-packages/airflow/example_dags/example_nested_branch_dag.py
[2024-06-16 10:13:16,405] {processor.py:641} INFO - Processing file /home/airflow/.local/lib/python3.7/site-packages/airflow/example_dags/example_nested_branch_dag.py for tasks to queue
[2024-06-16 10:13:16,406] {logging_mixin.py:115} INFO - [2024-06-16 10:13:16,406] {dagbag.py:507} INFO - Filling up the DagBag from /home/airflow/.local/lib/python3.7/site-packages/airflow/example_dags/example_nested_branch_dag.py
[2024-06-16 10:13:16,416] {processor.py:651} INFO - DAG(s) dict_keys(['example_nested_branch_dag']) retrieved from /home/airflow/.local/lib/python3.7/site-packages/airflow/example_dags/example_nested_branch_dag.py
[2024-06-16 10:13:16,450] {logging_mixin.py:115} INFO - [2024-06-16 10:13:16,450] {dag.py:2371} INFO - Sync 1 DAGs
[2024-06-16 10:13:16,644] {logging_mixin.py:115} INFO - [2024-06-16 10:13:16,644] {dag.py:2919} INFO - Setting next_dagrun for example_nested_branch_dag to 2024-06-15T00:00:00+00:00, run_after=2024-06-16T00:00:00+00:00
[2024-06-16 10:13:16,662] {processor.py:161} INFO - Processing /home/airflow/.local/lib/python3.7/site-packages/airflow/example_dags/example_nested_branch_dag.py took 0.262 seconds
[2024-06-16 10:13:46,789] {processor.py:153} INFO - Started process (PID=871) to work on /home/airflow/.local/lib/python3.7/site-packages/airflow/example_dags/example_nested_branch_dag.py
[2024-06-16 10:13:46,794] {processor.py:641} INFO - Processing file /home/airflow/.local/lib/python3.7/site-packages/airflow/example_dags/example_nested_branch_dag.py for tasks to queue
[2024-06-16 10:13:46,795] {logging_mixin.py:115} INFO - [2024-06-16 10:13:46,795] {dagbag.py:507} INFO - Filling up the DagBag from /home/airflow/.local/lib/python3.7/site-packages/airflow/example_dags/example_nested_branch_dag.py
[2024-06-16 10:13:46,819] {processor.py:651} INFO - DAG(s) dict_keys(['example_nested_branch_dag']) retrieved from /home/airflow/.local/lib/python3.7/site-packages/airflow/example_dags/example_nested_branch_dag.py
[2024-06-16 10:13:46,873] {logging_mixin.py:115} INFO - [2024-06-16 10:13:46,873] {dag.py:2371} INFO - Sync 1 DAGs
[2024-06-16 10:13:47,090] {logging_mixin.py:115} INFO - [2024-06-16 10:13:47,090] {dag.py:2919} INFO - Setting next_dagrun for example_nested_branch_dag to 2024-06-15T00:00:00+00:00, run_after=2024-06-16T00:00:00+00:00
[2024-06-16 10:13:47,134] {processor.py:161} INFO - Processing /home/airflow/.local/lib/python3.7/site-packages/airflow/example_dags/example_nested_branch_dag.py took 0.351 seconds
[2024-06-16 10:14:18,010] {processor.py:153} INFO - Started process (PID=935) to work on /home/airflow/.local/lib/python3.7/site-packages/airflow/example_dags/example_nested_branch_dag.py
[2024-06-16 10:14:18,011] {processor.py:641} INFO - Processing file /home/airflow/.local/lib/python3.7/site-packages/airflow/example_dags/example_nested_branch_dag.py for tasks to queue
[2024-06-16 10:14:18,012] {logging_mixin.py:115} INFO - [2024-06-16 10:14:18,012] {dagbag.py:507} INFO - Filling up the DagBag from /home/airflow/.local/lib/python3.7/site-packages/airflow/example_dags/example_nested_branch_dag.py
[2024-06-16 10:14:18,023] {processor.py:651} INFO - DAG(s) dict_keys(['example_nested_branch_dag']) retrieved from /home/airflow/.local/lib/python3.7/site-packages/airflow/example_dags/example_nested_branch_dag.py
[2024-06-16 10:14:18,055] {logging_mixin.py:115} INFO - [2024-06-16 10:14:18,055] {dag.py:2371} INFO - Sync 1 DAGs
[2024-06-16 10:14:18,199] {logging_mixin.py:115} INFO - [2024-06-16 10:14:18,199] {dag.py:2919} INFO - Setting next_dagrun for example_nested_branch_dag to 2024-06-15T00:00:00+00:00, run_after=2024-06-16T00:00:00+00:00
[2024-06-16 10:14:18,213] {processor.py:161} INFO - Processing /home/airflow/.local/lib/python3.7/site-packages/airflow/example_dags/example_nested_branch_dag.py took 0.207 seconds
[2024-06-16 10:14:48,567] {processor.py:153} INFO - Started process (PID=998) to work on /home/airflow/.local/lib/python3.7/site-packages/airflow/example_dags/example_nested_branch_dag.py
[2024-06-16 10:14:48,568] {processor.py:641} INFO - Processing file /home/airflow/.local/lib/python3.7/site-packages/airflow/example_dags/example_nested_branch_dag.py for tasks to queue
[2024-06-16 10:14:48,569] {logging_mixin.py:115} INFO - [2024-06-16 10:14:48,569] {dagbag.py:507} INFO - Filling up the DagBag from /home/airflow/.local/lib/python3.7/site-packages/airflow/example_dags/example_nested_branch_dag.py
[2024-06-16 10:14:48,582] {processor.py:651} INFO - DAG(s) dict_keys(['example_nested_branch_dag']) retrieved from /home/airflow/.local/lib/python3.7/site-packages/airflow/example_dags/example_nested_branch_dag.py
[2024-06-16 10:14:48,632] {logging_mixin.py:115} INFO - [2024-06-16 10:14:48,632] {dag.py:2371} INFO - Sync 1 DAGs
[2024-06-16 10:14:48,780] {logging_mixin.py:115} INFO - [2024-06-16 10:14:48,780] {dag.py:2919} INFO - Setting next_dagrun for example_nested_branch_dag to 2024-06-15T00:00:00+00:00, run_after=2024-06-16T00:00:00+00:00
[2024-06-16 10:14:48,794] {processor.py:161} INFO - Processing /home/airflow/.local/lib/python3.7/site-packages/airflow/example_dags/example_nested_branch_dag.py took 0.232 seconds
[2024-06-16 10:15:19,325] {processor.py:153} INFO - Started process (PID=1051) to work on /home/airflow/.local/lib/python3.7/site-packages/airflow/example_dags/example_nested_branch_dag.py
[2024-06-16 10:15:19,326] {processor.py:641} INFO - Processing file /home/airflow/.local/lib/python3.7/site-packages/airflow/example_dags/example_nested_branch_dag.py for tasks to queue
[2024-06-16 10:15:19,327] {logging_mixin.py:115} INFO - [2024-06-16 10:15:19,327] {dagbag.py:507} INFO - Filling up the DagBag from /home/airflow/.local/lib/python3.7/site-packages/airflow/example_dags/example_nested_branch_dag.py
[2024-06-16 10:15:19,338] {processor.py:651} INFO - DAG(s) dict_keys(['example_nested_branch_dag']) retrieved from /home/airflow/.local/lib/python3.7/site-packages/airflow/example_dags/example_nested_branch_dag.py
[2024-06-16 10:15:19,381] {logging_mixin.py:115} INFO - [2024-06-16 10:15:19,381] {dag.py:2371} INFO - Sync 1 DAGs
[2024-06-16 10:15:19,562] {logging_mixin.py:115} INFO - [2024-06-16 10:15:19,561] {dag.py:2919} INFO - Setting next_dagrun for example_nested_branch_dag to 2024-06-15T00:00:00+00:00, run_after=2024-06-16T00:00:00+00:00
[2024-06-16 10:15:19,586] {processor.py:161} INFO - Processing /home/airflow/.local/lib/python3.7/site-packages/airflow/example_dags/example_nested_branch_dag.py took 0.264 seconds
[2024-06-16 10:15:49,638] {processor.py:153} INFO - Started process (PID=1114) to work on /home/airflow/.local/lib/python3.7/site-packages/airflow/example_dags/example_nested_branch_dag.py
[2024-06-16 10:15:49,639] {processor.py:641} INFO - Processing file /home/airflow/.local/lib/python3.7/site-packages/airflow/example_dags/example_nested_branch_dag.py for tasks to queue
[2024-06-16 10:15:49,640] {logging_mixin.py:115} INFO - [2024-06-16 10:15:49,639] {dagbag.py:507} INFO - Filling up the DagBag from /home/airflow/.local/lib/python3.7/site-packages/airflow/example_dags/example_nested_branch_dag.py
[2024-06-16 10:15:49,650] {processor.py:651} INFO - DAG(s) dict_keys(['example_nested_branch_dag']) retrieved from /home/airflow/.local/lib/python3.7/site-packages/airflow/example_dags/example_nested_branch_dag.py
[2024-06-16 10:15:49,683] {logging_mixin.py:115} INFO - [2024-06-16 10:15:49,683] {dag.py:2371} INFO - Sync 1 DAGs
[2024-06-16 10:15:49,835] {logging_mixin.py:115} INFO - [2024-06-16 10:15:49,835] {dag.py:2919} INFO - Setting next_dagrun for example_nested_branch_dag to 2024-06-15T00:00:00+00:00, run_after=2024-06-16T00:00:00+00:00
[2024-06-16 10:15:49,855] {processor.py:161} INFO - Processing /home/airflow/.local/lib/python3.7/site-packages/airflow/example_dags/example_nested_branch_dag.py took 0.220 seconds
[2024-06-16 10:16:20,543] {processor.py:153} INFO - Started process (PID=1177) to work on /home/airflow/.local/lib/python3.7/site-packages/airflow/example_dags/example_nested_branch_dag.py
[2024-06-16 10:16:20,549] {processor.py:641} INFO - Processing file /home/airflow/.local/lib/python3.7/site-packages/airflow/example_dags/example_nested_branch_dag.py for tasks to queue
[2024-06-16 10:16:20,550] {logging_mixin.py:115} INFO - [2024-06-16 10:16:20,550] {dagbag.py:507} INFO - Filling up the DagBag from /home/airflow/.local/lib/python3.7/site-packages/airflow/example_dags/example_nested_branch_dag.py
[2024-06-16 10:16:20,571] {processor.py:651} INFO - DAG(s) dict_keys(['example_nested_branch_dag']) retrieved from /home/airflow/.local/lib/python3.7/site-packages/airflow/example_dags/example_nested_branch_dag.py
[2024-06-16 10:16:20,609] {logging_mixin.py:115} INFO - [2024-06-16 10:16:20,609] {dag.py:2371} INFO - Sync 1 DAGs
[2024-06-16 10:16:20,819] {logging_mixin.py:115} INFO - [2024-06-16 10:16:20,819] {dag.py:2919} INFO - Setting next_dagrun for example_nested_branch_dag to 2024-06-15T00:00:00+00:00, run_after=2024-06-16T00:00:00+00:00
[2024-06-16 10:16:20,836] {processor.py:161} INFO - Processing /home/airflow/.local/lib/python3.7/site-packages/airflow/example_dags/example_nested_branch_dag.py took 0.298 seconds
[2024-06-16 10:16:51,289] {processor.py:153} INFO - Started process (PID=1230) to work on /home/airflow/.local/lib/python3.7/site-packages/airflow/example_dags/example_nested_branch_dag.py
[2024-06-16 10:16:51,290] {processor.py:641} INFO - Processing file /home/airflow/.local/lib/python3.7/site-packages/airflow/example_dags/example_nested_branch_dag.py for tasks to queue
[2024-06-16 10:16:51,291] {logging_mixin.py:115} INFO - [2024-06-16 10:16:51,291] {dagbag.py:507} INFO - Filling up the DagBag from /home/airflow/.local/lib/python3.7/site-packages/airflow/example_dags/example_nested_branch_dag.py
[2024-06-16 10:16:51,306] {processor.py:651} INFO - DAG(s) dict_keys(['example_nested_branch_dag']) retrieved from /home/airflow/.local/lib/python3.7/site-packages/airflow/example_dags/example_nested_branch_dag.py
[2024-06-16 10:16:51,336] {logging_mixin.py:115} INFO - [2024-06-16 10:16:51,336] {dag.py:2371} INFO - Sync 1 DAGs
[2024-06-16 10:16:51,362] {logging_mixin.py:115} INFO - [2024-06-16 10:16:51,362] {dag.py:2919} INFO - Setting next_dagrun for example_nested_branch_dag to 2024-06-15T00:00:00+00:00, run_after=2024-06-16T00:00:00+00:00
[2024-06-16 10:16:51,379] {processor.py:161} INFO - Processing /home/airflow/.local/lib/python3.7/site-packages/airflow/example_dags/example_nested_branch_dag.py took 0.093 seconds
[2024-06-16 10:17:22,100] {processor.py:153} INFO - Started process (PID=1294) to work on /home/airflow/.local/lib/python3.7/site-packages/airflow/example_dags/example_nested_branch_dag.py
[2024-06-16 10:17:22,105] {processor.py:641} INFO - Processing file /home/airflow/.local/lib/python3.7/site-packages/airflow/example_dags/example_nested_branch_dag.py for tasks to queue
[2024-06-16 10:17:22,106] {logging_mixin.py:115} INFO - [2024-06-16 10:17:22,105] {dagbag.py:507} INFO - Filling up the DagBag from /home/airflow/.local/lib/python3.7/site-packages/airflow/example_dags/example_nested_branch_dag.py
[2024-06-16 10:17:22,121] {processor.py:651} INFO - DAG(s) dict_keys(['example_nested_branch_dag']) retrieved from /home/airflow/.local/lib/python3.7/site-packages/airflow/example_dags/example_nested_branch_dag.py
[2024-06-16 10:17:22,150] {logging_mixin.py:115} INFO - [2024-06-16 10:17:22,150] {dag.py:2371} INFO - Sync 1 DAGs
[2024-06-16 10:17:22,175] {logging_mixin.py:115} INFO - [2024-06-16 10:17:22,175] {dag.py:2919} INFO - Setting next_dagrun for example_nested_branch_dag to 2024-06-15T00:00:00+00:00, run_after=2024-06-16T00:00:00+00:00
[2024-06-16 10:17:22,191] {processor.py:161} INFO - Processing /home/airflow/.local/lib/python3.7/site-packages/airflow/example_dags/example_nested_branch_dag.py took 0.094 seconds
[2024-06-16 10:17:52,818] {processor.py:153} INFO - Started process (PID=1348) to work on /home/airflow/.local/lib/python3.7/site-packages/airflow/example_dags/example_nested_branch_dag.py
[2024-06-16 10:17:52,819] {processor.py:641} INFO - Processing file /home/airflow/.local/lib/python3.7/site-packages/airflow/example_dags/example_nested_branch_dag.py for tasks to queue
[2024-06-16 10:17:52,820] {logging_mixin.py:115} INFO - [2024-06-16 10:17:52,820] {dagbag.py:507} INFO - Filling up the DagBag from /home/airflow/.local/lib/python3.7/site-packages/airflow/example_dags/example_nested_branch_dag.py
[2024-06-16 10:17:52,837] {processor.py:651} INFO - DAG(s) dict_keys(['example_nested_branch_dag']) retrieved from /home/airflow/.local/lib/python3.7/site-packages/airflow/example_dags/example_nested_branch_dag.py
[2024-06-16 10:17:52,873] {logging_mixin.py:115} INFO - [2024-06-16 10:17:52,873] {dag.py:2371} INFO - Sync 1 DAGs
[2024-06-16 10:17:52,899] {logging_mixin.py:115} INFO - [2024-06-16 10:17:52,899] {dag.py:2919} INFO - Setting next_dagrun for example_nested_branch_dag to 2024-06-15T00:00:00+00:00, run_after=2024-06-16T00:00:00+00:00
[2024-06-16 10:17:52,915] {processor.py:161} INFO - Processing /home/airflow/.local/lib/python3.7/site-packages/airflow/example_dags/example_nested_branch_dag.py took 0.100 seconds
[2024-06-16 10:18:23,299] {processor.py:153} INFO - Started process (PID=1412) to work on /home/airflow/.local/lib/python3.7/site-packages/airflow/example_dags/example_nested_branch_dag.py
[2024-06-16 10:18:23,301] {processor.py:641} INFO - Processing file /home/airflow/.local/lib/python3.7/site-packages/airflow/example_dags/example_nested_branch_dag.py for tasks to queue
[2024-06-16 10:18:23,302] {logging_mixin.py:115} INFO - [2024-06-16 10:18:23,301] {dagbag.py:507} INFO - Filling up the DagBag from /home/airflow/.local/lib/python3.7/site-packages/airflow/example_dags/example_nested_branch_dag.py
[2024-06-16 10:18:23,323] {processor.py:651} INFO - DAG(s) dict_keys(['example_nested_branch_dag']) retrieved from /home/airflow/.local/lib/python3.7/site-packages/airflow/example_dags/example_nested_branch_dag.py
[2024-06-16 10:18:23,360] {logging_mixin.py:115} INFO - [2024-06-16 10:18:23,360] {dag.py:2371} INFO - Sync 1 DAGs
[2024-06-16 10:18:23,386] {logging_mixin.py:115} INFO - [2024-06-16 10:18:23,385] {dag.py:2919} INFO - Setting next_dagrun for example_nested_branch_dag to 2024-06-15T00:00:00+00:00, run_after=2024-06-16T00:00:00+00:00
[2024-06-16 10:18:23,400] {processor.py:161} INFO - Processing /home/airflow/.local/lib/python3.7/site-packages/airflow/example_dags/example_nested_branch_dag.py took 0.104 seconds
[2024-06-16 10:18:53,931] {processor.py:153} INFO - Started process (PID=1476) to work on /home/airflow/.local/lib/python3.7/site-packages/airflow/example_dags/example_nested_branch_dag.py
[2024-06-16 10:18:53,932] {processor.py:641} INFO - Processing file /home/airflow/.local/lib/python3.7/site-packages/airflow/example_dags/example_nested_branch_dag.py for tasks to queue
[2024-06-16 10:18:53,933] {logging_mixin.py:115} INFO - [2024-06-16 10:18:53,933] {dagbag.py:507} INFO - Filling up the DagBag from /home/airflow/.local/lib/python3.7/site-packages/airflow/example_dags/example_nested_branch_dag.py
[2024-06-16 10:18:53,957] {processor.py:651} INFO - DAG(s) dict_keys(['example_nested_branch_dag']) retrieved from /home/airflow/.local/lib/python3.7/site-packages/airflow/example_dags/example_nested_branch_dag.py
[2024-06-16 10:18:54,017] {logging_mixin.py:115} INFO - [2024-06-16 10:18:54,017] {dag.py:2371} INFO - Sync 1 DAGs
[2024-06-16 10:18:54,074] {logging_mixin.py:115} INFO - [2024-06-16 10:18:54,074] {dag.py:2919} INFO - Setting next_dagrun for example_nested_branch_dag to 2024-06-15T00:00:00+00:00, run_after=2024-06-16T00:00:00+00:00
[2024-06-16 10:18:54,126] {processor.py:161} INFO - Processing /home/airflow/.local/lib/python3.7/site-packages/airflow/example_dags/example_nested_branch_dag.py took 0.200 seconds
