[2024-06-16 10:06:44,889] {processor.py:153} INFO - Started process (PID=64) to work on /home/airflow/.local/lib/python3.7/site-packages/airflow/example_dags/example_latest_only.py
[2024-06-16 10:06:44,890] {processor.py:641} INFO - Processing file /home/airflow/.local/lib/python3.7/site-packages/airflow/example_dags/example_latest_only.py for tasks to queue
[2024-06-16 10:06:44,891] {logging_mixin.py:115} INFO - [2024-06-16 10:06:44,890] {dagbag.py:507} INFO - Filling up the DagBag from /home/airflow/.local/lib/python3.7/site-packages/airflow/example_dags/example_latest_only.py
[2024-06-16 10:06:44,901] {processor.py:651} INFO - DAG(s) dict_keys(['latest_only']) retrieved from /home/airflow/.local/lib/python3.7/site-packages/airflow/example_dags/example_latest_only.py
[2024-06-16 10:06:44,929] {logging_mixin.py:115} INFO - [2024-06-16 10:06:44,929] {dag.py:2371} INFO - Sync 1 DAGs
[2024-06-16 10:06:45,071] {logging_mixin.py:115} INFO - [2024-06-16 10:06:45,071] {dag.py:2919} INFO - Setting next_dagrun for latest_only to 2024-06-16T06:06:45.071285+00:00, run_after=2024-06-16T10:06:45.071285+00:00
[2024-06-16 10:06:45,086] {processor.py:161} INFO - Processing /home/airflow/.local/lib/python3.7/site-packages/airflow/example_dags/example_latest_only.py took 0.201 seconds
[2024-06-16 10:07:16,614] {processor.py:153} INFO - Started process (PID=127) to work on /home/airflow/.local/lib/python3.7/site-packages/airflow/example_dags/example_latest_only.py
[2024-06-16 10:07:16,615] {processor.py:641} INFO - Processing file /home/airflow/.local/lib/python3.7/site-packages/airflow/example_dags/example_latest_only.py for tasks to queue
[2024-06-16 10:07:16,616] {logging_mixin.py:115} INFO - [2024-06-16 10:07:16,615] {dagbag.py:507} INFO - Filling up the DagBag from /home/airflow/.local/lib/python3.7/site-packages/airflow/example_dags/example_latest_only.py
[2024-06-16 10:07:16,622] {processor.py:651} INFO - DAG(s) dict_keys(['latest_only']) retrieved from /home/airflow/.local/lib/python3.7/site-packages/airflow/example_dags/example_latest_only.py
[2024-06-16 10:07:16,658] {logging_mixin.py:115} INFO - [2024-06-16 10:07:16,658] {dag.py:2371} INFO - Sync 1 DAGs
[2024-06-16 10:07:16,810] {logging_mixin.py:115} INFO - [2024-06-16 10:07:16,810] {dag.py:2919} INFO - Setting next_dagrun for latest_only to 2024-06-16T06:07:16.810580+00:00, run_after=2024-06-16T10:07:16.810580+00:00
[2024-06-16 10:07:16,826] {processor.py:161} INFO - Processing /home/airflow/.local/lib/python3.7/site-packages/airflow/example_dags/example_latest_only.py took 0.216 seconds
[2024-06-16 10:07:47,147] {processor.py:153} INFO - Started process (PID=191) to work on /home/airflow/.local/lib/python3.7/site-packages/airflow/example_dags/example_latest_only.py
[2024-06-16 10:07:47,148] {processor.py:641} INFO - Processing file /home/airflow/.local/lib/python3.7/site-packages/airflow/example_dags/example_latest_only.py for tasks to queue
[2024-06-16 10:07:47,149] {logging_mixin.py:115} INFO - [2024-06-16 10:07:47,149] {dagbag.py:507} INFO - Filling up the DagBag from /home/airflow/.local/lib/python3.7/site-packages/airflow/example_dags/example_latest_only.py
[2024-06-16 10:07:47,155] {processor.py:651} INFO - DAG(s) dict_keys(['latest_only']) retrieved from /home/airflow/.local/lib/python3.7/site-packages/airflow/example_dags/example_latest_only.py
[2024-06-16 10:07:47,186] {logging_mixin.py:115} INFO - [2024-06-16 10:07:47,186] {dag.py:2371} INFO - Sync 1 DAGs
[2024-06-16 10:07:47,347] {logging_mixin.py:115} INFO - [2024-06-16 10:07:47,347] {dag.py:2919} INFO - Setting next_dagrun for latest_only to 2024-06-16T06:07:47.347017+00:00, run_after=2024-06-16T10:07:47.347017+00:00
[2024-06-16 10:07:47,370] {processor.py:161} INFO - Processing /home/airflow/.local/lib/python3.7/site-packages/airflow/example_dags/example_latest_only.py took 0.226 seconds
[2024-06-16 10:08:17,439] {processor.py:153} INFO - Started process (PID=245) to work on /home/airflow/.local/lib/python3.7/site-packages/airflow/example_dags/example_latest_only.py
[2024-06-16 10:08:17,440] {processor.py:641} INFO - Processing file /home/airflow/.local/lib/python3.7/site-packages/airflow/example_dags/example_latest_only.py for tasks to queue
[2024-06-16 10:08:17,441] {logging_mixin.py:115} INFO - [2024-06-16 10:08:17,441] {dagbag.py:507} INFO - Filling up the DagBag from /home/airflow/.local/lib/python3.7/site-packages/airflow/example_dags/example_latest_only.py
[2024-06-16 10:08:17,449] {processor.py:651} INFO - DAG(s) dict_keys(['latest_only']) retrieved from /home/airflow/.local/lib/python3.7/site-packages/airflow/example_dags/example_latest_only.py
[2024-06-16 10:08:17,484] {logging_mixin.py:115} INFO - [2024-06-16 10:08:17,484] {dag.py:2371} INFO - Sync 1 DAGs
[2024-06-16 10:08:17,646] {logging_mixin.py:115} INFO - [2024-06-16 10:08:17,646] {dag.py:2919} INFO - Setting next_dagrun for latest_only to 2024-06-16T06:08:17.646658+00:00, run_after=2024-06-16T10:08:17.646658+00:00
[2024-06-16 10:08:17,664] {processor.py:161} INFO - Processing /home/airflow/.local/lib/python3.7/site-packages/airflow/example_dags/example_latest_only.py took 0.229 seconds
[2024-06-16 10:08:48,099] {processor.py:153} INFO - Started process (PID=307) to work on /home/airflow/.local/lib/python3.7/site-packages/airflow/example_dags/example_latest_only.py
[2024-06-16 10:08:48,100] {processor.py:641} INFO - Processing file /home/airflow/.local/lib/python3.7/site-packages/airflow/example_dags/example_latest_only.py for tasks to queue
[2024-06-16 10:08:48,101] {logging_mixin.py:115} INFO - [2024-06-16 10:08:48,101] {dagbag.py:507} INFO - Filling up the DagBag from /home/airflow/.local/lib/python3.7/site-packages/airflow/example_dags/example_latest_only.py
[2024-06-16 10:08:48,106] {processor.py:651} INFO - DAG(s) dict_keys(['latest_only']) retrieved from /home/airflow/.local/lib/python3.7/site-packages/airflow/example_dags/example_latest_only.py
[2024-06-16 10:08:48,135] {logging_mixin.py:115} INFO - [2024-06-16 10:08:48,135] {dag.py:2371} INFO - Sync 1 DAGs
[2024-06-16 10:08:48,285] {logging_mixin.py:115} INFO - [2024-06-16 10:08:48,285] {dag.py:2919} INFO - Setting next_dagrun for latest_only to 2024-06-16T06:08:48.285484+00:00, run_after=2024-06-16T10:08:48.285484+00:00
[2024-06-16 10:08:48,301] {processor.py:161} INFO - Processing /home/airflow/.local/lib/python3.7/site-packages/airflow/example_dags/example_latest_only.py took 0.205 seconds
[2024-06-16 10:09:18,666] {processor.py:153} INFO - Started process (PID=368) to work on /home/airflow/.local/lib/python3.7/site-packages/airflow/example_dags/example_latest_only.py
[2024-06-16 10:09:18,667] {processor.py:641} INFO - Processing file /home/airflow/.local/lib/python3.7/site-packages/airflow/example_dags/example_latest_only.py for tasks to queue
[2024-06-16 10:09:18,668] {logging_mixin.py:115} INFO - [2024-06-16 10:09:18,668] {dagbag.py:507} INFO - Filling up the DagBag from /home/airflow/.local/lib/python3.7/site-packages/airflow/example_dags/example_latest_only.py
[2024-06-16 10:09:18,674] {processor.py:651} INFO - DAG(s) dict_keys(['latest_only']) retrieved from /home/airflow/.local/lib/python3.7/site-packages/airflow/example_dags/example_latest_only.py
[2024-06-16 10:09:18,703] {logging_mixin.py:115} INFO - [2024-06-16 10:09:18,703] {dag.py:2371} INFO - Sync 1 DAGs
[2024-06-16 10:09:18,862] {logging_mixin.py:115} INFO - [2024-06-16 10:09:18,862] {dag.py:2919} INFO - Setting next_dagrun for latest_only to 2024-06-16T06:09:18.862584+00:00, run_after=2024-06-16T10:09:18.862584+00:00
[2024-06-16 10:09:18,877] {processor.py:161} INFO - Processing /home/airflow/.local/lib/python3.7/site-packages/airflow/example_dags/example_latest_only.py took 0.214 seconds
[2024-06-16 10:09:49,577] {processor.py:153} INFO - Started process (PID=426) to work on /home/airflow/.local/lib/python3.7/site-packages/airflow/example_dags/example_latest_only.py
[2024-06-16 10:09:49,578] {processor.py:641} INFO - Processing file /home/airflow/.local/lib/python3.7/site-packages/airflow/example_dags/example_latest_only.py for tasks to queue
[2024-06-16 10:09:49,578] {logging_mixin.py:115} INFO - [2024-06-16 10:09:49,578] {dagbag.py:507} INFO - Filling up the DagBag from /home/airflow/.local/lib/python3.7/site-packages/airflow/example_dags/example_latest_only.py
[2024-06-16 10:09:49,584] {processor.py:651} INFO - DAG(s) dict_keys(['latest_only']) retrieved from /home/airflow/.local/lib/python3.7/site-packages/airflow/example_dags/example_latest_only.py
[2024-06-16 10:09:49,626] {logging_mixin.py:115} INFO - [2024-06-16 10:09:49,626] {dag.py:2371} INFO - Sync 1 DAGs
[2024-06-16 10:09:49,797] {logging_mixin.py:115} INFO - [2024-06-16 10:09:49,797] {dag.py:2919} INFO - Setting next_dagrun for latest_only to 2024-06-16T06:09:49.797049+00:00, run_after=2024-06-16T10:09:49.797049+00:00
[2024-06-16 10:09:49,814] {processor.py:161} INFO - Processing /home/airflow/.local/lib/python3.7/site-packages/airflow/example_dags/example_latest_only.py took 0.240 seconds
[2024-06-16 10:10:20,214] {processor.py:153} INFO - Started process (PID=490) to work on /home/airflow/.local/lib/python3.7/site-packages/airflow/example_dags/example_latest_only.py
[2024-06-16 10:10:20,215] {processor.py:641} INFO - Processing file /home/airflow/.local/lib/python3.7/site-packages/airflow/example_dags/example_latest_only.py for tasks to queue
[2024-06-16 10:10:20,216] {logging_mixin.py:115} INFO - [2024-06-16 10:10:20,215] {dagbag.py:507} INFO - Filling up the DagBag from /home/airflow/.local/lib/python3.7/site-packages/airflow/example_dags/example_latest_only.py
[2024-06-16 10:10:20,222] {processor.py:651} INFO - DAG(s) dict_keys(['latest_only']) retrieved from /home/airflow/.local/lib/python3.7/site-packages/airflow/example_dags/example_latest_only.py
[2024-06-16 10:10:20,255] {logging_mixin.py:115} INFO - [2024-06-16 10:10:20,255] {dag.py:2371} INFO - Sync 1 DAGs
[2024-06-16 10:10:20,402] {logging_mixin.py:115} INFO - [2024-06-16 10:10:20,402] {dag.py:2919} INFO - Setting next_dagrun for latest_only to 2024-06-16T06:10:20.402489+00:00, run_after=2024-06-16T10:10:20.402489+00:00
[2024-06-16 10:10:20,419] {processor.py:161} INFO - Processing /home/airflow/.local/lib/python3.7/site-packages/airflow/example_dags/example_latest_only.py took 0.209 seconds
[2024-06-16 10:10:51,058] {processor.py:153} INFO - Started process (PID=544) to work on /home/airflow/.local/lib/python3.7/site-packages/airflow/example_dags/example_latest_only.py
[2024-06-16 10:10:51,059] {processor.py:641} INFO - Processing file /home/airflow/.local/lib/python3.7/site-packages/airflow/example_dags/example_latest_only.py for tasks to queue
[2024-06-16 10:10:51,060] {logging_mixin.py:115} INFO - [2024-06-16 10:10:51,060] {dagbag.py:507} INFO - Filling up the DagBag from /home/airflow/.local/lib/python3.7/site-packages/airflow/example_dags/example_latest_only.py
[2024-06-16 10:10:51,066] {processor.py:651} INFO - DAG(s) dict_keys(['latest_only']) retrieved from /home/airflow/.local/lib/python3.7/site-packages/airflow/example_dags/example_latest_only.py
[2024-06-16 10:10:51,094] {logging_mixin.py:115} INFO - [2024-06-16 10:10:51,094] {dag.py:2371} INFO - Sync 1 DAGs
[2024-06-16 10:10:51,265] {logging_mixin.py:115} INFO - [2024-06-16 10:10:51,265] {dag.py:2919} INFO - Setting next_dagrun for latest_only to 2024-06-16T06:10:51.265183+00:00, run_after=2024-06-16T10:10:51.265183+00:00
[2024-06-16 10:10:51,300] {processor.py:161} INFO - Processing /home/airflow/.local/lib/python3.7/site-packages/airflow/example_dags/example_latest_only.py took 0.245 seconds
[2024-06-16 10:11:22,423] {processor.py:153} INFO - Started process (PID=607) to work on /home/airflow/.local/lib/python3.7/site-packages/airflow/example_dags/example_latest_only.py
[2024-06-16 10:11:22,424] {processor.py:641} INFO - Processing file /home/airflow/.local/lib/python3.7/site-packages/airflow/example_dags/example_latest_only.py for tasks to queue
[2024-06-16 10:11:22,425] {logging_mixin.py:115} INFO - [2024-06-16 10:11:22,425] {dagbag.py:507} INFO - Filling up the DagBag from /home/airflow/.local/lib/python3.7/site-packages/airflow/example_dags/example_latest_only.py
[2024-06-16 10:11:22,431] {processor.py:651} INFO - DAG(s) dict_keys(['latest_only']) retrieved from /home/airflow/.local/lib/python3.7/site-packages/airflow/example_dags/example_latest_only.py
[2024-06-16 10:11:22,461] {logging_mixin.py:115} INFO - [2024-06-16 10:11:22,460] {dag.py:2371} INFO - Sync 1 DAGs
[2024-06-16 10:11:22,609] {logging_mixin.py:115} INFO - [2024-06-16 10:11:22,609] {dag.py:2919} INFO - Setting next_dagrun for latest_only to 2024-06-16T06:11:22.609059+00:00, run_after=2024-06-16T10:11:22.609059+00:00
[2024-06-16 10:11:22,624] {processor.py:161} INFO - Processing /home/airflow/.local/lib/python3.7/site-packages/airflow/example_dags/example_latest_only.py took 0.204 seconds
[2024-06-16 10:11:52,718] {processor.py:153} INFO - Started process (PID=670) to work on /home/airflow/.local/lib/python3.7/site-packages/airflow/example_dags/example_latest_only.py
[2024-06-16 10:11:52,719] {processor.py:641} INFO - Processing file /home/airflow/.local/lib/python3.7/site-packages/airflow/example_dags/example_latest_only.py for tasks to queue
[2024-06-16 10:11:52,719] {logging_mixin.py:115} INFO - [2024-06-16 10:11:52,719] {dagbag.py:507} INFO - Filling up the DagBag from /home/airflow/.local/lib/python3.7/site-packages/airflow/example_dags/example_latest_only.py
[2024-06-16 10:11:52,725] {processor.py:651} INFO - DAG(s) dict_keys(['latest_only']) retrieved from /home/airflow/.local/lib/python3.7/site-packages/airflow/example_dags/example_latest_only.py
[2024-06-16 10:11:52,759] {logging_mixin.py:115} INFO - [2024-06-16 10:11:52,759] {dag.py:2371} INFO - Sync 1 DAGs
[2024-06-16 10:11:52,905] {logging_mixin.py:115} INFO - [2024-06-16 10:11:52,904] {dag.py:2919} INFO - Setting next_dagrun for latest_only to 2024-06-16T06:11:52.904693+00:00, run_after=2024-06-16T10:11:52.904693+00:00
[2024-06-16 10:11:52,918] {processor.py:161} INFO - Processing /home/airflow/.local/lib/python3.7/site-packages/airflow/example_dags/example_latest_only.py took 0.204 seconds
[2024-06-16 10:12:23,968] {processor.py:153} INFO - Started process (PID=723) to work on /home/airflow/.local/lib/python3.7/site-packages/airflow/example_dags/example_latest_only.py
[2024-06-16 10:12:23,969] {processor.py:641} INFO - Processing file /home/airflow/.local/lib/python3.7/site-packages/airflow/example_dags/example_latest_only.py for tasks to queue
[2024-06-16 10:12:23,970] {logging_mixin.py:115} INFO - [2024-06-16 10:12:23,970] {dagbag.py:507} INFO - Filling up the DagBag from /home/airflow/.local/lib/python3.7/site-packages/airflow/example_dags/example_latest_only.py
[2024-06-16 10:12:23,975] {processor.py:651} INFO - DAG(s) dict_keys(['latest_only']) retrieved from /home/airflow/.local/lib/python3.7/site-packages/airflow/example_dags/example_latest_only.py
[2024-06-16 10:12:24,030] {logging_mixin.py:115} INFO - [2024-06-16 10:12:24,029] {dag.py:2371} INFO - Sync 1 DAGs
[2024-06-16 10:12:24,472] {logging_mixin.py:115} INFO - [2024-06-16 10:12:24,472] {dag.py:2919} INFO - Setting next_dagrun for latest_only to 2024-06-16T06:12:24.472401+00:00, run_after=2024-06-16T10:12:24.472401+00:00
[2024-06-16 10:12:24,497] {processor.py:161} INFO - Processing /home/airflow/.local/lib/python3.7/site-packages/airflow/example_dags/example_latest_only.py took 0.532 seconds
[2024-06-16 10:12:55,474] {processor.py:153} INFO - Started process (PID=785) to work on /home/airflow/.local/lib/python3.7/site-packages/airflow/example_dags/example_latest_only.py
[2024-06-16 10:12:55,476] {processor.py:641} INFO - Processing file /home/airflow/.local/lib/python3.7/site-packages/airflow/example_dags/example_latest_only.py for tasks to queue
[2024-06-16 10:12:55,477] {logging_mixin.py:115} INFO - [2024-06-16 10:12:55,476] {dagbag.py:507} INFO - Filling up the DagBag from /home/airflow/.local/lib/python3.7/site-packages/airflow/example_dags/example_latest_only.py
[2024-06-16 10:12:55,482] {processor.py:651} INFO - DAG(s) dict_keys(['latest_only']) retrieved from /home/airflow/.local/lib/python3.7/site-packages/airflow/example_dags/example_latest_only.py
[2024-06-16 10:12:55,513] {logging_mixin.py:115} INFO - [2024-06-16 10:12:55,513] {dag.py:2371} INFO - Sync 1 DAGs
[2024-06-16 10:12:55,662] {logging_mixin.py:115} INFO - [2024-06-16 10:12:55,662] {dag.py:2919} INFO - Setting next_dagrun for latest_only to 2024-06-16T06:12:55.661864+00:00, run_after=2024-06-16T10:12:55.661864+00:00
[2024-06-16 10:12:55,684] {processor.py:161} INFO - Processing /home/airflow/.local/lib/python3.7/site-packages/airflow/example_dags/example_latest_only.py took 0.214 seconds
[2024-06-16 10:13:25,995] {processor.py:153} INFO - Started process (PID=848) to work on /home/airflow/.local/lib/python3.7/site-packages/airflow/example_dags/example_latest_only.py
[2024-06-16 10:13:25,996] {processor.py:641} INFO - Processing file /home/airflow/.local/lib/python3.7/site-packages/airflow/example_dags/example_latest_only.py for tasks to queue
[2024-06-16 10:13:25,996] {logging_mixin.py:115} INFO - [2024-06-16 10:13:25,996] {dagbag.py:507} INFO - Filling up the DagBag from /home/airflow/.local/lib/python3.7/site-packages/airflow/example_dags/example_latest_only.py
[2024-06-16 10:13:26,009] {processor.py:651} INFO - DAG(s) dict_keys(['latest_only']) retrieved from /home/airflow/.local/lib/python3.7/site-packages/airflow/example_dags/example_latest_only.py
[2024-06-16 10:13:26,072] {logging_mixin.py:115} INFO - [2024-06-16 10:13:26,071] {dag.py:2371} INFO - Sync 1 DAGs
[2024-06-16 10:13:26,295] {logging_mixin.py:115} INFO - [2024-06-16 10:13:26,295] {dag.py:2919} INFO - Setting next_dagrun for latest_only to 2024-06-16T06:13:26.295524+00:00, run_after=2024-06-16T10:13:26.295524+00:00
[2024-06-16 10:13:26,311] {processor.py:161} INFO - Processing /home/airflow/.local/lib/python3.7/site-packages/airflow/example_dags/example_latest_only.py took 0.324 seconds
[2024-06-16 10:13:56,942] {processor.py:153} INFO - Started process (PID=902) to work on /home/airflow/.local/lib/python3.7/site-packages/airflow/example_dags/example_latest_only.py
[2024-06-16 10:13:56,943] {processor.py:641} INFO - Processing file /home/airflow/.local/lib/python3.7/site-packages/airflow/example_dags/example_latest_only.py for tasks to queue
[2024-06-16 10:13:56,944] {logging_mixin.py:115} INFO - [2024-06-16 10:13:56,944] {dagbag.py:507} INFO - Filling up the DagBag from /home/airflow/.local/lib/python3.7/site-packages/airflow/example_dags/example_latest_only.py
[2024-06-16 10:13:56,949] {processor.py:651} INFO - DAG(s) dict_keys(['latest_only']) retrieved from /home/airflow/.local/lib/python3.7/site-packages/airflow/example_dags/example_latest_only.py
[2024-06-16 10:13:56,981] {logging_mixin.py:115} INFO - [2024-06-16 10:13:56,981] {dag.py:2371} INFO - Sync 1 DAGs
[2024-06-16 10:13:57,131] {logging_mixin.py:115} INFO - [2024-06-16 10:13:57,131] {dag.py:2919} INFO - Setting next_dagrun for latest_only to 2024-06-16T06:13:57.131048+00:00, run_after=2024-06-16T10:13:57.131048+00:00
[2024-06-16 10:13:57,166] {processor.py:161} INFO - Processing /home/airflow/.local/lib/python3.7/site-packages/airflow/example_dags/example_latest_only.py took 0.227 seconds
[2024-06-16 10:14:27,506] {processor.py:153} INFO - Started process (PID=966) to work on /home/airflow/.local/lib/python3.7/site-packages/airflow/example_dags/example_latest_only.py
[2024-06-16 10:14:27,507] {processor.py:641} INFO - Processing file /home/airflow/.local/lib/python3.7/site-packages/airflow/example_dags/example_latest_only.py for tasks to queue
[2024-06-16 10:14:27,508] {logging_mixin.py:115} INFO - [2024-06-16 10:14:27,508] {dagbag.py:507} INFO - Filling up the DagBag from /home/airflow/.local/lib/python3.7/site-packages/airflow/example_dags/example_latest_only.py
[2024-06-16 10:14:27,513] {processor.py:651} INFO - DAG(s) dict_keys(['latest_only']) retrieved from /home/airflow/.local/lib/python3.7/site-packages/airflow/example_dags/example_latest_only.py
[2024-06-16 10:14:27,543] {logging_mixin.py:115} INFO - [2024-06-16 10:14:27,543] {dag.py:2371} INFO - Sync 1 DAGs
[2024-06-16 10:14:27,683] {logging_mixin.py:115} INFO - [2024-06-16 10:14:27,683] {dag.py:2919} INFO - Setting next_dagrun for latest_only to 2024-06-16T06:14:27.683638+00:00, run_after=2024-06-16T10:14:27.683638+00:00
[2024-06-16 10:14:27,698] {processor.py:161} INFO - Processing /home/airflow/.local/lib/python3.7/site-packages/airflow/example_dags/example_latest_only.py took 0.194 seconds
[2024-06-16 10:14:58,375] {processor.py:153} INFO - Started process (PID=1027) to work on /home/airflow/.local/lib/python3.7/site-packages/airflow/example_dags/example_latest_only.py
[2024-06-16 10:14:58,376] {processor.py:641} INFO - Processing file /home/airflow/.local/lib/python3.7/site-packages/airflow/example_dags/example_latest_only.py for tasks to queue
[2024-06-16 10:14:58,377] {logging_mixin.py:115} INFO - [2024-06-16 10:14:58,377] {dagbag.py:507} INFO - Filling up the DagBag from /home/airflow/.local/lib/python3.7/site-packages/airflow/example_dags/example_latest_only.py
[2024-06-16 10:14:58,383] {processor.py:651} INFO - DAG(s) dict_keys(['latest_only']) retrieved from /home/airflow/.local/lib/python3.7/site-packages/airflow/example_dags/example_latest_only.py
[2024-06-16 10:14:58,417] {logging_mixin.py:115} INFO - [2024-06-16 10:14:58,417] {dag.py:2371} INFO - Sync 1 DAGs
[2024-06-16 10:14:58,591] {logging_mixin.py:115} INFO - [2024-06-16 10:14:58,591] {dag.py:2919} INFO - Setting next_dagrun for latest_only to 2024-06-16T06:14:58.590932+00:00, run_after=2024-06-16T10:14:58.590932+00:00
[2024-06-16 10:14:58,608] {processor.py:161} INFO - Processing /home/airflow/.local/lib/python3.7/site-packages/airflow/example_dags/example_latest_only.py took 0.237 seconds
[2024-06-16 10:15:29,028] {processor.py:153} INFO - Started process (PID=1082) to work on /home/airflow/.local/lib/python3.7/site-packages/airflow/example_dags/example_latest_only.py
[2024-06-16 10:15:29,028] {processor.py:641} INFO - Processing file /home/airflow/.local/lib/python3.7/site-packages/airflow/example_dags/example_latest_only.py for tasks to queue
[2024-06-16 10:15:29,029] {logging_mixin.py:115} INFO - [2024-06-16 10:15:29,029] {dagbag.py:507} INFO - Filling up the DagBag from /home/airflow/.local/lib/python3.7/site-packages/airflow/example_dags/example_latest_only.py
[2024-06-16 10:15:29,036] {processor.py:651} INFO - DAG(s) dict_keys(['latest_only']) retrieved from /home/airflow/.local/lib/python3.7/site-packages/airflow/example_dags/example_latest_only.py
[2024-06-16 10:15:29,072] {logging_mixin.py:115} INFO - [2024-06-16 10:15:29,072] {dag.py:2371} INFO - Sync 1 DAGs
[2024-06-16 10:15:29,227] {logging_mixin.py:115} INFO - [2024-06-16 10:15:29,227] {dag.py:2919} INFO - Setting next_dagrun for latest_only to 2024-06-16T06:15:29.226843+00:00, run_after=2024-06-16T10:15:29.226843+00:00
[2024-06-16 10:15:29,241] {processor.py:161} INFO - Processing /home/airflow/.local/lib/python3.7/site-packages/airflow/example_dags/example_latest_only.py took 0.218 seconds
[2024-06-16 10:15:59,824] {processor.py:153} INFO - Started process (PID=1145) to work on /home/airflow/.local/lib/python3.7/site-packages/airflow/example_dags/example_latest_only.py
[2024-06-16 10:15:59,824] {processor.py:641} INFO - Processing file /home/airflow/.local/lib/python3.7/site-packages/airflow/example_dags/example_latest_only.py for tasks to queue
[2024-06-16 10:15:59,826] {logging_mixin.py:115} INFO - [2024-06-16 10:15:59,826] {dagbag.py:507} INFO - Filling up the DagBag from /home/airflow/.local/lib/python3.7/site-packages/airflow/example_dags/example_latest_only.py
[2024-06-16 10:15:59,832] {processor.py:651} INFO - DAG(s) dict_keys(['latest_only']) retrieved from /home/airflow/.local/lib/python3.7/site-packages/airflow/example_dags/example_latest_only.py
[2024-06-16 10:15:59,863] {logging_mixin.py:115} INFO - [2024-06-16 10:15:59,863] {dag.py:2371} INFO - Sync 1 DAGs
[2024-06-16 10:16:00,015] {logging_mixin.py:115} INFO - [2024-06-16 10:16:00,015] {dag.py:2919} INFO - Setting next_dagrun for latest_only to 2024-06-16T06:16:00.015406+00:00, run_after=2024-06-16T10:16:00.015406+00:00
[2024-06-16 10:16:00,041] {processor.py:161} INFO - Processing /home/airflow/.local/lib/python3.7/site-packages/airflow/example_dags/example_latest_only.py took 0.221 seconds
[2024-06-16 10:16:30,328] {processor.py:153} INFO - Started process (PID=1199) to work on /home/airflow/.local/lib/python3.7/site-packages/airflow/example_dags/example_latest_only.py
[2024-06-16 10:16:30,328] {processor.py:641} INFO - Processing file /home/airflow/.local/lib/python3.7/site-packages/airflow/example_dags/example_latest_only.py for tasks to queue
[2024-06-16 10:16:30,329] {logging_mixin.py:115} INFO - [2024-06-16 10:16:30,329] {dagbag.py:507} INFO - Filling up the DagBag from /home/airflow/.local/lib/python3.7/site-packages/airflow/example_dags/example_latest_only.py
[2024-06-16 10:16:30,335] {processor.py:651} INFO - DAG(s) dict_keys(['latest_only']) retrieved from /home/airflow/.local/lib/python3.7/site-packages/airflow/example_dags/example_latest_only.py
[2024-06-16 10:16:30,368] {logging_mixin.py:115} INFO - [2024-06-16 10:16:30,368] {dag.py:2371} INFO - Sync 1 DAGs
[2024-06-16 10:16:30,514] {logging_mixin.py:115} INFO - [2024-06-16 10:16:30,514] {dag.py:2919} INFO - Setting next_dagrun for latest_only to 2024-06-16T06:16:30.514225+00:00, run_after=2024-06-16T10:16:30.514225+00:00
[2024-06-16 10:16:30,530] {processor.py:161} INFO - Processing /home/airflow/.local/lib/python3.7/site-packages/airflow/example_dags/example_latest_only.py took 0.206 seconds
[2024-06-16 10:17:00,914] {processor.py:153} INFO - Started process (PID=1261) to work on /home/airflow/.local/lib/python3.7/site-packages/airflow/example_dags/example_latest_only.py
[2024-06-16 10:17:00,914] {processor.py:641} INFO - Processing file /home/airflow/.local/lib/python3.7/site-packages/airflow/example_dags/example_latest_only.py for tasks to queue
[2024-06-16 10:17:00,916] {logging_mixin.py:115} INFO - [2024-06-16 10:17:00,916] {dagbag.py:507} INFO - Filling up the DagBag from /home/airflow/.local/lib/python3.7/site-packages/airflow/example_dags/example_latest_only.py
[2024-06-16 10:17:00,922] {processor.py:651} INFO - DAG(s) dict_keys(['latest_only']) retrieved from /home/airflow/.local/lib/python3.7/site-packages/airflow/example_dags/example_latest_only.py
[2024-06-16 10:17:00,955] {logging_mixin.py:115} INFO - [2024-06-16 10:17:00,955] {dag.py:2371} INFO - Sync 1 DAGs
[2024-06-16 10:17:00,979] {logging_mixin.py:115} INFO - [2024-06-16 10:17:00,979] {dag.py:2919} INFO - Setting next_dagrun for latest_only to 2024-06-16T06:17:00.978905+00:00, run_after=2024-06-16T10:17:00.978905+00:00
[2024-06-16 10:17:01,000] {processor.py:161} INFO - Processing /home/airflow/.local/lib/python3.7/site-packages/airflow/example_dags/example_latest_only.py took 0.090 seconds
[2024-06-16 10:17:31,759] {processor.py:153} INFO - Started process (PID=1325) to work on /home/airflow/.local/lib/python3.7/site-packages/airflow/example_dags/example_latest_only.py
[2024-06-16 10:17:31,760] {processor.py:641} INFO - Processing file /home/airflow/.local/lib/python3.7/site-packages/airflow/example_dags/example_latest_only.py for tasks to queue
[2024-06-16 10:17:31,762] {logging_mixin.py:115} INFO - [2024-06-16 10:17:31,762] {dagbag.py:507} INFO - Filling up the DagBag from /home/airflow/.local/lib/python3.7/site-packages/airflow/example_dags/example_latest_only.py
[2024-06-16 10:17:31,769] {processor.py:651} INFO - DAG(s) dict_keys(['latest_only']) retrieved from /home/airflow/.local/lib/python3.7/site-packages/airflow/example_dags/example_latest_only.py
[2024-06-16 10:17:31,818] {logging_mixin.py:115} INFO - [2024-06-16 10:17:31,818] {dag.py:2371} INFO - Sync 1 DAGs
[2024-06-16 10:17:31,846] {logging_mixin.py:115} INFO - [2024-06-16 10:17:31,846] {dag.py:2919} INFO - Setting next_dagrun for latest_only to 2024-06-16T06:17:31.846371+00:00, run_after=2024-06-16T10:17:31.846371+00:00
[2024-06-16 10:17:31,873] {processor.py:161} INFO - Processing /home/airflow/.local/lib/python3.7/site-packages/airflow/example_dags/example_latest_only.py took 0.119 seconds
[2024-06-16 10:18:02,093] {processor.py:153} INFO - Started process (PID=1380) to work on /home/airflow/.local/lib/python3.7/site-packages/airflow/example_dags/example_latest_only.py
[2024-06-16 10:18:02,094] {processor.py:641} INFO - Processing file /home/airflow/.local/lib/python3.7/site-packages/airflow/example_dags/example_latest_only.py for tasks to queue
[2024-06-16 10:18:02,095] {logging_mixin.py:115} INFO - [2024-06-16 10:18:02,095] {dagbag.py:507} INFO - Filling up the DagBag from /home/airflow/.local/lib/python3.7/site-packages/airflow/example_dags/example_latest_only.py
[2024-06-16 10:18:02,100] {processor.py:651} INFO - DAG(s) dict_keys(['latest_only']) retrieved from /home/airflow/.local/lib/python3.7/site-packages/airflow/example_dags/example_latest_only.py
[2024-06-16 10:18:02,134] {logging_mixin.py:115} INFO - [2024-06-16 10:18:02,134] {dag.py:2371} INFO - Sync 1 DAGs
[2024-06-16 10:18:02,158] {logging_mixin.py:115} INFO - [2024-06-16 10:18:02,158] {dag.py:2919} INFO - Setting next_dagrun for latest_only to 2024-06-16T06:18:02.157949+00:00, run_after=2024-06-16T10:18:02.157949+00:00
[2024-06-16 10:18:02,177] {processor.py:161} INFO - Processing /home/airflow/.local/lib/python3.7/site-packages/airflow/example_dags/example_latest_only.py took 0.088 seconds
[2024-06-16 10:18:33,288] {processor.py:153} INFO - Started process (PID=1444) to work on /home/airflow/.local/lib/python3.7/site-packages/airflow/example_dags/example_latest_only.py
[2024-06-16 10:18:33,289] {processor.py:641} INFO - Processing file /home/airflow/.local/lib/python3.7/site-packages/airflow/example_dags/example_latest_only.py for tasks to queue
[2024-06-16 10:18:33,290] {logging_mixin.py:115} INFO - [2024-06-16 10:18:33,290] {dagbag.py:507} INFO - Filling up the DagBag from /home/airflow/.local/lib/python3.7/site-packages/airflow/example_dags/example_latest_only.py
[2024-06-16 10:18:33,296] {processor.py:651} INFO - DAG(s) dict_keys(['latest_only']) retrieved from /home/airflow/.local/lib/python3.7/site-packages/airflow/example_dags/example_latest_only.py
[2024-06-16 10:18:33,333] {logging_mixin.py:115} INFO - [2024-06-16 10:18:33,333] {dag.py:2371} INFO - Sync 1 DAGs
[2024-06-16 10:18:33,363] {logging_mixin.py:115} INFO - [2024-06-16 10:18:33,363] {dag.py:2919} INFO - Setting next_dagrun for latest_only to 2024-06-16T06:18:33.361678+00:00, run_after=2024-06-16T10:18:33.361678+00:00
[2024-06-16 10:18:33,386] {processor.py:161} INFO - Processing /home/airflow/.local/lib/python3.7/site-packages/airflow/example_dags/example_latest_only.py took 0.118 seconds
[2024-06-16 10:19:03,794] {processor.py:153} INFO - Started process (PID=1498) to work on /home/airflow/.local/lib/python3.7/site-packages/airflow/example_dags/example_latest_only.py
[2024-06-16 10:19:03,795] {processor.py:641} INFO - Processing file /home/airflow/.local/lib/python3.7/site-packages/airflow/example_dags/example_latest_only.py for tasks to queue
[2024-06-16 10:19:03,796] {logging_mixin.py:115} INFO - [2024-06-16 10:19:03,796] {dagbag.py:507} INFO - Filling up the DagBag from /home/airflow/.local/lib/python3.7/site-packages/airflow/example_dags/example_latest_only.py
[2024-06-16 10:19:03,801] {processor.py:651} INFO - DAG(s) dict_keys(['latest_only']) retrieved from /home/airflow/.local/lib/python3.7/site-packages/airflow/example_dags/example_latest_only.py
[2024-06-16 10:19:03,836] {logging_mixin.py:115} INFO - [2024-06-16 10:19:03,836] {dag.py:2371} INFO - Sync 1 DAGs
[2024-06-16 10:19:03,859] {logging_mixin.py:115} INFO - [2024-06-16 10:19:03,859] {dag.py:2919} INFO - Setting next_dagrun for latest_only to 2024-06-16T06:19:03.859133+00:00, run_after=2024-06-16T10:19:03.859133+00:00
[2024-06-16 10:19:03,877] {processor.py:161} INFO - Processing /home/airflow/.local/lib/python3.7/site-packages/airflow/example_dags/example_latest_only.py took 0.086 seconds
