[2024-06-16 10:06:41,364] {processor.py:153} INFO - Started process (PID=48) to work on /home/airflow/.local/lib/python3.7/site-packages/airflow/example_dags/example_branch_operator_decorator.py
[2024-06-16 10:06:41,365] {processor.py:641} INFO - Processing file /home/airflow/.local/lib/python3.7/site-packages/airflow/example_dags/example_branch_operator_decorator.py for tasks to queue
[2024-06-16 10:06:41,366] {logging_mixin.py:115} INFO - [2024-06-16 10:06:41,366] {dagbag.py:507} INFO - Filling up the DagBag from /home/airflow/.local/lib/python3.7/site-packages/airflow/example_dags/example_branch_operator_decorator.py
[2024-06-16 10:06:41,399] {processor.py:651} INFO - DAG(s) dict_keys(['example_branch_python_operator_decorator']) retrieved from /home/airflow/.local/lib/python3.7/site-packages/airflow/example_dags/example_branch_operator_decorator.py
[2024-06-16 10:06:41,550] {logging_mixin.py:115} INFO - [2024-06-16 10:06:41,550] {dag.py:2371} INFO - Sync 1 DAGs
[2024-06-16 10:06:41,572] {logging_mixin.py:115} INFO - [2024-06-16 10:06:41,572] {dag.py:2919} INFO - Setting next_dagrun for example_branch_python_operator_decorator to 2024-06-15T00:00:00+00:00, run_after=2024-06-16T00:00:00+00:00
[2024-06-16 10:06:41,592] {processor.py:161} INFO - Processing /home/airflow/.local/lib/python3.7/site-packages/airflow/example_dags/example_branch_operator_decorator.py took 0.231 seconds
[2024-06-16 10:07:12,393] {processor.py:153} INFO - Started process (PID=110) to work on /home/airflow/.local/lib/python3.7/site-packages/airflow/example_dags/example_branch_operator_decorator.py
[2024-06-16 10:07:12,394] {processor.py:641} INFO - Processing file /home/airflow/.local/lib/python3.7/site-packages/airflow/example_dags/example_branch_operator_decorator.py for tasks to queue
[2024-06-16 10:07:12,394] {logging_mixin.py:115} INFO - [2024-06-16 10:07:12,394] {dagbag.py:507} INFO - Filling up the DagBag from /home/airflow/.local/lib/python3.7/site-packages/airflow/example_dags/example_branch_operator_decorator.py
[2024-06-16 10:07:12,417] {processor.py:651} INFO - DAG(s) dict_keys(['example_branch_python_operator_decorator']) retrieved from /home/airflow/.local/lib/python3.7/site-packages/airflow/example_dags/example_branch_operator_decorator.py
[2024-06-16 10:07:12,590] {logging_mixin.py:115} INFO - [2024-06-16 10:07:12,589] {dag.py:2371} INFO - Sync 1 DAGs
[2024-06-16 10:07:12,615] {logging_mixin.py:115} INFO - [2024-06-16 10:07:12,615] {dag.py:2919} INFO - Setting next_dagrun for example_branch_python_operator_decorator to 2024-06-15T00:00:00+00:00, run_after=2024-06-16T00:00:00+00:00
[2024-06-16 10:07:12,962] {processor.py:161} INFO - Processing /home/airflow/.local/lib/python3.7/site-packages/airflow/example_dags/example_branch_operator_decorator.py took 0.573 seconds
[2024-06-16 10:07:43,924] {processor.py:153} INFO - Started process (PID=165) to work on /home/airflow/.local/lib/python3.7/site-packages/airflow/example_dags/example_branch_operator_decorator.py
[2024-06-16 10:07:43,925] {processor.py:641} INFO - Processing file /home/airflow/.local/lib/python3.7/site-packages/airflow/example_dags/example_branch_operator_decorator.py for tasks to queue
[2024-06-16 10:07:43,927] {logging_mixin.py:115} INFO - [2024-06-16 10:07:43,927] {dagbag.py:507} INFO - Filling up the DagBag from /home/airflow/.local/lib/python3.7/site-packages/airflow/example_dags/example_branch_operator_decorator.py
[2024-06-16 10:07:43,949] {processor.py:651} INFO - DAG(s) dict_keys(['example_branch_python_operator_decorator']) retrieved from /home/airflow/.local/lib/python3.7/site-packages/airflow/example_dags/example_branch_operator_decorator.py
[2024-06-16 10:07:44,236] {logging_mixin.py:115} INFO - [2024-06-16 10:07:44,236] {dag.py:2371} INFO - Sync 1 DAGs
[2024-06-16 10:07:44,290] {logging_mixin.py:115} INFO - [2024-06-16 10:07:44,290] {dag.py:2919} INFO - Setting next_dagrun for example_branch_python_operator_decorator to 2024-06-15T00:00:00+00:00, run_after=2024-06-16T00:00:00+00:00
[2024-06-16 10:07:44,334] {processor.py:161} INFO - Processing /home/airflow/.local/lib/python3.7/site-packages/airflow/example_dags/example_branch_operator_decorator.py took 0.414 seconds
[2024-06-16 10:08:14,397] {processor.py:153} INFO - Started process (PID=227) to work on /home/airflow/.local/lib/python3.7/site-packages/airflow/example_dags/example_branch_operator_decorator.py
[2024-06-16 10:08:14,398] {processor.py:641} INFO - Processing file /home/airflow/.local/lib/python3.7/site-packages/airflow/example_dags/example_branch_operator_decorator.py for tasks to queue
[2024-06-16 10:08:14,399] {logging_mixin.py:115} INFO - [2024-06-16 10:08:14,399] {dagbag.py:507} INFO - Filling up the DagBag from /home/airflow/.local/lib/python3.7/site-packages/airflow/example_dags/example_branch_operator_decorator.py
[2024-06-16 10:08:14,425] {processor.py:651} INFO - DAG(s) dict_keys(['example_branch_python_operator_decorator']) retrieved from /home/airflow/.local/lib/python3.7/site-packages/airflow/example_dags/example_branch_operator_decorator.py
[2024-06-16 10:08:14,591] {logging_mixin.py:115} INFO - [2024-06-16 10:08:14,591] {dag.py:2371} INFO - Sync 1 DAGs
[2024-06-16 10:08:14,614] {logging_mixin.py:115} INFO - [2024-06-16 10:08:14,614] {dag.py:2919} INFO - Setting next_dagrun for example_branch_python_operator_decorator to 2024-06-15T00:00:00+00:00, run_after=2024-06-16T00:00:00+00:00
[2024-06-16 10:08:14,633] {processor.py:161} INFO - Processing /home/airflow/.local/lib/python3.7/site-packages/airflow/example_dags/example_branch_operator_decorator.py took 0.240 seconds
[2024-06-16 10:08:44,861] {processor.py:153} INFO - Started process (PID=289) to work on /home/airflow/.local/lib/python3.7/site-packages/airflow/example_dags/example_branch_operator_decorator.py
[2024-06-16 10:08:44,862] {processor.py:641} INFO - Processing file /home/airflow/.local/lib/python3.7/site-packages/airflow/example_dags/example_branch_operator_decorator.py for tasks to queue
[2024-06-16 10:08:44,862] {logging_mixin.py:115} INFO - [2024-06-16 10:08:44,862] {dagbag.py:507} INFO - Filling up the DagBag from /home/airflow/.local/lib/python3.7/site-packages/airflow/example_dags/example_branch_operator_decorator.py
[2024-06-16 10:08:44,882] {processor.py:651} INFO - DAG(s) dict_keys(['example_branch_python_operator_decorator']) retrieved from /home/airflow/.local/lib/python3.7/site-packages/airflow/example_dags/example_branch_operator_decorator.py
[2024-06-16 10:08:45,030] {logging_mixin.py:115} INFO - [2024-06-16 10:08:45,030] {dag.py:2371} INFO - Sync 1 DAGs
[2024-06-16 10:08:45,051] {logging_mixin.py:115} INFO - [2024-06-16 10:08:45,051] {dag.py:2919} INFO - Setting next_dagrun for example_branch_python_operator_decorator to 2024-06-15T00:00:00+00:00, run_after=2024-06-16T00:00:00+00:00
[2024-06-16 10:08:45,066] {processor.py:161} INFO - Processing /home/airflow/.local/lib/python3.7/site-packages/airflow/example_dags/example_branch_operator_decorator.py took 0.208 seconds
[2024-06-16 10:09:15,289] {processor.py:153} INFO - Started process (PID=344) to work on /home/airflow/.local/lib/python3.7/site-packages/airflow/example_dags/example_branch_operator_decorator.py
[2024-06-16 10:09:15,290] {processor.py:641} INFO - Processing file /home/airflow/.local/lib/python3.7/site-packages/airflow/example_dags/example_branch_operator_decorator.py for tasks to queue
[2024-06-16 10:09:15,291] {logging_mixin.py:115} INFO - [2024-06-16 10:09:15,291] {dagbag.py:507} INFO - Filling up the DagBag from /home/airflow/.local/lib/python3.7/site-packages/airflow/example_dags/example_branch_operator_decorator.py
[2024-06-16 10:09:15,309] {processor.py:651} INFO - DAG(s) dict_keys(['example_branch_python_operator_decorator']) retrieved from /home/airflow/.local/lib/python3.7/site-packages/airflow/example_dags/example_branch_operator_decorator.py
[2024-06-16 10:09:15,461] {logging_mixin.py:115} INFO - [2024-06-16 10:09:15,460] {dag.py:2371} INFO - Sync 1 DAGs
[2024-06-16 10:09:15,481] {logging_mixin.py:115} INFO - [2024-06-16 10:09:15,481] {dag.py:2919} INFO - Setting next_dagrun for example_branch_python_operator_decorator to 2024-06-15T00:00:00+00:00, run_after=2024-06-16T00:00:00+00:00
[2024-06-16 10:09:15,498] {processor.py:161} INFO - Processing /home/airflow/.local/lib/python3.7/site-packages/airflow/example_dags/example_branch_operator_decorator.py took 0.212 seconds
[2024-06-16 10:09:45,569] {processor.py:153} INFO - Started process (PID=408) to work on /home/airflow/.local/lib/python3.7/site-packages/airflow/example_dags/example_branch_operator_decorator.py
[2024-06-16 10:09:45,570] {processor.py:641} INFO - Processing file /home/airflow/.local/lib/python3.7/site-packages/airflow/example_dags/example_branch_operator_decorator.py for tasks to queue
[2024-06-16 10:09:45,572] {logging_mixin.py:115} INFO - [2024-06-16 10:09:45,571] {dagbag.py:507} INFO - Filling up the DagBag from /home/airflow/.local/lib/python3.7/site-packages/airflow/example_dags/example_branch_operator_decorator.py
[2024-06-16 10:09:45,593] {processor.py:651} INFO - DAG(s) dict_keys(['example_branch_python_operator_decorator']) retrieved from /home/airflow/.local/lib/python3.7/site-packages/airflow/example_dags/example_branch_operator_decorator.py
[2024-06-16 10:09:45,745] {logging_mixin.py:115} INFO - [2024-06-16 10:09:45,745] {dag.py:2371} INFO - Sync 1 DAGs
[2024-06-16 10:09:45,771] {logging_mixin.py:115} INFO - [2024-06-16 10:09:45,771] {dag.py:2919} INFO - Setting next_dagrun for example_branch_python_operator_decorator to 2024-06-15T00:00:00+00:00, run_after=2024-06-16T00:00:00+00:00
[2024-06-16 10:09:45,788] {processor.py:161} INFO - Processing /home/airflow/.local/lib/python3.7/site-packages/airflow/example_dags/example_branch_operator_decorator.py took 0.222 seconds
[2024-06-16 10:10:16,085] {processor.py:153} INFO - Started process (PID=463) to work on /home/airflow/.local/lib/python3.7/site-packages/airflow/example_dags/example_branch_operator_decorator.py
[2024-06-16 10:10:16,086] {processor.py:641} INFO - Processing file /home/airflow/.local/lib/python3.7/site-packages/airflow/example_dags/example_branch_operator_decorator.py for tasks to queue
[2024-06-16 10:10:16,087] {logging_mixin.py:115} INFO - [2024-06-16 10:10:16,086] {dagbag.py:507} INFO - Filling up the DagBag from /home/airflow/.local/lib/python3.7/site-packages/airflow/example_dags/example_branch_operator_decorator.py
[2024-06-16 10:10:16,105] {processor.py:651} INFO - DAG(s) dict_keys(['example_branch_python_operator_decorator']) retrieved from /home/airflow/.local/lib/python3.7/site-packages/airflow/example_dags/example_branch_operator_decorator.py
[2024-06-16 10:10:16,252] {logging_mixin.py:115} INFO - [2024-06-16 10:10:16,252] {dag.py:2371} INFO - Sync 1 DAGs
[2024-06-16 10:10:16,273] {logging_mixin.py:115} INFO - [2024-06-16 10:10:16,273] {dag.py:2919} INFO - Setting next_dagrun for example_branch_python_operator_decorator to 2024-06-15T00:00:00+00:00, run_after=2024-06-16T00:00:00+00:00
[2024-06-16 10:10:16,287] {processor.py:161} INFO - Processing /home/airflow/.local/lib/python3.7/site-packages/airflow/example_dags/example_branch_operator_decorator.py took 0.206 seconds
[2024-06-16 10:10:46,356] {processor.py:153} INFO - Started process (PID=526) to work on /home/airflow/.local/lib/python3.7/site-packages/airflow/example_dags/example_branch_operator_decorator.py
[2024-06-16 10:10:46,358] {processor.py:641} INFO - Processing file /home/airflow/.local/lib/python3.7/site-packages/airflow/example_dags/example_branch_operator_decorator.py for tasks to queue
[2024-06-16 10:10:46,364] {logging_mixin.py:115} INFO - [2024-06-16 10:10:46,364] {dagbag.py:507} INFO - Filling up the DagBag from /home/airflow/.local/lib/python3.7/site-packages/airflow/example_dags/example_branch_operator_decorator.py
[2024-06-16 10:10:46,391] {processor.py:651} INFO - DAG(s) dict_keys(['example_branch_python_operator_decorator']) retrieved from /home/airflow/.local/lib/python3.7/site-packages/airflow/example_dags/example_branch_operator_decorator.py
[2024-06-16 10:10:46,539] {logging_mixin.py:115} INFO - [2024-06-16 10:10:46,539] {dag.py:2371} INFO - Sync 1 DAGs
[2024-06-16 10:10:46,560] {logging_mixin.py:115} INFO - [2024-06-16 10:10:46,560] {dag.py:2919} INFO - Setting next_dagrun for example_branch_python_operator_decorator to 2024-06-15T00:00:00+00:00, run_after=2024-06-16T00:00:00+00:00
[2024-06-16 10:10:46,574] {processor.py:161} INFO - Processing /home/airflow/.local/lib/python3.7/site-packages/airflow/example_dags/example_branch_operator_decorator.py took 0.221 seconds
[2024-06-16 10:11:16,653] {processor.py:153} INFO - Started process (PID=589) to work on /home/airflow/.local/lib/python3.7/site-packages/airflow/example_dags/example_branch_operator_decorator.py
[2024-06-16 10:11:16,654] {processor.py:641} INFO - Processing file /home/airflow/.local/lib/python3.7/site-packages/airflow/example_dags/example_branch_operator_decorator.py for tasks to queue
[2024-06-16 10:11:16,655] {logging_mixin.py:115} INFO - [2024-06-16 10:11:16,654] {dagbag.py:507} INFO - Filling up the DagBag from /home/airflow/.local/lib/python3.7/site-packages/airflow/example_dags/example_branch_operator_decorator.py
[2024-06-16 10:11:16,674] {processor.py:651} INFO - DAG(s) dict_keys(['example_branch_python_operator_decorator']) retrieved from /home/airflow/.local/lib/python3.7/site-packages/airflow/example_dags/example_branch_operator_decorator.py
[2024-06-16 10:11:16,826] {logging_mixin.py:115} INFO - [2024-06-16 10:11:16,826] {dag.py:2371} INFO - Sync 1 DAGs
[2024-06-16 10:11:16,849] {logging_mixin.py:115} INFO - [2024-06-16 10:11:16,849] {dag.py:2919} INFO - Setting next_dagrun for example_branch_python_operator_decorator to 2024-06-15T00:00:00+00:00, run_after=2024-06-16T00:00:00+00:00
[2024-06-16 10:11:16,863] {processor.py:161} INFO - Processing /home/airflow/.local/lib/python3.7/site-packages/airflow/example_dags/example_branch_operator_decorator.py took 0.214 seconds
[2024-06-16 10:11:47,045] {processor.py:153} INFO - Started process (PID=643) to work on /home/airflow/.local/lib/python3.7/site-packages/airflow/example_dags/example_branch_operator_decorator.py
[2024-06-16 10:11:47,046] {processor.py:641} INFO - Processing file /home/airflow/.local/lib/python3.7/site-packages/airflow/example_dags/example_branch_operator_decorator.py for tasks to queue
[2024-06-16 10:11:47,049] {logging_mixin.py:115} INFO - [2024-06-16 10:11:47,048] {dagbag.py:507} INFO - Filling up the DagBag from /home/airflow/.local/lib/python3.7/site-packages/airflow/example_dags/example_branch_operator_decorator.py
[2024-06-16 10:11:47,077] {processor.py:651} INFO - DAG(s) dict_keys(['example_branch_python_operator_decorator']) retrieved from /home/airflow/.local/lib/python3.7/site-packages/airflow/example_dags/example_branch_operator_decorator.py
[2024-06-16 10:11:47,222] {logging_mixin.py:115} INFO - [2024-06-16 10:11:47,222] {dag.py:2371} INFO - Sync 1 DAGs
[2024-06-16 10:11:47,247] {logging_mixin.py:115} INFO - [2024-06-16 10:11:47,246] {dag.py:2919} INFO - Setting next_dagrun for example_branch_python_operator_decorator to 2024-06-15T00:00:00+00:00, run_after=2024-06-16T00:00:00+00:00
[2024-06-16 10:11:47,260] {processor.py:161} INFO - Processing /home/airflow/.local/lib/python3.7/site-packages/airflow/example_dags/example_branch_operator_decorator.py took 0.219 seconds
[2024-06-16 10:12:17,350] {processor.py:153} INFO - Started process (PID=705) to work on /home/airflow/.local/lib/python3.7/site-packages/airflow/example_dags/example_branch_operator_decorator.py
[2024-06-16 10:12:17,351] {processor.py:641} INFO - Processing file /home/airflow/.local/lib/python3.7/site-packages/airflow/example_dags/example_branch_operator_decorator.py for tasks to queue
[2024-06-16 10:12:17,352] {logging_mixin.py:115} INFO - [2024-06-16 10:12:17,352] {dagbag.py:507} INFO - Filling up the DagBag from /home/airflow/.local/lib/python3.7/site-packages/airflow/example_dags/example_branch_operator_decorator.py
[2024-06-16 10:12:17,375] {processor.py:651} INFO - DAG(s) dict_keys(['example_branch_python_operator_decorator']) retrieved from /home/airflow/.local/lib/python3.7/site-packages/airflow/example_dags/example_branch_operator_decorator.py
[2024-06-16 10:12:17,518] {logging_mixin.py:115} INFO - [2024-06-16 10:12:17,518] {dag.py:2371} INFO - Sync 1 DAGs
[2024-06-16 10:12:17,539] {logging_mixin.py:115} INFO - [2024-06-16 10:12:17,539] {dag.py:2919} INFO - Setting next_dagrun for example_branch_python_operator_decorator to 2024-06-15T00:00:00+00:00, run_after=2024-06-16T00:00:00+00:00
[2024-06-16 10:12:17,552] {processor.py:161} INFO - Processing /home/airflow/.local/lib/python3.7/site-packages/airflow/example_dags/example_branch_operator_decorator.py took 0.205 seconds
[2024-06-16 10:12:47,638] {processor.py:153} INFO - Started process (PID=759) to work on /home/airflow/.local/lib/python3.7/site-packages/airflow/example_dags/example_branch_operator_decorator.py
[2024-06-16 10:12:47,639] {processor.py:641} INFO - Processing file /home/airflow/.local/lib/python3.7/site-packages/airflow/example_dags/example_branch_operator_decorator.py for tasks to queue
[2024-06-16 10:12:47,639] {logging_mixin.py:115} INFO - [2024-06-16 10:12:47,639] {dagbag.py:507} INFO - Filling up the DagBag from /home/airflow/.local/lib/python3.7/site-packages/airflow/example_dags/example_branch_operator_decorator.py
[2024-06-16 10:12:47,663] {processor.py:651} INFO - DAG(s) dict_keys(['example_branch_python_operator_decorator']) retrieved from /home/airflow/.local/lib/python3.7/site-packages/airflow/example_dags/example_branch_operator_decorator.py
[2024-06-16 10:12:47,812] {logging_mixin.py:115} INFO - [2024-06-16 10:12:47,812] {dag.py:2371} INFO - Sync 1 DAGs
[2024-06-16 10:12:47,833] {logging_mixin.py:115} INFO - [2024-06-16 10:12:47,833] {dag.py:2919} INFO - Setting next_dagrun for example_branch_python_operator_decorator to 2024-06-15T00:00:00+00:00, run_after=2024-06-16T00:00:00+00:00
[2024-06-16 10:12:47,847] {processor.py:161} INFO - Processing /home/airflow/.local/lib/python3.7/site-packages/airflow/example_dags/example_branch_operator_decorator.py took 0.213 seconds
[2024-06-16 10:13:17,932] {processor.py:153} INFO - Started process (PID=821) to work on /home/airflow/.local/lib/python3.7/site-packages/airflow/example_dags/example_branch_operator_decorator.py
[2024-06-16 10:13:17,933] {processor.py:641} INFO - Processing file /home/airflow/.local/lib/python3.7/site-packages/airflow/example_dags/example_branch_operator_decorator.py for tasks to queue
[2024-06-16 10:13:17,934] {logging_mixin.py:115} INFO - [2024-06-16 10:13:17,934] {dagbag.py:507} INFO - Filling up the DagBag from /home/airflow/.local/lib/python3.7/site-packages/airflow/example_dags/example_branch_operator_decorator.py
[2024-06-16 10:13:17,956] {processor.py:651} INFO - DAG(s) dict_keys(['example_branch_python_operator_decorator']) retrieved from /home/airflow/.local/lib/python3.7/site-packages/airflow/example_dags/example_branch_operator_decorator.py
[2024-06-16 10:13:18,112] {logging_mixin.py:115} INFO - [2024-06-16 10:13:18,112] {dag.py:2371} INFO - Sync 1 DAGs
[2024-06-16 10:13:18,138] {logging_mixin.py:115} INFO - [2024-06-16 10:13:18,138] {dag.py:2919} INFO - Setting next_dagrun for example_branch_python_operator_decorator to 2024-06-15T00:00:00+00:00, run_after=2024-06-16T00:00:00+00:00
[2024-06-16 10:13:18,154] {processor.py:161} INFO - Processing /home/airflow/.local/lib/python3.7/site-packages/airflow/example_dags/example_branch_operator_decorator.py took 0.225 seconds
[2024-06-16 10:13:48,433] {processor.py:153} INFO - Started process (PID=882) to work on /home/airflow/.local/lib/python3.7/site-packages/airflow/example_dags/example_branch_operator_decorator.py
[2024-06-16 10:13:48,434] {processor.py:641} INFO - Processing file /home/airflow/.local/lib/python3.7/site-packages/airflow/example_dags/example_branch_operator_decorator.py for tasks to queue
[2024-06-16 10:13:48,435] {logging_mixin.py:115} INFO - [2024-06-16 10:13:48,435] {dagbag.py:507} INFO - Filling up the DagBag from /home/airflow/.local/lib/python3.7/site-packages/airflow/example_dags/example_branch_operator_decorator.py
[2024-06-16 10:13:48,459] {processor.py:651} INFO - DAG(s) dict_keys(['example_branch_python_operator_decorator']) retrieved from /home/airflow/.local/lib/python3.7/site-packages/airflow/example_dags/example_branch_operator_decorator.py
[2024-06-16 10:13:48,611] {logging_mixin.py:115} INFO - [2024-06-16 10:13:48,610] {dag.py:2371} INFO - Sync 1 DAGs
[2024-06-16 10:13:48,633] {logging_mixin.py:115} INFO - [2024-06-16 10:13:48,633] {dag.py:2919} INFO - Setting next_dagrun for example_branch_python_operator_decorator to 2024-06-15T00:00:00+00:00, run_after=2024-06-16T00:00:00+00:00
[2024-06-16 10:13:48,665] {processor.py:161} INFO - Processing /home/airflow/.local/lib/python3.7/site-packages/airflow/example_dags/example_branch_operator_decorator.py took 0.235 seconds
[2024-06-16 10:14:19,497] {processor.py:153} INFO - Started process (PID=939) to work on /home/airflow/.local/lib/python3.7/site-packages/airflow/example_dags/example_branch_operator_decorator.py
[2024-06-16 10:14:19,498] {processor.py:641} INFO - Processing file /home/airflow/.local/lib/python3.7/site-packages/airflow/example_dags/example_branch_operator_decorator.py for tasks to queue
[2024-06-16 10:14:19,499] {logging_mixin.py:115} INFO - [2024-06-16 10:14:19,499] {dagbag.py:507} INFO - Filling up the DagBag from /home/airflow/.local/lib/python3.7/site-packages/airflow/example_dags/example_branch_operator_decorator.py
[2024-06-16 10:14:19,520] {processor.py:651} INFO - DAG(s) dict_keys(['example_branch_python_operator_decorator']) retrieved from /home/airflow/.local/lib/python3.7/site-packages/airflow/example_dags/example_branch_operator_decorator.py
[2024-06-16 10:14:19,660] {logging_mixin.py:115} INFO - [2024-06-16 10:14:19,660] {dag.py:2371} INFO - Sync 1 DAGs
[2024-06-16 10:14:19,681] {logging_mixin.py:115} INFO - [2024-06-16 10:14:19,681] {dag.py:2919} INFO - Setting next_dagrun for example_branch_python_operator_decorator to 2024-06-15T00:00:00+00:00, run_after=2024-06-16T00:00:00+00:00
[2024-06-16 10:14:19,701] {processor.py:161} INFO - Processing /home/airflow/.local/lib/python3.7/site-packages/airflow/example_dags/example_branch_operator_decorator.py took 0.207 seconds
[2024-06-16 10:14:50,100] {processor.py:153} INFO - Started process (PID=1002) to work on /home/airflow/.local/lib/python3.7/site-packages/airflow/example_dags/example_branch_operator_decorator.py
[2024-06-16 10:14:50,101] {processor.py:641} INFO - Processing file /home/airflow/.local/lib/python3.7/site-packages/airflow/example_dags/example_branch_operator_decorator.py for tasks to queue
[2024-06-16 10:14:50,102] {logging_mixin.py:115} INFO - [2024-06-16 10:14:50,102] {dagbag.py:507} INFO - Filling up the DagBag from /home/airflow/.local/lib/python3.7/site-packages/airflow/example_dags/example_branch_operator_decorator.py
[2024-06-16 10:14:50,126] {processor.py:651} INFO - DAG(s) dict_keys(['example_branch_python_operator_decorator']) retrieved from /home/airflow/.local/lib/python3.7/site-packages/airflow/example_dags/example_branch_operator_decorator.py
[2024-06-16 10:14:50,275] {logging_mixin.py:115} INFO - [2024-06-16 10:14:50,275] {dag.py:2371} INFO - Sync 1 DAGs
[2024-06-16 10:14:50,304] {logging_mixin.py:115} INFO - [2024-06-16 10:14:50,304] {dag.py:2919} INFO - Setting next_dagrun for example_branch_python_operator_decorator to 2024-06-15T00:00:00+00:00, run_after=2024-06-16T00:00:00+00:00
[2024-06-16 10:14:50,318] {processor.py:161} INFO - Processing /home/airflow/.local/lib/python3.7/site-packages/airflow/example_dags/example_branch_operator_decorator.py took 0.221 seconds
[2024-06-16 10:15:20,882] {processor.py:153} INFO - Started process (PID=1055) to work on /home/airflow/.local/lib/python3.7/site-packages/airflow/example_dags/example_branch_operator_decorator.py
[2024-06-16 10:15:20,883] {processor.py:641} INFO - Processing file /home/airflow/.local/lib/python3.7/site-packages/airflow/example_dags/example_branch_operator_decorator.py for tasks to queue
[2024-06-16 10:15:20,884] {logging_mixin.py:115} INFO - [2024-06-16 10:15:20,884] {dagbag.py:507} INFO - Filling up the DagBag from /home/airflow/.local/lib/python3.7/site-packages/airflow/example_dags/example_branch_operator_decorator.py
[2024-06-16 10:15:20,908] {processor.py:651} INFO - DAG(s) dict_keys(['example_branch_python_operator_decorator']) retrieved from /home/airflow/.local/lib/python3.7/site-packages/airflow/example_dags/example_branch_operator_decorator.py
[2024-06-16 10:15:21,055] {logging_mixin.py:115} INFO - [2024-06-16 10:15:21,055] {dag.py:2371} INFO - Sync 1 DAGs
[2024-06-16 10:15:21,076] {logging_mixin.py:115} INFO - [2024-06-16 10:15:21,076] {dag.py:2919} INFO - Setting next_dagrun for example_branch_python_operator_decorator to 2024-06-15T00:00:00+00:00, run_after=2024-06-16T00:00:00+00:00
[2024-06-16 10:15:21,090] {processor.py:161} INFO - Processing /home/airflow/.local/lib/python3.7/site-packages/airflow/example_dags/example_branch_operator_decorator.py took 0.212 seconds
[2024-06-16 10:15:51,154] {processor.py:153} INFO - Started process (PID=1118) to work on /home/airflow/.local/lib/python3.7/site-packages/airflow/example_dags/example_branch_operator_decorator.py
[2024-06-16 10:15:51,155] {processor.py:641} INFO - Processing file /home/airflow/.local/lib/python3.7/site-packages/airflow/example_dags/example_branch_operator_decorator.py for tasks to queue
[2024-06-16 10:15:51,156] {logging_mixin.py:115} INFO - [2024-06-16 10:15:51,156] {dagbag.py:507} INFO - Filling up the DagBag from /home/airflow/.local/lib/python3.7/site-packages/airflow/example_dags/example_branch_operator_decorator.py
[2024-06-16 10:15:51,181] {processor.py:651} INFO - DAG(s) dict_keys(['example_branch_python_operator_decorator']) retrieved from /home/airflow/.local/lib/python3.7/site-packages/airflow/example_dags/example_branch_operator_decorator.py
[2024-06-16 10:15:51,320] {logging_mixin.py:115} INFO - [2024-06-16 10:15:51,320] {dag.py:2371} INFO - Sync 1 DAGs
[2024-06-16 10:15:51,341] {logging_mixin.py:115} INFO - [2024-06-16 10:15:51,341] {dag.py:2919} INFO - Setting next_dagrun for example_branch_python_operator_decorator to 2024-06-15T00:00:00+00:00, run_after=2024-06-16T00:00:00+00:00
[2024-06-16 10:15:51,356] {processor.py:161} INFO - Processing /home/airflow/.local/lib/python3.7/site-packages/airflow/example_dags/example_branch_operator_decorator.py took 0.205 seconds
[2024-06-16 10:16:21,418] {processor.py:153} INFO - Started process (PID=1181) to work on /home/airflow/.local/lib/python3.7/site-packages/airflow/example_dags/example_branch_operator_decorator.py
[2024-06-16 10:16:21,419] {processor.py:641} INFO - Processing file /home/airflow/.local/lib/python3.7/site-packages/airflow/example_dags/example_branch_operator_decorator.py for tasks to queue
[2024-06-16 10:16:21,420] {logging_mixin.py:115} INFO - [2024-06-16 10:16:21,420] {dagbag.py:507} INFO - Filling up the DagBag from /home/airflow/.local/lib/python3.7/site-packages/airflow/example_dags/example_branch_operator_decorator.py
[2024-06-16 10:16:21,443] {processor.py:651} INFO - DAG(s) dict_keys(['example_branch_python_operator_decorator']) retrieved from /home/airflow/.local/lib/python3.7/site-packages/airflow/example_dags/example_branch_operator_decorator.py
[2024-06-16 10:16:21,606] {logging_mixin.py:115} INFO - [2024-06-16 10:16:21,606] {dag.py:2371} INFO - Sync 1 DAGs
[2024-06-16 10:16:21,631] {logging_mixin.py:115} INFO - [2024-06-16 10:16:21,631] {dag.py:2919} INFO - Setting next_dagrun for example_branch_python_operator_decorator to 2024-06-15T00:00:00+00:00, run_after=2024-06-16T00:00:00+00:00
[2024-06-16 10:16:21,645] {processor.py:161} INFO - Processing /home/airflow/.local/lib/python3.7/site-packages/airflow/example_dags/example_branch_operator_decorator.py took 0.230 seconds
[2024-06-16 10:16:52,533] {processor.py:153} INFO - Started process (PID=1234) to work on /home/airflow/.local/lib/python3.7/site-packages/airflow/example_dags/example_branch_operator_decorator.py
[2024-06-16 10:16:52,533] {processor.py:641} INFO - Processing file /home/airflow/.local/lib/python3.7/site-packages/airflow/example_dags/example_branch_operator_decorator.py for tasks to queue
[2024-06-16 10:16:52,534] {logging_mixin.py:115} INFO - [2024-06-16 10:16:52,534] {dagbag.py:507} INFO - Filling up the DagBag from /home/airflow/.local/lib/python3.7/site-packages/airflow/example_dags/example_branch_operator_decorator.py
[2024-06-16 10:16:52,556] {processor.py:651} INFO - DAG(s) dict_keys(['example_branch_python_operator_decorator']) retrieved from /home/airflow/.local/lib/python3.7/site-packages/airflow/example_dags/example_branch_operator_decorator.py
[2024-06-16 10:16:52,584] {logging_mixin.py:115} INFO - [2024-06-16 10:16:52,584] {dag.py:2371} INFO - Sync 1 DAGs
[2024-06-16 10:16:52,608] {logging_mixin.py:115} INFO - [2024-06-16 10:16:52,608] {dag.py:2919} INFO - Setting next_dagrun for example_branch_python_operator_decorator to 2024-06-15T00:00:00+00:00, run_after=2024-06-16T00:00:00+00:00
[2024-06-16 10:16:52,624] {processor.py:161} INFO - Processing /home/airflow/.local/lib/python3.7/site-packages/airflow/example_dags/example_branch_operator_decorator.py took 0.094 seconds
[2024-06-16 10:17:23,365] {processor.py:153} INFO - Started process (PID=1298) to work on /home/airflow/.local/lib/python3.7/site-packages/airflow/example_dags/example_branch_operator_decorator.py
[2024-06-16 10:17:23,366] {processor.py:641} INFO - Processing file /home/airflow/.local/lib/python3.7/site-packages/airflow/example_dags/example_branch_operator_decorator.py for tasks to queue
[2024-06-16 10:17:23,367] {logging_mixin.py:115} INFO - [2024-06-16 10:17:23,367] {dagbag.py:507} INFO - Filling up the DagBag from /home/airflow/.local/lib/python3.7/site-packages/airflow/example_dags/example_branch_operator_decorator.py
[2024-06-16 10:17:23,389] {processor.py:651} INFO - DAG(s) dict_keys(['example_branch_python_operator_decorator']) retrieved from /home/airflow/.local/lib/python3.7/site-packages/airflow/example_dags/example_branch_operator_decorator.py
[2024-06-16 10:17:23,416] {logging_mixin.py:115} INFO - [2024-06-16 10:17:23,416] {dag.py:2371} INFO - Sync 1 DAGs
[2024-06-16 10:17:23,440] {logging_mixin.py:115} INFO - [2024-06-16 10:17:23,440] {dag.py:2919} INFO - Setting next_dagrun for example_branch_python_operator_decorator to 2024-06-15T00:00:00+00:00, run_after=2024-06-16T00:00:00+00:00
[2024-06-16 10:17:23,455] {processor.py:161} INFO - Processing /home/airflow/.local/lib/python3.7/site-packages/airflow/example_dags/example_branch_operator_decorator.py took 0.093 seconds
[2024-06-16 10:17:54,081] {processor.py:153} INFO - Started process (PID=1362) to work on /home/airflow/.local/lib/python3.7/site-packages/airflow/example_dags/example_branch_operator_decorator.py
[2024-06-16 10:17:54,082] {processor.py:641} INFO - Processing file /home/airflow/.local/lib/python3.7/site-packages/airflow/example_dags/example_branch_operator_decorator.py for tasks to queue
[2024-06-16 10:17:54,083] {logging_mixin.py:115} INFO - [2024-06-16 10:17:54,083] {dagbag.py:507} INFO - Filling up the DagBag from /home/airflow/.local/lib/python3.7/site-packages/airflow/example_dags/example_branch_operator_decorator.py
[2024-06-16 10:17:54,120] {processor.py:651} INFO - DAG(s) dict_keys(['example_branch_python_operator_decorator']) retrieved from /home/airflow/.local/lib/python3.7/site-packages/airflow/example_dags/example_branch_operator_decorator.py
[2024-06-16 10:17:54,231] {logging_mixin.py:115} INFO - [2024-06-16 10:17:54,231] {dag.py:2371} INFO - Sync 1 DAGs
[2024-06-16 10:17:54,307] {logging_mixin.py:115} INFO - [2024-06-16 10:17:54,307] {dag.py:2919} INFO - Setting next_dagrun for example_branch_python_operator_decorator to 2024-06-15T00:00:00+00:00, run_after=2024-06-16T00:00:00+00:00
[2024-06-16 10:17:54,350] {processor.py:161} INFO - Processing /home/airflow/.local/lib/python3.7/site-packages/airflow/example_dags/example_branch_operator_decorator.py took 0.272 seconds
[2024-06-16 10:18:24,596] {processor.py:153} INFO - Started process (PID=1416) to work on /home/airflow/.local/lib/python3.7/site-packages/airflow/example_dags/example_branch_operator_decorator.py
[2024-06-16 10:18:24,597] {processor.py:641} INFO - Processing file /home/airflow/.local/lib/python3.7/site-packages/airflow/example_dags/example_branch_operator_decorator.py for tasks to queue
[2024-06-16 10:18:24,598] {logging_mixin.py:115} INFO - [2024-06-16 10:18:24,598] {dagbag.py:507} INFO - Filling up the DagBag from /home/airflow/.local/lib/python3.7/site-packages/airflow/example_dags/example_branch_operator_decorator.py
[2024-06-16 10:18:24,636] {processor.py:651} INFO - DAG(s) dict_keys(['example_branch_python_operator_decorator']) retrieved from /home/airflow/.local/lib/python3.7/site-packages/airflow/example_dags/example_branch_operator_decorator.py
[2024-06-16 10:18:24,682] {logging_mixin.py:115} INFO - [2024-06-16 10:18:24,682] {dag.py:2371} INFO - Sync 1 DAGs
[2024-06-16 10:18:24,728] {logging_mixin.py:115} INFO - [2024-06-16 10:18:24,728] {dag.py:2919} INFO - Setting next_dagrun for example_branch_python_operator_decorator to 2024-06-15T00:00:00+00:00, run_after=2024-06-16T00:00:00+00:00
[2024-06-16 10:18:24,749] {processor.py:161} INFO - Processing /home/airflow/.local/lib/python3.7/site-packages/airflow/example_dags/example_branch_operator_decorator.py took 0.157 seconds
[2024-06-16 10:18:55,461] {processor.py:153} INFO - Started process (PID=1480) to work on /home/airflow/.local/lib/python3.7/site-packages/airflow/example_dags/example_branch_operator_decorator.py
[2024-06-16 10:18:55,462] {processor.py:641} INFO - Processing file /home/airflow/.local/lib/python3.7/site-packages/airflow/example_dags/example_branch_operator_decorator.py for tasks to queue
[2024-06-16 10:18:55,463] {logging_mixin.py:115} INFO - [2024-06-16 10:18:55,463] {dagbag.py:507} INFO - Filling up the DagBag from /home/airflow/.local/lib/python3.7/site-packages/airflow/example_dags/example_branch_operator_decorator.py
[2024-06-16 10:18:55,492] {processor.py:651} INFO - DAG(s) dict_keys(['example_branch_python_operator_decorator']) retrieved from /home/airflow/.local/lib/python3.7/site-packages/airflow/example_dags/example_branch_operator_decorator.py
[2024-06-16 10:18:55,535] {logging_mixin.py:115} INFO - [2024-06-16 10:18:55,535] {dag.py:2371} INFO - Sync 1 DAGs
[2024-06-16 10:18:55,569] {logging_mixin.py:115} INFO - [2024-06-16 10:18:55,568] {dag.py:2919} INFO - Setting next_dagrun for example_branch_python_operator_decorator to 2024-06-15T00:00:00+00:00, run_after=2024-06-16T00:00:00+00:00
[2024-06-16 10:18:55,604] {processor.py:161} INFO - Processing /home/airflow/.local/lib/python3.7/site-packages/airflow/example_dags/example_branch_operator_decorator.py took 0.146 seconds
[2024-06-16 11:03:50,664] {processor.py:153} INFO - Started process (PID=48) to work on /home/airflow/.local/lib/python3.7/site-packages/airflow/example_dags/example_branch_operator_decorator.py
[2024-06-16 11:03:50,672] {processor.py:641} INFO - Processing file /home/airflow/.local/lib/python3.7/site-packages/airflow/example_dags/example_branch_operator_decorator.py for tasks to queue
[2024-06-16 11:03:50,683] {logging_mixin.py:115} INFO - [2024-06-16 11:03:50,683] {dagbag.py:507} INFO - Filling up the DagBag from /home/airflow/.local/lib/python3.7/site-packages/airflow/example_dags/example_branch_operator_decorator.py
[2024-06-16 11:03:50,763] {processor.py:651} INFO - DAG(s) dict_keys(['example_branch_python_operator_decorator']) retrieved from /home/airflow/.local/lib/python3.7/site-packages/airflow/example_dags/example_branch_operator_decorator.py
[2024-06-16 11:03:51,089] {logging_mixin.py:115} INFO - [2024-06-16 11:03:51,089] {dag.py:2371} INFO - Sync 1 DAGs
[2024-06-16 11:03:51,164] {logging_mixin.py:115} INFO - [2024-06-16 11:03:51,164] {dag.py:2919} INFO - Setting next_dagrun for example_branch_python_operator_decorator to 2024-06-15T00:00:00+00:00, run_after=2024-06-16T00:00:00+00:00
[2024-06-16 11:03:51,200] {processor.py:161} INFO - Processing /home/airflow/.local/lib/python3.7/site-packages/airflow/example_dags/example_branch_operator_decorator.py took 0.540 seconds
[2024-06-16 11:04:21,679] {processor.py:153} INFO - Started process (PID=112) to work on /home/airflow/.local/lib/python3.7/site-packages/airflow/example_dags/example_branch_operator_decorator.py
[2024-06-16 11:04:21,680] {processor.py:641} INFO - Processing file /home/airflow/.local/lib/python3.7/site-packages/airflow/example_dags/example_branch_operator_decorator.py for tasks to queue
[2024-06-16 11:04:21,681] {logging_mixin.py:115} INFO - [2024-06-16 11:04:21,681] {dagbag.py:507} INFO - Filling up the DagBag from /home/airflow/.local/lib/python3.7/site-packages/airflow/example_dags/example_branch_operator_decorator.py
[2024-06-16 11:04:21,712] {processor.py:651} INFO - DAG(s) dict_keys(['example_branch_python_operator_decorator']) retrieved from /home/airflow/.local/lib/python3.7/site-packages/airflow/example_dags/example_branch_operator_decorator.py
[2024-06-16 11:04:21,888] {logging_mixin.py:115} INFO - [2024-06-16 11:04:21,887] {dag.py:2371} INFO - Sync 1 DAGs
[2024-06-16 11:04:21,910] {logging_mixin.py:115} INFO - [2024-06-16 11:04:21,910] {dag.py:2919} INFO - Setting next_dagrun for example_branch_python_operator_decorator to 2024-06-15T00:00:00+00:00, run_after=2024-06-16T00:00:00+00:00
[2024-06-16 11:04:21,927] {processor.py:161} INFO - Processing /home/airflow/.local/lib/python3.7/site-packages/airflow/example_dags/example_branch_operator_decorator.py took 0.252 seconds
[2024-06-16 11:04:52,012] {processor.py:153} INFO - Started process (PID=165) to work on /home/airflow/.local/lib/python3.7/site-packages/airflow/example_dags/example_branch_operator_decorator.py
[2024-06-16 11:04:52,013] {processor.py:641} INFO - Processing file /home/airflow/.local/lib/python3.7/site-packages/airflow/example_dags/example_branch_operator_decorator.py for tasks to queue
[2024-06-16 11:04:52,014] {logging_mixin.py:115} INFO - [2024-06-16 11:04:52,014] {dagbag.py:507} INFO - Filling up the DagBag from /home/airflow/.local/lib/python3.7/site-packages/airflow/example_dags/example_branch_operator_decorator.py
[2024-06-16 11:04:52,042] {processor.py:651} INFO - DAG(s) dict_keys(['example_branch_python_operator_decorator']) retrieved from /home/airflow/.local/lib/python3.7/site-packages/airflow/example_dags/example_branch_operator_decorator.py
[2024-06-16 11:04:52,271] {logging_mixin.py:115} INFO - [2024-06-16 11:04:52,271] {dag.py:2371} INFO - Sync 1 DAGs
[2024-06-16 11:04:52,301] {logging_mixin.py:115} INFO - [2024-06-16 11:04:52,301] {dag.py:2919} INFO - Setting next_dagrun for example_branch_python_operator_decorator to 2024-06-15T00:00:00+00:00, run_after=2024-06-16T00:00:00+00:00
[2024-06-16 11:04:52,323] {processor.py:161} INFO - Processing /home/airflow/.local/lib/python3.7/site-packages/airflow/example_dags/example_branch_operator_decorator.py took 0.315 seconds
[2024-06-16 11:05:29,545] {processor.py:153} INFO - Started process (PID=225) to work on /home/airflow/.local/lib/python3.7/site-packages/airflow/example_dags/example_branch_operator_decorator.py
[2024-06-16 11:05:29,623] {processor.py:641} INFO - Processing file /home/airflow/.local/lib/python3.7/site-packages/airflow/example_dags/example_branch_operator_decorator.py for tasks to queue
[2024-06-16 11:05:29,671] {logging_mixin.py:115} INFO - [2024-06-16 11:05:29,671] {dagbag.py:507} INFO - Filling up the DagBag from /home/airflow/.local/lib/python3.7/site-packages/airflow/example_dags/example_branch_operator_decorator.py
[2024-06-16 11:05:29,757] {processor.py:651} INFO - DAG(s) dict_keys(['example_branch_python_operator_decorator']) retrieved from /home/airflow/.local/lib/python3.7/site-packages/airflow/example_dags/example_branch_operator_decorator.py
[2024-06-16 11:05:30,341] {logging_mixin.py:115} INFO - [2024-06-16 11:05:30,341] {dag.py:2371} INFO - Sync 1 DAGs
[2024-06-16 11:05:30,510] {logging_mixin.py:115} INFO - [2024-06-16 11:05:30,510] {dag.py:2919} INFO - Setting next_dagrun for example_branch_python_operator_decorator to 2024-06-15T00:00:00+00:00, run_after=2024-06-16T00:00:00+00:00
[2024-06-16 11:05:30,913] {processor.py:161} INFO - Processing /home/airflow/.local/lib/python3.7/site-packages/airflow/example_dags/example_branch_operator_decorator.py took 1.394 seconds
[2024-06-16 11:06:05,097] {processor.py:153} INFO - Started process (PID=261) to work on /home/airflow/.local/lib/python3.7/site-packages/airflow/example_dags/example_branch_operator_decorator.py
[2024-06-16 11:06:05,105] {processor.py:641} INFO - Processing file /home/airflow/.local/lib/python3.7/site-packages/airflow/example_dags/example_branch_operator_decorator.py for tasks to queue
[2024-06-16 11:06:05,106] {logging_mixin.py:115} INFO - [2024-06-16 11:06:05,106] {dagbag.py:507} INFO - Filling up the DagBag from /home/airflow/.local/lib/python3.7/site-packages/airflow/example_dags/example_branch_operator_decorator.py
[2024-06-16 11:06:05,162] {processor.py:651} INFO - DAG(s) dict_keys(['example_branch_python_operator_decorator']) retrieved from /home/airflow/.local/lib/python3.7/site-packages/airflow/example_dags/example_branch_operator_decorator.py
[2024-06-16 11:06:05,558] {logging_mixin.py:115} INFO - [2024-06-16 11:06:05,558] {dag.py:2371} INFO - Sync 1 DAGs
[2024-06-16 11:06:05,637] {logging_mixin.py:115} INFO - [2024-06-16 11:06:05,637] {dag.py:2919} INFO - Setting next_dagrun for example_branch_python_operator_decorator to 2024-06-15T00:00:00+00:00, run_after=2024-06-16T00:00:00+00:00
[2024-06-16 11:06:05,750] {processor.py:161} INFO - Processing /home/airflow/.local/lib/python3.7/site-packages/airflow/example_dags/example_branch_operator_decorator.py took 0.658 seconds
[2024-06-16 11:06:36,375] {processor.py:153} INFO - Started process (PID=322) to work on /home/airflow/.local/lib/python3.7/site-packages/airflow/example_dags/example_branch_operator_decorator.py
[2024-06-16 11:06:36,375] {processor.py:641} INFO - Processing file /home/airflow/.local/lib/python3.7/site-packages/airflow/example_dags/example_branch_operator_decorator.py for tasks to queue
[2024-06-16 11:06:36,376] {logging_mixin.py:115} INFO - [2024-06-16 11:06:36,376] {dagbag.py:507} INFO - Filling up the DagBag from /home/airflow/.local/lib/python3.7/site-packages/airflow/example_dags/example_branch_operator_decorator.py
[2024-06-16 11:06:36,408] {processor.py:651} INFO - DAG(s) dict_keys(['example_branch_python_operator_decorator']) retrieved from /home/airflow/.local/lib/python3.7/site-packages/airflow/example_dags/example_branch_operator_decorator.py
[2024-06-16 11:06:36,774] {logging_mixin.py:115} INFO - [2024-06-16 11:06:36,765] {dag.py:2371} INFO - Sync 1 DAGs
[2024-06-16 11:06:36,843] {logging_mixin.py:115} INFO - [2024-06-16 11:06:36,843] {dag.py:2919} INFO - Setting next_dagrun for example_branch_python_operator_decorator to 2024-06-15T00:00:00+00:00, run_after=2024-06-16T00:00:00+00:00
[2024-06-16 11:06:36,876] {processor.py:161} INFO - Processing /home/airflow/.local/lib/python3.7/site-packages/airflow/example_dags/example_branch_operator_decorator.py took 0.507 seconds
[2024-06-16 11:07:07,683] {processor.py:153} INFO - Started process (PID=375) to work on /home/airflow/.local/lib/python3.7/site-packages/airflow/example_dags/example_branch_operator_decorator.py
[2024-06-16 11:07:07,683] {processor.py:641} INFO - Processing file /home/airflow/.local/lib/python3.7/site-packages/airflow/example_dags/example_branch_operator_decorator.py for tasks to queue
[2024-06-16 11:07:07,684] {logging_mixin.py:115} INFO - [2024-06-16 11:07:07,684] {dagbag.py:507} INFO - Filling up the DagBag from /home/airflow/.local/lib/python3.7/site-packages/airflow/example_dags/example_branch_operator_decorator.py
[2024-06-16 11:07:07,708] {processor.py:651} INFO - DAG(s) dict_keys(['example_branch_python_operator_decorator']) retrieved from /home/airflow/.local/lib/python3.7/site-packages/airflow/example_dags/example_branch_operator_decorator.py
[2024-06-16 11:07:07,884] {logging_mixin.py:115} INFO - [2024-06-16 11:07:07,884] {dag.py:2371} INFO - Sync 1 DAGs
[2024-06-16 11:07:07,910] {logging_mixin.py:115} INFO - [2024-06-16 11:07:07,910] {dag.py:2919} INFO - Setting next_dagrun for example_branch_python_operator_decorator to 2024-06-15T00:00:00+00:00, run_after=2024-06-16T00:00:00+00:00
[2024-06-16 11:07:07,926] {processor.py:161} INFO - Processing /home/airflow/.local/lib/python3.7/site-packages/airflow/example_dags/example_branch_operator_decorator.py took 0.247 seconds
[2024-06-16 11:10:44,712] {processor.py:153} INFO - Started process (PID=66) to work on /home/airflow/.local/lib/python3.7/site-packages/airflow/example_dags/example_branch_operator_decorator.py
[2024-06-16 11:10:44,716] {processor.py:641} INFO - Processing file /home/airflow/.local/lib/python3.7/site-packages/airflow/example_dags/example_branch_operator_decorator.py for tasks to queue
[2024-06-16 11:10:44,717] {logging_mixin.py:115} INFO - [2024-06-16 11:10:44,717] {dagbag.py:507} INFO - Filling up the DagBag from /home/airflow/.local/lib/python3.7/site-packages/airflow/example_dags/example_branch_operator_decorator.py
[2024-06-16 11:10:44,808] {processor.py:651} INFO - DAG(s) dict_keys(['example_branch_python_operator_decorator']) retrieved from /home/airflow/.local/lib/python3.7/site-packages/airflow/example_dags/example_branch_operator_decorator.py
[2024-06-16 11:10:45,153] {logging_mixin.py:115} INFO - [2024-06-16 11:10:45,153] {dag.py:2371} INFO - Sync 1 DAGs
[2024-06-16 11:10:45,227] {logging_mixin.py:115} INFO - [2024-06-16 11:10:45,226] {dag.py:2919} INFO - Setting next_dagrun for example_branch_python_operator_decorator to 2024-06-15T00:00:00+00:00, run_after=2024-06-16T00:00:00+00:00
[2024-06-16 11:10:45,294] {processor.py:161} INFO - Processing /home/airflow/.local/lib/python3.7/site-packages/airflow/example_dags/example_branch_operator_decorator.py took 0.621 seconds
[2024-06-16 11:11:16,241] {processor.py:153} INFO - Started process (PID=119) to work on /home/airflow/.local/lib/python3.7/site-packages/airflow/example_dags/example_branch_operator_decorator.py
[2024-06-16 11:11:16,242] {processor.py:641} INFO - Processing file /home/airflow/.local/lib/python3.7/site-packages/airflow/example_dags/example_branch_operator_decorator.py for tasks to queue
[2024-06-16 11:11:16,243] {logging_mixin.py:115} INFO - [2024-06-16 11:11:16,243] {dagbag.py:507} INFO - Filling up the DagBag from /home/airflow/.local/lib/python3.7/site-packages/airflow/example_dags/example_branch_operator_decorator.py
[2024-06-16 11:11:16,272] {processor.py:651} INFO - DAG(s) dict_keys(['example_branch_python_operator_decorator']) retrieved from /home/airflow/.local/lib/python3.7/site-packages/airflow/example_dags/example_branch_operator_decorator.py
[2024-06-16 11:11:16,488] {logging_mixin.py:115} INFO - [2024-06-16 11:11:16,488] {dag.py:2371} INFO - Sync 1 DAGs
[2024-06-16 11:11:16,526] {logging_mixin.py:115} INFO - [2024-06-16 11:11:16,526] {dag.py:2919} INFO - Setting next_dagrun for example_branch_python_operator_decorator to 2024-06-15T00:00:00+00:00, run_after=2024-06-16T00:00:00+00:00
[2024-06-16 11:11:16,545] {processor.py:161} INFO - Processing /home/airflow/.local/lib/python3.7/site-packages/airflow/example_dags/example_branch_operator_decorator.py took 0.308 seconds
[2024-06-16 11:11:46,746] {processor.py:153} INFO - Started process (PID=175) to work on /home/airflow/.local/lib/python3.7/site-packages/airflow/example_dags/example_branch_operator_decorator.py
[2024-06-16 11:11:46,747] {processor.py:641} INFO - Processing file /home/airflow/.local/lib/python3.7/site-packages/airflow/example_dags/example_branch_operator_decorator.py for tasks to queue
[2024-06-16 11:11:46,748] {logging_mixin.py:115} INFO - [2024-06-16 11:11:46,747] {dagbag.py:507} INFO - Filling up the DagBag from /home/airflow/.local/lib/python3.7/site-packages/airflow/example_dags/example_branch_operator_decorator.py
[2024-06-16 11:11:46,769] {processor.py:651} INFO - DAG(s) dict_keys(['example_branch_python_operator_decorator']) retrieved from /home/airflow/.local/lib/python3.7/site-packages/airflow/example_dags/example_branch_operator_decorator.py
[2024-06-16 11:11:46,955] {logging_mixin.py:115} INFO - [2024-06-16 11:11:46,955] {dag.py:2371} INFO - Sync 1 DAGs
[2024-06-16 11:11:46,978] {logging_mixin.py:115} INFO - [2024-06-16 11:11:46,978] {dag.py:2919} INFO - Setting next_dagrun for example_branch_python_operator_decorator to 2024-06-15T00:00:00+00:00, run_after=2024-06-16T00:00:00+00:00
[2024-06-16 11:11:46,998] {processor.py:161} INFO - Processing /home/airflow/.local/lib/python3.7/site-packages/airflow/example_dags/example_branch_operator_decorator.py took 0.256 seconds
[2024-06-16 11:12:17,165] {processor.py:153} INFO - Started process (PID=238) to work on /home/airflow/.local/lib/python3.7/site-packages/airflow/example_dags/example_branch_operator_decorator.py
[2024-06-16 11:12:17,166] {processor.py:641} INFO - Processing file /home/airflow/.local/lib/python3.7/site-packages/airflow/example_dags/example_branch_operator_decorator.py for tasks to queue
[2024-06-16 11:12:17,167] {logging_mixin.py:115} INFO - [2024-06-16 11:12:17,167] {dagbag.py:507} INFO - Filling up the DagBag from /home/airflow/.local/lib/python3.7/site-packages/airflow/example_dags/example_branch_operator_decorator.py
[2024-06-16 11:12:17,188] {processor.py:651} INFO - DAG(s) dict_keys(['example_branch_python_operator_decorator']) retrieved from /home/airflow/.local/lib/python3.7/site-packages/airflow/example_dags/example_branch_operator_decorator.py
[2024-06-16 11:12:17,347] {logging_mixin.py:115} INFO - [2024-06-16 11:12:17,347] {dag.py:2371} INFO - Sync 1 DAGs
[2024-06-16 11:12:17,370] {logging_mixin.py:115} INFO - [2024-06-16 11:12:17,369] {dag.py:2919} INFO - Setting next_dagrun for example_branch_python_operator_decorator to 2024-06-15T00:00:00+00:00, run_after=2024-06-16T00:00:00+00:00
[2024-06-16 11:12:17,385] {processor.py:161} INFO - Processing /home/airflow/.local/lib/python3.7/site-packages/airflow/example_dags/example_branch_operator_decorator.py took 0.224 seconds
[2024-06-16 11:16:11,745] {processor.py:153} INFO - Started process (PID=48) to work on /home/airflow/.local/lib/python3.7/site-packages/airflow/example_dags/example_branch_operator_decorator.py
[2024-06-16 11:16:11,746] {processor.py:641} INFO - Processing file /home/airflow/.local/lib/python3.7/site-packages/airflow/example_dags/example_branch_operator_decorator.py for tasks to queue
[2024-06-16 11:16:11,750] {logging_mixin.py:115} INFO - [2024-06-16 11:16:11,750] {dagbag.py:507} INFO - Filling up the DagBag from /home/airflow/.local/lib/python3.7/site-packages/airflow/example_dags/example_branch_operator_decorator.py
[2024-06-16 11:16:11,788] {processor.py:651} INFO - DAG(s) dict_keys(['example_branch_python_operator_decorator']) retrieved from /home/airflow/.local/lib/python3.7/site-packages/airflow/example_dags/example_branch_operator_decorator.py
[2024-06-16 11:16:12,012] {logging_mixin.py:115} INFO - [2024-06-16 11:16:12,012] {dag.py:2371} INFO - Sync 1 DAGs
[2024-06-16 11:16:12,075] {logging_mixin.py:115} INFO - [2024-06-16 11:16:12,075] {dag.py:2919} INFO - Setting next_dagrun for example_branch_python_operator_decorator to 2024-06-15T00:00:00+00:00, run_after=2024-06-16T00:00:00+00:00
[2024-06-16 11:16:12,224] {processor.py:161} INFO - Processing /home/airflow/.local/lib/python3.7/site-packages/airflow/example_dags/example_branch_operator_decorator.py took 0.486 seconds
[2024-06-16 11:16:42,537] {processor.py:153} INFO - Started process (PID=110) to work on /home/airflow/.local/lib/python3.7/site-packages/airflow/example_dags/example_branch_operator_decorator.py
[2024-06-16 11:16:42,538] {processor.py:641} INFO - Processing file /home/airflow/.local/lib/python3.7/site-packages/airflow/example_dags/example_branch_operator_decorator.py for tasks to queue
[2024-06-16 11:16:42,539] {logging_mixin.py:115} INFO - [2024-06-16 11:16:42,539] {dagbag.py:507} INFO - Filling up the DagBag from /home/airflow/.local/lib/python3.7/site-packages/airflow/example_dags/example_branch_operator_decorator.py
[2024-06-16 11:16:42,562] {processor.py:651} INFO - DAG(s) dict_keys(['example_branch_python_operator_decorator']) retrieved from /home/airflow/.local/lib/python3.7/site-packages/airflow/example_dags/example_branch_operator_decorator.py
[2024-06-16 11:16:42,759] {logging_mixin.py:115} INFO - [2024-06-16 11:16:42,759] {dag.py:2371} INFO - Sync 1 DAGs
[2024-06-16 11:16:42,794] {logging_mixin.py:115} INFO - [2024-06-16 11:16:42,794] {dag.py:2919} INFO - Setting next_dagrun for example_branch_python_operator_decorator to 2024-06-15T00:00:00+00:00, run_after=2024-06-16T00:00:00+00:00
[2024-06-16 11:16:42,822] {processor.py:161} INFO - Processing /home/airflow/.local/lib/python3.7/site-packages/airflow/example_dags/example_branch_operator_decorator.py took 0.289 seconds
[2024-06-16 11:17:13,329] {processor.py:153} INFO - Started process (PID=165) to work on /home/airflow/.local/lib/python3.7/site-packages/airflow/example_dags/example_branch_operator_decorator.py
[2024-06-16 11:17:13,330] {processor.py:641} INFO - Processing file /home/airflow/.local/lib/python3.7/site-packages/airflow/example_dags/example_branch_operator_decorator.py for tasks to queue
[2024-06-16 11:17:13,330] {logging_mixin.py:115} INFO - [2024-06-16 11:17:13,330] {dagbag.py:507} INFO - Filling up the DagBag from /home/airflow/.local/lib/python3.7/site-packages/airflow/example_dags/example_branch_operator_decorator.py
[2024-06-16 11:17:13,351] {processor.py:651} INFO - DAG(s) dict_keys(['example_branch_python_operator_decorator']) retrieved from /home/airflow/.local/lib/python3.7/site-packages/airflow/example_dags/example_branch_operator_decorator.py
[2024-06-16 11:17:13,512] {logging_mixin.py:115} INFO - [2024-06-16 11:17:13,512] {dag.py:2371} INFO - Sync 1 DAGs
[2024-06-16 11:17:13,538] {logging_mixin.py:115} INFO - [2024-06-16 11:17:13,538] {dag.py:2919} INFO - Setting next_dagrun for example_branch_python_operator_decorator to 2024-06-15T00:00:00+00:00, run_after=2024-06-16T00:00:00+00:00
[2024-06-16 11:17:13,554] {processor.py:161} INFO - Processing /home/airflow/.local/lib/python3.7/site-packages/airflow/example_dags/example_branch_operator_decorator.py took 0.229 seconds
[2024-06-16 11:17:44,460] {processor.py:153} INFO - Started process (PID=228) to work on /home/airflow/.local/lib/python3.7/site-packages/airflow/example_dags/example_branch_operator_decorator.py
[2024-06-16 11:17:44,461] {processor.py:641} INFO - Processing file /home/airflow/.local/lib/python3.7/site-packages/airflow/example_dags/example_branch_operator_decorator.py for tasks to queue
[2024-06-16 11:17:44,462] {logging_mixin.py:115} INFO - [2024-06-16 11:17:44,462] {dagbag.py:507} INFO - Filling up the DagBag from /home/airflow/.local/lib/python3.7/site-packages/airflow/example_dags/example_branch_operator_decorator.py
[2024-06-16 11:17:44,503] {processor.py:651} INFO - DAG(s) dict_keys(['example_branch_python_operator_decorator']) retrieved from /home/airflow/.local/lib/python3.7/site-packages/airflow/example_dags/example_branch_operator_decorator.py
[2024-06-16 11:17:44,809] {logging_mixin.py:115} INFO - [2024-06-16 11:17:44,809] {dag.py:2371} INFO - Sync 1 DAGs
[2024-06-16 11:17:44,838] {logging_mixin.py:115} INFO - [2024-06-16 11:17:44,838] {dag.py:2919} INFO - Setting next_dagrun for example_branch_python_operator_decorator to 2024-06-15T00:00:00+00:00, run_after=2024-06-16T00:00:00+00:00
[2024-06-16 11:17:44,856] {processor.py:161} INFO - Processing /home/airflow/.local/lib/python3.7/site-packages/airflow/example_dags/example_branch_operator_decorator.py took 0.402 seconds
[2024-06-16 11:18:15,155] {processor.py:153} INFO - Started process (PID=282) to work on /home/airflow/.local/lib/python3.7/site-packages/airflow/example_dags/example_branch_operator_decorator.py
[2024-06-16 11:18:15,156] {processor.py:641} INFO - Processing file /home/airflow/.local/lib/python3.7/site-packages/airflow/example_dags/example_branch_operator_decorator.py for tasks to queue
[2024-06-16 11:18:15,156] {logging_mixin.py:115} INFO - [2024-06-16 11:18:15,156] {dagbag.py:507} INFO - Filling up the DagBag from /home/airflow/.local/lib/python3.7/site-packages/airflow/example_dags/example_branch_operator_decorator.py
[2024-06-16 11:18:15,179] {processor.py:651} INFO - DAG(s) dict_keys(['example_branch_python_operator_decorator']) retrieved from /home/airflow/.local/lib/python3.7/site-packages/airflow/example_dags/example_branch_operator_decorator.py
[2024-06-16 11:18:15,374] {logging_mixin.py:115} INFO - [2024-06-16 11:18:15,374] {dag.py:2371} INFO - Sync 1 DAGs
[2024-06-16 11:18:15,399] {logging_mixin.py:115} INFO - [2024-06-16 11:18:15,398] {dag.py:2919} INFO - Setting next_dagrun for example_branch_python_operator_decorator to 2024-06-15T00:00:00+00:00, run_after=2024-06-16T00:00:00+00:00
[2024-06-16 11:18:15,412] {processor.py:161} INFO - Processing /home/airflow/.local/lib/python3.7/site-packages/airflow/example_dags/example_branch_operator_decorator.py took 0.261 seconds
[2024-06-16 11:18:46,055] {processor.py:153} INFO - Started process (PID=344) to work on /home/airflow/.local/lib/python3.7/site-packages/airflow/example_dags/example_branch_operator_decorator.py
[2024-06-16 11:18:46,056] {processor.py:641} INFO - Processing file /home/airflow/.local/lib/python3.7/site-packages/airflow/example_dags/example_branch_operator_decorator.py for tasks to queue
[2024-06-16 11:18:46,057] {logging_mixin.py:115} INFO - [2024-06-16 11:18:46,057] {dagbag.py:507} INFO - Filling up the DagBag from /home/airflow/.local/lib/python3.7/site-packages/airflow/example_dags/example_branch_operator_decorator.py
[2024-06-16 11:18:46,084] {processor.py:651} INFO - DAG(s) dict_keys(['example_branch_python_operator_decorator']) retrieved from /home/airflow/.local/lib/python3.7/site-packages/airflow/example_dags/example_branch_operator_decorator.py
[2024-06-16 11:18:46,256] {logging_mixin.py:115} INFO - [2024-06-16 11:18:46,256] {dag.py:2371} INFO - Sync 1 DAGs
[2024-06-16 11:18:46,283] {logging_mixin.py:115} INFO - [2024-06-16 11:18:46,283] {dag.py:2919} INFO - Setting next_dagrun for example_branch_python_operator_decorator to 2024-06-15T00:00:00+00:00, run_after=2024-06-16T00:00:00+00:00
[2024-06-16 11:18:46,299] {processor.py:161} INFO - Processing /home/airflow/.local/lib/python3.7/site-packages/airflow/example_dags/example_branch_operator_decorator.py took 0.249 seconds
[2024-06-16 11:19:16,720] {processor.py:153} INFO - Started process (PID=407) to work on /home/airflow/.local/lib/python3.7/site-packages/airflow/example_dags/example_branch_operator_decorator.py
[2024-06-16 11:19:16,721] {processor.py:641} INFO - Processing file /home/airflow/.local/lib/python3.7/site-packages/airflow/example_dags/example_branch_operator_decorator.py for tasks to queue
[2024-06-16 11:19:16,722] {logging_mixin.py:115} INFO - [2024-06-16 11:19:16,722] {dagbag.py:507} INFO - Filling up the DagBag from /home/airflow/.local/lib/python3.7/site-packages/airflow/example_dags/example_branch_operator_decorator.py
[2024-06-16 11:19:16,756] {processor.py:651} INFO - DAG(s) dict_keys(['example_branch_python_operator_decorator']) retrieved from /home/airflow/.local/lib/python3.7/site-packages/airflow/example_dags/example_branch_operator_decorator.py
[2024-06-16 11:19:16,989] {logging_mixin.py:115} INFO - [2024-06-16 11:19:16,989] {dag.py:2371} INFO - Sync 1 DAGs
[2024-06-16 11:19:17,022] {logging_mixin.py:115} INFO - [2024-06-16 11:19:17,022] {dag.py:2919} INFO - Setting next_dagrun for example_branch_python_operator_decorator to 2024-06-15T00:00:00+00:00, run_after=2024-06-16T00:00:00+00:00
[2024-06-16 11:19:17,041] {processor.py:161} INFO - Processing /home/airflow/.local/lib/python3.7/site-packages/airflow/example_dags/example_branch_operator_decorator.py took 0.325 seconds
