[2024-06-16 10:06:45,713] {processor.py:153} INFO - Started process (PID=71) to work on /home/airflow/.local/lib/python3.7/site-packages/airflow/example_dags/example_xcomargs.py
[2024-06-16 10:06:45,714] {processor.py:641} INFO - Processing file /home/airflow/.local/lib/python3.7/site-packages/airflow/example_dags/example_xcomargs.py for tasks to queue
[2024-06-16 10:06:45,715] {logging_mixin.py:115} INFO - [2024-06-16 10:06:45,715] {dagbag.py:507} INFO - Filling up the DagBag from /home/airflow/.local/lib/python3.7/site-packages/airflow/example_dags/example_xcomargs.py
[2024-06-16 10:06:45,736] {processor.py:651} INFO - DAG(s) dict_keys(['example_xcom_args', 'example_xcom_args_with_operators']) retrieved from /home/airflow/.local/lib/python3.7/site-packages/airflow/example_dags/example_xcomargs.py
[2024-06-16 10:06:45,938] {logging_mixin.py:115} INFO - [2024-06-16 10:06:45,938] {dag.py:2371} INFO - Sync 2 DAGs
[2024-06-16 10:06:45,958] {logging_mixin.py:115} INFO - [2024-06-16 10:06:45,958] {dag.py:2919} INFO - Setting next_dagrun for example_xcom_args to None, run_after=None
[2024-06-16 10:06:45,958] {logging_mixin.py:115} INFO - [2024-06-16 10:06:45,958] {dag.py:2919} INFO - Setting next_dagrun for example_xcom_args_with_operators to None, run_after=None
[2024-06-16 10:06:45,974] {processor.py:161} INFO - Processing /home/airflow/.local/lib/python3.7/site-packages/airflow/example_dags/example_xcomargs.py took 0.265 seconds
[2024-06-16 10:07:17,611] {processor.py:153} INFO - Started process (PID=134) to work on /home/airflow/.local/lib/python3.7/site-packages/airflow/example_dags/example_xcomargs.py
[2024-06-16 10:07:17,612] {processor.py:641} INFO - Processing file /home/airflow/.local/lib/python3.7/site-packages/airflow/example_dags/example_xcomargs.py for tasks to queue
[2024-06-16 10:07:17,613] {logging_mixin.py:115} INFO - [2024-06-16 10:07:17,613] {dagbag.py:507} INFO - Filling up the DagBag from /home/airflow/.local/lib/python3.7/site-packages/airflow/example_dags/example_xcomargs.py
[2024-06-16 10:07:17,633] {processor.py:651} INFO - DAG(s) dict_keys(['example_xcom_args', 'example_xcom_args_with_operators']) retrieved from /home/airflow/.local/lib/python3.7/site-packages/airflow/example_dags/example_xcomargs.py
[2024-06-16 10:07:17,850] {logging_mixin.py:115} INFO - [2024-06-16 10:07:17,850] {dag.py:2371} INFO - Sync 2 DAGs
[2024-06-16 10:07:17,873] {logging_mixin.py:115} INFO - [2024-06-16 10:07:17,873] {dag.py:2919} INFO - Setting next_dagrun for example_xcom_args to None, run_after=None
[2024-06-16 10:07:17,873] {logging_mixin.py:115} INFO - [2024-06-16 10:07:17,873] {dag.py:2919} INFO - Setting next_dagrun for example_xcom_args_with_operators to None, run_after=None
[2024-06-16 10:07:17,900] {processor.py:161} INFO - Processing /home/airflow/.local/lib/python3.7/site-packages/airflow/example_dags/example_xcomargs.py took 0.292 seconds
[2024-06-16 10:07:48,109] {processor.py:153} INFO - Started process (PID=198) to work on /home/airflow/.local/lib/python3.7/site-packages/airflow/example_dags/example_xcomargs.py
[2024-06-16 10:07:48,110] {processor.py:641} INFO - Processing file /home/airflow/.local/lib/python3.7/site-packages/airflow/example_dags/example_xcomargs.py for tasks to queue
[2024-06-16 10:07:48,111] {logging_mixin.py:115} INFO - [2024-06-16 10:07:48,111] {dagbag.py:507} INFO - Filling up the DagBag from /home/airflow/.local/lib/python3.7/site-packages/airflow/example_dags/example_xcomargs.py
[2024-06-16 10:07:48,132] {processor.py:651} INFO - DAG(s) dict_keys(['example_xcom_args', 'example_xcom_args_with_operators']) retrieved from /home/airflow/.local/lib/python3.7/site-packages/airflow/example_dags/example_xcomargs.py
[2024-06-16 10:07:48,329] {logging_mixin.py:115} INFO - [2024-06-16 10:07:48,329] {dag.py:2371} INFO - Sync 2 DAGs
[2024-06-16 10:07:48,350] {logging_mixin.py:115} INFO - [2024-06-16 10:07:48,349] {dag.py:2919} INFO - Setting next_dagrun for example_xcom_args to None, run_after=None
[2024-06-16 10:07:48,350] {logging_mixin.py:115} INFO - [2024-06-16 10:07:48,350] {dag.py:2919} INFO - Setting next_dagrun for example_xcom_args_with_operators to None, run_after=None
[2024-06-16 10:07:48,368] {processor.py:161} INFO - Processing /home/airflow/.local/lib/python3.7/site-packages/airflow/example_dags/example_xcomargs.py took 0.262 seconds
[2024-06-16 10:08:18,488] {processor.py:153} INFO - Started process (PID=252) to work on /home/airflow/.local/lib/python3.7/site-packages/airflow/example_dags/example_xcomargs.py
[2024-06-16 10:08:18,489] {processor.py:641} INFO - Processing file /home/airflow/.local/lib/python3.7/site-packages/airflow/example_dags/example_xcomargs.py for tasks to queue
[2024-06-16 10:08:18,490] {logging_mixin.py:115} INFO - [2024-06-16 10:08:18,490] {dagbag.py:507} INFO - Filling up the DagBag from /home/airflow/.local/lib/python3.7/site-packages/airflow/example_dags/example_xcomargs.py
[2024-06-16 10:08:18,511] {processor.py:651} INFO - DAG(s) dict_keys(['example_xcom_args', 'example_xcom_args_with_operators']) retrieved from /home/airflow/.local/lib/python3.7/site-packages/airflow/example_dags/example_xcomargs.py
[2024-06-16 10:08:18,667] {logging_mixin.py:115} INFO - [2024-06-16 10:08:18,667] {dag.py:2371} INFO - Sync 2 DAGs
[2024-06-16 10:08:18,687] {logging_mixin.py:115} INFO - [2024-06-16 10:08:18,687] {dag.py:2919} INFO - Setting next_dagrun for example_xcom_args to None, run_after=None
[2024-06-16 10:08:18,688] {logging_mixin.py:115} INFO - [2024-06-16 10:08:18,688] {dag.py:2919} INFO - Setting next_dagrun for example_xcom_args_with_operators to None, run_after=None
[2024-06-16 10:08:18,702] {processor.py:161} INFO - Processing /home/airflow/.local/lib/python3.7/site-packages/airflow/example_dags/example_xcomargs.py took 0.217 seconds
[2024-06-16 10:08:49,045] {processor.py:153} INFO - Started process (PID=314) to work on /home/airflow/.local/lib/python3.7/site-packages/airflow/example_dags/example_xcomargs.py
[2024-06-16 10:08:49,046] {processor.py:641} INFO - Processing file /home/airflow/.local/lib/python3.7/site-packages/airflow/example_dags/example_xcomargs.py for tasks to queue
[2024-06-16 10:08:49,047] {logging_mixin.py:115} INFO - [2024-06-16 10:08:49,047] {dagbag.py:507} INFO - Filling up the DagBag from /home/airflow/.local/lib/python3.7/site-packages/airflow/example_dags/example_xcomargs.py
[2024-06-16 10:08:49,068] {processor.py:651} INFO - DAG(s) dict_keys(['example_xcom_args', 'example_xcom_args_with_operators']) retrieved from /home/airflow/.local/lib/python3.7/site-packages/airflow/example_dags/example_xcomargs.py
[2024-06-16 10:08:49,287] {logging_mixin.py:115} INFO - [2024-06-16 10:08:49,287] {dag.py:2371} INFO - Sync 2 DAGs
[2024-06-16 10:08:49,309] {logging_mixin.py:115} INFO - [2024-06-16 10:08:49,309] {dag.py:2919} INFO - Setting next_dagrun for example_xcom_args to None, run_after=None
[2024-06-16 10:08:49,310] {logging_mixin.py:115} INFO - [2024-06-16 10:08:49,310] {dag.py:2919} INFO - Setting next_dagrun for example_xcom_args_with_operators to None, run_after=None
[2024-06-16 10:08:49,326] {processor.py:161} INFO - Processing /home/airflow/.local/lib/python3.7/site-packages/airflow/example_dags/example_xcomargs.py took 0.285 seconds
[2024-06-16 10:09:19,919] {processor.py:153} INFO - Started process (PID=378) to work on /home/airflow/.local/lib/python3.7/site-packages/airflow/example_dags/example_xcomargs.py
[2024-06-16 10:09:19,920] {processor.py:641} INFO - Processing file /home/airflow/.local/lib/python3.7/site-packages/airflow/example_dags/example_xcomargs.py for tasks to queue
[2024-06-16 10:09:19,921] {logging_mixin.py:115} INFO - [2024-06-16 10:09:19,921] {dagbag.py:507} INFO - Filling up the DagBag from /home/airflow/.local/lib/python3.7/site-packages/airflow/example_dags/example_xcomargs.py
[2024-06-16 10:09:19,941] {processor.py:651} INFO - DAG(s) dict_keys(['example_xcom_args', 'example_xcom_args_with_operators']) retrieved from /home/airflow/.local/lib/python3.7/site-packages/airflow/example_dags/example_xcomargs.py
[2024-06-16 10:09:20,147] {logging_mixin.py:115} INFO - [2024-06-16 10:09:20,147] {dag.py:2371} INFO - Sync 2 DAGs
[2024-06-16 10:09:20,172] {logging_mixin.py:115} INFO - [2024-06-16 10:09:20,172] {dag.py:2919} INFO - Setting next_dagrun for example_xcom_args to None, run_after=None
[2024-06-16 10:09:20,173] {logging_mixin.py:115} INFO - [2024-06-16 10:09:20,173] {dag.py:2919} INFO - Setting next_dagrun for example_xcom_args_with_operators to None, run_after=None
[2024-06-16 10:09:20,191] {processor.py:161} INFO - Processing /home/airflow/.local/lib/python3.7/site-packages/airflow/example_dags/example_xcomargs.py took 0.275 seconds
[2024-06-16 10:09:50,606] {processor.py:153} INFO - Started process (PID=433) to work on /home/airflow/.local/lib/python3.7/site-packages/airflow/example_dags/example_xcomargs.py
[2024-06-16 10:09:50,607] {processor.py:641} INFO - Processing file /home/airflow/.local/lib/python3.7/site-packages/airflow/example_dags/example_xcomargs.py for tasks to queue
[2024-06-16 10:09:50,608] {logging_mixin.py:115} INFO - [2024-06-16 10:09:50,608] {dagbag.py:507} INFO - Filling up the DagBag from /home/airflow/.local/lib/python3.7/site-packages/airflow/example_dags/example_xcomargs.py
[2024-06-16 10:09:50,643] {processor.py:651} INFO - DAG(s) dict_keys(['example_xcom_args', 'example_xcom_args_with_operators']) retrieved from /home/airflow/.local/lib/python3.7/site-packages/airflow/example_dags/example_xcomargs.py
[2024-06-16 10:09:50,854] {logging_mixin.py:115} INFO - [2024-06-16 10:09:50,853] {dag.py:2371} INFO - Sync 2 DAGs
[2024-06-16 10:09:50,873] {logging_mixin.py:115} INFO - [2024-06-16 10:09:50,873] {dag.py:2919} INFO - Setting next_dagrun for example_xcom_args to None, run_after=None
[2024-06-16 10:09:50,874] {logging_mixin.py:115} INFO - [2024-06-16 10:09:50,874] {dag.py:2919} INFO - Setting next_dagrun for example_xcom_args_with_operators to None, run_after=None
[2024-06-16 10:09:50,891] {processor.py:161} INFO - Processing /home/airflow/.local/lib/python3.7/site-packages/airflow/example_dags/example_xcomargs.py took 0.289 seconds
[2024-06-16 10:10:21,019] {processor.py:153} INFO - Started process (PID=497) to work on /home/airflow/.local/lib/python3.7/site-packages/airflow/example_dags/example_xcomargs.py
[2024-06-16 10:10:21,020] {processor.py:641} INFO - Processing file /home/airflow/.local/lib/python3.7/site-packages/airflow/example_dags/example_xcomargs.py for tasks to queue
[2024-06-16 10:10:21,021] {logging_mixin.py:115} INFO - [2024-06-16 10:10:21,021] {dagbag.py:507} INFO - Filling up the DagBag from /home/airflow/.local/lib/python3.7/site-packages/airflow/example_dags/example_xcomargs.py
[2024-06-16 10:10:21,046] {processor.py:651} INFO - DAG(s) dict_keys(['example_xcom_args', 'example_xcom_args_with_operators']) retrieved from /home/airflow/.local/lib/python3.7/site-packages/airflow/example_dags/example_xcomargs.py
[2024-06-16 10:10:21,265] {logging_mixin.py:115} INFO - [2024-06-16 10:10:21,265] {dag.py:2371} INFO - Sync 2 DAGs
[2024-06-16 10:10:21,284] {logging_mixin.py:115} INFO - [2024-06-16 10:10:21,284] {dag.py:2919} INFO - Setting next_dagrun for example_xcom_args to None, run_after=None
[2024-06-16 10:10:21,284] {logging_mixin.py:115} INFO - [2024-06-16 10:10:21,284] {dag.py:2919} INFO - Setting next_dagrun for example_xcom_args_with_operators to None, run_after=None
[2024-06-16 10:10:21,301] {processor.py:161} INFO - Processing /home/airflow/.local/lib/python3.7/site-packages/airflow/example_dags/example_xcomargs.py took 0.285 seconds
[2024-06-16 10:10:52,082] {processor.py:153} INFO - Started process (PID=560) to work on /home/airflow/.local/lib/python3.7/site-packages/airflow/example_dags/example_xcomargs.py
[2024-06-16 10:10:52,083] {processor.py:641} INFO - Processing file /home/airflow/.local/lib/python3.7/site-packages/airflow/example_dags/example_xcomargs.py for tasks to queue
[2024-06-16 10:10:52,084] {logging_mixin.py:115} INFO - [2024-06-16 10:10:52,084] {dagbag.py:507} INFO - Filling up the DagBag from /home/airflow/.local/lib/python3.7/site-packages/airflow/example_dags/example_xcomargs.py
[2024-06-16 10:10:52,117] {processor.py:651} INFO - DAG(s) dict_keys(['example_xcom_args', 'example_xcom_args_with_operators']) retrieved from /home/airflow/.local/lib/python3.7/site-packages/airflow/example_dags/example_xcomargs.py
[2024-06-16 10:10:52,392] {logging_mixin.py:115} INFO - [2024-06-16 10:10:52,392] {dag.py:2371} INFO - Sync 2 DAGs
[2024-06-16 10:10:52,414] {logging_mixin.py:115} INFO - [2024-06-16 10:10:52,414] {dag.py:2919} INFO - Setting next_dagrun for example_xcom_args to None, run_after=None
[2024-06-16 10:10:52,415] {logging_mixin.py:115} INFO - [2024-06-16 10:10:52,415] {dag.py:2919} INFO - Setting next_dagrun for example_xcom_args_with_operators to None, run_after=None
[2024-06-16 10:10:52,432] {processor.py:161} INFO - Processing /home/airflow/.local/lib/python3.7/site-packages/airflow/example_dags/example_xcomargs.py took 0.353 seconds
[2024-06-16 10:11:23,241] {processor.py:153} INFO - Started process (PID=614) to work on /home/airflow/.local/lib/python3.7/site-packages/airflow/example_dags/example_xcomargs.py
[2024-06-16 10:11:23,241] {processor.py:641} INFO - Processing file /home/airflow/.local/lib/python3.7/site-packages/airflow/example_dags/example_xcomargs.py for tasks to queue
[2024-06-16 10:11:23,242] {logging_mixin.py:115} INFO - [2024-06-16 10:11:23,242] {dagbag.py:507} INFO - Filling up the DagBag from /home/airflow/.local/lib/python3.7/site-packages/airflow/example_dags/example_xcomargs.py
[2024-06-16 10:11:23,263] {processor.py:651} INFO - DAG(s) dict_keys(['example_xcom_args', 'example_xcom_args_with_operators']) retrieved from /home/airflow/.local/lib/python3.7/site-packages/airflow/example_dags/example_xcomargs.py
[2024-06-16 10:11:23,444] {logging_mixin.py:115} INFO - [2024-06-16 10:11:23,444] {dag.py:2371} INFO - Sync 2 DAGs
[2024-06-16 10:11:23,468] {logging_mixin.py:115} INFO - [2024-06-16 10:11:23,468] {dag.py:2919} INFO - Setting next_dagrun for example_xcom_args to None, run_after=None
[2024-06-16 10:11:23,470] {logging_mixin.py:115} INFO - [2024-06-16 10:11:23,470] {dag.py:2919} INFO - Setting next_dagrun for example_xcom_args_with_operators to None, run_after=None
[2024-06-16 10:11:23,483] {processor.py:161} INFO - Processing /home/airflow/.local/lib/python3.7/site-packages/airflow/example_dags/example_xcomargs.py took 0.246 seconds
[2024-06-16 10:11:53,571] {processor.py:153} INFO - Started process (PID=677) to work on /home/airflow/.local/lib/python3.7/site-packages/airflow/example_dags/example_xcomargs.py
[2024-06-16 10:11:53,572] {processor.py:641} INFO - Processing file /home/airflow/.local/lib/python3.7/site-packages/airflow/example_dags/example_xcomargs.py for tasks to queue
[2024-06-16 10:11:53,573] {logging_mixin.py:115} INFO - [2024-06-16 10:11:53,572] {dagbag.py:507} INFO - Filling up the DagBag from /home/airflow/.local/lib/python3.7/site-packages/airflow/example_dags/example_xcomargs.py
[2024-06-16 10:11:53,597] {processor.py:651} INFO - DAG(s) dict_keys(['example_xcom_args', 'example_xcom_args_with_operators']) retrieved from /home/airflow/.local/lib/python3.7/site-packages/airflow/example_dags/example_xcomargs.py
[2024-06-16 10:11:53,794] {logging_mixin.py:115} INFO - [2024-06-16 10:11:53,794] {dag.py:2371} INFO - Sync 2 DAGs
[2024-06-16 10:11:53,814] {logging_mixin.py:115} INFO - [2024-06-16 10:11:53,814] {dag.py:2919} INFO - Setting next_dagrun for example_xcom_args to None, run_after=None
[2024-06-16 10:11:53,815] {logging_mixin.py:115} INFO - [2024-06-16 10:11:53,815] {dag.py:2919} INFO - Setting next_dagrun for example_xcom_args_with_operators to None, run_after=None
[2024-06-16 10:11:53,833] {processor.py:161} INFO - Processing /home/airflow/.local/lib/python3.7/site-packages/airflow/example_dags/example_xcomargs.py took 0.266 seconds
[2024-06-16 10:12:26,095] {processor.py:153} INFO - Started process (PID=739) to work on /home/airflow/.local/lib/python3.7/site-packages/airflow/example_dags/example_xcomargs.py
[2024-06-16 10:12:26,096] {processor.py:641} INFO - Processing file /home/airflow/.local/lib/python3.7/site-packages/airflow/example_dags/example_xcomargs.py for tasks to queue
[2024-06-16 10:12:26,097] {logging_mixin.py:115} INFO - [2024-06-16 10:12:26,097] {dagbag.py:507} INFO - Filling up the DagBag from /home/airflow/.local/lib/python3.7/site-packages/airflow/example_dags/example_xcomargs.py
[2024-06-16 10:12:26,127] {processor.py:651} INFO - DAG(s) dict_keys(['example_xcom_args', 'example_xcom_args_with_operators']) retrieved from /home/airflow/.local/lib/python3.7/site-packages/airflow/example_dags/example_xcomargs.py
[2024-06-16 10:12:26,359] {logging_mixin.py:115} INFO - [2024-06-16 10:12:26,359] {dag.py:2371} INFO - Sync 2 DAGs
[2024-06-16 10:12:26,383] {logging_mixin.py:115} INFO - [2024-06-16 10:12:26,383] {dag.py:2919} INFO - Setting next_dagrun for example_xcom_args to None, run_after=None
[2024-06-16 10:12:26,384] {logging_mixin.py:115} INFO - [2024-06-16 10:12:26,384] {dag.py:2919} INFO - Setting next_dagrun for example_xcom_args_with_operators to None, run_after=None
[2024-06-16 10:12:26,401] {processor.py:161} INFO - Processing /home/airflow/.local/lib/python3.7/site-packages/airflow/example_dags/example_xcomargs.py took 0.309 seconds
[2024-06-16 10:12:56,571] {processor.py:153} INFO - Started process (PID=792) to work on /home/airflow/.local/lib/python3.7/site-packages/airflow/example_dags/example_xcomargs.py
[2024-06-16 10:12:56,571] {processor.py:641} INFO - Processing file /home/airflow/.local/lib/python3.7/site-packages/airflow/example_dags/example_xcomargs.py for tasks to queue
[2024-06-16 10:12:56,572] {logging_mixin.py:115} INFO - [2024-06-16 10:12:56,572] {dagbag.py:507} INFO - Filling up the DagBag from /home/airflow/.local/lib/python3.7/site-packages/airflow/example_dags/example_xcomargs.py
[2024-06-16 10:12:56,597] {processor.py:651} INFO - DAG(s) dict_keys(['example_xcom_args', 'example_xcom_args_with_operators']) retrieved from /home/airflow/.local/lib/python3.7/site-packages/airflow/example_dags/example_xcomargs.py
[2024-06-16 10:12:56,751] {logging_mixin.py:115} INFO - [2024-06-16 10:12:56,751] {dag.py:2371} INFO - Sync 2 DAGs
[2024-06-16 10:12:56,773] {logging_mixin.py:115} INFO - [2024-06-16 10:12:56,773] {dag.py:2919} INFO - Setting next_dagrun for example_xcom_args to None, run_after=None
[2024-06-16 10:12:56,773] {logging_mixin.py:115} INFO - [2024-06-16 10:12:56,773] {dag.py:2919} INFO - Setting next_dagrun for example_xcom_args_with_operators to None, run_after=None
[2024-06-16 10:12:56,796] {processor.py:161} INFO - Processing /home/airflow/.local/lib/python3.7/site-packages/airflow/example_dags/example_xcomargs.py took 0.229 seconds
[2024-06-16 10:13:27,037] {processor.py:153} INFO - Started process (PID=855) to work on /home/airflow/.local/lib/python3.7/site-packages/airflow/example_dags/example_xcomargs.py
[2024-06-16 10:13:27,037] {processor.py:641} INFO - Processing file /home/airflow/.local/lib/python3.7/site-packages/airflow/example_dags/example_xcomargs.py for tasks to queue
[2024-06-16 10:13:27,038] {logging_mixin.py:115} INFO - [2024-06-16 10:13:27,038] {dagbag.py:507} INFO - Filling up the DagBag from /home/airflow/.local/lib/python3.7/site-packages/airflow/example_dags/example_xcomargs.py
[2024-06-16 10:13:27,062] {processor.py:651} INFO - DAG(s) dict_keys(['example_xcom_args', 'example_xcom_args_with_operators']) retrieved from /home/airflow/.local/lib/python3.7/site-packages/airflow/example_dags/example_xcomargs.py
[2024-06-16 10:13:27,293] {logging_mixin.py:115} INFO - [2024-06-16 10:13:27,293] {dag.py:2371} INFO - Sync 2 DAGs
[2024-06-16 10:13:27,313] {logging_mixin.py:115} INFO - [2024-06-16 10:13:27,313] {dag.py:2919} INFO - Setting next_dagrun for example_xcom_args to None, run_after=None
[2024-06-16 10:13:27,314] {logging_mixin.py:115} INFO - [2024-06-16 10:13:27,314] {dag.py:2919} INFO - Setting next_dagrun for example_xcom_args_with_operators to None, run_after=None
[2024-06-16 10:13:27,332] {processor.py:161} INFO - Processing /home/airflow/.local/lib/python3.7/site-packages/airflow/example_dags/example_xcomargs.py took 0.299 seconds
[2024-06-16 10:13:58,094] {processor.py:153} INFO - Started process (PID=909) to work on /home/airflow/.local/lib/python3.7/site-packages/airflow/example_dags/example_xcomargs.py
[2024-06-16 10:13:58,095] {processor.py:641} INFO - Processing file /home/airflow/.local/lib/python3.7/site-packages/airflow/example_dags/example_xcomargs.py for tasks to queue
[2024-06-16 10:13:58,096] {logging_mixin.py:115} INFO - [2024-06-16 10:13:58,096] {dagbag.py:507} INFO - Filling up the DagBag from /home/airflow/.local/lib/python3.7/site-packages/airflow/example_dags/example_xcomargs.py
[2024-06-16 10:13:58,120] {processor.py:651} INFO - DAG(s) dict_keys(['example_xcom_args', 'example_xcom_args_with_operators']) retrieved from /home/airflow/.local/lib/python3.7/site-packages/airflow/example_dags/example_xcomargs.py
[2024-06-16 10:13:58,329] {logging_mixin.py:115} INFO - [2024-06-16 10:13:58,329] {dag.py:2371} INFO - Sync 2 DAGs
[2024-06-16 10:13:58,357] {logging_mixin.py:115} INFO - [2024-06-16 10:13:58,357] {dag.py:2919} INFO - Setting next_dagrun for example_xcom_args to None, run_after=None
[2024-06-16 10:13:58,357] {logging_mixin.py:115} INFO - [2024-06-16 10:13:58,357] {dag.py:2919} INFO - Setting next_dagrun for example_xcom_args_with_operators to None, run_after=None
[2024-06-16 10:13:58,374] {processor.py:161} INFO - Processing /home/airflow/.local/lib/python3.7/site-packages/airflow/example_dags/example_xcomargs.py took 0.283 seconds
[2024-06-16 10:14:28,540] {processor.py:153} INFO - Started process (PID=973) to work on /home/airflow/.local/lib/python3.7/site-packages/airflow/example_dags/example_xcomargs.py
[2024-06-16 10:14:28,541] {processor.py:641} INFO - Processing file /home/airflow/.local/lib/python3.7/site-packages/airflow/example_dags/example_xcomargs.py for tasks to queue
[2024-06-16 10:14:28,542] {logging_mixin.py:115} INFO - [2024-06-16 10:14:28,542] {dagbag.py:507} INFO - Filling up the DagBag from /home/airflow/.local/lib/python3.7/site-packages/airflow/example_dags/example_xcomargs.py
[2024-06-16 10:14:28,568] {processor.py:651} INFO - DAG(s) dict_keys(['example_xcom_args', 'example_xcom_args_with_operators']) retrieved from /home/airflow/.local/lib/python3.7/site-packages/airflow/example_dags/example_xcomargs.py
[2024-06-16 10:14:28,838] {logging_mixin.py:115} INFO - [2024-06-16 10:14:28,838] {dag.py:2371} INFO - Sync 2 DAGs
[2024-06-16 10:14:28,858] {logging_mixin.py:115} INFO - [2024-06-16 10:14:28,858] {dag.py:2919} INFO - Setting next_dagrun for example_xcom_args to None, run_after=None
[2024-06-16 10:14:28,859] {logging_mixin.py:115} INFO - [2024-06-16 10:14:28,859] {dag.py:2919} INFO - Setting next_dagrun for example_xcom_args_with_operators to None, run_after=None
[2024-06-16 10:14:28,880] {processor.py:161} INFO - Processing /home/airflow/.local/lib/python3.7/site-packages/airflow/example_dags/example_xcomargs.py took 0.343 seconds
[2024-06-16 10:14:59,334] {processor.py:153} INFO - Started process (PID=1036) to work on /home/airflow/.local/lib/python3.7/site-packages/airflow/example_dags/example_xcomargs.py
[2024-06-16 10:14:59,334] {processor.py:641} INFO - Processing file /home/airflow/.local/lib/python3.7/site-packages/airflow/example_dags/example_xcomargs.py for tasks to queue
[2024-06-16 10:14:59,335] {logging_mixin.py:115} INFO - [2024-06-16 10:14:59,335] {dagbag.py:507} INFO - Filling up the DagBag from /home/airflow/.local/lib/python3.7/site-packages/airflow/example_dags/example_xcomargs.py
[2024-06-16 10:14:59,365] {processor.py:651} INFO - DAG(s) dict_keys(['example_xcom_args', 'example_xcom_args_with_operators']) retrieved from /home/airflow/.local/lib/python3.7/site-packages/airflow/example_dags/example_xcomargs.py
[2024-06-16 10:14:59,659] {logging_mixin.py:115} INFO - [2024-06-16 10:14:59,659] {dag.py:2371} INFO - Sync 2 DAGs
[2024-06-16 10:14:59,683] {logging_mixin.py:115} INFO - [2024-06-16 10:14:59,683] {dag.py:2919} INFO - Setting next_dagrun for example_xcom_args to None, run_after=None
[2024-06-16 10:14:59,684] {logging_mixin.py:115} INFO - [2024-06-16 10:14:59,684] {dag.py:2919} INFO - Setting next_dagrun for example_xcom_args_with_operators to None, run_after=None
[2024-06-16 10:14:59,706] {processor.py:161} INFO - Processing /home/airflow/.local/lib/python3.7/site-packages/airflow/example_dags/example_xcomargs.py took 0.377 seconds
[2024-06-16 10:15:29,841] {processor.py:153} INFO - Started process (PID=1089) to work on /home/airflow/.local/lib/python3.7/site-packages/airflow/example_dags/example_xcomargs.py
[2024-06-16 10:15:29,842] {processor.py:641} INFO - Processing file /home/airflow/.local/lib/python3.7/site-packages/airflow/example_dags/example_xcomargs.py for tasks to queue
[2024-06-16 10:15:29,843] {logging_mixin.py:115} INFO - [2024-06-16 10:15:29,843] {dagbag.py:507} INFO - Filling up the DagBag from /home/airflow/.local/lib/python3.7/site-packages/airflow/example_dags/example_xcomargs.py
[2024-06-16 10:15:29,866] {processor.py:651} INFO - DAG(s) dict_keys(['example_xcom_args', 'example_xcom_args_with_operators']) retrieved from /home/airflow/.local/lib/python3.7/site-packages/airflow/example_dags/example_xcomargs.py
[2024-06-16 10:15:30,056] {logging_mixin.py:115} INFO - [2024-06-16 10:15:30,056] {dag.py:2371} INFO - Sync 2 DAGs
[2024-06-16 10:15:30,076] {logging_mixin.py:115} INFO - [2024-06-16 10:15:30,076] {dag.py:2919} INFO - Setting next_dagrun for example_xcom_args to None, run_after=None
[2024-06-16 10:15:30,077] {logging_mixin.py:115} INFO - [2024-06-16 10:15:30,077] {dag.py:2919} INFO - Setting next_dagrun for example_xcom_args_with_operators to None, run_after=None
[2024-06-16 10:15:30,094] {processor.py:161} INFO - Processing /home/airflow/.local/lib/python3.7/site-packages/airflow/example_dags/example_xcomargs.py took 0.256 seconds
[2024-06-16 10:16:00,656] {processor.py:153} INFO - Started process (PID=1152) to work on /home/airflow/.local/lib/python3.7/site-packages/airflow/example_dags/example_xcomargs.py
[2024-06-16 10:16:00,656] {processor.py:641} INFO - Processing file /home/airflow/.local/lib/python3.7/site-packages/airflow/example_dags/example_xcomargs.py for tasks to queue
[2024-06-16 10:16:00,657] {logging_mixin.py:115} INFO - [2024-06-16 10:16:00,657] {dagbag.py:507} INFO - Filling up the DagBag from /home/airflow/.local/lib/python3.7/site-packages/airflow/example_dags/example_xcomargs.py
[2024-06-16 10:16:00,681] {processor.py:651} INFO - DAG(s) dict_keys(['example_xcom_args', 'example_xcom_args_with_operators']) retrieved from /home/airflow/.local/lib/python3.7/site-packages/airflow/example_dags/example_xcomargs.py
[2024-06-16 10:16:00,847] {logging_mixin.py:115} INFO - [2024-06-16 10:16:00,847] {dag.py:2371} INFO - Sync 2 DAGs
[2024-06-16 10:16:00,873] {logging_mixin.py:115} INFO - [2024-06-16 10:16:00,873] {dag.py:2919} INFO - Setting next_dagrun for example_xcom_args to None, run_after=None
[2024-06-16 10:16:00,873] {logging_mixin.py:115} INFO - [2024-06-16 10:16:00,873] {dag.py:2919} INFO - Setting next_dagrun for example_xcom_args_with_operators to None, run_after=None
[2024-06-16 10:16:00,897] {processor.py:161} INFO - Processing /home/airflow/.local/lib/python3.7/site-packages/airflow/example_dags/example_xcomargs.py took 0.245 seconds
[2024-06-16 10:16:31,141] {processor.py:153} INFO - Started process (PID=1206) to work on /home/airflow/.local/lib/python3.7/site-packages/airflow/example_dags/example_xcomargs.py
[2024-06-16 10:16:31,142] {processor.py:641} INFO - Processing file /home/airflow/.local/lib/python3.7/site-packages/airflow/example_dags/example_xcomargs.py for tasks to queue
[2024-06-16 10:16:31,143] {logging_mixin.py:115} INFO - [2024-06-16 10:16:31,143] {dagbag.py:507} INFO - Filling up the DagBag from /home/airflow/.local/lib/python3.7/site-packages/airflow/example_dags/example_xcomargs.py
[2024-06-16 10:16:31,168] {processor.py:651} INFO - DAG(s) dict_keys(['example_xcom_args', 'example_xcom_args_with_operators']) retrieved from /home/airflow/.local/lib/python3.7/site-packages/airflow/example_dags/example_xcomargs.py
[2024-06-16 10:16:31,350] {logging_mixin.py:115} INFO - [2024-06-16 10:16:31,350] {dag.py:2371} INFO - Sync 2 DAGs
[2024-06-16 10:16:31,375] {logging_mixin.py:115} INFO - [2024-06-16 10:16:31,375] {dag.py:2919} INFO - Setting next_dagrun for example_xcom_args to None, run_after=None
[2024-06-16 10:16:31,375] {logging_mixin.py:115} INFO - [2024-06-16 10:16:31,375] {dag.py:2919} INFO - Setting next_dagrun for example_xcom_args_with_operators to None, run_after=None
[2024-06-16 10:16:31,389] {processor.py:161} INFO - Processing /home/airflow/.local/lib/python3.7/site-packages/airflow/example_dags/example_xcomargs.py took 0.251 seconds
[2024-06-16 10:17:01,477] {processor.py:153} INFO - Started process (PID=1268) to work on /home/airflow/.local/lib/python3.7/site-packages/airflow/example_dags/example_xcomargs.py
[2024-06-16 10:17:01,478] {processor.py:641} INFO - Processing file /home/airflow/.local/lib/python3.7/site-packages/airflow/example_dags/example_xcomargs.py for tasks to queue
[2024-06-16 10:17:01,479] {logging_mixin.py:115} INFO - [2024-06-16 10:17:01,479] {dagbag.py:507} INFO - Filling up the DagBag from /home/airflow/.local/lib/python3.7/site-packages/airflow/example_dags/example_xcomargs.py
[2024-06-16 10:17:01,503] {processor.py:651} INFO - DAG(s) dict_keys(['example_xcom_args', 'example_xcom_args_with_operators']) retrieved from /home/airflow/.local/lib/python3.7/site-packages/airflow/example_dags/example_xcomargs.py
[2024-06-16 10:17:01,576] {logging_mixin.py:115} INFO - [2024-06-16 10:17:01,576] {dag.py:2371} INFO - Sync 2 DAGs
[2024-06-16 10:17:01,595] {logging_mixin.py:115} INFO - [2024-06-16 10:17:01,595] {dag.py:2919} INFO - Setting next_dagrun for example_xcom_args to None, run_after=None
[2024-06-16 10:17:01,596] {logging_mixin.py:115} INFO - [2024-06-16 10:17:01,596] {dag.py:2919} INFO - Setting next_dagrun for example_xcom_args_with_operators to None, run_after=None
[2024-06-16 10:17:01,613] {processor.py:161} INFO - Processing /home/airflow/.local/lib/python3.7/site-packages/airflow/example_dags/example_xcomargs.py took 0.140 seconds
[2024-06-16 10:17:32,246] {processor.py:153} INFO - Started process (PID=1332) to work on /home/airflow/.local/lib/python3.7/site-packages/airflow/example_dags/example_xcomargs.py
[2024-06-16 10:17:32,247] {processor.py:641} INFO - Processing file /home/airflow/.local/lib/python3.7/site-packages/airflow/example_dags/example_xcomargs.py for tasks to queue
[2024-06-16 10:17:32,247] {logging_mixin.py:115} INFO - [2024-06-16 10:17:32,247] {dagbag.py:507} INFO - Filling up the DagBag from /home/airflow/.local/lib/python3.7/site-packages/airflow/example_dags/example_xcomargs.py
[2024-06-16 10:17:32,271] {processor.py:651} INFO - DAG(s) dict_keys(['example_xcom_args', 'example_xcom_args_with_operators']) retrieved from /home/airflow/.local/lib/python3.7/site-packages/airflow/example_dags/example_xcomargs.py
[2024-06-16 10:17:32,301] {logging_mixin.py:115} INFO - [2024-06-16 10:17:32,301] {dag.py:2371} INFO - Sync 2 DAGs
[2024-06-16 10:17:32,324] {logging_mixin.py:115} INFO - [2024-06-16 10:17:32,324] {dag.py:2919} INFO - Setting next_dagrun for example_xcom_args to None, run_after=None
[2024-06-16 10:17:32,325] {logging_mixin.py:115} INFO - [2024-06-16 10:17:32,325] {dag.py:2919} INFO - Setting next_dagrun for example_xcom_args_with_operators to None, run_after=None
[2024-06-16 10:17:32,341] {processor.py:161} INFO - Processing /home/airflow/.local/lib/python3.7/site-packages/airflow/example_dags/example_xcomargs.py took 0.098 seconds
[2024-06-16 10:18:02,683] {processor.py:153} INFO - Started process (PID=1387) to work on /home/airflow/.local/lib/python3.7/site-packages/airflow/example_dags/example_xcomargs.py
[2024-06-16 10:18:02,684] {processor.py:641} INFO - Processing file /home/airflow/.local/lib/python3.7/site-packages/airflow/example_dags/example_xcomargs.py for tasks to queue
[2024-06-16 10:18:02,684] {logging_mixin.py:115} INFO - [2024-06-16 10:18:02,684] {dagbag.py:507} INFO - Filling up the DagBag from /home/airflow/.local/lib/python3.7/site-packages/airflow/example_dags/example_xcomargs.py
[2024-06-16 10:18:02,708] {processor.py:651} INFO - DAG(s) dict_keys(['example_xcom_args', 'example_xcom_args_with_operators']) retrieved from /home/airflow/.local/lib/python3.7/site-packages/airflow/example_dags/example_xcomargs.py
[2024-06-16 10:18:02,800] {logging_mixin.py:115} INFO - [2024-06-16 10:18:02,799] {dag.py:2371} INFO - Sync 2 DAGs
[2024-06-16 10:18:02,830] {logging_mixin.py:115} INFO - [2024-06-16 10:18:02,830] {dag.py:2919} INFO - Setting next_dagrun for example_xcom_args to None, run_after=None
[2024-06-16 10:18:02,833] {logging_mixin.py:115} INFO - [2024-06-16 10:18:02,833] {dag.py:2919} INFO - Setting next_dagrun for example_xcom_args_with_operators to None, run_after=None
[2024-06-16 10:18:02,855] {processor.py:161} INFO - Processing /home/airflow/.local/lib/python3.7/site-packages/airflow/example_dags/example_xcomargs.py took 0.176 seconds
[2024-06-16 10:18:34,066] {processor.py:153} INFO - Started process (PID=1451) to work on /home/airflow/.local/lib/python3.7/site-packages/airflow/example_dags/example_xcomargs.py
[2024-06-16 10:18:34,067] {processor.py:641} INFO - Processing file /home/airflow/.local/lib/python3.7/site-packages/airflow/example_dags/example_xcomargs.py for tasks to queue
[2024-06-16 10:18:34,068] {logging_mixin.py:115} INFO - [2024-06-16 10:18:34,068] {dagbag.py:507} INFO - Filling up the DagBag from /home/airflow/.local/lib/python3.7/site-packages/airflow/example_dags/example_xcomargs.py
[2024-06-16 10:18:34,106] {processor.py:651} INFO - DAG(s) dict_keys(['example_xcom_args', 'example_xcom_args_with_operators']) retrieved from /home/airflow/.local/lib/python3.7/site-packages/airflow/example_dags/example_xcomargs.py
[2024-06-16 10:18:34,162] {logging_mixin.py:115} INFO - [2024-06-16 10:18:34,158] {dag.py:2371} INFO - Sync 2 DAGs
[2024-06-16 10:18:34,205] {logging_mixin.py:115} INFO - [2024-06-16 10:18:34,205] {dag.py:2919} INFO - Setting next_dagrun for example_xcom_args to None, run_after=None
[2024-06-16 10:18:34,206] {logging_mixin.py:115} INFO - [2024-06-16 10:18:34,205] {dag.py:2919} INFO - Setting next_dagrun for example_xcom_args_with_operators to None, run_after=None
[2024-06-16 10:18:34,231] {processor.py:161} INFO - Processing /home/airflow/.local/lib/python3.7/site-packages/airflow/example_dags/example_xcomargs.py took 0.175 seconds
[2024-06-16 10:19:04,337] {processor.py:153} INFO - Started process (PID=1504) to work on /home/airflow/.local/lib/python3.7/site-packages/airflow/example_dags/example_xcomargs.py
[2024-06-16 10:19:04,337] {processor.py:641} INFO - Processing file /home/airflow/.local/lib/python3.7/site-packages/airflow/example_dags/example_xcomargs.py for tasks to queue
[2024-06-16 10:19:04,338] {logging_mixin.py:115} INFO - [2024-06-16 10:19:04,338] {dagbag.py:507} INFO - Filling up the DagBag from /home/airflow/.local/lib/python3.7/site-packages/airflow/example_dags/example_xcomargs.py
[2024-06-16 10:19:04,369] {processor.py:651} INFO - DAG(s) dict_keys(['example_xcom_args', 'example_xcom_args_with_operators']) retrieved from /home/airflow/.local/lib/python3.7/site-packages/airflow/example_dags/example_xcomargs.py
[2024-06-16 10:19:04,458] {logging_mixin.py:115} INFO - [2024-06-16 10:19:04,458] {dag.py:2371} INFO - Sync 2 DAGs
[2024-06-16 10:19:04,481] {logging_mixin.py:115} INFO - [2024-06-16 10:19:04,481] {dag.py:2919} INFO - Setting next_dagrun for example_xcom_args to None, run_after=None
[2024-06-16 10:19:04,482] {logging_mixin.py:115} INFO - [2024-06-16 10:19:04,482] {dag.py:2919} INFO - Setting next_dagrun for example_xcom_args_with_operators to None, run_after=None
[2024-06-16 10:19:04,499] {processor.py:161} INFO - Processing /home/airflow/.local/lib/python3.7/site-packages/airflow/example_dags/example_xcomargs.py took 0.168 seconds
