[2024-06-16 10:06:42,704] {processor.py:153} INFO - Started process (PID=56) to work on /home/airflow/.local/lib/python3.7/site-packages/airflow/example_dags/example_kubernetes_executor.py
[2024-06-16 10:06:42,705] {processor.py:641} INFO - Processing file /home/airflow/.local/lib/python3.7/site-packages/airflow/example_dags/example_kubernetes_executor.py for tasks to queue
[2024-06-16 10:06:42,706] {logging_mixin.py:115} INFO - [2024-06-16 10:06:42,706] {dagbag.py:507} INFO - Filling up the DagBag from /home/airflow/.local/lib/python3.7/site-packages/airflow/example_dags/example_kubernetes_executor.py
[2024-06-16 10:06:42,740] {processor.py:651} INFO - DAG(s) dict_keys(['example_kubernetes_executor']) retrieved from /home/airflow/.local/lib/python3.7/site-packages/airflow/example_dags/example_kubernetes_executor.py
[2024-06-16 10:06:42,919] {logging_mixin.py:115} INFO - [2024-06-16 10:06:42,919] {dag.py:2371} INFO - Sync 1 DAGs
[2024-06-16 10:06:42,947] {logging_mixin.py:115} INFO - [2024-06-16 10:06:42,947] {dag.py:2919} INFO - Setting next_dagrun for example_kubernetes_executor to None, run_after=None
[2024-06-16 10:06:42,964] {processor.py:161} INFO - Processing /home/airflow/.local/lib/python3.7/site-packages/airflow/example_dags/example_kubernetes_executor.py took 0.264 seconds
[2024-06-16 10:07:15,127] {processor.py:153} INFO - Started process (PID=119) to work on /home/airflow/.local/lib/python3.7/site-packages/airflow/example_dags/example_kubernetes_executor.py
[2024-06-16 10:07:15,128] {processor.py:641} INFO - Processing file /home/airflow/.local/lib/python3.7/site-packages/airflow/example_dags/example_kubernetes_executor.py for tasks to queue
[2024-06-16 10:07:15,129] {logging_mixin.py:115} INFO - [2024-06-16 10:07:15,129] {dagbag.py:507} INFO - Filling up the DagBag from /home/airflow/.local/lib/python3.7/site-packages/airflow/example_dags/example_kubernetes_executor.py
[2024-06-16 10:07:15,163] {processor.py:651} INFO - DAG(s) dict_keys(['example_kubernetes_executor']) retrieved from /home/airflow/.local/lib/python3.7/site-packages/airflow/example_dags/example_kubernetes_executor.py
[2024-06-16 10:07:15,410] {logging_mixin.py:115} INFO - [2024-06-16 10:07:15,410] {dag.py:2371} INFO - Sync 1 DAGs
[2024-06-16 10:07:15,459] {logging_mixin.py:115} INFO - [2024-06-16 10:07:15,459] {dag.py:2919} INFO - Setting next_dagrun for example_kubernetes_executor to None, run_after=None
[2024-06-16 10:07:15,544] {processor.py:161} INFO - Processing /home/airflow/.local/lib/python3.7/site-packages/airflow/example_dags/example_kubernetes_executor.py took 0.421 seconds
[2024-06-16 10:07:45,629] {processor.py:153} INFO - Started process (PID=174) to work on /home/airflow/.local/lib/python3.7/site-packages/airflow/example_dags/example_kubernetes_executor.py
[2024-06-16 10:07:45,630] {processor.py:641} INFO - Processing file /home/airflow/.local/lib/python3.7/site-packages/airflow/example_dags/example_kubernetes_executor.py for tasks to queue
[2024-06-16 10:07:45,631] {logging_mixin.py:115} INFO - [2024-06-16 10:07:45,631] {dagbag.py:507} INFO - Filling up the DagBag from /home/airflow/.local/lib/python3.7/site-packages/airflow/example_dags/example_kubernetes_executor.py
[2024-06-16 10:07:45,658] {processor.py:651} INFO - DAG(s) dict_keys(['example_kubernetes_executor']) retrieved from /home/airflow/.local/lib/python3.7/site-packages/airflow/example_dags/example_kubernetes_executor.py
[2024-06-16 10:07:45,801] {logging_mixin.py:115} INFO - [2024-06-16 10:07:45,801] {dag.py:2371} INFO - Sync 1 DAGs
[2024-06-16 10:07:45,819] {logging_mixin.py:115} INFO - [2024-06-16 10:07:45,819] {dag.py:2919} INFO - Setting next_dagrun for example_kubernetes_executor to None, run_after=None
[2024-06-16 10:07:45,835] {processor.py:161} INFO - Processing /home/airflow/.local/lib/python3.7/site-packages/airflow/example_dags/example_kubernetes_executor.py took 0.210 seconds
[2024-06-16 10:08:16,063] {processor.py:153} INFO - Started process (PID=237) to work on /home/airflow/.local/lib/python3.7/site-packages/airflow/example_dags/example_kubernetes_executor.py
[2024-06-16 10:08:16,064] {processor.py:641} INFO - Processing file /home/airflow/.local/lib/python3.7/site-packages/airflow/example_dags/example_kubernetes_executor.py for tasks to queue
[2024-06-16 10:08:16,065] {logging_mixin.py:115} INFO - [2024-06-16 10:08:16,065] {dagbag.py:507} INFO - Filling up the DagBag from /home/airflow/.local/lib/python3.7/site-packages/airflow/example_dags/example_kubernetes_executor.py
[2024-06-16 10:08:16,091] {processor.py:651} INFO - DAG(s) dict_keys(['example_kubernetes_executor']) retrieved from /home/airflow/.local/lib/python3.7/site-packages/airflow/example_dags/example_kubernetes_executor.py
[2024-06-16 10:08:16,254] {logging_mixin.py:115} INFO - [2024-06-16 10:08:16,254] {dag.py:2371} INFO - Sync 1 DAGs
[2024-06-16 10:08:16,319] {logging_mixin.py:115} INFO - [2024-06-16 10:08:16,319] {dag.py:2919} INFO - Setting next_dagrun for example_kubernetes_executor to None, run_after=None
[2024-06-16 10:08:16,333] {processor.py:161} INFO - Processing /home/airflow/.local/lib/python3.7/site-packages/airflow/example_dags/example_kubernetes_executor.py took 0.273 seconds
[2024-06-16 10:08:46,930] {processor.py:153} INFO - Started process (PID=299) to work on /home/airflow/.local/lib/python3.7/site-packages/airflow/example_dags/example_kubernetes_executor.py
[2024-06-16 10:08:46,931] {processor.py:641} INFO - Processing file /home/airflow/.local/lib/python3.7/site-packages/airflow/example_dags/example_kubernetes_executor.py for tasks to queue
[2024-06-16 10:08:46,932] {logging_mixin.py:115} INFO - [2024-06-16 10:08:46,932] {dagbag.py:507} INFO - Filling up the DagBag from /home/airflow/.local/lib/python3.7/site-packages/airflow/example_dags/example_kubernetes_executor.py
[2024-06-16 10:08:46,964] {processor.py:651} INFO - DAG(s) dict_keys(['example_kubernetes_executor']) retrieved from /home/airflow/.local/lib/python3.7/site-packages/airflow/example_dags/example_kubernetes_executor.py
[2024-06-16 10:08:47,162] {logging_mixin.py:115} INFO - [2024-06-16 10:08:47,162] {dag.py:2371} INFO - Sync 1 DAGs
[2024-06-16 10:08:47,183] {logging_mixin.py:115} INFO - [2024-06-16 10:08:47,183] {dag.py:2919} INFO - Setting next_dagrun for example_kubernetes_executor to None, run_after=None
[2024-06-16 10:08:47,196] {processor.py:161} INFO - Processing /home/airflow/.local/lib/python3.7/site-packages/airflow/example_dags/example_kubernetes_executor.py took 0.269 seconds
[2024-06-16 10:09:17,607] {processor.py:153} INFO - Started process (PID=354) to work on /home/airflow/.local/lib/python3.7/site-packages/airflow/example_dags/example_kubernetes_executor.py
[2024-06-16 10:09:17,608] {processor.py:641} INFO - Processing file /home/airflow/.local/lib/python3.7/site-packages/airflow/example_dags/example_kubernetes_executor.py for tasks to queue
[2024-06-16 10:09:17,609] {logging_mixin.py:115} INFO - [2024-06-16 10:09:17,609] {dagbag.py:507} INFO - Filling up the DagBag from /home/airflow/.local/lib/python3.7/site-packages/airflow/example_dags/example_kubernetes_executor.py
[2024-06-16 10:09:17,637] {processor.py:651} INFO - DAG(s) dict_keys(['example_kubernetes_executor']) retrieved from /home/airflow/.local/lib/python3.7/site-packages/airflow/example_dags/example_kubernetes_executor.py
[2024-06-16 10:09:17,798] {logging_mixin.py:115} INFO - [2024-06-16 10:09:17,798] {dag.py:2371} INFO - Sync 1 DAGs
[2024-06-16 10:09:17,820] {logging_mixin.py:115} INFO - [2024-06-16 10:09:17,820] {dag.py:2919} INFO - Setting next_dagrun for example_kubernetes_executor to None, run_after=None
[2024-06-16 10:09:17,836] {processor.py:161} INFO - Processing /home/airflow/.local/lib/python3.7/site-packages/airflow/example_dags/example_kubernetes_executor.py took 0.233 seconds
[2024-06-16 10:09:48,194] {processor.py:153} INFO - Started process (PID=418) to work on /home/airflow/.local/lib/python3.7/site-packages/airflow/example_dags/example_kubernetes_executor.py
[2024-06-16 10:09:48,195] {processor.py:641} INFO - Processing file /home/airflow/.local/lib/python3.7/site-packages/airflow/example_dags/example_kubernetes_executor.py for tasks to queue
[2024-06-16 10:09:48,196] {logging_mixin.py:115} INFO - [2024-06-16 10:09:48,196] {dagbag.py:507} INFO - Filling up the DagBag from /home/airflow/.local/lib/python3.7/site-packages/airflow/example_dags/example_kubernetes_executor.py
[2024-06-16 10:09:48,228] {processor.py:651} INFO - DAG(s) dict_keys(['example_kubernetes_executor']) retrieved from /home/airflow/.local/lib/python3.7/site-packages/airflow/example_dags/example_kubernetes_executor.py
[2024-06-16 10:09:48,377] {logging_mixin.py:115} INFO - [2024-06-16 10:09:48,377] {dag.py:2371} INFO - Sync 1 DAGs
[2024-06-16 10:09:48,398] {logging_mixin.py:115} INFO - [2024-06-16 10:09:48,398] {dag.py:2919} INFO - Setting next_dagrun for example_kubernetes_executor to None, run_after=None
[2024-06-16 10:09:48,423] {processor.py:161} INFO - Processing /home/airflow/.local/lib/python3.7/site-packages/airflow/example_dags/example_kubernetes_executor.py took 0.232 seconds
[2024-06-16 10:10:18,906] {processor.py:153} INFO - Started process (PID=482) to work on /home/airflow/.local/lib/python3.7/site-packages/airflow/example_dags/example_kubernetes_executor.py
[2024-06-16 10:10:18,907] {processor.py:641} INFO - Processing file /home/airflow/.local/lib/python3.7/site-packages/airflow/example_dags/example_kubernetes_executor.py for tasks to queue
[2024-06-16 10:10:18,908] {logging_mixin.py:115} INFO - [2024-06-16 10:10:18,907] {dagbag.py:507} INFO - Filling up the DagBag from /home/airflow/.local/lib/python3.7/site-packages/airflow/example_dags/example_kubernetes_executor.py
[2024-06-16 10:10:18,938] {processor.py:651} INFO - DAG(s) dict_keys(['example_kubernetes_executor']) retrieved from /home/airflow/.local/lib/python3.7/site-packages/airflow/example_dags/example_kubernetes_executor.py
[2024-06-16 10:10:19,094] {logging_mixin.py:115} INFO - [2024-06-16 10:10:19,093] {dag.py:2371} INFO - Sync 1 DAGs
[2024-06-16 10:10:19,113] {logging_mixin.py:115} INFO - [2024-06-16 10:10:19,113] {dag.py:2919} INFO - Setting next_dagrun for example_kubernetes_executor to None, run_after=None
[2024-06-16 10:10:19,128] {processor.py:161} INFO - Processing /home/airflow/.local/lib/python3.7/site-packages/airflow/example_dags/example_kubernetes_executor.py took 0.225 seconds
[2024-06-16 10:10:49,968] {processor.py:153} INFO - Started process (PID=536) to work on /home/airflow/.local/lib/python3.7/site-packages/airflow/example_dags/example_kubernetes_executor.py
[2024-06-16 10:10:49,969] {processor.py:641} INFO - Processing file /home/airflow/.local/lib/python3.7/site-packages/airflow/example_dags/example_kubernetes_executor.py for tasks to queue
[2024-06-16 10:10:49,970] {logging_mixin.py:115} INFO - [2024-06-16 10:10:49,970] {dagbag.py:507} INFO - Filling up the DagBag from /home/airflow/.local/lib/python3.7/site-packages/airflow/example_dags/example_kubernetes_executor.py
[2024-06-16 10:10:49,997] {processor.py:651} INFO - DAG(s) dict_keys(['example_kubernetes_executor']) retrieved from /home/airflow/.local/lib/python3.7/site-packages/airflow/example_dags/example_kubernetes_executor.py
[2024-06-16 10:10:50,158] {logging_mixin.py:115} INFO - [2024-06-16 10:10:50,158] {dag.py:2371} INFO - Sync 1 DAGs
[2024-06-16 10:10:50,190] {logging_mixin.py:115} INFO - [2024-06-16 10:10:50,190] {dag.py:2919} INFO - Setting next_dagrun for example_kubernetes_executor to None, run_after=None
[2024-06-16 10:10:50,213] {processor.py:161} INFO - Processing /home/airflow/.local/lib/python3.7/site-packages/airflow/example_dags/example_kubernetes_executor.py took 0.249 seconds
[2024-06-16 10:11:21,150] {processor.py:153} INFO - Started process (PID=599) to work on /home/airflow/.local/lib/python3.7/site-packages/airflow/example_dags/example_kubernetes_executor.py
[2024-06-16 10:11:21,151] {processor.py:641} INFO - Processing file /home/airflow/.local/lib/python3.7/site-packages/airflow/example_dags/example_kubernetes_executor.py for tasks to queue
[2024-06-16 10:11:21,152] {logging_mixin.py:115} INFO - [2024-06-16 10:11:21,152] {dagbag.py:507} INFO - Filling up the DagBag from /home/airflow/.local/lib/python3.7/site-packages/airflow/example_dags/example_kubernetes_executor.py
[2024-06-16 10:11:21,178] {processor.py:651} INFO - DAG(s) dict_keys(['example_kubernetes_executor']) retrieved from /home/airflow/.local/lib/python3.7/site-packages/airflow/example_dags/example_kubernetes_executor.py
[2024-06-16 10:11:21,332] {logging_mixin.py:115} INFO - [2024-06-16 10:11:21,332] {dag.py:2371} INFO - Sync 1 DAGs
[2024-06-16 10:11:21,356] {logging_mixin.py:115} INFO - [2024-06-16 10:11:21,356] {dag.py:2919} INFO - Setting next_dagrun for example_kubernetes_executor to None, run_after=None
[2024-06-16 10:11:21,373] {processor.py:161} INFO - Processing /home/airflow/.local/lib/python3.7/site-packages/airflow/example_dags/example_kubernetes_executor.py took 0.226 seconds
[2024-06-16 10:11:51,586] {processor.py:153} INFO - Started process (PID=662) to work on /home/airflow/.local/lib/python3.7/site-packages/airflow/example_dags/example_kubernetes_executor.py
[2024-06-16 10:11:51,587] {processor.py:641} INFO - Processing file /home/airflow/.local/lib/python3.7/site-packages/airflow/example_dags/example_kubernetes_executor.py for tasks to queue
[2024-06-16 10:11:51,588] {logging_mixin.py:115} INFO - [2024-06-16 10:11:51,587] {dagbag.py:507} INFO - Filling up the DagBag from /home/airflow/.local/lib/python3.7/site-packages/airflow/example_dags/example_kubernetes_executor.py
[2024-06-16 10:11:51,745] {processor.py:651} INFO - DAG(s) dict_keys(['example_kubernetes_executor']) retrieved from /home/airflow/.local/lib/python3.7/site-packages/airflow/example_dags/example_kubernetes_executor.py
[2024-06-16 10:11:51,769] {logging_mixin.py:115} INFO - [2024-06-16 10:11:51,769] {dag.py:2371} INFO - Sync 1 DAGs
[2024-06-16 10:11:51,796] {logging_mixin.py:115} INFO - [2024-06-16 10:11:51,796] {dag.py:2919} INFO - Setting next_dagrun for example_kubernetes_executor to None, run_after=None
[2024-06-16 10:11:51,819] {processor.py:161} INFO - Processing /home/airflow/.local/lib/python3.7/site-packages/airflow/example_dags/example_kubernetes_executor.py took 0.236 seconds
[2024-06-16 10:12:22,618] {processor.py:153} INFO - Started process (PID=715) to work on /home/airflow/.local/lib/python3.7/site-packages/airflow/example_dags/example_kubernetes_executor.py
[2024-06-16 10:12:22,619] {processor.py:641} INFO - Processing file /home/airflow/.local/lib/python3.7/site-packages/airflow/example_dags/example_kubernetes_executor.py for tasks to queue
[2024-06-16 10:12:22,619] {logging_mixin.py:115} INFO - [2024-06-16 10:12:22,619] {dagbag.py:507} INFO - Filling up the DagBag from /home/airflow/.local/lib/python3.7/site-packages/airflow/example_dags/example_kubernetes_executor.py
[2024-06-16 10:12:22,794] {processor.py:651} INFO - DAG(s) dict_keys(['example_kubernetes_executor']) retrieved from /home/airflow/.local/lib/python3.7/site-packages/airflow/example_dags/example_kubernetes_executor.py
[2024-06-16 10:12:22,828] {logging_mixin.py:115} INFO - [2024-06-16 10:12:22,828] {dag.py:2371} INFO - Sync 1 DAGs
[2024-06-16 10:12:22,854] {logging_mixin.py:115} INFO - [2024-06-16 10:12:22,854] {dag.py:2919} INFO - Setting next_dagrun for example_kubernetes_executor to None, run_after=None
[2024-06-16 10:12:22,875] {processor.py:161} INFO - Processing /home/airflow/.local/lib/python3.7/site-packages/airflow/example_dags/example_kubernetes_executor.py took 0.261 seconds
[2024-06-16 10:12:53,090] {processor.py:153} INFO - Started process (PID=777) to work on /home/airflow/.local/lib/python3.7/site-packages/airflow/example_dags/example_kubernetes_executor.py
[2024-06-16 10:12:53,091] {processor.py:641} INFO - Processing file /home/airflow/.local/lib/python3.7/site-packages/airflow/example_dags/example_kubernetes_executor.py for tasks to queue
[2024-06-16 10:12:53,091] {logging_mixin.py:115} INFO - [2024-06-16 10:12:53,091] {dagbag.py:507} INFO - Filling up the DagBag from /home/airflow/.local/lib/python3.7/site-packages/airflow/example_dags/example_kubernetes_executor.py
[2024-06-16 10:12:53,252] {processor.py:651} INFO - DAG(s) dict_keys(['example_kubernetes_executor']) retrieved from /home/airflow/.local/lib/python3.7/site-packages/airflow/example_dags/example_kubernetes_executor.py
[2024-06-16 10:12:53,275] {logging_mixin.py:115} INFO - [2024-06-16 10:12:53,275] {dag.py:2371} INFO - Sync 1 DAGs
[2024-06-16 10:12:53,296] {logging_mixin.py:115} INFO - [2024-06-16 10:12:53,295] {dag.py:2919} INFO - Setting next_dagrun for example_kubernetes_executor to None, run_after=None
[2024-06-16 10:12:53,310] {processor.py:161} INFO - Processing /home/airflow/.local/lib/python3.7/site-packages/airflow/example_dags/example_kubernetes_executor.py took 0.224 seconds
[2024-06-16 10:13:23,500] {processor.py:153} INFO - Started process (PID=831) to work on /home/airflow/.local/lib/python3.7/site-packages/airflow/example_dags/example_kubernetes_executor.py
[2024-06-16 10:13:23,501] {processor.py:641} INFO - Processing file /home/airflow/.local/lib/python3.7/site-packages/airflow/example_dags/example_kubernetes_executor.py for tasks to queue
[2024-06-16 10:13:23,502] {logging_mixin.py:115} INFO - [2024-06-16 10:13:23,502] {dagbag.py:507} INFO - Filling up the DagBag from /home/airflow/.local/lib/python3.7/site-packages/airflow/example_dags/example_kubernetes_executor.py
[2024-06-16 10:13:23,772] {processor.py:651} INFO - DAG(s) dict_keys(['example_kubernetes_executor']) retrieved from /home/airflow/.local/lib/python3.7/site-packages/airflow/example_dags/example_kubernetes_executor.py
[2024-06-16 10:13:23,811] {logging_mixin.py:115} INFO - [2024-06-16 10:13:23,811] {dag.py:2371} INFO - Sync 1 DAGs
[2024-06-16 10:13:23,857] {logging_mixin.py:115} INFO - [2024-06-16 10:13:23,857] {dag.py:2919} INFO - Setting next_dagrun for example_kubernetes_executor to None, run_after=None
[2024-06-16 10:13:23,884] {processor.py:161} INFO - Processing /home/airflow/.local/lib/python3.7/site-packages/airflow/example_dags/example_kubernetes_executor.py took 0.387 seconds
[2024-06-16 10:13:54,714] {processor.py:153} INFO - Started process (PID=894) to work on /home/airflow/.local/lib/python3.7/site-packages/airflow/example_dags/example_kubernetes_executor.py
[2024-06-16 10:13:54,715] {processor.py:641} INFO - Processing file /home/airflow/.local/lib/python3.7/site-packages/airflow/example_dags/example_kubernetes_executor.py for tasks to queue
[2024-06-16 10:13:54,716] {logging_mixin.py:115} INFO - [2024-06-16 10:13:54,716] {dagbag.py:507} INFO - Filling up the DagBag from /home/airflow/.local/lib/python3.7/site-packages/airflow/example_dags/example_kubernetes_executor.py
[2024-06-16 10:13:54,900] {processor.py:651} INFO - DAG(s) dict_keys(['example_kubernetes_executor']) retrieved from /home/airflow/.local/lib/python3.7/site-packages/airflow/example_dags/example_kubernetes_executor.py
[2024-06-16 10:13:54,923] {logging_mixin.py:115} INFO - [2024-06-16 10:13:54,923] {dag.py:2371} INFO - Sync 1 DAGs
[2024-06-16 10:13:54,944] {logging_mixin.py:115} INFO - [2024-06-16 10:13:54,943] {dag.py:2919} INFO - Setting next_dagrun for example_kubernetes_executor to None, run_after=None
[2024-06-16 10:13:54,957] {processor.py:161} INFO - Processing /home/airflow/.local/lib/python3.7/site-packages/airflow/example_dags/example_kubernetes_executor.py took 0.248 seconds
[2024-06-16 10:14:25,392] {processor.py:153} INFO - Started process (PID=958) to work on /home/airflow/.local/lib/python3.7/site-packages/airflow/example_dags/example_kubernetes_executor.py
[2024-06-16 10:14:25,393] {processor.py:641} INFO - Processing file /home/airflow/.local/lib/python3.7/site-packages/airflow/example_dags/example_kubernetes_executor.py for tasks to queue
[2024-06-16 10:14:25,393] {logging_mixin.py:115} INFO - [2024-06-16 10:14:25,393] {dagbag.py:507} INFO - Filling up the DagBag from /home/airflow/.local/lib/python3.7/site-packages/airflow/example_dags/example_kubernetes_executor.py
[2024-06-16 10:14:25,555] {processor.py:651} INFO - DAG(s) dict_keys(['example_kubernetes_executor']) retrieved from /home/airflow/.local/lib/python3.7/site-packages/airflow/example_dags/example_kubernetes_executor.py
[2024-06-16 10:14:25,588] {logging_mixin.py:115} INFO - [2024-06-16 10:14:25,588] {dag.py:2371} INFO - Sync 1 DAGs
[2024-06-16 10:14:25,608] {logging_mixin.py:115} INFO - [2024-06-16 10:14:25,608] {dag.py:2919} INFO - Setting next_dagrun for example_kubernetes_executor to None, run_after=None
[2024-06-16 10:14:25,623] {processor.py:161} INFO - Processing /home/airflow/.local/lib/python3.7/site-packages/airflow/example_dags/example_kubernetes_executor.py took 0.235 seconds
[2024-06-16 10:14:56,208] {processor.py:153} INFO - Started process (PID=1012) to work on /home/airflow/.local/lib/python3.7/site-packages/airflow/example_dags/example_kubernetes_executor.py
[2024-06-16 10:14:56,209] {processor.py:641} INFO - Processing file /home/airflow/.local/lib/python3.7/site-packages/airflow/example_dags/example_kubernetes_executor.py for tasks to queue
[2024-06-16 10:14:56,210] {logging_mixin.py:115} INFO - [2024-06-16 10:14:56,210] {dagbag.py:507} INFO - Filling up the DagBag from /home/airflow/.local/lib/python3.7/site-packages/airflow/example_dags/example_kubernetes_executor.py
[2024-06-16 10:14:56,416] {processor.py:651} INFO - DAG(s) dict_keys(['example_kubernetes_executor']) retrieved from /home/airflow/.local/lib/python3.7/site-packages/airflow/example_dags/example_kubernetes_executor.py
[2024-06-16 10:14:56,450] {logging_mixin.py:115} INFO - [2024-06-16 10:14:56,450] {dag.py:2371} INFO - Sync 1 DAGs
[2024-06-16 10:14:56,473] {logging_mixin.py:115} INFO - [2024-06-16 10:14:56,473] {dag.py:2919} INFO - Setting next_dagrun for example_kubernetes_executor to None, run_after=None
[2024-06-16 10:14:56,492] {processor.py:161} INFO - Processing /home/airflow/.local/lib/python3.7/site-packages/airflow/example_dags/example_kubernetes_executor.py took 0.289 seconds
[2024-06-16 10:15:26,990] {processor.py:153} INFO - Started process (PID=1074) to work on /home/airflow/.local/lib/python3.7/site-packages/airflow/example_dags/example_kubernetes_executor.py
[2024-06-16 10:15:26,991] {processor.py:641} INFO - Processing file /home/airflow/.local/lib/python3.7/site-packages/airflow/example_dags/example_kubernetes_executor.py for tasks to queue
[2024-06-16 10:15:26,992] {logging_mixin.py:115} INFO - [2024-06-16 10:15:26,992] {dagbag.py:507} INFO - Filling up the DagBag from /home/airflow/.local/lib/python3.7/site-packages/airflow/example_dags/example_kubernetes_executor.py
[2024-06-16 10:15:27,141] {processor.py:651} INFO - DAG(s) dict_keys(['example_kubernetes_executor']) retrieved from /home/airflow/.local/lib/python3.7/site-packages/airflow/example_dags/example_kubernetes_executor.py
[2024-06-16 10:15:27,166] {logging_mixin.py:115} INFO - [2024-06-16 10:15:27,166] {dag.py:2371} INFO - Sync 1 DAGs
[2024-06-16 10:15:27,212] {logging_mixin.py:115} INFO - [2024-06-16 10:15:27,212] {dag.py:2919} INFO - Setting next_dagrun for example_kubernetes_executor to None, run_after=None
[2024-06-16 10:15:27,238] {processor.py:161} INFO - Processing /home/airflow/.local/lib/python3.7/site-packages/airflow/example_dags/example_kubernetes_executor.py took 0.251 seconds
[2024-06-16 10:15:57,737] {processor.py:153} INFO - Started process (PID=1137) to work on /home/airflow/.local/lib/python3.7/site-packages/airflow/example_dags/example_kubernetes_executor.py
[2024-06-16 10:15:57,737] {processor.py:641} INFO - Processing file /home/airflow/.local/lib/python3.7/site-packages/airflow/example_dags/example_kubernetes_executor.py for tasks to queue
[2024-06-16 10:15:57,738] {logging_mixin.py:115} INFO - [2024-06-16 10:15:57,738] {dagbag.py:507} INFO - Filling up the DagBag from /home/airflow/.local/lib/python3.7/site-packages/airflow/example_dags/example_kubernetes_executor.py
[2024-06-16 10:15:57,933] {processor.py:651} INFO - DAG(s) dict_keys(['example_kubernetes_executor']) retrieved from /home/airflow/.local/lib/python3.7/site-packages/airflow/example_dags/example_kubernetes_executor.py
[2024-06-16 10:15:57,965] {logging_mixin.py:115} INFO - [2024-06-16 10:15:57,965] {dag.py:2371} INFO - Sync 1 DAGs
[2024-06-16 10:15:57,994] {logging_mixin.py:115} INFO - [2024-06-16 10:15:57,994] {dag.py:2919} INFO - Setting next_dagrun for example_kubernetes_executor to None, run_after=None
[2024-06-16 10:15:58,012] {processor.py:161} INFO - Processing /home/airflow/.local/lib/python3.7/site-packages/airflow/example_dags/example_kubernetes_executor.py took 0.279 seconds
[2024-06-16 10:16:28,265] {processor.py:153} INFO - Started process (PID=1191) to work on /home/airflow/.local/lib/python3.7/site-packages/airflow/example_dags/example_kubernetes_executor.py
[2024-06-16 10:16:28,266] {processor.py:641} INFO - Processing file /home/airflow/.local/lib/python3.7/site-packages/airflow/example_dags/example_kubernetes_executor.py for tasks to queue
[2024-06-16 10:16:28,266] {logging_mixin.py:115} INFO - [2024-06-16 10:16:28,266] {dagbag.py:507} INFO - Filling up the DagBag from /home/airflow/.local/lib/python3.7/site-packages/airflow/example_dags/example_kubernetes_executor.py
[2024-06-16 10:16:28,420] {processor.py:651} INFO - DAG(s) dict_keys(['example_kubernetes_executor']) retrieved from /home/airflow/.local/lib/python3.7/site-packages/airflow/example_dags/example_kubernetes_executor.py
[2024-06-16 10:16:28,443] {logging_mixin.py:115} INFO - [2024-06-16 10:16:28,443] {dag.py:2371} INFO - Sync 1 DAGs
[2024-06-16 10:16:28,470] {logging_mixin.py:115} INFO - [2024-06-16 10:16:28,470] {dag.py:2919} INFO - Setting next_dagrun for example_kubernetes_executor to None, run_after=None
[2024-06-16 10:16:28,487] {processor.py:161} INFO - Processing /home/airflow/.local/lib/python3.7/site-packages/airflow/example_dags/example_kubernetes_executor.py took 0.226 seconds
[2024-06-16 10:16:59,314] {processor.py:153} INFO - Started process (PID=1253) to work on /home/airflow/.local/lib/python3.7/site-packages/airflow/example_dags/example_kubernetes_executor.py
[2024-06-16 10:16:59,315] {processor.py:641} INFO - Processing file /home/airflow/.local/lib/python3.7/site-packages/airflow/example_dags/example_kubernetes_executor.py for tasks to queue
[2024-06-16 10:16:59,316] {logging_mixin.py:115} INFO - [2024-06-16 10:16:59,315] {dagbag.py:507} INFO - Filling up the DagBag from /home/airflow/.local/lib/python3.7/site-packages/airflow/example_dags/example_kubernetes_executor.py
[2024-06-16 10:16:59,347] {processor.py:651} INFO - DAG(s) dict_keys(['example_kubernetes_executor']) retrieved from /home/airflow/.local/lib/python3.7/site-packages/airflow/example_dags/example_kubernetes_executor.py
[2024-06-16 10:16:59,378] {logging_mixin.py:115} INFO - [2024-06-16 10:16:59,378] {dag.py:2371} INFO - Sync 1 DAGs
[2024-06-16 10:16:59,405] {logging_mixin.py:115} INFO - [2024-06-16 10:16:59,405] {dag.py:2919} INFO - Setting next_dagrun for example_kubernetes_executor to None, run_after=None
[2024-06-16 10:16:59,419] {processor.py:161} INFO - Processing /home/airflow/.local/lib/python3.7/site-packages/airflow/example_dags/example_kubernetes_executor.py took 0.109 seconds
[2024-06-16 10:17:29,974] {processor.py:153} INFO - Started process (PID=1308) to work on /home/airflow/.local/lib/python3.7/site-packages/airflow/example_dags/example_kubernetes_executor.py
[2024-06-16 10:17:29,975] {processor.py:641} INFO - Processing file /home/airflow/.local/lib/python3.7/site-packages/airflow/example_dags/example_kubernetes_executor.py for tasks to queue
[2024-06-16 10:17:29,976] {logging_mixin.py:115} INFO - [2024-06-16 10:17:29,976] {dagbag.py:507} INFO - Filling up the DagBag from /home/airflow/.local/lib/python3.7/site-packages/airflow/example_dags/example_kubernetes_executor.py
[2024-06-16 10:17:30,014] {processor.py:651} INFO - DAG(s) dict_keys(['example_kubernetes_executor']) retrieved from /home/airflow/.local/lib/python3.7/site-packages/airflow/example_dags/example_kubernetes_executor.py
[2024-06-16 10:17:30,043] {logging_mixin.py:115} INFO - [2024-06-16 10:17:30,043] {dag.py:2371} INFO - Sync 1 DAGs
[2024-06-16 10:17:30,068] {logging_mixin.py:115} INFO - [2024-06-16 10:17:30,068] {dag.py:2919} INFO - Setting next_dagrun for example_kubernetes_executor to None, run_after=None
[2024-06-16 10:17:30,084] {processor.py:161} INFO - Processing /home/airflow/.local/lib/python3.7/site-packages/airflow/example_dags/example_kubernetes_executor.py took 0.113 seconds
[2024-06-16 10:18:00,213] {processor.py:153} INFO - Started process (PID=1371) to work on /home/airflow/.local/lib/python3.7/site-packages/airflow/example_dags/example_kubernetes_executor.py
[2024-06-16 10:18:00,215] {processor.py:641} INFO - Processing file /home/airflow/.local/lib/python3.7/site-packages/airflow/example_dags/example_kubernetes_executor.py for tasks to queue
[2024-06-16 10:18:00,216] {logging_mixin.py:115} INFO - [2024-06-16 10:18:00,215] {dagbag.py:507} INFO - Filling up the DagBag from /home/airflow/.local/lib/python3.7/site-packages/airflow/example_dags/example_kubernetes_executor.py
[2024-06-16 10:18:00,248] {processor.py:651} INFO - DAG(s) dict_keys(['example_kubernetes_executor']) retrieved from /home/airflow/.local/lib/python3.7/site-packages/airflow/example_dags/example_kubernetes_executor.py
[2024-06-16 10:18:00,277] {logging_mixin.py:115} INFO - [2024-06-16 10:18:00,277] {dag.py:2371} INFO - Sync 1 DAGs
[2024-06-16 10:18:00,300] {logging_mixin.py:115} INFO - [2024-06-16 10:18:00,300] {dag.py:2919} INFO - Setting next_dagrun for example_kubernetes_executor to None, run_after=None
[2024-06-16 10:18:00,327] {processor.py:161} INFO - Processing /home/airflow/.local/lib/python3.7/site-packages/airflow/example_dags/example_kubernetes_executor.py took 0.119 seconds
[2024-06-16 10:18:31,241] {processor.py:153} INFO - Started process (PID=1436) to work on /home/airflow/.local/lib/python3.7/site-packages/airflow/example_dags/example_kubernetes_executor.py
[2024-06-16 10:18:31,242] {processor.py:641} INFO - Processing file /home/airflow/.local/lib/python3.7/site-packages/airflow/example_dags/example_kubernetes_executor.py for tasks to queue
[2024-06-16 10:18:31,243] {logging_mixin.py:115} INFO - [2024-06-16 10:18:31,243] {dagbag.py:507} INFO - Filling up the DagBag from /home/airflow/.local/lib/python3.7/site-packages/airflow/example_dags/example_kubernetes_executor.py
[2024-06-16 10:18:31,273] {processor.py:651} INFO - DAG(s) dict_keys(['example_kubernetes_executor']) retrieved from /home/airflow/.local/lib/python3.7/site-packages/airflow/example_dags/example_kubernetes_executor.py
[2024-06-16 10:18:31,301] {logging_mixin.py:115} INFO - [2024-06-16 10:18:31,301] {dag.py:2371} INFO - Sync 1 DAGs
[2024-06-16 10:18:31,324] {logging_mixin.py:115} INFO - [2024-06-16 10:18:31,324] {dag.py:2919} INFO - Setting next_dagrun for example_kubernetes_executor to None, run_after=None
[2024-06-16 10:18:31,340] {processor.py:161} INFO - Processing /home/airflow/.local/lib/python3.7/site-packages/airflow/example_dags/example_kubernetes_executor.py took 0.102 seconds
[2024-06-16 10:19:02,171] {processor.py:153} INFO - Started process (PID=1490) to work on /home/airflow/.local/lib/python3.7/site-packages/airflow/example_dags/example_kubernetes_executor.py
[2024-06-16 10:19:02,171] {processor.py:641} INFO - Processing file /home/airflow/.local/lib/python3.7/site-packages/airflow/example_dags/example_kubernetes_executor.py for tasks to queue
[2024-06-16 10:19:02,172] {logging_mixin.py:115} INFO - [2024-06-16 10:19:02,172] {dagbag.py:507} INFO - Filling up the DagBag from /home/airflow/.local/lib/python3.7/site-packages/airflow/example_dags/example_kubernetes_executor.py
[2024-06-16 10:19:02,204] {processor.py:651} INFO - DAG(s) dict_keys(['example_kubernetes_executor']) retrieved from /home/airflow/.local/lib/python3.7/site-packages/airflow/example_dags/example_kubernetes_executor.py
[2024-06-16 10:19:02,232] {logging_mixin.py:115} INFO - [2024-06-16 10:19:02,232] {dag.py:2371} INFO - Sync 1 DAGs
[2024-06-16 10:19:02,254] {logging_mixin.py:115} INFO - [2024-06-16 10:19:02,254] {dag.py:2919} INFO - Setting next_dagrun for example_kubernetes_executor to None, run_after=None
[2024-06-16 10:19:02,270] {processor.py:161} INFO - Processing /home/airflow/.local/lib/python3.7/site-packages/airflow/example_dags/example_kubernetes_executor.py took 0.103 seconds
[2024-06-16 11:03:52,529] {processor.py:153} INFO - Started process (PID=56) to work on /home/airflow/.local/lib/python3.7/site-packages/airflow/example_dags/example_kubernetes_executor.py
[2024-06-16 11:03:52,538] {processor.py:641} INFO - Processing file /home/airflow/.local/lib/python3.7/site-packages/airflow/example_dags/example_kubernetes_executor.py for tasks to queue
[2024-06-16 11:03:52,539] {logging_mixin.py:115} INFO - [2024-06-16 11:03:52,539] {dagbag.py:507} INFO - Filling up the DagBag from /home/airflow/.local/lib/python3.7/site-packages/airflow/example_dags/example_kubernetes_executor.py
[2024-06-16 11:03:52,578] {processor.py:651} INFO - DAG(s) dict_keys(['example_kubernetes_executor']) retrieved from /home/airflow/.local/lib/python3.7/site-packages/airflow/example_dags/example_kubernetes_executor.py
[2024-06-16 11:03:52,751] {logging_mixin.py:115} INFO - [2024-06-16 11:03:52,750] {dag.py:2371} INFO - Sync 1 DAGs
[2024-06-16 11:03:52,774] {logging_mixin.py:115} INFO - [2024-06-16 11:03:52,774] {dag.py:2919} INFO - Setting next_dagrun for example_kubernetes_executor to None, run_after=None
[2024-06-16 11:03:52,810] {processor.py:161} INFO - Processing /home/airflow/.local/lib/python3.7/site-packages/airflow/example_dags/example_kubernetes_executor.py took 0.285 seconds
[2024-06-16 11:04:22,951] {processor.py:153} INFO - Started process (PID=120) to work on /home/airflow/.local/lib/python3.7/site-packages/airflow/example_dags/example_kubernetes_executor.py
[2024-06-16 11:04:22,952] {processor.py:641} INFO - Processing file /home/airflow/.local/lib/python3.7/site-packages/airflow/example_dags/example_kubernetes_executor.py for tasks to queue
[2024-06-16 11:04:22,953] {logging_mixin.py:115} INFO - [2024-06-16 11:04:22,953] {dagbag.py:507} INFO - Filling up the DagBag from /home/airflow/.local/lib/python3.7/site-packages/airflow/example_dags/example_kubernetes_executor.py
[2024-06-16 11:04:22,985] {processor.py:651} INFO - DAG(s) dict_keys(['example_kubernetes_executor']) retrieved from /home/airflow/.local/lib/python3.7/site-packages/airflow/example_dags/example_kubernetes_executor.py
[2024-06-16 11:04:23,181] {logging_mixin.py:115} INFO - [2024-06-16 11:04:23,180] {dag.py:2371} INFO - Sync 1 DAGs
[2024-06-16 11:04:23,205] {logging_mixin.py:115} INFO - [2024-06-16 11:04:23,205] {dag.py:2919} INFO - Setting next_dagrun for example_kubernetes_executor to None, run_after=None
[2024-06-16 11:04:23,221] {processor.py:161} INFO - Processing /home/airflow/.local/lib/python3.7/site-packages/airflow/example_dags/example_kubernetes_executor.py took 0.275 seconds
[2024-06-16 11:04:53,510] {processor.py:153} INFO - Started process (PID=174) to work on /home/airflow/.local/lib/python3.7/site-packages/airflow/example_dags/example_kubernetes_executor.py
[2024-06-16 11:04:53,511] {processor.py:641} INFO - Processing file /home/airflow/.local/lib/python3.7/site-packages/airflow/example_dags/example_kubernetes_executor.py for tasks to queue
[2024-06-16 11:04:53,511] {logging_mixin.py:115} INFO - [2024-06-16 11:04:53,511] {dagbag.py:507} INFO - Filling up the DagBag from /home/airflow/.local/lib/python3.7/site-packages/airflow/example_dags/example_kubernetes_executor.py
[2024-06-16 11:04:53,543] {processor.py:651} INFO - DAG(s) dict_keys(['example_kubernetes_executor']) retrieved from /home/airflow/.local/lib/python3.7/site-packages/airflow/example_dags/example_kubernetes_executor.py
[2024-06-16 11:04:53,712] {logging_mixin.py:115} INFO - [2024-06-16 11:04:53,712] {dag.py:2371} INFO - Sync 1 DAGs
[2024-06-16 11:04:53,736] {logging_mixin.py:115} INFO - [2024-06-16 11:04:53,736] {dag.py:2919} INFO - Setting next_dagrun for example_kubernetes_executor to None, run_after=None
[2024-06-16 11:04:53,754] {processor.py:161} INFO - Processing /home/airflow/.local/lib/python3.7/site-packages/airflow/example_dags/example_kubernetes_executor.py took 0.248 seconds
[2024-06-16 11:05:56,226] {processor.py:153} INFO - Started process (PID=246) to work on /home/airflow/.local/lib/python3.7/site-packages/airflow/example_dags/example_kubernetes_executor.py
[2024-06-16 11:05:56,227] {processor.py:641} INFO - Processing file /home/airflow/.local/lib/python3.7/site-packages/airflow/example_dags/example_kubernetes_executor.py for tasks to queue
[2024-06-16 11:05:56,228] {logging_mixin.py:115} INFO - [2024-06-16 11:05:56,228] {dagbag.py:507} INFO - Filling up the DagBag from /home/airflow/.local/lib/python3.7/site-packages/airflow/example_dags/example_kubernetes_executor.py
[2024-06-16 11:05:56,310] {processor.py:651} INFO - DAG(s) dict_keys(['example_kubernetes_executor']) retrieved from /home/airflow/.local/lib/python3.7/site-packages/airflow/example_dags/example_kubernetes_executor.py
[2024-06-16 11:05:56,776] {logging_mixin.py:115} INFO - [2024-06-16 11:05:56,776] {dag.py:2371} INFO - Sync 1 DAGs
[2024-06-16 11:05:56,879] {logging_mixin.py:115} INFO - [2024-06-16 11:05:56,878] {dag.py:2919} INFO - Setting next_dagrun for example_kubernetes_executor to None, run_after=None
[2024-06-16 11:05:57,051] {processor.py:161} INFO - Processing /home/airflow/.local/lib/python3.7/site-packages/airflow/example_dags/example_kubernetes_executor.py took 0.829 seconds
[2024-06-16 11:06:28,053] {processor.py:153} INFO - Started process (PID=299) to work on /home/airflow/.local/lib/python3.7/site-packages/airflow/example_dags/example_kubernetes_executor.py
[2024-06-16 11:06:28,054] {processor.py:641} INFO - Processing file /home/airflow/.local/lib/python3.7/site-packages/airflow/example_dags/example_kubernetes_executor.py for tasks to queue
[2024-06-16 11:06:28,055] {logging_mixin.py:115} INFO - [2024-06-16 11:06:28,055] {dagbag.py:507} INFO - Filling up the DagBag from /home/airflow/.local/lib/python3.7/site-packages/airflow/example_dags/example_kubernetes_executor.py
[2024-06-16 11:06:28,101] {processor.py:651} INFO - DAG(s) dict_keys(['example_kubernetes_executor']) retrieved from /home/airflow/.local/lib/python3.7/site-packages/airflow/example_dags/example_kubernetes_executor.py
[2024-06-16 11:06:28,579] {logging_mixin.py:115} INFO - [2024-06-16 11:06:28,579] {dag.py:2371} INFO - Sync 1 DAGs
[2024-06-16 11:06:28,659] {logging_mixin.py:115} INFO - [2024-06-16 11:06:28,659] {dag.py:2919} INFO - Setting next_dagrun for example_kubernetes_executor to None, run_after=None
[2024-06-16 11:06:28,688] {processor.py:161} INFO - Processing /home/airflow/.local/lib/python3.7/site-packages/airflow/example_dags/example_kubernetes_executor.py took 0.639 seconds
[2024-06-16 11:07:01,121] {processor.py:153} INFO - Started process (PID=360) to work on /home/airflow/.local/lib/python3.7/site-packages/airflow/example_dags/example_kubernetes_executor.py
[2024-06-16 11:07:01,122] {processor.py:641} INFO - Processing file /home/airflow/.local/lib/python3.7/site-packages/airflow/example_dags/example_kubernetes_executor.py for tasks to queue
[2024-06-16 11:07:01,123] {logging_mixin.py:115} INFO - [2024-06-16 11:07:01,123] {dagbag.py:507} INFO - Filling up the DagBag from /home/airflow/.local/lib/python3.7/site-packages/airflow/example_dags/example_kubernetes_executor.py
[2024-06-16 11:07:01,249] {processor.py:651} INFO - DAG(s) dict_keys(['example_kubernetes_executor']) retrieved from /home/airflow/.local/lib/python3.7/site-packages/airflow/example_dags/example_kubernetes_executor.py
[2024-06-16 11:07:01,749] {logging_mixin.py:115} INFO - [2024-06-16 11:07:01,749] {dag.py:2371} INFO - Sync 1 DAGs
[2024-06-16 11:07:01,791] {logging_mixin.py:115} INFO - [2024-06-16 11:07:01,791] {dag.py:2919} INFO - Setting next_dagrun for example_kubernetes_executor to None, run_after=None
[2024-06-16 11:07:01,821] {processor.py:161} INFO - Processing /home/airflow/.local/lib/python3.7/site-packages/airflow/example_dags/example_kubernetes_executor.py took 0.748 seconds
[2024-06-16 11:07:32,040] {processor.py:153} INFO - Started process (PID=414) to work on /home/airflow/.local/lib/python3.7/site-packages/airflow/example_dags/example_kubernetes_executor.py
[2024-06-16 11:07:32,041] {processor.py:641} INFO - Processing file /home/airflow/.local/lib/python3.7/site-packages/airflow/example_dags/example_kubernetes_executor.py for tasks to queue
[2024-06-16 11:07:32,041] {logging_mixin.py:115} INFO - [2024-06-16 11:07:32,041] {dagbag.py:507} INFO - Filling up the DagBag from /home/airflow/.local/lib/python3.7/site-packages/airflow/example_dags/example_kubernetes_executor.py
[2024-06-16 11:07:32,073] {processor.py:651} INFO - DAG(s) dict_keys(['example_kubernetes_executor']) retrieved from /home/airflow/.local/lib/python3.7/site-packages/airflow/example_dags/example_kubernetes_executor.py
[2024-06-16 11:07:32,240] {logging_mixin.py:115} INFO - [2024-06-16 11:07:32,239] {dag.py:2371} INFO - Sync 1 DAGs
[2024-06-16 11:07:32,263] {logging_mixin.py:115} INFO - [2024-06-16 11:07:32,263] {dag.py:2919} INFO - Setting next_dagrun for example_kubernetes_executor to None, run_after=None
[2024-06-16 11:07:32,278] {processor.py:161} INFO - Processing /home/airflow/.local/lib/python3.7/site-packages/airflow/example_dags/example_kubernetes_executor.py took 0.243 seconds
[2024-06-16 11:10:50,148] {processor.py:153} INFO - Started process (PID=74) to work on /home/airflow/.local/lib/python3.7/site-packages/airflow/example_dags/example_kubernetes_executor.py
[2024-06-16 11:10:50,153] {processor.py:641} INFO - Processing file /home/airflow/.local/lib/python3.7/site-packages/airflow/example_dags/example_kubernetes_executor.py for tasks to queue
[2024-06-16 11:10:50,154] {logging_mixin.py:115} INFO - [2024-06-16 11:10:50,154] {dagbag.py:507} INFO - Filling up the DagBag from /home/airflow/.local/lib/python3.7/site-packages/airflow/example_dags/example_kubernetes_executor.py
[2024-06-16 11:10:50,261] {processor.py:651} INFO - DAG(s) dict_keys(['example_kubernetes_executor']) retrieved from /home/airflow/.local/lib/python3.7/site-packages/airflow/example_dags/example_kubernetes_executor.py
[2024-06-16 11:10:50,590] {logging_mixin.py:115} INFO - [2024-06-16 11:10:50,590] {dag.py:2371} INFO - Sync 1 DAGs
[2024-06-16 11:10:50,680] {logging_mixin.py:115} INFO - [2024-06-16 11:10:50,680] {dag.py:2919} INFO - Setting next_dagrun for example_kubernetes_executor to None, run_after=None
[2024-06-16 11:10:50,705] {processor.py:161} INFO - Processing /home/airflow/.local/lib/python3.7/site-packages/airflow/example_dags/example_kubernetes_executor.py took 0.565 seconds
[2024-06-16 11:11:21,439] {processor.py:153} INFO - Started process (PID=129) to work on /home/airflow/.local/lib/python3.7/site-packages/airflow/example_dags/example_kubernetes_executor.py
[2024-06-16 11:11:21,440] {processor.py:641} INFO - Processing file /home/airflow/.local/lib/python3.7/site-packages/airflow/example_dags/example_kubernetes_executor.py for tasks to queue
[2024-06-16 11:11:21,441] {logging_mixin.py:115} INFO - [2024-06-16 11:11:21,441] {dagbag.py:507} INFO - Filling up the DagBag from /home/airflow/.local/lib/python3.7/site-packages/airflow/example_dags/example_kubernetes_executor.py
[2024-06-16 11:11:21,473] {processor.py:651} INFO - DAG(s) dict_keys(['example_kubernetes_executor']) retrieved from /home/airflow/.local/lib/python3.7/site-packages/airflow/example_dags/example_kubernetes_executor.py
[2024-06-16 11:11:21,638] {logging_mixin.py:115} INFO - [2024-06-16 11:11:21,638] {dag.py:2371} INFO - Sync 1 DAGs
[2024-06-16 11:11:21,660] {logging_mixin.py:115} INFO - [2024-06-16 11:11:21,660] {dag.py:2919} INFO - Setting next_dagrun for example_kubernetes_executor to None, run_after=None
[2024-06-16 11:11:21,679] {processor.py:161} INFO - Processing /home/airflow/.local/lib/python3.7/site-packages/airflow/example_dags/example_kubernetes_executor.py took 0.243 seconds
[2024-06-16 11:11:52,060] {processor.py:153} INFO - Started process (PID=194) to work on /home/airflow/.local/lib/python3.7/site-packages/airflow/example_dags/example_kubernetes_executor.py
[2024-06-16 11:11:52,061] {processor.py:641} INFO - Processing file /home/airflow/.local/lib/python3.7/site-packages/airflow/example_dags/example_kubernetes_executor.py for tasks to queue
[2024-06-16 11:11:52,062] {logging_mixin.py:115} INFO - [2024-06-16 11:11:52,062] {dagbag.py:507} INFO - Filling up the DagBag from /home/airflow/.local/lib/python3.7/site-packages/airflow/example_dags/example_kubernetes_executor.py
[2024-06-16 11:11:52,091] {processor.py:651} INFO - DAG(s) dict_keys(['example_kubernetes_executor']) retrieved from /home/airflow/.local/lib/python3.7/site-packages/airflow/example_dags/example_kubernetes_executor.py
[2024-06-16 11:11:52,251] {logging_mixin.py:115} INFO - [2024-06-16 11:11:52,251] {dag.py:2371} INFO - Sync 1 DAGs
[2024-06-16 11:11:52,272] {logging_mixin.py:115} INFO - [2024-06-16 11:11:52,272] {dag.py:2919} INFO - Setting next_dagrun for example_kubernetes_executor to None, run_after=None
[2024-06-16 11:11:52,288] {processor.py:161} INFO - Processing /home/airflow/.local/lib/python3.7/site-packages/airflow/example_dags/example_kubernetes_executor.py took 0.232 seconds
[2024-06-16 11:12:22,480] {processor.py:153} INFO - Started process (PID=248) to work on /home/airflow/.local/lib/python3.7/site-packages/airflow/example_dags/example_kubernetes_executor.py
[2024-06-16 11:12:22,482] {processor.py:641} INFO - Processing file /home/airflow/.local/lib/python3.7/site-packages/airflow/example_dags/example_kubernetes_executor.py for tasks to queue
[2024-06-16 11:12:22,483] {logging_mixin.py:115} INFO - [2024-06-16 11:12:22,483] {dagbag.py:507} INFO - Filling up the DagBag from /home/airflow/.local/lib/python3.7/site-packages/airflow/example_dags/example_kubernetes_executor.py
[2024-06-16 11:12:22,530] {processor.py:651} INFO - DAG(s) dict_keys(['example_kubernetes_executor']) retrieved from /home/airflow/.local/lib/python3.7/site-packages/airflow/example_dags/example_kubernetes_executor.py
[2024-06-16 11:12:22,757] {logging_mixin.py:115} INFO - [2024-06-16 11:12:22,757] {dag.py:2371} INFO - Sync 1 DAGs
[2024-06-16 11:12:22,785] {logging_mixin.py:115} INFO - [2024-06-16 11:12:22,785] {dag.py:2919} INFO - Setting next_dagrun for example_kubernetes_executor to None, run_after=None
[2024-06-16 11:12:22,804] {processor.py:161} INFO - Processing /home/airflow/.local/lib/python3.7/site-packages/airflow/example_dags/example_kubernetes_executor.py took 0.328 seconds
[2024-06-16 11:16:13,868] {processor.py:153} INFO - Started process (PID=56) to work on /home/airflow/.local/lib/python3.7/site-packages/airflow/example_dags/example_kubernetes_executor.py
[2024-06-16 11:16:13,879] {processor.py:641} INFO - Processing file /home/airflow/.local/lib/python3.7/site-packages/airflow/example_dags/example_kubernetes_executor.py for tasks to queue
[2024-06-16 11:16:13,882] {logging_mixin.py:115} INFO - [2024-06-16 11:16:13,882] {dagbag.py:507} INFO - Filling up the DagBag from /home/airflow/.local/lib/python3.7/site-packages/airflow/example_dags/example_kubernetes_executor.py
[2024-06-16 11:16:14,000] {processor.py:651} INFO - DAG(s) dict_keys(['example_kubernetes_executor']) retrieved from /home/airflow/.local/lib/python3.7/site-packages/airflow/example_dags/example_kubernetes_executor.py
[2024-06-16 11:16:14,311] {logging_mixin.py:115} INFO - [2024-06-16 11:16:14,311] {dag.py:2371} INFO - Sync 1 DAGs
[2024-06-16 11:16:14,352] {logging_mixin.py:115} INFO - [2024-06-16 11:16:14,352] {dag.py:2919} INFO - Setting next_dagrun for example_kubernetes_executor to None, run_after=None
[2024-06-16 11:16:14,388] {processor.py:161} INFO - Processing /home/airflow/.local/lib/python3.7/site-packages/airflow/example_dags/example_kubernetes_executor.py took 0.524 seconds
[2024-06-16 11:16:44,574] {processor.py:153} INFO - Started process (PID=119) to work on /home/airflow/.local/lib/python3.7/site-packages/airflow/example_dags/example_kubernetes_executor.py
[2024-06-16 11:16:44,575] {processor.py:641} INFO - Processing file /home/airflow/.local/lib/python3.7/site-packages/airflow/example_dags/example_kubernetes_executor.py for tasks to queue
[2024-06-16 11:16:44,575] {logging_mixin.py:115} INFO - [2024-06-16 11:16:44,575] {dagbag.py:507} INFO - Filling up the DagBag from /home/airflow/.local/lib/python3.7/site-packages/airflow/example_dags/example_kubernetes_executor.py
[2024-06-16 11:16:44,606] {processor.py:651} INFO - DAG(s) dict_keys(['example_kubernetes_executor']) retrieved from /home/airflow/.local/lib/python3.7/site-packages/airflow/example_dags/example_kubernetes_executor.py
[2024-06-16 11:16:44,778] {logging_mixin.py:115} INFO - [2024-06-16 11:16:44,778] {dag.py:2371} INFO - Sync 1 DAGs
[2024-06-16 11:16:44,800] {logging_mixin.py:115} INFO - [2024-06-16 11:16:44,800] {dag.py:2919} INFO - Setting next_dagrun for example_kubernetes_executor to None, run_after=None
[2024-06-16 11:16:44,820] {processor.py:161} INFO - Processing /home/airflow/.local/lib/python3.7/site-packages/airflow/example_dags/example_kubernetes_executor.py took 0.250 seconds
[2024-06-16 11:17:15,691] {processor.py:153} INFO - Started process (PID=173) to work on /home/airflow/.local/lib/python3.7/site-packages/airflow/example_dags/example_kubernetes_executor.py
[2024-06-16 11:17:15,692] {processor.py:641} INFO - Processing file /home/airflow/.local/lib/python3.7/site-packages/airflow/example_dags/example_kubernetes_executor.py for tasks to queue
[2024-06-16 11:17:15,692] {logging_mixin.py:115} INFO - [2024-06-16 11:17:15,692] {dagbag.py:507} INFO - Filling up the DagBag from /home/airflow/.local/lib/python3.7/site-packages/airflow/example_dags/example_kubernetes_executor.py
[2024-06-16 11:17:15,731] {processor.py:651} INFO - DAG(s) dict_keys(['example_kubernetes_executor']) retrieved from /home/airflow/.local/lib/python3.7/site-packages/airflow/example_dags/example_kubernetes_executor.py
[2024-06-16 11:17:15,915] {logging_mixin.py:115} INFO - [2024-06-16 11:17:15,915] {dag.py:2371} INFO - Sync 1 DAGs
[2024-06-16 11:17:15,942] {logging_mixin.py:115} INFO - [2024-06-16 11:17:15,942] {dag.py:2919} INFO - Setting next_dagrun for example_kubernetes_executor to None, run_after=None
[2024-06-16 11:17:15,958] {processor.py:161} INFO - Processing /home/airflow/.local/lib/python3.7/site-packages/airflow/example_dags/example_kubernetes_executor.py took 0.271 seconds
[2024-06-16 11:17:46,735] {processor.py:153} INFO - Started process (PID=236) to work on /home/airflow/.local/lib/python3.7/site-packages/airflow/example_dags/example_kubernetes_executor.py
[2024-06-16 11:17:46,737] {processor.py:641} INFO - Processing file /home/airflow/.local/lib/python3.7/site-packages/airflow/example_dags/example_kubernetes_executor.py for tasks to queue
[2024-06-16 11:17:46,738] {logging_mixin.py:115} INFO - [2024-06-16 11:17:46,737] {dagbag.py:507} INFO - Filling up the DagBag from /home/airflow/.local/lib/python3.7/site-packages/airflow/example_dags/example_kubernetes_executor.py
[2024-06-16 11:17:46,768] {processor.py:651} INFO - DAG(s) dict_keys(['example_kubernetes_executor']) retrieved from /home/airflow/.local/lib/python3.7/site-packages/airflow/example_dags/example_kubernetes_executor.py
[2024-06-16 11:17:47,031] {logging_mixin.py:115} INFO - [2024-06-16 11:17:47,030] {dag.py:2371} INFO - Sync 1 DAGs
[2024-06-16 11:17:47,072] {logging_mixin.py:115} INFO - [2024-06-16 11:17:47,072] {dag.py:2919} INFO - Setting next_dagrun for example_kubernetes_executor to None, run_after=None
[2024-06-16 11:17:47,096] {processor.py:161} INFO - Processing /home/airflow/.local/lib/python3.7/site-packages/airflow/example_dags/example_kubernetes_executor.py took 0.365 seconds
[2024-06-16 11:18:17,375] {processor.py:153} INFO - Started process (PID=298) to work on /home/airflow/.local/lib/python3.7/site-packages/airflow/example_dags/example_kubernetes_executor.py
[2024-06-16 11:18:17,375] {processor.py:641} INFO - Processing file /home/airflow/.local/lib/python3.7/site-packages/airflow/example_dags/example_kubernetes_executor.py for tasks to queue
[2024-06-16 11:18:17,376] {logging_mixin.py:115} INFO - [2024-06-16 11:18:17,376] {dagbag.py:507} INFO - Filling up the DagBag from /home/airflow/.local/lib/python3.7/site-packages/airflow/example_dags/example_kubernetes_executor.py
[2024-06-16 11:18:17,404] {processor.py:651} INFO - DAG(s) dict_keys(['example_kubernetes_executor']) retrieved from /home/airflow/.local/lib/python3.7/site-packages/airflow/example_dags/example_kubernetes_executor.py
[2024-06-16 11:18:17,570] {logging_mixin.py:115} INFO - [2024-06-16 11:18:17,570] {dag.py:2371} INFO - Sync 1 DAGs
[2024-06-16 11:18:17,596] {logging_mixin.py:115} INFO - [2024-06-16 11:18:17,596] {dag.py:2919} INFO - Setting next_dagrun for example_kubernetes_executor to None, run_after=None
[2024-06-16 11:18:17,610] {processor.py:161} INFO - Processing /home/airflow/.local/lib/python3.7/site-packages/airflow/example_dags/example_kubernetes_executor.py took 0.239 seconds
[2024-06-16 11:18:48,213] {processor.py:153} INFO - Started process (PID=352) to work on /home/airflow/.local/lib/python3.7/site-packages/airflow/example_dags/example_kubernetes_executor.py
[2024-06-16 11:18:48,214] {processor.py:641} INFO - Processing file /home/airflow/.local/lib/python3.7/site-packages/airflow/example_dags/example_kubernetes_executor.py for tasks to queue
[2024-06-16 11:18:48,214] {logging_mixin.py:115} INFO - [2024-06-16 11:18:48,214] {dagbag.py:507} INFO - Filling up the DagBag from /home/airflow/.local/lib/python3.7/site-packages/airflow/example_dags/example_kubernetes_executor.py
[2024-06-16 11:18:48,242] {processor.py:651} INFO - DAG(s) dict_keys(['example_kubernetes_executor']) retrieved from /home/airflow/.local/lib/python3.7/site-packages/airflow/example_dags/example_kubernetes_executor.py
[2024-06-16 11:18:48,418] {logging_mixin.py:115} INFO - [2024-06-16 11:18:48,418] {dag.py:2371} INFO - Sync 1 DAGs
[2024-06-16 11:18:48,440] {logging_mixin.py:115} INFO - [2024-06-16 11:18:48,440] {dag.py:2919} INFO - Setting next_dagrun for example_kubernetes_executor to None, run_after=None
[2024-06-16 11:18:48,459] {processor.py:161} INFO - Processing /home/airflow/.local/lib/python3.7/site-packages/airflow/example_dags/example_kubernetes_executor.py took 0.249 seconds
[2024-06-16 11:19:19,610] {processor.py:153} INFO - Started process (PID=415) to work on /home/airflow/.local/lib/python3.7/site-packages/airflow/example_dags/example_kubernetes_executor.py
[2024-06-16 11:19:19,615] {processor.py:641} INFO - Processing file /home/airflow/.local/lib/python3.7/site-packages/airflow/example_dags/example_kubernetes_executor.py for tasks to queue
[2024-06-16 11:19:19,619] {logging_mixin.py:115} INFO - [2024-06-16 11:19:19,619] {dagbag.py:507} INFO - Filling up the DagBag from /home/airflow/.local/lib/python3.7/site-packages/airflow/example_dags/example_kubernetes_executor.py
[2024-06-16 11:19:19,694] {processor.py:651} INFO - DAG(s) dict_keys(['example_kubernetes_executor']) retrieved from /home/airflow/.local/lib/python3.7/site-packages/airflow/example_dags/example_kubernetes_executor.py
[2024-06-16 11:19:19,914] {logging_mixin.py:115} INFO - [2024-06-16 11:19:19,913] {dag.py:2371} INFO - Sync 1 DAGs
[2024-06-16 11:19:19,938] {logging_mixin.py:115} INFO - [2024-06-16 11:19:19,938] {dag.py:2919} INFO - Setting next_dagrun for example_kubernetes_executor to None, run_after=None
[2024-06-16 11:19:19,952] {processor.py:161} INFO - Processing /home/airflow/.local/lib/python3.7/site-packages/airflow/example_dags/example_kubernetes_executor.py took 0.346 seconds
[2024-06-16 11:19:50,237] {processor.py:153} INFO - Started process (PID=478) to work on /home/airflow/.local/lib/python3.7/site-packages/airflow/example_dags/example_kubernetes_executor.py
[2024-06-16 11:19:50,238] {processor.py:641} INFO - Processing file /home/airflow/.local/lib/python3.7/site-packages/airflow/example_dags/example_kubernetes_executor.py for tasks to queue
[2024-06-16 11:19:50,241] {logging_mixin.py:115} INFO - [2024-06-16 11:19:50,241] {dagbag.py:507} INFO - Filling up the DagBag from /home/airflow/.local/lib/python3.7/site-packages/airflow/example_dags/example_kubernetes_executor.py
[2024-06-16 11:19:50,283] {processor.py:651} INFO - DAG(s) dict_keys(['example_kubernetes_executor']) retrieved from /home/airflow/.local/lib/python3.7/site-packages/airflow/example_dags/example_kubernetes_executor.py
[2024-06-16 11:19:50,501] {logging_mixin.py:115} INFO - [2024-06-16 11:19:50,501] {dag.py:2371} INFO - Sync 1 DAGs
[2024-06-16 11:19:50,524] {logging_mixin.py:115} INFO - [2024-06-16 11:19:50,524] {dag.py:2919} INFO - Setting next_dagrun for example_kubernetes_executor to None, run_after=None
[2024-06-16 11:19:50,546] {processor.py:161} INFO - Processing /home/airflow/.local/lib/python3.7/site-packages/airflow/example_dags/example_kubernetes_executor.py took 0.313 seconds
[2024-06-16 11:20:21,427] {processor.py:153} INFO - Started process (PID=532) to work on /home/airflow/.local/lib/python3.7/site-packages/airflow/example_dags/example_kubernetes_executor.py
[2024-06-16 11:20:21,428] {processor.py:641} INFO - Processing file /home/airflow/.local/lib/python3.7/site-packages/airflow/example_dags/example_kubernetes_executor.py for tasks to queue
[2024-06-16 11:20:21,429] {logging_mixin.py:115} INFO - [2024-06-16 11:20:21,429] {dagbag.py:507} INFO - Filling up the DagBag from /home/airflow/.local/lib/python3.7/site-packages/airflow/example_dags/example_kubernetes_executor.py
[2024-06-16 11:20:21,459] {processor.py:651} INFO - DAG(s) dict_keys(['example_kubernetes_executor']) retrieved from /home/airflow/.local/lib/python3.7/site-packages/airflow/example_dags/example_kubernetes_executor.py
[2024-06-16 11:20:21,644] {logging_mixin.py:115} INFO - [2024-06-16 11:20:21,644] {dag.py:2371} INFO - Sync 1 DAGs
[2024-06-16 11:20:21,680] {logging_mixin.py:115} INFO - [2024-06-16 11:20:21,680] {dag.py:2919} INFO - Setting next_dagrun for example_kubernetes_executor to None, run_after=None
[2024-06-16 11:20:21,700] {processor.py:161} INFO - Processing /home/airflow/.local/lib/python3.7/site-packages/airflow/example_dags/example_kubernetes_executor.py took 0.276 seconds
[2024-06-16 11:20:52,006] {processor.py:153} INFO - Started process (PID=596) to work on /home/airflow/.local/lib/python3.7/site-packages/airflow/example_dags/example_kubernetes_executor.py
[2024-06-16 11:20:52,007] {processor.py:641} INFO - Processing file /home/airflow/.local/lib/python3.7/site-packages/airflow/example_dags/example_kubernetes_executor.py for tasks to queue
[2024-06-16 11:20:52,008] {logging_mixin.py:115} INFO - [2024-06-16 11:20:52,008] {dagbag.py:507} INFO - Filling up the DagBag from /home/airflow/.local/lib/python3.7/site-packages/airflow/example_dags/example_kubernetes_executor.py
[2024-06-16 11:20:52,049] {processor.py:651} INFO - DAG(s) dict_keys(['example_kubernetes_executor']) retrieved from /home/airflow/.local/lib/python3.7/site-packages/airflow/example_dags/example_kubernetes_executor.py
[2024-06-16 11:20:52,232] {logging_mixin.py:115} INFO - [2024-06-16 11:20:52,232] {dag.py:2371} INFO - Sync 1 DAGs
[2024-06-16 11:20:52,255] {logging_mixin.py:115} INFO - [2024-06-16 11:20:52,255] {dag.py:2919} INFO - Setting next_dagrun for example_kubernetes_executor to None, run_after=None
[2024-06-16 11:20:52,275] {processor.py:161} INFO - Processing /home/airflow/.local/lib/python3.7/site-packages/airflow/example_dags/example_kubernetes_executor.py took 0.274 seconds
[2024-06-16 11:21:22,640] {processor.py:153} INFO - Started process (PID=651) to work on /home/airflow/.local/lib/python3.7/site-packages/airflow/example_dags/example_kubernetes_executor.py
[2024-06-16 11:21:22,641] {processor.py:641} INFO - Processing file /home/airflow/.local/lib/python3.7/site-packages/airflow/example_dags/example_kubernetes_executor.py for tasks to queue
[2024-06-16 11:21:22,642] {logging_mixin.py:115} INFO - [2024-06-16 11:21:22,642] {dagbag.py:507} INFO - Filling up the DagBag from /home/airflow/.local/lib/python3.7/site-packages/airflow/example_dags/example_kubernetes_executor.py
[2024-06-16 11:21:22,845] {processor.py:651} INFO - DAG(s) dict_keys(['example_kubernetes_executor']) retrieved from /home/airflow/.local/lib/python3.7/site-packages/airflow/example_dags/example_kubernetes_executor.py
[2024-06-16 11:21:22,872] {logging_mixin.py:115} INFO - [2024-06-16 11:21:22,872] {dag.py:2371} INFO - Sync 1 DAGs
[2024-06-16 11:21:22,913] {logging_mixin.py:115} INFO - [2024-06-16 11:21:22,913] {dag.py:2919} INFO - Setting next_dagrun for example_kubernetes_executor to None, run_after=None
[2024-06-16 11:21:22,933] {processor.py:161} INFO - Processing /home/airflow/.local/lib/python3.7/site-packages/airflow/example_dags/example_kubernetes_executor.py took 0.301 seconds
