[2024-06-16 10:06:41,833] {processor.py:153} INFO - Started process (PID=50) to work on /home/airflow/.local/lib/python3.7/site-packages/airflow/example_dags/example_task_group.py
[2024-06-16 10:06:41,834] {processor.py:641} INFO - Processing file /home/airflow/.local/lib/python3.7/site-packages/airflow/example_dags/example_task_group.py for tasks to queue
[2024-06-16 10:06:41,835] {logging_mixin.py:115} INFO - [2024-06-16 10:06:41,834] {dagbag.py:507} INFO - Filling up the DagBag from /home/airflow/.local/lib/python3.7/site-packages/airflow/example_dags/example_task_group.py
[2024-06-16 10:06:41,846] {processor.py:651} INFO - DAG(s) dict_keys(['example_task_group']) retrieved from /home/airflow/.local/lib/python3.7/site-packages/airflow/example_dags/example_task_group.py
[2024-06-16 10:06:41,874] {logging_mixin.py:115} INFO - [2024-06-16 10:06:41,874] {dag.py:2371} INFO - Sync 1 DAGs
[2024-06-16 10:06:42,035] {logging_mixin.py:115} INFO - [2024-06-16 10:06:42,035] {dag.py:2919} INFO - Setting next_dagrun for example_task_group to 2024-06-15T10:06:42.035304+00:00, run_after=2024-06-16T10:06:42.035304+00:00
[2024-06-16 10:06:42,067] {processor.py:161} INFO - Processing /home/airflow/.local/lib/python3.7/site-packages/airflow/example_dags/example_task_group.py took 0.238 seconds
[2024-06-16 10:07:13,059] {processor.py:153} INFO - Started process (PID=113) to work on /home/airflow/.local/lib/python3.7/site-packages/airflow/example_dags/example_task_group.py
[2024-06-16 10:07:13,060] {processor.py:641} INFO - Processing file /home/airflow/.local/lib/python3.7/site-packages/airflow/example_dags/example_task_group.py for tasks to queue
[2024-06-16 10:07:13,061] {logging_mixin.py:115} INFO - [2024-06-16 10:07:13,061] {dagbag.py:507} INFO - Filling up the DagBag from /home/airflow/.local/lib/python3.7/site-packages/airflow/example_dags/example_task_group.py
[2024-06-16 10:07:13,071] {processor.py:651} INFO - DAG(s) dict_keys(['example_task_group']) retrieved from /home/airflow/.local/lib/python3.7/site-packages/airflow/example_dags/example_task_group.py
[2024-06-16 10:07:13,101] {logging_mixin.py:115} INFO - [2024-06-16 10:07:13,101] {dag.py:2371} INFO - Sync 1 DAGs
[2024-06-16 10:07:13,246] {logging_mixin.py:115} INFO - [2024-06-16 10:07:13,246] {dag.py:2919} INFO - Setting next_dagrun for example_task_group to 2024-06-15T10:07:13.246135+00:00, run_after=2024-06-16T10:07:13.246135+00:00
[2024-06-16 10:07:14,337] {processor.py:161} INFO - Processing /home/airflow/.local/lib/python3.7/site-packages/airflow/example_dags/example_task_group.py took 1.281 seconds
[2024-06-16 10:07:44,653] {processor.py:153} INFO - Started process (PID=168) to work on /home/airflow/.local/lib/python3.7/site-packages/airflow/example_dags/example_task_group.py
[2024-06-16 10:07:44,654] {processor.py:641} INFO - Processing file /home/airflow/.local/lib/python3.7/site-packages/airflow/example_dags/example_task_group.py for tasks to queue
[2024-06-16 10:07:44,655] {logging_mixin.py:115} INFO - [2024-06-16 10:07:44,655] {dagbag.py:507} INFO - Filling up the DagBag from /home/airflow/.local/lib/python3.7/site-packages/airflow/example_dags/example_task_group.py
[2024-06-16 10:07:44,663] {processor.py:651} INFO - DAG(s) dict_keys(['example_task_group']) retrieved from /home/airflow/.local/lib/python3.7/site-packages/airflow/example_dags/example_task_group.py
[2024-06-16 10:07:44,695] {logging_mixin.py:115} INFO - [2024-06-16 10:07:44,694] {dag.py:2371} INFO - Sync 1 DAGs
[2024-06-16 10:07:44,851] {logging_mixin.py:115} INFO - [2024-06-16 10:07:44,850] {dag.py:2919} INFO - Setting next_dagrun for example_task_group to 2024-06-15T10:07:44.850700+00:00, run_after=2024-06-16T10:07:44.850700+00:00
[2024-06-16 10:07:44,866] {processor.py:161} INFO - Processing /home/airflow/.local/lib/python3.7/site-packages/airflow/example_dags/example_task_group.py took 0.216 seconds
[2024-06-16 10:08:15,167] {processor.py:153} INFO - Started process (PID=231) to work on /home/airflow/.local/lib/python3.7/site-packages/airflow/example_dags/example_task_group.py
[2024-06-16 10:08:15,167] {processor.py:641} INFO - Processing file /home/airflow/.local/lib/python3.7/site-packages/airflow/example_dags/example_task_group.py for tasks to queue
[2024-06-16 10:08:15,168] {logging_mixin.py:115} INFO - [2024-06-16 10:08:15,168] {dagbag.py:507} INFO - Filling up the DagBag from /home/airflow/.local/lib/python3.7/site-packages/airflow/example_dags/example_task_group.py
[2024-06-16 10:08:15,181] {processor.py:651} INFO - DAG(s) dict_keys(['example_task_group']) retrieved from /home/airflow/.local/lib/python3.7/site-packages/airflow/example_dags/example_task_group.py
[2024-06-16 10:08:15,234] {logging_mixin.py:115} INFO - [2024-06-16 10:08:15,233] {dag.py:2371} INFO - Sync 1 DAGs
[2024-06-16 10:08:15,472] {logging_mixin.py:115} INFO - [2024-06-16 10:08:15,472] {dag.py:2919} INFO - Setting next_dagrun for example_task_group to 2024-06-15T10:08:15.472175+00:00, run_after=2024-06-16T10:08:15.472175+00:00
[2024-06-16 10:08:15,488] {processor.py:161} INFO - Processing /home/airflow/.local/lib/python3.7/site-packages/airflow/example_dags/example_task_group.py took 0.325 seconds
[2024-06-16 10:08:46,158] {processor.py:153} INFO - Started process (PID=293) to work on /home/airflow/.local/lib/python3.7/site-packages/airflow/example_dags/example_task_group.py
[2024-06-16 10:08:46,160] {processor.py:641} INFO - Processing file /home/airflow/.local/lib/python3.7/site-packages/airflow/example_dags/example_task_group.py for tasks to queue
[2024-06-16 10:08:46,161] {logging_mixin.py:115} INFO - [2024-06-16 10:08:46,160] {dagbag.py:507} INFO - Filling up the DagBag from /home/airflow/.local/lib/python3.7/site-packages/airflow/example_dags/example_task_group.py
[2024-06-16 10:08:46,170] {processor.py:651} INFO - DAG(s) dict_keys(['example_task_group']) retrieved from /home/airflow/.local/lib/python3.7/site-packages/airflow/example_dags/example_task_group.py
[2024-06-16 10:08:46,214] {logging_mixin.py:115} INFO - [2024-06-16 10:08:46,214] {dag.py:2371} INFO - Sync 1 DAGs
[2024-06-16 10:08:46,368] {logging_mixin.py:115} INFO - [2024-06-16 10:08:46,368] {dag.py:2919} INFO - Setting next_dagrun for example_task_group to 2024-06-15T10:08:46.368280+00:00, run_after=2024-06-16T10:08:46.368280+00:00
[2024-06-16 10:08:46,391] {processor.py:161} INFO - Processing /home/airflow/.local/lib/python3.7/site-packages/airflow/example_dags/example_task_group.py took 0.237 seconds
[2024-06-16 10:09:16,625] {processor.py:153} INFO - Started process (PID=347) to work on /home/airflow/.local/lib/python3.7/site-packages/airflow/example_dags/example_task_group.py
[2024-06-16 10:09:16,626] {processor.py:641} INFO - Processing file /home/airflow/.local/lib/python3.7/site-packages/airflow/example_dags/example_task_group.py for tasks to queue
[2024-06-16 10:09:16,627] {logging_mixin.py:115} INFO - [2024-06-16 10:09:16,627] {dagbag.py:507} INFO - Filling up the DagBag from /home/airflow/.local/lib/python3.7/site-packages/airflow/example_dags/example_task_group.py
[2024-06-16 10:09:16,635] {processor.py:651} INFO - DAG(s) dict_keys(['example_task_group']) retrieved from /home/airflow/.local/lib/python3.7/site-packages/airflow/example_dags/example_task_group.py
[2024-06-16 10:09:16,664] {logging_mixin.py:115} INFO - [2024-06-16 10:09:16,664] {dag.py:2371} INFO - Sync 1 DAGs
[2024-06-16 10:09:16,811] {logging_mixin.py:115} INFO - [2024-06-16 10:09:16,811] {dag.py:2919} INFO - Setting next_dagrun for example_task_group to 2024-06-15T10:09:16.810880+00:00, run_after=2024-06-16T10:09:16.810880+00:00
[2024-06-16 10:09:16,829] {processor.py:161} INFO - Processing /home/airflow/.local/lib/python3.7/site-packages/airflow/example_dags/example_task_group.py took 0.207 seconds
[2024-06-16 10:09:47,151] {processor.py:153} INFO - Started process (PID=411) to work on /home/airflow/.local/lib/python3.7/site-packages/airflow/example_dags/example_task_group.py
[2024-06-16 10:09:47,152] {processor.py:641} INFO - Processing file /home/airflow/.local/lib/python3.7/site-packages/airflow/example_dags/example_task_group.py for tasks to queue
[2024-06-16 10:09:47,153] {logging_mixin.py:115} INFO - [2024-06-16 10:09:47,153] {dagbag.py:507} INFO - Filling up the DagBag from /home/airflow/.local/lib/python3.7/site-packages/airflow/example_dags/example_task_group.py
[2024-06-16 10:09:47,162] {processor.py:651} INFO - DAG(s) dict_keys(['example_task_group']) retrieved from /home/airflow/.local/lib/python3.7/site-packages/airflow/example_dags/example_task_group.py
[2024-06-16 10:09:47,191] {logging_mixin.py:115} INFO - [2024-06-16 10:09:47,191] {dag.py:2371} INFO - Sync 1 DAGs
[2024-06-16 10:09:47,333] {logging_mixin.py:115} INFO - [2024-06-16 10:09:47,333] {dag.py:2919} INFO - Setting next_dagrun for example_task_group to 2024-06-15T10:09:47.332945+00:00, run_after=2024-06-16T10:09:47.332945+00:00
[2024-06-16 10:09:47,352] {processor.py:161} INFO - Processing /home/airflow/.local/lib/python3.7/site-packages/airflow/example_dags/example_task_group.py took 0.205 seconds
[2024-06-16 10:10:17,627] {processor.py:153} INFO - Started process (PID=474) to work on /home/airflow/.local/lib/python3.7/site-packages/airflow/example_dags/example_task_group.py
[2024-06-16 10:10:17,628] {processor.py:641} INFO - Processing file /home/airflow/.local/lib/python3.7/site-packages/airflow/example_dags/example_task_group.py for tasks to queue
[2024-06-16 10:10:17,628] {logging_mixin.py:115} INFO - [2024-06-16 10:10:17,628] {dagbag.py:507} INFO - Filling up the DagBag from /home/airflow/.local/lib/python3.7/site-packages/airflow/example_dags/example_task_group.py
[2024-06-16 10:10:17,637] {processor.py:651} INFO - DAG(s) dict_keys(['example_task_group']) retrieved from /home/airflow/.local/lib/python3.7/site-packages/airflow/example_dags/example_task_group.py
[2024-06-16 10:10:17,668] {logging_mixin.py:115} INFO - [2024-06-16 10:10:17,668] {dag.py:2371} INFO - Sync 1 DAGs
[2024-06-16 10:10:17,823] {logging_mixin.py:115} INFO - [2024-06-16 10:10:17,823] {dag.py:2919} INFO - Setting next_dagrun for example_task_group to 2024-06-15T10:10:17.823151+00:00, run_after=2024-06-16T10:10:17.823151+00:00
[2024-06-16 10:10:17,841] {processor.py:161} INFO - Processing /home/airflow/.local/lib/python3.7/site-packages/airflow/example_dags/example_task_group.py took 0.217 seconds
[2024-06-16 10:10:48,389] {processor.py:153} INFO - Started process (PID=528) to work on /home/airflow/.local/lib/python3.7/site-packages/airflow/example_dags/example_task_group.py
[2024-06-16 10:10:48,390] {processor.py:641} INFO - Processing file /home/airflow/.local/lib/python3.7/site-packages/airflow/example_dags/example_task_group.py for tasks to queue
[2024-06-16 10:10:48,391] {logging_mixin.py:115} INFO - [2024-06-16 10:10:48,390] {dagbag.py:507} INFO - Filling up the DagBag from /home/airflow/.local/lib/python3.7/site-packages/airflow/example_dags/example_task_group.py
[2024-06-16 10:10:48,408] {processor.py:651} INFO - DAG(s) dict_keys(['example_task_group']) retrieved from /home/airflow/.local/lib/python3.7/site-packages/airflow/example_dags/example_task_group.py
[2024-06-16 10:10:48,457] {logging_mixin.py:115} INFO - [2024-06-16 10:10:48,457] {dag.py:2371} INFO - Sync 1 DAGs
[2024-06-16 10:10:48,757] {logging_mixin.py:115} INFO - [2024-06-16 10:10:48,757] {dag.py:2919} INFO - Setting next_dagrun for example_task_group to 2024-06-15T10:10:48.756948+00:00, run_after=2024-06-16T10:10:48.756948+00:00
[2024-06-16 10:10:48,792] {processor.py:161} INFO - Processing /home/airflow/.local/lib/python3.7/site-packages/airflow/example_dags/example_task_group.py took 0.407 seconds
[2024-06-16 10:11:18,914] {processor.py:153} INFO - Started process (PID=591) to work on /home/airflow/.local/lib/python3.7/site-packages/airflow/example_dags/example_task_group.py
[2024-06-16 10:11:18,915] {processor.py:641} INFO - Processing file /home/airflow/.local/lib/python3.7/site-packages/airflow/example_dags/example_task_group.py for tasks to queue
[2024-06-16 10:11:18,915] {logging_mixin.py:115} INFO - [2024-06-16 10:11:18,915] {dagbag.py:507} INFO - Filling up the DagBag from /home/airflow/.local/lib/python3.7/site-packages/airflow/example_dags/example_task_group.py
[2024-06-16 10:11:18,923] {processor.py:651} INFO - DAG(s) dict_keys(['example_task_group']) retrieved from /home/airflow/.local/lib/python3.7/site-packages/airflow/example_dags/example_task_group.py
[2024-06-16 10:11:18,954] {logging_mixin.py:115} INFO - [2024-06-16 10:11:18,954] {dag.py:2371} INFO - Sync 1 DAGs
[2024-06-16 10:11:19,096] {logging_mixin.py:115} INFO - [2024-06-16 10:11:19,095] {dag.py:2919} INFO - Setting next_dagrun for example_task_group to 2024-06-15T10:11:19.095776+00:00, run_after=2024-06-16T10:11:19.095776+00:00
[2024-06-16 10:11:19,110] {processor.py:161} INFO - Processing /home/airflow/.local/lib/python3.7/site-packages/airflow/example_dags/example_task_group.py took 0.200 seconds
[2024-06-16 10:11:49,305] {processor.py:153} INFO - Started process (PID=645) to work on /home/airflow/.local/lib/python3.7/site-packages/airflow/example_dags/example_task_group.py
[2024-06-16 10:11:49,306] {processor.py:641} INFO - Processing file /home/airflow/.local/lib/python3.7/site-packages/airflow/example_dags/example_task_group.py for tasks to queue
[2024-06-16 10:11:49,307] {logging_mixin.py:115} INFO - [2024-06-16 10:11:49,307] {dagbag.py:507} INFO - Filling up the DagBag from /home/airflow/.local/lib/python3.7/site-packages/airflow/example_dags/example_task_group.py
[2024-06-16 10:11:49,321] {processor.py:651} INFO - DAG(s) dict_keys(['example_task_group']) retrieved from /home/airflow/.local/lib/python3.7/site-packages/airflow/example_dags/example_task_group.py
[2024-06-16 10:11:49,357] {logging_mixin.py:115} INFO - [2024-06-16 10:11:49,357] {dag.py:2371} INFO - Sync 1 DAGs
[2024-06-16 10:11:49,663] {logging_mixin.py:115} INFO - [2024-06-16 10:11:49,663] {dag.py:2919} INFO - Setting next_dagrun for example_task_group to 2024-06-15T10:11:49.663385+00:00, run_after=2024-06-16T10:11:49.663385+00:00
[2024-06-16 10:11:49,690] {processor.py:161} INFO - Processing /home/airflow/.local/lib/python3.7/site-packages/airflow/example_dags/example_task_group.py took 0.388 seconds
[2024-06-16 10:12:20,366] {processor.py:153} INFO - Started process (PID=707) to work on /home/airflow/.local/lib/python3.7/site-packages/airflow/example_dags/example_task_group.py
[2024-06-16 10:12:20,367] {processor.py:641} INFO - Processing file /home/airflow/.local/lib/python3.7/site-packages/airflow/example_dags/example_task_group.py for tasks to queue
[2024-06-16 10:12:20,368] {logging_mixin.py:115} INFO - [2024-06-16 10:12:20,368] {dagbag.py:507} INFO - Filling up the DagBag from /home/airflow/.local/lib/python3.7/site-packages/airflow/example_dags/example_task_group.py
[2024-06-16 10:12:20,377] {processor.py:651} INFO - DAG(s) dict_keys(['example_task_group']) retrieved from /home/airflow/.local/lib/python3.7/site-packages/airflow/example_dags/example_task_group.py
[2024-06-16 10:12:20,412] {logging_mixin.py:115} INFO - [2024-06-16 10:12:20,412] {dag.py:2371} INFO - Sync 1 DAGs
[2024-06-16 10:12:20,563] {logging_mixin.py:115} INFO - [2024-06-16 10:12:20,563] {dag.py:2919} INFO - Setting next_dagrun for example_task_group to 2024-06-15T10:12:20.563345+00:00, run_after=2024-06-16T10:12:20.563345+00:00
[2024-06-16 10:12:20,582] {processor.py:161} INFO - Processing /home/airflow/.local/lib/python3.7/site-packages/airflow/example_dags/example_task_group.py took 0.219 seconds
[2024-06-16 10:12:50,888] {processor.py:153} INFO - Started process (PID=769) to work on /home/airflow/.local/lib/python3.7/site-packages/airflow/example_dags/example_task_group.py
[2024-06-16 10:12:50,889] {processor.py:641} INFO - Processing file /home/airflow/.local/lib/python3.7/site-packages/airflow/example_dags/example_task_group.py for tasks to queue
[2024-06-16 10:12:50,890] {logging_mixin.py:115} INFO - [2024-06-16 10:12:50,890] {dagbag.py:507} INFO - Filling up the DagBag from /home/airflow/.local/lib/python3.7/site-packages/airflow/example_dags/example_task_group.py
[2024-06-16 10:12:50,898] {processor.py:651} INFO - DAG(s) dict_keys(['example_task_group']) retrieved from /home/airflow/.local/lib/python3.7/site-packages/airflow/example_dags/example_task_group.py
[2024-06-16 10:12:50,931] {logging_mixin.py:115} INFO - [2024-06-16 10:12:50,931] {dag.py:2371} INFO - Sync 1 DAGs
[2024-06-16 10:12:51,071] {logging_mixin.py:115} INFO - [2024-06-16 10:12:51,071] {dag.py:2919} INFO - Setting next_dagrun for example_task_group to 2024-06-15T10:12:51.071039+00:00, run_after=2024-06-16T10:12:51.071039+00:00
[2024-06-16 10:12:51,087] {processor.py:161} INFO - Processing /home/airflow/.local/lib/python3.7/site-packages/airflow/example_dags/example_task_group.py took 0.202 seconds
[2024-06-16 10:13:21,185] {processor.py:153} INFO - Started process (PID=823) to work on /home/airflow/.local/lib/python3.7/site-packages/airflow/example_dags/example_task_group.py
[2024-06-16 10:13:21,186] {processor.py:641} INFO - Processing file /home/airflow/.local/lib/python3.7/site-packages/airflow/example_dags/example_task_group.py for tasks to queue
[2024-06-16 10:13:21,187] {logging_mixin.py:115} INFO - [2024-06-16 10:13:21,187] {dagbag.py:507} INFO - Filling up the DagBag from /home/airflow/.local/lib/python3.7/site-packages/airflow/example_dags/example_task_group.py
[2024-06-16 10:13:21,195] {processor.py:651} INFO - DAG(s) dict_keys(['example_task_group']) retrieved from /home/airflow/.local/lib/python3.7/site-packages/airflow/example_dags/example_task_group.py
[2024-06-16 10:13:21,229] {logging_mixin.py:115} INFO - [2024-06-16 10:13:21,229] {dag.py:2371} INFO - Sync 1 DAGs
[2024-06-16 10:13:21,371] {logging_mixin.py:115} INFO - [2024-06-16 10:13:21,371] {dag.py:2919} INFO - Setting next_dagrun for example_task_group to 2024-06-15T10:13:21.371293+00:00, run_after=2024-06-16T10:13:21.371293+00:00
[2024-06-16 10:13:21,387] {processor.py:161} INFO - Processing /home/airflow/.local/lib/python3.7/site-packages/airflow/example_dags/example_task_group.py took 0.204 seconds
[2024-06-16 10:13:51,683] {processor.py:153} INFO - Started process (PID=886) to work on /home/airflow/.local/lib/python3.7/site-packages/airflow/example_dags/example_task_group.py
[2024-06-16 10:13:51,683] {processor.py:641} INFO - Processing file /home/airflow/.local/lib/python3.7/site-packages/airflow/example_dags/example_task_group.py for tasks to queue
[2024-06-16 10:13:51,684] {logging_mixin.py:115} INFO - [2024-06-16 10:13:51,684] {dagbag.py:507} INFO - Filling up the DagBag from /home/airflow/.local/lib/python3.7/site-packages/airflow/example_dags/example_task_group.py
[2024-06-16 10:13:51,693] {processor.py:651} INFO - DAG(s) dict_keys(['example_task_group']) retrieved from /home/airflow/.local/lib/python3.7/site-packages/airflow/example_dags/example_task_group.py
[2024-06-16 10:13:51,728] {logging_mixin.py:115} INFO - [2024-06-16 10:13:51,728] {dag.py:2371} INFO - Sync 1 DAGs
[2024-06-16 10:13:51,874] {logging_mixin.py:115} INFO - [2024-06-16 10:13:51,874] {dag.py:2919} INFO - Setting next_dagrun for example_task_group to 2024-06-15T10:13:51.874152+00:00, run_after=2024-06-16T10:13:51.874152+00:00
[2024-06-16 10:13:51,893] {processor.py:161} INFO - Processing /home/airflow/.local/lib/python3.7/site-packages/airflow/example_dags/example_task_group.py took 0.213 seconds
[2024-06-16 10:14:22,518] {processor.py:153} INFO - Started process (PID=941) to work on /home/airflow/.local/lib/python3.7/site-packages/airflow/example_dags/example_task_group.py
[2024-06-16 10:14:22,519] {processor.py:641} INFO - Processing file /home/airflow/.local/lib/python3.7/site-packages/airflow/example_dags/example_task_group.py for tasks to queue
[2024-06-16 10:14:22,520] {logging_mixin.py:115} INFO - [2024-06-16 10:14:22,520] {dagbag.py:507} INFO - Filling up the DagBag from /home/airflow/.local/lib/python3.7/site-packages/airflow/example_dags/example_task_group.py
[2024-06-16 10:14:22,528] {processor.py:651} INFO - DAG(s) dict_keys(['example_task_group']) retrieved from /home/airflow/.local/lib/python3.7/site-packages/airflow/example_dags/example_task_group.py
[2024-06-16 10:14:22,567] {logging_mixin.py:115} INFO - [2024-06-16 10:14:22,567] {dag.py:2371} INFO - Sync 1 DAGs
[2024-06-16 10:14:22,730] {logging_mixin.py:115} INFO - [2024-06-16 10:14:22,730] {dag.py:2919} INFO - Setting next_dagrun for example_task_group to 2024-06-15T10:14:22.730456+00:00, run_after=2024-06-16T10:14:22.730456+00:00
[2024-06-16 10:14:22,750] {processor.py:161} INFO - Processing /home/airflow/.local/lib/python3.7/site-packages/airflow/example_dags/example_task_group.py took 0.236 seconds
[2024-06-16 10:14:53,131] {processor.py:153} INFO - Started process (PID=1004) to work on /home/airflow/.local/lib/python3.7/site-packages/airflow/example_dags/example_task_group.py
[2024-06-16 10:14:53,132] {processor.py:641} INFO - Processing file /home/airflow/.local/lib/python3.7/site-packages/airflow/example_dags/example_task_group.py for tasks to queue
[2024-06-16 10:14:53,133] {logging_mixin.py:115} INFO - [2024-06-16 10:14:53,133] {dagbag.py:507} INFO - Filling up the DagBag from /home/airflow/.local/lib/python3.7/site-packages/airflow/example_dags/example_task_group.py
[2024-06-16 10:14:53,141] {processor.py:651} INFO - DAG(s) dict_keys(['example_task_group']) retrieved from /home/airflow/.local/lib/python3.7/site-packages/airflow/example_dags/example_task_group.py
[2024-06-16 10:14:53,176] {logging_mixin.py:115} INFO - [2024-06-16 10:14:53,176] {dag.py:2371} INFO - Sync 1 DAGs
[2024-06-16 10:14:53,318] {logging_mixin.py:115} INFO - [2024-06-16 10:14:53,317] {dag.py:2919} INFO - Setting next_dagrun for example_task_group to 2024-06-15T10:14:53.317724+00:00, run_after=2024-06-16T10:14:53.317724+00:00
[2024-06-16 10:14:53,333] {processor.py:161} INFO - Processing /home/airflow/.local/lib/python3.7/site-packages/airflow/example_dags/example_task_group.py took 0.205 seconds
[2024-06-16 10:15:23,910] {processor.py:153} INFO - Started process (PID=1066) to work on /home/airflow/.local/lib/python3.7/site-packages/airflow/example_dags/example_task_group.py
[2024-06-16 10:15:23,911] {processor.py:641} INFO - Processing file /home/airflow/.local/lib/python3.7/site-packages/airflow/example_dags/example_task_group.py for tasks to queue
[2024-06-16 10:15:23,913] {logging_mixin.py:115} INFO - [2024-06-16 10:15:23,913] {dagbag.py:507} INFO - Filling up the DagBag from /home/airflow/.local/lib/python3.7/site-packages/airflow/example_dags/example_task_group.py
[2024-06-16 10:15:23,921] {processor.py:651} INFO - DAG(s) dict_keys(['example_task_group']) retrieved from /home/airflow/.local/lib/python3.7/site-packages/airflow/example_dags/example_task_group.py
[2024-06-16 10:15:23,959] {logging_mixin.py:115} INFO - [2024-06-16 10:15:23,958] {dag.py:2371} INFO - Sync 1 DAGs
[2024-06-16 10:15:24,139] {logging_mixin.py:115} INFO - [2024-06-16 10:15:24,139] {dag.py:2919} INFO - Setting next_dagrun for example_task_group to 2024-06-15T10:15:24.139595+00:00, run_after=2024-06-16T10:15:24.139595+00:00
[2024-06-16 10:15:24,164] {processor.py:161} INFO - Processing /home/airflow/.local/lib/python3.7/site-packages/airflow/example_dags/example_task_group.py took 0.258 seconds
[2024-06-16 10:15:54,293] {processor.py:153} INFO - Started process (PID=1120) to work on /home/airflow/.local/lib/python3.7/site-packages/airflow/example_dags/example_task_group.py
[2024-06-16 10:15:54,294] {processor.py:641} INFO - Processing file /home/airflow/.local/lib/python3.7/site-packages/airflow/example_dags/example_task_group.py for tasks to queue
[2024-06-16 10:15:54,295] {logging_mixin.py:115} INFO - [2024-06-16 10:15:54,295] {dagbag.py:507} INFO - Filling up the DagBag from /home/airflow/.local/lib/python3.7/site-packages/airflow/example_dags/example_task_group.py
[2024-06-16 10:15:54,303] {processor.py:651} INFO - DAG(s) dict_keys(['example_task_group']) retrieved from /home/airflow/.local/lib/python3.7/site-packages/airflow/example_dags/example_task_group.py
[2024-06-16 10:15:54,336] {logging_mixin.py:115} INFO - [2024-06-16 10:15:54,336] {dag.py:2371} INFO - Sync 1 DAGs
[2024-06-16 10:15:54,652] {logging_mixin.py:115} INFO - [2024-06-16 10:15:54,652] {dag.py:2919} INFO - Setting next_dagrun for example_task_group to 2024-06-15T10:15:54.652581+00:00, run_after=2024-06-16T10:15:54.652581+00:00
[2024-06-16 10:15:54,690] {processor.py:161} INFO - Processing /home/airflow/.local/lib/python3.7/site-packages/airflow/example_dags/example_task_group.py took 0.400 seconds
[2024-06-16 10:16:25,444] {processor.py:153} INFO - Started process (PID=1183) to work on /home/airflow/.local/lib/python3.7/site-packages/airflow/example_dags/example_task_group.py
[2024-06-16 10:16:25,445] {processor.py:641} INFO - Processing file /home/airflow/.local/lib/python3.7/site-packages/airflow/example_dags/example_task_group.py for tasks to queue
[2024-06-16 10:16:25,446] {logging_mixin.py:115} INFO - [2024-06-16 10:16:25,446] {dagbag.py:507} INFO - Filling up the DagBag from /home/airflow/.local/lib/python3.7/site-packages/airflow/example_dags/example_task_group.py
[2024-06-16 10:16:25,454] {processor.py:651} INFO - DAG(s) dict_keys(['example_task_group']) retrieved from /home/airflow/.local/lib/python3.7/site-packages/airflow/example_dags/example_task_group.py
[2024-06-16 10:16:25,503] {logging_mixin.py:115} INFO - [2024-06-16 10:16:25,503] {dag.py:2371} INFO - Sync 1 DAGs
[2024-06-16 10:16:25,693] {logging_mixin.py:115} INFO - [2024-06-16 10:16:25,693] {dag.py:2919} INFO - Setting next_dagrun for example_task_group to 2024-06-15T10:16:25.693459+00:00, run_after=2024-06-16T10:16:25.693459+00:00
[2024-06-16 10:16:25,717] {processor.py:161} INFO - Processing /home/airflow/.local/lib/python3.7/site-packages/airflow/example_dags/example_task_group.py took 0.277 seconds
[2024-06-16 10:16:56,610] {processor.py:153} INFO - Started process (PID=1245) to work on /home/airflow/.local/lib/python3.7/site-packages/airflow/example_dags/example_task_group.py
[2024-06-16 10:16:56,611] {processor.py:641} INFO - Processing file /home/airflow/.local/lib/python3.7/site-packages/airflow/example_dags/example_task_group.py for tasks to queue
[2024-06-16 10:16:56,612] {logging_mixin.py:115} INFO - [2024-06-16 10:16:56,612] {dagbag.py:507} INFO - Filling up the DagBag from /home/airflow/.local/lib/python3.7/site-packages/airflow/example_dags/example_task_group.py
[2024-06-16 10:16:56,672] {processor.py:651} INFO - DAG(s) dict_keys(['example_task_group']) retrieved from /home/airflow/.local/lib/python3.7/site-packages/airflow/example_dags/example_task_group.py
[2024-06-16 10:16:56,717] {logging_mixin.py:115} INFO - [2024-06-16 10:16:56,717] {dag.py:2371} INFO - Sync 1 DAGs
[2024-06-16 10:16:56,741] {logging_mixin.py:115} INFO - [2024-06-16 10:16:56,741] {dag.py:2919} INFO - Setting next_dagrun for example_task_group to 2024-06-15T10:16:56.741277+00:00, run_after=2024-06-16T10:16:56.741277+00:00
[2024-06-16 10:16:56,764] {processor.py:161} INFO - Processing /home/airflow/.local/lib/python3.7/site-packages/airflow/example_dags/example_task_group.py took 0.158 seconds
[2024-06-16 10:17:27,388] {processor.py:153} INFO - Started process (PID=1300) to work on /home/airflow/.local/lib/python3.7/site-packages/airflow/example_dags/example_task_group.py
[2024-06-16 10:17:27,389] {processor.py:641} INFO - Processing file /home/airflow/.local/lib/python3.7/site-packages/airflow/example_dags/example_task_group.py for tasks to queue
[2024-06-16 10:17:27,389] {logging_mixin.py:115} INFO - [2024-06-16 10:17:27,389] {dagbag.py:507} INFO - Filling up the DagBag from /home/airflow/.local/lib/python3.7/site-packages/airflow/example_dags/example_task_group.py
[2024-06-16 10:17:27,404] {processor.py:651} INFO - DAG(s) dict_keys(['example_task_group']) retrieved from /home/airflow/.local/lib/python3.7/site-packages/airflow/example_dags/example_task_group.py
[2024-06-16 10:17:27,435] {logging_mixin.py:115} INFO - [2024-06-16 10:17:27,435] {dag.py:2371} INFO - Sync 1 DAGs
[2024-06-16 10:17:27,458] {logging_mixin.py:115} INFO - [2024-06-16 10:17:27,458] {dag.py:2919} INFO - Setting next_dagrun for example_task_group to 2024-06-15T10:17:27.457741+00:00, run_after=2024-06-16T10:17:27.457741+00:00
[2024-06-16 10:17:27,475] {processor.py:161} INFO - Processing /home/airflow/.local/lib/python3.7/site-packages/airflow/example_dags/example_task_group.py took 0.091 seconds
[2024-06-16 10:17:57,649] {processor.py:153} INFO - Started process (PID=1363) to work on /home/airflow/.local/lib/python3.7/site-packages/airflow/example_dags/example_task_group.py
[2024-06-16 10:17:57,652] {processor.py:641} INFO - Processing file /home/airflow/.local/lib/python3.7/site-packages/airflow/example_dags/example_task_group.py for tasks to queue
[2024-06-16 10:17:57,654] {logging_mixin.py:115} INFO - [2024-06-16 10:17:57,654] {dagbag.py:507} INFO - Filling up the DagBag from /home/airflow/.local/lib/python3.7/site-packages/airflow/example_dags/example_task_group.py
[2024-06-16 10:17:57,697] {processor.py:651} INFO - DAG(s) dict_keys(['example_task_group']) retrieved from /home/airflow/.local/lib/python3.7/site-packages/airflow/example_dags/example_task_group.py
[2024-06-16 10:17:57,753] {logging_mixin.py:115} INFO - [2024-06-16 10:17:57,753] {dag.py:2371} INFO - Sync 1 DAGs
[2024-06-16 10:17:57,788] {logging_mixin.py:115} INFO - [2024-06-16 10:17:57,788] {dag.py:2919} INFO - Setting next_dagrun for example_task_group to 2024-06-15T10:17:57.787769+00:00, run_after=2024-06-16T10:17:57.787769+00:00
[2024-06-16 10:17:57,811] {processor.py:161} INFO - Processing /home/airflow/.local/lib/python3.7/site-packages/airflow/example_dags/example_task_group.py took 0.172 seconds
[2024-06-16 10:18:28,608] {processor.py:153} INFO - Started process (PID=1418) to work on /home/airflow/.local/lib/python3.7/site-packages/airflow/example_dags/example_task_group.py
[2024-06-16 10:18:28,609] {processor.py:641} INFO - Processing file /home/airflow/.local/lib/python3.7/site-packages/airflow/example_dags/example_task_group.py for tasks to queue
[2024-06-16 10:18:28,610] {logging_mixin.py:115} INFO - [2024-06-16 10:18:28,610] {dagbag.py:507} INFO - Filling up the DagBag from /home/airflow/.local/lib/python3.7/site-packages/airflow/example_dags/example_task_group.py
[2024-06-16 10:18:28,622] {processor.py:651} INFO - DAG(s) dict_keys(['example_task_group']) retrieved from /home/airflow/.local/lib/python3.7/site-packages/airflow/example_dags/example_task_group.py
[2024-06-16 10:18:28,654] {logging_mixin.py:115} INFO - [2024-06-16 10:18:28,654] {dag.py:2371} INFO - Sync 1 DAGs
[2024-06-16 10:18:28,690] {logging_mixin.py:115} INFO - [2024-06-16 10:18:28,690] {dag.py:2919} INFO - Setting next_dagrun for example_task_group to 2024-06-15T10:18:28.690244+00:00, run_after=2024-06-16T10:18:28.690244+00:00
[2024-06-16 10:18:28,712] {processor.py:161} INFO - Processing /home/airflow/.local/lib/python3.7/site-packages/airflow/example_dags/example_task_group.py took 0.108 seconds
[2024-06-16 10:18:59,568] {processor.py:153} INFO - Started process (PID=1482) to work on /home/airflow/.local/lib/python3.7/site-packages/airflow/example_dags/example_task_group.py
[2024-06-16 10:18:59,569] {processor.py:641} INFO - Processing file /home/airflow/.local/lib/python3.7/site-packages/airflow/example_dags/example_task_group.py for tasks to queue
[2024-06-16 10:18:59,570] {logging_mixin.py:115} INFO - [2024-06-16 10:18:59,570] {dagbag.py:507} INFO - Filling up the DagBag from /home/airflow/.local/lib/python3.7/site-packages/airflow/example_dags/example_task_group.py
[2024-06-16 10:18:59,582] {processor.py:651} INFO - DAG(s) dict_keys(['example_task_group']) retrieved from /home/airflow/.local/lib/python3.7/site-packages/airflow/example_dags/example_task_group.py
[2024-06-16 10:18:59,611] {logging_mixin.py:115} INFO - [2024-06-16 10:18:59,611] {dag.py:2371} INFO - Sync 1 DAGs
[2024-06-16 10:18:59,638] {logging_mixin.py:115} INFO - [2024-06-16 10:18:59,638] {dag.py:2919} INFO - Setting next_dagrun for example_task_group to 2024-06-15T10:18:59.638399+00:00, run_after=2024-06-16T10:18:59.638399+00:00
[2024-06-16 10:18:59,654] {processor.py:161} INFO - Processing /home/airflow/.local/lib/python3.7/site-packages/airflow/example_dags/example_task_group.py took 0.090 seconds
[2024-06-16 11:03:51,265] {processor.py:153} INFO - Started process (PID=50) to work on /home/airflow/.local/lib/python3.7/site-packages/airflow/example_dags/example_task_group.py
[2024-06-16 11:03:51,267] {processor.py:641} INFO - Processing file /home/airflow/.local/lib/python3.7/site-packages/airflow/example_dags/example_task_group.py for tasks to queue
[2024-06-16 11:03:51,269] {logging_mixin.py:115} INFO - [2024-06-16 11:03:51,269] {dagbag.py:507} INFO - Filling up the DagBag from /home/airflow/.local/lib/python3.7/site-packages/airflow/example_dags/example_task_group.py
[2024-06-16 11:03:51,294] {processor.py:651} INFO - DAG(s) dict_keys(['example_task_group']) retrieved from /home/airflow/.local/lib/python3.7/site-packages/airflow/example_dags/example_task_group.py
[2024-06-16 11:03:51,384] {logging_mixin.py:115} INFO - [2024-06-16 11:03:51,384] {dag.py:2371} INFO - Sync 1 DAGs
[2024-06-16 11:03:51,893] {logging_mixin.py:115} INFO - [2024-06-16 11:03:51,893] {dag.py:2919} INFO - Setting next_dagrun for example_task_group to 2024-06-15T11:03:51.893370+00:00, run_after=2024-06-16T11:03:51.893370+00:00
[2024-06-16 11:03:51,934] {processor.py:161} INFO - Processing /home/airflow/.local/lib/python3.7/site-packages/airflow/example_dags/example_task_group.py took 0.673 seconds
[2024-06-16 11:04:21,974] {processor.py:153} INFO - Started process (PID=114) to work on /home/airflow/.local/lib/python3.7/site-packages/airflow/example_dags/example_task_group.py
[2024-06-16 11:04:21,975] {processor.py:641} INFO - Processing file /home/airflow/.local/lib/python3.7/site-packages/airflow/example_dags/example_task_group.py for tasks to queue
[2024-06-16 11:04:21,976] {logging_mixin.py:115} INFO - [2024-06-16 11:04:21,976] {dagbag.py:507} INFO - Filling up the DagBag from /home/airflow/.local/lib/python3.7/site-packages/airflow/example_dags/example_task_group.py
[2024-06-16 11:04:21,985] {processor.py:651} INFO - DAG(s) dict_keys(['example_task_group']) retrieved from /home/airflow/.local/lib/python3.7/site-packages/airflow/example_dags/example_task_group.py
[2024-06-16 11:04:22,019] {logging_mixin.py:115} INFO - [2024-06-16 11:04:22,019] {dag.py:2371} INFO - Sync 1 DAGs
[2024-06-16 11:04:22,189] {logging_mixin.py:115} INFO - [2024-06-16 11:04:22,189] {dag.py:2919} INFO - Setting next_dagrun for example_task_group to 2024-06-15T11:04:22.189189+00:00, run_after=2024-06-16T11:04:22.189189+00:00
[2024-06-16 11:04:22,206] {processor.py:161} INFO - Processing /home/airflow/.local/lib/python3.7/site-packages/airflow/example_dags/example_task_group.py took 0.235 seconds
[2024-06-16 11:04:52,603] {processor.py:153} INFO - Started process (PID=168) to work on /home/airflow/.local/lib/python3.7/site-packages/airflow/example_dags/example_task_group.py
[2024-06-16 11:04:52,604] {processor.py:641} INFO - Processing file /home/airflow/.local/lib/python3.7/site-packages/airflow/example_dags/example_task_group.py for tasks to queue
[2024-06-16 11:04:52,605] {logging_mixin.py:115} INFO - [2024-06-16 11:04:52,605] {dagbag.py:507} INFO - Filling up the DagBag from /home/airflow/.local/lib/python3.7/site-packages/airflow/example_dags/example_task_group.py
[2024-06-16 11:04:52,613] {processor.py:651} INFO - DAG(s) dict_keys(['example_task_group']) retrieved from /home/airflow/.local/lib/python3.7/site-packages/airflow/example_dags/example_task_group.py
[2024-06-16 11:04:52,646] {logging_mixin.py:115} INFO - [2024-06-16 11:04:52,646] {dag.py:2371} INFO - Sync 1 DAGs
[2024-06-16 11:04:52,840] {logging_mixin.py:115} INFO - [2024-06-16 11:04:52,840] {dag.py:2919} INFO - Setting next_dagrun for example_task_group to 2024-06-15T11:04:52.840368+00:00, run_after=2024-06-16T11:04:52.840368+00:00
[2024-06-16 11:04:52,858] {processor.py:161} INFO - Processing /home/airflow/.local/lib/python3.7/site-packages/airflow/example_dags/example_task_group.py took 0.258 seconds
[2024-06-16 11:05:41,356] {processor.py:153} INFO - Started process (PID=230) to work on /home/airflow/.local/lib/python3.7/site-packages/airflow/example_dags/example_task_group.py
[2024-06-16 11:05:41,496] {processor.py:641} INFO - Processing file /home/airflow/.local/lib/python3.7/site-packages/airflow/example_dags/example_task_group.py for tasks to queue
[2024-06-16 11:05:41,644] {logging_mixin.py:115} INFO - [2024-06-16 11:05:41,644] {dagbag.py:507} INFO - Filling up the DagBag from /home/airflow/.local/lib/python3.7/site-packages/airflow/example_dags/example_task_group.py
[2024-06-16 11:05:41,852] {processor.py:651} INFO - DAG(s) dict_keys(['example_task_group']) retrieved from /home/airflow/.local/lib/python3.7/site-packages/airflow/example_dags/example_task_group.py
[2024-06-16 11:05:42,173] {logging_mixin.py:115} INFO - [2024-06-16 11:05:42,173] {dag.py:2371} INFO - Sync 1 DAGs
[2024-06-16 11:05:44,058] {logging_mixin.py:115} INFO - [2024-06-16 11:05:44,058] {dag.py:2919} INFO - Setting next_dagrun for example_task_group to 2024-06-15T11:05:44.058219+00:00, run_after=2024-06-16T11:05:44.058219+00:00
[2024-06-16 11:05:44,423] {processor.py:161} INFO - Processing /home/airflow/.local/lib/python3.7/site-packages/airflow/example_dags/example_task_group.py took 3.072 seconds
[2024-06-16 11:06:14,891] {processor.py:153} INFO - Started process (PID=282) to work on /home/airflow/.local/lib/python3.7/site-packages/airflow/example_dags/example_task_group.py
[2024-06-16 11:06:14,896] {processor.py:641} INFO - Processing file /home/airflow/.local/lib/python3.7/site-packages/airflow/example_dags/example_task_group.py for tasks to queue
[2024-06-16 11:06:14,897] {logging_mixin.py:115} INFO - [2024-06-16 11:06:14,897] {dagbag.py:507} INFO - Filling up the DagBag from /home/airflow/.local/lib/python3.7/site-packages/airflow/example_dags/example_task_group.py
[2024-06-16 11:06:14,925] {processor.py:651} INFO - DAG(s) dict_keys(['example_task_group']) retrieved from /home/airflow/.local/lib/python3.7/site-packages/airflow/example_dags/example_task_group.py
[2024-06-16 11:06:15,005] {logging_mixin.py:115} INFO - [2024-06-16 11:06:15,005] {dag.py:2371} INFO - Sync 1 DAGs
[2024-06-16 11:06:15,210] {logging_mixin.py:115} INFO - [2024-06-16 11:06:15,210] {dag.py:2919} INFO - Setting next_dagrun for example_task_group to 2024-06-15T11:06:15.210362+00:00, run_after=2024-06-16T11:06:15.210362+00:00
[2024-06-16 11:06:15,251] {processor.py:161} INFO - Processing /home/airflow/.local/lib/python3.7/site-packages/airflow/example_dags/example_task_group.py took 0.364 seconds
[2024-06-16 11:06:45,490] {processor.py:153} INFO - Started process (PID=335) to work on /home/airflow/.local/lib/python3.7/site-packages/airflow/example_dags/example_task_group.py
[2024-06-16 11:06:45,491] {processor.py:641} INFO - Processing file /home/airflow/.local/lib/python3.7/site-packages/airflow/example_dags/example_task_group.py for tasks to queue
[2024-06-16 11:06:45,492] {logging_mixin.py:115} INFO - [2024-06-16 11:06:45,492] {dagbag.py:507} INFO - Filling up the DagBag from /home/airflow/.local/lib/python3.7/site-packages/airflow/example_dags/example_task_group.py
[2024-06-16 11:06:45,500] {processor.py:651} INFO - DAG(s) dict_keys(['example_task_group']) retrieved from /home/airflow/.local/lib/python3.7/site-packages/airflow/example_dags/example_task_group.py
[2024-06-16 11:06:45,535] {logging_mixin.py:115} INFO - [2024-06-16 11:06:45,535] {dag.py:2371} INFO - Sync 1 DAGs
[2024-06-16 11:06:45,720] {logging_mixin.py:115} INFO - [2024-06-16 11:06:45,720] {dag.py:2919} INFO - Setting next_dagrun for example_task_group to 2024-06-15T11:06:45.719817+00:00, run_after=2024-06-16T11:06:45.719817+00:00
[2024-06-16 11:06:45,795] {processor.py:161} INFO - Processing /home/airflow/.local/lib/python3.7/site-packages/airflow/example_dags/example_task_group.py took 0.308 seconds
[2024-06-16 11:07:16,018] {processor.py:153} INFO - Started process (PID=397) to work on /home/airflow/.local/lib/python3.7/site-packages/airflow/example_dags/example_task_group.py
[2024-06-16 11:07:16,020] {processor.py:641} INFO - Processing file /home/airflow/.local/lib/python3.7/site-packages/airflow/example_dags/example_task_group.py for tasks to queue
[2024-06-16 11:07:16,021] {logging_mixin.py:115} INFO - [2024-06-16 11:07:16,021] {dagbag.py:507} INFO - Filling up the DagBag from /home/airflow/.local/lib/python3.7/site-packages/airflow/example_dags/example_task_group.py
[2024-06-16 11:07:16,029] {processor.py:651} INFO - DAG(s) dict_keys(['example_task_group']) retrieved from /home/airflow/.local/lib/python3.7/site-packages/airflow/example_dags/example_task_group.py
[2024-06-16 11:07:16,066] {logging_mixin.py:115} INFO - [2024-06-16 11:07:16,066] {dag.py:2371} INFO - Sync 1 DAGs
[2024-06-16 11:07:16,243] {logging_mixin.py:115} INFO - [2024-06-16 11:07:16,243] {dag.py:2919} INFO - Setting next_dagrun for example_task_group to 2024-06-15T11:07:16.242843+00:00, run_after=2024-06-16T11:07:16.242843+00:00
[2024-06-16 11:07:16,262] {processor.py:161} INFO - Processing /home/airflow/.local/lib/python3.7/site-packages/airflow/example_dags/example_task_group.py took 0.248 seconds
[2024-06-16 11:10:46,964] {processor.py:153} INFO - Started process (PID=68) to work on /home/airflow/.local/lib/python3.7/site-packages/airflow/example_dags/example_task_group.py
[2024-06-16 11:10:46,973] {processor.py:641} INFO - Processing file /home/airflow/.local/lib/python3.7/site-packages/airflow/example_dags/example_task_group.py for tasks to queue
[2024-06-16 11:10:46,974] {logging_mixin.py:115} INFO - [2024-06-16 11:10:46,974] {dagbag.py:507} INFO - Filling up the DagBag from /home/airflow/.local/lib/python3.7/site-packages/airflow/example_dags/example_task_group.py
[2024-06-16 11:10:47,006] {processor.py:651} INFO - DAG(s) dict_keys(['example_task_group']) retrieved from /home/airflow/.local/lib/python3.7/site-packages/airflow/example_dags/example_task_group.py
[2024-06-16 11:10:47,113] {logging_mixin.py:115} INFO - [2024-06-16 11:10:47,112] {dag.py:2371} INFO - Sync 1 DAGs
[2024-06-16 11:10:47,621] {logging_mixin.py:115} INFO - [2024-06-16 11:10:47,620] {dag.py:2919} INFO - Setting next_dagrun for example_task_group to 2024-06-15T11:10:47.620773+00:00, run_after=2024-06-16T11:10:47.620773+00:00
[2024-06-16 11:10:47,672] {processor.py:161} INFO - Processing /home/airflow/.local/lib/python3.7/site-packages/airflow/example_dags/example_task_group.py took 0.716 seconds
[2024-06-16 11:11:17,902] {processor.py:153} INFO - Started process (PID=123) to work on /home/airflow/.local/lib/python3.7/site-packages/airflow/example_dags/example_task_group.py
[2024-06-16 11:11:17,903] {processor.py:641} INFO - Processing file /home/airflow/.local/lib/python3.7/site-packages/airflow/example_dags/example_task_group.py for tasks to queue
[2024-06-16 11:11:17,903] {logging_mixin.py:115} INFO - [2024-06-16 11:11:17,903] {dagbag.py:507} INFO - Filling up the DagBag from /home/airflow/.local/lib/python3.7/site-packages/airflow/example_dags/example_task_group.py
[2024-06-16 11:11:17,912] {processor.py:651} INFO - DAG(s) dict_keys(['example_task_group']) retrieved from /home/airflow/.local/lib/python3.7/site-packages/airflow/example_dags/example_task_group.py
[2024-06-16 11:11:17,962] {logging_mixin.py:115} INFO - [2024-06-16 11:11:17,962] {dag.py:2371} INFO - Sync 1 DAGs
[2024-06-16 11:11:18,121] {logging_mixin.py:115} INFO - [2024-06-16 11:11:18,121] {dag.py:2919} INFO - Setting next_dagrun for example_task_group to 2024-06-15T11:11:18.121306+00:00, run_after=2024-06-16T11:11:18.121306+00:00
[2024-06-16 11:11:18,146] {processor.py:161} INFO - Processing /home/airflow/.local/lib/python3.7/site-packages/airflow/example_dags/example_task_group.py took 0.227 seconds
[2024-06-16 11:11:48,302] {processor.py:153} INFO - Started process (PID=179) to work on /home/airflow/.local/lib/python3.7/site-packages/airflow/example_dags/example_task_group.py
[2024-06-16 11:11:48,303] {processor.py:641} INFO - Processing file /home/airflow/.local/lib/python3.7/site-packages/airflow/example_dags/example_task_group.py for tasks to queue
[2024-06-16 11:11:48,303] {logging_mixin.py:115} INFO - [2024-06-16 11:11:48,303] {dagbag.py:507} INFO - Filling up the DagBag from /home/airflow/.local/lib/python3.7/site-packages/airflow/example_dags/example_task_group.py
[2024-06-16 11:11:48,312] {processor.py:651} INFO - DAG(s) dict_keys(['example_task_group']) retrieved from /home/airflow/.local/lib/python3.7/site-packages/airflow/example_dags/example_task_group.py
[2024-06-16 11:11:48,343] {logging_mixin.py:115} INFO - [2024-06-16 11:11:48,342] {dag.py:2371} INFO - Sync 1 DAGs
[2024-06-16 11:11:48,497] {logging_mixin.py:115} INFO - [2024-06-16 11:11:48,497] {dag.py:2919} INFO - Setting next_dagrun for example_task_group to 2024-06-15T11:11:48.497395+00:00, run_after=2024-06-16T11:11:48.497395+00:00
[2024-06-16 11:11:48,513] {processor.py:161} INFO - Processing /home/airflow/.local/lib/python3.7/site-packages/airflow/example_dags/example_task_group.py took 0.215 seconds
[2024-06-16 11:12:18,806] {processor.py:153} INFO - Started process (PID=241) to work on /home/airflow/.local/lib/python3.7/site-packages/airflow/example_dags/example_task_group.py
[2024-06-16 11:12:18,807] {processor.py:641} INFO - Processing file /home/airflow/.local/lib/python3.7/site-packages/airflow/example_dags/example_task_group.py for tasks to queue
[2024-06-16 11:12:18,814] {logging_mixin.py:115} INFO - [2024-06-16 11:12:18,814] {dagbag.py:507} INFO - Filling up the DagBag from /home/airflow/.local/lib/python3.7/site-packages/airflow/example_dags/example_task_group.py
[2024-06-16 11:12:18,830] {processor.py:651} INFO - DAG(s) dict_keys(['example_task_group']) retrieved from /home/airflow/.local/lib/python3.7/site-packages/airflow/example_dags/example_task_group.py
[2024-06-16 11:12:18,870] {logging_mixin.py:115} INFO - [2024-06-16 11:12:18,870] {dag.py:2371} INFO - Sync 1 DAGs
[2024-06-16 11:12:19,112] {logging_mixin.py:115} INFO - [2024-06-16 11:12:19,112] {dag.py:2919} INFO - Setting next_dagrun for example_task_group to 2024-06-15T11:12:19.112328+00:00, run_after=2024-06-16T11:12:19.112328+00:00
[2024-06-16 11:12:19,127] {processor.py:161} INFO - Processing /home/airflow/.local/lib/python3.7/site-packages/airflow/example_dags/example_task_group.py took 0.329 seconds
[2024-06-16 11:16:12,315] {processor.py:153} INFO - Started process (PID=50) to work on /home/airflow/.local/lib/python3.7/site-packages/airflow/example_dags/example_task_group.py
[2024-06-16 11:16:12,347] {processor.py:641} INFO - Processing file /home/airflow/.local/lib/python3.7/site-packages/airflow/example_dags/example_task_group.py for tasks to queue
[2024-06-16 11:16:12,355] {logging_mixin.py:115} INFO - [2024-06-16 11:16:12,355] {dagbag.py:507} INFO - Filling up the DagBag from /home/airflow/.local/lib/python3.7/site-packages/airflow/example_dags/example_task_group.py
[2024-06-16 11:16:12,379] {processor.py:651} INFO - DAG(s) dict_keys(['example_task_group']) retrieved from /home/airflow/.local/lib/python3.7/site-packages/airflow/example_dags/example_task_group.py
[2024-06-16 11:16:12,485] {logging_mixin.py:115} INFO - [2024-06-16 11:16:12,485] {dag.py:2371} INFO - Sync 1 DAGs
[2024-06-16 11:16:12,697] {logging_mixin.py:115} INFO - [2024-06-16 11:16:12,697] {dag.py:2919} INFO - Setting next_dagrun for example_task_group to 2024-06-15T11:16:12.697046+00:00, run_after=2024-06-16T11:16:12.697046+00:00
[2024-06-16 11:16:12,758] {processor.py:161} INFO - Processing /home/airflow/.local/lib/python3.7/site-packages/airflow/example_dags/example_task_group.py took 0.447 seconds
[2024-06-16 11:16:42,942] {processor.py:153} INFO - Started process (PID=113) to work on /home/airflow/.local/lib/python3.7/site-packages/airflow/example_dags/example_task_group.py
[2024-06-16 11:16:42,943] {processor.py:641} INFO - Processing file /home/airflow/.local/lib/python3.7/site-packages/airflow/example_dags/example_task_group.py for tasks to queue
[2024-06-16 11:16:42,944] {logging_mixin.py:115} INFO - [2024-06-16 11:16:42,943] {dagbag.py:507} INFO - Filling up the DagBag from /home/airflow/.local/lib/python3.7/site-packages/airflow/example_dags/example_task_group.py
[2024-06-16 11:16:42,954] {processor.py:651} INFO - DAG(s) dict_keys(['example_task_group']) retrieved from /home/airflow/.local/lib/python3.7/site-packages/airflow/example_dags/example_task_group.py
[2024-06-16 11:16:42,992] {logging_mixin.py:115} INFO - [2024-06-16 11:16:42,992] {dag.py:2371} INFO - Sync 1 DAGs
[2024-06-16 11:16:43,189] {logging_mixin.py:115} INFO - [2024-06-16 11:16:43,189] {dag.py:2919} INFO - Setting next_dagrun for example_task_group to 2024-06-15T11:16:43.189006+00:00, run_after=2024-06-16T11:16:43.189006+00:00
[2024-06-16 11:16:43,211] {processor.py:161} INFO - Processing /home/airflow/.local/lib/python3.7/site-packages/airflow/example_dags/example_task_group.py took 0.274 seconds
[2024-06-16 11:17:13,598] {processor.py:153} INFO - Started process (PID=167) to work on /home/airflow/.local/lib/python3.7/site-packages/airflow/example_dags/example_task_group.py
[2024-06-16 11:17:13,599] {processor.py:641} INFO - Processing file /home/airflow/.local/lib/python3.7/site-packages/airflow/example_dags/example_task_group.py for tasks to queue
[2024-06-16 11:17:13,600] {logging_mixin.py:115} INFO - [2024-06-16 11:17:13,600] {dagbag.py:507} INFO - Filling up the DagBag from /home/airflow/.local/lib/python3.7/site-packages/airflow/example_dags/example_task_group.py
[2024-06-16 11:17:13,608] {processor.py:651} INFO - DAG(s) dict_keys(['example_task_group']) retrieved from /home/airflow/.local/lib/python3.7/site-packages/airflow/example_dags/example_task_group.py
[2024-06-16 11:17:13,637] {logging_mixin.py:115} INFO - [2024-06-16 11:17:13,637] {dag.py:2371} INFO - Sync 1 DAGs
[2024-06-16 11:17:13,792] {logging_mixin.py:115} INFO - [2024-06-16 11:17:13,792] {dag.py:2919} INFO - Setting next_dagrun for example_task_group to 2024-06-15T11:17:13.791910+00:00, run_after=2024-06-16T11:17:13.791910+00:00
[2024-06-16 11:17:13,812] {processor.py:161} INFO - Processing /home/airflow/.local/lib/python3.7/site-packages/airflow/example_dags/example_task_group.py took 0.218 seconds
[2024-06-16 11:17:44,891] {processor.py:153} INFO - Started process (PID=230) to work on /home/airflow/.local/lib/python3.7/site-packages/airflow/example_dags/example_task_group.py
[2024-06-16 11:17:44,892] {processor.py:641} INFO - Processing file /home/airflow/.local/lib/python3.7/site-packages/airflow/example_dags/example_task_group.py for tasks to queue
[2024-06-16 11:17:44,892] {logging_mixin.py:115} INFO - [2024-06-16 11:17:44,892] {dagbag.py:507} INFO - Filling up the DagBag from /home/airflow/.local/lib/python3.7/site-packages/airflow/example_dags/example_task_group.py
[2024-06-16 11:17:44,903] {processor.py:651} INFO - DAG(s) dict_keys(['example_task_group']) retrieved from /home/airflow/.local/lib/python3.7/site-packages/airflow/example_dags/example_task_group.py
[2024-06-16 11:17:44,936] {logging_mixin.py:115} INFO - [2024-06-16 11:17:44,936] {dag.py:2371} INFO - Sync 1 DAGs
[2024-06-16 11:17:45,101] {logging_mixin.py:115} INFO - [2024-06-16 11:17:45,101] {dag.py:2919} INFO - Setting next_dagrun for example_task_group to 2024-06-15T11:17:45.101478+00:00, run_after=2024-06-16T11:17:45.101478+00:00
[2024-06-16 11:17:45,120] {processor.py:161} INFO - Processing /home/airflow/.local/lib/python3.7/site-packages/airflow/example_dags/example_task_group.py took 0.233 seconds
[2024-06-16 11:18:15,442] {processor.py:153} INFO - Started process (PID=283) to work on /home/airflow/.local/lib/python3.7/site-packages/airflow/example_dags/example_task_group.py
[2024-06-16 11:18:15,443] {processor.py:641} INFO - Processing file /home/airflow/.local/lib/python3.7/site-packages/airflow/example_dags/example_task_group.py for tasks to queue
[2024-06-16 11:18:15,443] {logging_mixin.py:115} INFO - [2024-06-16 11:18:15,443] {dagbag.py:507} INFO - Filling up the DagBag from /home/airflow/.local/lib/python3.7/site-packages/airflow/example_dags/example_task_group.py
[2024-06-16 11:18:15,451] {processor.py:651} INFO - DAG(s) dict_keys(['example_task_group']) retrieved from /home/airflow/.local/lib/python3.7/site-packages/airflow/example_dags/example_task_group.py
[2024-06-16 11:18:15,480] {logging_mixin.py:115} INFO - [2024-06-16 11:18:15,480] {dag.py:2371} INFO - Sync 1 DAGs
[2024-06-16 11:18:15,655] {logging_mixin.py:115} INFO - [2024-06-16 11:18:15,655] {dag.py:2919} INFO - Setting next_dagrun for example_task_group to 2024-06-15T11:18:15.655063+00:00, run_after=2024-06-16T11:18:15.655063+00:00
[2024-06-16 11:18:15,671] {processor.py:161} INFO - Processing /home/airflow/.local/lib/python3.7/site-packages/airflow/example_dags/example_task_group.py took 0.233 seconds
[2024-06-16 11:18:46,331] {processor.py:153} INFO - Started process (PID=345) to work on /home/airflow/.local/lib/python3.7/site-packages/airflow/example_dags/example_task_group.py
[2024-06-16 11:18:46,332] {processor.py:641} INFO - Processing file /home/airflow/.local/lib/python3.7/site-packages/airflow/example_dags/example_task_group.py for tasks to queue
[2024-06-16 11:18:46,333] {logging_mixin.py:115} INFO - [2024-06-16 11:18:46,332] {dagbag.py:507} INFO - Filling up the DagBag from /home/airflow/.local/lib/python3.7/site-packages/airflow/example_dags/example_task_group.py
[2024-06-16 11:18:46,342] {processor.py:651} INFO - DAG(s) dict_keys(['example_task_group']) retrieved from /home/airflow/.local/lib/python3.7/site-packages/airflow/example_dags/example_task_group.py
[2024-06-16 11:18:46,375] {logging_mixin.py:115} INFO - [2024-06-16 11:18:46,375] {dag.py:2371} INFO - Sync 1 DAGs
[2024-06-16 11:18:46,552] {logging_mixin.py:115} INFO - [2024-06-16 11:18:46,552] {dag.py:2919} INFO - Setting next_dagrun for example_task_group to 2024-06-15T11:18:46.552201+00:00, run_after=2024-06-16T11:18:46.552201+00:00
[2024-06-16 11:18:46,569] {processor.py:161} INFO - Processing /home/airflow/.local/lib/python3.7/site-packages/airflow/example_dags/example_task_group.py took 0.241 seconds
[2024-06-16 11:19:17,063] {processor.py:153} INFO - Started process (PID=408) to work on /home/airflow/.local/lib/python3.7/site-packages/airflow/example_dags/example_task_group.py
[2024-06-16 11:19:17,064] {processor.py:641} INFO - Processing file /home/airflow/.local/lib/python3.7/site-packages/airflow/example_dags/example_task_group.py for tasks to queue
[2024-06-16 11:19:17,065] {logging_mixin.py:115} INFO - [2024-06-16 11:19:17,065] {dagbag.py:507} INFO - Filling up the DagBag from /home/airflow/.local/lib/python3.7/site-packages/airflow/example_dags/example_task_group.py
[2024-06-16 11:19:17,077] {processor.py:651} INFO - DAG(s) dict_keys(['example_task_group']) retrieved from /home/airflow/.local/lib/python3.7/site-packages/airflow/example_dags/example_task_group.py
[2024-06-16 11:19:17,116] {logging_mixin.py:115} INFO - [2024-06-16 11:19:17,116] {dag.py:2371} INFO - Sync 1 DAGs
[2024-06-16 11:19:17,299] {logging_mixin.py:115} INFO - [2024-06-16 11:19:17,299] {dag.py:2919} INFO - Setting next_dagrun for example_task_group to 2024-06-15T11:19:17.299325+00:00, run_after=2024-06-16T11:19:17.299325+00:00
[2024-06-16 11:19:17,315] {processor.py:161} INFO - Processing /home/airflow/.local/lib/python3.7/site-packages/airflow/example_dags/example_task_group.py took 0.258 seconds
