[2024-06-16 10:06:41,955] {processor.py:153} INFO - Started process (PID=51) to work on /home/airflow/.local/lib/python3.7/site-packages/airflow/example_dags/example_skip_dag.py
[2024-06-16 10:06:41,956] {processor.py:641} INFO - Processing file /home/airflow/.local/lib/python3.7/site-packages/airflow/example_dags/example_skip_dag.py for tasks to queue
[2024-06-16 10:06:41,957] {logging_mixin.py:115} INFO - [2024-06-16 10:06:41,957] {dagbag.py:507} INFO - Filling up the DagBag from /home/airflow/.local/lib/python3.7/site-packages/airflow/example_dags/example_skip_dag.py
[2024-06-16 10:06:41,964] {processor.py:651} INFO - DAG(s) dict_keys(['example_skip_dag']) retrieved from /home/airflow/.local/lib/python3.7/site-packages/airflow/example_dags/example_skip_dag.py
[2024-06-16 10:06:41,997] {logging_mixin.py:115} INFO - [2024-06-16 10:06:41,996] {dag.py:2371} INFO - Sync 1 DAGs
[2024-06-16 10:06:42,192] {logging_mixin.py:115} INFO - [2024-06-16 10:06:42,192] {dag.py:2919} INFO - Setting next_dagrun for example_skip_dag to 2024-06-15T10:06:42.192582+00:00, run_after=2024-06-16T10:06:42.192582+00:00
[2024-06-16 10:06:42,211] {processor.py:161} INFO - Processing /home/airflow/.local/lib/python3.7/site-packages/airflow/example_dags/example_skip_dag.py took 0.260 seconds
[2024-06-16 10:07:14,387] {processor.py:153} INFO - Started process (PID=114) to work on /home/airflow/.local/lib/python3.7/site-packages/airflow/example_dags/example_skip_dag.py
[2024-06-16 10:07:14,388] {processor.py:641} INFO - Processing file /home/airflow/.local/lib/python3.7/site-packages/airflow/example_dags/example_skip_dag.py for tasks to queue
[2024-06-16 10:07:14,390] {logging_mixin.py:115} INFO - [2024-06-16 10:07:14,390] {dagbag.py:507} INFO - Filling up the DagBag from /home/airflow/.local/lib/python3.7/site-packages/airflow/example_dags/example_skip_dag.py
[2024-06-16 10:07:14,398] {processor.py:651} INFO - DAG(s) dict_keys(['example_skip_dag']) retrieved from /home/airflow/.local/lib/python3.7/site-packages/airflow/example_dags/example_skip_dag.py
[2024-06-16 10:07:14,443] {logging_mixin.py:115} INFO - [2024-06-16 10:07:14,443] {dag.py:2371} INFO - Sync 1 DAGs
[2024-06-16 10:07:14,618] {logging_mixin.py:115} INFO - [2024-06-16 10:07:14,618] {dag.py:2919} INFO - Setting next_dagrun for example_skip_dag to 2024-06-15T10:07:14.618675+00:00, run_after=2024-06-16T10:07:14.618675+00:00
[2024-06-16 10:07:14,662] {processor.py:161} INFO - Processing /home/airflow/.local/lib/python3.7/site-packages/airflow/example_dags/example_skip_dag.py took 0.279 seconds
[2024-06-16 10:07:44,897] {processor.py:153} INFO - Started process (PID=169) to work on /home/airflow/.local/lib/python3.7/site-packages/airflow/example_dags/example_skip_dag.py
[2024-06-16 10:07:44,897] {processor.py:641} INFO - Processing file /home/airflow/.local/lib/python3.7/site-packages/airflow/example_dags/example_skip_dag.py for tasks to queue
[2024-06-16 10:07:44,898] {logging_mixin.py:115} INFO - [2024-06-16 10:07:44,898] {dagbag.py:507} INFO - Filling up the DagBag from /home/airflow/.local/lib/python3.7/site-packages/airflow/example_dags/example_skip_dag.py
[2024-06-16 10:07:44,904] {processor.py:651} INFO - DAG(s) dict_keys(['example_skip_dag']) retrieved from /home/airflow/.local/lib/python3.7/site-packages/airflow/example_dags/example_skip_dag.py
[2024-06-16 10:07:44,935] {logging_mixin.py:115} INFO - [2024-06-16 10:07:44,935] {dag.py:2371} INFO - Sync 1 DAGs
[2024-06-16 10:07:45,084] {logging_mixin.py:115} INFO - [2024-06-16 10:07:45,084] {dag.py:2919} INFO - Setting next_dagrun for example_skip_dag to 2024-06-15T10:07:45.084295+00:00, run_after=2024-06-16T10:07:45.084295+00:00
[2024-06-16 10:07:45,104] {processor.py:161} INFO - Processing /home/airflow/.local/lib/python3.7/site-packages/airflow/example_dags/example_skip_dag.py took 0.211 seconds
[2024-06-16 10:08:15,516] {processor.py:153} INFO - Started process (PID=232) to work on /home/airflow/.local/lib/python3.7/site-packages/airflow/example_dags/example_skip_dag.py
[2024-06-16 10:08:15,517] {processor.py:641} INFO - Processing file /home/airflow/.local/lib/python3.7/site-packages/airflow/example_dags/example_skip_dag.py for tasks to queue
[2024-06-16 10:08:15,518] {logging_mixin.py:115} INFO - [2024-06-16 10:08:15,518] {dagbag.py:507} INFO - Filling up the DagBag from /home/airflow/.local/lib/python3.7/site-packages/airflow/example_dags/example_skip_dag.py
[2024-06-16 10:08:15,524] {processor.py:651} INFO - DAG(s) dict_keys(['example_skip_dag']) retrieved from /home/airflow/.local/lib/python3.7/site-packages/airflow/example_dags/example_skip_dag.py
[2024-06-16 10:08:15,555] {logging_mixin.py:115} INFO - [2024-06-16 10:08:15,555] {dag.py:2371} INFO - Sync 1 DAGs
[2024-06-16 10:08:15,751] {logging_mixin.py:115} INFO - [2024-06-16 10:08:15,751] {dag.py:2919} INFO - Setting next_dagrun for example_skip_dag to 2024-06-15T10:08:15.750805+00:00, run_after=2024-06-16T10:08:15.750805+00:00
[2024-06-16 10:08:15,774] {processor.py:161} INFO - Processing /home/airflow/.local/lib/python3.7/site-packages/airflow/example_dags/example_skip_dag.py took 0.261 seconds
[2024-06-16 10:08:46,398] {processor.py:153} INFO - Started process (PID=294) to work on /home/airflow/.local/lib/python3.7/site-packages/airflow/example_dags/example_skip_dag.py
[2024-06-16 10:08:46,400] {processor.py:641} INFO - Processing file /home/airflow/.local/lib/python3.7/site-packages/airflow/example_dags/example_skip_dag.py for tasks to queue
[2024-06-16 10:08:46,405] {logging_mixin.py:115} INFO - [2024-06-16 10:08:46,405] {dagbag.py:507} INFO - Filling up the DagBag from /home/airflow/.local/lib/python3.7/site-packages/airflow/example_dags/example_skip_dag.py
[2024-06-16 10:08:46,416] {processor.py:651} INFO - DAG(s) dict_keys(['example_skip_dag']) retrieved from /home/airflow/.local/lib/python3.7/site-packages/airflow/example_dags/example_skip_dag.py
[2024-06-16 10:08:46,462] {logging_mixin.py:115} INFO - [2024-06-16 10:08:46,462] {dag.py:2371} INFO - Sync 1 DAGs
[2024-06-16 10:08:46,613] {logging_mixin.py:115} INFO - [2024-06-16 10:08:46,613] {dag.py:2919} INFO - Setting next_dagrun for example_skip_dag to 2024-06-15T10:08:46.613442+00:00, run_after=2024-06-16T10:08:46.613442+00:00
[2024-06-16 10:08:46,628] {processor.py:161} INFO - Processing /home/airflow/.local/lib/python3.7/site-packages/airflow/example_dags/example_skip_dag.py took 0.236 seconds
[2024-06-16 10:09:16,861] {processor.py:153} INFO - Started process (PID=349) to work on /home/airflow/.local/lib/python3.7/site-packages/airflow/example_dags/example_skip_dag.py
[2024-06-16 10:09:16,862] {processor.py:641} INFO - Processing file /home/airflow/.local/lib/python3.7/site-packages/airflow/example_dags/example_skip_dag.py for tasks to queue
[2024-06-16 10:09:16,863] {logging_mixin.py:115} INFO - [2024-06-16 10:09:16,863] {dagbag.py:507} INFO - Filling up the DagBag from /home/airflow/.local/lib/python3.7/site-packages/airflow/example_dags/example_skip_dag.py
[2024-06-16 10:09:16,871] {processor.py:651} INFO - DAG(s) dict_keys(['example_skip_dag']) retrieved from /home/airflow/.local/lib/python3.7/site-packages/airflow/example_dags/example_skip_dag.py
[2024-06-16 10:09:16,921] {logging_mixin.py:115} INFO - [2024-06-16 10:09:16,920] {dag.py:2371} INFO - Sync 1 DAGs
[2024-06-16 10:09:17,092] {logging_mixin.py:115} INFO - [2024-06-16 10:09:17,092] {dag.py:2919} INFO - Setting next_dagrun for example_skip_dag to 2024-06-15T10:09:17.091901+00:00, run_after=2024-06-16T10:09:17.091901+00:00
[2024-06-16 10:09:17,112] {processor.py:161} INFO - Processing /home/airflow/.local/lib/python3.7/site-packages/airflow/example_dags/example_skip_dag.py took 0.255 seconds
[2024-06-16 10:09:47,386] {processor.py:153} INFO - Started process (PID=413) to work on /home/airflow/.local/lib/python3.7/site-packages/airflow/example_dags/example_skip_dag.py
[2024-06-16 10:09:47,387] {processor.py:641} INFO - Processing file /home/airflow/.local/lib/python3.7/site-packages/airflow/example_dags/example_skip_dag.py for tasks to queue
[2024-06-16 10:09:47,388] {logging_mixin.py:115} INFO - [2024-06-16 10:09:47,388] {dagbag.py:507} INFO - Filling up the DagBag from /home/airflow/.local/lib/python3.7/site-packages/airflow/example_dags/example_skip_dag.py
[2024-06-16 10:09:47,394] {processor.py:651} INFO - DAG(s) dict_keys(['example_skip_dag']) retrieved from /home/airflow/.local/lib/python3.7/site-packages/airflow/example_dags/example_skip_dag.py
[2024-06-16 10:09:47,422] {logging_mixin.py:115} INFO - [2024-06-16 10:09:47,422] {dag.py:2371} INFO - Sync 1 DAGs
[2024-06-16 10:09:47,565] {logging_mixin.py:115} INFO - [2024-06-16 10:09:47,564] {dag.py:2919} INFO - Setting next_dagrun for example_skip_dag to 2024-06-15T10:09:47.564768+00:00, run_after=2024-06-16T10:09:47.564768+00:00
[2024-06-16 10:09:47,586] {processor.py:161} INFO - Processing /home/airflow/.local/lib/python3.7/site-packages/airflow/example_dags/example_skip_dag.py took 0.204 seconds
[2024-06-16 10:10:17,627] {processor.py:153} INFO - Started process (PID=475) to work on /home/airflow/.local/lib/python3.7/site-packages/airflow/example_dags/example_skip_dag.py
[2024-06-16 10:10:17,628] {processor.py:641} INFO - Processing file /home/airflow/.local/lib/python3.7/site-packages/airflow/example_dags/example_skip_dag.py for tasks to queue
[2024-06-16 10:10:17,628] {logging_mixin.py:115} INFO - [2024-06-16 10:10:17,628] {dagbag.py:507} INFO - Filling up the DagBag from /home/airflow/.local/lib/python3.7/site-packages/airflow/example_dags/example_skip_dag.py
[2024-06-16 10:10:17,636] {processor.py:651} INFO - DAG(s) dict_keys(['example_skip_dag']) retrieved from /home/airflow/.local/lib/python3.7/site-packages/airflow/example_dags/example_skip_dag.py
[2024-06-16 10:10:17,683] {logging_mixin.py:115} INFO - [2024-06-16 10:10:17,683] {dag.py:2371} INFO - Sync 1 DAGs
[2024-06-16 10:10:17,839] {logging_mixin.py:115} INFO - [2024-06-16 10:10:17,839] {dag.py:2919} INFO - Setting next_dagrun for example_skip_dag to 2024-06-15T10:10:17.839083+00:00, run_after=2024-06-16T10:10:17.839083+00:00
[2024-06-16 10:10:17,858] {processor.py:161} INFO - Processing /home/airflow/.local/lib/python3.7/site-packages/airflow/example_dags/example_skip_dag.py took 0.234 seconds
[2024-06-16 10:10:48,817] {processor.py:153} INFO - Started process (PID=529) to work on /home/airflow/.local/lib/python3.7/site-packages/airflow/example_dags/example_skip_dag.py
[2024-06-16 10:10:48,818] {processor.py:641} INFO - Processing file /home/airflow/.local/lib/python3.7/site-packages/airflow/example_dags/example_skip_dag.py for tasks to queue
[2024-06-16 10:10:48,818] {logging_mixin.py:115} INFO - [2024-06-16 10:10:48,818] {dagbag.py:507} INFO - Filling up the DagBag from /home/airflow/.local/lib/python3.7/site-packages/airflow/example_dags/example_skip_dag.py
[2024-06-16 10:10:48,824] {processor.py:651} INFO - DAG(s) dict_keys(['example_skip_dag']) retrieved from /home/airflow/.local/lib/python3.7/site-packages/airflow/example_dags/example_skip_dag.py
[2024-06-16 10:10:48,895] {logging_mixin.py:115} INFO - [2024-06-16 10:10:48,895] {dag.py:2371} INFO - Sync 1 DAGs
[2024-06-16 10:10:49,145] {logging_mixin.py:115} INFO - [2024-06-16 10:10:49,145] {dag.py:2919} INFO - Setting next_dagrun for example_skip_dag to 2024-06-15T10:10:49.145483+00:00, run_after=2024-06-16T10:10:49.145483+00:00
[2024-06-16 10:10:49,175] {processor.py:161} INFO - Processing /home/airflow/.local/lib/python3.7/site-packages/airflow/example_dags/example_skip_dag.py took 0.361 seconds
[2024-06-16 10:11:20,159] {processor.py:153} INFO - Started process (PID=593) to work on /home/airflow/.local/lib/python3.7/site-packages/airflow/example_dags/example_skip_dag.py
[2024-06-16 10:11:20,160] {processor.py:641} INFO - Processing file /home/airflow/.local/lib/python3.7/site-packages/airflow/example_dags/example_skip_dag.py for tasks to queue
[2024-06-16 10:11:20,161] {logging_mixin.py:115} INFO - [2024-06-16 10:11:20,161] {dagbag.py:507} INFO - Filling up the DagBag from /home/airflow/.local/lib/python3.7/site-packages/airflow/example_dags/example_skip_dag.py
[2024-06-16 10:11:20,167] {processor.py:651} INFO - DAG(s) dict_keys(['example_skip_dag']) retrieved from /home/airflow/.local/lib/python3.7/site-packages/airflow/example_dags/example_skip_dag.py
[2024-06-16 10:11:20,197] {logging_mixin.py:115} INFO - [2024-06-16 10:11:20,197] {dag.py:2371} INFO - Sync 1 DAGs
[2024-06-16 10:11:20,341] {logging_mixin.py:115} INFO - [2024-06-16 10:11:20,341] {dag.py:2919} INFO - Setting next_dagrun for example_skip_dag to 2024-06-15T10:11:20.341311+00:00, run_after=2024-06-16T10:11:20.341311+00:00
[2024-06-16 10:11:20,357] {processor.py:161} INFO - Processing /home/airflow/.local/lib/python3.7/site-packages/airflow/example_dags/example_skip_dag.py took 0.203 seconds
[2024-06-16 10:11:50,733] {processor.py:153} INFO - Started process (PID=656) to work on /home/airflow/.local/lib/python3.7/site-packages/airflow/example_dags/example_skip_dag.py
[2024-06-16 10:11:50,736] {processor.py:641} INFO - Processing file /home/airflow/.local/lib/python3.7/site-packages/airflow/example_dags/example_skip_dag.py for tasks to queue
[2024-06-16 10:11:50,737] {logging_mixin.py:115} INFO - [2024-06-16 10:11:50,737] {dagbag.py:507} INFO - Filling up the DagBag from /home/airflow/.local/lib/python3.7/site-packages/airflow/example_dags/example_skip_dag.py
[2024-06-16 10:11:50,747] {processor.py:651} INFO - DAG(s) dict_keys(['example_skip_dag']) retrieved from /home/airflow/.local/lib/python3.7/site-packages/airflow/example_dags/example_skip_dag.py
[2024-06-16 10:11:50,801] {logging_mixin.py:115} INFO - [2024-06-16 10:11:50,801] {dag.py:2371} INFO - Sync 1 DAGs
[2024-06-16 10:11:50,968] {logging_mixin.py:115} INFO - [2024-06-16 10:11:50,968] {dag.py:2919} INFO - Setting next_dagrun for example_skip_dag to 2024-06-15T10:11:50.968116+00:00, run_after=2024-06-16T10:11:50.968116+00:00
[2024-06-16 10:11:50,984] {processor.py:161} INFO - Processing /home/airflow/.local/lib/python3.7/site-packages/airflow/example_dags/example_skip_dag.py took 0.256 seconds
[2024-06-16 10:12:21,636] {processor.py:153} INFO - Started process (PID=709) to work on /home/airflow/.local/lib/python3.7/site-packages/airflow/example_dags/example_skip_dag.py
[2024-06-16 10:12:21,637] {processor.py:641} INFO - Processing file /home/airflow/.local/lib/python3.7/site-packages/airflow/example_dags/example_skip_dag.py for tasks to queue
[2024-06-16 10:12:21,638] {logging_mixin.py:115} INFO - [2024-06-16 10:12:21,638] {dagbag.py:507} INFO - Filling up the DagBag from /home/airflow/.local/lib/python3.7/site-packages/airflow/example_dags/example_skip_dag.py
[2024-06-16 10:12:21,645] {processor.py:651} INFO - DAG(s) dict_keys(['example_skip_dag']) retrieved from /home/airflow/.local/lib/python3.7/site-packages/airflow/example_dags/example_skip_dag.py
[2024-06-16 10:12:21,686] {logging_mixin.py:115} INFO - [2024-06-16 10:12:21,686] {dag.py:2371} INFO - Sync 1 DAGs
[2024-06-16 10:12:21,843] {logging_mixin.py:115} INFO - [2024-06-16 10:12:21,843] {dag.py:2919} INFO - Setting next_dagrun for example_skip_dag to 2024-06-15T10:12:21.843484+00:00, run_after=2024-06-16T10:12:21.843484+00:00
[2024-06-16 10:12:21,864] {processor.py:161} INFO - Processing /home/airflow/.local/lib/python3.7/site-packages/airflow/example_dags/example_skip_dag.py took 0.232 seconds
[2024-06-16 10:12:52,136] {processor.py:153} INFO - Started process (PID=770) to work on /home/airflow/.local/lib/python3.7/site-packages/airflow/example_dags/example_skip_dag.py
[2024-06-16 10:12:52,137] {processor.py:641} INFO - Processing file /home/airflow/.local/lib/python3.7/site-packages/airflow/example_dags/example_skip_dag.py for tasks to queue
[2024-06-16 10:12:52,138] {logging_mixin.py:115} INFO - [2024-06-16 10:12:52,138] {dagbag.py:507} INFO - Filling up the DagBag from /home/airflow/.local/lib/python3.7/site-packages/airflow/example_dags/example_skip_dag.py
[2024-06-16 10:12:52,144] {processor.py:651} INFO - DAG(s) dict_keys(['example_skip_dag']) retrieved from /home/airflow/.local/lib/python3.7/site-packages/airflow/example_dags/example_skip_dag.py
[2024-06-16 10:12:52,177] {logging_mixin.py:115} INFO - [2024-06-16 10:12:52,177] {dag.py:2371} INFO - Sync 1 DAGs
[2024-06-16 10:12:52,323] {logging_mixin.py:115} INFO - [2024-06-16 10:12:52,323] {dag.py:2919} INFO - Setting next_dagrun for example_skip_dag to 2024-06-15T10:12:52.323594+00:00, run_after=2024-06-16T10:12:52.323594+00:00
[2024-06-16 10:12:52,338] {processor.py:161} INFO - Processing /home/airflow/.local/lib/python3.7/site-packages/airflow/example_dags/example_skip_dag.py took 0.204 seconds
[2024-06-16 10:13:22,437] {processor.py:153} INFO - Started process (PID=824) to work on /home/airflow/.local/lib/python3.7/site-packages/airflow/example_dags/example_skip_dag.py
[2024-06-16 10:13:22,438] {processor.py:641} INFO - Processing file /home/airflow/.local/lib/python3.7/site-packages/airflow/example_dags/example_skip_dag.py for tasks to queue
[2024-06-16 10:13:22,439] {logging_mixin.py:115} INFO - [2024-06-16 10:13:22,439] {dagbag.py:507} INFO - Filling up the DagBag from /home/airflow/.local/lib/python3.7/site-packages/airflow/example_dags/example_skip_dag.py
[2024-06-16 10:13:22,445] {processor.py:651} INFO - DAG(s) dict_keys(['example_skip_dag']) retrieved from /home/airflow/.local/lib/python3.7/site-packages/airflow/example_dags/example_skip_dag.py
[2024-06-16 10:13:22,488] {logging_mixin.py:115} INFO - [2024-06-16 10:13:22,488] {dag.py:2371} INFO - Sync 1 DAGs
[2024-06-16 10:13:22,641] {logging_mixin.py:115} INFO - [2024-06-16 10:13:22,640] {dag.py:2919} INFO - Setting next_dagrun for example_skip_dag to 2024-06-15T10:13:22.640712+00:00, run_after=2024-06-16T10:13:22.640712+00:00
[2024-06-16 10:13:22,655] {processor.py:161} INFO - Processing /home/airflow/.local/lib/python3.7/site-packages/airflow/example_dags/example_skip_dag.py took 0.222 seconds
[2024-06-16 10:13:52,941] {processor.py:153} INFO - Started process (PID=887) to work on /home/airflow/.local/lib/python3.7/site-packages/airflow/example_dags/example_skip_dag.py
[2024-06-16 10:13:52,941] {processor.py:641} INFO - Processing file /home/airflow/.local/lib/python3.7/site-packages/airflow/example_dags/example_skip_dag.py for tasks to queue
[2024-06-16 10:13:52,943] {logging_mixin.py:115} INFO - [2024-06-16 10:13:52,942] {dagbag.py:507} INFO - Filling up the DagBag from /home/airflow/.local/lib/python3.7/site-packages/airflow/example_dags/example_skip_dag.py
[2024-06-16 10:13:52,948] {processor.py:651} INFO - DAG(s) dict_keys(['example_skip_dag']) retrieved from /home/airflow/.local/lib/python3.7/site-packages/airflow/example_dags/example_skip_dag.py
[2024-06-16 10:13:52,982] {logging_mixin.py:115} INFO - [2024-06-16 10:13:52,982] {dag.py:2371} INFO - Sync 1 DAGs
[2024-06-16 10:13:53,132] {logging_mixin.py:115} INFO - [2024-06-16 10:13:53,132] {dag.py:2919} INFO - Setting next_dagrun for example_skip_dag to 2024-06-15T10:13:53.132272+00:00, run_after=2024-06-16T10:13:53.132272+00:00
[2024-06-16 10:13:53,155] {processor.py:161} INFO - Processing /home/airflow/.local/lib/python3.7/site-packages/airflow/example_dags/example_skip_dag.py took 0.217 seconds
[2024-06-16 10:14:23,795] {processor.py:153} INFO - Started process (PID=951) to work on /home/airflow/.local/lib/python3.7/site-packages/airflow/example_dags/example_skip_dag.py
[2024-06-16 10:14:23,796] {processor.py:641} INFO - Processing file /home/airflow/.local/lib/python3.7/site-packages/airflow/example_dags/example_skip_dag.py for tasks to queue
[2024-06-16 10:14:23,797] {logging_mixin.py:115} INFO - [2024-06-16 10:14:23,797] {dagbag.py:507} INFO - Filling up the DagBag from /home/airflow/.local/lib/python3.7/site-packages/airflow/example_dags/example_skip_dag.py
[2024-06-16 10:14:23,808] {processor.py:651} INFO - DAG(s) dict_keys(['example_skip_dag']) retrieved from /home/airflow/.local/lib/python3.7/site-packages/airflow/example_dags/example_skip_dag.py
[2024-06-16 10:14:23,873] {logging_mixin.py:115} INFO - [2024-06-16 10:14:23,873] {dag.py:2371} INFO - Sync 1 DAGs
[2024-06-16 10:14:24,234] {logging_mixin.py:115} INFO - [2024-06-16 10:14:24,234] {dag.py:2919} INFO - Setting next_dagrun for example_skip_dag to 2024-06-15T10:14:24.234500+00:00, run_after=2024-06-16T10:14:24.234500+00:00
[2024-06-16 10:14:24,275] {processor.py:161} INFO - Processing /home/airflow/.local/lib/python3.7/site-packages/airflow/example_dags/example_skip_dag.py took 0.483 seconds
[2024-06-16 10:14:54,376] {processor.py:153} INFO - Started process (PID=1005) to work on /home/airflow/.local/lib/python3.7/site-packages/airflow/example_dags/example_skip_dag.py
[2024-06-16 10:14:54,377] {processor.py:641} INFO - Processing file /home/airflow/.local/lib/python3.7/site-packages/airflow/example_dags/example_skip_dag.py for tasks to queue
[2024-06-16 10:14:54,378] {logging_mixin.py:115} INFO - [2024-06-16 10:14:54,378] {dagbag.py:507} INFO - Filling up the DagBag from /home/airflow/.local/lib/python3.7/site-packages/airflow/example_dags/example_skip_dag.py
[2024-06-16 10:14:54,390] {processor.py:651} INFO - DAG(s) dict_keys(['example_skip_dag']) retrieved from /home/airflow/.local/lib/python3.7/site-packages/airflow/example_dags/example_skip_dag.py
[2024-06-16 10:14:54,449] {logging_mixin.py:115} INFO - [2024-06-16 10:14:54,449] {dag.py:2371} INFO - Sync 1 DAGs
[2024-06-16 10:14:54,646] {logging_mixin.py:115} INFO - [2024-06-16 10:14:54,646] {dag.py:2919} INFO - Setting next_dagrun for example_skip_dag to 2024-06-15T10:14:54.646018+00:00, run_after=2024-06-16T10:14:54.646018+00:00
[2024-06-16 10:14:54,663] {processor.py:161} INFO - Processing /home/airflow/.local/lib/python3.7/site-packages/airflow/example_dags/example_skip_dag.py took 0.290 seconds
[2024-06-16 10:15:25,211] {processor.py:153} INFO - Started process (PID=1067) to work on /home/airflow/.local/lib/python3.7/site-packages/airflow/example_dags/example_skip_dag.py
[2024-06-16 10:15:25,212] {processor.py:641} INFO - Processing file /home/airflow/.local/lib/python3.7/site-packages/airflow/example_dags/example_skip_dag.py for tasks to queue
[2024-06-16 10:15:25,213] {logging_mixin.py:115} INFO - [2024-06-16 10:15:25,213] {dagbag.py:507} INFO - Filling up the DagBag from /home/airflow/.local/lib/python3.7/site-packages/airflow/example_dags/example_skip_dag.py
[2024-06-16 10:15:25,219] {processor.py:651} INFO - DAG(s) dict_keys(['example_skip_dag']) retrieved from /home/airflow/.local/lib/python3.7/site-packages/airflow/example_dags/example_skip_dag.py
[2024-06-16 10:15:25,254] {logging_mixin.py:115} INFO - [2024-06-16 10:15:25,254] {dag.py:2371} INFO - Sync 1 DAGs
[2024-06-16 10:15:25,404] {logging_mixin.py:115} INFO - [2024-06-16 10:15:25,404] {dag.py:2919} INFO - Setting next_dagrun for example_skip_dag to 2024-06-15T10:15:25.403928+00:00, run_after=2024-06-16T10:15:25.403928+00:00
[2024-06-16 10:15:25,422] {processor.py:161} INFO - Processing /home/airflow/.local/lib/python3.7/site-packages/airflow/example_dags/example_skip_dag.py took 0.215 seconds
[2024-06-16 10:15:55,744] {processor.py:153} INFO - Started process (PID=1121) to work on /home/airflow/.local/lib/python3.7/site-packages/airflow/example_dags/example_skip_dag.py
[2024-06-16 10:15:55,745] {processor.py:641} INFO - Processing file /home/airflow/.local/lib/python3.7/site-packages/airflow/example_dags/example_skip_dag.py for tasks to queue
[2024-06-16 10:15:55,747] {logging_mixin.py:115} INFO - [2024-06-16 10:15:55,747] {dagbag.py:507} INFO - Filling up the DagBag from /home/airflow/.local/lib/python3.7/site-packages/airflow/example_dags/example_skip_dag.py
[2024-06-16 10:15:55,754] {processor.py:651} INFO - DAG(s) dict_keys(['example_skip_dag']) retrieved from /home/airflow/.local/lib/python3.7/site-packages/airflow/example_dags/example_skip_dag.py
[2024-06-16 10:15:55,789] {logging_mixin.py:115} INFO - [2024-06-16 10:15:55,789] {dag.py:2371} INFO - Sync 1 DAGs
[2024-06-16 10:15:55,956] {logging_mixin.py:115} INFO - [2024-06-16 10:15:55,956] {dag.py:2919} INFO - Setting next_dagrun for example_skip_dag to 2024-06-15T10:15:55.956221+00:00, run_after=2024-06-16T10:15:55.956221+00:00
[2024-06-16 10:15:55,970] {processor.py:161} INFO - Processing /home/airflow/.local/lib/python3.7/site-packages/airflow/example_dags/example_skip_dag.py took 0.230 seconds
[2024-06-16 10:16:26,744] {processor.py:153} INFO - Started process (PID=1184) to work on /home/airflow/.local/lib/python3.7/site-packages/airflow/example_dags/example_skip_dag.py
[2024-06-16 10:16:26,745] {processor.py:641} INFO - Processing file /home/airflow/.local/lib/python3.7/site-packages/airflow/example_dags/example_skip_dag.py for tasks to queue
[2024-06-16 10:16:26,746] {logging_mixin.py:115} INFO - [2024-06-16 10:16:26,746] {dagbag.py:507} INFO - Filling up the DagBag from /home/airflow/.local/lib/python3.7/site-packages/airflow/example_dags/example_skip_dag.py
[2024-06-16 10:16:26,751] {processor.py:651} INFO - DAG(s) dict_keys(['example_skip_dag']) retrieved from /home/airflow/.local/lib/python3.7/site-packages/airflow/example_dags/example_skip_dag.py
[2024-06-16 10:16:26,782] {logging_mixin.py:115} INFO - [2024-06-16 10:16:26,782] {dag.py:2371} INFO - Sync 1 DAGs
[2024-06-16 10:16:26,930] {logging_mixin.py:115} INFO - [2024-06-16 10:16:26,930] {dag.py:2919} INFO - Setting next_dagrun for example_skip_dag to 2024-06-15T10:16:26.930404+00:00, run_after=2024-06-16T10:16:26.930404+00:00
[2024-06-16 10:16:26,947] {processor.py:161} INFO - Processing /home/airflow/.local/lib/python3.7/site-packages/airflow/example_dags/example_skip_dag.py took 0.206 seconds
[2024-06-16 10:16:57,804] {processor.py:153} INFO - Started process (PID=1246) to work on /home/airflow/.local/lib/python3.7/site-packages/airflow/example_dags/example_skip_dag.py
[2024-06-16 10:16:57,805] {processor.py:641} INFO - Processing file /home/airflow/.local/lib/python3.7/site-packages/airflow/example_dags/example_skip_dag.py for tasks to queue
[2024-06-16 10:16:57,806] {logging_mixin.py:115} INFO - [2024-06-16 10:16:57,806] {dagbag.py:507} INFO - Filling up the DagBag from /home/airflow/.local/lib/python3.7/site-packages/airflow/example_dags/example_skip_dag.py
[2024-06-16 10:16:57,812] {processor.py:651} INFO - DAG(s) dict_keys(['example_skip_dag']) retrieved from /home/airflow/.local/lib/python3.7/site-packages/airflow/example_dags/example_skip_dag.py
[2024-06-16 10:16:57,855] {logging_mixin.py:115} INFO - [2024-06-16 10:16:57,854] {dag.py:2371} INFO - Sync 1 DAGs
[2024-06-16 10:16:57,888] {logging_mixin.py:115} INFO - [2024-06-16 10:16:57,888] {dag.py:2919} INFO - Setting next_dagrun for example_skip_dag to 2024-06-15T10:16:57.888060+00:00, run_after=2024-06-16T10:16:57.888060+00:00
[2024-06-16 10:16:57,908] {processor.py:161} INFO - Processing /home/airflow/.local/lib/python3.7/site-packages/airflow/example_dags/example_skip_dag.py took 0.107 seconds
[2024-06-16 10:17:28,512] {processor.py:153} INFO - Started process (PID=1301) to work on /home/airflow/.local/lib/python3.7/site-packages/airflow/example_dags/example_skip_dag.py
[2024-06-16 10:17:28,513] {processor.py:641} INFO - Processing file /home/airflow/.local/lib/python3.7/site-packages/airflow/example_dags/example_skip_dag.py for tasks to queue
[2024-06-16 10:17:28,514] {logging_mixin.py:115} INFO - [2024-06-16 10:17:28,514] {dagbag.py:507} INFO - Filling up the DagBag from /home/airflow/.local/lib/python3.7/site-packages/airflow/example_dags/example_skip_dag.py
[2024-06-16 10:17:28,520] {processor.py:651} INFO - DAG(s) dict_keys(['example_skip_dag']) retrieved from /home/airflow/.local/lib/python3.7/site-packages/airflow/example_dags/example_skip_dag.py
[2024-06-16 10:17:28,564] {logging_mixin.py:115} INFO - [2024-06-16 10:17:28,564] {dag.py:2371} INFO - Sync 1 DAGs
[2024-06-16 10:17:28,586] {logging_mixin.py:115} INFO - [2024-06-16 10:17:28,586] {dag.py:2919} INFO - Setting next_dagrun for example_skip_dag to 2024-06-15T10:17:28.586177+00:00, run_after=2024-06-16T10:17:28.586177+00:00
[2024-06-16 10:17:28,599] {processor.py:161} INFO - Processing /home/airflow/.local/lib/python3.7/site-packages/airflow/example_dags/example_skip_dag.py took 0.091 seconds
[2024-06-16 10:17:58,856] {processor.py:153} INFO - Started process (PID=1365) to work on /home/airflow/.local/lib/python3.7/site-packages/airflow/example_dags/example_skip_dag.py
[2024-06-16 10:17:58,857] {processor.py:641} INFO - Processing file /home/airflow/.local/lib/python3.7/site-packages/airflow/example_dags/example_skip_dag.py for tasks to queue
[2024-06-16 10:17:58,858] {logging_mixin.py:115} INFO - [2024-06-16 10:17:58,858] {dagbag.py:507} INFO - Filling up the DagBag from /home/airflow/.local/lib/python3.7/site-packages/airflow/example_dags/example_skip_dag.py
[2024-06-16 10:17:58,864] {processor.py:651} INFO - DAG(s) dict_keys(['example_skip_dag']) retrieved from /home/airflow/.local/lib/python3.7/site-packages/airflow/example_dags/example_skip_dag.py
[2024-06-16 10:17:58,899] {logging_mixin.py:115} INFO - [2024-06-16 10:17:58,899] {dag.py:2371} INFO - Sync 1 DAGs
[2024-06-16 10:17:58,923] {logging_mixin.py:115} INFO - [2024-06-16 10:17:58,923] {dag.py:2919} INFO - Setting next_dagrun for example_skip_dag to 2024-06-15T10:17:58.923000+00:00, run_after=2024-06-16T10:17:58.923000+00:00
[2024-06-16 10:17:58,940] {processor.py:161} INFO - Processing /home/airflow/.local/lib/python3.7/site-packages/airflow/example_dags/example_skip_dag.py took 0.087 seconds
[2024-06-16 10:18:29,766] {processor.py:153} INFO - Started process (PID=1427) to work on /home/airflow/.local/lib/python3.7/site-packages/airflow/example_dags/example_skip_dag.py
[2024-06-16 10:18:29,767] {processor.py:641} INFO - Processing file /home/airflow/.local/lib/python3.7/site-packages/airflow/example_dags/example_skip_dag.py for tasks to queue
[2024-06-16 10:18:29,768] {logging_mixin.py:115} INFO - [2024-06-16 10:18:29,768] {dagbag.py:507} INFO - Filling up the DagBag from /home/airflow/.local/lib/python3.7/site-packages/airflow/example_dags/example_skip_dag.py
[2024-06-16 10:18:29,787] {processor.py:651} INFO - DAG(s) dict_keys(['example_skip_dag']) retrieved from /home/airflow/.local/lib/python3.7/site-packages/airflow/example_dags/example_skip_dag.py
[2024-06-16 10:18:29,854] {logging_mixin.py:115} INFO - [2024-06-16 10:18:29,853] {dag.py:2371} INFO - Sync 1 DAGs
[2024-06-16 10:18:29,919] {logging_mixin.py:115} INFO - [2024-06-16 10:18:29,919] {dag.py:2919} INFO - Setting next_dagrun for example_skip_dag to 2024-06-15T10:18:29.918877+00:00, run_after=2024-06-16T10:18:29.918877+00:00
[2024-06-16 10:18:29,971] {processor.py:161} INFO - Processing /home/airflow/.local/lib/python3.7/site-packages/airflow/example_dags/example_skip_dag.py took 0.208 seconds
[2024-06-16 10:19:00,691] {processor.py:153} INFO - Started process (PID=1483) to work on /home/airflow/.local/lib/python3.7/site-packages/airflow/example_dags/example_skip_dag.py
[2024-06-16 10:19:00,692] {processor.py:641} INFO - Processing file /home/airflow/.local/lib/python3.7/site-packages/airflow/example_dags/example_skip_dag.py for tasks to queue
[2024-06-16 10:19:00,693] {logging_mixin.py:115} INFO - [2024-06-16 10:19:00,693] {dagbag.py:507} INFO - Filling up the DagBag from /home/airflow/.local/lib/python3.7/site-packages/airflow/example_dags/example_skip_dag.py
[2024-06-16 10:19:00,699] {processor.py:651} INFO - DAG(s) dict_keys(['example_skip_dag']) retrieved from /home/airflow/.local/lib/python3.7/site-packages/airflow/example_dags/example_skip_dag.py
[2024-06-16 10:19:00,734] {logging_mixin.py:115} INFO - [2024-06-16 10:19:00,734] {dag.py:2371} INFO - Sync 1 DAGs
[2024-06-16 10:19:00,759] {logging_mixin.py:115} INFO - [2024-06-16 10:19:00,759] {dag.py:2919} INFO - Setting next_dagrun for example_skip_dag to 2024-06-15T10:19:00.758892+00:00, run_after=2024-06-16T10:19:00.758892+00:00
[2024-06-16 10:19:00,779] {processor.py:161} INFO - Processing /home/airflow/.local/lib/python3.7/site-packages/airflow/example_dags/example_skip_dag.py took 0.091 seconds
[2024-06-16 11:03:51,698] {processor.py:153} INFO - Started process (PID=51) to work on /home/airflow/.local/lib/python3.7/site-packages/airflow/example_dags/example_skip_dag.py
[2024-06-16 11:03:51,700] {processor.py:641} INFO - Processing file /home/airflow/.local/lib/python3.7/site-packages/airflow/example_dags/example_skip_dag.py for tasks to queue
[2024-06-16 11:03:51,700] {logging_mixin.py:115} INFO - [2024-06-16 11:03:51,700] {dagbag.py:507} INFO - Filling up the DagBag from /home/airflow/.local/lib/python3.7/site-packages/airflow/example_dags/example_skip_dag.py
[2024-06-16 11:03:51,709] {processor.py:651} INFO - DAG(s) dict_keys(['example_skip_dag']) retrieved from /home/airflow/.local/lib/python3.7/site-packages/airflow/example_dags/example_skip_dag.py
[2024-06-16 11:03:51,747] {logging_mixin.py:115} INFO - [2024-06-16 11:03:51,747] {dag.py:2371} INFO - Sync 1 DAGs
[2024-06-16 11:03:51,972] {logging_mixin.py:115} INFO - [2024-06-16 11:03:51,972] {dag.py:2919} INFO - Setting next_dagrun for example_skip_dag to 2024-06-15T11:03:51.972242+00:00, run_after=2024-06-16T11:03:51.972242+00:00
[2024-06-16 11:03:51,990] {processor.py:161} INFO - Processing /home/airflow/.local/lib/python3.7/site-packages/airflow/example_dags/example_skip_dag.py took 0.296 seconds
[2024-06-16 11:04:22,234] {processor.py:153} INFO - Started process (PID=115) to work on /home/airflow/.local/lib/python3.7/site-packages/airflow/example_dags/example_skip_dag.py
[2024-06-16 11:04:22,235] {processor.py:641} INFO - Processing file /home/airflow/.local/lib/python3.7/site-packages/airflow/example_dags/example_skip_dag.py for tasks to queue
[2024-06-16 11:04:22,236] {logging_mixin.py:115} INFO - [2024-06-16 11:04:22,236] {dagbag.py:507} INFO - Filling up the DagBag from /home/airflow/.local/lib/python3.7/site-packages/airflow/example_dags/example_skip_dag.py
[2024-06-16 11:04:22,242] {processor.py:651} INFO - DAG(s) dict_keys(['example_skip_dag']) retrieved from /home/airflow/.local/lib/python3.7/site-packages/airflow/example_dags/example_skip_dag.py
[2024-06-16 11:04:22,273] {logging_mixin.py:115} INFO - [2024-06-16 11:04:22,273] {dag.py:2371} INFO - Sync 1 DAGs
[2024-06-16 11:04:22,458] {logging_mixin.py:115} INFO - [2024-06-16 11:04:22,458] {dag.py:2919} INFO - Setting next_dagrun for example_skip_dag to 2024-06-15T11:04:22.458141+00:00, run_after=2024-06-16T11:04:22.458141+00:00
[2024-06-16 11:04:22,476] {processor.py:161} INFO - Processing /home/airflow/.local/lib/python3.7/site-packages/airflow/example_dags/example_skip_dag.py took 0.246 seconds
[2024-06-16 11:04:52,691] {processor.py:153} INFO - Started process (PID=169) to work on /home/airflow/.local/lib/python3.7/site-packages/airflow/example_dags/example_skip_dag.py
[2024-06-16 11:04:52,692] {processor.py:641} INFO - Processing file /home/airflow/.local/lib/python3.7/site-packages/airflow/example_dags/example_skip_dag.py for tasks to queue
[2024-06-16 11:04:52,692] {logging_mixin.py:115} INFO - [2024-06-16 11:04:52,692] {dagbag.py:507} INFO - Filling up the DagBag from /home/airflow/.local/lib/python3.7/site-packages/airflow/example_dags/example_skip_dag.py
[2024-06-16 11:04:52,702] {processor.py:651} INFO - DAG(s) dict_keys(['example_skip_dag']) retrieved from /home/airflow/.local/lib/python3.7/site-packages/airflow/example_dags/example_skip_dag.py
[2024-06-16 11:04:52,741] {logging_mixin.py:115} INFO - [2024-06-16 11:04:52,741] {dag.py:2371} INFO - Sync 1 DAGs
[2024-06-16 11:04:52,925] {logging_mixin.py:115} INFO - [2024-06-16 11:04:52,925] {dag.py:2919} INFO - Setting next_dagrun for example_skip_dag to 2024-06-15T11:04:52.925383+00:00, run_after=2024-06-16T11:04:52.925383+00:00
[2024-06-16 11:04:52,941] {processor.py:161} INFO - Processing /home/airflow/.local/lib/python3.7/site-packages/airflow/example_dags/example_skip_dag.py took 0.254 seconds
[2024-06-16 11:05:50,115] {processor.py:153} INFO - Started process (PID=232) to work on /home/airflow/.local/lib/python3.7/site-packages/airflow/example_dags/example_skip_dag.py
[2024-06-16 11:05:50,422] {processor.py:641} INFO - Processing file /home/airflow/.local/lib/python3.7/site-packages/airflow/example_dags/example_skip_dag.py for tasks to queue
[2024-06-16 11:05:50,581] {logging_mixin.py:115} INFO - [2024-06-16 11:05:50,581] {dagbag.py:507} INFO - Filling up the DagBag from /home/airflow/.local/lib/python3.7/site-packages/airflow/example_dags/example_skip_dag.py
[2024-06-16 11:05:50,667] {processor.py:651} INFO - DAG(s) dict_keys(['example_skip_dag']) retrieved from /home/airflow/.local/lib/python3.7/site-packages/airflow/example_dags/example_skip_dag.py
[2024-06-16 11:05:50,870] {logging_mixin.py:115} INFO - [2024-06-16 11:05:50,869] {dag.py:2371} INFO - Sync 1 DAGs
[2024-06-16 11:05:51,346] {logging_mixin.py:115} INFO - [2024-06-16 11:05:51,346] {dag.py:2919} INFO - Setting next_dagrun for example_skip_dag to 2024-06-15T11:05:51.345927+00:00, run_after=2024-06-16T11:05:51.345927+00:00
[2024-06-16 11:05:51,529] {processor.py:161} INFO - Processing /home/airflow/.local/lib/python3.7/site-packages/airflow/example_dags/example_skip_dag.py took 1.417 seconds
[2024-06-16 11:06:23,016] {processor.py:153} INFO - Started process (PID=294) to work on /home/airflow/.local/lib/python3.7/site-packages/airflow/example_dags/example_skip_dag.py
[2024-06-16 11:06:23,017] {processor.py:641} INFO - Processing file /home/airflow/.local/lib/python3.7/site-packages/airflow/example_dags/example_skip_dag.py for tasks to queue
[2024-06-16 11:06:23,017] {logging_mixin.py:115} INFO - [2024-06-16 11:06:23,017] {dagbag.py:507} INFO - Filling up the DagBag from /home/airflow/.local/lib/python3.7/site-packages/airflow/example_dags/example_skip_dag.py
[2024-06-16 11:06:23,025] {processor.py:651} INFO - DAG(s) dict_keys(['example_skip_dag']) retrieved from /home/airflow/.local/lib/python3.7/site-packages/airflow/example_dags/example_skip_dag.py
[2024-06-16 11:06:23,058] {logging_mixin.py:115} INFO - [2024-06-16 11:06:23,058] {dag.py:2371} INFO - Sync 1 DAGs
[2024-06-16 11:06:23,240] {logging_mixin.py:115} INFO - [2024-06-16 11:06:23,240] {dag.py:2919} INFO - Setting next_dagrun for example_skip_dag to 2024-06-15T11:06:23.240587+00:00, run_after=2024-06-16T11:06:23.240587+00:00
[2024-06-16 11:06:23,255] {processor.py:161} INFO - Processing /home/airflow/.local/lib/python3.7/site-packages/airflow/example_dags/example_skip_dag.py took 0.243 seconds
[2024-06-16 11:06:55,349] {processor.py:153} INFO - Started process (PID=347) to work on /home/airflow/.local/lib/python3.7/site-packages/airflow/example_dags/example_skip_dag.py
[2024-06-16 11:06:55,395] {processor.py:641} INFO - Processing file /home/airflow/.local/lib/python3.7/site-packages/airflow/example_dags/example_skip_dag.py for tasks to queue
[2024-06-16 11:06:55,558] {logging_mixin.py:115} INFO - [2024-06-16 11:06:55,558] {dagbag.py:507} INFO - Filling up the DagBag from /home/airflow/.local/lib/python3.7/site-packages/airflow/example_dags/example_skip_dag.py
[2024-06-16 11:06:55,664] {processor.py:651} INFO - DAG(s) dict_keys(['example_skip_dag']) retrieved from /home/airflow/.local/lib/python3.7/site-packages/airflow/example_dags/example_skip_dag.py
[2024-06-16 11:06:55,861] {logging_mixin.py:115} INFO - [2024-06-16 11:06:55,861] {dag.py:2371} INFO - Sync 1 DAGs
[2024-06-16 11:06:56,809] {logging_mixin.py:115} INFO - [2024-06-16 11:06:56,808] {dag.py:2919} INFO - Setting next_dagrun for example_skip_dag to 2024-06-15T11:06:56.808660+00:00, run_after=2024-06-16T11:06:56.808660+00:00
[2024-06-16 11:06:56,948] {processor.py:161} INFO - Processing /home/airflow/.local/lib/python3.7/site-packages/airflow/example_dags/example_skip_dag.py took 1.603 seconds
[2024-06-16 11:07:27,618] {processor.py:153} INFO - Started process (PID=407) to work on /home/airflow/.local/lib/python3.7/site-packages/airflow/example_dags/example_skip_dag.py
[2024-06-16 11:07:27,619] {processor.py:641} INFO - Processing file /home/airflow/.local/lib/python3.7/site-packages/airflow/example_dags/example_skip_dag.py for tasks to queue
[2024-06-16 11:07:27,620] {logging_mixin.py:115} INFO - [2024-06-16 11:07:27,620] {dagbag.py:507} INFO - Filling up the DagBag from /home/airflow/.local/lib/python3.7/site-packages/airflow/example_dags/example_skip_dag.py
[2024-06-16 11:07:27,639] {processor.py:651} INFO - DAG(s) dict_keys(['example_skip_dag']) retrieved from /home/airflow/.local/lib/python3.7/site-packages/airflow/example_dags/example_skip_dag.py
[2024-06-16 11:07:27,744] {logging_mixin.py:115} INFO - [2024-06-16 11:07:27,744] {dag.py:2371} INFO - Sync 1 DAGs
[2024-06-16 11:07:28,285] {logging_mixin.py:115} INFO - [2024-06-16 11:07:28,285] {dag.py:2919} INFO - Setting next_dagrun for example_skip_dag to 2024-06-15T11:07:28.285476+00:00, run_after=2024-06-16T11:07:28.285476+00:00
[2024-06-16 11:07:28,461] {processor.py:161} INFO - Processing /home/airflow/.local/lib/python3.7/site-packages/airflow/example_dags/example_skip_dag.py took 0.849 seconds
[2024-06-16 11:10:47,607] {processor.py:153} INFO - Started process (PID=69) to work on /home/airflow/.local/lib/python3.7/site-packages/airflow/example_dags/example_skip_dag.py
[2024-06-16 11:10:47,608] {processor.py:641} INFO - Processing file /home/airflow/.local/lib/python3.7/site-packages/airflow/example_dags/example_skip_dag.py for tasks to queue
[2024-06-16 11:10:47,614] {logging_mixin.py:115} INFO - [2024-06-16 11:10:47,614] {dagbag.py:507} INFO - Filling up the DagBag from /home/airflow/.local/lib/python3.7/site-packages/airflow/example_dags/example_skip_dag.py
[2024-06-16 11:10:47,627] {processor.py:651} INFO - DAG(s) dict_keys(['example_skip_dag']) retrieved from /home/airflow/.local/lib/python3.7/site-packages/airflow/example_dags/example_skip_dag.py
[2024-06-16 11:10:47,679] {logging_mixin.py:115} INFO - [2024-06-16 11:10:47,679] {dag.py:2371} INFO - Sync 1 DAGs
[2024-06-16 11:10:48,291] {logging_mixin.py:115} INFO - [2024-06-16 11:10:48,291] {dag.py:2919} INFO - Setting next_dagrun for example_skip_dag to 2024-06-15T11:10:48.291636+00:00, run_after=2024-06-16T11:10:48.291636+00:00
[2024-06-16 11:10:48,423] {processor.py:161} INFO - Processing /home/airflow/.local/lib/python3.7/site-packages/airflow/example_dags/example_skip_dag.py took 0.846 seconds
[2024-06-16 11:11:18,947] {processor.py:153} INFO - Started process (PID=124) to work on /home/airflow/.local/lib/python3.7/site-packages/airflow/example_dags/example_skip_dag.py
[2024-06-16 11:11:18,949] {processor.py:641} INFO - Processing file /home/airflow/.local/lib/python3.7/site-packages/airflow/example_dags/example_skip_dag.py for tasks to queue
[2024-06-16 11:11:18,950] {logging_mixin.py:115} INFO - [2024-06-16 11:11:18,950] {dagbag.py:507} INFO - Filling up the DagBag from /home/airflow/.local/lib/python3.7/site-packages/airflow/example_dags/example_skip_dag.py
[2024-06-16 11:11:18,959] {processor.py:651} INFO - DAG(s) dict_keys(['example_skip_dag']) retrieved from /home/airflow/.local/lib/python3.7/site-packages/airflow/example_dags/example_skip_dag.py
[2024-06-16 11:11:19,007] {logging_mixin.py:115} INFO - [2024-06-16 11:11:19,007] {dag.py:2371} INFO - Sync 1 DAGs
[2024-06-16 11:11:19,409] {logging_mixin.py:115} INFO - [2024-06-16 11:11:19,409] {dag.py:2919} INFO - Setting next_dagrun for example_skip_dag to 2024-06-15T11:11:19.409118+00:00, run_after=2024-06-16T11:11:19.409118+00:00
[2024-06-16 11:11:19,447] {processor.py:161} INFO - Processing /home/airflow/.local/lib/python3.7/site-packages/airflow/example_dags/example_skip_dag.py took 0.504 seconds
[2024-06-16 11:11:49,541] {processor.py:153} INFO - Started process (PID=189) to work on /home/airflow/.local/lib/python3.7/site-packages/airflow/example_dags/example_skip_dag.py
[2024-06-16 11:11:49,542] {processor.py:641} INFO - Processing file /home/airflow/.local/lib/python3.7/site-packages/airflow/example_dags/example_skip_dag.py for tasks to queue
[2024-06-16 11:11:49,543] {logging_mixin.py:115} INFO - [2024-06-16 11:11:49,543] {dagbag.py:507} INFO - Filling up the DagBag from /home/airflow/.local/lib/python3.7/site-packages/airflow/example_dags/example_skip_dag.py
[2024-06-16 11:11:49,549] {processor.py:651} INFO - DAG(s) dict_keys(['example_skip_dag']) retrieved from /home/airflow/.local/lib/python3.7/site-packages/airflow/example_dags/example_skip_dag.py
[2024-06-16 11:11:49,580] {logging_mixin.py:115} INFO - [2024-06-16 11:11:49,580] {dag.py:2371} INFO - Sync 1 DAGs
[2024-06-16 11:11:49,727] {logging_mixin.py:115} INFO - [2024-06-16 11:11:49,727] {dag.py:2919} INFO - Setting next_dagrun for example_skip_dag to 2024-06-15T11:11:49.727569+00:00, run_after=2024-06-16T11:11:49.727569+00:00
[2024-06-16 11:11:49,742] {processor.py:161} INFO - Processing /home/airflow/.local/lib/python3.7/site-packages/airflow/example_dags/example_skip_dag.py took 0.206 seconds
[2024-06-16 11:12:20,178] {processor.py:153} INFO - Started process (PID=243) to work on /home/airflow/.local/lib/python3.7/site-packages/airflow/example_dags/example_skip_dag.py
[2024-06-16 11:12:20,179] {processor.py:641} INFO - Processing file /home/airflow/.local/lib/python3.7/site-packages/airflow/example_dags/example_skip_dag.py for tasks to queue
[2024-06-16 11:12:20,180] {logging_mixin.py:115} INFO - [2024-06-16 11:12:20,180] {dagbag.py:507} INFO - Filling up the DagBag from /home/airflow/.local/lib/python3.7/site-packages/airflow/example_dags/example_skip_dag.py
[2024-06-16 11:12:20,186] {processor.py:651} INFO - DAG(s) dict_keys(['example_skip_dag']) retrieved from /home/airflow/.local/lib/python3.7/site-packages/airflow/example_dags/example_skip_dag.py
[2024-06-16 11:12:20,220] {logging_mixin.py:115} INFO - [2024-06-16 11:12:20,220] {dag.py:2371} INFO - Sync 1 DAGs
[2024-06-16 11:12:20,389] {logging_mixin.py:115} INFO - [2024-06-16 11:12:20,389] {dag.py:2919} INFO - Setting next_dagrun for example_skip_dag to 2024-06-15T11:12:20.389549+00:00, run_after=2024-06-16T11:12:20.389549+00:00
[2024-06-16 11:12:20,405] {processor.py:161} INFO - Processing /home/airflow/.local/lib/python3.7/site-packages/airflow/example_dags/example_skip_dag.py took 0.231 seconds
[2024-06-16 11:16:12,574] {processor.py:153} INFO - Started process (PID=51) to work on /home/airflow/.local/lib/python3.7/site-packages/airflow/example_dags/example_skip_dag.py
[2024-06-16 11:16:12,581] {processor.py:641} INFO - Processing file /home/airflow/.local/lib/python3.7/site-packages/airflow/example_dags/example_skip_dag.py for tasks to queue
[2024-06-16 11:16:12,582] {logging_mixin.py:115} INFO - [2024-06-16 11:16:12,582] {dagbag.py:507} INFO - Filling up the DagBag from /home/airflow/.local/lib/python3.7/site-packages/airflow/example_dags/example_skip_dag.py
[2024-06-16 11:16:12,615] {processor.py:651} INFO - DAG(s) dict_keys(['example_skip_dag']) retrieved from /home/airflow/.local/lib/python3.7/site-packages/airflow/example_dags/example_skip_dag.py
[2024-06-16 11:16:12,719] {logging_mixin.py:115} INFO - [2024-06-16 11:16:12,719] {dag.py:2371} INFO - Sync 1 DAGs
[2024-06-16 11:16:13,077] {logging_mixin.py:115} INFO - [2024-06-16 11:16:13,077] {dag.py:2919} INFO - Setting next_dagrun for example_skip_dag to 2024-06-15T11:16:13.076858+00:00, run_after=2024-06-16T11:16:13.076858+00:00
[2024-06-16 11:16:13,110] {processor.py:161} INFO - Processing /home/airflow/.local/lib/python3.7/site-packages/airflow/example_dags/example_skip_dag.py took 0.541 seconds
[2024-06-16 11:16:43,263] {processor.py:153} INFO - Started process (PID=114) to work on /home/airflow/.local/lib/python3.7/site-packages/airflow/example_dags/example_skip_dag.py
[2024-06-16 11:16:43,264] {processor.py:641} INFO - Processing file /home/airflow/.local/lib/python3.7/site-packages/airflow/example_dags/example_skip_dag.py for tasks to queue
[2024-06-16 11:16:43,265] {logging_mixin.py:115} INFO - [2024-06-16 11:16:43,265] {dagbag.py:507} INFO - Filling up the DagBag from /home/airflow/.local/lib/python3.7/site-packages/airflow/example_dags/example_skip_dag.py
[2024-06-16 11:16:43,273] {processor.py:651} INFO - DAG(s) dict_keys(['example_skip_dag']) retrieved from /home/airflow/.local/lib/python3.7/site-packages/airflow/example_dags/example_skip_dag.py
[2024-06-16 11:16:43,309] {logging_mixin.py:115} INFO - [2024-06-16 11:16:43,308] {dag.py:2371} INFO - Sync 1 DAGs
[2024-06-16 11:16:43,498] {logging_mixin.py:115} INFO - [2024-06-16 11:16:43,498] {dag.py:2919} INFO - Setting next_dagrun for example_skip_dag to 2024-06-15T11:16:43.498198+00:00, run_after=2024-06-16T11:16:43.498198+00:00
[2024-06-16 11:16:43,516] {processor.py:161} INFO - Processing /home/airflow/.local/lib/python3.7/site-packages/airflow/example_dags/example_skip_dag.py took 0.255 seconds
[2024-06-16 11:17:13,843] {processor.py:153} INFO - Started process (PID=168) to work on /home/airflow/.local/lib/python3.7/site-packages/airflow/example_dags/example_skip_dag.py
[2024-06-16 11:17:13,844] {processor.py:641} INFO - Processing file /home/airflow/.local/lib/python3.7/site-packages/airflow/example_dags/example_skip_dag.py for tasks to queue
[2024-06-16 11:17:13,844] {logging_mixin.py:115} INFO - [2024-06-16 11:17:13,844] {dagbag.py:507} INFO - Filling up the DagBag from /home/airflow/.local/lib/python3.7/site-packages/airflow/example_dags/example_skip_dag.py
[2024-06-16 11:17:13,851] {processor.py:651} INFO - DAG(s) dict_keys(['example_skip_dag']) retrieved from /home/airflow/.local/lib/python3.7/site-packages/airflow/example_dags/example_skip_dag.py
[2024-06-16 11:17:13,890] {logging_mixin.py:115} INFO - [2024-06-16 11:17:13,890] {dag.py:2371} INFO - Sync 1 DAGs
[2024-06-16 11:17:14,094] {logging_mixin.py:115} INFO - [2024-06-16 11:17:14,094] {dag.py:2919} INFO - Setting next_dagrun for example_skip_dag to 2024-06-15T11:17:14.094101+00:00, run_after=2024-06-16T11:17:14.094101+00:00
[2024-06-16 11:17:14,110] {processor.py:161} INFO - Processing /home/airflow/.local/lib/python3.7/site-packages/airflow/example_dags/example_skip_dag.py took 0.271 seconds
[2024-06-16 11:17:45,147] {processor.py:153} INFO - Started process (PID=231) to work on /home/airflow/.local/lib/python3.7/site-packages/airflow/example_dags/example_skip_dag.py
[2024-06-16 11:17:45,148] {processor.py:641} INFO - Processing file /home/airflow/.local/lib/python3.7/site-packages/airflow/example_dags/example_skip_dag.py for tasks to queue
[2024-06-16 11:17:45,149] {logging_mixin.py:115} INFO - [2024-06-16 11:17:45,149] {dagbag.py:507} INFO - Filling up the DagBag from /home/airflow/.local/lib/python3.7/site-packages/airflow/example_dags/example_skip_dag.py
[2024-06-16 11:17:45,155] {processor.py:651} INFO - DAG(s) dict_keys(['example_skip_dag']) retrieved from /home/airflow/.local/lib/python3.7/site-packages/airflow/example_dags/example_skip_dag.py
[2024-06-16 11:17:45,186] {logging_mixin.py:115} INFO - [2024-06-16 11:17:45,186] {dag.py:2371} INFO - Sync 1 DAGs
[2024-06-16 11:17:45,371] {logging_mixin.py:115} INFO - [2024-06-16 11:17:45,371] {dag.py:2919} INFO - Setting next_dagrun for example_skip_dag to 2024-06-15T11:17:45.370967+00:00, run_after=2024-06-16T11:17:45.370967+00:00
[2024-06-16 11:17:45,387] {processor.py:161} INFO - Processing /home/airflow/.local/lib/python3.7/site-packages/airflow/example_dags/example_skip_dag.py took 0.244 seconds
[2024-06-16 11:18:15,710] {processor.py:153} INFO - Started process (PID=285) to work on /home/airflow/.local/lib/python3.7/site-packages/airflow/example_dags/example_skip_dag.py
[2024-06-16 11:18:15,711] {processor.py:641} INFO - Processing file /home/airflow/.local/lib/python3.7/site-packages/airflow/example_dags/example_skip_dag.py for tasks to queue
[2024-06-16 11:18:15,711] {logging_mixin.py:115} INFO - [2024-06-16 11:18:15,711] {dagbag.py:507} INFO - Filling up the DagBag from /home/airflow/.local/lib/python3.7/site-packages/airflow/example_dags/example_skip_dag.py
[2024-06-16 11:18:15,718] {processor.py:651} INFO - DAG(s) dict_keys(['example_skip_dag']) retrieved from /home/airflow/.local/lib/python3.7/site-packages/airflow/example_dags/example_skip_dag.py
[2024-06-16 11:18:15,752] {logging_mixin.py:115} INFO - [2024-06-16 11:18:15,752] {dag.py:2371} INFO - Sync 1 DAGs
[2024-06-16 11:18:15,976] {logging_mixin.py:115} INFO - [2024-06-16 11:18:15,976] {dag.py:2919} INFO - Setting next_dagrun for example_skip_dag to 2024-06-15T11:18:15.975870+00:00, run_after=2024-06-16T11:18:15.975870+00:00
[2024-06-16 11:18:15,999] {processor.py:161} INFO - Processing /home/airflow/.local/lib/python3.7/site-packages/airflow/example_dags/example_skip_dag.py took 0.293 seconds
[2024-06-16 11:18:46,331] {processor.py:153} INFO - Started process (PID=346) to work on /home/airflow/.local/lib/python3.7/site-packages/airflow/example_dags/example_skip_dag.py
[2024-06-16 11:18:46,332] {processor.py:641} INFO - Processing file /home/airflow/.local/lib/python3.7/site-packages/airflow/example_dags/example_skip_dag.py for tasks to queue
[2024-06-16 11:18:46,333] {logging_mixin.py:115} INFO - [2024-06-16 11:18:46,332] {dagbag.py:507} INFO - Filling up the DagBag from /home/airflow/.local/lib/python3.7/site-packages/airflow/example_dags/example_skip_dag.py
[2024-06-16 11:18:46,338] {processor.py:651} INFO - DAG(s) dict_keys(['example_skip_dag']) retrieved from /home/airflow/.local/lib/python3.7/site-packages/airflow/example_dags/example_skip_dag.py
[2024-06-16 11:18:46,370] {logging_mixin.py:115} INFO - [2024-06-16 11:18:46,370] {dag.py:2371} INFO - Sync 1 DAGs
[2024-06-16 11:18:46,553] {logging_mixin.py:115} INFO - [2024-06-16 11:18:46,553] {dag.py:2919} INFO - Setting next_dagrun for example_skip_dag to 2024-06-15T11:18:46.553341+00:00, run_after=2024-06-16T11:18:46.553341+00:00
[2024-06-16 11:18:46,572] {processor.py:161} INFO - Processing /home/airflow/.local/lib/python3.7/site-packages/airflow/example_dags/example_skip_dag.py took 0.244 seconds
[2024-06-16 11:19:17,075] {processor.py:153} INFO - Started process (PID=409) to work on /home/airflow/.local/lib/python3.7/site-packages/airflow/example_dags/example_skip_dag.py
[2024-06-16 11:19:17,076] {processor.py:641} INFO - Processing file /home/airflow/.local/lib/python3.7/site-packages/airflow/example_dags/example_skip_dag.py for tasks to queue
[2024-06-16 11:19:17,077] {logging_mixin.py:115} INFO - [2024-06-16 11:19:17,077] {dagbag.py:507} INFO - Filling up the DagBag from /home/airflow/.local/lib/python3.7/site-packages/airflow/example_dags/example_skip_dag.py
[2024-06-16 11:19:17,083] {processor.py:651} INFO - DAG(s) dict_keys(['example_skip_dag']) retrieved from /home/airflow/.local/lib/python3.7/site-packages/airflow/example_dags/example_skip_dag.py
[2024-06-16 11:19:17,125] {logging_mixin.py:115} INFO - [2024-06-16 11:19:17,125] {dag.py:2371} INFO - Sync 1 DAGs
[2024-06-16 11:19:17,308] {logging_mixin.py:115} INFO - [2024-06-16 11:19:17,308] {dag.py:2919} INFO - Setting next_dagrun for example_skip_dag to 2024-06-15T11:19:17.308400+00:00, run_after=2024-06-16T11:19:17.308400+00:00
[2024-06-16 11:19:17,323] {processor.py:161} INFO - Processing /home/airflow/.local/lib/python3.7/site-packages/airflow/example_dags/example_skip_dag.py took 0.253 seconds
[2024-06-16 11:19:47,462] {processor.py:153} INFO - Started process (PID=463) to work on /home/airflow/.local/lib/python3.7/site-packages/airflow/example_dags/example_skip_dag.py
[2024-06-16 11:19:47,463] {processor.py:641} INFO - Processing file /home/airflow/.local/lib/python3.7/site-packages/airflow/example_dags/example_skip_dag.py for tasks to queue
[2024-06-16 11:19:47,463] {logging_mixin.py:115} INFO - [2024-06-16 11:19:47,463] {dagbag.py:507} INFO - Filling up the DagBag from /home/airflow/.local/lib/python3.7/site-packages/airflow/example_dags/example_skip_dag.py
[2024-06-16 11:19:47,470] {processor.py:651} INFO - DAG(s) dict_keys(['example_skip_dag']) retrieved from /home/airflow/.local/lib/python3.7/site-packages/airflow/example_dags/example_skip_dag.py
[2024-06-16 11:19:47,504] {logging_mixin.py:115} INFO - [2024-06-16 11:19:47,504] {dag.py:2371} INFO - Sync 1 DAGs
[2024-06-16 11:19:47,667] {logging_mixin.py:115} INFO - [2024-06-16 11:19:47,667] {dag.py:2919} INFO - Setting next_dagrun for example_skip_dag to 2024-06-15T11:19:47.667251+00:00, run_after=2024-06-16T11:19:47.667251+00:00
[2024-06-16 11:19:47,684] {processor.py:161} INFO - Processing /home/airflow/.local/lib/python3.7/site-packages/airflow/example_dags/example_skip_dag.py took 0.225 seconds
[2024-06-16 11:20:17,871] {processor.py:153} INFO - Started process (PID=526) to work on /home/airflow/.local/lib/python3.7/site-packages/airflow/example_dags/example_skip_dag.py
[2024-06-16 11:20:17,872] {processor.py:641} INFO - Processing file /home/airflow/.local/lib/python3.7/site-packages/airflow/example_dags/example_skip_dag.py for tasks to queue
[2024-06-16 11:20:17,873] {logging_mixin.py:115} INFO - [2024-06-16 11:20:17,873] {dagbag.py:507} INFO - Filling up the DagBag from /home/airflow/.local/lib/python3.7/site-packages/airflow/example_dags/example_skip_dag.py
[2024-06-16 11:20:17,880] {processor.py:651} INFO - DAG(s) dict_keys(['example_skip_dag']) retrieved from /home/airflow/.local/lib/python3.7/site-packages/airflow/example_dags/example_skip_dag.py
[2024-06-16 11:20:17,912] {logging_mixin.py:115} INFO - [2024-06-16 11:20:17,912] {dag.py:2371} INFO - Sync 1 DAGs
[2024-06-16 11:20:18,073] {logging_mixin.py:115} INFO - [2024-06-16 11:20:18,073] {dag.py:2919} INFO - Setting next_dagrun for example_skip_dag to 2024-06-15T11:20:18.073036+00:00, run_after=2024-06-16T11:20:18.073036+00:00
[2024-06-16 11:20:18,093] {processor.py:161} INFO - Processing /home/airflow/.local/lib/python3.7/site-packages/airflow/example_dags/example_skip_dag.py took 0.226 seconds
[2024-06-16 11:20:48,383] {processor.py:153} INFO - Started process (PID=580) to work on /home/airflow/.local/lib/python3.7/site-packages/airflow/example_dags/example_skip_dag.py
[2024-06-16 11:20:48,385] {processor.py:641} INFO - Processing file /home/airflow/.local/lib/python3.7/site-packages/airflow/example_dags/example_skip_dag.py for tasks to queue
[2024-06-16 11:20:48,385] {logging_mixin.py:115} INFO - [2024-06-16 11:20:48,385] {dagbag.py:507} INFO - Filling up the DagBag from /home/airflow/.local/lib/python3.7/site-packages/airflow/example_dags/example_skip_dag.py
[2024-06-16 11:20:48,391] {processor.py:651} INFO - DAG(s) dict_keys(['example_skip_dag']) retrieved from /home/airflow/.local/lib/python3.7/site-packages/airflow/example_dags/example_skip_dag.py
[2024-06-16 11:20:48,426] {logging_mixin.py:115} INFO - [2024-06-16 11:20:48,426] {dag.py:2371} INFO - Sync 1 DAGs
[2024-06-16 11:20:48,604] {logging_mixin.py:115} INFO - [2024-06-16 11:20:48,604] {dag.py:2919} INFO - Setting next_dagrun for example_skip_dag to 2024-06-15T11:20:48.603792+00:00, run_after=2024-06-16T11:20:48.603792+00:00
[2024-06-16 11:20:48,656] {processor.py:161} INFO - Processing /home/airflow/.local/lib/python3.7/site-packages/airflow/example_dags/example_skip_dag.py took 0.277 seconds
[2024-06-16 11:21:18,776] {processor.py:153} INFO - Started process (PID=645) to work on /home/airflow/.local/lib/python3.7/site-packages/airflow/example_dags/example_skip_dag.py
[2024-06-16 11:21:18,777] {processor.py:641} INFO - Processing file /home/airflow/.local/lib/python3.7/site-packages/airflow/example_dags/example_skip_dag.py for tasks to queue
[2024-06-16 11:21:18,777] {logging_mixin.py:115} INFO - [2024-06-16 11:21:18,777] {dagbag.py:507} INFO - Filling up the DagBag from /home/airflow/.local/lib/python3.7/site-packages/airflow/example_dags/example_skip_dag.py
[2024-06-16 11:21:18,784] {processor.py:651} INFO - DAG(s) dict_keys(['example_skip_dag']) retrieved from /home/airflow/.local/lib/python3.7/site-packages/airflow/example_dags/example_skip_dag.py
[2024-06-16 11:21:18,818] {logging_mixin.py:115} INFO - [2024-06-16 11:21:18,818] {dag.py:2371} INFO - Sync 1 DAGs
[2024-06-16 11:21:18,982] {logging_mixin.py:115} INFO - [2024-06-16 11:21:18,981] {dag.py:2919} INFO - Setting next_dagrun for example_skip_dag to 2024-06-15T11:21:18.981698+00:00, run_after=2024-06-16T11:21:18.981698+00:00
[2024-06-16 11:21:19,002] {processor.py:161} INFO - Processing /home/airflow/.local/lib/python3.7/site-packages/airflow/example_dags/example_skip_dag.py took 0.230 seconds
