[2024-06-16 10:06:45,632] {processor.py:153} INFO - Started process (PID=70) to work on /home/airflow/.local/lib/python3.7/site-packages/airflow/example_dags/example_branch_operator.py
[2024-06-16 10:06:45,633] {processor.py:641} INFO - Processing file /home/airflow/.local/lib/python3.7/site-packages/airflow/example_dags/example_branch_operator.py for tasks to queue
[2024-06-16 10:06:45,633] {logging_mixin.py:115} INFO - [2024-06-16 10:06:45,633] {dagbag.py:507} INFO - Filling up the DagBag from /home/airflow/.local/lib/python3.7/site-packages/airflow/example_dags/example_branch_operator.py
[2024-06-16 10:06:45,645] {processor.py:651} INFO - DAG(s) dict_keys(['example_branch_operator']) retrieved from /home/airflow/.local/lib/python3.7/site-packages/airflow/example_dags/example_branch_operator.py
[2024-06-16 10:06:45,672] {logging_mixin.py:115} INFO - [2024-06-16 10:06:45,672] {dag.py:2371} INFO - Sync 1 DAGs
[2024-06-16 10:06:45,821] {logging_mixin.py:115} INFO - [2024-06-16 10:06:45,821] {dag.py:2919} INFO - Setting next_dagrun for example_branch_operator to 2024-06-15T00:00:00+00:00, run_after=2024-06-16T00:00:00+00:00
[2024-06-16 10:06:45,837] {processor.py:161} INFO - Processing /home/airflow/.local/lib/python3.7/site-packages/airflow/example_dags/example_branch_operator.py took 0.209 seconds
[2024-06-16 10:07:17,408] {processor.py:153} INFO - Started process (PID=133) to work on /home/airflow/.local/lib/python3.7/site-packages/airflow/example_dags/example_branch_operator.py
[2024-06-16 10:07:17,409] {processor.py:641} INFO - Processing file /home/airflow/.local/lib/python3.7/site-packages/airflow/example_dags/example_branch_operator.py for tasks to queue
[2024-06-16 10:07:17,410] {logging_mixin.py:115} INFO - [2024-06-16 10:07:17,410] {dagbag.py:507} INFO - Filling up the DagBag from /home/airflow/.local/lib/python3.7/site-packages/airflow/example_dags/example_branch_operator.py
[2024-06-16 10:07:17,422] {processor.py:651} INFO - DAG(s) dict_keys(['example_branch_operator']) retrieved from /home/airflow/.local/lib/python3.7/site-packages/airflow/example_dags/example_branch_operator.py
[2024-06-16 10:07:17,451] {logging_mixin.py:115} INFO - [2024-06-16 10:07:17,451] {dag.py:2371} INFO - Sync 1 DAGs
[2024-06-16 10:07:17,655] {logging_mixin.py:115} INFO - [2024-06-16 10:07:17,655] {dag.py:2919} INFO - Setting next_dagrun for example_branch_operator to 2024-06-15T00:00:00+00:00, run_after=2024-06-16T00:00:00+00:00
[2024-06-16 10:07:17,669] {processor.py:161} INFO - Processing /home/airflow/.local/lib/python3.7/site-packages/airflow/example_dags/example_branch_operator.py took 0.264 seconds
[2024-06-16 10:07:47,974] {processor.py:153} INFO - Started process (PID=197) to work on /home/airflow/.local/lib/python3.7/site-packages/airflow/example_dags/example_branch_operator.py
[2024-06-16 10:07:47,975] {processor.py:641} INFO - Processing file /home/airflow/.local/lib/python3.7/site-packages/airflow/example_dags/example_branch_operator.py for tasks to queue
[2024-06-16 10:07:47,976] {logging_mixin.py:115} INFO - [2024-06-16 10:07:47,976] {dagbag.py:507} INFO - Filling up the DagBag from /home/airflow/.local/lib/python3.7/site-packages/airflow/example_dags/example_branch_operator.py
[2024-06-16 10:07:47,988] {processor.py:651} INFO - DAG(s) dict_keys(['example_branch_operator']) retrieved from /home/airflow/.local/lib/python3.7/site-packages/airflow/example_dags/example_branch_operator.py
[2024-06-16 10:07:48,017] {logging_mixin.py:115} INFO - [2024-06-16 10:07:48,017] {dag.py:2371} INFO - Sync 1 DAGs
[2024-06-16 10:07:48,169] {logging_mixin.py:115} INFO - [2024-06-16 10:07:48,169] {dag.py:2919} INFO - Setting next_dagrun for example_branch_operator to 2024-06-15T00:00:00+00:00, run_after=2024-06-16T00:00:00+00:00
[2024-06-16 10:07:48,184] {processor.py:161} INFO - Processing /home/airflow/.local/lib/python3.7/site-packages/airflow/example_dags/example_branch_operator.py took 0.214 seconds
[2024-06-16 10:08:18,469] {processor.py:153} INFO - Started process (PID=251) to work on /home/airflow/.local/lib/python3.7/site-packages/airflow/example_dags/example_branch_operator.py
[2024-06-16 10:08:18,470] {processor.py:641} INFO - Processing file /home/airflow/.local/lib/python3.7/site-packages/airflow/example_dags/example_branch_operator.py for tasks to queue
[2024-06-16 10:08:18,471] {logging_mixin.py:115} INFO - [2024-06-16 10:08:18,471] {dagbag.py:507} INFO - Filling up the DagBag from /home/airflow/.local/lib/python3.7/site-packages/airflow/example_dags/example_branch_operator.py
[2024-06-16 10:08:18,484] {processor.py:651} INFO - DAG(s) dict_keys(['example_branch_operator']) retrieved from /home/airflow/.local/lib/python3.7/site-packages/airflow/example_dags/example_branch_operator.py
[2024-06-16 10:08:18,512] {logging_mixin.py:115} INFO - [2024-06-16 10:08:18,512] {dag.py:2371} INFO - Sync 1 DAGs
[2024-06-16 10:08:18,667] {logging_mixin.py:115} INFO - [2024-06-16 10:08:18,667] {dag.py:2919} INFO - Setting next_dagrun for example_branch_operator to 2024-06-15T00:00:00+00:00, run_after=2024-06-16T00:00:00+00:00
[2024-06-16 10:08:18,683] {processor.py:161} INFO - Processing /home/airflow/.local/lib/python3.7/site-packages/airflow/example_dags/example_branch_operator.py took 0.217 seconds
[2024-06-16 10:08:48,838] {processor.py:153} INFO - Started process (PID=313) to work on /home/airflow/.local/lib/python3.7/site-packages/airflow/example_dags/example_branch_operator.py
[2024-06-16 10:08:48,838] {processor.py:641} INFO - Processing file /home/airflow/.local/lib/python3.7/site-packages/airflow/example_dags/example_branch_operator.py for tasks to queue
[2024-06-16 10:08:48,839] {logging_mixin.py:115} INFO - [2024-06-16 10:08:48,839] {dagbag.py:507} INFO - Filling up the DagBag from /home/airflow/.local/lib/python3.7/site-packages/airflow/example_dags/example_branch_operator.py
[2024-06-16 10:08:48,851] {processor.py:651} INFO - DAG(s) dict_keys(['example_branch_operator']) retrieved from /home/airflow/.local/lib/python3.7/site-packages/airflow/example_dags/example_branch_operator.py
[2024-06-16 10:08:48,879] {logging_mixin.py:115} INFO - [2024-06-16 10:08:48,879] {dag.py:2371} INFO - Sync 1 DAGs
[2024-06-16 10:08:49,023] {logging_mixin.py:115} INFO - [2024-06-16 10:08:49,023] {dag.py:2919} INFO - Setting next_dagrun for example_branch_operator to 2024-06-15T00:00:00+00:00, run_after=2024-06-16T00:00:00+00:00
[2024-06-16 10:08:49,041] {processor.py:161} INFO - Processing /home/airflow/.local/lib/python3.7/site-packages/airflow/example_dags/example_branch_operator.py took 0.207 seconds
[2024-06-16 10:09:19,857] {processor.py:153} INFO - Started process (PID=377) to work on /home/airflow/.local/lib/python3.7/site-packages/airflow/example_dags/example_branch_operator.py
[2024-06-16 10:09:19,858] {processor.py:641} INFO - Processing file /home/airflow/.local/lib/python3.7/site-packages/airflow/example_dags/example_branch_operator.py for tasks to queue
[2024-06-16 10:09:19,859] {logging_mixin.py:115} INFO - [2024-06-16 10:09:19,858] {dagbag.py:507} INFO - Filling up the DagBag from /home/airflow/.local/lib/python3.7/site-packages/airflow/example_dags/example_branch_operator.py
[2024-06-16 10:09:19,872] {processor.py:651} INFO - DAG(s) dict_keys(['example_branch_operator']) retrieved from /home/airflow/.local/lib/python3.7/site-packages/airflow/example_dags/example_branch_operator.py
[2024-06-16 10:09:19,902] {logging_mixin.py:115} INFO - [2024-06-16 10:09:19,902] {dag.py:2371} INFO - Sync 1 DAGs
[2024-06-16 10:09:20,057] {logging_mixin.py:115} INFO - [2024-06-16 10:09:20,057] {dag.py:2919} INFO - Setting next_dagrun for example_branch_operator to 2024-06-15T00:00:00+00:00, run_after=2024-06-16T00:00:00+00:00
[2024-06-16 10:09:20,076] {processor.py:161} INFO - Processing /home/airflow/.local/lib/python3.7/site-packages/airflow/example_dags/example_branch_operator.py took 0.223 seconds
[2024-06-16 10:09:50,460] {processor.py:153} INFO - Started process (PID=432) to work on /home/airflow/.local/lib/python3.7/site-packages/airflow/example_dags/example_branch_operator.py
[2024-06-16 10:09:50,461] {processor.py:641} INFO - Processing file /home/airflow/.local/lib/python3.7/site-packages/airflow/example_dags/example_branch_operator.py for tasks to queue
[2024-06-16 10:09:50,462] {logging_mixin.py:115} INFO - [2024-06-16 10:09:50,462] {dagbag.py:507} INFO - Filling up the DagBag from /home/airflow/.local/lib/python3.7/site-packages/airflow/example_dags/example_branch_operator.py
[2024-06-16 10:09:50,474] {processor.py:651} INFO - DAG(s) dict_keys(['example_branch_operator']) retrieved from /home/airflow/.local/lib/python3.7/site-packages/airflow/example_dags/example_branch_operator.py
[2024-06-16 10:09:50,504] {logging_mixin.py:115} INFO - [2024-06-16 10:09:50,504] {dag.py:2371} INFO - Sync 1 DAGs
[2024-06-16 10:09:50,707] {logging_mixin.py:115} INFO - [2024-06-16 10:09:50,707] {dag.py:2919} INFO - Setting next_dagrun for example_branch_operator to 2024-06-15T00:00:00+00:00, run_after=2024-06-16T00:00:00+00:00
[2024-06-16 10:09:50,723] {processor.py:161} INFO - Processing /home/airflow/.local/lib/python3.7/site-packages/airflow/example_dags/example_branch_operator.py took 0.266 seconds
[2024-06-16 10:10:20,945] {processor.py:153} INFO - Started process (PID=496) to work on /home/airflow/.local/lib/python3.7/site-packages/airflow/example_dags/example_branch_operator.py
[2024-06-16 10:10:20,946] {processor.py:641} INFO - Processing file /home/airflow/.local/lib/python3.7/site-packages/airflow/example_dags/example_branch_operator.py for tasks to queue
[2024-06-16 10:10:20,947] {logging_mixin.py:115} INFO - [2024-06-16 10:10:20,947] {dagbag.py:507} INFO - Filling up the DagBag from /home/airflow/.local/lib/python3.7/site-packages/airflow/example_dags/example_branch_operator.py
[2024-06-16 10:10:20,958] {processor.py:651} INFO - DAG(s) dict_keys(['example_branch_operator']) retrieved from /home/airflow/.local/lib/python3.7/site-packages/airflow/example_dags/example_branch_operator.py
[2024-06-16 10:10:20,988] {logging_mixin.py:115} INFO - [2024-06-16 10:10:20,987] {dag.py:2371} INFO - Sync 1 DAGs
[2024-06-16 10:10:21,155] {logging_mixin.py:115} INFO - [2024-06-16 10:10:21,155] {dag.py:2919} INFO - Setting next_dagrun for example_branch_operator to 2024-06-15T00:00:00+00:00, run_after=2024-06-16T00:00:00+00:00
[2024-06-16 10:10:21,171] {processor.py:161} INFO - Processing /home/airflow/.local/lib/python3.7/site-packages/airflow/example_dags/example_branch_operator.py took 0.230 seconds
[2024-06-16 10:10:51,844] {processor.py:153} INFO - Started process (PID=559) to work on /home/airflow/.local/lib/python3.7/site-packages/airflow/example_dags/example_branch_operator.py
[2024-06-16 10:10:51,845] {processor.py:641} INFO - Processing file /home/airflow/.local/lib/python3.7/site-packages/airflow/example_dags/example_branch_operator.py for tasks to queue
[2024-06-16 10:10:51,846] {logging_mixin.py:115} INFO - [2024-06-16 10:10:51,846] {dagbag.py:507} INFO - Filling up the DagBag from /home/airflow/.local/lib/python3.7/site-packages/airflow/example_dags/example_branch_operator.py
[2024-06-16 10:10:51,857] {processor.py:651} INFO - DAG(s) dict_keys(['example_branch_operator']) retrieved from /home/airflow/.local/lib/python3.7/site-packages/airflow/example_dags/example_branch_operator.py
[2024-06-16 10:10:51,887] {logging_mixin.py:115} INFO - [2024-06-16 10:10:51,887] {dag.py:2371} INFO - Sync 1 DAGs
[2024-06-16 10:10:52,063] {logging_mixin.py:115} INFO - [2024-06-16 10:10:52,063] {dag.py:2919} INFO - Setting next_dagrun for example_branch_operator to 2024-06-15T00:00:00+00:00, run_after=2024-06-16T00:00:00+00:00
[2024-06-16 10:10:52,083] {processor.py:161} INFO - Processing /home/airflow/.local/lib/python3.7/site-packages/airflow/example_dags/example_branch_operator.py took 0.243 seconds
[2024-06-16 10:11:23,201] {processor.py:153} INFO - Started process (PID=613) to work on /home/airflow/.local/lib/python3.7/site-packages/airflow/example_dags/example_branch_operator.py
[2024-06-16 10:11:23,202] {processor.py:641} INFO - Processing file /home/airflow/.local/lib/python3.7/site-packages/airflow/example_dags/example_branch_operator.py for tasks to queue
[2024-06-16 10:11:23,203] {logging_mixin.py:115} INFO - [2024-06-16 10:11:23,203] {dagbag.py:507} INFO - Filling up the DagBag from /home/airflow/.local/lib/python3.7/site-packages/airflow/example_dags/example_branch_operator.py
[2024-06-16 10:11:23,218] {processor.py:651} INFO - DAG(s) dict_keys(['example_branch_operator']) retrieved from /home/airflow/.local/lib/python3.7/site-packages/airflow/example_dags/example_branch_operator.py
[2024-06-16 10:11:23,250] {logging_mixin.py:115} INFO - [2024-06-16 10:11:23,250] {dag.py:2371} INFO - Sync 1 DAGs
[2024-06-16 10:11:23,417] {logging_mixin.py:115} INFO - [2024-06-16 10:11:23,417] {dag.py:2919} INFO - Setting next_dagrun for example_branch_operator to 2024-06-15T00:00:00+00:00, run_after=2024-06-16T00:00:00+00:00
[2024-06-16 10:11:23,458] {processor.py:161} INFO - Processing /home/airflow/.local/lib/python3.7/site-packages/airflow/example_dags/example_branch_operator.py took 0.260 seconds
[2024-06-16 10:11:53,571] {processor.py:153} INFO - Started process (PID=676) to work on /home/airflow/.local/lib/python3.7/site-packages/airflow/example_dags/example_branch_operator.py
[2024-06-16 10:11:53,572] {processor.py:641} INFO - Processing file /home/airflow/.local/lib/python3.7/site-packages/airflow/example_dags/example_branch_operator.py for tasks to queue
[2024-06-16 10:11:53,573] {logging_mixin.py:115} INFO - [2024-06-16 10:11:53,572] {dagbag.py:507} INFO - Filling up the DagBag from /home/airflow/.local/lib/python3.7/site-packages/airflow/example_dags/example_branch_operator.py
[2024-06-16 10:11:53,583] {processor.py:651} INFO - DAG(s) dict_keys(['example_branch_operator']) retrieved from /home/airflow/.local/lib/python3.7/site-packages/airflow/example_dags/example_branch_operator.py
[2024-06-16 10:11:53,616] {logging_mixin.py:115} INFO - [2024-06-16 10:11:53,616] {dag.py:2371} INFO - Sync 1 DAGs
[2024-06-16 10:11:53,764] {logging_mixin.py:115} INFO - [2024-06-16 10:11:53,764] {dag.py:2919} INFO - Setting next_dagrun for example_branch_operator to 2024-06-15T00:00:00+00:00, run_after=2024-06-16T00:00:00+00:00
[2024-06-16 10:11:53,779] {processor.py:161} INFO - Processing /home/airflow/.local/lib/python3.7/site-packages/airflow/example_dags/example_branch_operator.py took 0.212 seconds
[2024-06-16 10:12:25,604] {processor.py:153} INFO - Started process (PID=738) to work on /home/airflow/.local/lib/python3.7/site-packages/airflow/example_dags/example_branch_operator.py
[2024-06-16 10:12:25,623] {processor.py:641} INFO - Processing file /home/airflow/.local/lib/python3.7/site-packages/airflow/example_dags/example_branch_operator.py for tasks to queue
[2024-06-16 10:12:25,623] {logging_mixin.py:115} INFO - [2024-06-16 10:12:25,623] {dagbag.py:507} INFO - Filling up the DagBag from /home/airflow/.local/lib/python3.7/site-packages/airflow/example_dags/example_branch_operator.py
[2024-06-16 10:12:25,645] {processor.py:651} INFO - DAG(s) dict_keys(['example_branch_operator']) retrieved from /home/airflow/.local/lib/python3.7/site-packages/airflow/example_dags/example_branch_operator.py
[2024-06-16 10:12:25,710] {logging_mixin.py:115} INFO - [2024-06-16 10:12:25,709] {dag.py:2371} INFO - Sync 1 DAGs
[2024-06-16 10:12:26,099] {logging_mixin.py:115} INFO - [2024-06-16 10:12:26,099] {dag.py:2919} INFO - Setting next_dagrun for example_branch_operator to 2024-06-15T00:00:00+00:00, run_after=2024-06-16T00:00:00+00:00
[2024-06-16 10:12:26,127] {processor.py:161} INFO - Processing /home/airflow/.local/lib/python3.7/site-packages/airflow/example_dags/example_branch_operator.py took 0.538 seconds
[2024-06-16 10:12:56,304] {processor.py:153} INFO - Started process (PID=791) to work on /home/airflow/.local/lib/python3.7/site-packages/airflow/example_dags/example_branch_operator.py
[2024-06-16 10:12:56,305] {processor.py:641} INFO - Processing file /home/airflow/.local/lib/python3.7/site-packages/airflow/example_dags/example_branch_operator.py for tasks to queue
[2024-06-16 10:12:56,306] {logging_mixin.py:115} INFO - [2024-06-16 10:12:56,306] {dagbag.py:507} INFO - Filling up the DagBag from /home/airflow/.local/lib/python3.7/site-packages/airflow/example_dags/example_branch_operator.py
[2024-06-16 10:12:56,317] {processor.py:651} INFO - DAG(s) dict_keys(['example_branch_operator']) retrieved from /home/airflow/.local/lib/python3.7/site-packages/airflow/example_dags/example_branch_operator.py
[2024-06-16 10:12:56,351] {logging_mixin.py:115} INFO - [2024-06-16 10:12:56,351] {dag.py:2371} INFO - Sync 1 DAGs
[2024-06-16 10:12:56,529] {logging_mixin.py:115} INFO - [2024-06-16 10:12:56,529] {dag.py:2919} INFO - Setting next_dagrun for example_branch_operator to 2024-06-15T00:00:00+00:00, run_after=2024-06-16T00:00:00+00:00
[2024-06-16 10:12:56,543] {processor.py:161} INFO - Processing /home/airflow/.local/lib/python3.7/site-packages/airflow/example_dags/example_branch_operator.py took 0.243 seconds
[2024-06-16 10:13:26,895] {processor.py:153} INFO - Started process (PID=854) to work on /home/airflow/.local/lib/python3.7/site-packages/airflow/example_dags/example_branch_operator.py
[2024-06-16 10:13:26,896] {processor.py:641} INFO - Processing file /home/airflow/.local/lib/python3.7/site-packages/airflow/example_dags/example_branch_operator.py for tasks to queue
[2024-06-16 10:13:26,897] {logging_mixin.py:115} INFO - [2024-06-16 10:13:26,897] {dagbag.py:507} INFO - Filling up the DagBag from /home/airflow/.local/lib/python3.7/site-packages/airflow/example_dags/example_branch_operator.py
[2024-06-16 10:13:26,910] {processor.py:651} INFO - DAG(s) dict_keys(['example_branch_operator']) retrieved from /home/airflow/.local/lib/python3.7/site-packages/airflow/example_dags/example_branch_operator.py
[2024-06-16 10:13:26,946] {logging_mixin.py:115} INFO - [2024-06-16 10:13:26,946] {dag.py:2371} INFO - Sync 1 DAGs
[2024-06-16 10:13:27,094] {logging_mixin.py:115} INFO - [2024-06-16 10:13:27,094] {dag.py:2919} INFO - Setting next_dagrun for example_branch_operator to 2024-06-15T00:00:00+00:00, run_after=2024-06-16T00:00:00+00:00
[2024-06-16 10:13:27,108] {processor.py:161} INFO - Processing /home/airflow/.local/lib/python3.7/site-packages/airflow/example_dags/example_branch_operator.py took 0.216 seconds
[2024-06-16 10:13:58,039] {processor.py:153} INFO - Started process (PID=908) to work on /home/airflow/.local/lib/python3.7/site-packages/airflow/example_dags/example_branch_operator.py
[2024-06-16 10:13:58,040] {processor.py:641} INFO - Processing file /home/airflow/.local/lib/python3.7/site-packages/airflow/example_dags/example_branch_operator.py for tasks to queue
[2024-06-16 10:13:58,041] {logging_mixin.py:115} INFO - [2024-06-16 10:13:58,041] {dagbag.py:507} INFO - Filling up the DagBag from /home/airflow/.local/lib/python3.7/site-packages/airflow/example_dags/example_branch_operator.py
[2024-06-16 10:13:58,052] {processor.py:651} INFO - DAG(s) dict_keys(['example_branch_operator']) retrieved from /home/airflow/.local/lib/python3.7/site-packages/airflow/example_dags/example_branch_operator.py
[2024-06-16 10:13:58,084] {logging_mixin.py:115} INFO - [2024-06-16 10:13:58,084] {dag.py:2371} INFO - Sync 1 DAGs
[2024-06-16 10:13:58,235] {logging_mixin.py:115} INFO - [2024-06-16 10:13:58,235] {dag.py:2919} INFO - Setting next_dagrun for example_branch_operator to 2024-06-15T00:00:00+00:00, run_after=2024-06-16T00:00:00+00:00
[2024-06-16 10:13:58,259] {processor.py:161} INFO - Processing /home/airflow/.local/lib/python3.7/site-packages/airflow/example_dags/example_branch_operator.py took 0.224 seconds
[2024-06-16 10:14:28,502] {processor.py:153} INFO - Started process (PID=972) to work on /home/airflow/.local/lib/python3.7/site-packages/airflow/example_dags/example_branch_operator.py
[2024-06-16 10:14:28,502] {processor.py:641} INFO - Processing file /home/airflow/.local/lib/python3.7/site-packages/airflow/example_dags/example_branch_operator.py for tasks to queue
[2024-06-16 10:14:28,504] {logging_mixin.py:115} INFO - [2024-06-16 10:14:28,504] {dagbag.py:507} INFO - Filling up the DagBag from /home/airflow/.local/lib/python3.7/site-packages/airflow/example_dags/example_branch_operator.py
[2024-06-16 10:14:28,517] {processor.py:651} INFO - DAG(s) dict_keys(['example_branch_operator']) retrieved from /home/airflow/.local/lib/python3.7/site-packages/airflow/example_dags/example_branch_operator.py
[2024-06-16 10:14:28,549] {logging_mixin.py:115} INFO - [2024-06-16 10:14:28,549] {dag.py:2371} INFO - Sync 1 DAGs
[2024-06-16 10:14:28,728] {logging_mixin.py:115} INFO - [2024-06-16 10:14:28,728] {dag.py:2919} INFO - Setting next_dagrun for example_branch_operator to 2024-06-15T00:00:00+00:00, run_after=2024-06-16T00:00:00+00:00
[2024-06-16 10:14:28,765] {processor.py:161} INFO - Processing /home/airflow/.local/lib/python3.7/site-packages/airflow/example_dags/example_branch_operator.py took 0.267 seconds
[2024-06-16 10:14:59,214] {processor.py:153} INFO - Started process (PID=1035) to work on /home/airflow/.local/lib/python3.7/site-packages/airflow/example_dags/example_branch_operator.py
[2024-06-16 10:14:59,228] {processor.py:641} INFO - Processing file /home/airflow/.local/lib/python3.7/site-packages/airflow/example_dags/example_branch_operator.py for tasks to queue
[2024-06-16 10:14:59,234] {logging_mixin.py:115} INFO - [2024-06-16 10:14:59,233] {dagbag.py:507} INFO - Filling up the DagBag from /home/airflow/.local/lib/python3.7/site-packages/airflow/example_dags/example_branch_operator.py
[2024-06-16 10:14:59,247] {processor.py:651} INFO - DAG(s) dict_keys(['example_branch_operator']) retrieved from /home/airflow/.local/lib/python3.7/site-packages/airflow/example_dags/example_branch_operator.py
[2024-06-16 10:14:59,279] {logging_mixin.py:115} INFO - [2024-06-16 10:14:59,279] {dag.py:2371} INFO - Sync 1 DAGs
[2024-06-16 10:14:59,432] {logging_mixin.py:115} INFO - [2024-06-16 10:14:59,432] {dag.py:2919} INFO - Setting next_dagrun for example_branch_operator to 2024-06-15T00:00:00+00:00, run_after=2024-06-16T00:00:00+00:00
[2024-06-16 10:14:59,447] {processor.py:161} INFO - Processing /home/airflow/.local/lib/python3.7/site-packages/airflow/example_dags/example_branch_operator.py took 0.237 seconds
[2024-06-16 10:15:29,771] {processor.py:153} INFO - Started process (PID=1088) to work on /home/airflow/.local/lib/python3.7/site-packages/airflow/example_dags/example_branch_operator.py
[2024-06-16 10:15:29,771] {processor.py:641} INFO - Processing file /home/airflow/.local/lib/python3.7/site-packages/airflow/example_dags/example_branch_operator.py for tasks to queue
[2024-06-16 10:15:29,772] {logging_mixin.py:115} INFO - [2024-06-16 10:15:29,772] {dagbag.py:507} INFO - Filling up the DagBag from /home/airflow/.local/lib/python3.7/site-packages/airflow/example_dags/example_branch_operator.py
[2024-06-16 10:15:29,783] {processor.py:651} INFO - DAG(s) dict_keys(['example_branch_operator']) retrieved from /home/airflow/.local/lib/python3.7/site-packages/airflow/example_dags/example_branch_operator.py
[2024-06-16 10:15:29,815] {logging_mixin.py:115} INFO - [2024-06-16 10:15:29,814] {dag.py:2371} INFO - Sync 1 DAGs
[2024-06-16 10:15:29,962] {logging_mixin.py:115} INFO - [2024-06-16 10:15:29,962] {dag.py:2919} INFO - Setting next_dagrun for example_branch_operator to 2024-06-15T00:00:00+00:00, run_after=2024-06-16T00:00:00+00:00
[2024-06-16 10:15:29,977] {processor.py:161} INFO - Processing /home/airflow/.local/lib/python3.7/site-packages/airflow/example_dags/example_branch_operator.py took 0.210 seconds
[2024-06-16 10:16:00,620] {processor.py:153} INFO - Started process (PID=1151) to work on /home/airflow/.local/lib/python3.7/site-packages/airflow/example_dags/example_branch_operator.py
[2024-06-16 10:16:00,621] {processor.py:641} INFO - Processing file /home/airflow/.local/lib/python3.7/site-packages/airflow/example_dags/example_branch_operator.py for tasks to queue
[2024-06-16 10:16:00,621] {logging_mixin.py:115} INFO - [2024-06-16 10:16:00,621] {dagbag.py:507} INFO - Filling up the DagBag from /home/airflow/.local/lib/python3.7/site-packages/airflow/example_dags/example_branch_operator.py
[2024-06-16 10:16:00,633] {processor.py:651} INFO - DAG(s) dict_keys(['example_branch_operator']) retrieved from /home/airflow/.local/lib/python3.7/site-packages/airflow/example_dags/example_branch_operator.py
[2024-06-16 10:16:00,665] {logging_mixin.py:115} INFO - [2024-06-16 10:16:00,665] {dag.py:2371} INFO - Sync 1 DAGs
[2024-06-16 10:16:00,822] {logging_mixin.py:115} INFO - [2024-06-16 10:16:00,822] {dag.py:2919} INFO - Setting next_dagrun for example_branch_operator to 2024-06-15T00:00:00+00:00, run_after=2024-06-16T00:00:00+00:00
[2024-06-16 10:16:00,844] {processor.py:161} INFO - Processing /home/airflow/.local/lib/python3.7/site-packages/airflow/example_dags/example_branch_operator.py took 0.228 seconds
[2024-06-16 10:16:31,084] {processor.py:153} INFO - Started process (PID=1205) to work on /home/airflow/.local/lib/python3.7/site-packages/airflow/example_dags/example_branch_operator.py
[2024-06-16 10:16:31,086] {processor.py:641} INFO - Processing file /home/airflow/.local/lib/python3.7/site-packages/airflow/example_dags/example_branch_operator.py for tasks to queue
[2024-06-16 10:16:31,087] {logging_mixin.py:115} INFO - [2024-06-16 10:16:31,087] {dagbag.py:507} INFO - Filling up the DagBag from /home/airflow/.local/lib/python3.7/site-packages/airflow/example_dags/example_branch_operator.py
[2024-06-16 10:16:31,099] {processor.py:651} INFO - DAG(s) dict_keys(['example_branch_operator']) retrieved from /home/airflow/.local/lib/python3.7/site-packages/airflow/example_dags/example_branch_operator.py
[2024-06-16 10:16:31,132] {logging_mixin.py:115} INFO - [2024-06-16 10:16:31,132] {dag.py:2371} INFO - Sync 1 DAGs
[2024-06-16 10:16:31,312] {logging_mixin.py:115} INFO - [2024-06-16 10:16:31,312] {dag.py:2919} INFO - Setting next_dagrun for example_branch_operator to 2024-06-15T00:00:00+00:00, run_after=2024-06-16T00:00:00+00:00
[2024-06-16 10:16:31,337] {processor.py:161} INFO - Processing /home/airflow/.local/lib/python3.7/site-packages/airflow/example_dags/example_branch_operator.py took 0.260 seconds
[2024-06-16 10:17:01,369] {processor.py:153} INFO - Started process (PID=1267) to work on /home/airflow/.local/lib/python3.7/site-packages/airflow/example_dags/example_branch_operator.py
[2024-06-16 10:17:01,370] {processor.py:641} INFO - Processing file /home/airflow/.local/lib/python3.7/site-packages/airflow/example_dags/example_branch_operator.py for tasks to queue
[2024-06-16 10:17:01,370] {logging_mixin.py:115} INFO - [2024-06-16 10:17:01,370] {dagbag.py:507} INFO - Filling up the DagBag from /home/airflow/.local/lib/python3.7/site-packages/airflow/example_dags/example_branch_operator.py
[2024-06-16 10:17:01,386] {processor.py:651} INFO - DAG(s) dict_keys(['example_branch_operator']) retrieved from /home/airflow/.local/lib/python3.7/site-packages/airflow/example_dags/example_branch_operator.py
[2024-06-16 10:17:01,413] {logging_mixin.py:115} INFO - [2024-06-16 10:17:01,413] {dag.py:2371} INFO - Sync 1 DAGs
[2024-06-16 10:17:01,438] {logging_mixin.py:115} INFO - [2024-06-16 10:17:01,438] {dag.py:2919} INFO - Setting next_dagrun for example_branch_operator to 2024-06-15T00:00:00+00:00, run_after=2024-06-16T00:00:00+00:00
[2024-06-16 10:17:01,453] {processor.py:161} INFO - Processing /home/airflow/.local/lib/python3.7/site-packages/airflow/example_dags/example_branch_operator.py took 0.088 seconds
[2024-06-16 10:17:32,241] {processor.py:153} INFO - Started process (PID=1331) to work on /home/airflow/.local/lib/python3.7/site-packages/airflow/example_dags/example_branch_operator.py
[2024-06-16 10:17:32,242] {processor.py:641} INFO - Processing file /home/airflow/.local/lib/python3.7/site-packages/airflow/example_dags/example_branch_operator.py for tasks to queue
[2024-06-16 10:17:32,242] {logging_mixin.py:115} INFO - [2024-06-16 10:17:32,242] {dagbag.py:507} INFO - Filling up the DagBag from /home/airflow/.local/lib/python3.7/site-packages/airflow/example_dags/example_branch_operator.py
[2024-06-16 10:17:32,257] {processor.py:651} INFO - DAG(s) dict_keys(['example_branch_operator']) retrieved from /home/airflow/.local/lib/python3.7/site-packages/airflow/example_dags/example_branch_operator.py
[2024-06-16 10:17:32,285] {logging_mixin.py:115} INFO - [2024-06-16 10:17:32,285] {dag.py:2371} INFO - Sync 1 DAGs
[2024-06-16 10:17:32,310] {logging_mixin.py:115} INFO - [2024-06-16 10:17:32,309] {dag.py:2919} INFO - Setting next_dagrun for example_branch_operator to 2024-06-15T00:00:00+00:00, run_after=2024-06-16T00:00:00+00:00
[2024-06-16 10:17:32,329] {processor.py:161} INFO - Processing /home/airflow/.local/lib/python3.7/site-packages/airflow/example_dags/example_branch_operator.py took 0.091 seconds
[2024-06-16 10:18:02,565] {processor.py:153} INFO - Started process (PID=1386) to work on /home/airflow/.local/lib/python3.7/site-packages/airflow/example_dags/example_branch_operator.py
[2024-06-16 10:18:02,566] {processor.py:641} INFO - Processing file /home/airflow/.local/lib/python3.7/site-packages/airflow/example_dags/example_branch_operator.py for tasks to queue
[2024-06-16 10:18:02,567] {logging_mixin.py:115} INFO - [2024-06-16 10:18:02,567] {dagbag.py:507} INFO - Filling up the DagBag from /home/airflow/.local/lib/python3.7/site-packages/airflow/example_dags/example_branch_operator.py
[2024-06-16 10:18:02,587] {processor.py:651} INFO - DAG(s) dict_keys(['example_branch_operator']) retrieved from /home/airflow/.local/lib/python3.7/site-packages/airflow/example_dags/example_branch_operator.py
[2024-06-16 10:18:02,617] {logging_mixin.py:115} INFO - [2024-06-16 10:18:02,617] {dag.py:2371} INFO - Sync 1 DAGs
[2024-06-16 10:18:02,642] {logging_mixin.py:115} INFO - [2024-06-16 10:18:02,642] {dag.py:2919} INFO - Setting next_dagrun for example_branch_operator to 2024-06-15T00:00:00+00:00, run_after=2024-06-16T00:00:00+00:00
[2024-06-16 10:18:02,659] {processor.py:161} INFO - Processing /home/airflow/.local/lib/python3.7/site-packages/airflow/example_dags/example_branch_operator.py took 0.100 seconds
[2024-06-16 10:18:33,909] {processor.py:153} INFO - Started process (PID=1450) to work on /home/airflow/.local/lib/python3.7/site-packages/airflow/example_dags/example_branch_operator.py
[2024-06-16 10:18:33,910] {processor.py:641} INFO - Processing file /home/airflow/.local/lib/python3.7/site-packages/airflow/example_dags/example_branch_operator.py for tasks to queue
[2024-06-16 10:18:33,912] {logging_mixin.py:115} INFO - [2024-06-16 10:18:33,911] {dagbag.py:507} INFO - Filling up the DagBag from /home/airflow/.local/lib/python3.7/site-packages/airflow/example_dags/example_branch_operator.py
[2024-06-16 10:18:33,929] {processor.py:651} INFO - DAG(s) dict_keys(['example_branch_operator']) retrieved from /home/airflow/.local/lib/python3.7/site-packages/airflow/example_dags/example_branch_operator.py
[2024-06-16 10:18:33,970] {logging_mixin.py:115} INFO - [2024-06-16 10:18:33,970] {dag.py:2371} INFO - Sync 1 DAGs
[2024-06-16 10:18:34,004] {logging_mixin.py:115} INFO - [2024-06-16 10:18:34,004] {dag.py:2919} INFO - Setting next_dagrun for example_branch_operator to 2024-06-15T00:00:00+00:00, run_after=2024-06-16T00:00:00+00:00
[2024-06-16 10:18:34,025] {processor.py:161} INFO - Processing /home/airflow/.local/lib/python3.7/site-packages/airflow/example_dags/example_branch_operator.py took 0.119 seconds
[2024-06-16 10:19:04,254] {processor.py:153} INFO - Started process (PID=1503) to work on /home/airflow/.local/lib/python3.7/site-packages/airflow/example_dags/example_branch_operator.py
[2024-06-16 10:19:04,255] {processor.py:641} INFO - Processing file /home/airflow/.local/lib/python3.7/site-packages/airflow/example_dags/example_branch_operator.py for tasks to queue
[2024-06-16 10:19:04,256] {logging_mixin.py:115} INFO - [2024-06-16 10:19:04,256] {dagbag.py:507} INFO - Filling up the DagBag from /home/airflow/.local/lib/python3.7/site-packages/airflow/example_dags/example_branch_operator.py
[2024-06-16 10:19:04,274] {processor.py:651} INFO - DAG(s) dict_keys(['example_branch_operator']) retrieved from /home/airflow/.local/lib/python3.7/site-packages/airflow/example_dags/example_branch_operator.py
[2024-06-16 10:19:04,304] {logging_mixin.py:115} INFO - [2024-06-16 10:19:04,303] {dag.py:2371} INFO - Sync 1 DAGs
[2024-06-16 10:19:04,339] {logging_mixin.py:115} INFO - [2024-06-16 10:19:04,339] {dag.py:2919} INFO - Setting next_dagrun for example_branch_operator to 2024-06-15T00:00:00+00:00, run_after=2024-06-16T00:00:00+00:00
[2024-06-16 10:19:04,361] {processor.py:161} INFO - Processing /home/airflow/.local/lib/python3.7/site-packages/airflow/example_dags/example_branch_operator.py took 0.111 seconds
[2024-06-16 11:03:54,691] {processor.py:153} INFO - Started process (PID=70) to work on /home/airflow/.local/lib/python3.7/site-packages/airflow/example_dags/example_branch_operator.py
[2024-06-16 11:03:54,700] {processor.py:641} INFO - Processing file /home/airflow/.local/lib/python3.7/site-packages/airflow/example_dags/example_branch_operator.py for tasks to queue
[2024-06-16 11:03:54,701] {logging_mixin.py:115} INFO - [2024-06-16 11:03:54,701] {dagbag.py:507} INFO - Filling up the DagBag from /home/airflow/.local/lib/python3.7/site-packages/airflow/example_dags/example_branch_operator.py
[2024-06-16 11:03:54,713] {processor.py:651} INFO - DAG(s) dict_keys(['example_branch_operator']) retrieved from /home/airflow/.local/lib/python3.7/site-packages/airflow/example_dags/example_branch_operator.py
[2024-06-16 11:03:54,744] {logging_mixin.py:115} INFO - [2024-06-16 11:03:54,744] {dag.py:2371} INFO - Sync 1 DAGs
[2024-06-16 11:03:54,906] {logging_mixin.py:115} INFO - [2024-06-16 11:03:54,906] {dag.py:2919} INFO - Setting next_dagrun for example_branch_operator to 2024-06-15T00:00:00+00:00, run_after=2024-06-16T00:00:00+00:00
[2024-06-16 11:03:54,921] {processor.py:161} INFO - Processing /home/airflow/.local/lib/python3.7/site-packages/airflow/example_dags/example_branch_operator.py took 0.234 seconds
[2024-06-16 11:04:27,197] {processor.py:153} INFO - Started process (PID=134) to work on /home/airflow/.local/lib/python3.7/site-packages/airflow/example_dags/example_branch_operator.py
[2024-06-16 11:04:27,209] {processor.py:641} INFO - Processing file /home/airflow/.local/lib/python3.7/site-packages/airflow/example_dags/example_branch_operator.py for tasks to queue
[2024-06-16 11:04:27,210] {logging_mixin.py:115} INFO - [2024-06-16 11:04:27,210] {dagbag.py:507} INFO - Filling up the DagBag from /home/airflow/.local/lib/python3.7/site-packages/airflow/example_dags/example_branch_operator.py
[2024-06-16 11:04:27,241] {processor.py:651} INFO - DAG(s) dict_keys(['example_branch_operator']) retrieved from /home/airflow/.local/lib/python3.7/site-packages/airflow/example_dags/example_branch_operator.py
[2024-06-16 11:04:27,289] {logging_mixin.py:115} INFO - [2024-06-16 11:04:27,289] {dag.py:2371} INFO - Sync 1 DAGs
[2024-06-16 11:04:27,531] {logging_mixin.py:115} INFO - [2024-06-16 11:04:27,531] {dag.py:2919} INFO - Setting next_dagrun for example_branch_operator to 2024-06-15T00:00:00+00:00, run_after=2024-06-16T00:00:00+00:00
[2024-06-16 11:04:27,576] {processor.py:161} INFO - Processing /home/airflow/.local/lib/python3.7/site-packages/airflow/example_dags/example_branch_operator.py took 0.383 seconds
[2024-06-16 11:04:59,607] {processor.py:153} INFO - Started process (PID=197) to work on /home/airflow/.local/lib/python3.7/site-packages/airflow/example_dags/example_branch_operator.py
[2024-06-16 11:04:59,648] {processor.py:641} INFO - Processing file /home/airflow/.local/lib/python3.7/site-packages/airflow/example_dags/example_branch_operator.py for tasks to queue
[2024-06-16 11:04:59,682] {logging_mixin.py:115} INFO - [2024-06-16 11:04:59,682] {dagbag.py:507} INFO - Filling up the DagBag from /home/airflow/.local/lib/python3.7/site-packages/airflow/example_dags/example_branch_operator.py
[2024-06-16 11:04:59,750] {processor.py:651} INFO - DAG(s) dict_keys(['example_branch_operator']) retrieved from /home/airflow/.local/lib/python3.7/site-packages/airflow/example_dags/example_branch_operator.py
[2024-06-16 11:05:00,020] {logging_mixin.py:115} INFO - [2024-06-16 11:05:00,020] {dag.py:2371} INFO - Sync 1 DAGs
[2024-06-16 11:05:00,828] {logging_mixin.py:115} INFO - [2024-06-16 11:05:00,827] {dag.py:2919} INFO - Setting next_dagrun for example_branch_operator to 2024-06-15T00:00:00+00:00, run_after=2024-06-16T00:00:00+00:00
[2024-06-16 11:05:00,997] {processor.py:161} INFO - Processing /home/airflow/.local/lib/python3.7/site-packages/airflow/example_dags/example_branch_operator.py took 1.401 seconds
[2024-06-16 11:06:06,394] {processor.py:153} INFO - Started process (PID=273) to work on /home/airflow/.local/lib/python3.7/site-packages/airflow/example_dags/example_branch_operator.py
[2024-06-16 11:06:06,395] {processor.py:641} INFO - Processing file /home/airflow/.local/lib/python3.7/site-packages/airflow/example_dags/example_branch_operator.py for tasks to queue
[2024-06-16 11:06:06,396] {logging_mixin.py:115} INFO - [2024-06-16 11:06:06,396] {dagbag.py:507} INFO - Filling up the DagBag from /home/airflow/.local/lib/python3.7/site-packages/airflow/example_dags/example_branch_operator.py
[2024-06-16 11:06:06,425] {processor.py:651} INFO - DAG(s) dict_keys(['example_branch_operator']) retrieved from /home/airflow/.local/lib/python3.7/site-packages/airflow/example_dags/example_branch_operator.py
[2024-06-16 11:06:06,526] {logging_mixin.py:115} INFO - [2024-06-16 11:06:06,525] {dag.py:2371} INFO - Sync 1 DAGs
[2024-06-16 11:06:06,893] {logging_mixin.py:115} INFO - [2024-06-16 11:06:06,892] {dag.py:2919} INFO - Setting next_dagrun for example_branch_operator to 2024-06-15T00:00:00+00:00, run_after=2024-06-16T00:00:00+00:00
[2024-06-16 11:06:06,917] {processor.py:161} INFO - Processing /home/airflow/.local/lib/python3.7/site-packages/airflow/example_dags/example_branch_operator.py took 0.527 seconds
[2024-06-16 11:06:37,720] {processor.py:153} INFO - Started process (PID=326) to work on /home/airflow/.local/lib/python3.7/site-packages/airflow/example_dags/example_branch_operator.py
[2024-06-16 11:06:37,728] {processor.py:641} INFO - Processing file /home/airflow/.local/lib/python3.7/site-packages/airflow/example_dags/example_branch_operator.py for tasks to queue
[2024-06-16 11:06:37,731] {logging_mixin.py:115} INFO - [2024-06-16 11:06:37,730] {dagbag.py:507} INFO - Filling up the DagBag from /home/airflow/.local/lib/python3.7/site-packages/airflow/example_dags/example_branch_operator.py
[2024-06-16 11:06:37,788] {processor.py:651} INFO - DAG(s) dict_keys(['example_branch_operator']) retrieved from /home/airflow/.local/lib/python3.7/site-packages/airflow/example_dags/example_branch_operator.py
[2024-06-16 11:06:37,911] {logging_mixin.py:115} INFO - [2024-06-16 11:06:37,910] {dag.py:2371} INFO - Sync 1 DAGs
[2024-06-16 11:06:38,208] {logging_mixin.py:115} INFO - [2024-06-16 11:06:38,208] {dag.py:2919} INFO - Setting next_dagrun for example_branch_operator to 2024-06-15T00:00:00+00:00, run_after=2024-06-16T00:00:00+00:00
[2024-06-16 11:06:38,227] {processor.py:161} INFO - Processing /home/airflow/.local/lib/python3.7/site-packages/airflow/example_dags/example_branch_operator.py took 0.514 seconds
[2024-06-16 11:07:08,289] {processor.py:153} INFO - Started process (PID=379) to work on /home/airflow/.local/lib/python3.7/site-packages/airflow/example_dags/example_branch_operator.py
[2024-06-16 11:07:08,290] {processor.py:641} INFO - Processing file /home/airflow/.local/lib/python3.7/site-packages/airflow/example_dags/example_branch_operator.py for tasks to queue
[2024-06-16 11:07:08,291] {logging_mixin.py:115} INFO - [2024-06-16 11:07:08,291] {dagbag.py:507} INFO - Filling up the DagBag from /home/airflow/.local/lib/python3.7/site-packages/airflow/example_dags/example_branch_operator.py
[2024-06-16 11:07:08,305] {processor.py:651} INFO - DAG(s) dict_keys(['example_branch_operator']) retrieved from /home/airflow/.local/lib/python3.7/site-packages/airflow/example_dags/example_branch_operator.py
[2024-06-16 11:07:08,339] {logging_mixin.py:115} INFO - [2024-06-16 11:07:08,339] {dag.py:2371} INFO - Sync 1 DAGs
[2024-06-16 11:07:08,517] {logging_mixin.py:115} INFO - [2024-06-16 11:07:08,517] {dag.py:2919} INFO - Setting next_dagrun for example_branch_operator to 2024-06-15T00:00:00+00:00, run_after=2024-06-16T00:00:00+00:00
[2024-06-16 11:07:08,533] {processor.py:161} INFO - Processing /home/airflow/.local/lib/python3.7/site-packages/airflow/example_dags/example_branch_operator.py took 0.248 seconds
[2024-06-16 11:10:54,178] {processor.py:153} INFO - Started process (PID=88) to work on /home/airflow/.local/lib/python3.7/site-packages/airflow/example_dags/example_branch_operator.py
[2024-06-16 11:10:54,179] {processor.py:641} INFO - Processing file /home/airflow/.local/lib/python3.7/site-packages/airflow/example_dags/example_branch_operator.py for tasks to queue
[2024-06-16 11:10:54,180] {logging_mixin.py:115} INFO - [2024-06-16 11:10:54,180] {dagbag.py:507} INFO - Filling up the DagBag from /home/airflow/.local/lib/python3.7/site-packages/airflow/example_dags/example_branch_operator.py
[2024-06-16 11:10:54,197] {processor.py:651} INFO - DAG(s) dict_keys(['example_branch_operator']) retrieved from /home/airflow/.local/lib/python3.7/site-packages/airflow/example_dags/example_branch_operator.py
[2024-06-16 11:10:54,235] {logging_mixin.py:115} INFO - [2024-06-16 11:10:54,235] {dag.py:2371} INFO - Sync 1 DAGs
[2024-06-16 11:10:54,437] {logging_mixin.py:115} INFO - [2024-06-16 11:10:54,437] {dag.py:2919} INFO - Setting next_dagrun for example_branch_operator to 2024-06-15T00:00:00+00:00, run_after=2024-06-16T00:00:00+00:00
[2024-06-16 11:10:54,461] {processor.py:161} INFO - Processing /home/airflow/.local/lib/python3.7/site-packages/airflow/example_dags/example_branch_operator.py took 0.287 seconds
[2024-06-16 11:11:24,764] {processor.py:153} INFO - Started process (PID=151) to work on /home/airflow/.local/lib/python3.7/site-packages/airflow/example_dags/example_branch_operator.py
[2024-06-16 11:11:24,767] {processor.py:641} INFO - Processing file /home/airflow/.local/lib/python3.7/site-packages/airflow/example_dags/example_branch_operator.py for tasks to queue
[2024-06-16 11:11:24,768] {logging_mixin.py:115} INFO - [2024-06-16 11:11:24,768] {dagbag.py:507} INFO - Filling up the DagBag from /home/airflow/.local/lib/python3.7/site-packages/airflow/example_dags/example_branch_operator.py
[2024-06-16 11:11:24,787] {processor.py:651} INFO - DAG(s) dict_keys(['example_branch_operator']) retrieved from /home/airflow/.local/lib/python3.7/site-packages/airflow/example_dags/example_branch_operator.py
[2024-06-16 11:11:24,835] {logging_mixin.py:115} INFO - [2024-06-16 11:11:24,835] {dag.py:2371} INFO - Sync 1 DAGs
[2024-06-16 11:11:25,085] {logging_mixin.py:115} INFO - [2024-06-16 11:11:25,084] {dag.py:2919} INFO - Setting next_dagrun for example_branch_operator to 2024-06-15T00:00:00+00:00, run_after=2024-06-16T00:00:00+00:00
[2024-06-16 11:11:25,113] {processor.py:161} INFO - Processing /home/airflow/.local/lib/python3.7/site-packages/airflow/example_dags/example_branch_operator.py took 0.353 seconds
[2024-06-16 11:11:55,163] {processor.py:153} INFO - Started process (PID=208) to work on /home/airflow/.local/lib/python3.7/site-packages/airflow/example_dags/example_branch_operator.py
[2024-06-16 11:11:55,164] {processor.py:641} INFO - Processing file /home/airflow/.local/lib/python3.7/site-packages/airflow/example_dags/example_branch_operator.py for tasks to queue
[2024-06-16 11:11:55,165] {logging_mixin.py:115} INFO - [2024-06-16 11:11:55,165] {dagbag.py:507} INFO - Filling up the DagBag from /home/airflow/.local/lib/python3.7/site-packages/airflow/example_dags/example_branch_operator.py
[2024-06-16 11:11:55,178] {processor.py:651} INFO - DAG(s) dict_keys(['example_branch_operator']) retrieved from /home/airflow/.local/lib/python3.7/site-packages/airflow/example_dags/example_branch_operator.py
[2024-06-16 11:11:55,207] {logging_mixin.py:115} INFO - [2024-06-16 11:11:55,207] {dag.py:2371} INFO - Sync 1 DAGs
[2024-06-16 11:11:55,361] {logging_mixin.py:115} INFO - [2024-06-16 11:11:55,361] {dag.py:2919} INFO - Setting next_dagrun for example_branch_operator to 2024-06-15T00:00:00+00:00, run_after=2024-06-16T00:00:00+00:00
[2024-06-16 11:11:55,376] {processor.py:161} INFO - Processing /home/airflow/.local/lib/python3.7/site-packages/airflow/example_dags/example_branch_operator.py took 0.216 seconds
[2024-06-16 11:12:25,670] {processor.py:153} INFO - Started process (PID=271) to work on /home/airflow/.local/lib/python3.7/site-packages/airflow/example_dags/example_branch_operator.py
[2024-06-16 11:12:25,671] {processor.py:641} INFO - Processing file /home/airflow/.local/lib/python3.7/site-packages/airflow/example_dags/example_branch_operator.py for tasks to queue
[2024-06-16 11:12:25,672] {logging_mixin.py:115} INFO - [2024-06-16 11:12:25,672] {dagbag.py:507} INFO - Filling up the DagBag from /home/airflow/.local/lib/python3.7/site-packages/airflow/example_dags/example_branch_operator.py
[2024-06-16 11:12:25,685] {processor.py:651} INFO - DAG(s) dict_keys(['example_branch_operator']) retrieved from /home/airflow/.local/lib/python3.7/site-packages/airflow/example_dags/example_branch_operator.py
[2024-06-16 11:12:25,720] {logging_mixin.py:115} INFO - [2024-06-16 11:12:25,720] {dag.py:2371} INFO - Sync 1 DAGs
[2024-06-16 11:12:25,902] {logging_mixin.py:115} INFO - [2024-06-16 11:12:25,902] {dag.py:2919} INFO - Setting next_dagrun for example_branch_operator to 2024-06-15T00:00:00+00:00, run_after=2024-06-16T00:00:00+00:00
[2024-06-16 11:12:25,921] {processor.py:161} INFO - Processing /home/airflow/.local/lib/python3.7/site-packages/airflow/example_dags/example_branch_operator.py took 0.256 seconds
[2024-06-16 11:16:19,602] {processor.py:153} INFO - Started process (PID=79) to work on /home/airflow/.local/lib/python3.7/site-packages/airflow/example_dags/example_branch_operator.py
[2024-06-16 11:16:19,603] {processor.py:641} INFO - Processing file /home/airflow/.local/lib/python3.7/site-packages/airflow/example_dags/example_branch_operator.py for tasks to queue
[2024-06-16 11:16:19,604] {logging_mixin.py:115} INFO - [2024-06-16 11:16:19,604] {dagbag.py:507} INFO - Filling up the DagBag from /home/airflow/.local/lib/python3.7/site-packages/airflow/example_dags/example_branch_operator.py
[2024-06-16 11:16:19,634] {processor.py:651} INFO - DAG(s) dict_keys(['example_branch_operator']) retrieved from /home/airflow/.local/lib/python3.7/site-packages/airflow/example_dags/example_branch_operator.py
[2024-06-16 11:16:19,711] {logging_mixin.py:115} INFO - [2024-06-16 11:16:19,711] {dag.py:2371} INFO - Sync 1 DAGs
[2024-06-16 11:16:19,985] {logging_mixin.py:115} INFO - [2024-06-16 11:16:19,985] {dag.py:2919} INFO - Setting next_dagrun for example_branch_operator to 2024-06-15T00:00:00+00:00, run_after=2024-06-16T00:00:00+00:00
[2024-06-16 11:16:20,049] {processor.py:161} INFO - Processing /home/airflow/.local/lib/python3.7/site-packages/airflow/example_dags/example_branch_operator.py took 0.451 seconds
[2024-06-16 11:16:50,403] {processor.py:153} INFO - Started process (PID=133) to work on /home/airflow/.local/lib/python3.7/site-packages/airflow/example_dags/example_branch_operator.py
[2024-06-16 11:16:50,404] {processor.py:641} INFO - Processing file /home/airflow/.local/lib/python3.7/site-packages/airflow/example_dags/example_branch_operator.py for tasks to queue
[2024-06-16 11:16:50,406] {logging_mixin.py:115} INFO - [2024-06-16 11:16:50,406] {dagbag.py:507} INFO - Filling up the DagBag from /home/airflow/.local/lib/python3.7/site-packages/airflow/example_dags/example_branch_operator.py
[2024-06-16 11:16:50,421] {processor.py:651} INFO - DAG(s) dict_keys(['example_branch_operator']) retrieved from /home/airflow/.local/lib/python3.7/site-packages/airflow/example_dags/example_branch_operator.py
[2024-06-16 11:16:50,458] {logging_mixin.py:115} INFO - [2024-06-16 11:16:50,457] {dag.py:2371} INFO - Sync 1 DAGs
[2024-06-16 11:16:50,648] {logging_mixin.py:115} INFO - [2024-06-16 11:16:50,648] {dag.py:2919} INFO - Setting next_dagrun for example_branch_operator to 2024-06-15T00:00:00+00:00, run_after=2024-06-16T00:00:00+00:00
[2024-06-16 11:16:50,672] {processor.py:161} INFO - Processing /home/airflow/.local/lib/python3.7/site-packages/airflow/example_dags/example_branch_operator.py took 0.273 seconds
[2024-06-16 11:17:20,845] {processor.py:153} INFO - Started process (PID=196) to work on /home/airflow/.local/lib/python3.7/site-packages/airflow/example_dags/example_branch_operator.py
[2024-06-16 11:17:20,845] {processor.py:641} INFO - Processing file /home/airflow/.local/lib/python3.7/site-packages/airflow/example_dags/example_branch_operator.py for tasks to queue
[2024-06-16 11:17:20,846] {logging_mixin.py:115} INFO - [2024-06-16 11:17:20,846] {dagbag.py:507} INFO - Filling up the DagBag from /home/airflow/.local/lib/python3.7/site-packages/airflow/example_dags/example_branch_operator.py
[2024-06-16 11:17:20,859] {processor.py:651} INFO - DAG(s) dict_keys(['example_branch_operator']) retrieved from /home/airflow/.local/lib/python3.7/site-packages/airflow/example_dags/example_branch_operator.py
[2024-06-16 11:17:20,898] {logging_mixin.py:115} INFO - [2024-06-16 11:17:20,898] {dag.py:2371} INFO - Sync 1 DAGs
[2024-06-16 11:17:21,063] {logging_mixin.py:115} INFO - [2024-06-16 11:17:21,063] {dag.py:2919} INFO - Setting next_dagrun for example_branch_operator to 2024-06-15T00:00:00+00:00, run_after=2024-06-16T00:00:00+00:00
[2024-06-16 11:17:21,080] {processor.py:161} INFO - Processing /home/airflow/.local/lib/python3.7/site-packages/airflow/example_dags/example_branch_operator.py took 0.239 seconds
[2024-06-16 11:17:51,338] {processor.py:153} INFO - Started process (PID=250) to work on /home/airflow/.local/lib/python3.7/site-packages/airflow/example_dags/example_branch_operator.py
[2024-06-16 11:17:51,339] {processor.py:641} INFO - Processing file /home/airflow/.local/lib/python3.7/site-packages/airflow/example_dags/example_branch_operator.py for tasks to queue
[2024-06-16 11:17:51,342] {logging_mixin.py:115} INFO - [2024-06-16 11:17:51,342] {dagbag.py:507} INFO - Filling up the DagBag from /home/airflow/.local/lib/python3.7/site-packages/airflow/example_dags/example_branch_operator.py
[2024-06-16 11:17:51,365] {processor.py:651} INFO - DAG(s) dict_keys(['example_branch_operator']) retrieved from /home/airflow/.local/lib/python3.7/site-packages/airflow/example_dags/example_branch_operator.py
[2024-06-16 11:17:51,408] {logging_mixin.py:115} INFO - [2024-06-16 11:17:51,408] {dag.py:2371} INFO - Sync 1 DAGs
[2024-06-16 11:17:51,657] {logging_mixin.py:115} INFO - [2024-06-16 11:17:51,656] {dag.py:2919} INFO - Setting next_dagrun for example_branch_operator to 2024-06-15T00:00:00+00:00, run_after=2024-06-16T00:00:00+00:00
[2024-06-16 11:17:51,673] {processor.py:161} INFO - Processing /home/airflow/.local/lib/python3.7/site-packages/airflow/example_dags/example_branch_operator.py took 0.342 seconds
[2024-06-16 11:18:22,476] {processor.py:153} INFO - Started process (PID=312) to work on /home/airflow/.local/lib/python3.7/site-packages/airflow/example_dags/example_branch_operator.py
[2024-06-16 11:18:22,476] {processor.py:641} INFO - Processing file /home/airflow/.local/lib/python3.7/site-packages/airflow/example_dags/example_branch_operator.py for tasks to queue
[2024-06-16 11:18:22,478] {logging_mixin.py:115} INFO - [2024-06-16 11:18:22,478] {dagbag.py:507} INFO - Filling up the DagBag from /home/airflow/.local/lib/python3.7/site-packages/airflow/example_dags/example_branch_operator.py
[2024-06-16 11:18:22,493] {processor.py:651} INFO - DAG(s) dict_keys(['example_branch_operator']) retrieved from /home/airflow/.local/lib/python3.7/site-packages/airflow/example_dags/example_branch_operator.py
[2024-06-16 11:18:22,527] {logging_mixin.py:115} INFO - [2024-06-16 11:18:22,527] {dag.py:2371} INFO - Sync 1 DAGs
[2024-06-16 11:18:22,688] {logging_mixin.py:115} INFO - [2024-06-16 11:18:22,687] {dag.py:2919} INFO - Setting next_dagrun for example_branch_operator to 2024-06-15T00:00:00+00:00, run_after=2024-06-16T00:00:00+00:00
[2024-06-16 11:18:22,705] {processor.py:161} INFO - Processing /home/airflow/.local/lib/python3.7/site-packages/airflow/example_dags/example_branch_operator.py took 0.233 seconds
[2024-06-16 11:18:52,990] {processor.py:153} INFO - Started process (PID=375) to work on /home/airflow/.local/lib/python3.7/site-packages/airflow/example_dags/example_branch_operator.py
[2024-06-16 11:18:52,991] {processor.py:641} INFO - Processing file /home/airflow/.local/lib/python3.7/site-packages/airflow/example_dags/example_branch_operator.py for tasks to queue
[2024-06-16 11:18:52,992] {logging_mixin.py:115} INFO - [2024-06-16 11:18:52,992] {dagbag.py:507} INFO - Filling up the DagBag from /home/airflow/.local/lib/python3.7/site-packages/airflow/example_dags/example_branch_operator.py
[2024-06-16 11:18:53,009] {processor.py:651} INFO - DAG(s) dict_keys(['example_branch_operator']) retrieved from /home/airflow/.local/lib/python3.7/site-packages/airflow/example_dags/example_branch_operator.py
[2024-06-16 11:18:53,051] {logging_mixin.py:115} INFO - [2024-06-16 11:18:53,051] {dag.py:2371} INFO - Sync 1 DAGs
[2024-06-16 11:18:53,235] {logging_mixin.py:115} INFO - [2024-06-16 11:18:53,234] {dag.py:2919} INFO - Setting next_dagrun for example_branch_operator to 2024-06-15T00:00:00+00:00, run_after=2024-06-16T00:00:00+00:00
[2024-06-16 11:18:53,252] {processor.py:161} INFO - Processing /home/airflow/.local/lib/python3.7/site-packages/airflow/example_dags/example_branch_operator.py took 0.268 seconds
[2024-06-16 11:19:23,995] {processor.py:153} INFO - Started process (PID=429) to work on /home/airflow/.local/lib/python3.7/site-packages/airflow/example_dags/example_branch_operator.py
[2024-06-16 11:19:24,001] {processor.py:641} INFO - Processing file /home/airflow/.local/lib/python3.7/site-packages/airflow/example_dags/example_branch_operator.py for tasks to queue
[2024-06-16 11:19:24,006] {logging_mixin.py:115} INFO - [2024-06-16 11:19:24,006] {dagbag.py:507} INFO - Filling up the DagBag from /home/airflow/.local/lib/python3.7/site-packages/airflow/example_dags/example_branch_operator.py
[2024-06-16 11:19:24,023] {processor.py:651} INFO - DAG(s) dict_keys(['example_branch_operator']) retrieved from /home/airflow/.local/lib/python3.7/site-packages/airflow/example_dags/example_branch_operator.py
[2024-06-16 11:19:24,059] {logging_mixin.py:115} INFO - [2024-06-16 11:19:24,059] {dag.py:2371} INFO - Sync 1 DAGs
[2024-06-16 11:19:24,237] {logging_mixin.py:115} INFO - [2024-06-16 11:19:24,237] {dag.py:2919} INFO - Setting next_dagrun for example_branch_operator to 2024-06-15T00:00:00+00:00, run_after=2024-06-16T00:00:00+00:00
[2024-06-16 11:19:24,255] {processor.py:161} INFO - Processing /home/airflow/.local/lib/python3.7/site-packages/airflow/example_dags/example_branch_operator.py took 0.264 seconds
[2024-06-16 11:19:54,777] {processor.py:153} INFO - Started process (PID=492) to work on /home/airflow/.local/lib/python3.7/site-packages/airflow/example_dags/example_branch_operator.py
[2024-06-16 11:19:54,780] {processor.py:641} INFO - Processing file /home/airflow/.local/lib/python3.7/site-packages/airflow/example_dags/example_branch_operator.py for tasks to queue
[2024-06-16 11:19:54,781] {logging_mixin.py:115} INFO - [2024-06-16 11:19:54,781] {dagbag.py:507} INFO - Filling up the DagBag from /home/airflow/.local/lib/python3.7/site-packages/airflow/example_dags/example_branch_operator.py
[2024-06-16 11:19:54,797] {processor.py:651} INFO - DAG(s) dict_keys(['example_branch_operator']) retrieved from /home/airflow/.local/lib/python3.7/site-packages/airflow/example_dags/example_branch_operator.py
[2024-06-16 11:19:54,836] {logging_mixin.py:115} INFO - [2024-06-16 11:19:54,836] {dag.py:2371} INFO - Sync 1 DAGs
[2024-06-16 11:19:55,015] {logging_mixin.py:115} INFO - [2024-06-16 11:19:55,015] {dag.py:2919} INFO - Setting next_dagrun for example_branch_operator to 2024-06-15T00:00:00+00:00, run_after=2024-06-16T00:00:00+00:00
[2024-06-16 11:19:55,030] {processor.py:161} INFO - Processing /home/airflow/.local/lib/python3.7/site-packages/airflow/example_dags/example_branch_operator.py took 0.258 seconds
[2024-06-16 11:20:25,693] {processor.py:153} INFO - Started process (PID=553) to work on /home/airflow/.local/lib/python3.7/site-packages/airflow/example_dags/example_branch_operator.py
[2024-06-16 11:20:25,693] {processor.py:641} INFO - Processing file /home/airflow/.local/lib/python3.7/site-packages/airflow/example_dags/example_branch_operator.py for tasks to queue
[2024-06-16 11:20:25,697] {logging_mixin.py:115} INFO - [2024-06-16 11:20:25,696] {dagbag.py:507} INFO - Filling up the DagBag from /home/airflow/.local/lib/python3.7/site-packages/airflow/example_dags/example_branch_operator.py
[2024-06-16 11:20:25,715] {processor.py:651} INFO - DAG(s) dict_keys(['example_branch_operator']) retrieved from /home/airflow/.local/lib/python3.7/site-packages/airflow/example_dags/example_branch_operator.py
[2024-06-16 11:20:25,765] {logging_mixin.py:115} INFO - [2024-06-16 11:20:25,765] {dag.py:2371} INFO - Sync 1 DAGs
[2024-06-16 11:20:25,969] {logging_mixin.py:115} INFO - [2024-06-16 11:20:25,969] {dag.py:2919} INFO - Setting next_dagrun for example_branch_operator to 2024-06-15T00:00:00+00:00, run_after=2024-06-16T00:00:00+00:00
[2024-06-16 11:20:25,995] {processor.py:161} INFO - Processing /home/airflow/.local/lib/python3.7/site-packages/airflow/example_dags/example_branch_operator.py took 0.307 seconds
[2024-06-16 11:20:56,467] {processor.py:153} INFO - Started process (PID=611) to work on /home/airflow/.local/lib/python3.7/site-packages/airflow/example_dags/example_branch_operator.py
[2024-06-16 11:20:56,468] {processor.py:641} INFO - Processing file /home/airflow/.local/lib/python3.7/site-packages/airflow/example_dags/example_branch_operator.py for tasks to queue
[2024-06-16 11:20:56,469] {logging_mixin.py:115} INFO - [2024-06-16 11:20:56,469] {dagbag.py:507} INFO - Filling up the DagBag from /home/airflow/.local/lib/python3.7/site-packages/airflow/example_dags/example_branch_operator.py
[2024-06-16 11:20:56,488] {processor.py:651} INFO - DAG(s) dict_keys(['example_branch_operator']) retrieved from /home/airflow/.local/lib/python3.7/site-packages/airflow/example_dags/example_branch_operator.py
[2024-06-16 11:20:56,533] {logging_mixin.py:115} INFO - [2024-06-16 11:20:56,533] {dag.py:2371} INFO - Sync 1 DAGs
[2024-06-16 11:20:56,740] {logging_mixin.py:115} INFO - [2024-06-16 11:20:56,740] {dag.py:2919} INFO - Setting next_dagrun for example_branch_operator to 2024-06-15T00:00:00+00:00, run_after=2024-06-16T00:00:00+00:00
[2024-06-16 11:20:56,772] {processor.py:161} INFO - Processing /home/airflow/.local/lib/python3.7/site-packages/airflow/example_dags/example_branch_operator.py took 0.309 seconds
