[2024-06-16 10:06:44,889] {processor.py:153} INFO - Started process (PID=65) to work on /home/airflow/.local/lib/python3.7/site-packages/airflow/example_dags/example_task_group_decorator.py
[2024-06-16 10:06:44,890] {processor.py:641} INFO - Processing file /home/airflow/.local/lib/python3.7/site-packages/airflow/example_dags/example_task_group_decorator.py for tasks to queue
[2024-06-16 10:06:44,891] {logging_mixin.py:115} INFO - [2024-06-16 10:06:44,891] {dagbag.py:507} INFO - Filling up the DagBag from /home/airflow/.local/lib/python3.7/site-packages/airflow/example_dags/example_task_group_decorator.py
[2024-06-16 10:06:44,921] {processor.py:651} INFO - DAG(s) dict_keys(['example_task_group_decorator']) retrieved from /home/airflow/.local/lib/python3.7/site-packages/airflow/example_dags/example_task_group_decorator.py
[2024-06-16 10:06:45,114] {logging_mixin.py:115} INFO - [2024-06-16 10:06:45,114] {dag.py:2371} INFO - Sync 1 DAGs
[2024-06-16 10:06:45,134] {logging_mixin.py:115} INFO - [2024-06-16 10:06:45,134] {dag.py:2919} INFO - Setting next_dagrun for example_task_group_decorator to 2024-06-15T10:06:45.133860+00:00, run_after=2024-06-16T10:06:45.133860+00:00
[2024-06-16 10:06:45,151] {processor.py:161} INFO - Processing /home/airflow/.local/lib/python3.7/site-packages/airflow/example_dags/example_task_group_decorator.py took 0.265 seconds
[2024-06-16 10:07:16,645] {processor.py:153} INFO - Started process (PID=128) to work on /home/airflow/.local/lib/python3.7/site-packages/airflow/example_dags/example_task_group_decorator.py
[2024-06-16 10:07:16,649] {processor.py:641} INFO - Processing file /home/airflow/.local/lib/python3.7/site-packages/airflow/example_dags/example_task_group_decorator.py for tasks to queue
[2024-06-16 10:07:16,650] {logging_mixin.py:115} INFO - [2024-06-16 10:07:16,650] {dagbag.py:507} INFO - Filling up the DagBag from /home/airflow/.local/lib/python3.7/site-packages/airflow/example_dags/example_task_group_decorator.py
[2024-06-16 10:07:16,694] {processor.py:651} INFO - DAG(s) dict_keys(['example_task_group_decorator']) retrieved from /home/airflow/.local/lib/python3.7/site-packages/airflow/example_dags/example_task_group_decorator.py
[2024-06-16 10:07:16,889] {logging_mixin.py:115} INFO - [2024-06-16 10:07:16,889] {dag.py:2371} INFO - Sync 1 DAGs
[2024-06-16 10:07:16,927] {logging_mixin.py:115} INFO - [2024-06-16 10:07:16,927] {dag.py:2919} INFO - Setting next_dagrun for example_task_group_decorator to 2024-06-15T10:07:16.927587+00:00, run_after=2024-06-16T10:07:16.927587+00:00
[2024-06-16 10:07:16,958] {processor.py:161} INFO - Processing /home/airflow/.local/lib/python3.7/site-packages/airflow/example_dags/example_task_group_decorator.py took 0.316 seconds
[2024-06-16 10:07:47,207] {processor.py:153} INFO - Started process (PID=192) to work on /home/airflow/.local/lib/python3.7/site-packages/airflow/example_dags/example_task_group_decorator.py
[2024-06-16 10:07:47,208] {processor.py:641} INFO - Processing file /home/airflow/.local/lib/python3.7/site-packages/airflow/example_dags/example_task_group_decorator.py for tasks to queue
[2024-06-16 10:07:47,209] {logging_mixin.py:115} INFO - [2024-06-16 10:07:47,209] {dagbag.py:507} INFO - Filling up the DagBag from /home/airflow/.local/lib/python3.7/site-packages/airflow/example_dags/example_task_group_decorator.py
[2024-06-16 10:07:47,238] {processor.py:651} INFO - DAG(s) dict_keys(['example_task_group_decorator']) retrieved from /home/airflow/.local/lib/python3.7/site-packages/airflow/example_dags/example_task_group_decorator.py
[2024-06-16 10:07:47,445] {logging_mixin.py:115} INFO - [2024-06-16 10:07:47,445] {dag.py:2371} INFO - Sync 1 DAGs
[2024-06-16 10:07:47,465] {logging_mixin.py:115} INFO - [2024-06-16 10:07:47,465] {dag.py:2919} INFO - Setting next_dagrun for example_task_group_decorator to 2024-06-15T10:07:47.464915+00:00, run_after=2024-06-16T10:07:47.464915+00:00
[2024-06-16 10:07:47,482] {processor.py:161} INFO - Processing /home/airflow/.local/lib/python3.7/site-packages/airflow/example_dags/example_task_group_decorator.py took 0.278 seconds
[2024-06-16 10:08:17,693] {processor.py:153} INFO - Started process (PID=246) to work on /home/airflow/.local/lib/python3.7/site-packages/airflow/example_dags/example_task_group_decorator.py
[2024-06-16 10:08:17,694] {processor.py:641} INFO - Processing file /home/airflow/.local/lib/python3.7/site-packages/airflow/example_dags/example_task_group_decorator.py for tasks to queue
[2024-06-16 10:08:17,694] {logging_mixin.py:115} INFO - [2024-06-16 10:08:17,694] {dagbag.py:507} INFO - Filling up the DagBag from /home/airflow/.local/lib/python3.7/site-packages/airflow/example_dags/example_task_group_decorator.py
[2024-06-16 10:08:17,725] {processor.py:651} INFO - DAG(s) dict_keys(['example_task_group_decorator']) retrieved from /home/airflow/.local/lib/python3.7/site-packages/airflow/example_dags/example_task_group_decorator.py
[2024-06-16 10:08:17,881] {logging_mixin.py:115} INFO - [2024-06-16 10:08:17,881] {dag.py:2371} INFO - Sync 1 DAGs
[2024-06-16 10:08:17,900] {logging_mixin.py:115} INFO - [2024-06-16 10:08:17,900] {dag.py:2919} INFO - Setting next_dagrun for example_task_group_decorator to 2024-06-15T10:08:17.900610+00:00, run_after=2024-06-16T10:08:17.900610+00:00
[2024-06-16 10:08:17,914] {processor.py:161} INFO - Processing /home/airflow/.local/lib/python3.7/site-packages/airflow/example_dags/example_task_group_decorator.py took 0.225 seconds
[2024-06-16 10:08:48,188] {processor.py:153} INFO - Started process (PID=308) to work on /home/airflow/.local/lib/python3.7/site-packages/airflow/example_dags/example_task_group_decorator.py
[2024-06-16 10:08:48,189] {processor.py:641} INFO - Processing file /home/airflow/.local/lib/python3.7/site-packages/airflow/example_dags/example_task_group_decorator.py for tasks to queue
[2024-06-16 10:08:48,189] {logging_mixin.py:115} INFO - [2024-06-16 10:08:48,189] {dagbag.py:507} INFO - Filling up the DagBag from /home/airflow/.local/lib/python3.7/site-packages/airflow/example_dags/example_task_group_decorator.py
[2024-06-16 10:08:48,218] {processor.py:651} INFO - DAG(s) dict_keys(['example_task_group_decorator']) retrieved from /home/airflow/.local/lib/python3.7/site-packages/airflow/example_dags/example_task_group_decorator.py
[2024-06-16 10:08:48,430] {logging_mixin.py:115} INFO - [2024-06-16 10:08:48,429] {dag.py:2371} INFO - Sync 1 DAGs
[2024-06-16 10:08:48,459] {logging_mixin.py:115} INFO - [2024-06-16 10:08:48,459] {dag.py:2919} INFO - Setting next_dagrun for example_task_group_decorator to 2024-06-15T10:08:48.458928+00:00, run_after=2024-06-16T10:08:48.458928+00:00
[2024-06-16 10:08:48,488] {processor.py:161} INFO - Processing /home/airflow/.local/lib/python3.7/site-packages/airflow/example_dags/example_task_group_decorator.py took 0.304 seconds
[2024-06-16 10:09:18,917] {processor.py:153} INFO - Started process (PID=370) to work on /home/airflow/.local/lib/python3.7/site-packages/airflow/example_dags/example_task_group_decorator.py
[2024-06-16 10:09:18,918] {processor.py:641} INFO - Processing file /home/airflow/.local/lib/python3.7/site-packages/airflow/example_dags/example_task_group_decorator.py for tasks to queue
[2024-06-16 10:09:18,919] {logging_mixin.py:115} INFO - [2024-06-16 10:09:18,919] {dagbag.py:507} INFO - Filling up the DagBag from /home/airflow/.local/lib/python3.7/site-packages/airflow/example_dags/example_task_group_decorator.py
[2024-06-16 10:09:18,956] {processor.py:651} INFO - DAG(s) dict_keys(['example_task_group_decorator']) retrieved from /home/airflow/.local/lib/python3.7/site-packages/airflow/example_dags/example_task_group_decorator.py
[2024-06-16 10:09:19,149] {logging_mixin.py:115} INFO - [2024-06-16 10:09:19,148] {dag.py:2371} INFO - Sync 1 DAGs
[2024-06-16 10:09:19,171] {logging_mixin.py:115} INFO - [2024-06-16 10:09:19,171] {dag.py:2919} INFO - Setting next_dagrun for example_task_group_decorator to 2024-06-15T10:09:19.171665+00:00, run_after=2024-06-16T10:09:19.171665+00:00
[2024-06-16 10:09:19,198] {processor.py:161} INFO - Processing /home/airflow/.local/lib/python3.7/site-packages/airflow/example_dags/example_task_group_decorator.py took 0.284 seconds
[2024-06-16 10:09:49,599] {processor.py:153} INFO - Started process (PID=427) to work on /home/airflow/.local/lib/python3.7/site-packages/airflow/example_dags/example_task_group_decorator.py
[2024-06-16 10:09:49,601] {processor.py:641} INFO - Processing file /home/airflow/.local/lib/python3.7/site-packages/airflow/example_dags/example_task_group_decorator.py for tasks to queue
[2024-06-16 10:09:49,602] {logging_mixin.py:115} INFO - [2024-06-16 10:09:49,601] {dagbag.py:507} INFO - Filling up the DagBag from /home/airflow/.local/lib/python3.7/site-packages/airflow/example_dags/example_task_group_decorator.py
[2024-06-16 10:09:49,641] {processor.py:651} INFO - DAG(s) dict_keys(['example_task_group_decorator']) retrieved from /home/airflow/.local/lib/python3.7/site-packages/airflow/example_dags/example_task_group_decorator.py
[2024-06-16 10:09:49,871] {logging_mixin.py:115} INFO - [2024-06-16 10:09:49,871] {dag.py:2371} INFO - Sync 1 DAGs
[2024-06-16 10:09:49,891] {logging_mixin.py:115} INFO - [2024-06-16 10:09:49,891] {dag.py:2919} INFO - Setting next_dagrun for example_task_group_decorator to 2024-06-15T10:09:49.891342+00:00, run_after=2024-06-16T10:09:49.891342+00:00
[2024-06-16 10:09:49,933] {processor.py:161} INFO - Processing /home/airflow/.local/lib/python3.7/site-packages/airflow/example_dags/example_task_group_decorator.py took 0.340 seconds
[2024-06-16 10:10:20,249] {processor.py:153} INFO - Started process (PID=491) to work on /home/airflow/.local/lib/python3.7/site-packages/airflow/example_dags/example_task_group_decorator.py
[2024-06-16 10:10:20,250] {processor.py:641} INFO - Processing file /home/airflow/.local/lib/python3.7/site-packages/airflow/example_dags/example_task_group_decorator.py for tasks to queue
[2024-06-16 10:10:20,251] {logging_mixin.py:115} INFO - [2024-06-16 10:10:20,251] {dagbag.py:507} INFO - Filling up the DagBag from /home/airflow/.local/lib/python3.7/site-packages/airflow/example_dags/example_task_group_decorator.py
[2024-06-16 10:10:20,279] {processor.py:651} INFO - DAG(s) dict_keys(['example_task_group_decorator']) retrieved from /home/airflow/.local/lib/python3.7/site-packages/airflow/example_dags/example_task_group_decorator.py
[2024-06-16 10:10:20,475] {logging_mixin.py:115} INFO - [2024-06-16 10:10:20,475] {dag.py:2371} INFO - Sync 1 DAGs
[2024-06-16 10:10:20,494] {logging_mixin.py:115} INFO - [2024-06-16 10:10:20,494] {dag.py:2919} INFO - Setting next_dagrun for example_task_group_decorator to 2024-06-15T10:10:20.494584+00:00, run_after=2024-06-16T10:10:20.494584+00:00
[2024-06-16 10:10:20,511] {processor.py:161} INFO - Processing /home/airflow/.local/lib/python3.7/site-packages/airflow/example_dags/example_task_group_decorator.py took 0.265 seconds
[2024-06-16 10:10:51,113] {processor.py:153} INFO - Started process (PID=545) to work on /home/airflow/.local/lib/python3.7/site-packages/airflow/example_dags/example_task_group_decorator.py
[2024-06-16 10:10:51,114] {processor.py:641} INFO - Processing file /home/airflow/.local/lib/python3.7/site-packages/airflow/example_dags/example_task_group_decorator.py for tasks to queue
[2024-06-16 10:10:51,115] {logging_mixin.py:115} INFO - [2024-06-16 10:10:51,115] {dagbag.py:507} INFO - Filling up the DagBag from /home/airflow/.local/lib/python3.7/site-packages/airflow/example_dags/example_task_group_decorator.py
[2024-06-16 10:10:51,150] {processor.py:651} INFO - DAG(s) dict_keys(['example_task_group_decorator']) retrieved from /home/airflow/.local/lib/python3.7/site-packages/airflow/example_dags/example_task_group_decorator.py
[2024-06-16 10:10:51,371] {logging_mixin.py:115} INFO - [2024-06-16 10:10:51,371] {dag.py:2371} INFO - Sync 1 DAGs
[2024-06-16 10:10:51,392] {logging_mixin.py:115} INFO - [2024-06-16 10:10:51,392] {dag.py:2919} INFO - Setting next_dagrun for example_task_group_decorator to 2024-06-15T10:10:51.391993+00:00, run_after=2024-06-16T10:10:51.391993+00:00
[2024-06-16 10:10:51,417] {processor.py:161} INFO - Processing /home/airflow/.local/lib/python3.7/site-packages/airflow/example_dags/example_task_group_decorator.py took 0.308 seconds
[2024-06-16 10:11:22,423] {processor.py:153} INFO - Started process (PID=608) to work on /home/airflow/.local/lib/python3.7/site-packages/airflow/example_dags/example_task_group_decorator.py
[2024-06-16 10:11:22,424] {processor.py:641} INFO - Processing file /home/airflow/.local/lib/python3.7/site-packages/airflow/example_dags/example_task_group_decorator.py for tasks to queue
[2024-06-16 10:11:22,425] {logging_mixin.py:115} INFO - [2024-06-16 10:11:22,425] {dagbag.py:507} INFO - Filling up the DagBag from /home/airflow/.local/lib/python3.7/site-packages/airflow/example_dags/example_task_group_decorator.py
[2024-06-16 10:11:22,455] {processor.py:651} INFO - DAG(s) dict_keys(['example_task_group_decorator']) retrieved from /home/airflow/.local/lib/python3.7/site-packages/airflow/example_dags/example_task_group_decorator.py
[2024-06-16 10:11:22,651] {logging_mixin.py:115} INFO - [2024-06-16 10:11:22,651] {dag.py:2371} INFO - Sync 1 DAGs
[2024-06-16 10:11:22,670] {logging_mixin.py:115} INFO - [2024-06-16 10:11:22,670] {dag.py:2919} INFO - Setting next_dagrun for example_task_group_decorator to 2024-06-15T10:11:22.670528+00:00, run_after=2024-06-16T10:11:22.670528+00:00
[2024-06-16 10:11:22,689] {processor.py:161} INFO - Processing /home/airflow/.local/lib/python3.7/site-packages/airflow/example_dags/example_task_group_decorator.py took 0.269 seconds
[2024-06-16 10:11:52,758] {processor.py:153} INFO - Started process (PID=671) to work on /home/airflow/.local/lib/python3.7/site-packages/airflow/example_dags/example_task_group_decorator.py
[2024-06-16 10:11:52,758] {processor.py:641} INFO - Processing file /home/airflow/.local/lib/python3.7/site-packages/airflow/example_dags/example_task_group_decorator.py for tasks to queue
[2024-06-16 10:11:52,759] {logging_mixin.py:115} INFO - [2024-06-16 10:11:52,759] {dagbag.py:507} INFO - Filling up the DagBag from /home/airflow/.local/lib/python3.7/site-packages/airflow/example_dags/example_task_group_decorator.py
[2024-06-16 10:11:52,790] {processor.py:651} INFO - DAG(s) dict_keys(['example_task_group_decorator']) retrieved from /home/airflow/.local/lib/python3.7/site-packages/airflow/example_dags/example_task_group_decorator.py
[2024-06-16 10:11:52,985] {logging_mixin.py:115} INFO - [2024-06-16 10:11:52,985] {dag.py:2371} INFO - Sync 1 DAGs
[2024-06-16 10:11:53,004] {logging_mixin.py:115} INFO - [2024-06-16 10:11:53,004] {dag.py:2919} INFO - Setting next_dagrun for example_task_group_decorator to 2024-06-15T10:11:53.004294+00:00, run_after=2024-06-16T10:11:53.004294+00:00
[2024-06-16 10:11:53,025] {processor.py:161} INFO - Processing /home/airflow/.local/lib/python3.7/site-packages/airflow/example_dags/example_task_group_decorator.py took 0.270 seconds
[2024-06-16 10:12:23,961] {processor.py:153} INFO - Started process (PID=724) to work on /home/airflow/.local/lib/python3.7/site-packages/airflow/example_dags/example_task_group_decorator.py
[2024-06-16 10:12:23,962] {processor.py:641} INFO - Processing file /home/airflow/.local/lib/python3.7/site-packages/airflow/example_dags/example_task_group_decorator.py for tasks to queue
[2024-06-16 10:12:23,963] {logging_mixin.py:115} INFO - [2024-06-16 10:12:23,963] {dagbag.py:507} INFO - Filling up the DagBag from /home/airflow/.local/lib/python3.7/site-packages/airflow/example_dags/example_task_group_decorator.py
[2024-06-16 10:12:24,034] {processor.py:651} INFO - DAG(s) dict_keys(['example_task_group_decorator']) retrieved from /home/airflow/.local/lib/python3.7/site-packages/airflow/example_dags/example_task_group_decorator.py
[2024-06-16 10:12:24,421] {logging_mixin.py:115} INFO - [2024-06-16 10:12:24,421] {dag.py:2371} INFO - Sync 1 DAGs
[2024-06-16 10:12:24,511] {logging_mixin.py:115} INFO - [2024-06-16 10:12:24,510] {dag.py:2919} INFO - Setting next_dagrun for example_task_group_decorator to 2024-06-15T10:12:24.510753+00:00, run_after=2024-06-16T10:12:24.510753+00:00
[2024-06-16 10:12:24,547] {processor.py:161} INFO - Processing /home/airflow/.local/lib/python3.7/site-packages/airflow/example_dags/example_task_group_decorator.py took 0.589 seconds
[2024-06-16 10:12:55,475] {processor.py:153} INFO - Started process (PID=786) to work on /home/airflow/.local/lib/python3.7/site-packages/airflow/example_dags/example_task_group_decorator.py
[2024-06-16 10:12:55,476] {processor.py:641} INFO - Processing file /home/airflow/.local/lib/python3.7/site-packages/airflow/example_dags/example_task_group_decorator.py for tasks to queue
[2024-06-16 10:12:55,477] {logging_mixin.py:115} INFO - [2024-06-16 10:12:55,477] {dagbag.py:507} INFO - Filling up the DagBag from /home/airflow/.local/lib/python3.7/site-packages/airflow/example_dags/example_task_group_decorator.py
[2024-06-16 10:12:55,509] {processor.py:651} INFO - DAG(s) dict_keys(['example_task_group_decorator']) retrieved from /home/airflow/.local/lib/python3.7/site-packages/airflow/example_dags/example_task_group_decorator.py
[2024-06-16 10:12:55,664] {logging_mixin.py:115} INFO - [2024-06-16 10:12:55,663] {dag.py:2371} INFO - Sync 1 DAGs
[2024-06-16 10:12:55,692] {logging_mixin.py:115} INFO - [2024-06-16 10:12:55,692] {dag.py:2919} INFO - Setting next_dagrun for example_task_group_decorator to 2024-06-15T10:12:55.692096+00:00, run_after=2024-06-16T10:12:55.692096+00:00
[2024-06-16 10:12:55,708] {processor.py:161} INFO - Processing /home/airflow/.local/lib/python3.7/site-packages/airflow/example_dags/example_task_group_decorator.py took 0.237 seconds
[2024-06-16 10:13:26,126] {processor.py:153} INFO - Started process (PID=849) to work on /home/airflow/.local/lib/python3.7/site-packages/airflow/example_dags/example_task_group_decorator.py
[2024-06-16 10:13:26,142] {processor.py:641} INFO - Processing file /home/airflow/.local/lib/python3.7/site-packages/airflow/example_dags/example_task_group_decorator.py for tasks to queue
[2024-06-16 10:13:26,144] {logging_mixin.py:115} INFO - [2024-06-16 10:13:26,144] {dagbag.py:507} INFO - Filling up the DagBag from /home/airflow/.local/lib/python3.7/site-packages/airflow/example_dags/example_task_group_decorator.py
[2024-06-16 10:13:26,212] {processor.py:651} INFO - DAG(s) dict_keys(['example_task_group_decorator']) retrieved from /home/airflow/.local/lib/python3.7/site-packages/airflow/example_dags/example_task_group_decorator.py
[2024-06-16 10:13:26,375] {logging_mixin.py:115} INFO - [2024-06-16 10:13:26,374] {dag.py:2371} INFO - Sync 1 DAGs
[2024-06-16 10:13:26,396] {logging_mixin.py:115} INFO - [2024-06-16 10:13:26,396] {dag.py:2919} INFO - Setting next_dagrun for example_task_group_decorator to 2024-06-15T10:13:26.396642+00:00, run_after=2024-06-16T10:13:26.396642+00:00
[2024-06-16 10:13:26,415] {processor.py:161} INFO - Processing /home/airflow/.local/lib/python3.7/site-packages/airflow/example_dags/example_task_group_decorator.py took 0.293 seconds
[2024-06-16 10:13:57,221] {processor.py:153} INFO - Started process (PID=903) to work on /home/airflow/.local/lib/python3.7/site-packages/airflow/example_dags/example_task_group_decorator.py
[2024-06-16 10:13:57,235] {processor.py:641} INFO - Processing file /home/airflow/.local/lib/python3.7/site-packages/airflow/example_dags/example_task_group_decorator.py for tasks to queue
[2024-06-16 10:13:57,236] {logging_mixin.py:115} INFO - [2024-06-16 10:13:57,236] {dagbag.py:507} INFO - Filling up the DagBag from /home/airflow/.local/lib/python3.7/site-packages/airflow/example_dags/example_task_group_decorator.py
[2024-06-16 10:13:57,272] {processor.py:651} INFO - DAG(s) dict_keys(['example_task_group_decorator']) retrieved from /home/airflow/.local/lib/python3.7/site-packages/airflow/example_dags/example_task_group_decorator.py
[2024-06-16 10:13:57,427] {logging_mixin.py:115} INFO - [2024-06-16 10:13:57,427] {dag.py:2371} INFO - Sync 1 DAGs
[2024-06-16 10:13:57,447] {logging_mixin.py:115} INFO - [2024-06-16 10:13:57,447] {dag.py:2919} INFO - Setting next_dagrun for example_task_group_decorator to 2024-06-15T10:13:57.447358+00:00, run_after=2024-06-16T10:13:57.447358+00:00
[2024-06-16 10:13:57,463] {processor.py:161} INFO - Processing /home/airflow/.local/lib/python3.7/site-packages/airflow/example_dags/example_task_group_decorator.py took 0.246 seconds
[2024-06-16 10:14:27,511] {processor.py:153} INFO - Started process (PID=967) to work on /home/airflow/.local/lib/python3.7/site-packages/airflow/example_dags/example_task_group_decorator.py
[2024-06-16 10:14:27,512] {processor.py:641} INFO - Processing file /home/airflow/.local/lib/python3.7/site-packages/airflow/example_dags/example_task_group_decorator.py for tasks to queue
[2024-06-16 10:14:27,513] {logging_mixin.py:115} INFO - [2024-06-16 10:14:27,513] {dagbag.py:507} INFO - Filling up the DagBag from /home/airflow/.local/lib/python3.7/site-packages/airflow/example_dags/example_task_group_decorator.py
[2024-06-16 10:14:27,545] {processor.py:651} INFO - DAG(s) dict_keys(['example_task_group_decorator']) retrieved from /home/airflow/.local/lib/python3.7/site-packages/airflow/example_dags/example_task_group_decorator.py
[2024-06-16 10:14:27,691] {logging_mixin.py:115} INFO - [2024-06-16 10:14:27,690] {dag.py:2371} INFO - Sync 1 DAGs
[2024-06-16 10:14:27,712] {logging_mixin.py:115} INFO - [2024-06-16 10:14:27,711] {dag.py:2919} INFO - Setting next_dagrun for example_task_group_decorator to 2024-06-15T10:14:27.711691+00:00, run_after=2024-06-16T10:14:27.711691+00:00
[2024-06-16 10:14:27,728] {processor.py:161} INFO - Processing /home/airflow/.local/lib/python3.7/site-packages/airflow/example_dags/example_task_group_decorator.py took 0.220 seconds
[2024-06-16 10:14:58,449] {processor.py:153} INFO - Started process (PID=1030) to work on /home/airflow/.local/lib/python3.7/site-packages/airflow/example_dags/example_task_group_decorator.py
[2024-06-16 10:14:58,450] {processor.py:641} INFO - Processing file /home/airflow/.local/lib/python3.7/site-packages/airflow/example_dags/example_task_group_decorator.py for tasks to queue
[2024-06-16 10:14:58,451] {logging_mixin.py:115} INFO - [2024-06-16 10:14:58,450] {dagbag.py:507} INFO - Filling up the DagBag from /home/airflow/.local/lib/python3.7/site-packages/airflow/example_dags/example_task_group_decorator.py
[2024-06-16 10:14:58,490] {processor.py:651} INFO - DAG(s) dict_keys(['example_task_group_decorator']) retrieved from /home/airflow/.local/lib/python3.7/site-packages/airflow/example_dags/example_task_group_decorator.py
[2024-06-16 10:14:58,652] {logging_mixin.py:115} INFO - [2024-06-16 10:14:58,652] {dag.py:2371} INFO - Sync 1 DAGs
[2024-06-16 10:14:58,673] {logging_mixin.py:115} INFO - [2024-06-16 10:14:58,673] {dag.py:2919} INFO - Setting next_dagrun for example_task_group_decorator to 2024-06-15T10:14:58.673317+00:00, run_after=2024-06-16T10:14:58.673317+00:00
[2024-06-16 10:14:58,687] {processor.py:161} INFO - Processing /home/airflow/.local/lib/python3.7/site-packages/airflow/example_dags/example_task_group_decorator.py took 0.242 seconds
[2024-06-16 10:15:29,054] {processor.py:153} INFO - Started process (PID=1083) to work on /home/airflow/.local/lib/python3.7/site-packages/airflow/example_dags/example_task_group_decorator.py
[2024-06-16 10:15:29,055] {processor.py:641} INFO - Processing file /home/airflow/.local/lib/python3.7/site-packages/airflow/example_dags/example_task_group_decorator.py for tasks to queue
[2024-06-16 10:15:29,056] {logging_mixin.py:115} INFO - [2024-06-16 10:15:29,056] {dagbag.py:507} INFO - Filling up the DagBag from /home/airflow/.local/lib/python3.7/site-packages/airflow/example_dags/example_task_group_decorator.py
[2024-06-16 10:15:29,091] {processor.py:651} INFO - DAG(s) dict_keys(['example_task_group_decorator']) retrieved from /home/airflow/.local/lib/python3.7/site-packages/airflow/example_dags/example_task_group_decorator.py
[2024-06-16 10:15:29,246] {logging_mixin.py:115} INFO - [2024-06-16 10:15:29,246] {dag.py:2371} INFO - Sync 1 DAGs
[2024-06-16 10:15:29,269] {logging_mixin.py:115} INFO - [2024-06-16 10:15:29,269] {dag.py:2919} INFO - Setting next_dagrun for example_task_group_decorator to 2024-06-15T10:15:29.268872+00:00, run_after=2024-06-16T10:15:29.268872+00:00
[2024-06-16 10:15:29,286] {processor.py:161} INFO - Processing /home/airflow/.local/lib/python3.7/site-packages/airflow/example_dags/example_task_group_decorator.py took 0.237 seconds
[2024-06-16 10:15:59,849] {processor.py:153} INFO - Started process (PID=1146) to work on /home/airflow/.local/lib/python3.7/site-packages/airflow/example_dags/example_task_group_decorator.py
[2024-06-16 10:15:59,850] {processor.py:641} INFO - Processing file /home/airflow/.local/lib/python3.7/site-packages/airflow/example_dags/example_task_group_decorator.py for tasks to queue
[2024-06-16 10:15:59,851] {logging_mixin.py:115} INFO - [2024-06-16 10:15:59,851] {dagbag.py:507} INFO - Filling up the DagBag from /home/airflow/.local/lib/python3.7/site-packages/airflow/example_dags/example_task_group_decorator.py
[2024-06-16 10:15:59,883] {processor.py:651} INFO - DAG(s) dict_keys(['example_task_group_decorator']) retrieved from /home/airflow/.local/lib/python3.7/site-packages/airflow/example_dags/example_task_group_decorator.py
[2024-06-16 10:16:00,055] {logging_mixin.py:115} INFO - [2024-06-16 10:16:00,055] {dag.py:2371} INFO - Sync 1 DAGs
[2024-06-16 10:16:00,078] {logging_mixin.py:115} INFO - [2024-06-16 10:16:00,078] {dag.py:2919} INFO - Setting next_dagrun for example_task_group_decorator to 2024-06-15T10:16:00.078415+00:00, run_after=2024-06-16T10:16:00.078415+00:00
[2024-06-16 10:16:00,107] {processor.py:161} INFO - Processing /home/airflow/.local/lib/python3.7/site-packages/airflow/example_dags/example_task_group_decorator.py took 0.261 seconds
[2024-06-16 10:16:30,347] {processor.py:153} INFO - Started process (PID=1200) to work on /home/airflow/.local/lib/python3.7/site-packages/airflow/example_dags/example_task_group_decorator.py
[2024-06-16 10:16:30,349] {processor.py:641} INFO - Processing file /home/airflow/.local/lib/python3.7/site-packages/airflow/example_dags/example_task_group_decorator.py for tasks to queue
[2024-06-16 10:16:30,350] {logging_mixin.py:115} INFO - [2024-06-16 10:16:30,350] {dagbag.py:507} INFO - Filling up the DagBag from /home/airflow/.local/lib/python3.7/site-packages/airflow/example_dags/example_task_group_decorator.py
[2024-06-16 10:16:30,383] {processor.py:651} INFO - DAG(s) dict_keys(['example_task_group_decorator']) retrieved from /home/airflow/.local/lib/python3.7/site-packages/airflow/example_dags/example_task_group_decorator.py
[2024-06-16 10:16:30,535] {logging_mixin.py:115} INFO - [2024-06-16 10:16:30,535] {dag.py:2371} INFO - Sync 1 DAGs
[2024-06-16 10:16:30,557] {logging_mixin.py:115} INFO - [2024-06-16 10:16:30,556] {dag.py:2919} INFO - Setting next_dagrun for example_task_group_decorator to 2024-06-15T10:16:30.556771+00:00, run_after=2024-06-16T10:16:30.556771+00:00
[2024-06-16 10:16:30,571] {processor.py:161} INFO - Processing /home/airflow/.local/lib/python3.7/site-packages/airflow/example_dags/example_task_group_decorator.py took 0.227 seconds
[2024-06-16 10:17:00,930] {processor.py:153} INFO - Started process (PID=1262) to work on /home/airflow/.local/lib/python3.7/site-packages/airflow/example_dags/example_task_group_decorator.py
[2024-06-16 10:17:00,931] {processor.py:641} INFO - Processing file /home/airflow/.local/lib/python3.7/site-packages/airflow/example_dags/example_task_group_decorator.py for tasks to queue
[2024-06-16 10:17:00,932] {logging_mixin.py:115} INFO - [2024-06-16 10:17:00,932] {dagbag.py:507} INFO - Filling up the DagBag from /home/airflow/.local/lib/python3.7/site-packages/airflow/example_dags/example_task_group_decorator.py
[2024-06-16 10:17:00,968] {processor.py:651} INFO - DAG(s) dict_keys(['example_task_group_decorator']) retrieved from /home/airflow/.local/lib/python3.7/site-packages/airflow/example_dags/example_task_group_decorator.py
[2024-06-16 10:17:01,047] {logging_mixin.py:115} INFO - [2024-06-16 10:17:01,047] {dag.py:2371} INFO - Sync 1 DAGs
[2024-06-16 10:17:01,071] {logging_mixin.py:115} INFO - [2024-06-16 10:17:01,071] {dag.py:2919} INFO - Setting next_dagrun for example_task_group_decorator to 2024-06-15T10:17:01.071521+00:00, run_after=2024-06-16T10:17:01.071521+00:00
[2024-06-16 10:17:01,213] {processor.py:161} INFO - Processing /home/airflow/.local/lib/python3.7/site-packages/airflow/example_dags/example_task_group_decorator.py took 0.286 seconds
[2024-06-16 10:17:31,776] {processor.py:153} INFO - Started process (PID=1326) to work on /home/airflow/.local/lib/python3.7/site-packages/airflow/example_dags/example_task_group_decorator.py
[2024-06-16 10:17:31,777] {processor.py:641} INFO - Processing file /home/airflow/.local/lib/python3.7/site-packages/airflow/example_dags/example_task_group_decorator.py for tasks to queue
[2024-06-16 10:17:31,778] {logging_mixin.py:115} INFO - [2024-06-16 10:17:31,778] {dagbag.py:507} INFO - Filling up the DagBag from /home/airflow/.local/lib/python3.7/site-packages/airflow/example_dags/example_task_group_decorator.py
[2024-06-16 10:17:31,818] {processor.py:651} INFO - DAG(s) dict_keys(['example_task_group_decorator']) retrieved from /home/airflow/.local/lib/python3.7/site-packages/airflow/example_dags/example_task_group_decorator.py
[2024-06-16 10:17:31,903] {logging_mixin.py:115} INFO - [2024-06-16 10:17:31,902] {dag.py:2371} INFO - Sync 1 DAGs
[2024-06-16 10:17:31,926] {logging_mixin.py:115} INFO - [2024-06-16 10:17:31,926] {dag.py:2919} INFO - Setting next_dagrun for example_task_group_decorator to 2024-06-15T10:17:31.925682+00:00, run_after=2024-06-16T10:17:31.925682+00:00
[2024-06-16 10:17:32,075] {processor.py:161} INFO - Processing /home/airflow/.local/lib/python3.7/site-packages/airflow/example_dags/example_task_group_decorator.py took 0.303 seconds
[2024-06-16 10:18:02,221] {processor.py:153} INFO - Started process (PID=1382) to work on /home/airflow/.local/lib/python3.7/site-packages/airflow/example_dags/example_task_group_decorator.py
[2024-06-16 10:18:02,222] {processor.py:641} INFO - Processing file /home/airflow/.local/lib/python3.7/site-packages/airflow/example_dags/example_task_group_decorator.py for tasks to queue
[2024-06-16 10:18:02,223] {logging_mixin.py:115} INFO - [2024-06-16 10:18:02,223] {dagbag.py:507} INFO - Filling up the DagBag from /home/airflow/.local/lib/python3.7/site-packages/airflow/example_dags/example_task_group_decorator.py
[2024-06-16 10:18:02,265] {processor.py:651} INFO - DAG(s) dict_keys(['example_task_group_decorator']) retrieved from /home/airflow/.local/lib/python3.7/site-packages/airflow/example_dags/example_task_group_decorator.py
[2024-06-16 10:18:02,297] {logging_mixin.py:115} INFO - [2024-06-16 10:18:02,297] {dag.py:2371} INFO - Sync 1 DAGs
[2024-06-16 10:18:02,325] {logging_mixin.py:115} INFO - [2024-06-16 10:18:02,325] {dag.py:2919} INFO - Setting next_dagrun for example_task_group_decorator to 2024-06-15T10:18:02.325161+00:00, run_after=2024-06-16T10:18:02.325161+00:00
[2024-06-16 10:18:02,350] {processor.py:161} INFO - Processing /home/airflow/.local/lib/python3.7/site-packages/airflow/example_dags/example_task_group_decorator.py took 0.133 seconds
[2024-06-16 10:18:33,331] {processor.py:153} INFO - Started process (PID=1445) to work on /home/airflow/.local/lib/python3.7/site-packages/airflow/example_dags/example_task_group_decorator.py
[2024-06-16 10:18:33,352] {processor.py:641} INFO - Processing file /home/airflow/.local/lib/python3.7/site-packages/airflow/example_dags/example_task_group_decorator.py for tasks to queue
[2024-06-16 10:18:33,353] {logging_mixin.py:115} INFO - [2024-06-16 10:18:33,353] {dagbag.py:507} INFO - Filling up the DagBag from /home/airflow/.local/lib/python3.7/site-packages/airflow/example_dags/example_task_group_decorator.py
[2024-06-16 10:18:33,427] {processor.py:651} INFO - DAG(s) dict_keys(['example_task_group_decorator']) retrieved from /home/airflow/.local/lib/python3.7/site-packages/airflow/example_dags/example_task_group_decorator.py
[2024-06-16 10:18:33,522] {logging_mixin.py:115} INFO - [2024-06-16 10:18:33,522] {dag.py:2371} INFO - Sync 1 DAGs
[2024-06-16 10:18:33,573] {logging_mixin.py:115} INFO - [2024-06-16 10:18:33,573] {dag.py:2919} INFO - Setting next_dagrun for example_task_group_decorator to 2024-06-15T10:18:33.572930+00:00, run_after=2024-06-16T10:18:33.572930+00:00
[2024-06-16 10:18:33,596] {processor.py:161} INFO - Processing /home/airflow/.local/lib/python3.7/site-packages/airflow/example_dags/example_task_group_decorator.py took 0.269 seconds
[2024-06-16 10:19:03,904] {processor.py:153} INFO - Started process (PID=1499) to work on /home/airflow/.local/lib/python3.7/site-packages/airflow/example_dags/example_task_group_decorator.py
[2024-06-16 10:19:03,905] {processor.py:641} INFO - Processing file /home/airflow/.local/lib/python3.7/site-packages/airflow/example_dags/example_task_group_decorator.py for tasks to queue
[2024-06-16 10:19:03,906] {logging_mixin.py:115} INFO - [2024-06-16 10:19:03,906] {dagbag.py:507} INFO - Filling up the DagBag from /home/airflow/.local/lib/python3.7/site-packages/airflow/example_dags/example_task_group_decorator.py
[2024-06-16 10:19:03,938] {processor.py:651} INFO - DAG(s) dict_keys(['example_task_group_decorator']) retrieved from /home/airflow/.local/lib/python3.7/site-packages/airflow/example_dags/example_task_group_decorator.py
[2024-06-16 10:19:04,017] {logging_mixin.py:115} INFO - [2024-06-16 10:19:04,017] {dag.py:2371} INFO - Sync 1 DAGs
[2024-06-16 10:19:04,051] {logging_mixin.py:115} INFO - [2024-06-16 10:19:04,051] {dag.py:2919} INFO - Setting next_dagrun for example_task_group_decorator to 2024-06-15T10:19:04.051060+00:00, run_after=2024-06-16T10:19:04.051060+00:00
[2024-06-16 10:19:04,228] {processor.py:161} INFO - Processing /home/airflow/.local/lib/python3.7/site-packages/airflow/example_dags/example_task_group_decorator.py took 0.328 seconds
[2024-06-16 11:03:54,087] {processor.py:153} INFO - Started process (PID=65) to work on /home/airflow/.local/lib/python3.7/site-packages/airflow/example_dags/example_task_group_decorator.py
[2024-06-16 11:03:54,089] {processor.py:641} INFO - Processing file /home/airflow/.local/lib/python3.7/site-packages/airflow/example_dags/example_task_group_decorator.py for tasks to queue
[2024-06-16 11:03:54,090] {logging_mixin.py:115} INFO - [2024-06-16 11:03:54,090] {dagbag.py:507} INFO - Filling up the DagBag from /home/airflow/.local/lib/python3.7/site-packages/airflow/example_dags/example_task_group_decorator.py
[2024-06-16 11:03:54,123] {processor.py:651} INFO - DAG(s) dict_keys(['example_task_group_decorator']) retrieved from /home/airflow/.local/lib/python3.7/site-packages/airflow/example_dags/example_task_group_decorator.py
[2024-06-16 11:03:54,353] {logging_mixin.py:115} INFO - [2024-06-16 11:03:54,353] {dag.py:2371} INFO - Sync 1 DAGs
[2024-06-16 11:03:54,376] {logging_mixin.py:115} INFO - [2024-06-16 11:03:54,375] {dag.py:2919} INFO - Setting next_dagrun for example_task_group_decorator to 2024-06-15T11:03:54.375798+00:00, run_after=2024-06-16T11:03:54.375798+00:00
[2024-06-16 11:03:54,393] {processor.py:161} INFO - Processing /home/airflow/.local/lib/python3.7/site-packages/airflow/example_dags/example_task_group_decorator.py took 0.309 seconds
[2024-06-16 11:04:24,943] {processor.py:153} INFO - Started process (PID=129) to work on /home/airflow/.local/lib/python3.7/site-packages/airflow/example_dags/example_task_group_decorator.py
[2024-06-16 11:04:24,944] {processor.py:641} INFO - Processing file /home/airflow/.local/lib/python3.7/site-packages/airflow/example_dags/example_task_group_decorator.py for tasks to queue
[2024-06-16 11:04:24,945] {logging_mixin.py:115} INFO - [2024-06-16 11:04:24,945] {dagbag.py:507} INFO - Filling up the DagBag from /home/airflow/.local/lib/python3.7/site-packages/airflow/example_dags/example_task_group_decorator.py
[2024-06-16 11:04:24,995] {processor.py:651} INFO - DAG(s) dict_keys(['example_task_group_decorator']) retrieved from /home/airflow/.local/lib/python3.7/site-packages/airflow/example_dags/example_task_group_decorator.py
[2024-06-16 11:04:25,577] {logging_mixin.py:115} INFO - [2024-06-16 11:04:25,577] {dag.py:2371} INFO - Sync 1 DAGs
[2024-06-16 11:04:25,657] {logging_mixin.py:115} INFO - [2024-06-16 11:04:25,657] {dag.py:2919} INFO - Setting next_dagrun for example_task_group_decorator to 2024-06-15T11:04:25.657613+00:00, run_after=2024-06-16T11:04:25.657613+00:00
[2024-06-16 11:04:25,756] {processor.py:161} INFO - Processing /home/airflow/.local/lib/python3.7/site-packages/airflow/example_dags/example_task_group_decorator.py took 0.817 seconds
[2024-06-16 11:04:56,440] {processor.py:153} INFO - Started process (PID=190) to work on /home/airflow/.local/lib/python3.7/site-packages/airflow/example_dags/example_task_group_decorator.py
[2024-06-16 11:04:56,441] {processor.py:641} INFO - Processing file /home/airflow/.local/lib/python3.7/site-packages/airflow/example_dags/example_task_group_decorator.py for tasks to queue
[2024-06-16 11:04:56,441] {logging_mixin.py:115} INFO - [2024-06-16 11:04:56,441] {dagbag.py:507} INFO - Filling up the DagBag from /home/airflow/.local/lib/python3.7/site-packages/airflow/example_dags/example_task_group_decorator.py
[2024-06-16 11:04:56,501] {processor.py:651} INFO - DAG(s) dict_keys(['example_task_group_decorator']) retrieved from /home/airflow/.local/lib/python3.7/site-packages/airflow/example_dags/example_task_group_decorator.py
[2024-06-16 11:04:57,577] {logging_mixin.py:115} INFO - [2024-06-16 11:04:57,577] {dag.py:2371} INFO - Sync 1 DAGs
[2024-06-16 11:04:57,669] {logging_mixin.py:115} INFO - [2024-06-16 11:04:57,668] {dag.py:2919} INFO - Setting next_dagrun for example_task_group_decorator to 2024-06-15T11:04:57.649756+00:00, run_after=2024-06-16T11:04:57.649756+00:00
[2024-06-16 11:04:57,791] {processor.py:161} INFO - Processing /home/airflow/.local/lib/python3.7/site-packages/airflow/example_dags/example_task_group_decorator.py took 1.361 seconds
[2024-06-16 11:06:03,090] {processor.py:153} INFO - Started process (PID=255) to work on /home/airflow/.local/lib/python3.7/site-packages/airflow/example_dags/example_task_group_decorator.py
[2024-06-16 11:06:03,091] {processor.py:641} INFO - Processing file /home/airflow/.local/lib/python3.7/site-packages/airflow/example_dags/example_task_group_decorator.py for tasks to queue
[2024-06-16 11:06:03,092] {logging_mixin.py:115} INFO - [2024-06-16 11:06:03,092] {dagbag.py:507} INFO - Filling up the DagBag from /home/airflow/.local/lib/python3.7/site-packages/airflow/example_dags/example_task_group_decorator.py
[2024-06-16 11:06:03,192] {processor.py:651} INFO - DAG(s) dict_keys(['example_task_group_decorator']) retrieved from /home/airflow/.local/lib/python3.7/site-packages/airflow/example_dags/example_task_group_decorator.py
[2024-06-16 11:06:03,799] {logging_mixin.py:115} INFO - [2024-06-16 11:06:03,799] {dag.py:2371} INFO - Sync 1 DAGs
[2024-06-16 11:06:03,851] {logging_mixin.py:115} INFO - [2024-06-16 11:06:03,851] {dag.py:2919} INFO - Setting next_dagrun for example_task_group_decorator to 2024-06-15T11:06:03.851111+00:00, run_after=2024-06-16T11:06:03.851111+00:00
[2024-06-16 11:06:03,909] {processor.py:161} INFO - Processing /home/airflow/.local/lib/python3.7/site-packages/airflow/example_dags/example_task_group_decorator.py took 0.826 seconds
[2024-06-16 11:06:34,898] {processor.py:153} INFO - Started process (PID=317) to work on /home/airflow/.local/lib/python3.7/site-packages/airflow/example_dags/example_task_group_decorator.py
[2024-06-16 11:06:34,899] {processor.py:641} INFO - Processing file /home/airflow/.local/lib/python3.7/site-packages/airflow/example_dags/example_task_group_decorator.py for tasks to queue
[2024-06-16 11:06:34,899] {logging_mixin.py:115} INFO - [2024-06-16 11:06:34,899] {dagbag.py:507} INFO - Filling up the DagBag from /home/airflow/.local/lib/python3.7/site-packages/airflow/example_dags/example_task_group_decorator.py
[2024-06-16 11:06:34,970] {processor.py:651} INFO - DAG(s) dict_keys(['example_task_group_decorator']) retrieved from /home/airflow/.local/lib/python3.7/site-packages/airflow/example_dags/example_task_group_decorator.py
[2024-06-16 11:06:35,569] {logging_mixin.py:115} INFO - [2024-06-16 11:06:35,569] {dag.py:2371} INFO - Sync 1 DAGs
[2024-06-16 11:06:35,653] {logging_mixin.py:115} INFO - [2024-06-16 11:06:35,653] {dag.py:2919} INFO - Setting next_dagrun for example_task_group_decorator to 2024-06-15T11:06:35.652789+00:00, run_after=2024-06-16T11:06:35.652789+00:00
[2024-06-16 11:06:35,712] {processor.py:161} INFO - Processing /home/airflow/.local/lib/python3.7/site-packages/airflow/example_dags/example_task_group_decorator.py took 0.818 seconds
[2024-06-16 11:07:06,070] {processor.py:153} INFO - Started process (PID=370) to work on /home/airflow/.local/lib/python3.7/site-packages/airflow/example_dags/example_task_group_decorator.py
[2024-06-16 11:07:06,075] {processor.py:641} INFO - Processing file /home/airflow/.local/lib/python3.7/site-packages/airflow/example_dags/example_task_group_decorator.py for tasks to queue
[2024-06-16 11:07:06,076] {logging_mixin.py:115} INFO - [2024-06-16 11:07:06,075] {dagbag.py:507} INFO - Filling up the DagBag from /home/airflow/.local/lib/python3.7/site-packages/airflow/example_dags/example_task_group_decorator.py
[2024-06-16 11:07:06,187] {processor.py:651} INFO - DAG(s) dict_keys(['example_task_group_decorator']) retrieved from /home/airflow/.local/lib/python3.7/site-packages/airflow/example_dags/example_task_group_decorator.py
[2024-06-16 11:07:06,700] {logging_mixin.py:115} INFO - [2024-06-16 11:07:06,700] {dag.py:2371} INFO - Sync 1 DAGs
[2024-06-16 11:07:06,815] {logging_mixin.py:115} INFO - [2024-06-16 11:07:06,814] {dag.py:2919} INFO - Setting next_dagrun for example_task_group_decorator to 2024-06-15T11:07:06.814731+00:00, run_after=2024-06-16T11:07:06.814731+00:00
[2024-06-16 11:07:06,861] {processor.py:161} INFO - Processing /home/airflow/.local/lib/python3.7/site-packages/airflow/example_dags/example_task_group_decorator.py took 0.794 seconds
[2024-06-16 11:10:52,907] {processor.py:153} INFO - Started process (PID=83) to work on /home/airflow/.local/lib/python3.7/site-packages/airflow/example_dags/example_task_group_decorator.py
[2024-06-16 11:10:52,909] {processor.py:641} INFO - Processing file /home/airflow/.local/lib/python3.7/site-packages/airflow/example_dags/example_task_group_decorator.py for tasks to queue
[2024-06-16 11:10:52,912] {logging_mixin.py:115} INFO - [2024-06-16 11:10:52,911] {dagbag.py:507} INFO - Filling up the DagBag from /home/airflow/.local/lib/python3.7/site-packages/airflow/example_dags/example_task_group_decorator.py
[2024-06-16 11:10:52,991] {processor.py:651} INFO - DAG(s) dict_keys(['example_task_group_decorator']) retrieved from /home/airflow/.local/lib/python3.7/site-packages/airflow/example_dags/example_task_group_decorator.py
[2024-06-16 11:10:53,334] {logging_mixin.py:115} INFO - [2024-06-16 11:10:53,333] {dag.py:2371} INFO - Sync 1 DAGs
[2024-06-16 11:10:53,356] {logging_mixin.py:115} INFO - [2024-06-16 11:10:53,356] {dag.py:2919} INFO - Setting next_dagrun for example_task_group_decorator to 2024-06-15T11:10:53.355842+00:00, run_after=2024-06-16T11:10:53.355842+00:00
[2024-06-16 11:10:53,376] {processor.py:161} INFO - Processing /home/airflow/.local/lib/python3.7/site-packages/airflow/example_dags/example_task_group_decorator.py took 0.473 seconds
[2024-06-16 11:11:23,713] {processor.py:153} INFO - Started process (PID=138) to work on /home/airflow/.local/lib/python3.7/site-packages/airflow/example_dags/example_task_group_decorator.py
[2024-06-16 11:11:23,714] {processor.py:641} INFO - Processing file /home/airflow/.local/lib/python3.7/site-packages/airflow/example_dags/example_task_group_decorator.py for tasks to queue
[2024-06-16 11:11:23,715] {logging_mixin.py:115} INFO - [2024-06-16 11:11:23,715] {dagbag.py:507} INFO - Filling up the DagBag from /home/airflow/.local/lib/python3.7/site-packages/airflow/example_dags/example_task_group_decorator.py
[2024-06-16 11:11:23,750] {processor.py:651} INFO - DAG(s) dict_keys(['example_task_group_decorator']) retrieved from /home/airflow/.local/lib/python3.7/site-packages/airflow/example_dags/example_task_group_decorator.py
[2024-06-16 11:11:24,091] {logging_mixin.py:115} INFO - [2024-06-16 11:11:24,091] {dag.py:2371} INFO - Sync 1 DAGs
[2024-06-16 11:11:24,124] {logging_mixin.py:115} INFO - [2024-06-16 11:11:24,124] {dag.py:2919} INFO - Setting next_dagrun for example_task_group_decorator to 2024-06-15T11:11:24.124395+00:00, run_after=2024-06-16T11:11:24.124395+00:00
[2024-06-16 11:11:24,148] {processor.py:161} INFO - Processing /home/airflow/.local/lib/python3.7/site-packages/airflow/example_dags/example_task_group_decorator.py took 0.439 seconds
[2024-06-16 11:11:54,397] {processor.py:153} INFO - Started process (PID=203) to work on /home/airflow/.local/lib/python3.7/site-packages/airflow/example_dags/example_task_group_decorator.py
[2024-06-16 11:11:54,398] {processor.py:641} INFO - Processing file /home/airflow/.local/lib/python3.7/site-packages/airflow/example_dags/example_task_group_decorator.py for tasks to queue
[2024-06-16 11:11:54,399] {logging_mixin.py:115} INFO - [2024-06-16 11:11:54,399] {dagbag.py:507} INFO - Filling up the DagBag from /home/airflow/.local/lib/python3.7/site-packages/airflow/example_dags/example_task_group_decorator.py
[2024-06-16 11:11:54,428] {processor.py:651} INFO - DAG(s) dict_keys(['example_task_group_decorator']) retrieved from /home/airflow/.local/lib/python3.7/site-packages/airflow/example_dags/example_task_group_decorator.py
[2024-06-16 11:11:54,628] {logging_mixin.py:115} INFO - [2024-06-16 11:11:54,628] {dag.py:2371} INFO - Sync 1 DAGs
[2024-06-16 11:11:54,649] {logging_mixin.py:115} INFO - [2024-06-16 11:11:54,649] {dag.py:2919} INFO - Setting next_dagrun for example_task_group_decorator to 2024-06-15T11:11:54.649028+00:00, run_after=2024-06-16T11:11:54.649028+00:00
[2024-06-16 11:11:54,667] {processor.py:161} INFO - Processing /home/airflow/.local/lib/python3.7/site-packages/airflow/example_dags/example_task_group_decorator.py took 0.274 seconds
[2024-06-16 11:12:24,760] {processor.py:153} INFO - Started process (PID=264) to work on /home/airflow/.local/lib/python3.7/site-packages/airflow/example_dags/example_task_group_decorator.py
[2024-06-16 11:12:24,761] {processor.py:641} INFO - Processing file /home/airflow/.local/lib/python3.7/site-packages/airflow/example_dags/example_task_group_decorator.py for tasks to queue
[2024-06-16 11:12:24,762] {logging_mixin.py:115} INFO - [2024-06-16 11:12:24,762] {dagbag.py:507} INFO - Filling up the DagBag from /home/airflow/.local/lib/python3.7/site-packages/airflow/example_dags/example_task_group_decorator.py
[2024-06-16 11:12:24,796] {processor.py:651} INFO - DAG(s) dict_keys(['example_task_group_decorator']) retrieved from /home/airflow/.local/lib/python3.7/site-packages/airflow/example_dags/example_task_group_decorator.py
[2024-06-16 11:12:25,020] {logging_mixin.py:115} INFO - [2024-06-16 11:12:25,020] {dag.py:2371} INFO - Sync 1 DAGs
[2024-06-16 11:12:25,043] {logging_mixin.py:115} INFO - [2024-06-16 11:12:25,043] {dag.py:2919} INFO - Setting next_dagrun for example_task_group_decorator to 2024-06-15T11:12:25.042887+00:00, run_after=2024-06-16T11:12:25.042887+00:00
[2024-06-16 11:12:25,063] {processor.py:161} INFO - Processing /home/airflow/.local/lib/python3.7/site-packages/airflow/example_dags/example_task_group_decorator.py took 0.307 seconds
[2024-06-16 11:16:17,561] {processor.py:153} INFO - Started process (PID=74) to work on /home/airflow/.local/lib/python3.7/site-packages/airflow/example_dags/example_task_group_decorator.py
[2024-06-16 11:16:17,562] {processor.py:641} INFO - Processing file /home/airflow/.local/lib/python3.7/site-packages/airflow/example_dags/example_task_group_decorator.py for tasks to queue
[2024-06-16 11:16:17,562] {logging_mixin.py:115} INFO - [2024-06-16 11:16:17,562] {dagbag.py:507} INFO - Filling up the DagBag from /home/airflow/.local/lib/python3.7/site-packages/airflow/example_dags/example_task_group_decorator.py
[2024-06-16 11:16:17,697] {processor.py:651} INFO - DAG(s) dict_keys(['example_task_group_decorator']) retrieved from /home/airflow/.local/lib/python3.7/site-packages/airflow/example_dags/example_task_group_decorator.py
[2024-06-16 11:16:18,343] {logging_mixin.py:115} INFO - [2024-06-16 11:16:18,343] {dag.py:2371} INFO - Sync 1 DAGs
[2024-06-16 11:16:18,411] {logging_mixin.py:115} INFO - [2024-06-16 11:16:18,411] {dag.py:2919} INFO - Setting next_dagrun for example_task_group_decorator to 2024-06-15T11:16:18.411135+00:00, run_after=2024-06-16T11:16:18.411135+00:00
[2024-06-16 11:16:18,511] {processor.py:161} INFO - Processing /home/airflow/.local/lib/python3.7/site-packages/airflow/example_dags/example_task_group_decorator.py took 0.978 seconds
[2024-06-16 11:16:48,814] {processor.py:153} INFO - Started process (PID=128) to work on /home/airflow/.local/lib/python3.7/site-packages/airflow/example_dags/example_task_group_decorator.py
[2024-06-16 11:16:48,815] {processor.py:641} INFO - Processing file /home/airflow/.local/lib/python3.7/site-packages/airflow/example_dags/example_task_group_decorator.py for tasks to queue
[2024-06-16 11:16:48,816] {logging_mixin.py:115} INFO - [2024-06-16 11:16:48,816] {dagbag.py:507} INFO - Filling up the DagBag from /home/airflow/.local/lib/python3.7/site-packages/airflow/example_dags/example_task_group_decorator.py
[2024-06-16 11:16:48,864] {processor.py:651} INFO - DAG(s) dict_keys(['example_task_group_decorator']) retrieved from /home/airflow/.local/lib/python3.7/site-packages/airflow/example_dags/example_task_group_decorator.py
[2024-06-16 11:16:49,113] {logging_mixin.py:115} INFO - [2024-06-16 11:16:49,113] {dag.py:2371} INFO - Sync 1 DAGs
[2024-06-16 11:16:49,137] {logging_mixin.py:115} INFO - [2024-06-16 11:16:49,137] {dag.py:2919} INFO - Setting next_dagrun for example_task_group_decorator to 2024-06-15T11:16:49.135721+00:00, run_after=2024-06-16T11:16:49.135721+00:00
[2024-06-16 11:16:49,162] {processor.py:161} INFO - Processing /home/airflow/.local/lib/python3.7/site-packages/airflow/example_dags/example_task_group_decorator.py took 0.353 seconds
[2024-06-16 11:17:19,428] {processor.py:153} INFO - Started process (PID=191) to work on /home/airflow/.local/lib/python3.7/site-packages/airflow/example_dags/example_task_group_decorator.py
[2024-06-16 11:17:19,429] {processor.py:641} INFO - Processing file /home/airflow/.local/lib/python3.7/site-packages/airflow/example_dags/example_task_group_decorator.py for tasks to queue
[2024-06-16 11:17:19,430] {logging_mixin.py:115} INFO - [2024-06-16 11:17:19,430] {dagbag.py:507} INFO - Filling up the DagBag from /home/airflow/.local/lib/python3.7/site-packages/airflow/example_dags/example_task_group_decorator.py
[2024-06-16 11:17:19,464] {processor.py:651} INFO - DAG(s) dict_keys(['example_task_group_decorator']) retrieved from /home/airflow/.local/lib/python3.7/site-packages/airflow/example_dags/example_task_group_decorator.py
[2024-06-16 11:17:19,746] {logging_mixin.py:115} INFO - [2024-06-16 11:17:19,746] {dag.py:2371} INFO - Sync 1 DAGs
[2024-06-16 11:17:19,774] {logging_mixin.py:115} INFO - [2024-06-16 11:17:19,774] {dag.py:2919} INFO - Setting next_dagrun for example_task_group_decorator to 2024-06-15T11:17:19.773798+00:00, run_after=2024-06-16T11:17:19.773798+00:00
[2024-06-16 11:17:19,795] {processor.py:161} INFO - Processing /home/airflow/.local/lib/python3.7/site-packages/airflow/example_dags/example_task_group_decorator.py took 0.371 seconds
[2024-06-16 11:17:50,237] {processor.py:153} INFO - Started process (PID=245) to work on /home/airflow/.local/lib/python3.7/site-packages/airflow/example_dags/example_task_group_decorator.py
[2024-06-16 11:17:50,238] {processor.py:641} INFO - Processing file /home/airflow/.local/lib/python3.7/site-packages/airflow/example_dags/example_task_group_decorator.py for tasks to queue
[2024-06-16 11:17:50,239] {logging_mixin.py:115} INFO - [2024-06-16 11:17:50,239] {dagbag.py:507} INFO - Filling up the DagBag from /home/airflow/.local/lib/python3.7/site-packages/airflow/example_dags/example_task_group_decorator.py
[2024-06-16 11:17:50,271] {processor.py:651} INFO - DAG(s) dict_keys(['example_task_group_decorator']) retrieved from /home/airflow/.local/lib/python3.7/site-packages/airflow/example_dags/example_task_group_decorator.py
[2024-06-16 11:17:50,506] {logging_mixin.py:115} INFO - [2024-06-16 11:17:50,505] {dag.py:2371} INFO - Sync 1 DAGs
[2024-06-16 11:17:50,529] {logging_mixin.py:115} INFO - [2024-06-16 11:17:50,529] {dag.py:2919} INFO - Setting next_dagrun for example_task_group_decorator to 2024-06-15T11:17:50.529504+00:00, run_after=2024-06-16T11:17:50.529504+00:00
[2024-06-16 11:17:50,562] {processor.py:161} INFO - Processing /home/airflow/.local/lib/python3.7/site-packages/airflow/example_dags/example_task_group_decorator.py took 0.328 seconds
[2024-06-16 11:18:20,620] {processor.py:153} INFO - Started process (PID=307) to work on /home/airflow/.local/lib/python3.7/site-packages/airflow/example_dags/example_task_group_decorator.py
[2024-06-16 11:18:20,621] {processor.py:641} INFO - Processing file /home/airflow/.local/lib/python3.7/site-packages/airflow/example_dags/example_task_group_decorator.py for tasks to queue
[2024-06-16 11:18:20,622] {logging_mixin.py:115} INFO - [2024-06-16 11:18:20,622] {dagbag.py:507} INFO - Filling up the DagBag from /home/airflow/.local/lib/python3.7/site-packages/airflow/example_dags/example_task_group_decorator.py
[2024-06-16 11:18:20,656] {processor.py:651} INFO - DAG(s) dict_keys(['example_task_group_decorator']) retrieved from /home/airflow/.local/lib/python3.7/site-packages/airflow/example_dags/example_task_group_decorator.py
[2024-06-16 11:18:20,911] {logging_mixin.py:115} INFO - [2024-06-16 11:18:20,910] {dag.py:2371} INFO - Sync 1 DAGs
[2024-06-16 11:18:20,933] {logging_mixin.py:115} INFO - [2024-06-16 11:18:20,932] {dag.py:2919} INFO - Setting next_dagrun for example_task_group_decorator to 2024-06-15T11:18:20.932730+00:00, run_after=2024-06-16T11:18:20.932730+00:00
[2024-06-16 11:18:20,950] {processor.py:161} INFO - Processing /home/airflow/.local/lib/python3.7/site-packages/airflow/example_dags/example_task_group_decorator.py took 0.334 seconds
[2024-06-16 11:18:51,052] {processor.py:153} INFO - Started process (PID=368) to work on /home/airflow/.local/lib/python3.7/site-packages/airflow/example_dags/example_task_group_decorator.py
[2024-06-16 11:18:51,053] {processor.py:641} INFO - Processing file /home/airflow/.local/lib/python3.7/site-packages/airflow/example_dags/example_task_group_decorator.py for tasks to queue
[2024-06-16 11:18:51,054] {logging_mixin.py:115} INFO - [2024-06-16 11:18:51,054] {dagbag.py:507} INFO - Filling up the DagBag from /home/airflow/.local/lib/python3.7/site-packages/airflow/example_dags/example_task_group_decorator.py
[2024-06-16 11:18:51,085] {processor.py:651} INFO - DAG(s) dict_keys(['example_task_group_decorator']) retrieved from /home/airflow/.local/lib/python3.7/site-packages/airflow/example_dags/example_task_group_decorator.py
[2024-06-16 11:18:51,303] {logging_mixin.py:115} INFO - [2024-06-16 11:18:51,303] {dag.py:2371} INFO - Sync 1 DAGs
[2024-06-16 11:18:51,325] {logging_mixin.py:115} INFO - [2024-06-16 11:18:51,325] {dag.py:2919} INFO - Setting next_dagrun for example_task_group_decorator to 2024-06-15T11:18:51.324787+00:00, run_after=2024-06-16T11:18:51.324787+00:00
[2024-06-16 11:18:51,354] {processor.py:161} INFO - Processing /home/airflow/.local/lib/python3.7/site-packages/airflow/example_dags/example_task_group_decorator.py took 0.305 seconds
[2024-06-16 11:19:22,164] {processor.py:153} INFO - Started process (PID=424) to work on /home/airflow/.local/lib/python3.7/site-packages/airflow/example_dags/example_task_group_decorator.py
[2024-06-16 11:19:22,165] {processor.py:641} INFO - Processing file /home/airflow/.local/lib/python3.7/site-packages/airflow/example_dags/example_task_group_decorator.py for tasks to queue
[2024-06-16 11:19:22,166] {logging_mixin.py:115} INFO - [2024-06-16 11:19:22,166] {dagbag.py:507} INFO - Filling up the DagBag from /home/airflow/.local/lib/python3.7/site-packages/airflow/example_dags/example_task_group_decorator.py
[2024-06-16 11:19:22,203] {processor.py:651} INFO - DAG(s) dict_keys(['example_task_group_decorator']) retrieved from /home/airflow/.local/lib/python3.7/site-packages/airflow/example_dags/example_task_group_decorator.py
[2024-06-16 11:19:22,430] {logging_mixin.py:115} INFO - [2024-06-16 11:19:22,430] {dag.py:2371} INFO - Sync 1 DAGs
[2024-06-16 11:19:22,453] {logging_mixin.py:115} INFO - [2024-06-16 11:19:22,453] {dag.py:2919} INFO - Setting next_dagrun for example_task_group_decorator to 2024-06-15T11:19:22.453138+00:00, run_after=2024-06-16T11:19:22.453138+00:00
[2024-06-16 11:19:22,473] {processor.py:161} INFO - Processing /home/airflow/.local/lib/python3.7/site-packages/airflow/example_dags/example_task_group_decorator.py took 0.313 seconds
[2024-06-16 11:19:52,855] {processor.py:153} INFO - Started process (PID=487) to work on /home/airflow/.local/lib/python3.7/site-packages/airflow/example_dags/example_task_group_decorator.py
[2024-06-16 11:19:52,856] {processor.py:641} INFO - Processing file /home/airflow/.local/lib/python3.7/site-packages/airflow/example_dags/example_task_group_decorator.py for tasks to queue
[2024-06-16 11:19:52,857] {logging_mixin.py:115} INFO - [2024-06-16 11:19:52,857] {dagbag.py:507} INFO - Filling up the DagBag from /home/airflow/.local/lib/python3.7/site-packages/airflow/example_dags/example_task_group_decorator.py
[2024-06-16 11:19:52,891] {processor.py:651} INFO - DAG(s) dict_keys(['example_task_group_decorator']) retrieved from /home/airflow/.local/lib/python3.7/site-packages/airflow/example_dags/example_task_group_decorator.py
[2024-06-16 11:19:53,135] {logging_mixin.py:115} INFO - [2024-06-16 11:19:53,135] {dag.py:2371} INFO - Sync 1 DAGs
[2024-06-16 11:19:53,157] {logging_mixin.py:115} INFO - [2024-06-16 11:19:53,157] {dag.py:2919} INFO - Setting next_dagrun for example_task_group_decorator to 2024-06-15T11:19:53.156961+00:00, run_after=2024-06-16T11:19:53.156961+00:00
[2024-06-16 11:19:53,181] {processor.py:161} INFO - Processing /home/airflow/.local/lib/python3.7/site-packages/airflow/example_dags/example_task_group_decorator.py took 0.329 seconds
[2024-06-16 11:20:23,753] {processor.py:153} INFO - Started process (PID=541) to work on /home/airflow/.local/lib/python3.7/site-packages/airflow/example_dags/example_task_group_decorator.py
[2024-06-16 11:20:23,754] {processor.py:641} INFO - Processing file /home/airflow/.local/lib/python3.7/site-packages/airflow/example_dags/example_task_group_decorator.py for tasks to queue
[2024-06-16 11:20:23,755] {logging_mixin.py:115} INFO - [2024-06-16 11:20:23,755] {dagbag.py:507} INFO - Filling up the DagBag from /home/airflow/.local/lib/python3.7/site-packages/airflow/example_dags/example_task_group_decorator.py
[2024-06-16 11:20:23,789] {processor.py:651} INFO - DAG(s) dict_keys(['example_task_group_decorator']) retrieved from /home/airflow/.local/lib/python3.7/site-packages/airflow/example_dags/example_task_group_decorator.py
[2024-06-16 11:20:24,033] {logging_mixin.py:115} INFO - [2024-06-16 11:20:24,033] {dag.py:2371} INFO - Sync 1 DAGs
[2024-06-16 11:20:24,060] {logging_mixin.py:115} INFO - [2024-06-16 11:20:24,060] {dag.py:2919} INFO - Setting next_dagrun for example_task_group_decorator to 2024-06-15T11:20:24.059809+00:00, run_after=2024-06-16T11:20:24.059809+00:00
[2024-06-16 11:20:24,081] {processor.py:161} INFO - Processing /home/airflow/.local/lib/python3.7/site-packages/airflow/example_dags/example_task_group_decorator.py took 0.332 seconds
[2024-06-16 11:20:54,513] {processor.py:153} INFO - Started process (PID=606) to work on /home/airflow/.local/lib/python3.7/site-packages/airflow/example_dags/example_task_group_decorator.py
[2024-06-16 11:20:54,514] {processor.py:641} INFO - Processing file /home/airflow/.local/lib/python3.7/site-packages/airflow/example_dags/example_task_group_decorator.py for tasks to queue
[2024-06-16 11:20:54,515] {logging_mixin.py:115} INFO - [2024-06-16 11:20:54,515] {dagbag.py:507} INFO - Filling up the DagBag from /home/airflow/.local/lib/python3.7/site-packages/airflow/example_dags/example_task_group_decorator.py
[2024-06-16 11:20:54,552] {processor.py:651} INFO - DAG(s) dict_keys(['example_task_group_decorator']) retrieved from /home/airflow/.local/lib/python3.7/site-packages/airflow/example_dags/example_task_group_decorator.py
[2024-06-16 11:20:54,783] {logging_mixin.py:115} INFO - [2024-06-16 11:20:54,783] {dag.py:2371} INFO - Sync 1 DAGs
[2024-06-16 11:20:54,804] {logging_mixin.py:115} INFO - [2024-06-16 11:20:54,803] {dag.py:2919} INFO - Setting next_dagrun for example_task_group_decorator to 2024-06-15T11:20:54.803784+00:00, run_after=2024-06-16T11:20:54.803784+00:00
[2024-06-16 11:20:54,821] {processor.py:161} INFO - Processing /home/airflow/.local/lib/python3.7/site-packages/airflow/example_dags/example_task_group_decorator.py took 0.312 seconds
[2024-06-16 11:21:25,165] {processor.py:153} INFO - Started process (PID=660) to work on /home/airflow/.local/lib/python3.7/site-packages/airflow/example_dags/example_task_group_decorator.py
[2024-06-16 11:21:25,176] {processor.py:641} INFO - Processing file /home/airflow/.local/lib/python3.7/site-packages/airflow/example_dags/example_task_group_decorator.py for tasks to queue
[2024-06-16 11:21:25,178] {logging_mixin.py:115} INFO - [2024-06-16 11:21:25,178] {dagbag.py:507} INFO - Filling up the DagBag from /home/airflow/.local/lib/python3.7/site-packages/airflow/example_dags/example_task_group_decorator.py
[2024-06-16 11:21:25,273] {processor.py:651} INFO - DAG(s) dict_keys(['example_task_group_decorator']) retrieved from /home/airflow/.local/lib/python3.7/site-packages/airflow/example_dags/example_task_group_decorator.py
[2024-06-16 11:21:25,654] {logging_mixin.py:115} INFO - [2024-06-16 11:21:25,654] {dag.py:2371} INFO - Sync 1 DAGs
[2024-06-16 11:21:25,687] {logging_mixin.py:115} INFO - [2024-06-16 11:21:25,687] {dag.py:2919} INFO - Setting next_dagrun for example_task_group_decorator to 2024-06-15T11:21:25.686898+00:00, run_after=2024-06-16T11:21:25.686898+00:00
[2024-06-16 11:21:25,713] {processor.py:161} INFO - Processing /home/airflow/.local/lib/python3.7/site-packages/airflow/example_dags/example_task_group_decorator.py took 0.553 seconds
