[2024-06-16 10:06:40,512] {processor.py:153} INFO - Started process (PID=44) to work on /home/airflow/.local/lib/python3.7/site-packages/airflow/example_dags/example_external_task_marker_dag.py
[2024-06-16 10:06:40,513] {processor.py:641} INFO - Processing file /home/airflow/.local/lib/python3.7/site-packages/airflow/example_dags/example_external_task_marker_dag.py for tasks to queue
[2024-06-16 10:06:40,514] {logging_mixin.py:115} INFO - [2024-06-16 10:06:40,513] {dagbag.py:507} INFO - Filling up the DagBag from /home/airflow/.local/lib/python3.7/site-packages/airflow/example_dags/example_external_task_marker_dag.py
[2024-06-16 10:06:40,520] {processor.py:651} INFO - DAG(s) dict_keys(['example_external_task_marker_parent', 'example_external_task_marker_child']) retrieved from /home/airflow/.local/lib/python3.7/site-packages/airflow/example_dags/example_external_task_marker_dag.py
[2024-06-16 10:06:40,574] {logging_mixin.py:115} INFO - [2024-06-16 10:06:40,574] {dag.py:2371} INFO - Sync 2 DAGs
[2024-06-16 10:06:40,760] {logging_mixin.py:115} INFO - [2024-06-16 10:06:40,760] {dag.py:2919} INFO - Setting next_dagrun for example_external_task_marker_child to None, run_after=None
[2024-06-16 10:06:40,761] {logging_mixin.py:115} INFO - [2024-06-16 10:06:40,761] {dag.py:2919} INFO - Setting next_dagrun for example_external_task_marker_parent to None, run_after=None
[2024-06-16 10:06:40,780] {processor.py:161} INFO - Processing /home/airflow/.local/lib/python3.7/site-packages/airflow/example_dags/example_external_task_marker_dag.py took 0.271 seconds
[2024-06-16 10:07:10,855] {processor.py:153} INFO - Started process (PID=97) to work on /home/airflow/.local/lib/python3.7/site-packages/airflow/example_dags/example_external_task_marker_dag.py
[2024-06-16 10:07:10,855] {processor.py:641} INFO - Processing file /home/airflow/.local/lib/python3.7/site-packages/airflow/example_dags/example_external_task_marker_dag.py for tasks to queue
[2024-06-16 10:07:10,856] {logging_mixin.py:115} INFO - [2024-06-16 10:07:10,856] {dagbag.py:507} INFO - Filling up the DagBag from /home/airflow/.local/lib/python3.7/site-packages/airflow/example_dags/example_external_task_marker_dag.py
[2024-06-16 10:07:10,861] {processor.py:651} INFO - DAG(s) dict_keys(['example_external_task_marker_parent', 'example_external_task_marker_child']) retrieved from /home/airflow/.local/lib/python3.7/site-packages/airflow/example_dags/example_external_task_marker_dag.py
[2024-06-16 10:07:10,912] {logging_mixin.py:115} INFO - [2024-06-16 10:07:10,912] {dag.py:2371} INFO - Sync 2 DAGs
[2024-06-16 10:07:11,049] {logging_mixin.py:115} INFO - [2024-06-16 10:07:11,049] {dag.py:2919} INFO - Setting next_dagrun for example_external_task_marker_child to None, run_after=None
[2024-06-16 10:07:11,050] {logging_mixin.py:115} INFO - [2024-06-16 10:07:11,050] {dag.py:2919} INFO - Setting next_dagrun for example_external_task_marker_parent to None, run_after=None
[2024-06-16 10:07:11,085] {processor.py:161} INFO - Processing /home/airflow/.local/lib/python3.7/site-packages/airflow/example_dags/example_external_task_marker_dag.py took 0.233 seconds
[2024-06-16 10:07:41,429] {processor.py:153} INFO - Started process (PID=161) to work on /home/airflow/.local/lib/python3.7/site-packages/airflow/example_dags/example_external_task_marker_dag.py
[2024-06-16 10:07:41,430] {processor.py:641} INFO - Processing file /home/airflow/.local/lib/python3.7/site-packages/airflow/example_dags/example_external_task_marker_dag.py for tasks to queue
[2024-06-16 10:07:41,431] {logging_mixin.py:115} INFO - [2024-06-16 10:07:41,431] {dagbag.py:507} INFO - Filling up the DagBag from /home/airflow/.local/lib/python3.7/site-packages/airflow/example_dags/example_external_task_marker_dag.py
[2024-06-16 10:07:41,436] {processor.py:651} INFO - DAG(s) dict_keys(['example_external_task_marker_parent', 'example_external_task_marker_child']) retrieved from /home/airflow/.local/lib/python3.7/site-packages/airflow/example_dags/example_external_task_marker_dag.py
[2024-06-16 10:07:41,491] {logging_mixin.py:115} INFO - [2024-06-16 10:07:41,491] {dag.py:2371} INFO - Sync 2 DAGs
[2024-06-16 10:07:41,639] {logging_mixin.py:115} INFO - [2024-06-16 10:07:41,639] {dag.py:2919} INFO - Setting next_dagrun for example_external_task_marker_child to None, run_after=None
[2024-06-16 10:07:41,640] {logging_mixin.py:115} INFO - [2024-06-16 10:07:41,640] {dag.py:2919} INFO - Setting next_dagrun for example_external_task_marker_parent to None, run_after=None
[2024-06-16 10:07:41,655] {processor.py:161} INFO - Processing /home/airflow/.local/lib/python3.7/site-packages/airflow/example_dags/example_external_task_marker_dag.py took 0.230 seconds
[2024-06-16 10:08:11,896] {processor.py:153} INFO - Started process (PID=224) to work on /home/airflow/.local/lib/python3.7/site-packages/airflow/example_dags/example_external_task_marker_dag.py
[2024-06-16 10:08:11,897] {processor.py:641} INFO - Processing file /home/airflow/.local/lib/python3.7/site-packages/airflow/example_dags/example_external_task_marker_dag.py for tasks to queue
[2024-06-16 10:08:11,897] {logging_mixin.py:115} INFO - [2024-06-16 10:08:11,897] {dagbag.py:507} INFO - Filling up the DagBag from /home/airflow/.local/lib/python3.7/site-packages/airflow/example_dags/example_external_task_marker_dag.py
[2024-06-16 10:08:11,902] {processor.py:651} INFO - DAG(s) dict_keys(['example_external_task_marker_parent', 'example_external_task_marker_child']) retrieved from /home/airflow/.local/lib/python3.7/site-packages/airflow/example_dags/example_external_task_marker_dag.py
[2024-06-16 10:08:11,950] {logging_mixin.py:115} INFO - [2024-06-16 10:08:11,950] {dag.py:2371} INFO - Sync 2 DAGs
[2024-06-16 10:08:12,095] {logging_mixin.py:115} INFO - [2024-06-16 10:08:12,095] {dag.py:2919} INFO - Setting next_dagrun for example_external_task_marker_child to None, run_after=None
[2024-06-16 10:08:12,096] {logging_mixin.py:115} INFO - [2024-06-16 10:08:12,096] {dag.py:2919} INFO - Setting next_dagrun for example_external_task_marker_parent to None, run_after=None
[2024-06-16 10:08:12,109] {processor.py:161} INFO - Processing /home/airflow/.local/lib/python3.7/site-packages/airflow/example_dags/example_external_task_marker_dag.py took 0.216 seconds
[2024-06-16 10:08:42,369] {processor.py:153} INFO - Started process (PID=277) to work on /home/airflow/.local/lib/python3.7/site-packages/airflow/example_dags/example_external_task_marker_dag.py
[2024-06-16 10:08:42,370] {processor.py:641} INFO - Processing file /home/airflow/.local/lib/python3.7/site-packages/airflow/example_dags/example_external_task_marker_dag.py for tasks to queue
[2024-06-16 10:08:42,371] {logging_mixin.py:115} INFO - [2024-06-16 10:08:42,371] {dagbag.py:507} INFO - Filling up the DagBag from /home/airflow/.local/lib/python3.7/site-packages/airflow/example_dags/example_external_task_marker_dag.py
[2024-06-16 10:08:42,376] {processor.py:651} INFO - DAG(s) dict_keys(['example_external_task_marker_parent', 'example_external_task_marker_child']) retrieved from /home/airflow/.local/lib/python3.7/site-packages/airflow/example_dags/example_external_task_marker_dag.py
[2024-06-16 10:08:42,426] {logging_mixin.py:115} INFO - [2024-06-16 10:08:42,426] {dag.py:2371} INFO - Sync 2 DAGs
[2024-06-16 10:08:42,578] {logging_mixin.py:115} INFO - [2024-06-16 10:08:42,578] {dag.py:2919} INFO - Setting next_dagrun for example_external_task_marker_child to None, run_after=None
[2024-06-16 10:08:42,579] {logging_mixin.py:115} INFO - [2024-06-16 10:08:42,579] {dag.py:2919} INFO - Setting next_dagrun for example_external_task_marker_parent to None, run_after=None
[2024-06-16 10:08:42,595] {processor.py:161} INFO - Processing /home/airflow/.local/lib/python3.7/site-packages/airflow/example_dags/example_external_task_marker_dag.py took 0.230 seconds
[2024-06-16 10:09:12,786] {processor.py:153} INFO - Started process (PID=341) to work on /home/airflow/.local/lib/python3.7/site-packages/airflow/example_dags/example_external_task_marker_dag.py
[2024-06-16 10:09:12,787] {processor.py:641} INFO - Processing file /home/airflow/.local/lib/python3.7/site-packages/airflow/example_dags/example_external_task_marker_dag.py for tasks to queue
[2024-06-16 10:09:12,788] {logging_mixin.py:115} INFO - [2024-06-16 10:09:12,788] {dagbag.py:507} INFO - Filling up the DagBag from /home/airflow/.local/lib/python3.7/site-packages/airflow/example_dags/example_external_task_marker_dag.py
[2024-06-16 10:09:12,793] {processor.py:651} INFO - DAG(s) dict_keys(['example_external_task_marker_parent', 'example_external_task_marker_child']) retrieved from /home/airflow/.local/lib/python3.7/site-packages/airflow/example_dags/example_external_task_marker_dag.py
[2024-06-16 10:09:12,846] {logging_mixin.py:115} INFO - [2024-06-16 10:09:12,846] {dag.py:2371} INFO - Sync 2 DAGs
[2024-06-16 10:09:12,994] {logging_mixin.py:115} INFO - [2024-06-16 10:09:12,994] {dag.py:2919} INFO - Setting next_dagrun for example_external_task_marker_child to None, run_after=None
[2024-06-16 10:09:12,994] {logging_mixin.py:115} INFO - [2024-06-16 10:09:12,994] {dag.py:2919} INFO - Setting next_dagrun for example_external_task_marker_parent to None, run_after=None
[2024-06-16 10:09:13,018] {processor.py:161} INFO - Processing /home/airflow/.local/lib/python3.7/site-packages/airflow/example_dags/example_external_task_marker_dag.py took 0.235 seconds
[2024-06-16 10:09:43,823] {processor.py:153} INFO - Started process (PID=405) to work on /home/airflow/.local/lib/python3.7/site-packages/airflow/example_dags/example_external_task_marker_dag.py
[2024-06-16 10:09:43,824] {processor.py:641} INFO - Processing file /home/airflow/.local/lib/python3.7/site-packages/airflow/example_dags/example_external_task_marker_dag.py for tasks to queue
[2024-06-16 10:09:43,825] {logging_mixin.py:115} INFO - [2024-06-16 10:09:43,825] {dagbag.py:507} INFO - Filling up the DagBag from /home/airflow/.local/lib/python3.7/site-packages/airflow/example_dags/example_external_task_marker_dag.py
[2024-06-16 10:09:43,830] {processor.py:651} INFO - DAG(s) dict_keys(['example_external_task_marker_parent', 'example_external_task_marker_child']) retrieved from /home/airflow/.local/lib/python3.7/site-packages/airflow/example_dags/example_external_task_marker_dag.py
[2024-06-16 10:09:43,879] {logging_mixin.py:115} INFO - [2024-06-16 10:09:43,879] {dag.py:2371} INFO - Sync 2 DAGs
[2024-06-16 10:09:44,028] {logging_mixin.py:115} INFO - [2024-06-16 10:09:44,028] {dag.py:2919} INFO - Setting next_dagrun for example_external_task_marker_child to None, run_after=None
[2024-06-16 10:09:44,029] {logging_mixin.py:115} INFO - [2024-06-16 10:09:44,029] {dag.py:2919} INFO - Setting next_dagrun for example_external_task_marker_parent to None, run_after=None
[2024-06-16 10:09:44,044] {processor.py:161} INFO - Processing /home/airflow/.local/lib/python3.7/site-packages/airflow/example_dags/example_external_task_marker_dag.py took 0.225 seconds
[2024-06-16 10:10:14,485] {processor.py:153} INFO - Started process (PID=460) to work on /home/airflow/.local/lib/python3.7/site-packages/airflow/example_dags/example_external_task_marker_dag.py
[2024-06-16 10:10:14,486] {processor.py:641} INFO - Processing file /home/airflow/.local/lib/python3.7/site-packages/airflow/example_dags/example_external_task_marker_dag.py for tasks to queue
[2024-06-16 10:10:14,487] {logging_mixin.py:115} INFO - [2024-06-16 10:10:14,487] {dagbag.py:507} INFO - Filling up the DagBag from /home/airflow/.local/lib/python3.7/site-packages/airflow/example_dags/example_external_task_marker_dag.py
[2024-06-16 10:10:14,508] {processor.py:651} INFO - DAG(s) dict_keys(['example_external_task_marker_parent', 'example_external_task_marker_child']) retrieved from /home/airflow/.local/lib/python3.7/site-packages/airflow/example_dags/example_external_task_marker_dag.py
[2024-06-16 10:10:14,597] {logging_mixin.py:115} INFO - [2024-06-16 10:10:14,597] {dag.py:2371} INFO - Sync 2 DAGs
[2024-06-16 10:10:14,767] {logging_mixin.py:115} INFO - [2024-06-16 10:10:14,767] {dag.py:2919} INFO - Setting next_dagrun for example_external_task_marker_child to None, run_after=None
[2024-06-16 10:10:14,768] {logging_mixin.py:115} INFO - [2024-06-16 10:10:14,768] {dag.py:2919} INFO - Setting next_dagrun for example_external_task_marker_parent to None, run_after=None
[2024-06-16 10:10:14,786] {processor.py:161} INFO - Processing /home/airflow/.local/lib/python3.7/site-packages/airflow/example_dags/example_external_task_marker_dag.py took 0.308 seconds
[2024-06-16 10:10:44,841] {processor.py:153} INFO - Started process (PID=523) to work on /home/airflow/.local/lib/python3.7/site-packages/airflow/example_dags/example_external_task_marker_dag.py
[2024-06-16 10:10:44,842] {processor.py:641} INFO - Processing file /home/airflow/.local/lib/python3.7/site-packages/airflow/example_dags/example_external_task_marker_dag.py for tasks to queue
[2024-06-16 10:10:44,843] {logging_mixin.py:115} INFO - [2024-06-16 10:10:44,843] {dagbag.py:507} INFO - Filling up the DagBag from /home/airflow/.local/lib/python3.7/site-packages/airflow/example_dags/example_external_task_marker_dag.py
[2024-06-16 10:10:44,849] {processor.py:651} INFO - DAG(s) dict_keys(['example_external_task_marker_parent', 'example_external_task_marker_child']) retrieved from /home/airflow/.local/lib/python3.7/site-packages/airflow/example_dags/example_external_task_marker_dag.py
[2024-06-16 10:10:44,903] {logging_mixin.py:115} INFO - [2024-06-16 10:10:44,901] {dag.py:2371} INFO - Sync 2 DAGs
[2024-06-16 10:10:45,057] {logging_mixin.py:115} INFO - [2024-06-16 10:10:45,056] {dag.py:2919} INFO - Setting next_dagrun for example_external_task_marker_child to None, run_after=None
[2024-06-16 10:10:45,057] {logging_mixin.py:115} INFO - [2024-06-16 10:10:45,057] {dag.py:2919} INFO - Setting next_dagrun for example_external_task_marker_parent to None, run_after=None
[2024-06-16 10:10:45,073] {processor.py:161} INFO - Processing /home/airflow/.local/lib/python3.7/site-packages/airflow/example_dags/example_external_task_marker_dag.py took 0.235 seconds
[2024-06-16 10:11:15,112] {processor.py:153} INFO - Started process (PID=586) to work on /home/airflow/.local/lib/python3.7/site-packages/airflow/example_dags/example_external_task_marker_dag.py
[2024-06-16 10:11:15,113] {processor.py:641} INFO - Processing file /home/airflow/.local/lib/python3.7/site-packages/airflow/example_dags/example_external_task_marker_dag.py for tasks to queue
[2024-06-16 10:11:15,114] {logging_mixin.py:115} INFO - [2024-06-16 10:11:15,114] {dagbag.py:507} INFO - Filling up the DagBag from /home/airflow/.local/lib/python3.7/site-packages/airflow/example_dags/example_external_task_marker_dag.py
[2024-06-16 10:11:15,119] {processor.py:651} INFO - DAG(s) dict_keys(['example_external_task_marker_parent', 'example_external_task_marker_child']) retrieved from /home/airflow/.local/lib/python3.7/site-packages/airflow/example_dags/example_external_task_marker_dag.py
[2024-06-16 10:11:15,170] {logging_mixin.py:115} INFO - [2024-06-16 10:11:15,170] {dag.py:2371} INFO - Sync 2 DAGs
[2024-06-16 10:11:15,317] {logging_mixin.py:115} INFO - [2024-06-16 10:11:15,317] {dag.py:2919} INFO - Setting next_dagrun for example_external_task_marker_child to None, run_after=None
[2024-06-16 10:11:15,319] {logging_mixin.py:115} INFO - [2024-06-16 10:11:15,318] {dag.py:2919} INFO - Setting next_dagrun for example_external_task_marker_parent to None, run_after=None
[2024-06-16 10:11:15,335] {processor.py:161} INFO - Processing /home/airflow/.local/lib/python3.7/site-packages/airflow/example_dags/example_external_task_marker_dag.py took 0.226 seconds
[2024-06-16 10:11:45,538] {processor.py:153} INFO - Started process (PID=640) to work on /home/airflow/.local/lib/python3.7/site-packages/airflow/example_dags/example_external_task_marker_dag.py
[2024-06-16 10:11:45,539] {processor.py:641} INFO - Processing file /home/airflow/.local/lib/python3.7/site-packages/airflow/example_dags/example_external_task_marker_dag.py for tasks to queue
[2024-06-16 10:11:45,540] {logging_mixin.py:115} INFO - [2024-06-16 10:11:45,540] {dagbag.py:507} INFO - Filling up the DagBag from /home/airflow/.local/lib/python3.7/site-packages/airflow/example_dags/example_external_task_marker_dag.py
[2024-06-16 10:11:45,545] {processor.py:651} INFO - DAG(s) dict_keys(['example_external_task_marker_parent', 'example_external_task_marker_child']) retrieved from /home/airflow/.local/lib/python3.7/site-packages/airflow/example_dags/example_external_task_marker_dag.py
[2024-06-16 10:11:45,599] {logging_mixin.py:115} INFO - [2024-06-16 10:11:45,599] {dag.py:2371} INFO - Sync 2 DAGs
[2024-06-16 10:11:45,754] {logging_mixin.py:115} INFO - [2024-06-16 10:11:45,754] {dag.py:2919} INFO - Setting next_dagrun for example_external_task_marker_child to None, run_after=None
[2024-06-16 10:11:45,755] {logging_mixin.py:115} INFO - [2024-06-16 10:11:45,755] {dag.py:2919} INFO - Setting next_dagrun for example_external_task_marker_parent to None, run_after=None
[2024-06-16 10:11:45,770] {processor.py:161} INFO - Processing /home/airflow/.local/lib/python3.7/site-packages/airflow/example_dags/example_external_task_marker_dag.py took 0.236 seconds
[2024-06-16 10:12:15,819] {processor.py:153} INFO - Started process (PID=702) to work on /home/airflow/.local/lib/python3.7/site-packages/airflow/example_dags/example_external_task_marker_dag.py
[2024-06-16 10:12:15,820] {processor.py:641} INFO - Processing file /home/airflow/.local/lib/python3.7/site-packages/airflow/example_dags/example_external_task_marker_dag.py for tasks to queue
[2024-06-16 10:12:15,821] {logging_mixin.py:115} INFO - [2024-06-16 10:12:15,821] {dagbag.py:507} INFO - Filling up the DagBag from /home/airflow/.local/lib/python3.7/site-packages/airflow/example_dags/example_external_task_marker_dag.py
[2024-06-16 10:12:15,826] {processor.py:651} INFO - DAG(s) dict_keys(['example_external_task_marker_parent', 'example_external_task_marker_child']) retrieved from /home/airflow/.local/lib/python3.7/site-packages/airflow/example_dags/example_external_task_marker_dag.py
[2024-06-16 10:12:15,880] {logging_mixin.py:115} INFO - [2024-06-16 10:12:15,880] {dag.py:2371} INFO - Sync 2 DAGs
[2024-06-16 10:12:16,028] {logging_mixin.py:115} INFO - [2024-06-16 10:12:16,028] {dag.py:2919} INFO - Setting next_dagrun for example_external_task_marker_child to None, run_after=None
[2024-06-16 10:12:16,029] {logging_mixin.py:115} INFO - [2024-06-16 10:12:16,029] {dag.py:2919} INFO - Setting next_dagrun for example_external_task_marker_parent to None, run_after=None
[2024-06-16 10:12:16,044] {processor.py:161} INFO - Processing /home/airflow/.local/lib/python3.7/site-packages/airflow/example_dags/example_external_task_marker_dag.py took 0.228 seconds
[2024-06-16 10:12:46,113] {processor.py:153} INFO - Started process (PID=756) to work on /home/airflow/.local/lib/python3.7/site-packages/airflow/example_dags/example_external_task_marker_dag.py
[2024-06-16 10:12:46,114] {processor.py:641} INFO - Processing file /home/airflow/.local/lib/python3.7/site-packages/airflow/example_dags/example_external_task_marker_dag.py for tasks to queue
[2024-06-16 10:12:46,115] {logging_mixin.py:115} INFO - [2024-06-16 10:12:46,114] {dagbag.py:507} INFO - Filling up the DagBag from /home/airflow/.local/lib/python3.7/site-packages/airflow/example_dags/example_external_task_marker_dag.py
[2024-06-16 10:12:46,120] {processor.py:651} INFO - DAG(s) dict_keys(['example_external_task_marker_parent', 'example_external_task_marker_child']) retrieved from /home/airflow/.local/lib/python3.7/site-packages/airflow/example_dags/example_external_task_marker_dag.py
[2024-06-16 10:12:46,175] {logging_mixin.py:115} INFO - [2024-06-16 10:12:46,175] {dag.py:2371} INFO - Sync 2 DAGs
[2024-06-16 10:12:46,322] {logging_mixin.py:115} INFO - [2024-06-16 10:12:46,321] {dag.py:2919} INFO - Setting next_dagrun for example_external_task_marker_child to None, run_after=None
[2024-06-16 10:12:46,323] {logging_mixin.py:115} INFO - [2024-06-16 10:12:46,322] {dag.py:2919} INFO - Setting next_dagrun for example_external_task_marker_parent to None, run_after=None
[2024-06-16 10:12:46,339] {processor.py:161} INFO - Processing /home/airflow/.local/lib/python3.7/site-packages/airflow/example_dags/example_external_task_marker_dag.py took 0.231 seconds
[2024-06-16 10:13:16,404] {processor.py:153} INFO - Started process (PID=818) to work on /home/airflow/.local/lib/python3.7/site-packages/airflow/example_dags/example_external_task_marker_dag.py
[2024-06-16 10:13:16,405] {processor.py:641} INFO - Processing file /home/airflow/.local/lib/python3.7/site-packages/airflow/example_dags/example_external_task_marker_dag.py for tasks to queue
[2024-06-16 10:13:16,406] {logging_mixin.py:115} INFO - [2024-06-16 10:13:16,406] {dagbag.py:507} INFO - Filling up the DagBag from /home/airflow/.local/lib/python3.7/site-packages/airflow/example_dags/example_external_task_marker_dag.py
[2024-06-16 10:13:16,410] {processor.py:651} INFO - DAG(s) dict_keys(['example_external_task_marker_parent', 'example_external_task_marker_child']) retrieved from /home/airflow/.local/lib/python3.7/site-packages/airflow/example_dags/example_external_task_marker_dag.py
[2024-06-16 10:13:16,475] {logging_mixin.py:115} INFO - [2024-06-16 10:13:16,475] {dag.py:2371} INFO - Sync 2 DAGs
[2024-06-16 10:13:16,653] {logging_mixin.py:115} INFO - [2024-06-16 10:13:16,653] {dag.py:2919} INFO - Setting next_dagrun for example_external_task_marker_child to None, run_after=None
[2024-06-16 10:13:16,654] {logging_mixin.py:115} INFO - [2024-06-16 10:13:16,654] {dag.py:2919} INFO - Setting next_dagrun for example_external_task_marker_parent to None, run_after=None
[2024-06-16 10:13:16,669] {processor.py:161} INFO - Processing /home/airflow/.local/lib/python3.7/site-packages/airflow/example_dags/example_external_task_marker_dag.py took 0.268 seconds
[2024-06-16 10:13:46,793] {processor.py:153} INFO - Started process (PID=872) to work on /home/airflow/.local/lib/python3.7/site-packages/airflow/example_dags/example_external_task_marker_dag.py
[2024-06-16 10:13:46,795] {processor.py:641} INFO - Processing file /home/airflow/.local/lib/python3.7/site-packages/airflow/example_dags/example_external_task_marker_dag.py for tasks to queue
[2024-06-16 10:13:46,796] {logging_mixin.py:115} INFO - [2024-06-16 10:13:46,795] {dagbag.py:507} INFO - Filling up the DagBag from /home/airflow/.local/lib/python3.7/site-packages/airflow/example_dags/example_external_task_marker_dag.py
[2024-06-16 10:13:46,803] {processor.py:651} INFO - DAG(s) dict_keys(['example_external_task_marker_parent', 'example_external_task_marker_child']) retrieved from /home/airflow/.local/lib/python3.7/site-packages/airflow/example_dags/example_external_task_marker_dag.py
[2024-06-16 10:13:46,886] {logging_mixin.py:115} INFO - [2024-06-16 10:13:46,886] {dag.py:2371} INFO - Sync 2 DAGs
[2024-06-16 10:13:47,085] {logging_mixin.py:115} INFO - [2024-06-16 10:13:47,085] {dag.py:2919} INFO - Setting next_dagrun for example_external_task_marker_child to None, run_after=None
[2024-06-16 10:13:47,096] {logging_mixin.py:115} INFO - [2024-06-16 10:13:47,095] {dag.py:2919} INFO - Setting next_dagrun for example_external_task_marker_parent to None, run_after=None
[2024-06-16 10:13:47,135] {processor.py:161} INFO - Processing /home/airflow/.local/lib/python3.7/site-packages/airflow/example_dags/example_external_task_marker_dag.py took 0.345 seconds
[2024-06-16 10:14:18,010] {processor.py:153} INFO - Started process (PID=936) to work on /home/airflow/.local/lib/python3.7/site-packages/airflow/example_dags/example_external_task_marker_dag.py
[2024-06-16 10:14:18,011] {processor.py:641} INFO - Processing file /home/airflow/.local/lib/python3.7/site-packages/airflow/example_dags/example_external_task_marker_dag.py for tasks to queue
[2024-06-16 10:14:18,012] {logging_mixin.py:115} INFO - [2024-06-16 10:14:18,012] {dagbag.py:507} INFO - Filling up the DagBag from /home/airflow/.local/lib/python3.7/site-packages/airflow/example_dags/example_external_task_marker_dag.py
[2024-06-16 10:14:18,016] {processor.py:651} INFO - DAG(s) dict_keys(['example_external_task_marker_parent', 'example_external_task_marker_child']) retrieved from /home/airflow/.local/lib/python3.7/site-packages/airflow/example_dags/example_external_task_marker_dag.py
[2024-06-16 10:14:18,071] {logging_mixin.py:115} INFO - [2024-06-16 10:14:18,071] {dag.py:2371} INFO - Sync 2 DAGs
[2024-06-16 10:14:18,210] {logging_mixin.py:115} INFO - [2024-06-16 10:14:18,210] {dag.py:2919} INFO - Setting next_dagrun for example_external_task_marker_child to None, run_after=None
[2024-06-16 10:14:18,211] {logging_mixin.py:115} INFO - [2024-06-16 10:14:18,211] {dag.py:2919} INFO - Setting next_dagrun for example_external_task_marker_parent to None, run_after=None
[2024-06-16 10:14:18,227] {processor.py:161} INFO - Processing /home/airflow/.local/lib/python3.7/site-packages/airflow/example_dags/example_external_task_marker_dag.py took 0.220 seconds
[2024-06-16 10:14:48,572] {processor.py:153} INFO - Started process (PID=999) to work on /home/airflow/.local/lib/python3.7/site-packages/airflow/example_dags/example_external_task_marker_dag.py
[2024-06-16 10:14:48,573] {processor.py:641} INFO - Processing file /home/airflow/.local/lib/python3.7/site-packages/airflow/example_dags/example_external_task_marker_dag.py for tasks to queue
[2024-06-16 10:14:48,573] {logging_mixin.py:115} INFO - [2024-06-16 10:14:48,573] {dagbag.py:507} INFO - Filling up the DagBag from /home/airflow/.local/lib/python3.7/site-packages/airflow/example_dags/example_external_task_marker_dag.py
[2024-06-16 10:14:48,579] {processor.py:651} INFO - DAG(s) dict_keys(['example_external_task_marker_parent', 'example_external_task_marker_child']) retrieved from /home/airflow/.local/lib/python3.7/site-packages/airflow/example_dags/example_external_task_marker_dag.py
[2024-06-16 10:14:48,644] {logging_mixin.py:115} INFO - [2024-06-16 10:14:48,644] {dag.py:2371} INFO - Sync 2 DAGs
[2024-06-16 10:14:48,789] {logging_mixin.py:115} INFO - [2024-06-16 10:14:48,788] {dag.py:2919} INFO - Setting next_dagrun for example_external_task_marker_child to None, run_after=None
[2024-06-16 10:14:48,789] {logging_mixin.py:115} INFO - [2024-06-16 10:14:48,789] {dag.py:2919} INFO - Setting next_dagrun for example_external_task_marker_parent to None, run_after=None
[2024-06-16 10:14:48,805] {processor.py:161} INFO - Processing /home/airflow/.local/lib/python3.7/site-packages/airflow/example_dags/example_external_task_marker_dag.py took 0.237 seconds
[2024-06-16 10:15:19,325] {processor.py:153} INFO - Started process (PID=1052) to work on /home/airflow/.local/lib/python3.7/site-packages/airflow/example_dags/example_external_task_marker_dag.py
[2024-06-16 10:15:19,326] {processor.py:641} INFO - Processing file /home/airflow/.local/lib/python3.7/site-packages/airflow/example_dags/example_external_task_marker_dag.py for tasks to queue
[2024-06-16 10:15:19,327] {logging_mixin.py:115} INFO - [2024-06-16 10:15:19,327] {dagbag.py:507} INFO - Filling up the DagBag from /home/airflow/.local/lib/python3.7/site-packages/airflow/example_dags/example_external_task_marker_dag.py
[2024-06-16 10:15:19,332] {processor.py:651} INFO - DAG(s) dict_keys(['example_external_task_marker_parent', 'example_external_task_marker_child']) retrieved from /home/airflow/.local/lib/python3.7/site-packages/airflow/example_dags/example_external_task_marker_dag.py
[2024-06-16 10:15:19,400] {logging_mixin.py:115} INFO - [2024-06-16 10:15:19,400] {dag.py:2371} INFO - Sync 2 DAGs
[2024-06-16 10:15:19,600] {logging_mixin.py:115} INFO - [2024-06-16 10:15:19,600] {dag.py:2919} INFO - Setting next_dagrun for example_external_task_marker_child to None, run_after=None
[2024-06-16 10:15:19,601] {logging_mixin.py:115} INFO - [2024-06-16 10:15:19,601] {dag.py:2919} INFO - Setting next_dagrun for example_external_task_marker_parent to None, run_after=None
[2024-06-16 10:15:19,617] {processor.py:161} INFO - Processing /home/airflow/.local/lib/python3.7/site-packages/airflow/example_dags/example_external_task_marker_dag.py took 0.295 seconds
[2024-06-16 10:15:49,760] {processor.py:153} INFO - Started process (PID=1115) to work on /home/airflow/.local/lib/python3.7/site-packages/airflow/example_dags/example_external_task_marker_dag.py
[2024-06-16 10:15:49,761] {processor.py:641} INFO - Processing file /home/airflow/.local/lib/python3.7/site-packages/airflow/example_dags/example_external_task_marker_dag.py for tasks to queue
[2024-06-16 10:15:49,762] {logging_mixin.py:115} INFO - [2024-06-16 10:15:49,762] {dagbag.py:507} INFO - Filling up the DagBag from /home/airflow/.local/lib/python3.7/site-packages/airflow/example_dags/example_external_task_marker_dag.py
[2024-06-16 10:15:49,767] {processor.py:651} INFO - DAG(s) dict_keys(['example_external_task_marker_parent', 'example_external_task_marker_child']) retrieved from /home/airflow/.local/lib/python3.7/site-packages/airflow/example_dags/example_external_task_marker_dag.py
[2024-06-16 10:15:49,821] {logging_mixin.py:115} INFO - [2024-06-16 10:15:49,821] {dag.py:2371} INFO - Sync 2 DAGs
[2024-06-16 10:15:49,980] {logging_mixin.py:115} INFO - [2024-06-16 10:15:49,980] {dag.py:2919} INFO - Setting next_dagrun for example_external_task_marker_child to None, run_after=None
[2024-06-16 10:15:49,981] {logging_mixin.py:115} INFO - [2024-06-16 10:15:49,981] {dag.py:2919} INFO - Setting next_dagrun for example_external_task_marker_parent to None, run_after=None
[2024-06-16 10:15:49,994] {processor.py:161} INFO - Processing /home/airflow/.local/lib/python3.7/site-packages/airflow/example_dags/example_external_task_marker_dag.py took 0.237 seconds
[2024-06-16 10:16:20,538] {processor.py:153} INFO - Started process (PID=1178) to work on /home/airflow/.local/lib/python3.7/site-packages/airflow/example_dags/example_external_task_marker_dag.py
[2024-06-16 10:16:20,540] {processor.py:641} INFO - Processing file /home/airflow/.local/lib/python3.7/site-packages/airflow/example_dags/example_external_task_marker_dag.py for tasks to queue
[2024-06-16 10:16:20,544] {logging_mixin.py:115} INFO - [2024-06-16 10:16:20,544] {dagbag.py:507} INFO - Filling up the DagBag from /home/airflow/.local/lib/python3.7/site-packages/airflow/example_dags/example_external_task_marker_dag.py
[2024-06-16 10:16:20,548] {processor.py:651} INFO - DAG(s) dict_keys(['example_external_task_marker_parent', 'example_external_task_marker_child']) retrieved from /home/airflow/.local/lib/python3.7/site-packages/airflow/example_dags/example_external_task_marker_dag.py
[2024-06-16 10:16:20,615] {logging_mixin.py:115} INFO - [2024-06-16 10:16:20,615] {dag.py:2371} INFO - Sync 2 DAGs
[2024-06-16 10:16:20,866] {logging_mixin.py:115} INFO - [2024-06-16 10:16:20,866] {dag.py:2919} INFO - Setting next_dagrun for example_external_task_marker_child to None, run_after=None
[2024-06-16 10:16:20,867] {logging_mixin.py:115} INFO - [2024-06-16 10:16:20,867] {dag.py:2919} INFO - Setting next_dagrun for example_external_task_marker_parent to None, run_after=None
[2024-06-16 10:16:20,894] {processor.py:161} INFO - Processing /home/airflow/.local/lib/python3.7/site-packages/airflow/example_dags/example_external_task_marker_dag.py took 0.361 seconds
[2024-06-16 10:16:51,289] {processor.py:153} INFO - Started process (PID=1231) to work on /home/airflow/.local/lib/python3.7/site-packages/airflow/example_dags/example_external_task_marker_dag.py
[2024-06-16 10:16:51,290] {processor.py:641} INFO - Processing file /home/airflow/.local/lib/python3.7/site-packages/airflow/example_dags/example_external_task_marker_dag.py for tasks to queue
[2024-06-16 10:16:51,291] {logging_mixin.py:115} INFO - [2024-06-16 10:16:51,291] {dagbag.py:507} INFO - Filling up the DagBag from /home/airflow/.local/lib/python3.7/site-packages/airflow/example_dags/example_external_task_marker_dag.py
[2024-06-16 10:16:51,296] {processor.py:651} INFO - DAG(s) dict_keys(['example_external_task_marker_parent', 'example_external_task_marker_child']) retrieved from /home/airflow/.local/lib/python3.7/site-packages/airflow/example_dags/example_external_task_marker_dag.py
[2024-06-16 10:16:51,352] {logging_mixin.py:115} INFO - [2024-06-16 10:16:51,351] {dag.py:2371} INFO - Sync 2 DAGs
[2024-06-16 10:16:51,375] {logging_mixin.py:115} INFO - [2024-06-16 10:16:51,375] {dag.py:2919} INFO - Setting next_dagrun for example_external_task_marker_child to None, run_after=None
[2024-06-16 10:16:51,376] {logging_mixin.py:115} INFO - [2024-06-16 10:16:51,376] {dag.py:2919} INFO - Setting next_dagrun for example_external_task_marker_parent to None, run_after=None
[2024-06-16 10:16:51,392] {processor.py:161} INFO - Processing /home/airflow/.local/lib/python3.7/site-packages/airflow/example_dags/example_external_task_marker_dag.py took 0.106 seconds
[2024-06-16 10:17:22,096] {processor.py:153} INFO - Started process (PID=1295) to work on /home/airflow/.local/lib/python3.7/site-packages/airflow/example_dags/example_external_task_marker_dag.py
[2024-06-16 10:17:22,101] {processor.py:641} INFO - Processing file /home/airflow/.local/lib/python3.7/site-packages/airflow/example_dags/example_external_task_marker_dag.py for tasks to queue
[2024-06-16 10:17:22,102] {logging_mixin.py:115} INFO - [2024-06-16 10:17:22,102] {dagbag.py:507} INFO - Filling up the DagBag from /home/airflow/.local/lib/python3.7/site-packages/airflow/example_dags/example_external_task_marker_dag.py
[2024-06-16 10:17:22,107] {processor.py:651} INFO - DAG(s) dict_keys(['example_external_task_marker_parent', 'example_external_task_marker_child']) retrieved from /home/airflow/.local/lib/python3.7/site-packages/airflow/example_dags/example_external_task_marker_dag.py
[2024-06-16 10:17:22,163] {logging_mixin.py:115} INFO - [2024-06-16 10:17:22,163] {dag.py:2371} INFO - Sync 2 DAGs
[2024-06-16 10:17:22,187] {logging_mixin.py:115} INFO - [2024-06-16 10:17:22,187] {dag.py:2919} INFO - Setting next_dagrun for example_external_task_marker_child to None, run_after=None
[2024-06-16 10:17:22,188] {logging_mixin.py:115} INFO - [2024-06-16 10:17:22,188] {dag.py:2919} INFO - Setting next_dagrun for example_external_task_marker_parent to None, run_after=None
[2024-06-16 10:17:22,203] {processor.py:161} INFO - Processing /home/airflow/.local/lib/python3.7/site-packages/airflow/example_dags/example_external_task_marker_dag.py took 0.110 seconds
[2024-06-16 10:17:52,818] {processor.py:153} INFO - Started process (PID=1349) to work on /home/airflow/.local/lib/python3.7/site-packages/airflow/example_dags/example_external_task_marker_dag.py
[2024-06-16 10:17:52,819] {processor.py:641} INFO - Processing file /home/airflow/.local/lib/python3.7/site-packages/airflow/example_dags/example_external_task_marker_dag.py for tasks to queue
[2024-06-16 10:17:52,820] {logging_mixin.py:115} INFO - [2024-06-16 10:17:52,820] {dagbag.py:507} INFO - Filling up the DagBag from /home/airflow/.local/lib/python3.7/site-packages/airflow/example_dags/example_external_task_marker_dag.py
[2024-06-16 10:17:52,825] {processor.py:651} INFO - DAG(s) dict_keys(['example_external_task_marker_parent', 'example_external_task_marker_child']) retrieved from /home/airflow/.local/lib/python3.7/site-packages/airflow/example_dags/example_external_task_marker_dag.py
[2024-06-16 10:17:52,887] {logging_mixin.py:115} INFO - [2024-06-16 10:17:52,887] {dag.py:2371} INFO - Sync 2 DAGs
[2024-06-16 10:17:52,909] {logging_mixin.py:115} INFO - [2024-06-16 10:17:52,909] {dag.py:2919} INFO - Setting next_dagrun for example_external_task_marker_child to None, run_after=None
[2024-06-16 10:17:52,910] {logging_mixin.py:115} INFO - [2024-06-16 10:17:52,910] {dag.py:2919} INFO - Setting next_dagrun for example_external_task_marker_parent to None, run_after=None
[2024-06-16 10:17:52,928] {processor.py:161} INFO - Processing /home/airflow/.local/lib/python3.7/site-packages/airflow/example_dags/example_external_task_marker_dag.py took 0.113 seconds
[2024-06-16 10:18:23,299] {processor.py:153} INFO - Started process (PID=1413) to work on /home/airflow/.local/lib/python3.7/site-packages/airflow/example_dags/example_external_task_marker_dag.py
[2024-06-16 10:18:23,301] {processor.py:641} INFO - Processing file /home/airflow/.local/lib/python3.7/site-packages/airflow/example_dags/example_external_task_marker_dag.py for tasks to queue
[2024-06-16 10:18:23,301] {logging_mixin.py:115} INFO - [2024-06-16 10:18:23,301] {dagbag.py:507} INFO - Filling up the DagBag from /home/airflow/.local/lib/python3.7/site-packages/airflow/example_dags/example_external_task_marker_dag.py
[2024-06-16 10:18:23,307] {processor.py:651} INFO - DAG(s) dict_keys(['example_external_task_marker_parent', 'example_external_task_marker_child']) retrieved from /home/airflow/.local/lib/python3.7/site-packages/airflow/example_dags/example_external_task_marker_dag.py
[2024-06-16 10:18:23,370] {logging_mixin.py:115} INFO - [2024-06-16 10:18:23,370] {dag.py:2371} INFO - Sync 2 DAGs
[2024-06-16 10:18:23,395] {logging_mixin.py:115} INFO - [2024-06-16 10:18:23,394] {dag.py:2919} INFO - Setting next_dagrun for example_external_task_marker_child to None, run_after=None
[2024-06-16 10:18:23,395] {logging_mixin.py:115} INFO - [2024-06-16 10:18:23,395] {dag.py:2919} INFO - Setting next_dagrun for example_external_task_marker_parent to None, run_after=None
[2024-06-16 10:18:23,411] {processor.py:161} INFO - Processing /home/airflow/.local/lib/python3.7/site-packages/airflow/example_dags/example_external_task_marker_dag.py took 0.115 seconds
[2024-06-16 10:18:53,931] {processor.py:153} INFO - Started process (PID=1477) to work on /home/airflow/.local/lib/python3.7/site-packages/airflow/example_dags/example_external_task_marker_dag.py
[2024-06-16 10:18:53,933] {processor.py:641} INFO - Processing file /home/airflow/.local/lib/python3.7/site-packages/airflow/example_dags/example_external_task_marker_dag.py for tasks to queue
[2024-06-16 10:18:53,934] {logging_mixin.py:115} INFO - [2024-06-16 10:18:53,934] {dagbag.py:507} INFO - Filling up the DagBag from /home/airflow/.local/lib/python3.7/site-packages/airflow/example_dags/example_external_task_marker_dag.py
[2024-06-16 10:18:53,941] {processor.py:651} INFO - DAG(s) dict_keys(['example_external_task_marker_parent', 'example_external_task_marker_child']) retrieved from /home/airflow/.local/lib/python3.7/site-packages/airflow/example_dags/example_external_task_marker_dag.py
[2024-06-16 10:18:54,076] {logging_mixin.py:115} INFO - [2024-06-16 10:18:54,075] {dag.py:2371} INFO - Sync 2 DAGs
[2024-06-16 10:18:54,190] {logging_mixin.py:115} INFO - [2024-06-16 10:18:54,189] {dag.py:2919} INFO - Setting next_dagrun for example_external_task_marker_child to None, run_after=None
[2024-06-16 10:18:54,203] {logging_mixin.py:115} INFO - [2024-06-16 10:18:54,194] {dag.py:2919} INFO - Setting next_dagrun for example_external_task_marker_parent to None, run_after=None
[2024-06-16 10:18:54,244] {processor.py:161} INFO - Processing /home/airflow/.local/lib/python3.7/site-packages/airflow/example_dags/example_external_task_marker_dag.py took 0.318 seconds
[2024-06-16 11:03:49,217] {processor.py:153} INFO - Started process (PID=45) to work on /home/airflow/.local/lib/python3.7/site-packages/airflow/example_dags/example_external_task_marker_dag.py
[2024-06-16 11:03:49,218] {processor.py:641} INFO - Processing file /home/airflow/.local/lib/python3.7/site-packages/airflow/example_dags/example_external_task_marker_dag.py for tasks to queue
[2024-06-16 11:03:49,219] {logging_mixin.py:115} INFO - [2024-06-16 11:03:49,219] {dagbag.py:507} INFO - Filling up the DagBag from /home/airflow/.local/lib/python3.7/site-packages/airflow/example_dags/example_external_task_marker_dag.py
[2024-06-16 11:03:49,226] {processor.py:651} INFO - DAG(s) dict_keys(['example_external_task_marker_parent', 'example_external_task_marker_child']) retrieved from /home/airflow/.local/lib/python3.7/site-packages/airflow/example_dags/example_external_task_marker_dag.py
[2024-06-16 11:03:49,280] {logging_mixin.py:115} INFO - [2024-06-16 11:03:49,280] {dag.py:2371} INFO - Sync 2 DAGs
[2024-06-16 11:03:49,456] {logging_mixin.py:115} INFO - [2024-06-16 11:03:49,456] {dag.py:2919} INFO - Setting next_dagrun for example_external_task_marker_child to None, run_after=None
[2024-06-16 11:03:49,457] {logging_mixin.py:115} INFO - [2024-06-16 11:03:49,457] {dag.py:2919} INFO - Setting next_dagrun for example_external_task_marker_parent to None, run_after=None
[2024-06-16 11:03:49,475] {processor.py:161} INFO - Processing /home/airflow/.local/lib/python3.7/site-packages/airflow/example_dags/example_external_task_marker_dag.py took 0.267 seconds
[2024-06-16 11:04:19,693] {processor.py:153} INFO - Started process (PID=98) to work on /home/airflow/.local/lib/python3.7/site-packages/airflow/example_dags/example_external_task_marker_dag.py
[2024-06-16 11:04:19,694] {processor.py:641} INFO - Processing file /home/airflow/.local/lib/python3.7/site-packages/airflow/example_dags/example_external_task_marker_dag.py for tasks to queue
[2024-06-16 11:04:19,695] {logging_mixin.py:115} INFO - [2024-06-16 11:04:19,695] {dagbag.py:507} INFO - Filling up the DagBag from /home/airflow/.local/lib/python3.7/site-packages/airflow/example_dags/example_external_task_marker_dag.py
[2024-06-16 11:04:19,702] {processor.py:651} INFO - DAG(s) dict_keys(['example_external_task_marker_parent', 'example_external_task_marker_child']) retrieved from /home/airflow/.local/lib/python3.7/site-packages/airflow/example_dags/example_external_task_marker_dag.py
[2024-06-16 11:04:19,811] {logging_mixin.py:115} INFO - [2024-06-16 11:04:19,811] {dag.py:2371} INFO - Sync 2 DAGs
[2024-06-16 11:04:20,058] {logging_mixin.py:115} INFO - [2024-06-16 11:04:20,058] {dag.py:2919} INFO - Setting next_dagrun for example_external_task_marker_child to None, run_after=None
[2024-06-16 11:04:20,059] {logging_mixin.py:115} INFO - [2024-06-16 11:04:20,059] {dag.py:2919} INFO - Setting next_dagrun for example_external_task_marker_parent to None, run_after=None
[2024-06-16 11:04:20,315] {processor.py:161} INFO - Processing /home/airflow/.local/lib/python3.7/site-packages/airflow/example_dags/example_external_task_marker_dag.py took 0.626 seconds
[2024-06-16 11:04:50,810] {processor.py:153} INFO - Started process (PID=161) to work on /home/airflow/.local/lib/python3.7/site-packages/airflow/example_dags/example_external_task_marker_dag.py
[2024-06-16 11:04:50,820] {processor.py:641} INFO - Processing file /home/airflow/.local/lib/python3.7/site-packages/airflow/example_dags/example_external_task_marker_dag.py for tasks to queue
[2024-06-16 11:04:50,821] {logging_mixin.py:115} INFO - [2024-06-16 11:04:50,821] {dagbag.py:507} INFO - Filling up the DagBag from /home/airflow/.local/lib/python3.7/site-packages/airflow/example_dags/example_external_task_marker_dag.py
[2024-06-16 11:04:50,828] {processor.py:651} INFO - DAG(s) dict_keys(['example_external_task_marker_parent', 'example_external_task_marker_child']) retrieved from /home/airflow/.local/lib/python3.7/site-packages/airflow/example_dags/example_external_task_marker_dag.py
[2024-06-16 11:04:50,943] {logging_mixin.py:115} INFO - [2024-06-16 11:04:50,943] {dag.py:2371} INFO - Sync 2 DAGs
[2024-06-16 11:04:51,350] {logging_mixin.py:115} INFO - [2024-06-16 11:04:51,350] {dag.py:2919} INFO - Setting next_dagrun for example_external_task_marker_child to None, run_after=None
[2024-06-16 11:04:51,351] {logging_mixin.py:115} INFO - [2024-06-16 11:04:51,351] {dag.py:2919} INFO - Setting next_dagrun for example_external_task_marker_parent to None, run_after=None
[2024-06-16 11:04:51,382] {processor.py:161} INFO - Processing /home/airflow/.local/lib/python3.7/site-packages/airflow/example_dags/example_external_task_marker_dag.py took 0.575 seconds
[2024-06-16 11:05:23,489] {processor.py:153} INFO - Started process (PID=215) to work on /home/airflow/.local/lib/python3.7/site-packages/airflow/example_dags/example_external_task_marker_dag.py
[2024-06-16 11:05:23,528] {processor.py:641} INFO - Processing file /home/airflow/.local/lib/python3.7/site-packages/airflow/example_dags/example_external_task_marker_dag.py for tasks to queue
[2024-06-16 11:05:23,555] {logging_mixin.py:115} INFO - [2024-06-16 11:05:23,555] {dagbag.py:507} INFO - Filling up the DagBag from /home/airflow/.local/lib/python3.7/site-packages/airflow/example_dags/example_external_task_marker_dag.py
[2024-06-16 11:05:23,585] {processor.py:651} INFO - DAG(s) dict_keys(['example_external_task_marker_parent', 'example_external_task_marker_child']) retrieved from /home/airflow/.local/lib/python3.7/site-packages/airflow/example_dags/example_external_task_marker_dag.py
[2024-06-16 11:05:24,001] {logging_mixin.py:115} INFO - [2024-06-16 11:05:24,001] {dag.py:2371} INFO - Sync 2 DAGs
[2024-06-16 11:05:25,334] {logging_mixin.py:115} INFO - [2024-06-16 11:05:25,334] {dag.py:2919} INFO - Setting next_dagrun for example_external_task_marker_child to None, run_after=None
[2024-06-16 11:05:25,438] {logging_mixin.py:115} INFO - [2024-06-16 11:05:25,438] {dag.py:2919} INFO - Setting next_dagrun for example_external_task_marker_parent to None, run_after=None
[2024-06-16 11:05:25,593] {processor.py:161} INFO - Processing /home/airflow/.local/lib/python3.7/site-packages/airflow/example_dags/example_external_task_marker_dag.py took 2.113 seconds
[2024-06-16 11:06:04,164] {processor.py:153} INFO - Started process (PID=258) to work on /home/airflow/.local/lib/python3.7/site-packages/airflow/example_dags/example_external_task_marker_dag.py
[2024-06-16 11:06:04,173] {processor.py:641} INFO - Processing file /home/airflow/.local/lib/python3.7/site-packages/airflow/example_dags/example_external_task_marker_dag.py for tasks to queue
[2024-06-16 11:06:04,177] {logging_mixin.py:115} INFO - [2024-06-16 11:06:04,176] {dagbag.py:507} INFO - Filling up the DagBag from /home/airflow/.local/lib/python3.7/site-packages/airflow/example_dags/example_external_task_marker_dag.py
[2024-06-16 11:06:04,184] {processor.py:651} INFO - DAG(s) dict_keys(['example_external_task_marker_parent', 'example_external_task_marker_child']) retrieved from /home/airflow/.local/lib/python3.7/site-packages/airflow/example_dags/example_external_task_marker_dag.py
[2024-06-16 11:06:04,389] {logging_mixin.py:115} INFO - [2024-06-16 11:06:04,389] {dag.py:2371} INFO - Sync 2 DAGs
[2024-06-16 11:06:04,750] {logging_mixin.py:115} INFO - [2024-06-16 11:06:04,750] {dag.py:2919} INFO - Setting next_dagrun for example_external_task_marker_child to None, run_after=None
[2024-06-16 11:06:04,751] {logging_mixin.py:115} INFO - [2024-06-16 11:06:04,751] {dag.py:2919} INFO - Setting next_dagrun for example_external_task_marker_parent to None, run_after=None
[2024-06-16 11:06:04,807] {processor.py:161} INFO - Processing /home/airflow/.local/lib/python3.7/site-packages/airflow/example_dags/example_external_task_marker_dag.py took 0.654 seconds
[2024-06-16 11:06:35,797] {processor.py:153} INFO - Started process (PID=319) to work on /home/airflow/.local/lib/python3.7/site-packages/airflow/example_dags/example_external_task_marker_dag.py
[2024-06-16 11:06:35,798] {processor.py:641} INFO - Processing file /home/airflow/.local/lib/python3.7/site-packages/airflow/example_dags/example_external_task_marker_dag.py for tasks to queue
[2024-06-16 11:06:35,799] {logging_mixin.py:115} INFO - [2024-06-16 11:06:35,798] {dagbag.py:507} INFO - Filling up the DagBag from /home/airflow/.local/lib/python3.7/site-packages/airflow/example_dags/example_external_task_marker_dag.py
[2024-06-16 11:06:35,811] {processor.py:651} INFO - DAG(s) dict_keys(['example_external_task_marker_parent', 'example_external_task_marker_child']) retrieved from /home/airflow/.local/lib/python3.7/site-packages/airflow/example_dags/example_external_task_marker_dag.py
[2024-06-16 11:06:35,906] {logging_mixin.py:115} INFO - [2024-06-16 11:06:35,905] {dag.py:2371} INFO - Sync 2 DAGs
[2024-06-16 11:06:36,132] {logging_mixin.py:115} INFO - [2024-06-16 11:06:36,132] {dag.py:2919} INFO - Setting next_dagrun for example_external_task_marker_child to None, run_after=None
[2024-06-16 11:06:36,133] {logging_mixin.py:115} INFO - [2024-06-16 11:06:36,133] {dag.py:2919} INFO - Setting next_dagrun for example_external_task_marker_parent to None, run_after=None
[2024-06-16 11:06:36,157] {processor.py:161} INFO - Processing /home/airflow/.local/lib/python3.7/site-packages/airflow/example_dags/example_external_task_marker_dag.py took 0.364 seconds
[2024-06-16 11:07:06,947] {processor.py:153} INFO - Started process (PID=372) to work on /home/airflow/.local/lib/python3.7/site-packages/airflow/example_dags/example_external_task_marker_dag.py
[2024-06-16 11:07:06,950] {processor.py:641} INFO - Processing file /home/airflow/.local/lib/python3.7/site-packages/airflow/example_dags/example_external_task_marker_dag.py for tasks to queue
[2024-06-16 11:07:06,961] {logging_mixin.py:115} INFO - [2024-06-16 11:07:06,961] {dagbag.py:507} INFO - Filling up the DagBag from /home/airflow/.local/lib/python3.7/site-packages/airflow/example_dags/example_external_task_marker_dag.py
[2024-06-16 11:07:06,998] {processor.py:651} INFO - DAG(s) dict_keys(['example_external_task_marker_parent', 'example_external_task_marker_child']) retrieved from /home/airflow/.local/lib/python3.7/site-packages/airflow/example_dags/example_external_task_marker_dag.py
[2024-06-16 11:07:07,198] {logging_mixin.py:115} INFO - [2024-06-16 11:07:07,197] {dag.py:2371} INFO - Sync 2 DAGs
[2024-06-16 11:07:07,422] {logging_mixin.py:115} INFO - [2024-06-16 11:07:07,422] {dag.py:2919} INFO - Setting next_dagrun for example_external_task_marker_child to None, run_after=None
[2024-06-16 11:07:07,427] {logging_mixin.py:115} INFO - [2024-06-16 11:07:07,426] {dag.py:2919} INFO - Setting next_dagrun for example_external_task_marker_parent to None, run_after=None
[2024-06-16 11:07:07,450] {processor.py:161} INFO - Processing /home/airflow/.local/lib/python3.7/site-packages/airflow/example_dags/example_external_task_marker_dag.py took 0.508 seconds
[2024-06-16 11:10:41,496] {processor.py:153} INFO - Started process (PID=53) to work on /home/airflow/.local/lib/python3.7/site-packages/airflow/example_dags/example_external_task_marker_dag.py
[2024-06-16 11:10:41,505] {processor.py:641} INFO - Processing file /home/airflow/.local/lib/python3.7/site-packages/airflow/example_dags/example_external_task_marker_dag.py for tasks to queue
[2024-06-16 11:10:41,505] {logging_mixin.py:115} INFO - [2024-06-16 11:10:41,505] {dagbag.py:507} INFO - Filling up the DagBag from /home/airflow/.local/lib/python3.7/site-packages/airflow/example_dags/example_external_task_marker_dag.py
[2024-06-16 11:10:41,521] {processor.py:651} INFO - DAG(s) dict_keys(['example_external_task_marker_parent', 'example_external_task_marker_child']) retrieved from /home/airflow/.local/lib/python3.7/site-packages/airflow/example_dags/example_external_task_marker_dag.py
[2024-06-16 11:10:41,627] {logging_mixin.py:115} INFO - [2024-06-16 11:10:41,624] {dag.py:2371} INFO - Sync 2 DAGs
[2024-06-16 11:10:42,280] {logging_mixin.py:115} INFO - [2024-06-16 11:10:42,279] {dag.py:2919} INFO - Setting next_dagrun for example_external_task_marker_child to None, run_after=None
[2024-06-16 11:10:42,280] {logging_mixin.py:115} INFO - [2024-06-16 11:10:42,280] {dag.py:2919} INFO - Setting next_dagrun for example_external_task_marker_parent to None, run_after=None
[2024-06-16 11:10:42,328] {processor.py:161} INFO - Processing /home/airflow/.local/lib/python3.7/site-packages/airflow/example_dags/example_external_task_marker_dag.py took 0.838 seconds
[2024-06-16 11:11:12,506] {processor.py:153} INFO - Started process (PID=114) to work on /home/airflow/.local/lib/python3.7/site-packages/airflow/example_dags/example_external_task_marker_dag.py
[2024-06-16 11:11:12,507] {processor.py:641} INFO - Processing file /home/airflow/.local/lib/python3.7/site-packages/airflow/example_dags/example_external_task_marker_dag.py for tasks to queue
[2024-06-16 11:11:12,508] {logging_mixin.py:115} INFO - [2024-06-16 11:11:12,508] {dagbag.py:507} INFO - Filling up the DagBag from /home/airflow/.local/lib/python3.7/site-packages/airflow/example_dags/example_external_task_marker_dag.py
[2024-06-16 11:11:12,514] {processor.py:651} INFO - DAG(s) dict_keys(['example_external_task_marker_parent', 'example_external_task_marker_child']) retrieved from /home/airflow/.local/lib/python3.7/site-packages/airflow/example_dags/example_external_task_marker_dag.py
[2024-06-16 11:11:12,621] {logging_mixin.py:115} INFO - [2024-06-16 11:11:12,621] {dag.py:2371} INFO - Sync 2 DAGs
[2024-06-16 11:11:12,910] {logging_mixin.py:115} INFO - [2024-06-16 11:11:12,910] {dag.py:2919} INFO - Setting next_dagrun for example_external_task_marker_child to None, run_after=None
[2024-06-16 11:11:12,912] {logging_mixin.py:115} INFO - [2024-06-16 11:11:12,912] {dag.py:2919} INFO - Setting next_dagrun for example_external_task_marker_parent to None, run_after=None
[2024-06-16 11:11:13,174] {processor.py:161} INFO - Processing /home/airflow/.local/lib/python3.7/site-packages/airflow/example_dags/example_external_task_marker_dag.py took 0.677 seconds
[2024-06-16 11:11:43,331] {processor.py:153} INFO - Started process (PID=172) to work on /home/airflow/.local/lib/python3.7/site-packages/airflow/example_dags/example_external_task_marker_dag.py
[2024-06-16 11:11:43,332] {processor.py:641} INFO - Processing file /home/airflow/.local/lib/python3.7/site-packages/airflow/example_dags/example_external_task_marker_dag.py for tasks to queue
[2024-06-16 11:11:43,333] {logging_mixin.py:115} INFO - [2024-06-16 11:11:43,333] {dagbag.py:507} INFO - Filling up the DagBag from /home/airflow/.local/lib/python3.7/site-packages/airflow/example_dags/example_external_task_marker_dag.py
[2024-06-16 11:11:43,338] {processor.py:651} INFO - DAG(s) dict_keys(['example_external_task_marker_parent', 'example_external_task_marker_child']) retrieved from /home/airflow/.local/lib/python3.7/site-packages/airflow/example_dags/example_external_task_marker_dag.py
[2024-06-16 11:11:43,394] {logging_mixin.py:115} INFO - [2024-06-16 11:11:43,394] {dag.py:2371} INFO - Sync 2 DAGs
[2024-06-16 11:11:43,660] {logging_mixin.py:115} INFO - [2024-06-16 11:11:43,660] {dag.py:2919} INFO - Setting next_dagrun for example_external_task_marker_child to None, run_after=None
[2024-06-16 11:11:43,661] {logging_mixin.py:115} INFO - [2024-06-16 11:11:43,660] {dag.py:2919} INFO - Setting next_dagrun for example_external_task_marker_parent to None, run_after=None
[2024-06-16 11:11:43,677] {processor.py:161} INFO - Processing /home/airflow/.local/lib/python3.7/site-packages/airflow/example_dags/example_external_task_marker_dag.py took 0.349 seconds
[2024-06-16 11:12:14,490] {processor.py:153} INFO - Started process (PID=235) to work on /home/airflow/.local/lib/python3.7/site-packages/airflow/example_dags/example_external_task_marker_dag.py
[2024-06-16 11:12:14,496] {processor.py:641} INFO - Processing file /home/airflow/.local/lib/python3.7/site-packages/airflow/example_dags/example_external_task_marker_dag.py for tasks to queue
[2024-06-16 11:12:14,497] {logging_mixin.py:115} INFO - [2024-06-16 11:12:14,497] {dagbag.py:507} INFO - Filling up the DagBag from /home/airflow/.local/lib/python3.7/site-packages/airflow/example_dags/example_external_task_marker_dag.py
[2024-06-16 11:12:14,504] {processor.py:651} INFO - DAG(s) dict_keys(['example_external_task_marker_parent', 'example_external_task_marker_child']) retrieved from /home/airflow/.local/lib/python3.7/site-packages/airflow/example_dags/example_external_task_marker_dag.py
[2024-06-16 11:12:14,566] {logging_mixin.py:115} INFO - [2024-06-16 11:12:14,566] {dag.py:2371} INFO - Sync 2 DAGs
[2024-06-16 11:12:14,799] {logging_mixin.py:115} INFO - [2024-06-16 11:12:14,799] {dag.py:2919} INFO - Setting next_dagrun for example_external_task_marker_child to None, run_after=None
[2024-06-16 11:12:14,800] {logging_mixin.py:115} INFO - [2024-06-16 11:12:14,800] {dag.py:2919} INFO - Setting next_dagrun for example_external_task_marker_parent to None, run_after=None
[2024-06-16 11:12:14,826] {processor.py:161} INFO - Processing /home/airflow/.local/lib/python3.7/site-packages/airflow/example_dags/example_external_task_marker_dag.py took 0.340 seconds
[2024-06-16 11:16:10,116] {processor.py:153} INFO - Started process (PID=45) to work on /home/airflow/.local/lib/python3.7/site-packages/airflow/example_dags/example_external_task_marker_dag.py
[2024-06-16 11:16:10,120] {processor.py:641} INFO - Processing file /home/airflow/.local/lib/python3.7/site-packages/airflow/example_dags/example_external_task_marker_dag.py for tasks to queue
[2024-06-16 11:16:10,121] {logging_mixin.py:115} INFO - [2024-06-16 11:16:10,121] {dagbag.py:507} INFO - Filling up the DagBag from /home/airflow/.local/lib/python3.7/site-packages/airflow/example_dags/example_external_task_marker_dag.py
[2024-06-16 11:16:10,150] {processor.py:651} INFO - DAG(s) dict_keys(['example_external_task_marker_parent', 'example_external_task_marker_child']) retrieved from /home/airflow/.local/lib/python3.7/site-packages/airflow/example_dags/example_external_task_marker_dag.py
[2024-06-16 11:16:10,294] {logging_mixin.py:115} INFO - [2024-06-16 11:16:10,294] {dag.py:2371} INFO - Sync 2 DAGs
[2024-06-16 11:16:10,740] {logging_mixin.py:115} INFO - [2024-06-16 11:16:10,740] {dag.py:2919} INFO - Setting next_dagrun for example_external_task_marker_child to None, run_after=None
[2024-06-16 11:16:10,742] {logging_mixin.py:115} INFO - [2024-06-16 11:16:10,742] {dag.py:2919} INFO - Setting next_dagrun for example_external_task_marker_parent to None, run_after=None
[2024-06-16 11:16:10,778] {processor.py:161} INFO - Processing /home/airflow/.local/lib/python3.7/site-packages/airflow/example_dags/example_external_task_marker_dag.py took 0.667 seconds
[2024-06-16 11:16:41,666] {processor.py:153} INFO - Started process (PID=106) to work on /home/airflow/.local/lib/python3.7/site-packages/airflow/example_dags/example_external_task_marker_dag.py
[2024-06-16 11:16:41,668] {processor.py:641} INFO - Processing file /home/airflow/.local/lib/python3.7/site-packages/airflow/example_dags/example_external_task_marker_dag.py for tasks to queue
[2024-06-16 11:16:41,669] {logging_mixin.py:115} INFO - [2024-06-16 11:16:41,669] {dagbag.py:507} INFO - Filling up the DagBag from /home/airflow/.local/lib/python3.7/site-packages/airflow/example_dags/example_external_task_marker_dag.py
[2024-06-16 11:16:41,675] {processor.py:651} INFO - DAG(s) dict_keys(['example_external_task_marker_parent', 'example_external_task_marker_child']) retrieved from /home/airflow/.local/lib/python3.7/site-packages/airflow/example_dags/example_external_task_marker_dag.py
[2024-06-16 11:16:41,775] {logging_mixin.py:115} INFO - [2024-06-16 11:16:41,774] {dag.py:2371} INFO - Sync 2 DAGs
[2024-06-16 11:16:42,122] {logging_mixin.py:115} INFO - [2024-06-16 11:16:42,122] {dag.py:2919} INFO - Setting next_dagrun for example_external_task_marker_child to None, run_after=None
[2024-06-16 11:16:42,123] {logging_mixin.py:115} INFO - [2024-06-16 11:16:42,123] {dag.py:2919} INFO - Setting next_dagrun for example_external_task_marker_parent to None, run_after=None
[2024-06-16 11:16:42,162] {processor.py:161} INFO - Processing /home/airflow/.local/lib/python3.7/site-packages/airflow/example_dags/example_external_task_marker_dag.py took 0.502 seconds
[2024-06-16 11:17:12,786] {processor.py:153} INFO - Started process (PID=160) to work on /home/airflow/.local/lib/python3.7/site-packages/airflow/example_dags/example_external_task_marker_dag.py
[2024-06-16 11:17:12,787] {processor.py:641} INFO - Processing file /home/airflow/.local/lib/python3.7/site-packages/airflow/example_dags/example_external_task_marker_dag.py for tasks to queue
[2024-06-16 11:17:12,788] {logging_mixin.py:115} INFO - [2024-06-16 11:17:12,787] {dagbag.py:507} INFO - Filling up the DagBag from /home/airflow/.local/lib/python3.7/site-packages/airflow/example_dags/example_external_task_marker_dag.py
[2024-06-16 11:17:12,793] {processor.py:651} INFO - DAG(s) dict_keys(['example_external_task_marker_parent', 'example_external_task_marker_child']) retrieved from /home/airflow/.local/lib/python3.7/site-packages/airflow/example_dags/example_external_task_marker_dag.py
[2024-06-16 11:17:12,850] {logging_mixin.py:115} INFO - [2024-06-16 11:17:12,850] {dag.py:2371} INFO - Sync 2 DAGs
[2024-06-16 11:17:13,010] {logging_mixin.py:115} INFO - [2024-06-16 11:17:13,010] {dag.py:2919} INFO - Setting next_dagrun for example_external_task_marker_child to None, run_after=None
[2024-06-16 11:17:13,011] {logging_mixin.py:115} INFO - [2024-06-16 11:17:13,010] {dag.py:2919} INFO - Setting next_dagrun for example_external_task_marker_parent to None, run_after=None
[2024-06-16 11:17:13,027] {processor.py:161} INFO - Processing /home/airflow/.local/lib/python3.7/site-packages/airflow/example_dags/example_external_task_marker_dag.py took 0.245 seconds
[2024-06-16 11:17:43,815] {processor.py:153} INFO - Started process (PID=224) to work on /home/airflow/.local/lib/python3.7/site-packages/airflow/example_dags/example_external_task_marker_dag.py
[2024-06-16 11:17:43,823] {processor.py:641} INFO - Processing file /home/airflow/.local/lib/python3.7/site-packages/airflow/example_dags/example_external_task_marker_dag.py for tasks to queue
[2024-06-16 11:17:43,824] {logging_mixin.py:115} INFO - [2024-06-16 11:17:43,824] {dagbag.py:507} INFO - Filling up the DagBag from /home/airflow/.local/lib/python3.7/site-packages/airflow/example_dags/example_external_task_marker_dag.py
[2024-06-16 11:17:43,830] {processor.py:651} INFO - DAG(s) dict_keys(['example_external_task_marker_parent', 'example_external_task_marker_child']) retrieved from /home/airflow/.local/lib/python3.7/site-packages/airflow/example_dags/example_external_task_marker_dag.py
[2024-06-16 11:17:43,890] {logging_mixin.py:115} INFO - [2024-06-16 11:17:43,890] {dag.py:2371} INFO - Sync 2 DAGs
[2024-06-16 11:17:44,043] {logging_mixin.py:115} INFO - [2024-06-16 11:17:44,043] {dag.py:2919} INFO - Setting next_dagrun for example_external_task_marker_child to None, run_after=None
[2024-06-16 11:17:44,044] {logging_mixin.py:115} INFO - [2024-06-16 11:17:44,044] {dag.py:2919} INFO - Setting next_dagrun for example_external_task_marker_parent to None, run_after=None
[2024-06-16 11:17:44,061] {processor.py:161} INFO - Processing /home/airflow/.local/lib/python3.7/site-packages/airflow/example_dags/example_external_task_marker_dag.py took 0.250 seconds
[2024-06-16 11:18:14,262] {processor.py:153} INFO - Started process (PID=277) to work on /home/airflow/.local/lib/python3.7/site-packages/airflow/example_dags/example_external_task_marker_dag.py
[2024-06-16 11:18:14,263] {processor.py:641} INFO - Processing file /home/airflow/.local/lib/python3.7/site-packages/airflow/example_dags/example_external_task_marker_dag.py for tasks to queue
[2024-06-16 11:18:14,264] {logging_mixin.py:115} INFO - [2024-06-16 11:18:14,264] {dagbag.py:507} INFO - Filling up the DagBag from /home/airflow/.local/lib/python3.7/site-packages/airflow/example_dags/example_external_task_marker_dag.py
[2024-06-16 11:18:14,269] {processor.py:651} INFO - DAG(s) dict_keys(['example_external_task_marker_parent', 'example_external_task_marker_child']) retrieved from /home/airflow/.local/lib/python3.7/site-packages/airflow/example_dags/example_external_task_marker_dag.py
[2024-06-16 11:18:14,324] {logging_mixin.py:115} INFO - [2024-06-16 11:18:14,324] {dag.py:2371} INFO - Sync 2 DAGs
[2024-06-16 11:18:14,511] {logging_mixin.py:115} INFO - [2024-06-16 11:18:14,511] {dag.py:2919} INFO - Setting next_dagrun for example_external_task_marker_child to None, run_after=None
[2024-06-16 11:18:14,524] {logging_mixin.py:115} INFO - [2024-06-16 11:18:14,523] {dag.py:2919} INFO - Setting next_dagrun for example_external_task_marker_parent to None, run_after=None
[2024-06-16 11:18:14,552] {processor.py:161} INFO - Processing /home/airflow/.local/lib/python3.7/site-packages/airflow/example_dags/example_external_task_marker_dag.py took 0.294 seconds
[2024-06-16 11:18:44,697] {processor.py:153} INFO - Started process (PID=341) to work on /home/airflow/.local/lib/python3.7/site-packages/airflow/example_dags/example_external_task_marker_dag.py
[2024-06-16 11:18:44,698] {processor.py:641} INFO - Processing file /home/airflow/.local/lib/python3.7/site-packages/airflow/example_dags/example_external_task_marker_dag.py for tasks to queue
[2024-06-16 11:18:44,699] {logging_mixin.py:115} INFO - [2024-06-16 11:18:44,699] {dagbag.py:507} INFO - Filling up the DagBag from /home/airflow/.local/lib/python3.7/site-packages/airflow/example_dags/example_external_task_marker_dag.py
[2024-06-16 11:18:44,705] {processor.py:651} INFO - DAG(s) dict_keys(['example_external_task_marker_parent', 'example_external_task_marker_child']) retrieved from /home/airflow/.local/lib/python3.7/site-packages/airflow/example_dags/example_external_task_marker_dag.py
[2024-06-16 11:18:44,771] {logging_mixin.py:115} INFO - [2024-06-16 11:18:44,771] {dag.py:2371} INFO - Sync 2 DAGs
[2024-06-16 11:18:44,988] {logging_mixin.py:115} INFO - [2024-06-16 11:18:44,988] {dag.py:2919} INFO - Setting next_dagrun for example_external_task_marker_child to None, run_after=None
[2024-06-16 11:18:44,989] {logging_mixin.py:115} INFO - [2024-06-16 11:18:44,989] {dag.py:2919} INFO - Setting next_dagrun for example_external_task_marker_parent to None, run_after=None
[2024-06-16 11:18:45,003] {processor.py:161} INFO - Processing /home/airflow/.local/lib/python3.7/site-packages/airflow/example_dags/example_external_task_marker_dag.py took 0.311 seconds
[2024-06-16 11:19:15,180] {processor.py:153} INFO - Started process (PID=404) to work on /home/airflow/.local/lib/python3.7/site-packages/airflow/example_dags/example_external_task_marker_dag.py
[2024-06-16 11:19:15,182] {processor.py:641} INFO - Processing file /home/airflow/.local/lib/python3.7/site-packages/airflow/example_dags/example_external_task_marker_dag.py for tasks to queue
[2024-06-16 11:19:15,183] {logging_mixin.py:115} INFO - [2024-06-16 11:19:15,183] {dagbag.py:507} INFO - Filling up the DagBag from /home/airflow/.local/lib/python3.7/site-packages/airflow/example_dags/example_external_task_marker_dag.py
[2024-06-16 11:19:15,190] {processor.py:651} INFO - DAG(s) dict_keys(['example_external_task_marker_parent', 'example_external_task_marker_child']) retrieved from /home/airflow/.local/lib/python3.7/site-packages/airflow/example_dags/example_external_task_marker_dag.py
[2024-06-16 11:19:15,254] {logging_mixin.py:115} INFO - [2024-06-16 11:19:15,254] {dag.py:2371} INFO - Sync 2 DAGs
[2024-06-16 11:19:15,583] {logging_mixin.py:115} INFO - [2024-06-16 11:19:15,583] {dag.py:2919} INFO - Setting next_dagrun for example_external_task_marker_child to None, run_after=None
[2024-06-16 11:19:15,593] {logging_mixin.py:115} INFO - [2024-06-16 11:19:15,593] {dag.py:2919} INFO - Setting next_dagrun for example_external_task_marker_parent to None, run_after=None
[2024-06-16 11:19:15,652] {processor.py:161} INFO - Processing /home/airflow/.local/lib/python3.7/site-packages/airflow/example_dags/example_external_task_marker_dag.py took 0.477 seconds
[2024-06-16 11:19:45,882] {processor.py:153} INFO - Started process (PID=458) to work on /home/airflow/.local/lib/python3.7/site-packages/airflow/example_dags/example_external_task_marker_dag.py
[2024-06-16 11:19:45,883] {processor.py:641} INFO - Processing file /home/airflow/.local/lib/python3.7/site-packages/airflow/example_dags/example_external_task_marker_dag.py for tasks to queue
[2024-06-16 11:19:45,884] {logging_mixin.py:115} INFO - [2024-06-16 11:19:45,884] {dagbag.py:507} INFO - Filling up the DagBag from /home/airflow/.local/lib/python3.7/site-packages/airflow/example_dags/example_external_task_marker_dag.py
[2024-06-16 11:19:45,891] {processor.py:651} INFO - DAG(s) dict_keys(['example_external_task_marker_parent', 'example_external_task_marker_child']) retrieved from /home/airflow/.local/lib/python3.7/site-packages/airflow/example_dags/example_external_task_marker_dag.py
[2024-06-16 11:19:45,949] {logging_mixin.py:115} INFO - [2024-06-16 11:19:45,948] {dag.py:2371} INFO - Sync 2 DAGs
[2024-06-16 11:19:46,122] {logging_mixin.py:115} INFO - [2024-06-16 11:19:46,122] {dag.py:2919} INFO - Setting next_dagrun for example_external_task_marker_child to None, run_after=None
[2024-06-16 11:19:46,123] {logging_mixin.py:115} INFO - [2024-06-16 11:19:46,123] {dag.py:2919} INFO - Setting next_dagrun for example_external_task_marker_parent to None, run_after=None
[2024-06-16 11:19:46,137] {processor.py:161} INFO - Processing /home/airflow/.local/lib/python3.7/site-packages/airflow/example_dags/example_external_task_marker_dag.py took 0.258 seconds
[2024-06-16 11:20:16,325] {processor.py:153} INFO - Started process (PID=521) to work on /home/airflow/.local/lib/python3.7/site-packages/airflow/example_dags/example_external_task_marker_dag.py
[2024-06-16 11:20:16,326] {processor.py:641} INFO - Processing file /home/airflow/.local/lib/python3.7/site-packages/airflow/example_dags/example_external_task_marker_dag.py for tasks to queue
[2024-06-16 11:20:16,327] {logging_mixin.py:115} INFO - [2024-06-16 11:20:16,327] {dagbag.py:507} INFO - Filling up the DagBag from /home/airflow/.local/lib/python3.7/site-packages/airflow/example_dags/example_external_task_marker_dag.py
[2024-06-16 11:20:16,332] {processor.py:651} INFO - DAG(s) dict_keys(['example_external_task_marker_parent', 'example_external_task_marker_child']) retrieved from /home/airflow/.local/lib/python3.7/site-packages/airflow/example_dags/example_external_task_marker_dag.py
[2024-06-16 11:20:16,385] {logging_mixin.py:115} INFO - [2024-06-16 11:20:16,385] {dag.py:2371} INFO - Sync 2 DAGs
[2024-06-16 11:20:16,541] {logging_mixin.py:115} INFO - [2024-06-16 11:20:16,541] {dag.py:2919} INFO - Setting next_dagrun for example_external_task_marker_child to None, run_after=None
[2024-06-16 11:20:16,542] {logging_mixin.py:115} INFO - [2024-06-16 11:20:16,542] {dag.py:2919} INFO - Setting next_dagrun for example_external_task_marker_parent to None, run_after=None
[2024-06-16 11:20:16,555] {processor.py:161} INFO - Processing /home/airflow/.local/lib/python3.7/site-packages/airflow/example_dags/example_external_task_marker_dag.py took 0.234 seconds
[2024-06-16 11:20:46,787] {processor.py:153} INFO - Started process (PID=575) to work on /home/airflow/.local/lib/python3.7/site-packages/airflow/example_dags/example_external_task_marker_dag.py
[2024-06-16 11:20:46,788] {processor.py:641} INFO - Processing file /home/airflow/.local/lib/python3.7/site-packages/airflow/example_dags/example_external_task_marker_dag.py for tasks to queue
[2024-06-16 11:20:46,789] {logging_mixin.py:115} INFO - [2024-06-16 11:20:46,789] {dagbag.py:507} INFO - Filling up the DagBag from /home/airflow/.local/lib/python3.7/site-packages/airflow/example_dags/example_external_task_marker_dag.py
[2024-06-16 11:20:46,794] {processor.py:651} INFO - DAG(s) dict_keys(['example_external_task_marker_parent', 'example_external_task_marker_child']) retrieved from /home/airflow/.local/lib/python3.7/site-packages/airflow/example_dags/example_external_task_marker_dag.py
[2024-06-16 11:20:46,849] {logging_mixin.py:115} INFO - [2024-06-16 11:20:46,849] {dag.py:2371} INFO - Sync 2 DAGs
[2024-06-16 11:20:47,028] {logging_mixin.py:115} INFO - [2024-06-16 11:20:47,028] {dag.py:2919} INFO - Setting next_dagrun for example_external_task_marker_child to None, run_after=None
[2024-06-16 11:20:47,029] {logging_mixin.py:115} INFO - [2024-06-16 11:20:47,029] {dag.py:2919} INFO - Setting next_dagrun for example_external_task_marker_parent to None, run_after=None
[2024-06-16 11:20:47,048] {processor.py:161} INFO - Processing /home/airflow/.local/lib/python3.7/site-packages/airflow/example_dags/example_external_task_marker_dag.py took 0.265 seconds
[2024-06-16 11:21:17,142] {processor.py:153} INFO - Started process (PID=640) to work on /home/airflow/.local/lib/python3.7/site-packages/airflow/example_dags/example_external_task_marker_dag.py
[2024-06-16 11:21:17,143] {processor.py:641} INFO - Processing file /home/airflow/.local/lib/python3.7/site-packages/airflow/example_dags/example_external_task_marker_dag.py for tasks to queue
[2024-06-16 11:21:17,144] {logging_mixin.py:115} INFO - [2024-06-16 11:21:17,143] {dagbag.py:507} INFO - Filling up the DagBag from /home/airflow/.local/lib/python3.7/site-packages/airflow/example_dags/example_external_task_marker_dag.py
[2024-06-16 11:21:17,149] {processor.py:651} INFO - DAG(s) dict_keys(['example_external_task_marker_parent', 'example_external_task_marker_child']) retrieved from /home/airflow/.local/lib/python3.7/site-packages/airflow/example_dags/example_external_task_marker_dag.py
[2024-06-16 11:21:17,211] {logging_mixin.py:115} INFO - [2024-06-16 11:21:17,211] {dag.py:2371} INFO - Sync 2 DAGs
[2024-06-16 11:21:17,383] {logging_mixin.py:115} INFO - [2024-06-16 11:21:17,382] {dag.py:2919} INFO - Setting next_dagrun for example_external_task_marker_child to None, run_after=None
[2024-06-16 11:21:17,420] {logging_mixin.py:115} INFO - [2024-06-16 11:21:17,420] {dag.py:2919} INFO - Setting next_dagrun for example_external_task_marker_parent to None, run_after=None
[2024-06-16 11:21:17,447] {processor.py:161} INFO - Processing /home/airflow/.local/lib/python3.7/site-packages/airflow/example_dags/example_external_task_marker_dag.py took 0.309 seconds
