[2024-06-16 10:06:40,817] {processor.py:153} INFO - Started process (PID=46) to work on /home/airflow/.local/lib/python3.7/site-packages/airflow/example_dags/example_branch_day_of_week_operator.py
[2024-06-16 10:06:40,818] {processor.py:641} INFO - Processing file /home/airflow/.local/lib/python3.7/site-packages/airflow/example_dags/example_branch_day_of_week_operator.py for tasks to queue
[2024-06-16 10:06:40,819] {logging_mixin.py:115} INFO - [2024-06-16 10:06:40,819] {dagbag.py:507} INFO - Filling up the DagBag from /home/airflow/.local/lib/python3.7/site-packages/airflow/example_dags/example_branch_day_of_week_operator.py
[2024-06-16 10:06:40,833] {processor.py:651} INFO - DAG(s) dict_keys(['example_weekday_branch_operator']) retrieved from /home/airflow/.local/lib/python3.7/site-packages/airflow/example_dags/example_branch_day_of_week_operator.py
[2024-06-16 10:06:40,868] {logging_mixin.py:115} INFO - [2024-06-16 10:06:40,868] {dag.py:2371} INFO - Sync 1 DAGs
[2024-06-16 10:06:41,024] {logging_mixin.py:115} INFO - [2024-06-16 10:06:41,024] {dag.py:2919} INFO - Setting next_dagrun for example_weekday_branch_operator to 2024-06-15T00:00:00+00:00, run_after=2024-06-16T00:00:00+00:00
[2024-06-16 10:06:41,038] {processor.py:161} INFO - Processing /home/airflow/.local/lib/python3.7/site-packages/airflow/example_dags/example_branch_day_of_week_operator.py took 0.224 seconds
[2024-06-16 10:07:11,136] {processor.py:153} INFO - Started process (PID=98) to work on /home/airflow/.local/lib/python3.7/site-packages/airflow/example_dags/example_branch_day_of_week_operator.py
[2024-06-16 10:07:11,137] {processor.py:641} INFO - Processing file /home/airflow/.local/lib/python3.7/site-packages/airflow/example_dags/example_branch_day_of_week_operator.py for tasks to queue
[2024-06-16 10:07:11,138] {logging_mixin.py:115} INFO - [2024-06-16 10:07:11,138] {dagbag.py:507} INFO - Filling up the DagBag from /home/airflow/.local/lib/python3.7/site-packages/airflow/example_dags/example_branch_day_of_week_operator.py
[2024-06-16 10:07:11,147] {processor.py:651} INFO - DAG(s) dict_keys(['example_weekday_branch_operator']) retrieved from /home/airflow/.local/lib/python3.7/site-packages/airflow/example_dags/example_branch_day_of_week_operator.py
[2024-06-16 10:07:11,177] {logging_mixin.py:115} INFO - [2024-06-16 10:07:11,177] {dag.py:2371} INFO - Sync 1 DAGs
[2024-06-16 10:07:11,330] {logging_mixin.py:115} INFO - [2024-06-16 10:07:11,330] {dag.py:2919} INFO - Setting next_dagrun for example_weekday_branch_operator to 2024-06-15T00:00:00+00:00, run_after=2024-06-16T00:00:00+00:00
[2024-06-16 10:07:11,344] {processor.py:161} INFO - Processing /home/airflow/.local/lib/python3.7/site-packages/airflow/example_dags/example_branch_day_of_week_operator.py took 0.212 seconds
[2024-06-16 10:07:41,668] {processor.py:153} INFO - Started process (PID=162) to work on /home/airflow/.local/lib/python3.7/site-packages/airflow/example_dags/example_branch_day_of_week_operator.py
[2024-06-16 10:07:41,669] {processor.py:641} INFO - Processing file /home/airflow/.local/lib/python3.7/site-packages/airflow/example_dags/example_branch_day_of_week_operator.py for tasks to queue
[2024-06-16 10:07:41,669] {logging_mixin.py:115} INFO - [2024-06-16 10:07:41,669] {dagbag.py:507} INFO - Filling up the DagBag from /home/airflow/.local/lib/python3.7/site-packages/airflow/example_dags/example_branch_day_of_week_operator.py
[2024-06-16 10:07:41,678] {processor.py:651} INFO - DAG(s) dict_keys(['example_weekday_branch_operator']) retrieved from /home/airflow/.local/lib/python3.7/site-packages/airflow/example_dags/example_branch_day_of_week_operator.py
[2024-06-16 10:07:41,707] {logging_mixin.py:115} INFO - [2024-06-16 10:07:41,707] {dag.py:2371} INFO - Sync 1 DAGs
[2024-06-16 10:07:41,859] {logging_mixin.py:115} INFO - [2024-06-16 10:07:41,859] {dag.py:2919} INFO - Setting next_dagrun for example_weekday_branch_operator to 2024-06-15T00:00:00+00:00, run_after=2024-06-16T00:00:00+00:00
[2024-06-16 10:07:41,873] {processor.py:161} INFO - Processing /home/airflow/.local/lib/python3.7/site-packages/airflow/example_dags/example_branch_day_of_week_operator.py took 0.209 seconds
[2024-06-16 10:08:12,139] {processor.py:153} INFO - Started process (PID=225) to work on /home/airflow/.local/lib/python3.7/site-packages/airflow/example_dags/example_branch_day_of_week_operator.py
[2024-06-16 10:08:12,140] {processor.py:641} INFO - Processing file /home/airflow/.local/lib/python3.7/site-packages/airflow/example_dags/example_branch_day_of_week_operator.py for tasks to queue
[2024-06-16 10:08:12,141] {logging_mixin.py:115} INFO - [2024-06-16 10:08:12,141] {dagbag.py:507} INFO - Filling up the DagBag from /home/airflow/.local/lib/python3.7/site-packages/airflow/example_dags/example_branch_day_of_week_operator.py
[2024-06-16 10:08:12,149] {processor.py:651} INFO - DAG(s) dict_keys(['example_weekday_branch_operator']) retrieved from /home/airflow/.local/lib/python3.7/site-packages/airflow/example_dags/example_branch_day_of_week_operator.py
[2024-06-16 10:08:12,177] {logging_mixin.py:115} INFO - [2024-06-16 10:08:12,177] {dag.py:2371} INFO - Sync 1 DAGs
[2024-06-16 10:08:12,323] {logging_mixin.py:115} INFO - [2024-06-16 10:08:12,323] {dag.py:2919} INFO - Setting next_dagrun for example_weekday_branch_operator to 2024-06-15T00:00:00+00:00, run_after=2024-06-16T00:00:00+00:00
[2024-06-16 10:08:12,336] {processor.py:161} INFO - Processing /home/airflow/.local/lib/python3.7/site-packages/airflow/example_dags/example_branch_day_of_week_operator.py took 0.201 seconds
[2024-06-16 10:08:42,608] {processor.py:153} INFO - Started process (PID=278) to work on /home/airflow/.local/lib/python3.7/site-packages/airflow/example_dags/example_branch_day_of_week_operator.py
[2024-06-16 10:08:42,609] {processor.py:641} INFO - Processing file /home/airflow/.local/lib/python3.7/site-packages/airflow/example_dags/example_branch_day_of_week_operator.py for tasks to queue
[2024-06-16 10:08:42,610] {logging_mixin.py:115} INFO - [2024-06-16 10:08:42,610] {dagbag.py:507} INFO - Filling up the DagBag from /home/airflow/.local/lib/python3.7/site-packages/airflow/example_dags/example_branch_day_of_week_operator.py
[2024-06-16 10:08:42,620] {processor.py:651} INFO - DAG(s) dict_keys(['example_weekday_branch_operator']) retrieved from /home/airflow/.local/lib/python3.7/site-packages/airflow/example_dags/example_branch_day_of_week_operator.py
[2024-06-16 10:08:42,647] {logging_mixin.py:115} INFO - [2024-06-16 10:08:42,647] {dag.py:2371} INFO - Sync 1 DAGs
[2024-06-16 10:08:42,797] {logging_mixin.py:115} INFO - [2024-06-16 10:08:42,797] {dag.py:2919} INFO - Setting next_dagrun for example_weekday_branch_operator to 2024-06-15T00:00:00+00:00, run_after=2024-06-16T00:00:00+00:00
[2024-06-16 10:08:42,814] {processor.py:161} INFO - Processing /home/airflow/.local/lib/python3.7/site-packages/airflow/example_dags/example_branch_day_of_week_operator.py took 0.209 seconds
[2024-06-16 10:09:13,028] {processor.py:153} INFO - Started process (PID=342) to work on /home/airflow/.local/lib/python3.7/site-packages/airflow/example_dags/example_branch_day_of_week_operator.py
[2024-06-16 10:09:13,029] {processor.py:641} INFO - Processing file /home/airflow/.local/lib/python3.7/site-packages/airflow/example_dags/example_branch_day_of_week_operator.py for tasks to queue
[2024-06-16 10:09:13,030] {logging_mixin.py:115} INFO - [2024-06-16 10:09:13,030] {dagbag.py:507} INFO - Filling up the DagBag from /home/airflow/.local/lib/python3.7/site-packages/airflow/example_dags/example_branch_day_of_week_operator.py
[2024-06-16 10:09:13,038] {processor.py:651} INFO - DAG(s) dict_keys(['example_weekday_branch_operator']) retrieved from /home/airflow/.local/lib/python3.7/site-packages/airflow/example_dags/example_branch_day_of_week_operator.py
[2024-06-16 10:09:13,066] {logging_mixin.py:115} INFO - [2024-06-16 10:09:13,066] {dag.py:2371} INFO - Sync 1 DAGs
[2024-06-16 10:09:13,216] {logging_mixin.py:115} INFO - [2024-06-16 10:09:13,216] {dag.py:2919} INFO - Setting next_dagrun for example_weekday_branch_operator to 2024-06-15T00:00:00+00:00, run_after=2024-06-16T00:00:00+00:00
[2024-06-16 10:09:13,237] {processor.py:161} INFO - Processing /home/airflow/.local/lib/python3.7/site-packages/airflow/example_dags/example_branch_day_of_week_operator.py took 0.213 seconds
[2024-06-16 10:09:44,099] {processor.py:153} INFO - Started process (PID=406) to work on /home/airflow/.local/lib/python3.7/site-packages/airflow/example_dags/example_branch_day_of_week_operator.py
[2024-06-16 10:09:44,102] {processor.py:641} INFO - Processing file /home/airflow/.local/lib/python3.7/site-packages/airflow/example_dags/example_branch_day_of_week_operator.py for tasks to queue
[2024-06-16 10:09:44,102] {logging_mixin.py:115} INFO - [2024-06-16 10:09:44,102] {dagbag.py:507} INFO - Filling up the DagBag from /home/airflow/.local/lib/python3.7/site-packages/airflow/example_dags/example_branch_day_of_week_operator.py
[2024-06-16 10:09:44,148] {processor.py:651} INFO - DAG(s) dict_keys(['example_weekday_branch_operator']) retrieved from /home/airflow/.local/lib/python3.7/site-packages/airflow/example_dags/example_branch_day_of_week_operator.py
[2024-06-16 10:09:44,227] {logging_mixin.py:115} INFO - [2024-06-16 10:09:44,227] {dag.py:2371} INFO - Sync 1 DAGs
[2024-06-16 10:09:44,514] {logging_mixin.py:115} INFO - [2024-06-16 10:09:44,514] {dag.py:2919} INFO - Setting next_dagrun for example_weekday_branch_operator to 2024-06-15T00:00:00+00:00, run_after=2024-06-16T00:00:00+00:00
[2024-06-16 10:09:44,535] {processor.py:161} INFO - Processing /home/airflow/.local/lib/python3.7/site-packages/airflow/example_dags/example_branch_day_of_week_operator.py took 0.444 seconds
[2024-06-16 10:10:14,808] {processor.py:153} INFO - Started process (PID=461) to work on /home/airflow/.local/lib/python3.7/site-packages/airflow/example_dags/example_branch_day_of_week_operator.py
[2024-06-16 10:10:14,809] {processor.py:641} INFO - Processing file /home/airflow/.local/lib/python3.7/site-packages/airflow/example_dags/example_branch_day_of_week_operator.py for tasks to queue
[2024-06-16 10:10:14,810] {logging_mixin.py:115} INFO - [2024-06-16 10:10:14,810] {dagbag.py:507} INFO - Filling up the DagBag from /home/airflow/.local/lib/python3.7/site-packages/airflow/example_dags/example_branch_day_of_week_operator.py
[2024-06-16 10:10:14,819] {processor.py:651} INFO - DAG(s) dict_keys(['example_weekday_branch_operator']) retrieved from /home/airflow/.local/lib/python3.7/site-packages/airflow/example_dags/example_branch_day_of_week_operator.py
[2024-06-16 10:10:14,858] {logging_mixin.py:115} INFO - [2024-06-16 10:10:14,858] {dag.py:2371} INFO - Sync 1 DAGs
[2024-06-16 10:10:15,023] {logging_mixin.py:115} INFO - [2024-06-16 10:10:15,023] {dag.py:2919} INFO - Setting next_dagrun for example_weekday_branch_operator to 2024-06-15T00:00:00+00:00, run_after=2024-06-16T00:00:00+00:00
[2024-06-16 10:10:15,038] {processor.py:161} INFO - Processing /home/airflow/.local/lib/python3.7/site-packages/airflow/example_dags/example_branch_day_of_week_operator.py took 0.233 seconds
[2024-06-16 10:10:45,085] {processor.py:153} INFO - Started process (PID=524) to work on /home/airflow/.local/lib/python3.7/site-packages/airflow/example_dags/example_branch_day_of_week_operator.py
[2024-06-16 10:10:45,086] {processor.py:641} INFO - Processing file /home/airflow/.local/lib/python3.7/site-packages/airflow/example_dags/example_branch_day_of_week_operator.py for tasks to queue
[2024-06-16 10:10:45,086] {logging_mixin.py:115} INFO - [2024-06-16 10:10:45,086] {dagbag.py:507} INFO - Filling up the DagBag from /home/airflow/.local/lib/python3.7/site-packages/airflow/example_dags/example_branch_day_of_week_operator.py
[2024-06-16 10:10:45,095] {processor.py:651} INFO - DAG(s) dict_keys(['example_weekday_branch_operator']) retrieved from /home/airflow/.local/lib/python3.7/site-packages/airflow/example_dags/example_branch_day_of_week_operator.py
[2024-06-16 10:10:45,129] {logging_mixin.py:115} INFO - [2024-06-16 10:10:45,128] {dag.py:2371} INFO - Sync 1 DAGs
[2024-06-16 10:10:45,281] {logging_mixin.py:115} INFO - [2024-06-16 10:10:45,280] {dag.py:2919} INFO - Setting next_dagrun for example_weekday_branch_operator to 2024-06-15T00:00:00+00:00, run_after=2024-06-16T00:00:00+00:00
[2024-06-16 10:10:45,296] {processor.py:161} INFO - Processing /home/airflow/.local/lib/python3.7/site-packages/airflow/example_dags/example_branch_day_of_week_operator.py took 0.214 seconds
[2024-06-16 10:11:15,361] {processor.py:153} INFO - Started process (PID=587) to work on /home/airflow/.local/lib/python3.7/site-packages/airflow/example_dags/example_branch_day_of_week_operator.py
[2024-06-16 10:11:15,362] {processor.py:641} INFO - Processing file /home/airflow/.local/lib/python3.7/site-packages/airflow/example_dags/example_branch_day_of_week_operator.py for tasks to queue
[2024-06-16 10:11:15,363] {logging_mixin.py:115} INFO - [2024-06-16 10:11:15,363] {dagbag.py:507} INFO - Filling up the DagBag from /home/airflow/.local/lib/python3.7/site-packages/airflow/example_dags/example_branch_day_of_week_operator.py
[2024-06-16 10:11:15,372] {processor.py:651} INFO - DAG(s) dict_keys(['example_weekday_branch_operator']) retrieved from /home/airflow/.local/lib/python3.7/site-packages/airflow/example_dags/example_branch_day_of_week_operator.py
[2024-06-16 10:11:15,421] {logging_mixin.py:115} INFO - [2024-06-16 10:11:15,421] {dag.py:2371} INFO - Sync 1 DAGs
[2024-06-16 10:11:15,590] {logging_mixin.py:115} INFO - [2024-06-16 10:11:15,590] {dag.py:2919} INFO - Setting next_dagrun for example_weekday_branch_operator to 2024-06-15T00:00:00+00:00, run_after=2024-06-16T00:00:00+00:00
[2024-06-16 10:11:15,605] {processor.py:161} INFO - Processing /home/airflow/.local/lib/python3.7/site-packages/airflow/example_dags/example_branch_day_of_week_operator.py took 0.250 seconds
[2024-06-16 10:11:45,792] {processor.py:153} INFO - Started process (PID=641) to work on /home/airflow/.local/lib/python3.7/site-packages/airflow/example_dags/example_branch_day_of_week_operator.py
[2024-06-16 10:11:45,793] {processor.py:641} INFO - Processing file /home/airflow/.local/lib/python3.7/site-packages/airflow/example_dags/example_branch_day_of_week_operator.py for tasks to queue
[2024-06-16 10:11:45,794] {logging_mixin.py:115} INFO - [2024-06-16 10:11:45,794] {dagbag.py:507} INFO - Filling up the DagBag from /home/airflow/.local/lib/python3.7/site-packages/airflow/example_dags/example_branch_day_of_week_operator.py
[2024-06-16 10:11:45,802] {processor.py:651} INFO - DAG(s) dict_keys(['example_weekday_branch_operator']) retrieved from /home/airflow/.local/lib/python3.7/site-packages/airflow/example_dags/example_branch_day_of_week_operator.py
[2024-06-16 10:11:45,834] {logging_mixin.py:115} INFO - [2024-06-16 10:11:45,834] {dag.py:2371} INFO - Sync 1 DAGs
[2024-06-16 10:11:45,977] {logging_mixin.py:115} INFO - [2024-06-16 10:11:45,977] {dag.py:2919} INFO - Setting next_dagrun for example_weekday_branch_operator to 2024-06-15T00:00:00+00:00, run_after=2024-06-16T00:00:00+00:00
[2024-06-16 10:11:45,993] {processor.py:161} INFO - Processing /home/airflow/.local/lib/python3.7/site-packages/airflow/example_dags/example_branch_day_of_week_operator.py took 0.205 seconds
[2024-06-16 10:12:16,065] {processor.py:153} INFO - Started process (PID=703) to work on /home/airflow/.local/lib/python3.7/site-packages/airflow/example_dags/example_branch_day_of_week_operator.py
[2024-06-16 10:12:16,066] {processor.py:641} INFO - Processing file /home/airflow/.local/lib/python3.7/site-packages/airflow/example_dags/example_branch_day_of_week_operator.py for tasks to queue
[2024-06-16 10:12:16,067] {logging_mixin.py:115} INFO - [2024-06-16 10:12:16,067] {dagbag.py:507} INFO - Filling up the DagBag from /home/airflow/.local/lib/python3.7/site-packages/airflow/example_dags/example_branch_day_of_week_operator.py
[2024-06-16 10:12:16,075] {processor.py:651} INFO - DAG(s) dict_keys(['example_weekday_branch_operator']) retrieved from /home/airflow/.local/lib/python3.7/site-packages/airflow/example_dags/example_branch_day_of_week_operator.py
[2024-06-16 10:12:16,111] {logging_mixin.py:115} INFO - [2024-06-16 10:12:16,111] {dag.py:2371} INFO - Sync 1 DAGs
[2024-06-16 10:12:16,287] {logging_mixin.py:115} INFO - [2024-06-16 10:12:16,287] {dag.py:2919} INFO - Setting next_dagrun for example_weekday_branch_operator to 2024-06-15T00:00:00+00:00, run_after=2024-06-16T00:00:00+00:00
[2024-06-16 10:12:16,301] {processor.py:161} INFO - Processing /home/airflow/.local/lib/python3.7/site-packages/airflow/example_dags/example_branch_day_of_week_operator.py took 0.240 seconds
[2024-06-16 10:12:46,377] {processor.py:153} INFO - Started process (PID=757) to work on /home/airflow/.local/lib/python3.7/site-packages/airflow/example_dags/example_branch_day_of_week_operator.py
[2024-06-16 10:12:46,378] {processor.py:641} INFO - Processing file /home/airflow/.local/lib/python3.7/site-packages/airflow/example_dags/example_branch_day_of_week_operator.py for tasks to queue
[2024-06-16 10:12:46,378] {logging_mixin.py:115} INFO - [2024-06-16 10:12:46,378] {dagbag.py:507} INFO - Filling up the DagBag from /home/airflow/.local/lib/python3.7/site-packages/airflow/example_dags/example_branch_day_of_week_operator.py
[2024-06-16 10:12:46,386] {processor.py:651} INFO - DAG(s) dict_keys(['example_weekday_branch_operator']) retrieved from /home/airflow/.local/lib/python3.7/site-packages/airflow/example_dags/example_branch_day_of_week_operator.py
[2024-06-16 10:12:46,416] {logging_mixin.py:115} INFO - [2024-06-16 10:12:46,416] {dag.py:2371} INFO - Sync 1 DAGs
[2024-06-16 10:12:46,578] {logging_mixin.py:115} INFO - [2024-06-16 10:12:46,578] {dag.py:2919} INFO - Setting next_dagrun for example_weekday_branch_operator to 2024-06-15T00:00:00+00:00, run_after=2024-06-16T00:00:00+00:00
[2024-06-16 10:12:46,594] {processor.py:161} INFO - Processing /home/airflow/.local/lib/python3.7/site-packages/airflow/example_dags/example_branch_day_of_week_operator.py took 0.220 seconds
[2024-06-16 10:13:16,694] {processor.py:153} INFO - Started process (PID=819) to work on /home/airflow/.local/lib/python3.7/site-packages/airflow/example_dags/example_branch_day_of_week_operator.py
[2024-06-16 10:13:16,695] {processor.py:641} INFO - Processing file /home/airflow/.local/lib/python3.7/site-packages/airflow/example_dags/example_branch_day_of_week_operator.py for tasks to queue
[2024-06-16 10:13:16,695] {logging_mixin.py:115} INFO - [2024-06-16 10:13:16,695] {dagbag.py:507} INFO - Filling up the DagBag from /home/airflow/.local/lib/python3.7/site-packages/airflow/example_dags/example_branch_day_of_week_operator.py
[2024-06-16 10:13:16,703] {processor.py:651} INFO - DAG(s) dict_keys(['example_weekday_branch_operator']) retrieved from /home/airflow/.local/lib/python3.7/site-packages/airflow/example_dags/example_branch_day_of_week_operator.py
[2024-06-16 10:13:16,732] {logging_mixin.py:115} INFO - [2024-06-16 10:13:16,732] {dag.py:2371} INFO - Sync 1 DAGs
[2024-06-16 10:13:16,866] {logging_mixin.py:115} INFO - [2024-06-16 10:13:16,866] {dag.py:2919} INFO - Setting next_dagrun for example_weekday_branch_operator to 2024-06-15T00:00:00+00:00, run_after=2024-06-16T00:00:00+00:00
[2024-06-16 10:13:16,881] {processor.py:161} INFO - Processing /home/airflow/.local/lib/python3.7/site-packages/airflow/example_dags/example_branch_day_of_week_operator.py took 0.190 seconds
[2024-06-16 10:13:47,173] {processor.py:153} INFO - Started process (PID=873) to work on /home/airflow/.local/lib/python3.7/site-packages/airflow/example_dags/example_branch_day_of_week_operator.py
[2024-06-16 10:13:47,174] {processor.py:641} INFO - Processing file /home/airflow/.local/lib/python3.7/site-packages/airflow/example_dags/example_branch_day_of_week_operator.py for tasks to queue
[2024-06-16 10:13:47,175] {logging_mixin.py:115} INFO - [2024-06-16 10:13:47,175] {dagbag.py:507} INFO - Filling up the DagBag from /home/airflow/.local/lib/python3.7/site-packages/airflow/example_dags/example_branch_day_of_week_operator.py
[2024-06-16 10:13:47,183] {processor.py:651} INFO - DAG(s) dict_keys(['example_weekday_branch_operator']) retrieved from /home/airflow/.local/lib/python3.7/site-packages/airflow/example_dags/example_branch_day_of_week_operator.py
[2024-06-16 10:13:47,214] {logging_mixin.py:115} INFO - [2024-06-16 10:13:47,214] {dag.py:2371} INFO - Sync 1 DAGs
[2024-06-16 10:13:47,365] {logging_mixin.py:115} INFO - [2024-06-16 10:13:47,365] {dag.py:2919} INFO - Setting next_dagrun for example_weekday_branch_operator to 2024-06-15T00:00:00+00:00, run_after=2024-06-16T00:00:00+00:00
[2024-06-16 10:13:47,386] {processor.py:161} INFO - Processing /home/airflow/.local/lib/python3.7/site-packages/airflow/example_dags/example_branch_day_of_week_operator.py took 0.217 seconds
[2024-06-16 10:14:18,245] {processor.py:153} INFO - Started process (PID=937) to work on /home/airflow/.local/lib/python3.7/site-packages/airflow/example_dags/example_branch_day_of_week_operator.py
[2024-06-16 10:14:18,246] {processor.py:641} INFO - Processing file /home/airflow/.local/lib/python3.7/site-packages/airflow/example_dags/example_branch_day_of_week_operator.py for tasks to queue
[2024-06-16 10:14:18,247] {logging_mixin.py:115} INFO - [2024-06-16 10:14:18,246] {dagbag.py:507} INFO - Filling up the DagBag from /home/airflow/.local/lib/python3.7/site-packages/airflow/example_dags/example_branch_day_of_week_operator.py
[2024-06-16 10:14:18,256] {processor.py:651} INFO - DAG(s) dict_keys(['example_weekday_branch_operator']) retrieved from /home/airflow/.local/lib/python3.7/site-packages/airflow/example_dags/example_branch_day_of_week_operator.py
[2024-06-16 10:14:18,287] {logging_mixin.py:115} INFO - [2024-06-16 10:14:18,287] {dag.py:2371} INFO - Sync 1 DAGs
[2024-06-16 10:14:18,436] {logging_mixin.py:115} INFO - [2024-06-16 10:14:18,436] {dag.py:2919} INFO - Setting next_dagrun for example_weekday_branch_operator to 2024-06-15T00:00:00+00:00, run_after=2024-06-16T00:00:00+00:00
[2024-06-16 10:14:18,451] {processor.py:161} INFO - Processing /home/airflow/.local/lib/python3.7/site-packages/airflow/example_dags/example_branch_day_of_week_operator.py took 0.209 seconds
[2024-06-16 10:14:48,835] {processor.py:153} INFO - Started process (PID=1000) to work on /home/airflow/.local/lib/python3.7/site-packages/airflow/example_dags/example_branch_day_of_week_operator.py
[2024-06-16 10:14:48,835] {processor.py:641} INFO - Processing file /home/airflow/.local/lib/python3.7/site-packages/airflow/example_dags/example_branch_day_of_week_operator.py for tasks to queue
[2024-06-16 10:14:48,836] {logging_mixin.py:115} INFO - [2024-06-16 10:14:48,836] {dagbag.py:507} INFO - Filling up the DagBag from /home/airflow/.local/lib/python3.7/site-packages/airflow/example_dags/example_branch_day_of_week_operator.py
[2024-06-16 10:14:48,844] {processor.py:651} INFO - DAG(s) dict_keys(['example_weekday_branch_operator']) retrieved from /home/airflow/.local/lib/python3.7/site-packages/airflow/example_dags/example_branch_day_of_week_operator.py
[2024-06-16 10:14:48,875] {logging_mixin.py:115} INFO - [2024-06-16 10:14:48,875] {dag.py:2371} INFO - Sync 1 DAGs
[2024-06-16 10:14:49,059] {logging_mixin.py:115} INFO - [2024-06-16 10:14:49,059] {dag.py:2919} INFO - Setting next_dagrun for example_weekday_branch_operator to 2024-06-15T00:00:00+00:00, run_after=2024-06-16T00:00:00+00:00
[2024-06-16 10:14:49,080] {processor.py:161} INFO - Processing /home/airflow/.local/lib/python3.7/site-packages/airflow/example_dags/example_branch_day_of_week_operator.py took 0.249 seconds
[2024-06-16 10:15:19,619] {processor.py:153} INFO - Started process (PID=1053) to work on /home/airflow/.local/lib/python3.7/site-packages/airflow/example_dags/example_branch_day_of_week_operator.py
[2024-06-16 10:15:19,620] {processor.py:641} INFO - Processing file /home/airflow/.local/lib/python3.7/site-packages/airflow/example_dags/example_branch_day_of_week_operator.py for tasks to queue
[2024-06-16 10:15:19,622] {logging_mixin.py:115} INFO - [2024-06-16 10:15:19,622] {dagbag.py:507} INFO - Filling up the DagBag from /home/airflow/.local/lib/python3.7/site-packages/airflow/example_dags/example_branch_day_of_week_operator.py
[2024-06-16 10:15:19,631] {processor.py:651} INFO - DAG(s) dict_keys(['example_weekday_branch_operator']) retrieved from /home/airflow/.local/lib/python3.7/site-packages/airflow/example_dags/example_branch_day_of_week_operator.py
[2024-06-16 10:15:19,664] {logging_mixin.py:115} INFO - [2024-06-16 10:15:19,664] {dag.py:2371} INFO - Sync 1 DAGs
[2024-06-16 10:15:19,812] {logging_mixin.py:115} INFO - [2024-06-16 10:15:19,812] {dag.py:2919} INFO - Setting next_dagrun for example_weekday_branch_operator to 2024-06-15T00:00:00+00:00, run_after=2024-06-16T00:00:00+00:00
[2024-06-16 10:15:19,831] {processor.py:161} INFO - Processing /home/airflow/.local/lib/python3.7/site-packages/airflow/example_dags/example_branch_day_of_week_operator.py took 0.217 seconds
[2024-06-16 10:15:49,882] {processor.py:153} INFO - Started process (PID=1116) to work on /home/airflow/.local/lib/python3.7/site-packages/airflow/example_dags/example_branch_day_of_week_operator.py
[2024-06-16 10:15:49,883] {processor.py:641} INFO - Processing file /home/airflow/.local/lib/python3.7/site-packages/airflow/example_dags/example_branch_day_of_week_operator.py for tasks to queue
[2024-06-16 10:15:49,884] {logging_mixin.py:115} INFO - [2024-06-16 10:15:49,883] {dagbag.py:507} INFO - Filling up the DagBag from /home/airflow/.local/lib/python3.7/site-packages/airflow/example_dags/example_branch_day_of_week_operator.py
[2024-06-16 10:15:49,892] {processor.py:651} INFO - DAG(s) dict_keys(['example_weekday_branch_operator']) retrieved from /home/airflow/.local/lib/python3.7/site-packages/airflow/example_dags/example_branch_day_of_week_operator.py
[2024-06-16 10:15:49,941] {logging_mixin.py:115} INFO - [2024-06-16 10:15:49,941] {dag.py:2371} INFO - Sync 1 DAGs
[2024-06-16 10:15:50,093] {logging_mixin.py:115} INFO - [2024-06-16 10:15:50,093] {dag.py:2919} INFO - Setting next_dagrun for example_weekday_branch_operator to 2024-06-15T00:00:00+00:00, run_after=2024-06-16T00:00:00+00:00
[2024-06-16 10:15:50,109] {processor.py:161} INFO - Processing /home/airflow/.local/lib/python3.7/site-packages/airflow/example_dags/example_branch_day_of_week_operator.py took 0.230 seconds
[2024-06-16 10:16:20,883] {processor.py:153} INFO - Started process (PID=1179) to work on /home/airflow/.local/lib/python3.7/site-packages/airflow/example_dags/example_branch_day_of_week_operator.py
[2024-06-16 10:16:20,885] {processor.py:641} INFO - Processing file /home/airflow/.local/lib/python3.7/site-packages/airflow/example_dags/example_branch_day_of_week_operator.py for tasks to queue
[2024-06-16 10:16:20,887] {logging_mixin.py:115} INFO - [2024-06-16 10:16:20,887] {dagbag.py:507} INFO - Filling up the DagBag from /home/airflow/.local/lib/python3.7/site-packages/airflow/example_dags/example_branch_day_of_week_operator.py
[2024-06-16 10:16:20,912] {processor.py:651} INFO - DAG(s) dict_keys(['example_weekday_branch_operator']) retrieved from /home/airflow/.local/lib/python3.7/site-packages/airflow/example_dags/example_branch_day_of_week_operator.py
[2024-06-16 10:16:20,974] {logging_mixin.py:115} INFO - [2024-06-16 10:16:20,974] {dag.py:2371} INFO - Sync 1 DAGs
[2024-06-16 10:16:21,312] {logging_mixin.py:115} INFO - [2024-06-16 10:16:21,312] {dag.py:2919} INFO - Setting next_dagrun for example_weekday_branch_operator to 2024-06-15T00:00:00+00:00, run_after=2024-06-16T00:00:00+00:00
[2024-06-16 10:16:21,327] {processor.py:161} INFO - Processing /home/airflow/.local/lib/python3.7/site-packages/airflow/example_dags/example_branch_day_of_week_operator.py took 0.447 seconds
[2024-06-16 10:16:51,405] {processor.py:153} INFO - Started process (PID=1232) to work on /home/airflow/.local/lib/python3.7/site-packages/airflow/example_dags/example_branch_day_of_week_operator.py
[2024-06-16 10:16:51,405] {processor.py:641} INFO - Processing file /home/airflow/.local/lib/python3.7/site-packages/airflow/example_dags/example_branch_day_of_week_operator.py for tasks to queue
[2024-06-16 10:16:51,406] {logging_mixin.py:115} INFO - [2024-06-16 10:16:51,406] {dagbag.py:507} INFO - Filling up the DagBag from /home/airflow/.local/lib/python3.7/site-packages/airflow/example_dags/example_branch_day_of_week_operator.py
[2024-06-16 10:16:51,416] {processor.py:651} INFO - DAG(s) dict_keys(['example_weekday_branch_operator']) retrieved from /home/airflow/.local/lib/python3.7/site-packages/airflow/example_dags/example_branch_day_of_week_operator.py
[2024-06-16 10:16:51,450] {logging_mixin.py:115} INFO - [2024-06-16 10:16:51,450] {dag.py:2371} INFO - Sync 1 DAGs
[2024-06-16 10:16:51,477] {logging_mixin.py:115} INFO - [2024-06-16 10:16:51,477] {dag.py:2919} INFO - Setting next_dagrun for example_weekday_branch_operator to 2024-06-15T00:00:00+00:00, run_after=2024-06-16T00:00:00+00:00
[2024-06-16 10:16:51,492] {processor.py:161} INFO - Processing /home/airflow/.local/lib/python3.7/site-packages/airflow/example_dags/example_branch_day_of_week_operator.py took 0.090 seconds
[2024-06-16 10:17:22,224] {processor.py:153} INFO - Started process (PID=1296) to work on /home/airflow/.local/lib/python3.7/site-packages/airflow/example_dags/example_branch_day_of_week_operator.py
[2024-06-16 10:17:22,225] {processor.py:641} INFO - Processing file /home/airflow/.local/lib/python3.7/site-packages/airflow/example_dags/example_branch_day_of_week_operator.py for tasks to queue
[2024-06-16 10:17:22,226] {logging_mixin.py:115} INFO - [2024-06-16 10:17:22,226] {dagbag.py:507} INFO - Filling up the DagBag from /home/airflow/.local/lib/python3.7/site-packages/airflow/example_dags/example_branch_day_of_week_operator.py
[2024-06-16 10:17:22,235] {processor.py:651} INFO - DAG(s) dict_keys(['example_weekday_branch_operator']) retrieved from /home/airflow/.local/lib/python3.7/site-packages/airflow/example_dags/example_branch_day_of_week_operator.py
[2024-06-16 10:17:22,266] {logging_mixin.py:115} INFO - [2024-06-16 10:17:22,266] {dag.py:2371} INFO - Sync 1 DAGs
[2024-06-16 10:17:22,306] {logging_mixin.py:115} INFO - [2024-06-16 10:17:22,306] {dag.py:2919} INFO - Setting next_dagrun for example_weekday_branch_operator to 2024-06-15T00:00:00+00:00, run_after=2024-06-16T00:00:00+00:00
[2024-06-16 10:17:22,335] {processor.py:161} INFO - Processing /home/airflow/.local/lib/python3.7/site-packages/airflow/example_dags/example_branch_day_of_week_operator.py took 0.115 seconds
[2024-06-16 10:17:52,942] {processor.py:153} INFO - Started process (PID=1350) to work on /home/airflow/.local/lib/python3.7/site-packages/airflow/example_dags/example_branch_day_of_week_operator.py
[2024-06-16 10:17:52,943] {processor.py:641} INFO - Processing file /home/airflow/.local/lib/python3.7/site-packages/airflow/example_dags/example_branch_day_of_week_operator.py for tasks to queue
[2024-06-16 10:17:52,944] {logging_mixin.py:115} INFO - [2024-06-16 10:17:52,944] {dagbag.py:507} INFO - Filling up the DagBag from /home/airflow/.local/lib/python3.7/site-packages/airflow/example_dags/example_branch_day_of_week_operator.py
[2024-06-16 10:17:52,952] {processor.py:651} INFO - DAG(s) dict_keys(['example_weekday_branch_operator']) retrieved from /home/airflow/.local/lib/python3.7/site-packages/airflow/example_dags/example_branch_day_of_week_operator.py
[2024-06-16 10:17:52,983] {logging_mixin.py:115} INFO - [2024-06-16 10:17:52,983] {dag.py:2371} INFO - Sync 1 DAGs
[2024-06-16 10:17:53,008] {logging_mixin.py:115} INFO - [2024-06-16 10:17:53,008] {dag.py:2919} INFO - Setting next_dagrun for example_weekday_branch_operator to 2024-06-15T00:00:00+00:00, run_after=2024-06-16T00:00:00+00:00
[2024-06-16 10:17:53,023] {processor.py:161} INFO - Processing /home/airflow/.local/lib/python3.7/site-packages/airflow/example_dags/example_branch_day_of_week_operator.py took 0.084 seconds
[2024-06-16 10:18:23,430] {processor.py:153} INFO - Started process (PID=1414) to work on /home/airflow/.local/lib/python3.7/site-packages/airflow/example_dags/example_branch_day_of_week_operator.py
[2024-06-16 10:18:23,430] {processor.py:641} INFO - Processing file /home/airflow/.local/lib/python3.7/site-packages/airflow/example_dags/example_branch_day_of_week_operator.py for tasks to queue
[2024-06-16 10:18:23,432] {logging_mixin.py:115} INFO - [2024-06-16 10:18:23,432] {dagbag.py:507} INFO - Filling up the DagBag from /home/airflow/.local/lib/python3.7/site-packages/airflow/example_dags/example_branch_day_of_week_operator.py
[2024-06-16 10:18:23,443] {processor.py:651} INFO - DAG(s) dict_keys(['example_weekday_branch_operator']) retrieved from /home/airflow/.local/lib/python3.7/site-packages/airflow/example_dags/example_branch_day_of_week_operator.py
[2024-06-16 10:18:23,486] {logging_mixin.py:115} INFO - [2024-06-16 10:18:23,486] {dag.py:2371} INFO - Sync 1 DAGs
[2024-06-16 10:18:23,514] {logging_mixin.py:115} INFO - [2024-06-16 10:18:23,514] {dag.py:2919} INFO - Setting next_dagrun for example_weekday_branch_operator to 2024-06-15T00:00:00+00:00, run_after=2024-06-16T00:00:00+00:00
[2024-06-16 10:18:23,536] {processor.py:161} INFO - Processing /home/airflow/.local/lib/python3.7/site-packages/airflow/example_dags/example_branch_day_of_week_operator.py took 0.110 seconds
[2024-06-16 10:18:54,213] {processor.py:153} INFO - Started process (PID=1478) to work on /home/airflow/.local/lib/python3.7/site-packages/airflow/example_dags/example_branch_day_of_week_operator.py
[2024-06-16 10:18:54,215] {processor.py:641} INFO - Processing file /home/airflow/.local/lib/python3.7/site-packages/airflow/example_dags/example_branch_day_of_week_operator.py for tasks to queue
[2024-06-16 10:18:54,215] {logging_mixin.py:115} INFO - [2024-06-16 10:18:54,215] {dagbag.py:507} INFO - Filling up the DagBag from /home/airflow/.local/lib/python3.7/site-packages/airflow/example_dags/example_branch_day_of_week_operator.py
[2024-06-16 10:18:54,241] {processor.py:651} INFO - DAG(s) dict_keys(['example_weekday_branch_operator']) retrieved from /home/airflow/.local/lib/python3.7/site-packages/airflow/example_dags/example_branch_day_of_week_operator.py
[2024-06-16 10:18:54,326] {logging_mixin.py:115} INFO - [2024-06-16 10:18:54,325] {dag.py:2371} INFO - Sync 1 DAGs
[2024-06-16 10:18:54,375] {logging_mixin.py:115} INFO - [2024-06-16 10:18:54,375] {dag.py:2919} INFO - Setting next_dagrun for example_weekday_branch_operator to 2024-06-15T00:00:00+00:00, run_after=2024-06-16T00:00:00+00:00
[2024-06-16 10:18:54,403] {processor.py:161} INFO - Processing /home/airflow/.local/lib/python3.7/site-packages/airflow/example_dags/example_branch_day_of_week_operator.py took 0.193 seconds
[2024-06-16 11:03:49,511] {processor.py:153} INFO - Started process (PID=46) to work on /home/airflow/.local/lib/python3.7/site-packages/airflow/example_dags/example_branch_day_of_week_operator.py
[2024-06-16 11:03:49,519] {processor.py:641} INFO - Processing file /home/airflow/.local/lib/python3.7/site-packages/airflow/example_dags/example_branch_day_of_week_operator.py for tasks to queue
[2024-06-16 11:03:49,520] {logging_mixin.py:115} INFO - [2024-06-16 11:03:49,520] {dagbag.py:507} INFO - Filling up the DagBag from /home/airflow/.local/lib/python3.7/site-packages/airflow/example_dags/example_branch_day_of_week_operator.py
[2024-06-16 11:03:49,534] {processor.py:651} INFO - DAG(s) dict_keys(['example_weekday_branch_operator']) retrieved from /home/airflow/.local/lib/python3.7/site-packages/airflow/example_dags/example_branch_day_of_week_operator.py
[2024-06-16 11:03:49,685] {logging_mixin.py:115} INFO - [2024-06-16 11:03:49,685] {dag.py:2371} INFO - Sync 1 DAGs
[2024-06-16 11:03:50,021] {logging_mixin.py:115} INFO - [2024-06-16 11:03:50,021] {dag.py:2919} INFO - Setting next_dagrun for example_weekday_branch_operator to 2024-06-15T00:00:00+00:00, run_after=2024-06-16T00:00:00+00:00
[2024-06-16 11:03:50,047] {processor.py:161} INFO - Processing /home/airflow/.local/lib/python3.7/site-packages/airflow/example_dags/example_branch_day_of_week_operator.py took 0.539 seconds
[2024-06-16 11:04:20,370] {processor.py:153} INFO - Started process (PID=108) to work on /home/airflow/.local/lib/python3.7/site-packages/airflow/example_dags/example_branch_day_of_week_operator.py
[2024-06-16 11:04:20,371] {processor.py:641} INFO - Processing file /home/airflow/.local/lib/python3.7/site-packages/airflow/example_dags/example_branch_day_of_week_operator.py for tasks to queue
[2024-06-16 11:04:20,371] {logging_mixin.py:115} INFO - [2024-06-16 11:04:20,371] {dagbag.py:507} INFO - Filling up the DagBag from /home/airflow/.local/lib/python3.7/site-packages/airflow/example_dags/example_branch_day_of_week_operator.py
[2024-06-16 11:04:20,383] {processor.py:651} INFO - DAG(s) dict_keys(['example_weekday_branch_operator']) retrieved from /home/airflow/.local/lib/python3.7/site-packages/airflow/example_dags/example_branch_day_of_week_operator.py
[2024-06-16 11:04:20,419] {logging_mixin.py:115} INFO - [2024-06-16 11:04:20,419] {dag.py:2371} INFO - Sync 1 DAGs
[2024-06-16 11:04:20,585] {logging_mixin.py:115} INFO - [2024-06-16 11:04:20,585] {dag.py:2919} INFO - Setting next_dagrun for example_weekday_branch_operator to 2024-06-15T00:00:00+00:00, run_after=2024-06-16T00:00:00+00:00
[2024-06-16 11:04:20,602] {processor.py:161} INFO - Processing /home/airflow/.local/lib/python3.7/site-packages/airflow/example_dags/example_branch_day_of_week_operator.py took 0.235 seconds
[2024-06-16 11:04:51,403] {processor.py:153} INFO - Started process (PID=162) to work on /home/airflow/.local/lib/python3.7/site-packages/airflow/example_dags/example_branch_day_of_week_operator.py
[2024-06-16 11:04:51,410] {processor.py:641} INFO - Processing file /home/airflow/.local/lib/python3.7/site-packages/airflow/example_dags/example_branch_day_of_week_operator.py for tasks to queue
[2024-06-16 11:04:51,419] {logging_mixin.py:115} INFO - [2024-06-16 11:04:51,418] {dagbag.py:507} INFO - Filling up the DagBag from /home/airflow/.local/lib/python3.7/site-packages/airflow/example_dags/example_branch_day_of_week_operator.py
[2024-06-16 11:04:51,427] {processor.py:651} INFO - DAG(s) dict_keys(['example_weekday_branch_operator']) retrieved from /home/airflow/.local/lib/python3.7/site-packages/airflow/example_dags/example_branch_day_of_week_operator.py
[2024-06-16 11:04:51,461] {logging_mixin.py:115} INFO - [2024-06-16 11:04:51,461] {dag.py:2371} INFO - Sync 1 DAGs
[2024-06-16 11:04:51,631] {logging_mixin.py:115} INFO - [2024-06-16 11:04:51,631] {dag.py:2919} INFO - Setting next_dagrun for example_weekday_branch_operator to 2024-06-15T00:00:00+00:00, run_after=2024-06-16T00:00:00+00:00
[2024-06-16 11:04:51,656] {processor.py:161} INFO - Processing /home/airflow/.local/lib/python3.7/site-packages/airflow/example_dags/example_branch_day_of_week_operator.py took 0.263 seconds
[2024-06-16 11:05:26,112] {processor.py:153} INFO - Started process (PID=216) to work on /home/airflow/.local/lib/python3.7/site-packages/airflow/example_dags/example_branch_day_of_week_operator.py
[2024-06-16 11:05:26,367] {processor.py:641} INFO - Processing file /home/airflow/.local/lib/python3.7/site-packages/airflow/example_dags/example_branch_day_of_week_operator.py for tasks to queue
[2024-06-16 11:05:26,432] {logging_mixin.py:115} INFO - [2024-06-16 11:05:26,431] {dagbag.py:507} INFO - Filling up the DagBag from /home/airflow/.local/lib/python3.7/site-packages/airflow/example_dags/example_branch_day_of_week_operator.py
[2024-06-16 11:05:26,547] {processor.py:651} INFO - DAG(s) dict_keys(['example_weekday_branch_operator']) retrieved from /home/airflow/.local/lib/python3.7/site-packages/airflow/example_dags/example_branch_day_of_week_operator.py
[2024-06-16 11:05:26,820] {logging_mixin.py:115} INFO - [2024-06-16 11:05:26,820] {dag.py:2371} INFO - Sync 1 DAGs
[2024-06-16 11:05:27,440] {logging_mixin.py:115} INFO - [2024-06-16 11:05:27,440] {dag.py:2919} INFO - Setting next_dagrun for example_weekday_branch_operator to 2024-06-15T00:00:00+00:00, run_after=2024-06-16T00:00:00+00:00
[2024-06-16 11:05:27,739] {processor.py:161} INFO - Processing /home/airflow/.local/lib/python3.7/site-packages/airflow/example_dags/example_branch_day_of_week_operator.py took 1.630 seconds
[2024-06-16 11:06:04,644] {processor.py:153} INFO - Started process (PID=259) to work on /home/airflow/.local/lib/python3.7/site-packages/airflow/example_dags/example_branch_day_of_week_operator.py
[2024-06-16 11:06:04,646] {processor.py:641} INFO - Processing file /home/airflow/.local/lib/python3.7/site-packages/airflow/example_dags/example_branch_day_of_week_operator.py for tasks to queue
[2024-06-16 11:06:04,647] {logging_mixin.py:115} INFO - [2024-06-16 11:06:04,647] {dagbag.py:507} INFO - Filling up the DagBag from /home/airflow/.local/lib/python3.7/site-packages/airflow/example_dags/example_branch_day_of_week_operator.py
[2024-06-16 11:06:04,666] {processor.py:651} INFO - DAG(s) dict_keys(['example_weekday_branch_operator']) retrieved from /home/airflow/.local/lib/python3.7/site-packages/airflow/example_dags/example_branch_day_of_week_operator.py
[2024-06-16 11:06:04,723] {logging_mixin.py:115} INFO - [2024-06-16 11:06:04,723] {dag.py:2371} INFO - Sync 1 DAGs
[2024-06-16 11:06:04,991] {logging_mixin.py:115} INFO - [2024-06-16 11:06:04,991] {dag.py:2919} INFO - Setting next_dagrun for example_weekday_branch_operator to 2024-06-15T00:00:00+00:00, run_after=2024-06-16T00:00:00+00:00
[2024-06-16 11:06:05,024] {processor.py:161} INFO - Processing /home/airflow/.local/lib/python3.7/site-packages/airflow/example_dags/example_branch_day_of_week_operator.py took 0.384 seconds
[2024-06-16 11:06:35,909] {processor.py:153} INFO - Started process (PID=320) to work on /home/airflow/.local/lib/python3.7/site-packages/airflow/example_dags/example_branch_day_of_week_operator.py
[2024-06-16 11:06:35,911] {processor.py:641} INFO - Processing file /home/airflow/.local/lib/python3.7/site-packages/airflow/example_dags/example_branch_day_of_week_operator.py for tasks to queue
[2024-06-16 11:06:35,912] {logging_mixin.py:115} INFO - [2024-06-16 11:06:35,912] {dagbag.py:507} INFO - Filling up the DagBag from /home/airflow/.local/lib/python3.7/site-packages/airflow/example_dags/example_branch_day_of_week_operator.py
[2024-06-16 11:06:35,940] {processor.py:651} INFO - DAG(s) dict_keys(['example_weekday_branch_operator']) retrieved from /home/airflow/.local/lib/python3.7/site-packages/airflow/example_dags/example_branch_day_of_week_operator.py
[2024-06-16 11:06:35,994] {logging_mixin.py:115} INFO - [2024-06-16 11:06:35,993] {dag.py:2371} INFO - Sync 1 DAGs
[2024-06-16 11:06:36,218] {logging_mixin.py:115} INFO - [2024-06-16 11:06:36,218] {dag.py:2919} INFO - Setting next_dagrun for example_weekday_branch_operator to 2024-06-15T00:00:00+00:00, run_after=2024-06-16T00:00:00+00:00
[2024-06-16 11:06:36,257] {processor.py:161} INFO - Processing /home/airflow/.local/lib/python3.7/site-packages/airflow/example_dags/example_branch_day_of_week_operator.py took 0.354 seconds
[2024-06-16 11:07:07,341] {processor.py:153} INFO - Started process (PID=373) to work on /home/airflow/.local/lib/python3.7/site-packages/airflow/example_dags/example_branch_day_of_week_operator.py
[2024-06-16 11:07:07,342] {processor.py:641} INFO - Processing file /home/airflow/.local/lib/python3.7/site-packages/airflow/example_dags/example_branch_day_of_week_operator.py for tasks to queue
[2024-06-16 11:07:07,343] {logging_mixin.py:115} INFO - [2024-06-16 11:07:07,343] {dagbag.py:507} INFO - Filling up the DagBag from /home/airflow/.local/lib/python3.7/site-packages/airflow/example_dags/example_branch_day_of_week_operator.py
[2024-06-16 11:07:07,358] {processor.py:651} INFO - DAG(s) dict_keys(['example_weekday_branch_operator']) retrieved from /home/airflow/.local/lib/python3.7/site-packages/airflow/example_dags/example_branch_day_of_week_operator.py
[2024-06-16 11:07:07,422] {logging_mixin.py:115} INFO - [2024-06-16 11:07:07,422] {dag.py:2371} INFO - Sync 1 DAGs
[2024-06-16 11:07:07,638] {logging_mixin.py:115} INFO - [2024-06-16 11:07:07,638] {dag.py:2919} INFO - Setting next_dagrun for example_weekday_branch_operator to 2024-06-15T00:00:00+00:00, run_after=2024-06-16T00:00:00+00:00
[2024-06-16 11:07:07,654] {processor.py:161} INFO - Processing /home/airflow/.local/lib/python3.7/site-packages/airflow/example_dags/example_branch_day_of_week_operator.py took 0.317 seconds
[2024-06-16 11:10:42,417] {processor.py:153} INFO - Started process (PID=55) to work on /home/airflow/.local/lib/python3.7/site-packages/airflow/example_dags/example_branch_day_of_week_operator.py
[2024-06-16 11:10:42,423] {processor.py:641} INFO - Processing file /home/airflow/.local/lib/python3.7/site-packages/airflow/example_dags/example_branch_day_of_week_operator.py for tasks to queue
[2024-06-16 11:10:42,430] {logging_mixin.py:115} INFO - [2024-06-16 11:10:42,429] {dagbag.py:507} INFO - Filling up the DagBag from /home/airflow/.local/lib/python3.7/site-packages/airflow/example_dags/example_branch_day_of_week_operator.py
[2024-06-16 11:10:42,474] {processor.py:651} INFO - DAG(s) dict_keys(['example_weekday_branch_operator']) retrieved from /home/airflow/.local/lib/python3.7/site-packages/airflow/example_dags/example_branch_day_of_week_operator.py
[2024-06-16 11:10:42,667] {logging_mixin.py:115} INFO - [2024-06-16 11:10:42,667] {dag.py:2371} INFO - Sync 1 DAGs
[2024-06-16 11:10:43,045] {logging_mixin.py:115} INFO - [2024-06-16 11:10:43,044] {dag.py:2919} INFO - Setting next_dagrun for example_weekday_branch_operator to 2024-06-15T00:00:00+00:00, run_after=2024-06-16T00:00:00+00:00
[2024-06-16 11:10:43,163] {processor.py:161} INFO - Processing /home/airflow/.local/lib/python3.7/site-packages/airflow/example_dags/example_branch_day_of_week_operator.py took 0.751 seconds
[2024-06-16 11:11:13,225] {processor.py:153} INFO - Started process (PID=117) to work on /home/airflow/.local/lib/python3.7/site-packages/airflow/example_dags/example_branch_day_of_week_operator.py
[2024-06-16 11:11:13,226] {processor.py:641} INFO - Processing file /home/airflow/.local/lib/python3.7/site-packages/airflow/example_dags/example_branch_day_of_week_operator.py for tasks to queue
[2024-06-16 11:11:13,228] {logging_mixin.py:115} INFO - [2024-06-16 11:11:13,227] {dagbag.py:507} INFO - Filling up the DagBag from /home/airflow/.local/lib/python3.7/site-packages/airflow/example_dags/example_branch_day_of_week_operator.py
[2024-06-16 11:11:13,237] {processor.py:651} INFO - DAG(s) dict_keys(['example_weekday_branch_operator']) retrieved from /home/airflow/.local/lib/python3.7/site-packages/airflow/example_dags/example_branch_day_of_week_operator.py
[2024-06-16 11:11:13,272] {logging_mixin.py:115} INFO - [2024-06-16 11:11:13,272] {dag.py:2371} INFO - Sync 1 DAGs
[2024-06-16 11:11:13,448] {logging_mixin.py:115} INFO - [2024-06-16 11:11:13,448] {dag.py:2919} INFO - Setting next_dagrun for example_weekday_branch_operator to 2024-06-15T00:00:00+00:00, run_after=2024-06-16T00:00:00+00:00
[2024-06-16 11:11:13,732] {processor.py:161} INFO - Processing /home/airflow/.local/lib/python3.7/site-packages/airflow/example_dags/example_branch_day_of_week_operator.py took 0.514 seconds
[2024-06-16 11:11:44,842] {processor.py:153} INFO - Started process (PID=173) to work on /home/airflow/.local/lib/python3.7/site-packages/airflow/example_dags/example_branch_day_of_week_operator.py
[2024-06-16 11:11:44,844] {processor.py:641} INFO - Processing file /home/airflow/.local/lib/python3.7/site-packages/airflow/example_dags/example_branch_day_of_week_operator.py for tasks to queue
[2024-06-16 11:11:44,846] {logging_mixin.py:115} INFO - [2024-06-16 11:11:44,846] {dagbag.py:507} INFO - Filling up the DagBag from /home/airflow/.local/lib/python3.7/site-packages/airflow/example_dags/example_branch_day_of_week_operator.py
[2024-06-16 11:11:44,855] {processor.py:651} INFO - DAG(s) dict_keys(['example_weekday_branch_operator']) retrieved from /home/airflow/.local/lib/python3.7/site-packages/airflow/example_dags/example_branch_day_of_week_operator.py
[2024-06-16 11:11:44,923] {logging_mixin.py:115} INFO - [2024-06-16 11:11:44,922] {dag.py:2371} INFO - Sync 1 DAGs
[2024-06-16 11:11:45,104] {logging_mixin.py:115} INFO - [2024-06-16 11:11:45,104] {dag.py:2919} INFO - Setting next_dagrun for example_weekday_branch_operator to 2024-06-15T00:00:00+00:00, run_after=2024-06-16T00:00:00+00:00
[2024-06-16 11:11:45,120] {processor.py:161} INFO - Processing /home/airflow/.local/lib/python3.7/site-packages/airflow/example_dags/example_branch_day_of_week_operator.py took 0.283 seconds
[2024-06-16 11:12:15,866] {processor.py:153} INFO - Started process (PID=236) to work on /home/airflow/.local/lib/python3.7/site-packages/airflow/example_dags/example_branch_day_of_week_operator.py
[2024-06-16 11:12:15,867] {processor.py:641} INFO - Processing file /home/airflow/.local/lib/python3.7/site-packages/airflow/example_dags/example_branch_day_of_week_operator.py for tasks to queue
[2024-06-16 11:12:15,868] {logging_mixin.py:115} INFO - [2024-06-16 11:12:15,867] {dagbag.py:507} INFO - Filling up the DagBag from /home/airflow/.local/lib/python3.7/site-packages/airflow/example_dags/example_branch_day_of_week_operator.py
[2024-06-16 11:12:15,880] {processor.py:651} INFO - DAG(s) dict_keys(['example_weekday_branch_operator']) retrieved from /home/airflow/.local/lib/python3.7/site-packages/airflow/example_dags/example_branch_day_of_week_operator.py
[2024-06-16 11:12:15,911] {logging_mixin.py:115} INFO - [2024-06-16 11:12:15,911] {dag.py:2371} INFO - Sync 1 DAGs
[2024-06-16 11:12:16,096] {logging_mixin.py:115} INFO - [2024-06-16 11:12:16,096] {dag.py:2919} INFO - Setting next_dagrun for example_weekday_branch_operator to 2024-06-15T00:00:00+00:00, run_after=2024-06-16T00:00:00+00:00
[2024-06-16 11:12:16,112] {processor.py:161} INFO - Processing /home/airflow/.local/lib/python3.7/site-packages/airflow/example_dags/example_branch_day_of_week_operator.py took 0.250 seconds
