[2024-06-16 10:06:45,865] {processor.py:153} INFO - Started process (PID=72) to work on /home/airflow/.local/lib/python3.7/site-packages/airflow/example_dags/example_complex.py
[2024-06-16 10:06:45,866] {processor.py:641} INFO - Processing file /home/airflow/.local/lib/python3.7/site-packages/airflow/example_dags/example_complex.py for tasks to queue
[2024-06-16 10:06:45,867] {logging_mixin.py:115} INFO - [2024-06-16 10:06:45,866] {dagbag.py:507} INFO - Filling up the DagBag from /home/airflow/.local/lib/python3.7/site-packages/airflow/example_dags/example_complex.py
[2024-06-16 10:06:45,882] {processor.py:651} INFO - DAG(s) dict_keys(['example_complex']) retrieved from /home/airflow/.local/lib/python3.7/site-packages/airflow/example_dags/example_complex.py
[2024-06-16 10:06:45,928] {logging_mixin.py:115} INFO - [2024-06-16 10:06:45,927] {dag.py:2371} INFO - Sync 1 DAGs
[2024-06-16 10:06:46,074] {logging_mixin.py:115} INFO - [2024-06-16 10:06:46,074] {dag.py:2919} INFO - Setting next_dagrun for example_complex to None, run_after=None
[2024-06-16 10:06:46,089] {processor.py:161} INFO - Processing /home/airflow/.local/lib/python3.7/site-packages/airflow/example_dags/example_complex.py took 0.228 seconds
[2024-06-16 10:07:17,700] {processor.py:153} INFO - Started process (PID=135) to work on /home/airflow/.local/lib/python3.7/site-packages/airflow/example_dags/example_complex.py
[2024-06-16 10:07:17,701] {processor.py:641} INFO - Processing file /home/airflow/.local/lib/python3.7/site-packages/airflow/example_dags/example_complex.py for tasks to queue
[2024-06-16 10:07:17,702] {logging_mixin.py:115} INFO - [2024-06-16 10:07:17,702] {dagbag.py:507} INFO - Filling up the DagBag from /home/airflow/.local/lib/python3.7/site-packages/airflow/example_dags/example_complex.py
[2024-06-16 10:07:17,722] {processor.py:651} INFO - DAG(s) dict_keys(['example_complex']) retrieved from /home/airflow/.local/lib/python3.7/site-packages/airflow/example_dags/example_complex.py
[2024-06-16 10:07:17,770] {logging_mixin.py:115} INFO - [2024-06-16 10:07:17,770] {dag.py:2371} INFO - Sync 1 DAGs
[2024-06-16 10:07:17,919] {logging_mixin.py:115} INFO - [2024-06-16 10:07:17,919] {dag.py:2919} INFO - Setting next_dagrun for example_complex to None, run_after=None
[2024-06-16 10:07:17,936] {processor.py:161} INFO - Processing /home/airflow/.local/lib/python3.7/site-packages/airflow/example_dags/example_complex.py took 0.239 seconds
[2024-06-16 10:07:48,212] {processor.py:153} INFO - Started process (PID=199) to work on /home/airflow/.local/lib/python3.7/site-packages/airflow/example_dags/example_complex.py
[2024-06-16 10:07:48,212] {processor.py:641} INFO - Processing file /home/airflow/.local/lib/python3.7/site-packages/airflow/example_dags/example_complex.py for tasks to queue
[2024-06-16 10:07:48,213] {logging_mixin.py:115} INFO - [2024-06-16 10:07:48,213] {dagbag.py:507} INFO - Filling up the DagBag from /home/airflow/.local/lib/python3.7/site-packages/airflow/example_dags/example_complex.py
[2024-06-16 10:07:48,229] {processor.py:651} INFO - DAG(s) dict_keys(['example_complex']) retrieved from /home/airflow/.local/lib/python3.7/site-packages/airflow/example_dags/example_complex.py
[2024-06-16 10:07:48,267] {logging_mixin.py:115} INFO - [2024-06-16 10:07:48,267] {dag.py:2371} INFO - Sync 1 DAGs
[2024-06-16 10:07:48,411] {logging_mixin.py:115} INFO - [2024-06-16 10:07:48,411] {dag.py:2919} INFO - Setting next_dagrun for example_complex to None, run_after=None
[2024-06-16 10:07:48,425] {processor.py:161} INFO - Processing /home/airflow/.local/lib/python3.7/site-packages/airflow/example_dags/example_complex.py took 0.217 seconds
[2024-06-16 10:08:18,712] {processor.py:153} INFO - Started process (PID=253) to work on /home/airflow/.local/lib/python3.7/site-packages/airflow/example_dags/example_complex.py
[2024-06-16 10:08:18,713] {processor.py:641} INFO - Processing file /home/airflow/.local/lib/python3.7/site-packages/airflow/example_dags/example_complex.py for tasks to queue
[2024-06-16 10:08:18,714] {logging_mixin.py:115} INFO - [2024-06-16 10:08:18,714] {dagbag.py:507} INFO - Filling up the DagBag from /home/airflow/.local/lib/python3.7/site-packages/airflow/example_dags/example_complex.py
[2024-06-16 10:08:18,730] {processor.py:651} INFO - DAG(s) dict_keys(['example_complex']) retrieved from /home/airflow/.local/lib/python3.7/site-packages/airflow/example_dags/example_complex.py
[2024-06-16 10:08:18,767] {logging_mixin.py:115} INFO - [2024-06-16 10:08:18,767] {dag.py:2371} INFO - Sync 1 DAGs
[2024-06-16 10:08:18,922] {logging_mixin.py:115} INFO - [2024-06-16 10:08:18,921] {dag.py:2919} INFO - Setting next_dagrun for example_complex to None, run_after=None
[2024-06-16 10:08:18,936] {processor.py:161} INFO - Processing /home/airflow/.local/lib/python3.7/site-packages/airflow/example_dags/example_complex.py took 0.227 seconds
[2024-06-16 10:08:49,071] {processor.py:153} INFO - Started process (PID=315) to work on /home/airflow/.local/lib/python3.7/site-packages/airflow/example_dags/example_complex.py
[2024-06-16 10:08:49,071] {processor.py:641} INFO - Processing file /home/airflow/.local/lib/python3.7/site-packages/airflow/example_dags/example_complex.py for tasks to queue
[2024-06-16 10:08:49,072] {logging_mixin.py:115} INFO - [2024-06-16 10:08:49,072] {dagbag.py:507} INFO - Filling up the DagBag from /home/airflow/.local/lib/python3.7/site-packages/airflow/example_dags/example_complex.py
[2024-06-16 10:08:49,092] {processor.py:651} INFO - DAG(s) dict_keys(['example_complex']) retrieved from /home/airflow/.local/lib/python3.7/site-packages/airflow/example_dags/example_complex.py
[2024-06-16 10:08:49,131] {logging_mixin.py:115} INFO - [2024-06-16 10:08:49,131] {dag.py:2371} INFO - Sync 1 DAGs
[2024-06-16 10:08:49,279] {logging_mixin.py:115} INFO - [2024-06-16 10:08:49,279] {dag.py:2919} INFO - Setting next_dagrun for example_complex to None, run_after=None
[2024-06-16 10:08:49,292] {processor.py:161} INFO - Processing /home/airflow/.local/lib/python3.7/site-packages/airflow/example_dags/example_complex.py took 0.225 seconds
[2024-06-16 10:09:20,109] {processor.py:153} INFO - Started process (PID=379) to work on /home/airflow/.local/lib/python3.7/site-packages/airflow/example_dags/example_complex.py
[2024-06-16 10:09:20,109] {processor.py:641} INFO - Processing file /home/airflow/.local/lib/python3.7/site-packages/airflow/example_dags/example_complex.py for tasks to queue
[2024-06-16 10:09:20,110] {logging_mixin.py:115} INFO - [2024-06-16 10:09:20,110] {dagbag.py:507} INFO - Filling up the DagBag from /home/airflow/.local/lib/python3.7/site-packages/airflow/example_dags/example_complex.py
[2024-06-16 10:09:20,124] {processor.py:651} INFO - DAG(s) dict_keys(['example_complex']) retrieved from /home/airflow/.local/lib/python3.7/site-packages/airflow/example_dags/example_complex.py
[2024-06-16 10:09:20,161] {logging_mixin.py:115} INFO - [2024-06-16 10:09:20,161] {dag.py:2371} INFO - Sync 1 DAGs
[2024-06-16 10:09:20,324] {logging_mixin.py:115} INFO - [2024-06-16 10:09:20,324] {dag.py:2919} INFO - Setting next_dagrun for example_complex to None, run_after=None
[2024-06-16 10:09:20,339] {processor.py:161} INFO - Processing /home/airflow/.local/lib/python3.7/site-packages/airflow/example_dags/example_complex.py took 0.234 seconds
[2024-06-16 10:09:50,752] {processor.py:153} INFO - Started process (PID=434) to work on /home/airflow/.local/lib/python3.7/site-packages/airflow/example_dags/example_complex.py
[2024-06-16 10:09:50,753] {processor.py:641} INFO - Processing file /home/airflow/.local/lib/python3.7/site-packages/airflow/example_dags/example_complex.py for tasks to queue
[2024-06-16 10:09:50,754] {logging_mixin.py:115} INFO - [2024-06-16 10:09:50,754] {dagbag.py:507} INFO - Filling up the DagBag from /home/airflow/.local/lib/python3.7/site-packages/airflow/example_dags/example_complex.py
[2024-06-16 10:09:50,769] {processor.py:651} INFO - DAG(s) dict_keys(['example_complex']) retrieved from /home/airflow/.local/lib/python3.7/site-packages/airflow/example_dags/example_complex.py
[2024-06-16 10:09:50,808] {logging_mixin.py:115} INFO - [2024-06-16 10:09:50,808] {dag.py:2371} INFO - Sync 1 DAGs
[2024-06-16 10:09:50,959] {logging_mixin.py:115} INFO - [2024-06-16 10:09:50,959] {dag.py:2919} INFO - Setting next_dagrun for example_complex to None, run_after=None
[2024-06-16 10:09:50,971] {processor.py:161} INFO - Processing /home/airflow/.local/lib/python3.7/site-packages/airflow/example_dags/example_complex.py took 0.223 seconds
[2024-06-16 10:10:21,201] {processor.py:153} INFO - Started process (PID=498) to work on /home/airflow/.local/lib/python3.7/site-packages/airflow/example_dags/example_complex.py
[2024-06-16 10:10:21,202] {processor.py:641} INFO - Processing file /home/airflow/.local/lib/python3.7/site-packages/airflow/example_dags/example_complex.py for tasks to queue
[2024-06-16 10:10:21,203] {logging_mixin.py:115} INFO - [2024-06-16 10:10:21,203] {dagbag.py:507} INFO - Filling up the DagBag from /home/airflow/.local/lib/python3.7/site-packages/airflow/example_dags/example_complex.py
[2024-06-16 10:10:21,218] {processor.py:651} INFO - DAG(s) dict_keys(['example_complex']) retrieved from /home/airflow/.local/lib/python3.7/site-packages/airflow/example_dags/example_complex.py
[2024-06-16 10:10:21,256] {logging_mixin.py:115} INFO - [2024-06-16 10:10:21,256] {dag.py:2371} INFO - Sync 1 DAGs
[2024-06-16 10:10:21,403] {logging_mixin.py:115} INFO - [2024-06-16 10:10:21,403] {dag.py:2919} INFO - Setting next_dagrun for example_complex to None, run_after=None
[2024-06-16 10:10:21,420] {processor.py:161} INFO - Processing /home/airflow/.local/lib/python3.7/site-packages/airflow/example_dags/example_complex.py took 0.222 seconds
[2024-06-16 10:10:52,145] {processor.py:153} INFO - Started process (PID=561) to work on /home/airflow/.local/lib/python3.7/site-packages/airflow/example_dags/example_complex.py
[2024-06-16 10:10:52,155] {processor.py:641} INFO - Processing file /home/airflow/.local/lib/python3.7/site-packages/airflow/example_dags/example_complex.py for tasks to queue
[2024-06-16 10:10:52,156] {logging_mixin.py:115} INFO - [2024-06-16 10:10:52,156] {dagbag.py:507} INFO - Filling up the DagBag from /home/airflow/.local/lib/python3.7/site-packages/airflow/example_dags/example_complex.py
[2024-06-16 10:10:52,180] {processor.py:651} INFO - DAG(s) dict_keys(['example_complex']) retrieved from /home/airflow/.local/lib/python3.7/site-packages/airflow/example_dags/example_complex.py
[2024-06-16 10:10:52,223] {logging_mixin.py:115} INFO - [2024-06-16 10:10:52,223] {dag.py:2371} INFO - Sync 1 DAGs
[2024-06-16 10:10:52,373] {logging_mixin.py:115} INFO - [2024-06-16 10:10:52,372] {dag.py:2919} INFO - Setting next_dagrun for example_complex to None, run_after=None
[2024-06-16 10:10:52,390] {processor.py:161} INFO - Processing /home/airflow/.local/lib/python3.7/site-packages/airflow/example_dags/example_complex.py took 0.249 seconds
[2024-06-16 10:11:23,510] {processor.py:153} INFO - Started process (PID=615) to work on /home/airflow/.local/lib/python3.7/site-packages/airflow/example_dags/example_complex.py
[2024-06-16 10:11:23,511] {processor.py:641} INFO - Processing file /home/airflow/.local/lib/python3.7/site-packages/airflow/example_dags/example_complex.py for tasks to queue
[2024-06-16 10:11:23,512] {logging_mixin.py:115} INFO - [2024-06-16 10:11:23,512] {dagbag.py:507} INFO - Filling up the DagBag from /home/airflow/.local/lib/python3.7/site-packages/airflow/example_dags/example_complex.py
[2024-06-16 10:11:23,526] {processor.py:651} INFO - DAG(s) dict_keys(['example_complex']) retrieved from /home/airflow/.local/lib/python3.7/site-packages/airflow/example_dags/example_complex.py
[2024-06-16 10:11:23,563] {logging_mixin.py:115} INFO - [2024-06-16 10:11:23,563] {dag.py:2371} INFO - Sync 1 DAGs
[2024-06-16 10:11:23,715] {logging_mixin.py:115} INFO - [2024-06-16 10:11:23,715] {dag.py:2919} INFO - Setting next_dagrun for example_complex to None, run_after=None
[2024-06-16 10:11:23,729] {processor.py:161} INFO - Processing /home/airflow/.local/lib/python3.7/site-packages/airflow/example_dags/example_complex.py took 0.222 seconds
[2024-06-16 10:11:53,807] {processor.py:153} INFO - Started process (PID=678) to work on /home/airflow/.local/lib/python3.7/site-packages/airflow/example_dags/example_complex.py
[2024-06-16 10:11:53,808] {processor.py:641} INFO - Processing file /home/airflow/.local/lib/python3.7/site-packages/airflow/example_dags/example_complex.py for tasks to queue
[2024-06-16 10:11:53,809] {logging_mixin.py:115} INFO - [2024-06-16 10:11:53,809] {dagbag.py:507} INFO - Filling up the DagBag from /home/airflow/.local/lib/python3.7/site-packages/airflow/example_dags/example_complex.py
[2024-06-16 10:11:53,824] {processor.py:651} INFO - DAG(s) dict_keys(['example_complex']) retrieved from /home/airflow/.local/lib/python3.7/site-packages/airflow/example_dags/example_complex.py
[2024-06-16 10:11:53,863] {logging_mixin.py:115} INFO - [2024-06-16 10:11:53,863] {dag.py:2371} INFO - Sync 1 DAGs
[2024-06-16 10:11:54,033] {logging_mixin.py:115} INFO - [2024-06-16 10:11:54,033] {dag.py:2919} INFO - Setting next_dagrun for example_complex to None, run_after=None
[2024-06-16 10:11:54,055] {processor.py:161} INFO - Processing /home/airflow/.local/lib/python3.7/site-packages/airflow/example_dags/example_complex.py took 0.251 seconds
[2024-06-16 10:12:26,176] {processor.py:153} INFO - Started process (PID=740) to work on /home/airflow/.local/lib/python3.7/site-packages/airflow/example_dags/example_complex.py
[2024-06-16 10:12:26,181] {processor.py:641} INFO - Processing file /home/airflow/.local/lib/python3.7/site-packages/airflow/example_dags/example_complex.py for tasks to queue
[2024-06-16 10:12:26,182] {logging_mixin.py:115} INFO - [2024-06-16 10:12:26,181] {dagbag.py:507} INFO - Filling up the DagBag from /home/airflow/.local/lib/python3.7/site-packages/airflow/example_dags/example_complex.py
[2024-06-16 10:12:26,207] {processor.py:651} INFO - DAG(s) dict_keys(['example_complex']) retrieved from /home/airflow/.local/lib/python3.7/site-packages/airflow/example_dags/example_complex.py
[2024-06-16 10:12:26,292] {logging_mixin.py:115} INFO - [2024-06-16 10:12:26,292] {dag.py:2371} INFO - Sync 1 DAGs
[2024-06-16 10:12:26,440] {logging_mixin.py:115} INFO - [2024-06-16 10:12:26,440] {dag.py:2919} INFO - Setting next_dagrun for example_complex to None, run_after=None
[2024-06-16 10:12:26,454] {processor.py:161} INFO - Processing /home/airflow/.local/lib/python3.7/site-packages/airflow/example_dags/example_complex.py took 0.283 seconds
[2024-06-16 10:12:56,632] {processor.py:153} INFO - Started process (PID=793) to work on /home/airflow/.local/lib/python3.7/site-packages/airflow/example_dags/example_complex.py
[2024-06-16 10:12:56,633] {processor.py:641} INFO - Processing file /home/airflow/.local/lib/python3.7/site-packages/airflow/example_dags/example_complex.py for tasks to queue
[2024-06-16 10:12:56,634] {logging_mixin.py:115} INFO - [2024-06-16 10:12:56,633] {dagbag.py:507} INFO - Filling up the DagBag from /home/airflow/.local/lib/python3.7/site-packages/airflow/example_dags/example_complex.py
[2024-06-16 10:12:56,647] {processor.py:651} INFO - DAG(s) dict_keys(['example_complex']) retrieved from /home/airflow/.local/lib/python3.7/site-packages/airflow/example_dags/example_complex.py
[2024-06-16 10:12:56,686] {logging_mixin.py:115} INFO - [2024-06-16 10:12:56,686] {dag.py:2371} INFO - Sync 1 DAGs
[2024-06-16 10:12:56,851] {logging_mixin.py:115} INFO - [2024-06-16 10:12:56,851] {dag.py:2919} INFO - Setting next_dagrun for example_complex to None, run_after=None
[2024-06-16 10:12:56,869] {processor.py:161} INFO - Processing /home/airflow/.local/lib/python3.7/site-packages/airflow/example_dags/example_complex.py took 0.241 seconds
[2024-06-16 10:13:27,139] {processor.py:153} INFO - Started process (PID=856) to work on /home/airflow/.local/lib/python3.7/site-packages/airflow/example_dags/example_complex.py
[2024-06-16 10:13:27,141] {processor.py:641} INFO - Processing file /home/airflow/.local/lib/python3.7/site-packages/airflow/example_dags/example_complex.py for tasks to queue
[2024-06-16 10:13:27,141] {logging_mixin.py:115} INFO - [2024-06-16 10:13:27,141] {dagbag.py:507} INFO - Filling up the DagBag from /home/airflow/.local/lib/python3.7/site-packages/airflow/example_dags/example_complex.py
[2024-06-16 10:13:27,160] {processor.py:651} INFO - DAG(s) dict_keys(['example_complex']) retrieved from /home/airflow/.local/lib/python3.7/site-packages/airflow/example_dags/example_complex.py
[2024-06-16 10:13:27,224] {logging_mixin.py:115} INFO - [2024-06-16 10:13:27,224] {dag.py:2371} INFO - Sync 1 DAGs
[2024-06-16 10:13:27,377] {logging_mixin.py:115} INFO - [2024-06-16 10:13:27,377] {dag.py:2919} INFO - Setting next_dagrun for example_complex to None, run_after=None
[2024-06-16 10:13:27,398] {processor.py:161} INFO - Processing /home/airflow/.local/lib/python3.7/site-packages/airflow/example_dags/example_complex.py took 0.263 seconds
[2024-06-16 10:13:58,290] {processor.py:153} INFO - Started process (PID=910) to work on /home/airflow/.local/lib/python3.7/site-packages/airflow/example_dags/example_complex.py
[2024-06-16 10:13:58,291] {processor.py:641} INFO - Processing file /home/airflow/.local/lib/python3.7/site-packages/airflow/example_dags/example_complex.py for tasks to queue
[2024-06-16 10:13:58,291] {logging_mixin.py:115} INFO - [2024-06-16 10:13:58,291] {dagbag.py:507} INFO - Filling up the DagBag from /home/airflow/.local/lib/python3.7/site-packages/airflow/example_dags/example_complex.py
[2024-06-16 10:13:58,306] {processor.py:651} INFO - DAG(s) dict_keys(['example_complex']) retrieved from /home/airflow/.local/lib/python3.7/site-packages/airflow/example_dags/example_complex.py
[2024-06-16 10:13:58,344] {logging_mixin.py:115} INFO - [2024-06-16 10:13:58,344] {dag.py:2371} INFO - Sync 1 DAGs
[2024-06-16 10:13:58,501] {logging_mixin.py:115} INFO - [2024-06-16 10:13:58,501] {dag.py:2919} INFO - Setting next_dagrun for example_complex to None, run_after=None
[2024-06-16 10:13:58,519] {processor.py:161} INFO - Processing /home/airflow/.local/lib/python3.7/site-packages/airflow/example_dags/example_complex.py took 0.234 seconds
[2024-06-16 10:14:28,804] {processor.py:153} INFO - Started process (PID=974) to work on /home/airflow/.local/lib/python3.7/site-packages/airflow/example_dags/example_complex.py
[2024-06-16 10:14:28,805] {processor.py:641} INFO - Processing file /home/airflow/.local/lib/python3.7/site-packages/airflow/example_dags/example_complex.py for tasks to queue
[2024-06-16 10:14:28,806] {logging_mixin.py:115} INFO - [2024-06-16 10:14:28,806] {dagbag.py:507} INFO - Filling up the DagBag from /home/airflow/.local/lib/python3.7/site-packages/airflow/example_dags/example_complex.py
[2024-06-16 10:14:28,824] {processor.py:651} INFO - DAG(s) dict_keys(['example_complex']) retrieved from /home/airflow/.local/lib/python3.7/site-packages/airflow/example_dags/example_complex.py
[2024-06-16 10:14:28,862] {logging_mixin.py:115} INFO - [2024-06-16 10:14:28,862] {dag.py:2371} INFO - Sync 1 DAGs
[2024-06-16 10:14:29,051] {logging_mixin.py:115} INFO - [2024-06-16 10:14:29,051] {dag.py:2919} INFO - Setting next_dagrun for example_complex to None, run_after=None
[2024-06-16 10:14:29,064] {processor.py:161} INFO - Processing /home/airflow/.local/lib/python3.7/site-packages/airflow/example_dags/example_complex.py took 0.264 seconds
[2024-06-16 10:14:59,481] {processor.py:153} INFO - Started process (PID=1037) to work on /home/airflow/.local/lib/python3.7/site-packages/airflow/example_dags/example_complex.py
[2024-06-16 10:14:59,482] {processor.py:641} INFO - Processing file /home/airflow/.local/lib/python3.7/site-packages/airflow/example_dags/example_complex.py for tasks to queue
[2024-06-16 10:14:59,483] {logging_mixin.py:115} INFO - [2024-06-16 10:14:59,483] {dagbag.py:507} INFO - Filling up the DagBag from /home/airflow/.local/lib/python3.7/site-packages/airflow/example_dags/example_complex.py
[2024-06-16 10:14:59,506] {processor.py:651} INFO - DAG(s) dict_keys(['example_complex']) retrieved from /home/airflow/.local/lib/python3.7/site-packages/airflow/example_dags/example_complex.py
[2024-06-16 10:14:59,577] {logging_mixin.py:115} INFO - [2024-06-16 10:14:59,577] {dag.py:2371} INFO - Sync 1 DAGs
[2024-06-16 10:14:59,798] {logging_mixin.py:115} INFO - [2024-06-16 10:14:59,798] {dag.py:2919} INFO - Setting next_dagrun for example_complex to None, run_after=None
[2024-06-16 10:14:59,829] {processor.py:161} INFO - Processing /home/airflow/.local/lib/python3.7/site-packages/airflow/example_dags/example_complex.py took 0.352 seconds
[2024-06-16 10:15:30,009] {processor.py:153} INFO - Started process (PID=1090) to work on /home/airflow/.local/lib/python3.7/site-packages/airflow/example_dags/example_complex.py
[2024-06-16 10:15:30,009] {processor.py:641} INFO - Processing file /home/airflow/.local/lib/python3.7/site-packages/airflow/example_dags/example_complex.py for tasks to queue
[2024-06-16 10:15:30,010] {logging_mixin.py:115} INFO - [2024-06-16 10:15:30,010] {dagbag.py:507} INFO - Filling up the DagBag from /home/airflow/.local/lib/python3.7/site-packages/airflow/example_dags/example_complex.py
[2024-06-16 10:15:30,024] {processor.py:651} INFO - DAG(s) dict_keys(['example_complex']) retrieved from /home/airflow/.local/lib/python3.7/site-packages/airflow/example_dags/example_complex.py
[2024-06-16 10:15:30,061] {logging_mixin.py:115} INFO - [2024-06-16 10:15:30,060] {dag.py:2371} INFO - Sync 1 DAGs
[2024-06-16 10:15:30,207] {logging_mixin.py:115} INFO - [2024-06-16 10:15:30,206] {dag.py:2919} INFO - Setting next_dagrun for example_complex to None, run_after=None
[2024-06-16 10:15:30,228] {processor.py:161} INFO - Processing /home/airflow/.local/lib/python3.7/site-packages/airflow/example_dags/example_complex.py took 0.223 seconds
[2024-06-16 10:16:00,880] {processor.py:153} INFO - Started process (PID=1153) to work on /home/airflow/.local/lib/python3.7/site-packages/airflow/example_dags/example_complex.py
[2024-06-16 10:16:00,881] {processor.py:641} INFO - Processing file /home/airflow/.local/lib/python3.7/site-packages/airflow/example_dags/example_complex.py for tasks to queue
[2024-06-16 10:16:00,881] {logging_mixin.py:115} INFO - [2024-06-16 10:16:00,881] {dagbag.py:507} INFO - Filling up the DagBag from /home/airflow/.local/lib/python3.7/site-packages/airflow/example_dags/example_complex.py
[2024-06-16 10:16:00,896] {processor.py:651} INFO - DAG(s) dict_keys(['example_complex']) retrieved from /home/airflow/.local/lib/python3.7/site-packages/airflow/example_dags/example_complex.py
[2024-06-16 10:16:00,935] {logging_mixin.py:115} INFO - [2024-06-16 10:16:00,935] {dag.py:2371} INFO - Sync 1 DAGs
[2024-06-16 10:16:01,086] {logging_mixin.py:115} INFO - [2024-06-16 10:16:01,086] {dag.py:2919} INFO - Setting next_dagrun for example_complex to None, run_after=None
[2024-06-16 10:16:01,104] {processor.py:161} INFO - Processing /home/airflow/.local/lib/python3.7/site-packages/airflow/example_dags/example_complex.py took 0.228 seconds
[2024-06-16 10:16:31,373] {processor.py:153} INFO - Started process (PID=1207) to work on /home/airflow/.local/lib/python3.7/site-packages/airflow/example_dags/example_complex.py
[2024-06-16 10:16:31,374] {processor.py:641} INFO - Processing file /home/airflow/.local/lib/python3.7/site-packages/airflow/example_dags/example_complex.py for tasks to queue
[2024-06-16 10:16:31,375] {logging_mixin.py:115} INFO - [2024-06-16 10:16:31,375] {dagbag.py:507} INFO - Filling up the DagBag from /home/airflow/.local/lib/python3.7/site-packages/airflow/example_dags/example_complex.py
[2024-06-16 10:16:31,390] {processor.py:651} INFO - DAG(s) dict_keys(['example_complex']) retrieved from /home/airflow/.local/lib/python3.7/site-packages/airflow/example_dags/example_complex.py
[2024-06-16 10:16:31,433] {logging_mixin.py:115} INFO - [2024-06-16 10:16:31,433] {dag.py:2371} INFO - Sync 1 DAGs
[2024-06-16 10:16:31,584] {logging_mixin.py:115} INFO - [2024-06-16 10:16:31,584] {dag.py:2919} INFO - Setting next_dagrun for example_complex to None, run_after=None
[2024-06-16 10:16:31,605] {processor.py:161} INFO - Processing /home/airflow/.local/lib/python3.7/site-packages/airflow/example_dags/example_complex.py took 0.235 seconds
[2024-06-16 10:17:01,650] {processor.py:153} INFO - Started process (PID=1269) to work on /home/airflow/.local/lib/python3.7/site-packages/airflow/example_dags/example_complex.py
[2024-06-16 10:17:01,651] {processor.py:641} INFO - Processing file /home/airflow/.local/lib/python3.7/site-packages/airflow/example_dags/example_complex.py for tasks to queue
[2024-06-16 10:17:01,651] {logging_mixin.py:115} INFO - [2024-06-16 10:17:01,651] {dagbag.py:507} INFO - Filling up the DagBag from /home/airflow/.local/lib/python3.7/site-packages/airflow/example_dags/example_complex.py
[2024-06-16 10:17:01,668] {processor.py:651} INFO - DAG(s) dict_keys(['example_complex']) retrieved from /home/airflow/.local/lib/python3.7/site-packages/airflow/example_dags/example_complex.py
[2024-06-16 10:17:01,700] {logging_mixin.py:115} INFO - [2024-06-16 10:17:01,700] {dag.py:2371} INFO - Sync 1 DAGs
[2024-06-16 10:17:01,721] {logging_mixin.py:115} INFO - [2024-06-16 10:17:01,721] {dag.py:2919} INFO - Setting next_dagrun for example_complex to None, run_after=None
[2024-06-16 10:17:01,739] {processor.py:161} INFO - Processing /home/airflow/.local/lib/python3.7/site-packages/airflow/example_dags/example_complex.py took 0.093 seconds
[2024-06-16 10:17:32,355] {processor.py:153} INFO - Started process (PID=1333) to work on /home/airflow/.local/lib/python3.7/site-packages/airflow/example_dags/example_complex.py
[2024-06-16 10:17:32,355] {processor.py:641} INFO - Processing file /home/airflow/.local/lib/python3.7/site-packages/airflow/example_dags/example_complex.py for tasks to queue
[2024-06-16 10:17:32,356] {logging_mixin.py:115} INFO - [2024-06-16 10:17:32,356] {dagbag.py:507} INFO - Filling up the DagBag from /home/airflow/.local/lib/python3.7/site-packages/airflow/example_dags/example_complex.py
[2024-06-16 10:17:32,374] {processor.py:651} INFO - DAG(s) dict_keys(['example_complex']) retrieved from /home/airflow/.local/lib/python3.7/site-packages/airflow/example_dags/example_complex.py
[2024-06-16 10:17:32,408] {logging_mixin.py:115} INFO - [2024-06-16 10:17:32,408] {dag.py:2371} INFO - Sync 1 DAGs
[2024-06-16 10:17:32,437] {logging_mixin.py:115} INFO - [2024-06-16 10:17:32,437] {dag.py:2919} INFO - Setting next_dagrun for example_complex to None, run_after=None
[2024-06-16 10:17:32,461] {processor.py:161} INFO - Processing /home/airflow/.local/lib/python3.7/site-packages/airflow/example_dags/example_complex.py took 0.110 seconds
[2024-06-16 10:18:02,862] {processor.py:153} INFO - Started process (PID=1388) to work on /home/airflow/.local/lib/python3.7/site-packages/airflow/example_dags/example_complex.py
[2024-06-16 10:18:02,863] {processor.py:641} INFO - Processing file /home/airflow/.local/lib/python3.7/site-packages/airflow/example_dags/example_complex.py for tasks to queue
[2024-06-16 10:18:02,864] {logging_mixin.py:115} INFO - [2024-06-16 10:18:02,863] {dagbag.py:507} INFO - Filling up the DagBag from /home/airflow/.local/lib/python3.7/site-packages/airflow/example_dags/example_complex.py
[2024-06-16 10:18:02,888] {processor.py:651} INFO - DAG(s) dict_keys(['example_complex']) retrieved from /home/airflow/.local/lib/python3.7/site-packages/airflow/example_dags/example_complex.py
[2024-06-16 10:18:02,934] {logging_mixin.py:115} INFO - [2024-06-16 10:18:02,934] {dag.py:2371} INFO - Sync 1 DAGs
[2024-06-16 10:18:02,960] {logging_mixin.py:115} INFO - [2024-06-16 10:18:02,960] {dag.py:2919} INFO - Setting next_dagrun for example_complex to None, run_after=None
[2024-06-16 10:18:02,975] {processor.py:161} INFO - Processing /home/airflow/.local/lib/python3.7/site-packages/airflow/example_dags/example_complex.py took 0.117 seconds
[2024-06-16 10:18:34,297] {processor.py:153} INFO - Started process (PID=1452) to work on /home/airflow/.local/lib/python3.7/site-packages/airflow/example_dags/example_complex.py
[2024-06-16 10:18:34,298] {processor.py:641} INFO - Processing file /home/airflow/.local/lib/python3.7/site-packages/airflow/example_dags/example_complex.py for tasks to queue
[2024-06-16 10:18:34,300] {logging_mixin.py:115} INFO - [2024-06-16 10:18:34,300] {dagbag.py:507} INFO - Filling up the DagBag from /home/airflow/.local/lib/python3.7/site-packages/airflow/example_dags/example_complex.py
[2024-06-16 10:18:34,331] {processor.py:651} INFO - DAG(s) dict_keys(['example_complex']) retrieved from /home/airflow/.local/lib/python3.7/site-packages/airflow/example_dags/example_complex.py
[2024-06-16 10:18:34,385] {logging_mixin.py:115} INFO - [2024-06-16 10:18:34,385] {dag.py:2371} INFO - Sync 1 DAGs
[2024-06-16 10:18:34,421] {logging_mixin.py:115} INFO - [2024-06-16 10:18:34,420] {dag.py:2919} INFO - Setting next_dagrun for example_complex to None, run_after=None
[2024-06-16 10:18:34,444] {processor.py:161} INFO - Processing /home/airflow/.local/lib/python3.7/site-packages/airflow/example_dags/example_complex.py took 0.151 seconds
[2024-06-16 10:19:04,528] {processor.py:153} INFO - Started process (PID=1506) to work on /home/airflow/.local/lib/python3.7/site-packages/airflow/example_dags/example_complex.py
[2024-06-16 10:19:04,529] {processor.py:641} INFO - Processing file /home/airflow/.local/lib/python3.7/site-packages/airflow/example_dags/example_complex.py for tasks to queue
[2024-06-16 10:19:04,530] {logging_mixin.py:115} INFO - [2024-06-16 10:19:04,530] {dagbag.py:507} INFO - Filling up the DagBag from /home/airflow/.local/lib/python3.7/site-packages/airflow/example_dags/example_complex.py
[2024-06-16 10:19:04,550] {processor.py:651} INFO - DAG(s) dict_keys(['example_complex']) retrieved from /home/airflow/.local/lib/python3.7/site-packages/airflow/example_dags/example_complex.py
[2024-06-16 10:19:04,583] {logging_mixin.py:115} INFO - [2024-06-16 10:19:04,583] {dag.py:2371} INFO - Sync 1 DAGs
[2024-06-16 10:19:04,611] {logging_mixin.py:115} INFO - [2024-06-16 10:19:04,611] {dag.py:2919} INFO - Setting next_dagrun for example_complex to None, run_after=None
[2024-06-16 10:19:04,627] {processor.py:161} INFO - Processing /home/airflow/.local/lib/python3.7/site-packages/airflow/example_dags/example_complex.py took 0.103 seconds
[2024-06-16 11:03:54,949] {processor.py:153} INFO - Started process (PID=72) to work on /home/airflow/.local/lib/python3.7/site-packages/airflow/example_dags/example_complex.py
[2024-06-16 11:03:54,958] {processor.py:641} INFO - Processing file /home/airflow/.local/lib/python3.7/site-packages/airflow/example_dags/example_complex.py for tasks to queue
[2024-06-16 11:03:54,959] {logging_mixin.py:115} INFO - [2024-06-16 11:03:54,959] {dagbag.py:507} INFO - Filling up the DagBag from /home/airflow/.local/lib/python3.7/site-packages/airflow/example_dags/example_complex.py
[2024-06-16 11:03:54,976] {processor.py:651} INFO - DAG(s) dict_keys(['example_complex']) retrieved from /home/airflow/.local/lib/python3.7/site-packages/airflow/example_dags/example_complex.py
[2024-06-16 11:03:55,013] {logging_mixin.py:115} INFO - [2024-06-16 11:03:55,013] {dag.py:2371} INFO - Sync 1 DAGs
[2024-06-16 11:03:55,163] {logging_mixin.py:115} INFO - [2024-06-16 11:03:55,163] {dag.py:2919} INFO - Setting next_dagrun for example_complex to None, run_after=None
[2024-06-16 11:03:55,177] {processor.py:161} INFO - Processing /home/airflow/.local/lib/python3.7/site-packages/airflow/example_dags/example_complex.py took 0.232 seconds
[2024-06-16 11:04:27,722] {processor.py:153} INFO - Started process (PID=136) to work on /home/airflow/.local/lib/python3.7/site-packages/airflow/example_dags/example_complex.py
[2024-06-16 11:04:27,731] {processor.py:641} INFO - Processing file /home/airflow/.local/lib/python3.7/site-packages/airflow/example_dags/example_complex.py for tasks to queue
[2024-06-16 11:04:27,733] {logging_mixin.py:115} INFO - [2024-06-16 11:04:27,733] {dagbag.py:507} INFO - Filling up the DagBag from /home/airflow/.local/lib/python3.7/site-packages/airflow/example_dags/example_complex.py
[2024-06-16 11:04:27,776] {processor.py:651} INFO - DAG(s) dict_keys(['example_complex']) retrieved from /home/airflow/.local/lib/python3.7/site-packages/airflow/example_dags/example_complex.py
[2024-06-16 11:04:27,840] {logging_mixin.py:115} INFO - [2024-06-16 11:04:27,840] {dag.py:2371} INFO - Sync 1 DAGs
[2024-06-16 11:04:28,048] {logging_mixin.py:115} INFO - [2024-06-16 11:04:28,048] {dag.py:2919} INFO - Setting next_dagrun for example_complex to None, run_after=None
[2024-06-16 11:04:28,068] {processor.py:161} INFO - Processing /home/airflow/.local/lib/python3.7/site-packages/airflow/example_dags/example_complex.py took 0.349 seconds
[2024-06-16 11:05:01,367] {processor.py:153} INFO - Started process (PID=199) to work on /home/airflow/.local/lib/python3.7/site-packages/airflow/example_dags/example_complex.py
[2024-06-16 11:05:01,380] {processor.py:641} INFO - Processing file /home/airflow/.local/lib/python3.7/site-packages/airflow/example_dags/example_complex.py for tasks to queue
[2024-06-16 11:05:01,396] {logging_mixin.py:115} INFO - [2024-06-16 11:05:01,396] {dagbag.py:507} INFO - Filling up the DagBag from /home/airflow/.local/lib/python3.7/site-packages/airflow/example_dags/example_complex.py
[2024-06-16 11:05:01,546] {processor.py:651} INFO - DAG(s) dict_keys(['example_complex']) retrieved from /home/airflow/.local/lib/python3.7/site-packages/airflow/example_dags/example_complex.py
[2024-06-16 11:05:01,933] {logging_mixin.py:115} INFO - [2024-06-16 11:05:01,933] {dag.py:2371} INFO - Sync 1 DAGs
[2024-06-16 11:05:03,189] {logging_mixin.py:115} INFO - [2024-06-16 11:05:03,189] {dag.py:2919} INFO - Setting next_dagrun for example_complex to None, run_after=None
[2024-06-16 11:05:03,349] {processor.py:161} INFO - Processing /home/airflow/.local/lib/python3.7/site-packages/airflow/example_dags/example_complex.py took 2.000 seconds
[2024-06-16 11:06:06,947] {processor.py:153} INFO - Started process (PID=275) to work on /home/airflow/.local/lib/python3.7/site-packages/airflow/example_dags/example_complex.py
[2024-06-16 11:06:06,948] {processor.py:641} INFO - Processing file /home/airflow/.local/lib/python3.7/site-packages/airflow/example_dags/example_complex.py for tasks to queue
[2024-06-16 11:06:06,950] {logging_mixin.py:115} INFO - [2024-06-16 11:06:06,950] {dagbag.py:507} INFO - Filling up the DagBag from /home/airflow/.local/lib/python3.7/site-packages/airflow/example_dags/example_complex.py
[2024-06-16 11:06:06,968] {processor.py:651} INFO - DAG(s) dict_keys(['example_complex']) retrieved from /home/airflow/.local/lib/python3.7/site-packages/airflow/example_dags/example_complex.py
[2024-06-16 11:06:07,013] {logging_mixin.py:115} INFO - [2024-06-16 11:06:07,013] {dag.py:2371} INFO - Sync 1 DAGs
[2024-06-16 11:06:07,261] {logging_mixin.py:115} INFO - [2024-06-16 11:06:07,261] {dag.py:2919} INFO - Setting next_dagrun for example_complex to None, run_after=None
[2024-06-16 11:06:07,295] {processor.py:161} INFO - Processing /home/airflow/.local/lib/python3.7/site-packages/airflow/example_dags/example_complex.py took 0.352 seconds
[2024-06-16 11:06:38,258] {processor.py:153} INFO - Started process (PID=328) to work on /home/airflow/.local/lib/python3.7/site-packages/airflow/example_dags/example_complex.py
[2024-06-16 11:06:38,258] {processor.py:641} INFO - Processing file /home/airflow/.local/lib/python3.7/site-packages/airflow/example_dags/example_complex.py for tasks to queue
[2024-06-16 11:06:38,260] {logging_mixin.py:115} INFO - [2024-06-16 11:06:38,260] {dagbag.py:507} INFO - Filling up the DagBag from /home/airflow/.local/lib/python3.7/site-packages/airflow/example_dags/example_complex.py
[2024-06-16 11:06:38,281] {processor.py:651} INFO - DAG(s) dict_keys(['example_complex']) retrieved from /home/airflow/.local/lib/python3.7/site-packages/airflow/example_dags/example_complex.py
[2024-06-16 11:06:38,411] {logging_mixin.py:115} INFO - [2024-06-16 11:06:38,411] {dag.py:2371} INFO - Sync 1 DAGs
[2024-06-16 11:06:38,613] {logging_mixin.py:115} INFO - [2024-06-16 11:06:38,613] {dag.py:2919} INFO - Setting next_dagrun for example_complex to None, run_after=None
[2024-06-16 11:06:38,635] {processor.py:161} INFO - Processing /home/airflow/.local/lib/python3.7/site-packages/airflow/example_dags/example_complex.py took 0.383 seconds
[2024-06-16 11:07:09,579] {processor.py:153} INFO - Started process (PID=381) to work on /home/airflow/.local/lib/python3.7/site-packages/airflow/example_dags/example_complex.py
[2024-06-16 11:07:09,580] {processor.py:641} INFO - Processing file /home/airflow/.local/lib/python3.7/site-packages/airflow/example_dags/example_complex.py for tasks to queue
[2024-06-16 11:07:09,582] {logging_mixin.py:115} INFO - [2024-06-16 11:07:09,582] {dagbag.py:507} INFO - Filling up the DagBag from /home/airflow/.local/lib/python3.7/site-packages/airflow/example_dags/example_complex.py
[2024-06-16 11:07:09,636] {processor.py:651} INFO - DAG(s) dict_keys(['example_complex']) retrieved from /home/airflow/.local/lib/python3.7/site-packages/airflow/example_dags/example_complex.py
[2024-06-16 11:07:09,682] {logging_mixin.py:115} INFO - [2024-06-16 11:07:09,682] {dag.py:2371} INFO - Sync 1 DAGs
[2024-06-16 11:07:09,940] {logging_mixin.py:115} INFO - [2024-06-16 11:07:09,940] {dag.py:2919} INFO - Setting next_dagrun for example_complex to None, run_after=None
[2024-06-16 11:07:09,965] {processor.py:161} INFO - Processing /home/airflow/.local/lib/python3.7/site-packages/airflow/example_dags/example_complex.py took 0.390 seconds
[2024-06-16 11:10:54,510] {processor.py:153} INFO - Started process (PID=90) to work on /home/airflow/.local/lib/python3.7/site-packages/airflow/example_dags/example_complex.py
[2024-06-16 11:10:54,511] {processor.py:641} INFO - Processing file /home/airflow/.local/lib/python3.7/site-packages/airflow/example_dags/example_complex.py for tasks to queue
[2024-06-16 11:10:54,512] {logging_mixin.py:115} INFO - [2024-06-16 11:10:54,512] {dagbag.py:507} INFO - Filling up the DagBag from /home/airflow/.local/lib/python3.7/site-packages/airflow/example_dags/example_complex.py
[2024-06-16 11:10:54,543] {processor.py:651} INFO - DAG(s) dict_keys(['example_complex']) retrieved from /home/airflow/.local/lib/python3.7/site-packages/airflow/example_dags/example_complex.py
[2024-06-16 11:10:54,604] {logging_mixin.py:115} INFO - [2024-06-16 11:10:54,604] {dag.py:2371} INFO - Sync 1 DAGs
[2024-06-16 11:10:54,895] {logging_mixin.py:115} INFO - [2024-06-16 11:10:54,895] {dag.py:2919} INFO - Setting next_dagrun for example_complex to None, run_after=None
[2024-06-16 11:10:54,930] {processor.py:161} INFO - Processing /home/airflow/.local/lib/python3.7/site-packages/airflow/example_dags/example_complex.py took 0.423 seconds
[2024-06-16 11:11:25,170] {processor.py:153} INFO - Started process (PID=155) to work on /home/airflow/.local/lib/python3.7/site-packages/airflow/example_dags/example_complex.py
[2024-06-16 11:11:25,175] {processor.py:641} INFO - Processing file /home/airflow/.local/lib/python3.7/site-packages/airflow/example_dags/example_complex.py for tasks to queue
[2024-06-16 11:11:25,177] {logging_mixin.py:115} INFO - [2024-06-16 11:11:25,177] {dagbag.py:507} INFO - Filling up the DagBag from /home/airflow/.local/lib/python3.7/site-packages/airflow/example_dags/example_complex.py
[2024-06-16 11:11:25,211] {processor.py:651} INFO - DAG(s) dict_keys(['example_complex']) retrieved from /home/airflow/.local/lib/python3.7/site-packages/airflow/example_dags/example_complex.py
[2024-06-16 11:11:25,277] {logging_mixin.py:115} INFO - [2024-06-16 11:11:25,276] {dag.py:2371} INFO - Sync 1 DAGs
[2024-06-16 11:11:25,477] {logging_mixin.py:115} INFO - [2024-06-16 11:11:25,477] {dag.py:2919} INFO - Setting next_dagrun for example_complex to None, run_after=None
[2024-06-16 11:11:25,500] {processor.py:161} INFO - Processing /home/airflow/.local/lib/python3.7/site-packages/airflow/example_dags/example_complex.py took 0.334 seconds
[2024-06-16 11:11:56,440] {processor.py:153} INFO - Started process (PID=210) to work on /home/airflow/.local/lib/python3.7/site-packages/airflow/example_dags/example_complex.py
[2024-06-16 11:11:56,441] {processor.py:641} INFO - Processing file /home/airflow/.local/lib/python3.7/site-packages/airflow/example_dags/example_complex.py for tasks to queue
[2024-06-16 11:11:56,443] {logging_mixin.py:115} INFO - [2024-06-16 11:11:56,443] {dagbag.py:507} INFO - Filling up the DagBag from /home/airflow/.local/lib/python3.7/site-packages/airflow/example_dags/example_complex.py
[2024-06-16 11:11:56,479] {processor.py:651} INFO - DAG(s) dict_keys(['example_complex']) retrieved from /home/airflow/.local/lib/python3.7/site-packages/airflow/example_dags/example_complex.py
[2024-06-16 11:11:56,575] {logging_mixin.py:115} INFO - [2024-06-16 11:11:56,574] {dag.py:2371} INFO - Sync 1 DAGs
[2024-06-16 11:11:56,856] {logging_mixin.py:115} INFO - [2024-06-16 11:11:56,856] {dag.py:2919} INFO - Setting next_dagrun for example_complex to None, run_after=None
[2024-06-16 11:11:56,869] {processor.py:161} INFO - Processing /home/airflow/.local/lib/python3.7/site-packages/airflow/example_dags/example_complex.py took 0.434 seconds
[2024-06-16 11:12:26,968] {processor.py:153} INFO - Started process (PID=273) to work on /home/airflow/.local/lib/python3.7/site-packages/airflow/example_dags/example_complex.py
[2024-06-16 11:12:26,970] {processor.py:641} INFO - Processing file /home/airflow/.local/lib/python3.7/site-packages/airflow/example_dags/example_complex.py for tasks to queue
[2024-06-16 11:12:26,971] {logging_mixin.py:115} INFO - [2024-06-16 11:12:26,971] {dagbag.py:507} INFO - Filling up the DagBag from /home/airflow/.local/lib/python3.7/site-packages/airflow/example_dags/example_complex.py
[2024-06-16 11:12:26,988] {processor.py:651} INFO - DAG(s) dict_keys(['example_complex']) retrieved from /home/airflow/.local/lib/python3.7/site-packages/airflow/example_dags/example_complex.py
[2024-06-16 11:12:27,030] {logging_mixin.py:115} INFO - [2024-06-16 11:12:27,030] {dag.py:2371} INFO - Sync 1 DAGs
[2024-06-16 11:12:27,191] {logging_mixin.py:115} INFO - [2024-06-16 11:12:27,191] {dag.py:2919} INFO - Setting next_dagrun for example_complex to None, run_after=None
[2024-06-16 11:12:27,212] {processor.py:161} INFO - Processing /home/airflow/.local/lib/python3.7/site-packages/airflow/example_dags/example_complex.py took 0.248 seconds
[2024-06-16 11:16:20,127] {processor.py:153} INFO - Started process (PID=81) to work on /home/airflow/.local/lib/python3.7/site-packages/airflow/example_dags/example_complex.py
[2024-06-16 11:16:20,133] {processor.py:641} INFO - Processing file /home/airflow/.local/lib/python3.7/site-packages/airflow/example_dags/example_complex.py for tasks to queue
[2024-06-16 11:16:20,137] {logging_mixin.py:115} INFO - [2024-06-16 11:16:20,137] {dagbag.py:507} INFO - Filling up the DagBag from /home/airflow/.local/lib/python3.7/site-packages/airflow/example_dags/example_complex.py
[2024-06-16 11:16:20,179] {processor.py:651} INFO - DAG(s) dict_keys(['example_complex']) retrieved from /home/airflow/.local/lib/python3.7/site-packages/airflow/example_dags/example_complex.py
[2024-06-16 11:16:20,317] {logging_mixin.py:115} INFO - [2024-06-16 11:16:20,317] {dag.py:2371} INFO - Sync 1 DAGs
[2024-06-16 11:16:20,583] {logging_mixin.py:115} INFO - [2024-06-16 11:16:20,582] {dag.py:2919} INFO - Setting next_dagrun for example_complex to None, run_after=None
[2024-06-16 11:16:20,616] {processor.py:161} INFO - Processing /home/airflow/.local/lib/python3.7/site-packages/airflow/example_dags/example_complex.py took 0.494 seconds
[2024-06-16 11:16:50,723] {processor.py:153} INFO - Started process (PID=135) to work on /home/airflow/.local/lib/python3.7/site-packages/airflow/example_dags/example_complex.py
[2024-06-16 11:16:50,726] {processor.py:641} INFO - Processing file /home/airflow/.local/lib/python3.7/site-packages/airflow/example_dags/example_complex.py for tasks to queue
[2024-06-16 11:16:50,727] {logging_mixin.py:115} INFO - [2024-06-16 11:16:50,727] {dagbag.py:507} INFO - Filling up the DagBag from /home/airflow/.local/lib/python3.7/site-packages/airflow/example_dags/example_complex.py
[2024-06-16 11:16:50,758] {processor.py:651} INFO - DAG(s) dict_keys(['example_complex']) retrieved from /home/airflow/.local/lib/python3.7/site-packages/airflow/example_dags/example_complex.py
[2024-06-16 11:16:50,815] {logging_mixin.py:115} INFO - [2024-06-16 11:16:50,815] {dag.py:2371} INFO - Sync 1 DAGs
[2024-06-16 11:16:51,012] {logging_mixin.py:115} INFO - [2024-06-16 11:16:51,012] {dag.py:2919} INFO - Setting next_dagrun for example_complex to None, run_after=None
[2024-06-16 11:16:51,031] {processor.py:161} INFO - Processing /home/airflow/.local/lib/python3.7/site-packages/airflow/example_dags/example_complex.py took 0.315 seconds
[2024-06-16 11:17:21,128] {processor.py:153} INFO - Started process (PID=197) to work on /home/airflow/.local/lib/python3.7/site-packages/airflow/example_dags/example_complex.py
[2024-06-16 11:17:21,129] {processor.py:641} INFO - Processing file /home/airflow/.local/lib/python3.7/site-packages/airflow/example_dags/example_complex.py for tasks to queue
[2024-06-16 11:17:21,130] {logging_mixin.py:115} INFO - [2024-06-16 11:17:21,130] {dagbag.py:507} INFO - Filling up the DagBag from /home/airflow/.local/lib/python3.7/site-packages/airflow/example_dags/example_complex.py
[2024-06-16 11:17:21,148] {processor.py:651} INFO - DAG(s) dict_keys(['example_complex']) retrieved from /home/airflow/.local/lib/python3.7/site-packages/airflow/example_dags/example_complex.py
[2024-06-16 11:17:21,203] {logging_mixin.py:115} INFO - [2024-06-16 11:17:21,203] {dag.py:2371} INFO - Sync 1 DAGs
[2024-06-16 11:17:21,365] {logging_mixin.py:115} INFO - [2024-06-16 11:17:21,365] {dag.py:2919} INFO - Setting next_dagrun for example_complex to None, run_after=None
[2024-06-16 11:17:21,384] {processor.py:161} INFO - Processing /home/airflow/.local/lib/python3.7/site-packages/airflow/example_dags/example_complex.py took 0.260 seconds
[2024-06-16 11:17:51,589] {processor.py:153} INFO - Started process (PID=251) to work on /home/airflow/.local/lib/python3.7/site-packages/airflow/example_dags/example_complex.py
[2024-06-16 11:17:51,592] {processor.py:641} INFO - Processing file /home/airflow/.local/lib/python3.7/site-packages/airflow/example_dags/example_complex.py for tasks to queue
[2024-06-16 11:17:51,593] {logging_mixin.py:115} INFO - [2024-06-16 11:17:51,593] {dagbag.py:507} INFO - Filling up the DagBag from /home/airflow/.local/lib/python3.7/site-packages/airflow/example_dags/example_complex.py
[2024-06-16 11:17:51,613] {processor.py:651} INFO - DAG(s) dict_keys(['example_complex']) retrieved from /home/airflow/.local/lib/python3.7/site-packages/airflow/example_dags/example_complex.py
[2024-06-16 11:17:51,662] {logging_mixin.py:115} INFO - [2024-06-16 11:17:51,662] {dag.py:2371} INFO - Sync 1 DAGs
[2024-06-16 11:17:51,856] {logging_mixin.py:115} INFO - [2024-06-16 11:17:51,856] {dag.py:2919} INFO - Setting next_dagrun for example_complex to None, run_after=None
[2024-06-16 11:17:51,877] {processor.py:161} INFO - Processing /home/airflow/.local/lib/python3.7/site-packages/airflow/example_dags/example_complex.py took 0.297 seconds
[2024-06-16 11:18:22,517] {processor.py:153} INFO - Started process (PID=313) to work on /home/airflow/.local/lib/python3.7/site-packages/airflow/example_dags/example_complex.py
[2024-06-16 11:18:22,518] {processor.py:641} INFO - Processing file /home/airflow/.local/lib/python3.7/site-packages/airflow/example_dags/example_complex.py for tasks to queue
[2024-06-16 11:18:22,518] {logging_mixin.py:115} INFO - [2024-06-16 11:18:22,518] {dagbag.py:507} INFO - Filling up the DagBag from /home/airflow/.local/lib/python3.7/site-packages/airflow/example_dags/example_complex.py
[2024-06-16 11:18:22,535] {processor.py:651} INFO - DAG(s) dict_keys(['example_complex']) retrieved from /home/airflow/.local/lib/python3.7/site-packages/airflow/example_dags/example_complex.py
[2024-06-16 11:18:22,586] {logging_mixin.py:115} INFO - [2024-06-16 11:18:22,585] {dag.py:2371} INFO - Sync 1 DAGs
[2024-06-16 11:18:22,736] {logging_mixin.py:115} INFO - [2024-06-16 11:18:22,736] {dag.py:2919} INFO - Setting next_dagrun for example_complex to None, run_after=None
[2024-06-16 11:18:22,751] {processor.py:161} INFO - Processing /home/airflow/.local/lib/python3.7/site-packages/airflow/example_dags/example_complex.py took 0.238 seconds
[2024-06-16 11:18:53,043] {processor.py:153} INFO - Started process (PID=376) to work on /home/airflow/.local/lib/python3.7/site-packages/airflow/example_dags/example_complex.py
[2024-06-16 11:18:53,043] {processor.py:641} INFO - Processing file /home/airflow/.local/lib/python3.7/site-packages/airflow/example_dags/example_complex.py for tasks to queue
[2024-06-16 11:18:53,044] {logging_mixin.py:115} INFO - [2024-06-16 11:18:53,044] {dagbag.py:507} INFO - Filling up the DagBag from /home/airflow/.local/lib/python3.7/site-packages/airflow/example_dags/example_complex.py
[2024-06-16 11:18:53,062] {processor.py:651} INFO - DAG(s) dict_keys(['example_complex']) retrieved from /home/airflow/.local/lib/python3.7/site-packages/airflow/example_dags/example_complex.py
[2024-06-16 11:18:53,111] {logging_mixin.py:115} INFO - [2024-06-16 11:18:53,111] {dag.py:2371} INFO - Sync 1 DAGs
[2024-06-16 11:18:53,293] {logging_mixin.py:115} INFO - [2024-06-16 11:18:53,292] {dag.py:2919} INFO - Setting next_dagrun for example_complex to None, run_after=None
[2024-06-16 11:18:53,308] {processor.py:161} INFO - Processing /home/airflow/.local/lib/python3.7/site-packages/airflow/example_dags/example_complex.py took 0.270 seconds
[2024-06-16 11:19:24,299] {processor.py:153} INFO - Started process (PID=431) to work on /home/airflow/.local/lib/python3.7/site-packages/airflow/example_dags/example_complex.py
[2024-06-16 11:19:24,301] {processor.py:641} INFO - Processing file /home/airflow/.local/lib/python3.7/site-packages/airflow/example_dags/example_complex.py for tasks to queue
[2024-06-16 11:19:24,302] {logging_mixin.py:115} INFO - [2024-06-16 11:19:24,302] {dagbag.py:507} INFO - Filling up the DagBag from /home/airflow/.local/lib/python3.7/site-packages/airflow/example_dags/example_complex.py
[2024-06-16 11:19:24,321] {processor.py:651} INFO - DAG(s) dict_keys(['example_complex']) retrieved from /home/airflow/.local/lib/python3.7/site-packages/airflow/example_dags/example_complex.py
[2024-06-16 11:19:24,387] {logging_mixin.py:115} INFO - [2024-06-16 11:19:24,387] {dag.py:2371} INFO - Sync 1 DAGs
[2024-06-16 11:19:24,578] {logging_mixin.py:115} INFO - [2024-06-16 11:19:24,578] {dag.py:2919} INFO - Setting next_dagrun for example_complex to None, run_after=None
[2024-06-16 11:19:24,602] {processor.py:161} INFO - Processing /home/airflow/.local/lib/python3.7/site-packages/airflow/example_dags/example_complex.py took 0.307 seconds
[2024-06-16 11:19:55,057] {processor.py:153} INFO - Started process (PID=494) to work on /home/airflow/.local/lib/python3.7/site-packages/airflow/example_dags/example_complex.py
[2024-06-16 11:19:55,058] {processor.py:641} INFO - Processing file /home/airflow/.local/lib/python3.7/site-packages/airflow/example_dags/example_complex.py for tasks to queue
[2024-06-16 11:19:55,058] {logging_mixin.py:115} INFO - [2024-06-16 11:19:55,058] {dagbag.py:507} INFO - Filling up the DagBag from /home/airflow/.local/lib/python3.7/site-packages/airflow/example_dags/example_complex.py
[2024-06-16 11:19:55,073] {processor.py:651} INFO - DAG(s) dict_keys(['example_complex']) retrieved from /home/airflow/.local/lib/python3.7/site-packages/airflow/example_dags/example_complex.py
[2024-06-16 11:19:55,112] {logging_mixin.py:115} INFO - [2024-06-16 11:19:55,111] {dag.py:2371} INFO - Sync 1 DAGs
[2024-06-16 11:19:55,415] {logging_mixin.py:115} INFO - [2024-06-16 11:19:55,415] {dag.py:2919} INFO - Setting next_dagrun for example_complex to None, run_after=None
[2024-06-16 11:19:55,450] {processor.py:161} INFO - Processing /home/airflow/.local/lib/python3.7/site-packages/airflow/example_dags/example_complex.py took 0.396 seconds
[2024-06-16 11:20:26,038] {processor.py:153} INFO - Started process (PID=557) to work on /home/airflow/.local/lib/python3.7/site-packages/airflow/example_dags/example_complex.py
[2024-06-16 11:20:26,039] {processor.py:641} INFO - Processing file /home/airflow/.local/lib/python3.7/site-packages/airflow/example_dags/example_complex.py for tasks to queue
[2024-06-16 11:20:26,040] {logging_mixin.py:115} INFO - [2024-06-16 11:20:26,040] {dagbag.py:507} INFO - Filling up the DagBag from /home/airflow/.local/lib/python3.7/site-packages/airflow/example_dags/example_complex.py
[2024-06-16 11:20:26,062] {processor.py:651} INFO - DAG(s) dict_keys(['example_complex']) retrieved from /home/airflow/.local/lib/python3.7/site-packages/airflow/example_dags/example_complex.py
[2024-06-16 11:20:26,127] {logging_mixin.py:115} INFO - [2024-06-16 11:20:26,126] {dag.py:2371} INFO - Sync 1 DAGs
[2024-06-16 11:20:26,386] {logging_mixin.py:115} INFO - [2024-06-16 11:20:26,386] {dag.py:2919} INFO - Setting next_dagrun for example_complex to None, run_after=None
[2024-06-16 11:20:26,406] {processor.py:161} INFO - Processing /home/airflow/.local/lib/python3.7/site-packages/airflow/example_dags/example_complex.py took 0.372 seconds
[2024-06-16 11:20:56,846] {processor.py:153} INFO - Started process (PID=613) to work on /home/airflow/.local/lib/python3.7/site-packages/airflow/example_dags/example_complex.py
[2024-06-16 11:20:56,848] {processor.py:641} INFO - Processing file /home/airflow/.local/lib/python3.7/site-packages/airflow/example_dags/example_complex.py for tasks to queue
[2024-06-16 11:20:56,849] {logging_mixin.py:115} INFO - [2024-06-16 11:20:56,849] {dagbag.py:507} INFO - Filling up the DagBag from /home/airflow/.local/lib/python3.7/site-packages/airflow/example_dags/example_complex.py
[2024-06-16 11:20:56,869] {processor.py:651} INFO - DAG(s) dict_keys(['example_complex']) retrieved from /home/airflow/.local/lib/python3.7/site-packages/airflow/example_dags/example_complex.py
[2024-06-16 11:20:56,932] {logging_mixin.py:115} INFO - [2024-06-16 11:20:56,932] {dag.py:2371} INFO - Sync 1 DAGs
[2024-06-16 11:20:57,201] {logging_mixin.py:115} INFO - [2024-06-16 11:20:57,201] {dag.py:2919} INFO - Setting next_dagrun for example_complex to None, run_after=None
[2024-06-16 11:20:57,255] {processor.py:161} INFO - Processing /home/airflow/.local/lib/python3.7/site-packages/airflow/example_dags/example_complex.py took 0.416 seconds
