[2024-06-16 10:06:43,001] {processor.py:153} INFO - Started process (PID=58) to work on /home/airflow/.local/lib/python3.7/site-packages/airflow/example_dags/tutorial_taskflow_api_etl.py
[2024-06-16 10:06:43,002] {processor.py:641} INFO - Processing file /home/airflow/.local/lib/python3.7/site-packages/airflow/example_dags/tutorial_taskflow_api_etl.py for tasks to queue
[2024-06-16 10:06:43,003] {logging_mixin.py:115} INFO - [2024-06-16 10:06:43,003] {dagbag.py:507} INFO - Filling up the DagBag from /home/airflow/.local/lib/python3.7/site-packages/airflow/example_dags/tutorial_taskflow_api_etl.py
[2024-06-16 10:06:43,025] {processor.py:651} INFO - DAG(s) dict_keys(['tutorial_taskflow_api_etl']) retrieved from /home/airflow/.local/lib/python3.7/site-packages/airflow/example_dags/tutorial_taskflow_api_etl.py
[2024-06-16 10:06:43,289] {logging_mixin.py:115} INFO - [2024-06-16 10:06:43,289] {dag.py:2371} INFO - Sync 1 DAGs
[2024-06-16 10:06:43,314] {logging_mixin.py:115} INFO - [2024-06-16 10:06:43,314] {dag.py:2919} INFO - Setting next_dagrun for tutorial_taskflow_api_etl to None, run_after=None
[2024-06-16 10:06:43,522] {processor.py:161} INFO - Processing /home/airflow/.local/lib/python3.7/site-packages/airflow/example_dags/tutorial_taskflow_api_etl.py took 0.525 seconds
[2024-06-16 10:07:15,664] {processor.py:153} INFO - Started process (PID=121) to work on /home/airflow/.local/lib/python3.7/site-packages/airflow/example_dags/tutorial_taskflow_api_etl.py
[2024-06-16 10:07:15,665] {processor.py:641} INFO - Processing file /home/airflow/.local/lib/python3.7/site-packages/airflow/example_dags/tutorial_taskflow_api_etl.py for tasks to queue
[2024-06-16 10:07:15,668] {logging_mixin.py:115} INFO - [2024-06-16 10:07:15,667] {dagbag.py:507} INFO - Filling up the DagBag from /home/airflow/.local/lib/python3.7/site-packages/airflow/example_dags/tutorial_taskflow_api_etl.py
[2024-06-16 10:07:15,695] {processor.py:651} INFO - DAG(s) dict_keys(['tutorial_taskflow_api_etl']) retrieved from /home/airflow/.local/lib/python3.7/site-packages/airflow/example_dags/tutorial_taskflow_api_etl.py
[2024-06-16 10:07:15,911] {logging_mixin.py:115} INFO - [2024-06-16 10:07:15,911] {dag.py:2371} INFO - Sync 1 DAGs
[2024-06-16 10:07:15,932] {logging_mixin.py:115} INFO - [2024-06-16 10:07:15,932] {dag.py:2919} INFO - Setting next_dagrun for tutorial_taskflow_api_etl to None, run_after=None
[2024-06-16 10:07:15,954] {processor.py:161} INFO - Processing /home/airflow/.local/lib/python3.7/site-packages/airflow/example_dags/tutorial_taskflow_api_etl.py took 0.295 seconds
[2024-06-16 10:07:46,110] {processor.py:153} INFO - Started process (PID=183) to work on /home/airflow/.local/lib/python3.7/site-packages/airflow/example_dags/tutorial_taskflow_api_etl.py
[2024-06-16 10:07:46,110] {processor.py:641} INFO - Processing file /home/airflow/.local/lib/python3.7/site-packages/airflow/example_dags/tutorial_taskflow_api_etl.py for tasks to queue
[2024-06-16 10:07:46,111] {logging_mixin.py:115} INFO - [2024-06-16 10:07:46,111] {dagbag.py:507} INFO - Filling up the DagBag from /home/airflow/.local/lib/python3.7/site-packages/airflow/example_dags/tutorial_taskflow_api_etl.py
[2024-06-16 10:07:46,129] {processor.py:651} INFO - DAG(s) dict_keys(['tutorial_taskflow_api_etl']) retrieved from /home/airflow/.local/lib/python3.7/site-packages/airflow/example_dags/tutorial_taskflow_api_etl.py
[2024-06-16 10:07:46,379] {logging_mixin.py:115} INFO - [2024-06-16 10:07:46,379] {dag.py:2371} INFO - Sync 1 DAGs
[2024-06-16 10:07:46,413] {logging_mixin.py:115} INFO - [2024-06-16 10:07:46,413] {dag.py:2919} INFO - Setting next_dagrun for tutorial_taskflow_api_etl to None, run_after=None
[2024-06-16 10:07:46,429] {processor.py:161} INFO - Processing /home/airflow/.local/lib/python3.7/site-packages/airflow/example_dags/tutorial_taskflow_api_etl.py took 0.323 seconds
[2024-06-16 10:08:16,565] {processor.py:153} INFO - Started process (PID=239) to work on /home/airflow/.local/lib/python3.7/site-packages/airflow/example_dags/tutorial_taskflow_api_etl.py
[2024-06-16 10:08:16,566] {processor.py:641} INFO - Processing file /home/airflow/.local/lib/python3.7/site-packages/airflow/example_dags/tutorial_taskflow_api_etl.py for tasks to queue
[2024-06-16 10:08:16,568] {logging_mixin.py:115} INFO - [2024-06-16 10:08:16,567] {dagbag.py:507} INFO - Filling up the DagBag from /home/airflow/.local/lib/python3.7/site-packages/airflow/example_dags/tutorial_taskflow_api_etl.py
[2024-06-16 10:08:16,585] {processor.py:651} INFO - DAG(s) dict_keys(['tutorial_taskflow_api_etl']) retrieved from /home/airflow/.local/lib/python3.7/site-packages/airflow/example_dags/tutorial_taskflow_api_etl.py
[2024-06-16 10:08:16,779] {logging_mixin.py:115} INFO - [2024-06-16 10:08:16,779] {dag.py:2371} INFO - Sync 1 DAGs
[2024-06-16 10:08:16,804] {logging_mixin.py:115} INFO - [2024-06-16 10:08:16,803] {dag.py:2919} INFO - Setting next_dagrun for tutorial_taskflow_api_etl to None, run_after=None
[2024-06-16 10:08:16,829] {processor.py:161} INFO - Processing /home/airflow/.local/lib/python3.7/site-packages/airflow/example_dags/tutorial_taskflow_api_etl.py took 0.267 seconds
[2024-06-16 10:08:47,228] {processor.py:153} INFO - Started process (PID=301) to work on /home/airflow/.local/lib/python3.7/site-packages/airflow/example_dags/tutorial_taskflow_api_etl.py
[2024-06-16 10:08:47,229] {processor.py:641} INFO - Processing file /home/airflow/.local/lib/python3.7/site-packages/airflow/example_dags/tutorial_taskflow_api_etl.py for tasks to queue
[2024-06-16 10:08:47,229] {logging_mixin.py:115} INFO - [2024-06-16 10:08:47,229] {dagbag.py:507} INFO - Filling up the DagBag from /home/airflow/.local/lib/python3.7/site-packages/airflow/example_dags/tutorial_taskflow_api_etl.py
[2024-06-16 10:08:47,249] {processor.py:651} INFO - DAG(s) dict_keys(['tutorial_taskflow_api_etl']) retrieved from /home/airflow/.local/lib/python3.7/site-packages/airflow/example_dags/tutorial_taskflow_api_etl.py
[2024-06-16 10:08:47,461] {logging_mixin.py:115} INFO - [2024-06-16 10:08:47,461] {dag.py:2371} INFO - Sync 1 DAGs
[2024-06-16 10:08:47,481] {logging_mixin.py:115} INFO - [2024-06-16 10:08:47,481] {dag.py:2919} INFO - Setting next_dagrun for tutorial_taskflow_api_etl to None, run_after=None
[2024-06-16 10:08:47,504] {processor.py:161} INFO - Processing /home/airflow/.local/lib/python3.7/site-packages/airflow/example_dags/tutorial_taskflow_api_etl.py took 0.279 seconds
[2024-06-16 10:09:17,862] {processor.py:153} INFO - Started process (PID=356) to work on /home/airflow/.local/lib/python3.7/site-packages/airflow/example_dags/tutorial_taskflow_api_etl.py
[2024-06-16 10:09:17,863] {processor.py:641} INFO - Processing file /home/airflow/.local/lib/python3.7/site-packages/airflow/example_dags/tutorial_taskflow_api_etl.py for tasks to queue
[2024-06-16 10:09:17,863] {logging_mixin.py:115} INFO - [2024-06-16 10:09:17,863] {dagbag.py:507} INFO - Filling up the DagBag from /home/airflow/.local/lib/python3.7/site-packages/airflow/example_dags/tutorial_taskflow_api_etl.py
[2024-06-16 10:09:17,881] {processor.py:651} INFO - DAG(s) dict_keys(['tutorial_taskflow_api_etl']) retrieved from /home/airflow/.local/lib/python3.7/site-packages/airflow/example_dags/tutorial_taskflow_api_etl.py
[2024-06-16 10:09:17,909] {logging_mixin.py:115} INFO - [2024-06-16 10:09:17,909] {dag.py:2371} INFO - Sync 1 DAGs
[2024-06-16 10:09:18,050] {logging_mixin.py:115} INFO - [2024-06-16 10:09:18,050] {dag.py:2919} INFO - Setting next_dagrun for tutorial_taskflow_api_etl to None, run_after=None
[2024-06-16 10:09:18,066] {processor.py:161} INFO - Processing /home/airflow/.local/lib/python3.7/site-packages/airflow/example_dags/tutorial_taskflow_api_etl.py took 0.207 seconds
[2024-06-16 10:09:48,704] {processor.py:153} INFO - Started process (PID=420) to work on /home/airflow/.local/lib/python3.7/site-packages/airflow/example_dags/tutorial_taskflow_api_etl.py
[2024-06-16 10:09:48,705] {processor.py:641} INFO - Processing file /home/airflow/.local/lib/python3.7/site-packages/airflow/example_dags/tutorial_taskflow_api_etl.py for tasks to queue
[2024-06-16 10:09:48,706] {logging_mixin.py:115} INFO - [2024-06-16 10:09:48,705] {dagbag.py:507} INFO - Filling up the DagBag from /home/airflow/.local/lib/python3.7/site-packages/airflow/example_dags/tutorial_taskflow_api_etl.py
[2024-06-16 10:09:48,724] {processor.py:651} INFO - DAG(s) dict_keys(['tutorial_taskflow_api_etl']) retrieved from /home/airflow/.local/lib/python3.7/site-packages/airflow/example_dags/tutorial_taskflow_api_etl.py
[2024-06-16 10:09:48,930] {logging_mixin.py:115} INFO - [2024-06-16 10:09:48,930] {dag.py:2371} INFO - Sync 1 DAGs
[2024-06-16 10:09:48,957] {logging_mixin.py:115} INFO - [2024-06-16 10:09:48,957] {dag.py:2919} INFO - Setting next_dagrun for tutorial_taskflow_api_etl to None, run_after=None
[2024-06-16 10:09:48,988] {processor.py:161} INFO - Processing /home/airflow/.local/lib/python3.7/site-packages/airflow/example_dags/tutorial_taskflow_api_etl.py took 0.287 seconds
[2024-06-16 10:10:19,408] {processor.py:153} INFO - Started process (PID=484) to work on /home/airflow/.local/lib/python3.7/site-packages/airflow/example_dags/tutorial_taskflow_api_etl.py
[2024-06-16 10:10:19,409] {processor.py:641} INFO - Processing file /home/airflow/.local/lib/python3.7/site-packages/airflow/example_dags/tutorial_taskflow_api_etl.py for tasks to queue
[2024-06-16 10:10:19,410] {logging_mixin.py:115} INFO - [2024-06-16 10:10:19,410] {dagbag.py:507} INFO - Filling up the DagBag from /home/airflow/.local/lib/python3.7/site-packages/airflow/example_dags/tutorial_taskflow_api_etl.py
[2024-06-16 10:10:19,428] {processor.py:651} INFO - DAG(s) dict_keys(['tutorial_taskflow_api_etl']) retrieved from /home/airflow/.local/lib/python3.7/site-packages/airflow/example_dags/tutorial_taskflow_api_etl.py
[2024-06-16 10:10:19,626] {logging_mixin.py:115} INFO - [2024-06-16 10:10:19,626] {dag.py:2371} INFO - Sync 1 DAGs
[2024-06-16 10:10:19,648] {logging_mixin.py:115} INFO - [2024-06-16 10:10:19,648] {dag.py:2919} INFO - Setting next_dagrun for tutorial_taskflow_api_etl to None, run_after=None
[2024-06-16 10:10:19,663] {processor.py:161} INFO - Processing /home/airflow/.local/lib/python3.7/site-packages/airflow/example_dags/tutorial_taskflow_api_etl.py took 0.258 seconds
[2024-06-16 10:10:50,348] {processor.py:153} INFO - Started process (PID=539) to work on /home/airflow/.local/lib/python3.7/site-packages/airflow/example_dags/tutorial_taskflow_api_etl.py
[2024-06-16 10:10:50,349] {processor.py:641} INFO - Processing file /home/airflow/.local/lib/python3.7/site-packages/airflow/example_dags/tutorial_taskflow_api_etl.py for tasks to queue
[2024-06-16 10:10:50,350] {logging_mixin.py:115} INFO - [2024-06-16 10:10:50,349] {dagbag.py:507} INFO - Filling up the DagBag from /home/airflow/.local/lib/python3.7/site-packages/airflow/example_dags/tutorial_taskflow_api_etl.py
[2024-06-16 10:10:50,368] {processor.py:651} INFO - DAG(s) dict_keys(['tutorial_taskflow_api_etl']) retrieved from /home/airflow/.local/lib/python3.7/site-packages/airflow/example_dags/tutorial_taskflow_api_etl.py
[2024-06-16 10:10:50,566] {logging_mixin.py:115} INFO - [2024-06-16 10:10:50,566] {dag.py:2371} INFO - Sync 1 DAGs
[2024-06-16 10:10:50,584] {logging_mixin.py:115} INFO - [2024-06-16 10:10:50,584] {dag.py:2919} INFO - Setting next_dagrun for tutorial_taskflow_api_etl to None, run_after=None
[2024-06-16 10:10:50,602] {processor.py:161} INFO - Processing /home/airflow/.local/lib/python3.7/site-packages/airflow/example_dags/tutorial_taskflow_api_etl.py took 0.257 seconds
[2024-06-16 10:11:21,386] {processor.py:153} INFO - Started process (PID=601) to work on /home/airflow/.local/lib/python3.7/site-packages/airflow/example_dags/tutorial_taskflow_api_etl.py
[2024-06-16 10:11:21,387] {processor.py:641} INFO - Processing file /home/airflow/.local/lib/python3.7/site-packages/airflow/example_dags/tutorial_taskflow_api_etl.py for tasks to queue
[2024-06-16 10:11:21,387] {logging_mixin.py:115} INFO - [2024-06-16 10:11:21,387] {dagbag.py:507} INFO - Filling up the DagBag from /home/airflow/.local/lib/python3.7/site-packages/airflow/example_dags/tutorial_taskflow_api_etl.py
[2024-06-16 10:11:21,405] {processor.py:651} INFO - DAG(s) dict_keys(['tutorial_taskflow_api_etl']) retrieved from /home/airflow/.local/lib/python3.7/site-packages/airflow/example_dags/tutorial_taskflow_api_etl.py
[2024-06-16 10:11:21,597] {logging_mixin.py:115} INFO - [2024-06-16 10:11:21,597] {dag.py:2371} INFO - Sync 1 DAGs
[2024-06-16 10:11:21,618] {logging_mixin.py:115} INFO - [2024-06-16 10:11:21,618] {dag.py:2919} INFO - Setting next_dagrun for tutorial_taskflow_api_etl to None, run_after=None
[2024-06-16 10:11:21,639] {processor.py:161} INFO - Processing /home/airflow/.local/lib/python3.7/site-packages/airflow/example_dags/tutorial_taskflow_api_etl.py took 0.257 seconds
[2024-06-16 10:11:51,861] {processor.py:153} INFO - Started process (PID=664) to work on /home/airflow/.local/lib/python3.7/site-packages/airflow/example_dags/tutorial_taskflow_api_etl.py
[2024-06-16 10:11:51,862] {processor.py:641} INFO - Processing file /home/airflow/.local/lib/python3.7/site-packages/airflow/example_dags/tutorial_taskflow_api_etl.py for tasks to queue
[2024-06-16 10:11:51,863] {logging_mixin.py:115} INFO - [2024-06-16 10:11:51,863] {dagbag.py:507} INFO - Filling up the DagBag from /home/airflow/.local/lib/python3.7/site-packages/airflow/example_dags/tutorial_taskflow_api_etl.py
[2024-06-16 10:11:51,886] {processor.py:651} INFO - DAG(s) dict_keys(['tutorial_taskflow_api_etl']) retrieved from /home/airflow/.local/lib/python3.7/site-packages/airflow/example_dags/tutorial_taskflow_api_etl.py
[2024-06-16 10:11:52,090] {logging_mixin.py:115} INFO - [2024-06-16 10:11:52,090] {dag.py:2371} INFO - Sync 1 DAGs
[2024-06-16 10:11:52,112] {logging_mixin.py:115} INFO - [2024-06-16 10:11:52,112] {dag.py:2919} INFO - Setting next_dagrun for tutorial_taskflow_api_etl to None, run_after=None
[2024-06-16 10:11:52,129] {processor.py:161} INFO - Processing /home/airflow/.local/lib/python3.7/site-packages/airflow/example_dags/tutorial_taskflow_api_etl.py took 0.272 seconds
[2024-06-16 10:12:23,140] {processor.py:153} INFO - Started process (PID=717) to work on /home/airflow/.local/lib/python3.7/site-packages/airflow/example_dags/tutorial_taskflow_api_etl.py
[2024-06-16 10:12:23,140] {processor.py:641} INFO - Processing file /home/airflow/.local/lib/python3.7/site-packages/airflow/example_dags/tutorial_taskflow_api_etl.py for tasks to queue
[2024-06-16 10:12:23,141] {logging_mixin.py:115} INFO - [2024-06-16 10:12:23,141] {dagbag.py:507} INFO - Filling up the DagBag from /home/airflow/.local/lib/python3.7/site-packages/airflow/example_dags/tutorial_taskflow_api_etl.py
[2024-06-16 10:12:23,163] {processor.py:651} INFO - DAG(s) dict_keys(['tutorial_taskflow_api_etl']) retrieved from /home/airflow/.local/lib/python3.7/site-packages/airflow/example_dags/tutorial_taskflow_api_etl.py
[2024-06-16 10:12:23,356] {logging_mixin.py:115} INFO - [2024-06-16 10:12:23,356] {dag.py:2371} INFO - Sync 1 DAGs
[2024-06-16 10:12:23,378] {logging_mixin.py:115} INFO - [2024-06-16 10:12:23,378] {dag.py:2919} INFO - Setting next_dagrun for tutorial_taskflow_api_etl to None, run_after=None
[2024-06-16 10:12:23,399] {processor.py:161} INFO - Processing /home/airflow/.local/lib/python3.7/site-packages/airflow/example_dags/tutorial_taskflow_api_etl.py took 0.263 seconds
[2024-06-16 10:12:53,546] {processor.py:153} INFO - Started process (PID=779) to work on /home/airflow/.local/lib/python3.7/site-packages/airflow/example_dags/tutorial_taskflow_api_etl.py
[2024-06-16 10:12:53,546] {processor.py:641} INFO - Processing file /home/airflow/.local/lib/python3.7/site-packages/airflow/example_dags/tutorial_taskflow_api_etl.py for tasks to queue
[2024-06-16 10:12:53,547] {logging_mixin.py:115} INFO - [2024-06-16 10:12:53,547] {dagbag.py:507} INFO - Filling up the DagBag from /home/airflow/.local/lib/python3.7/site-packages/airflow/example_dags/tutorial_taskflow_api_etl.py
[2024-06-16 10:12:53,569] {processor.py:651} INFO - DAG(s) dict_keys(['tutorial_taskflow_api_etl']) retrieved from /home/airflow/.local/lib/python3.7/site-packages/airflow/example_dags/tutorial_taskflow_api_etl.py
[2024-06-16 10:12:53,738] {logging_mixin.py:115} INFO - [2024-06-16 10:12:53,738] {dag.py:2371} INFO - Sync 1 DAGs
[2024-06-16 10:12:53,763] {logging_mixin.py:115} INFO - [2024-06-16 10:12:53,763] {dag.py:2919} INFO - Setting next_dagrun for tutorial_taskflow_api_etl to None, run_after=None
[2024-06-16 10:12:53,786] {processor.py:161} INFO - Processing /home/airflow/.local/lib/python3.7/site-packages/airflow/example_dags/tutorial_taskflow_api_etl.py took 0.244 seconds
[2024-06-16 10:13:23,993] {processor.py:153} INFO - Started process (PID=841) to work on /home/airflow/.local/lib/python3.7/site-packages/airflow/example_dags/tutorial_taskflow_api_etl.py
[2024-06-16 10:13:24,002] {processor.py:641} INFO - Processing file /home/airflow/.local/lib/python3.7/site-packages/airflow/example_dags/tutorial_taskflow_api_etl.py for tasks to queue
[2024-06-16 10:13:24,018] {logging_mixin.py:115} INFO - [2024-06-16 10:13:24,018] {dagbag.py:507} INFO - Filling up the DagBag from /home/airflow/.local/lib/python3.7/site-packages/airflow/example_dags/tutorial_taskflow_api_etl.py
[2024-06-16 10:13:24,103] {processor.py:651} INFO - DAG(s) dict_keys(['tutorial_taskflow_api_etl']) retrieved from /home/airflow/.local/lib/python3.7/site-packages/airflow/example_dags/tutorial_taskflow_api_etl.py
[2024-06-16 10:13:24,917] {logging_mixin.py:115} INFO - [2024-06-16 10:13:24,917] {dag.py:2371} INFO - Sync 1 DAGs
[2024-06-16 10:13:24,991] {logging_mixin.py:115} INFO - [2024-06-16 10:13:24,991] {dag.py:2919} INFO - Setting next_dagrun for tutorial_taskflow_api_etl to None, run_after=None
[2024-06-16 10:13:25,034] {processor.py:161} INFO - Processing /home/airflow/.local/lib/python3.7/site-packages/airflow/example_dags/tutorial_taskflow_api_etl.py took 1.056 seconds
[2024-06-16 10:13:55,170] {processor.py:153} INFO - Started process (PID=896) to work on /home/airflow/.local/lib/python3.7/site-packages/airflow/example_dags/tutorial_taskflow_api_etl.py
[2024-06-16 10:13:55,171] {processor.py:641} INFO - Processing file /home/airflow/.local/lib/python3.7/site-packages/airflow/example_dags/tutorial_taskflow_api_etl.py for tasks to queue
[2024-06-16 10:13:55,172] {logging_mixin.py:115} INFO - [2024-06-16 10:13:55,172] {dagbag.py:507} INFO - Filling up the DagBag from /home/airflow/.local/lib/python3.7/site-packages/airflow/example_dags/tutorial_taskflow_api_etl.py
[2024-06-16 10:13:55,195] {processor.py:651} INFO - DAG(s) dict_keys(['tutorial_taskflow_api_etl']) retrieved from /home/airflow/.local/lib/python3.7/site-packages/airflow/example_dags/tutorial_taskflow_api_etl.py
[2024-06-16 10:13:55,387] {logging_mixin.py:115} INFO - [2024-06-16 10:13:55,386] {dag.py:2371} INFO - Sync 1 DAGs
[2024-06-16 10:13:55,405] {logging_mixin.py:115} INFO - [2024-06-16 10:13:55,405] {dag.py:2919} INFO - Setting next_dagrun for tutorial_taskflow_api_etl to None, run_after=None
[2024-06-16 10:13:55,419] {processor.py:161} INFO - Processing /home/airflow/.local/lib/python3.7/site-packages/airflow/example_dags/tutorial_taskflow_api_etl.py took 0.252 seconds
[2024-06-16 10:14:25,665] {processor.py:153} INFO - Started process (PID=960) to work on /home/airflow/.local/lib/python3.7/site-packages/airflow/example_dags/tutorial_taskflow_api_etl.py
[2024-06-16 10:14:25,666] {processor.py:641} INFO - Processing file /home/airflow/.local/lib/python3.7/site-packages/airflow/example_dags/tutorial_taskflow_api_etl.py for tasks to queue
[2024-06-16 10:14:25,667] {logging_mixin.py:115} INFO - [2024-06-16 10:14:25,667] {dagbag.py:507} INFO - Filling up the DagBag from /home/airflow/.local/lib/python3.7/site-packages/airflow/example_dags/tutorial_taskflow_api_etl.py
[2024-06-16 10:14:25,690] {processor.py:651} INFO - DAG(s) dict_keys(['tutorial_taskflow_api_etl']) retrieved from /home/airflow/.local/lib/python3.7/site-packages/airflow/example_dags/tutorial_taskflow_api_etl.py
[2024-06-16 10:14:25,920] {logging_mixin.py:115} INFO - [2024-06-16 10:14:25,920] {dag.py:2371} INFO - Sync 1 DAGs
[2024-06-16 10:14:25,946] {logging_mixin.py:115} INFO - [2024-06-16 10:14:25,946] {dag.py:2919} INFO - Setting next_dagrun for tutorial_taskflow_api_etl to None, run_after=None
[2024-06-16 10:14:25,973] {processor.py:161} INFO - Processing /home/airflow/.local/lib/python3.7/site-packages/airflow/example_dags/tutorial_taskflow_api_etl.py took 0.311 seconds
[2024-06-16 10:14:56,522] {processor.py:153} INFO - Started process (PID=1014) to work on /home/airflow/.local/lib/python3.7/site-packages/airflow/example_dags/tutorial_taskflow_api_etl.py
[2024-06-16 10:14:56,523] {processor.py:641} INFO - Processing file /home/airflow/.local/lib/python3.7/site-packages/airflow/example_dags/tutorial_taskflow_api_etl.py for tasks to queue
[2024-06-16 10:14:56,524] {logging_mixin.py:115} INFO - [2024-06-16 10:14:56,524] {dagbag.py:507} INFO - Filling up the DagBag from /home/airflow/.local/lib/python3.7/site-packages/airflow/example_dags/tutorial_taskflow_api_etl.py
[2024-06-16 10:14:56,546] {processor.py:651} INFO - DAG(s) dict_keys(['tutorial_taskflow_api_etl']) retrieved from /home/airflow/.local/lib/python3.7/site-packages/airflow/example_dags/tutorial_taskflow_api_etl.py
[2024-06-16 10:14:56,732] {logging_mixin.py:115} INFO - [2024-06-16 10:14:56,732] {dag.py:2371} INFO - Sync 1 DAGs
[2024-06-16 10:14:56,758] {logging_mixin.py:115} INFO - [2024-06-16 10:14:56,757] {dag.py:2919} INFO - Setting next_dagrun for tutorial_taskflow_api_etl to None, run_after=None
[2024-06-16 10:14:56,774] {processor.py:161} INFO - Processing /home/airflow/.local/lib/python3.7/site-packages/airflow/example_dags/tutorial_taskflow_api_etl.py took 0.255 seconds
[2024-06-16 10:15:27,273] {processor.py:153} INFO - Started process (PID=1076) to work on /home/airflow/.local/lib/python3.7/site-packages/airflow/example_dags/tutorial_taskflow_api_etl.py
[2024-06-16 10:15:27,274] {processor.py:641} INFO - Processing file /home/airflow/.local/lib/python3.7/site-packages/airflow/example_dags/tutorial_taskflow_api_etl.py for tasks to queue
[2024-06-16 10:15:27,274] {logging_mixin.py:115} INFO - [2024-06-16 10:15:27,274] {dagbag.py:507} INFO - Filling up the DagBag from /home/airflow/.local/lib/python3.7/site-packages/airflow/example_dags/tutorial_taskflow_api_etl.py
[2024-06-16 10:15:27,308] {processor.py:651} INFO - DAG(s) dict_keys(['tutorial_taskflow_api_etl']) retrieved from /home/airflow/.local/lib/python3.7/site-packages/airflow/example_dags/tutorial_taskflow_api_etl.py
[2024-06-16 10:15:27,454] {logging_mixin.py:115} INFO - [2024-06-16 10:15:27,453] {dag.py:2371} INFO - Sync 1 DAGs
[2024-06-16 10:15:27,475] {logging_mixin.py:115} INFO - [2024-06-16 10:15:27,475] {dag.py:2919} INFO - Setting next_dagrun for tutorial_taskflow_api_etl to None, run_after=None
[2024-06-16 10:15:27,488] {processor.py:161} INFO - Processing /home/airflow/.local/lib/python3.7/site-packages/airflow/example_dags/tutorial_taskflow_api_etl.py took 0.220 seconds
[2024-06-16 10:15:58,043] {processor.py:153} INFO - Started process (PID=1139) to work on /home/airflow/.local/lib/python3.7/site-packages/airflow/example_dags/tutorial_taskflow_api_etl.py
[2024-06-16 10:15:58,044] {processor.py:641} INFO - Processing file /home/airflow/.local/lib/python3.7/site-packages/airflow/example_dags/tutorial_taskflow_api_etl.py for tasks to queue
[2024-06-16 10:15:58,044] {logging_mixin.py:115} INFO - [2024-06-16 10:15:58,044] {dagbag.py:507} INFO - Filling up the DagBag from /home/airflow/.local/lib/python3.7/site-packages/airflow/example_dags/tutorial_taskflow_api_etl.py
[2024-06-16 10:15:58,067] {processor.py:651} INFO - DAG(s) dict_keys(['tutorial_taskflow_api_etl']) retrieved from /home/airflow/.local/lib/python3.7/site-packages/airflow/example_dags/tutorial_taskflow_api_etl.py
[2024-06-16 10:15:58,229] {logging_mixin.py:115} INFO - [2024-06-16 10:15:58,229] {dag.py:2371} INFO - Sync 1 DAGs
[2024-06-16 10:15:58,249] {logging_mixin.py:115} INFO - [2024-06-16 10:15:58,249] {dag.py:2919} INFO - Setting next_dagrun for tutorial_taskflow_api_etl to None, run_after=None
[2024-06-16 10:15:58,266] {processor.py:161} INFO - Processing /home/airflow/.local/lib/python3.7/site-packages/airflow/example_dags/tutorial_taskflow_api_etl.py took 0.227 seconds
[2024-06-16 10:16:28,517] {processor.py:153} INFO - Started process (PID=1193) to work on /home/airflow/.local/lib/python3.7/site-packages/airflow/example_dags/tutorial_taskflow_api_etl.py
[2024-06-16 10:16:28,518] {processor.py:641} INFO - Processing file /home/airflow/.local/lib/python3.7/site-packages/airflow/example_dags/tutorial_taskflow_api_etl.py for tasks to queue
[2024-06-16 10:16:28,519] {logging_mixin.py:115} INFO - [2024-06-16 10:16:28,519] {dagbag.py:507} INFO - Filling up the DagBag from /home/airflow/.local/lib/python3.7/site-packages/airflow/example_dags/tutorial_taskflow_api_etl.py
[2024-06-16 10:16:28,540] {processor.py:651} INFO - DAG(s) dict_keys(['tutorial_taskflow_api_etl']) retrieved from /home/airflow/.local/lib/python3.7/site-packages/airflow/example_dags/tutorial_taskflow_api_etl.py
[2024-06-16 10:16:28,695] {logging_mixin.py:115} INFO - [2024-06-16 10:16:28,695] {dag.py:2371} INFO - Sync 1 DAGs
[2024-06-16 10:16:28,718] {logging_mixin.py:115} INFO - [2024-06-16 10:16:28,718] {dag.py:2919} INFO - Setting next_dagrun for tutorial_taskflow_api_etl to None, run_after=None
[2024-06-16 10:16:28,733] {processor.py:161} INFO - Processing /home/airflow/.local/lib/python3.7/site-packages/airflow/example_dags/tutorial_taskflow_api_etl.py took 0.220 seconds
[2024-06-16 10:16:59,460] {processor.py:153} INFO - Started process (PID=1255) to work on /home/airflow/.local/lib/python3.7/site-packages/airflow/example_dags/tutorial_taskflow_api_etl.py
[2024-06-16 10:16:59,460] {processor.py:641} INFO - Processing file /home/airflow/.local/lib/python3.7/site-packages/airflow/example_dags/tutorial_taskflow_api_etl.py for tasks to queue
[2024-06-16 10:16:59,461] {logging_mixin.py:115} INFO - [2024-06-16 10:16:59,461] {dagbag.py:507} INFO - Filling up the DagBag from /home/airflow/.local/lib/python3.7/site-packages/airflow/example_dags/tutorial_taskflow_api_etl.py
[2024-06-16 10:16:59,482] {processor.py:651} INFO - DAG(s) dict_keys(['tutorial_taskflow_api_etl']) retrieved from /home/airflow/.local/lib/python3.7/site-packages/airflow/example_dags/tutorial_taskflow_api_etl.py
[2024-06-16 10:16:59,551] {logging_mixin.py:115} INFO - [2024-06-16 10:16:59,551] {dag.py:2371} INFO - Sync 1 DAGs
[2024-06-16 10:16:59,571] {logging_mixin.py:115} INFO - [2024-06-16 10:16:59,571] {dag.py:2919} INFO - Setting next_dagrun for tutorial_taskflow_api_etl to None, run_after=None
[2024-06-16 10:16:59,590] {processor.py:161} INFO - Processing /home/airflow/.local/lib/python3.7/site-packages/airflow/example_dags/tutorial_taskflow_api_etl.py took 0.134 seconds
[2024-06-16 10:17:30,189] {processor.py:153} INFO - Started process (PID=1317) to work on /home/airflow/.local/lib/python3.7/site-packages/airflow/example_dags/tutorial_taskflow_api_etl.py
[2024-06-16 10:17:30,189] {processor.py:641} INFO - Processing file /home/airflow/.local/lib/python3.7/site-packages/airflow/example_dags/tutorial_taskflow_api_etl.py for tasks to queue
[2024-06-16 10:17:30,190] {logging_mixin.py:115} INFO - [2024-06-16 10:17:30,190] {dagbag.py:507} INFO - Filling up the DagBag from /home/airflow/.local/lib/python3.7/site-packages/airflow/example_dags/tutorial_taskflow_api_etl.py
[2024-06-16 10:17:30,213] {processor.py:651} INFO - DAG(s) dict_keys(['tutorial_taskflow_api_etl']) retrieved from /home/airflow/.local/lib/python3.7/site-packages/airflow/example_dags/tutorial_taskflow_api_etl.py
[2024-06-16 10:17:30,294] {logging_mixin.py:115} INFO - [2024-06-16 10:17:30,293] {dag.py:2371} INFO - Sync 1 DAGs
[2024-06-16 10:17:30,315] {logging_mixin.py:115} INFO - [2024-06-16 10:17:30,315] {dag.py:2919} INFO - Setting next_dagrun for tutorial_taskflow_api_etl to None, run_after=None
[2024-06-16 10:17:30,336] {processor.py:161} INFO - Processing /home/airflow/.local/lib/python3.7/site-packages/airflow/example_dags/tutorial_taskflow_api_etl.py took 0.152 seconds
[2024-06-16 10:18:00,467] {processor.py:153} INFO - Started process (PID=1374) to work on /home/airflow/.local/lib/python3.7/site-packages/airflow/example_dags/tutorial_taskflow_api_etl.py
[2024-06-16 10:18:00,468] {processor.py:641} INFO - Processing file /home/airflow/.local/lib/python3.7/site-packages/airflow/example_dags/tutorial_taskflow_api_etl.py for tasks to queue
[2024-06-16 10:18:00,469] {logging_mixin.py:115} INFO - [2024-06-16 10:18:00,469] {dagbag.py:507} INFO - Filling up the DagBag from /home/airflow/.local/lib/python3.7/site-packages/airflow/example_dags/tutorial_taskflow_api_etl.py
[2024-06-16 10:18:00,490] {processor.py:651} INFO - DAG(s) dict_keys(['tutorial_taskflow_api_etl']) retrieved from /home/airflow/.local/lib/python3.7/site-packages/airflow/example_dags/tutorial_taskflow_api_etl.py
[2024-06-16 10:18:00,566] {logging_mixin.py:115} INFO - [2024-06-16 10:18:00,566] {dag.py:2371} INFO - Sync 1 DAGs
[2024-06-16 10:18:00,601] {logging_mixin.py:115} INFO - [2024-06-16 10:18:00,601] {dag.py:2919} INFO - Setting next_dagrun for tutorial_taskflow_api_etl to None, run_after=None
[2024-06-16 10:18:00,625] {processor.py:161} INFO - Processing /home/airflow/.local/lib/python3.7/site-packages/airflow/example_dags/tutorial_taskflow_api_etl.py took 0.162 seconds
[2024-06-16 10:18:31,424] {processor.py:153} INFO - Started process (PID=1438) to work on /home/airflow/.local/lib/python3.7/site-packages/airflow/example_dags/tutorial_taskflow_api_etl.py
[2024-06-16 10:18:31,425] {processor.py:641} INFO - Processing file /home/airflow/.local/lib/python3.7/site-packages/airflow/example_dags/tutorial_taskflow_api_etl.py for tasks to queue
[2024-06-16 10:18:31,426] {logging_mixin.py:115} INFO - [2024-06-16 10:18:31,426] {dagbag.py:507} INFO - Filling up the DagBag from /home/airflow/.local/lib/python3.7/site-packages/airflow/example_dags/tutorial_taskflow_api_etl.py
[2024-06-16 10:18:31,448] {processor.py:651} INFO - DAG(s) dict_keys(['tutorial_taskflow_api_etl']) retrieved from /home/airflow/.local/lib/python3.7/site-packages/airflow/example_dags/tutorial_taskflow_api_etl.py
[2024-06-16 10:18:31,535] {logging_mixin.py:115} INFO - [2024-06-16 10:18:31,535] {dag.py:2371} INFO - Sync 1 DAGs
[2024-06-16 10:18:31,555] {logging_mixin.py:115} INFO - [2024-06-16 10:18:31,555] {dag.py:2919} INFO - Setting next_dagrun for tutorial_taskflow_api_etl to None, run_after=None
[2024-06-16 10:18:31,577] {processor.py:161} INFO - Processing /home/airflow/.local/lib/python3.7/site-packages/airflow/example_dags/tutorial_taskflow_api_etl.py took 0.156 seconds
[2024-06-16 10:19:02,343] {processor.py:153} INFO - Started process (PID=1492) to work on /home/airflow/.local/lib/python3.7/site-packages/airflow/example_dags/tutorial_taskflow_api_etl.py
[2024-06-16 10:19:02,344] {processor.py:641} INFO - Processing file /home/airflow/.local/lib/python3.7/site-packages/airflow/example_dags/tutorial_taskflow_api_etl.py for tasks to queue
[2024-06-16 10:19:02,345] {logging_mixin.py:115} INFO - [2024-06-16 10:19:02,345] {dagbag.py:507} INFO - Filling up the DagBag from /home/airflow/.local/lib/python3.7/site-packages/airflow/example_dags/tutorial_taskflow_api_etl.py
[2024-06-16 10:19:02,368] {processor.py:651} INFO - DAG(s) dict_keys(['tutorial_taskflow_api_etl']) retrieved from /home/airflow/.local/lib/python3.7/site-packages/airflow/example_dags/tutorial_taskflow_api_etl.py
[2024-06-16 10:19:02,439] {logging_mixin.py:115} INFO - [2024-06-16 10:19:02,439] {dag.py:2371} INFO - Sync 1 DAGs
[2024-06-16 10:19:02,460] {logging_mixin.py:115} INFO - [2024-06-16 10:19:02,459] {dag.py:2919} INFO - Setting next_dagrun for tutorial_taskflow_api_etl to None, run_after=None
[2024-06-16 10:19:02,478] {processor.py:161} INFO - Processing /home/airflow/.local/lib/python3.7/site-packages/airflow/example_dags/tutorial_taskflow_api_etl.py took 0.139 seconds
[2024-06-16 11:03:52,883] {processor.py:153} INFO - Started process (PID=58) to work on /home/airflow/.local/lib/python3.7/site-packages/airflow/example_dags/tutorial_taskflow_api_etl.py
[2024-06-16 11:03:52,889] {processor.py:641} INFO - Processing file /home/airflow/.local/lib/python3.7/site-packages/airflow/example_dags/tutorial_taskflow_api_etl.py for tasks to queue
[2024-06-16 11:03:52,890] {logging_mixin.py:115} INFO - [2024-06-16 11:03:52,890] {dagbag.py:507} INFO - Filling up the DagBag from /home/airflow/.local/lib/python3.7/site-packages/airflow/example_dags/tutorial_taskflow_api_etl.py
[2024-06-16 11:03:52,915] {processor.py:651} INFO - DAG(s) dict_keys(['tutorial_taskflow_api_etl']) retrieved from /home/airflow/.local/lib/python3.7/site-packages/airflow/example_dags/tutorial_taskflow_api_etl.py
[2024-06-16 11:03:53,152] {logging_mixin.py:115} INFO - [2024-06-16 11:03:53,152] {dag.py:2371} INFO - Sync 1 DAGs
[2024-06-16 11:03:53,175] {logging_mixin.py:115} INFO - [2024-06-16 11:03:53,175] {dag.py:2919} INFO - Setting next_dagrun for tutorial_taskflow_api_etl to None, run_after=None
[2024-06-16 11:03:53,195] {processor.py:161} INFO - Processing /home/airflow/.local/lib/python3.7/site-packages/airflow/example_dags/tutorial_taskflow_api_etl.py took 0.316 seconds
[2024-06-16 11:04:23,255] {processor.py:153} INFO - Started process (PID=122) to work on /home/airflow/.local/lib/python3.7/site-packages/airflow/example_dags/tutorial_taskflow_api_etl.py
[2024-06-16 11:04:23,256] {processor.py:641} INFO - Processing file /home/airflow/.local/lib/python3.7/site-packages/airflow/example_dags/tutorial_taskflow_api_etl.py for tasks to queue
[2024-06-16 11:04:23,257] {logging_mixin.py:115} INFO - [2024-06-16 11:04:23,257] {dagbag.py:507} INFO - Filling up the DagBag from /home/airflow/.local/lib/python3.7/site-packages/airflow/example_dags/tutorial_taskflow_api_etl.py
[2024-06-16 11:04:23,278] {processor.py:651} INFO - DAG(s) dict_keys(['tutorial_taskflow_api_etl']) retrieved from /home/airflow/.local/lib/python3.7/site-packages/airflow/example_dags/tutorial_taskflow_api_etl.py
[2024-06-16 11:04:23,543] {logging_mixin.py:115} INFO - [2024-06-16 11:04:23,543] {dag.py:2371} INFO - Sync 1 DAGs
[2024-06-16 11:04:23,587] {logging_mixin.py:115} INFO - [2024-06-16 11:04:23,587] {dag.py:2919} INFO - Setting next_dagrun for tutorial_taskflow_api_etl to None, run_after=None
[2024-06-16 11:04:23,632] {processor.py:161} INFO - Processing /home/airflow/.local/lib/python3.7/site-packages/airflow/example_dags/tutorial_taskflow_api_etl.py took 0.382 seconds
[2024-06-16 11:04:53,784] {processor.py:153} INFO - Started process (PID=176) to work on /home/airflow/.local/lib/python3.7/site-packages/airflow/example_dags/tutorial_taskflow_api_etl.py
[2024-06-16 11:04:53,785] {processor.py:641} INFO - Processing file /home/airflow/.local/lib/python3.7/site-packages/airflow/example_dags/tutorial_taskflow_api_etl.py for tasks to queue
[2024-06-16 11:04:53,786] {logging_mixin.py:115} INFO - [2024-06-16 11:04:53,786] {dagbag.py:507} INFO - Filling up the DagBag from /home/airflow/.local/lib/python3.7/site-packages/airflow/example_dags/tutorial_taskflow_api_etl.py
[2024-06-16 11:04:53,808] {processor.py:651} INFO - DAG(s) dict_keys(['tutorial_taskflow_api_etl']) retrieved from /home/airflow/.local/lib/python3.7/site-packages/airflow/example_dags/tutorial_taskflow_api_etl.py
[2024-06-16 11:04:54,116] {logging_mixin.py:115} INFO - [2024-06-16 11:04:54,116] {dag.py:2371} INFO - Sync 1 DAGs
[2024-06-16 11:04:54,143] {logging_mixin.py:115} INFO - [2024-06-16 11:04:54,142] {dag.py:2919} INFO - Setting next_dagrun for tutorial_taskflow_api_etl to None, run_after=None
[2024-06-16 11:04:54,168] {processor.py:161} INFO - Processing /home/airflow/.local/lib/python3.7/site-packages/airflow/example_dags/tutorial_taskflow_api_etl.py took 0.388 seconds
[2024-06-16 11:05:57,458] {processor.py:153} INFO - Started process (PID=248) to work on /home/airflow/.local/lib/python3.7/site-packages/airflow/example_dags/tutorial_taskflow_api_etl.py
[2024-06-16 11:05:57,471] {processor.py:641} INFO - Processing file /home/airflow/.local/lib/python3.7/site-packages/airflow/example_dags/tutorial_taskflow_api_etl.py for tasks to queue
[2024-06-16 11:05:57,488] {logging_mixin.py:115} INFO - [2024-06-16 11:05:57,488] {dagbag.py:507} INFO - Filling up the DagBag from /home/airflow/.local/lib/python3.7/site-packages/airflow/example_dags/tutorial_taskflow_api_etl.py
[2024-06-16 11:05:57,570] {processor.py:651} INFO - DAG(s) dict_keys(['tutorial_taskflow_api_etl']) retrieved from /home/airflow/.local/lib/python3.7/site-packages/airflow/example_dags/tutorial_taskflow_api_etl.py
[2024-06-16 11:05:58,324] {logging_mixin.py:115} INFO - [2024-06-16 11:05:58,324] {dag.py:2371} INFO - Sync 1 DAGs
[2024-06-16 11:05:58,465] {logging_mixin.py:115} INFO - [2024-06-16 11:05:58,464] {dag.py:2919} INFO - Setting next_dagrun for tutorial_taskflow_api_etl to None, run_after=None
[2024-06-16 11:05:58,791] {processor.py:161} INFO - Processing /home/airflow/.local/lib/python3.7/site-packages/airflow/example_dags/tutorial_taskflow_api_etl.py took 1.336 seconds
[2024-06-16 11:06:29,533] {processor.py:153} INFO - Started process (PID=302) to work on /home/airflow/.local/lib/python3.7/site-packages/airflow/example_dags/tutorial_taskflow_api_etl.py
[2024-06-16 11:06:29,537] {processor.py:641} INFO - Processing file /home/airflow/.local/lib/python3.7/site-packages/airflow/example_dags/tutorial_taskflow_api_etl.py for tasks to queue
[2024-06-16 11:06:29,540] {logging_mixin.py:115} INFO - [2024-06-16 11:06:29,540] {dagbag.py:507} INFO - Filling up the DagBag from /home/airflow/.local/lib/python3.7/site-packages/airflow/example_dags/tutorial_taskflow_api_etl.py
[2024-06-16 11:06:29,618] {processor.py:651} INFO - DAG(s) dict_keys(['tutorial_taskflow_api_etl']) retrieved from /home/airflow/.local/lib/python3.7/site-packages/airflow/example_dags/tutorial_taskflow_api_etl.py
[2024-06-16 11:06:30,613] {logging_mixin.py:115} INFO - [2024-06-16 11:06:30,613] {dag.py:2371} INFO - Sync 1 DAGs
[2024-06-16 11:06:30,700] {logging_mixin.py:115} INFO - [2024-06-16 11:06:30,700] {dag.py:2919} INFO - Setting next_dagrun for tutorial_taskflow_api_etl to None, run_after=None
[2024-06-16 11:06:30,776] {processor.py:161} INFO - Processing /home/airflow/.local/lib/python3.7/site-packages/airflow/example_dags/tutorial_taskflow_api_etl.py took 1.255 seconds
[2024-06-16 11:07:01,933] {processor.py:153} INFO - Started process (PID=363) to work on /home/airflow/.local/lib/python3.7/site-packages/airflow/example_dags/tutorial_taskflow_api_etl.py
[2024-06-16 11:07:01,950] {processor.py:641} INFO - Processing file /home/airflow/.local/lib/python3.7/site-packages/airflow/example_dags/tutorial_taskflow_api_etl.py for tasks to queue
[2024-06-16 11:07:01,951] {logging_mixin.py:115} INFO - [2024-06-16 11:07:01,951] {dagbag.py:507} INFO - Filling up the DagBag from /home/airflow/.local/lib/python3.7/site-packages/airflow/example_dags/tutorial_taskflow_api_etl.py
[2024-06-16 11:07:02,055] {processor.py:651} INFO - DAG(s) dict_keys(['tutorial_taskflow_api_etl']) retrieved from /home/airflow/.local/lib/python3.7/site-packages/airflow/example_dags/tutorial_taskflow_api_etl.py
[2024-06-16 11:07:02,567] {logging_mixin.py:115} INFO - [2024-06-16 11:07:02,567] {dag.py:2371} INFO - Sync 1 DAGs
[2024-06-16 11:07:02,605] {logging_mixin.py:115} INFO - [2024-06-16 11:07:02,605] {dag.py:2919} INFO - Setting next_dagrun for tutorial_taskflow_api_etl to None, run_after=None
[2024-06-16 11:07:02,642] {processor.py:161} INFO - Processing /home/airflow/.local/lib/python3.7/site-packages/airflow/example_dags/tutorial_taskflow_api_etl.py took 0.715 seconds
[2024-06-16 11:07:33,330] {processor.py:153} INFO - Started process (PID=417) to work on /home/airflow/.local/lib/python3.7/site-packages/airflow/example_dags/tutorial_taskflow_api_etl.py
[2024-06-16 11:07:33,331] {processor.py:641} INFO - Processing file /home/airflow/.local/lib/python3.7/site-packages/airflow/example_dags/tutorial_taskflow_api_etl.py for tasks to queue
[2024-06-16 11:07:33,332] {logging_mixin.py:115} INFO - [2024-06-16 11:07:33,332] {dagbag.py:507} INFO - Filling up the DagBag from /home/airflow/.local/lib/python3.7/site-packages/airflow/example_dags/tutorial_taskflow_api_etl.py
[2024-06-16 11:07:33,352] {processor.py:651} INFO - DAG(s) dict_keys(['tutorial_taskflow_api_etl']) retrieved from /home/airflow/.local/lib/python3.7/site-packages/airflow/example_dags/tutorial_taskflow_api_etl.py
[2024-06-16 11:07:33,579] {logging_mixin.py:115} INFO - [2024-06-16 11:07:33,579] {dag.py:2371} INFO - Sync 1 DAGs
[2024-06-16 11:07:33,617] {logging_mixin.py:115} INFO - [2024-06-16 11:07:33,617] {dag.py:2919} INFO - Setting next_dagrun for tutorial_taskflow_api_etl to None, run_after=None
[2024-06-16 11:07:33,637] {processor.py:161} INFO - Processing /home/airflow/.local/lib/python3.7/site-packages/airflow/example_dags/tutorial_taskflow_api_etl.py took 0.311 seconds
[2024-06-16 11:10:50,800] {processor.py:153} INFO - Started process (PID=76) to work on /home/airflow/.local/lib/python3.7/site-packages/airflow/example_dags/tutorial_taskflow_api_etl.py
[2024-06-16 11:10:50,808] {processor.py:641} INFO - Processing file /home/airflow/.local/lib/python3.7/site-packages/airflow/example_dags/tutorial_taskflow_api_etl.py for tasks to queue
[2024-06-16 11:10:50,827] {logging_mixin.py:115} INFO - [2024-06-16 11:10:50,827] {dagbag.py:507} INFO - Filling up the DagBag from /home/airflow/.local/lib/python3.7/site-packages/airflow/example_dags/tutorial_taskflow_api_etl.py
[2024-06-16 11:10:50,913] {processor.py:651} INFO - DAG(s) dict_keys(['tutorial_taskflow_api_etl']) retrieved from /home/airflow/.local/lib/python3.7/site-packages/airflow/example_dags/tutorial_taskflow_api_etl.py
[2024-06-16 11:10:51,319] {logging_mixin.py:115} INFO - [2024-06-16 11:10:51,319] {dag.py:2371} INFO - Sync 1 DAGs
[2024-06-16 11:10:51,378] {logging_mixin.py:115} INFO - [2024-06-16 11:10:51,378] {dag.py:2919} INFO - Setting next_dagrun for tutorial_taskflow_api_etl to None, run_after=None
[2024-06-16 11:10:51,477] {processor.py:161} INFO - Processing /home/airflow/.local/lib/python3.7/site-packages/airflow/example_dags/tutorial_taskflow_api_etl.py took 0.702 seconds
[2024-06-16 11:11:21,694] {processor.py:153} INFO - Started process (PID=131) to work on /home/airflow/.local/lib/python3.7/site-packages/airflow/example_dags/tutorial_taskflow_api_etl.py
[2024-06-16 11:11:21,695] {processor.py:641} INFO - Processing file /home/airflow/.local/lib/python3.7/site-packages/airflow/example_dags/tutorial_taskflow_api_etl.py for tasks to queue
[2024-06-16 11:11:21,696] {logging_mixin.py:115} INFO - [2024-06-16 11:11:21,695] {dagbag.py:507} INFO - Filling up the DagBag from /home/airflow/.local/lib/python3.7/site-packages/airflow/example_dags/tutorial_taskflow_api_etl.py
[2024-06-16 11:11:21,722] {processor.py:651} INFO - DAG(s) dict_keys(['tutorial_taskflow_api_etl']) retrieved from /home/airflow/.local/lib/python3.7/site-packages/airflow/example_dags/tutorial_taskflow_api_etl.py
[2024-06-16 11:11:21,960] {logging_mixin.py:115} INFO - [2024-06-16 11:11:21,960] {dag.py:2371} INFO - Sync 1 DAGs
[2024-06-16 11:11:21,984] {logging_mixin.py:115} INFO - [2024-06-16 11:11:21,984] {dag.py:2919} INFO - Setting next_dagrun for tutorial_taskflow_api_etl to None, run_after=None
[2024-06-16 11:11:22,002] {processor.py:161} INFO - Processing /home/airflow/.local/lib/python3.7/site-packages/airflow/example_dags/tutorial_taskflow_api_etl.py took 0.312 seconds
[2024-06-16 11:11:52,302] {processor.py:153} INFO - Started process (PID=196) to work on /home/airflow/.local/lib/python3.7/site-packages/airflow/example_dags/tutorial_taskflow_api_etl.py
[2024-06-16 11:11:52,303] {processor.py:641} INFO - Processing file /home/airflow/.local/lib/python3.7/site-packages/airflow/example_dags/tutorial_taskflow_api_etl.py for tasks to queue
[2024-06-16 11:11:52,304] {logging_mixin.py:115} INFO - [2024-06-16 11:11:52,304] {dagbag.py:507} INFO - Filling up the DagBag from /home/airflow/.local/lib/python3.7/site-packages/airflow/example_dags/tutorial_taskflow_api_etl.py
[2024-06-16 11:11:52,325] {processor.py:651} INFO - DAG(s) dict_keys(['tutorial_taskflow_api_etl']) retrieved from /home/airflow/.local/lib/python3.7/site-packages/airflow/example_dags/tutorial_taskflow_api_etl.py
[2024-06-16 11:11:52,526] {logging_mixin.py:115} INFO - [2024-06-16 11:11:52,525] {dag.py:2371} INFO - Sync 1 DAGs
[2024-06-16 11:11:52,546] {logging_mixin.py:115} INFO - [2024-06-16 11:11:52,546] {dag.py:2919} INFO - Setting next_dagrun for tutorial_taskflow_api_etl to None, run_after=None
[2024-06-16 11:11:52,562] {processor.py:161} INFO - Processing /home/airflow/.local/lib/python3.7/site-packages/airflow/example_dags/tutorial_taskflow_api_etl.py took 0.264 seconds
[2024-06-16 11:12:22,808] {processor.py:153} INFO - Started process (PID=250) to work on /home/airflow/.local/lib/python3.7/site-packages/airflow/example_dags/tutorial_taskflow_api_etl.py
[2024-06-16 11:12:22,809] {processor.py:641} INFO - Processing file /home/airflow/.local/lib/python3.7/site-packages/airflow/example_dags/tutorial_taskflow_api_etl.py for tasks to queue
[2024-06-16 11:12:22,810] {logging_mixin.py:115} INFO - [2024-06-16 11:12:22,810] {dagbag.py:507} INFO - Filling up the DagBag from /home/airflow/.local/lib/python3.7/site-packages/airflow/example_dags/tutorial_taskflow_api_etl.py
[2024-06-16 11:12:22,837] {processor.py:651} INFO - DAG(s) dict_keys(['tutorial_taskflow_api_etl']) retrieved from /home/airflow/.local/lib/python3.7/site-packages/airflow/example_dags/tutorial_taskflow_api_etl.py
[2024-06-16 11:12:23,093] {logging_mixin.py:115} INFO - [2024-06-16 11:12:23,093] {dag.py:2371} INFO - Sync 1 DAGs
[2024-06-16 11:12:23,116] {logging_mixin.py:115} INFO - [2024-06-16 11:12:23,115] {dag.py:2919} INFO - Setting next_dagrun for tutorial_taskflow_api_etl to None, run_after=None
[2024-06-16 11:12:23,131] {processor.py:161} INFO - Processing /home/airflow/.local/lib/python3.7/site-packages/airflow/example_dags/tutorial_taskflow_api_etl.py took 0.327 seconds
[2024-06-16 11:16:14,471] {processor.py:153} INFO - Started process (PID=58) to work on /home/airflow/.local/lib/python3.7/site-packages/airflow/example_dags/tutorial_taskflow_api_etl.py
[2024-06-16 11:16:14,476] {processor.py:641} INFO - Processing file /home/airflow/.local/lib/python3.7/site-packages/airflow/example_dags/tutorial_taskflow_api_etl.py for tasks to queue
[2024-06-16 11:16:14,477] {logging_mixin.py:115} INFO - [2024-06-16 11:16:14,477] {dagbag.py:507} INFO - Filling up the DagBag from /home/airflow/.local/lib/python3.7/site-packages/airflow/example_dags/tutorial_taskflow_api_etl.py
[2024-06-16 11:16:14,548] {processor.py:651} INFO - DAG(s) dict_keys(['tutorial_taskflow_api_etl']) retrieved from /home/airflow/.local/lib/python3.7/site-packages/airflow/example_dags/tutorial_taskflow_api_etl.py
[2024-06-16 11:16:15,076] {logging_mixin.py:115} INFO - [2024-06-16 11:16:15,076] {dag.py:2371} INFO - Sync 1 DAGs
[2024-06-16 11:16:15,147] {logging_mixin.py:115} INFO - [2024-06-16 11:16:15,147] {dag.py:2919} INFO - Setting next_dagrun for tutorial_taskflow_api_etl to None, run_after=None
[2024-06-16 11:16:15,290] {processor.py:161} INFO - Processing /home/airflow/.local/lib/python3.7/site-packages/airflow/example_dags/tutorial_taskflow_api_etl.py took 0.826 seconds
[2024-06-16 11:16:45,868] {processor.py:153} INFO - Started process (PID=121) to work on /home/airflow/.local/lib/python3.7/site-packages/airflow/example_dags/tutorial_taskflow_api_etl.py
[2024-06-16 11:16:45,869] {processor.py:641} INFO - Processing file /home/airflow/.local/lib/python3.7/site-packages/airflow/example_dags/tutorial_taskflow_api_etl.py for tasks to queue
[2024-06-16 11:16:45,871] {logging_mixin.py:115} INFO - [2024-06-16 11:16:45,871] {dagbag.py:507} INFO - Filling up the DagBag from /home/airflow/.local/lib/python3.7/site-packages/airflow/example_dags/tutorial_taskflow_api_etl.py
[2024-06-16 11:16:45,892] {processor.py:651} INFO - DAG(s) dict_keys(['tutorial_taskflow_api_etl']) retrieved from /home/airflow/.local/lib/python3.7/site-packages/airflow/example_dags/tutorial_taskflow_api_etl.py
[2024-06-16 11:16:46,156] {logging_mixin.py:115} INFO - [2024-06-16 11:16:46,156] {dag.py:2371} INFO - Sync 1 DAGs
[2024-06-16 11:16:46,179] {logging_mixin.py:115} INFO - [2024-06-16 11:16:46,179] {dag.py:2919} INFO - Setting next_dagrun for tutorial_taskflow_api_etl to None, run_after=None
[2024-06-16 11:16:46,195] {processor.py:161} INFO - Processing /home/airflow/.local/lib/python3.7/site-packages/airflow/example_dags/tutorial_taskflow_api_etl.py took 0.331 seconds
[2024-06-16 11:17:16,475] {processor.py:153} INFO - Started process (PID=176) to work on /home/airflow/.local/lib/python3.7/site-packages/airflow/example_dags/tutorial_taskflow_api_etl.py
[2024-06-16 11:17:16,476] {processor.py:641} INFO - Processing file /home/airflow/.local/lib/python3.7/site-packages/airflow/example_dags/tutorial_taskflow_api_etl.py for tasks to queue
[2024-06-16 11:17:16,477] {logging_mixin.py:115} INFO - [2024-06-16 11:17:16,477] {dagbag.py:507} INFO - Filling up the DagBag from /home/airflow/.local/lib/python3.7/site-packages/airflow/example_dags/tutorial_taskflow_api_etl.py
[2024-06-16 11:17:16,498] {processor.py:651} INFO - DAG(s) dict_keys(['tutorial_taskflow_api_etl']) retrieved from /home/airflow/.local/lib/python3.7/site-packages/airflow/example_dags/tutorial_taskflow_api_etl.py
[2024-06-16 11:17:16,700] {logging_mixin.py:115} INFO - [2024-06-16 11:17:16,700] {dag.py:2371} INFO - Sync 1 DAGs
[2024-06-16 11:17:16,721] {logging_mixin.py:115} INFO - [2024-06-16 11:17:16,721] {dag.py:2919} INFO - Setting next_dagrun for tutorial_taskflow_api_etl to None, run_after=None
[2024-06-16 11:17:16,741] {processor.py:161} INFO - Processing /home/airflow/.local/lib/python3.7/site-packages/airflow/example_dags/tutorial_taskflow_api_etl.py took 0.269 seconds
[2024-06-16 11:17:47,151] {processor.py:153} INFO - Started process (PID=238) to work on /home/airflow/.local/lib/python3.7/site-packages/airflow/example_dags/tutorial_taskflow_api_etl.py
[2024-06-16 11:17:47,152] {processor.py:641} INFO - Processing file /home/airflow/.local/lib/python3.7/site-packages/airflow/example_dags/tutorial_taskflow_api_etl.py for tasks to queue
[2024-06-16 11:17:47,153] {logging_mixin.py:115} INFO - [2024-06-16 11:17:47,153] {dagbag.py:507} INFO - Filling up the DagBag from /home/airflow/.local/lib/python3.7/site-packages/airflow/example_dags/tutorial_taskflow_api_etl.py
[2024-06-16 11:17:47,178] {processor.py:651} INFO - DAG(s) dict_keys(['tutorial_taskflow_api_etl']) retrieved from /home/airflow/.local/lib/python3.7/site-packages/airflow/example_dags/tutorial_taskflow_api_etl.py
[2024-06-16 11:17:47,422] {logging_mixin.py:115} INFO - [2024-06-16 11:17:47,422] {dag.py:2371} INFO - Sync 1 DAGs
[2024-06-16 11:17:47,445] {logging_mixin.py:115} INFO - [2024-06-16 11:17:47,445] {dag.py:2919} INFO - Setting next_dagrun for tutorial_taskflow_api_etl to None, run_after=None
[2024-06-16 11:17:47,518] {processor.py:161} INFO - Processing /home/airflow/.local/lib/python3.7/site-packages/airflow/example_dags/tutorial_taskflow_api_etl.py took 0.372 seconds
[2024-06-16 11:18:17,636] {processor.py:153} INFO - Started process (PID=300) to work on /home/airflow/.local/lib/python3.7/site-packages/airflow/example_dags/tutorial_taskflow_api_etl.py
[2024-06-16 11:18:17,637] {processor.py:641} INFO - Processing file /home/airflow/.local/lib/python3.7/site-packages/airflow/example_dags/tutorial_taskflow_api_etl.py for tasks to queue
[2024-06-16 11:18:17,638] {logging_mixin.py:115} INFO - [2024-06-16 11:18:17,638] {dagbag.py:507} INFO - Filling up the DagBag from /home/airflow/.local/lib/python3.7/site-packages/airflow/example_dags/tutorial_taskflow_api_etl.py
[2024-06-16 11:18:17,655] {processor.py:651} INFO - DAG(s) dict_keys(['tutorial_taskflow_api_etl']) retrieved from /home/airflow/.local/lib/python3.7/site-packages/airflow/example_dags/tutorial_taskflow_api_etl.py
[2024-06-16 11:18:17,862] {logging_mixin.py:115} INFO - [2024-06-16 11:18:17,862] {dag.py:2371} INFO - Sync 1 DAGs
[2024-06-16 11:18:17,888] {logging_mixin.py:115} INFO - [2024-06-16 11:18:17,887] {dag.py:2919} INFO - Setting next_dagrun for tutorial_taskflow_api_etl to None, run_after=None
[2024-06-16 11:18:17,953] {processor.py:161} INFO - Processing /home/airflow/.local/lib/python3.7/site-packages/airflow/example_dags/tutorial_taskflow_api_etl.py took 0.324 seconds
[2024-06-16 11:18:48,500] {processor.py:153} INFO - Started process (PID=354) to work on /home/airflow/.local/lib/python3.7/site-packages/airflow/example_dags/tutorial_taskflow_api_etl.py
[2024-06-16 11:18:48,500] {processor.py:641} INFO - Processing file /home/airflow/.local/lib/python3.7/site-packages/airflow/example_dags/tutorial_taskflow_api_etl.py for tasks to queue
[2024-06-16 11:18:48,501] {logging_mixin.py:115} INFO - [2024-06-16 11:18:48,501] {dagbag.py:507} INFO - Filling up the DagBag from /home/airflow/.local/lib/python3.7/site-packages/airflow/example_dags/tutorial_taskflow_api_etl.py
[2024-06-16 11:18:48,525] {processor.py:651} INFO - DAG(s) dict_keys(['tutorial_taskflow_api_etl']) retrieved from /home/airflow/.local/lib/python3.7/site-packages/airflow/example_dags/tutorial_taskflow_api_etl.py
[2024-06-16 11:18:48,820] {logging_mixin.py:115} INFO - [2024-06-16 11:18:48,820] {dag.py:2371} INFO - Sync 1 DAGs
[2024-06-16 11:18:48,846] {logging_mixin.py:115} INFO - [2024-06-16 11:18:48,846] {dag.py:2919} INFO - Setting next_dagrun for tutorial_taskflow_api_etl to None, run_after=None
[2024-06-16 11:18:48,868] {processor.py:161} INFO - Processing /home/airflow/.local/lib/python3.7/site-packages/airflow/example_dags/tutorial_taskflow_api_etl.py took 0.372 seconds
[2024-06-16 11:19:19,989] {processor.py:153} INFO - Started process (PID=417) to work on /home/airflow/.local/lib/python3.7/site-packages/airflow/example_dags/tutorial_taskflow_api_etl.py
[2024-06-16 11:19:19,991] {processor.py:641} INFO - Processing file /home/airflow/.local/lib/python3.7/site-packages/airflow/example_dags/tutorial_taskflow_api_etl.py for tasks to queue
[2024-06-16 11:19:19,992] {logging_mixin.py:115} INFO - [2024-06-16 11:19:19,992] {dagbag.py:507} INFO - Filling up the DagBag from /home/airflow/.local/lib/python3.7/site-packages/airflow/example_dags/tutorial_taskflow_api_etl.py
[2024-06-16 11:19:20,014] {processor.py:651} INFO - DAG(s) dict_keys(['tutorial_taskflow_api_etl']) retrieved from /home/airflow/.local/lib/python3.7/site-packages/airflow/example_dags/tutorial_taskflow_api_etl.py
[2024-06-16 11:19:20,278] {logging_mixin.py:115} INFO - [2024-06-16 11:19:20,278] {dag.py:2371} INFO - Sync 1 DAGs
[2024-06-16 11:19:20,305] {logging_mixin.py:115} INFO - [2024-06-16 11:19:20,305] {dag.py:2919} INFO - Setting next_dagrun for tutorial_taskflow_api_etl to None, run_after=None
[2024-06-16 11:19:20,326] {processor.py:161} INFO - Processing /home/airflow/.local/lib/python3.7/site-packages/airflow/example_dags/tutorial_taskflow_api_etl.py took 0.340 seconds
[2024-06-16 11:19:50,581] {processor.py:153} INFO - Started process (PID=480) to work on /home/airflow/.local/lib/python3.7/site-packages/airflow/example_dags/tutorial_taskflow_api_etl.py
[2024-06-16 11:19:50,582] {processor.py:641} INFO - Processing file /home/airflow/.local/lib/python3.7/site-packages/airflow/example_dags/tutorial_taskflow_api_etl.py for tasks to queue
[2024-06-16 11:19:50,583] {logging_mixin.py:115} INFO - [2024-06-16 11:19:50,583] {dagbag.py:507} INFO - Filling up the DagBag from /home/airflow/.local/lib/python3.7/site-packages/airflow/example_dags/tutorial_taskflow_api_etl.py
[2024-06-16 11:19:50,603] {processor.py:651} INFO - DAG(s) dict_keys(['tutorial_taskflow_api_etl']) retrieved from /home/airflow/.local/lib/python3.7/site-packages/airflow/example_dags/tutorial_taskflow_api_etl.py
[2024-06-16 11:19:50,888] {logging_mixin.py:115} INFO - [2024-06-16 11:19:50,888] {dag.py:2371} INFO - Sync 1 DAGs
[2024-06-16 11:19:50,911] {logging_mixin.py:115} INFO - [2024-06-16 11:19:50,911] {dag.py:2919} INFO - Setting next_dagrun for tutorial_taskflow_api_etl to None, run_after=None
[2024-06-16 11:19:50,929] {processor.py:161} INFO - Processing /home/airflow/.local/lib/python3.7/site-packages/airflow/example_dags/tutorial_taskflow_api_etl.py took 0.352 seconds
[2024-06-16 11:20:21,734] {processor.py:153} INFO - Started process (PID=534) to work on /home/airflow/.local/lib/python3.7/site-packages/airflow/example_dags/tutorial_taskflow_api_etl.py
[2024-06-16 11:20:21,735] {processor.py:641} INFO - Processing file /home/airflow/.local/lib/python3.7/site-packages/airflow/example_dags/tutorial_taskflow_api_etl.py for tasks to queue
[2024-06-16 11:20:21,737] {logging_mixin.py:115} INFO - [2024-06-16 11:20:21,737] {dagbag.py:507} INFO - Filling up the DagBag from /home/airflow/.local/lib/python3.7/site-packages/airflow/example_dags/tutorial_taskflow_api_etl.py
[2024-06-16 11:20:21,759] {processor.py:651} INFO - DAG(s) dict_keys(['tutorial_taskflow_api_etl']) retrieved from /home/airflow/.local/lib/python3.7/site-packages/airflow/example_dags/tutorial_taskflow_api_etl.py
[2024-06-16 11:20:22,050] {logging_mixin.py:115} INFO - [2024-06-16 11:20:22,050] {dag.py:2371} INFO - Sync 1 DAGs
[2024-06-16 11:20:22,070] {logging_mixin.py:115} INFO - [2024-06-16 11:20:22,070] {dag.py:2919} INFO - Setting next_dagrun for tutorial_taskflow_api_etl to None, run_after=None
[2024-06-16 11:20:22,095] {processor.py:161} INFO - Processing /home/airflow/.local/lib/python3.7/site-packages/airflow/example_dags/tutorial_taskflow_api_etl.py took 0.365 seconds
[2024-06-16 11:20:52,580] {processor.py:153} INFO - Started process (PID=599) to work on /home/airflow/.local/lib/python3.7/site-packages/airflow/example_dags/tutorial_taskflow_api_etl.py
[2024-06-16 11:20:52,581] {processor.py:641} INFO - Processing file /home/airflow/.local/lib/python3.7/site-packages/airflow/example_dags/tutorial_taskflow_api_etl.py for tasks to queue
[2024-06-16 11:20:52,582] {logging_mixin.py:115} INFO - [2024-06-16 11:20:52,582] {dagbag.py:507} INFO - Filling up the DagBag from /home/airflow/.local/lib/python3.7/site-packages/airflow/example_dags/tutorial_taskflow_api_etl.py
[2024-06-16 11:20:52,602] {processor.py:651} INFO - DAG(s) dict_keys(['tutorial_taskflow_api_etl']) retrieved from /home/airflow/.local/lib/python3.7/site-packages/airflow/example_dags/tutorial_taskflow_api_etl.py
[2024-06-16 11:20:52,823] {logging_mixin.py:115} INFO - [2024-06-16 11:20:52,823] {dag.py:2371} INFO - Sync 1 DAGs
[2024-06-16 11:20:52,846] {logging_mixin.py:115} INFO - [2024-06-16 11:20:52,846] {dag.py:2919} INFO - Setting next_dagrun for tutorial_taskflow_api_etl to None, run_after=None
[2024-06-16 11:20:52,863] {processor.py:161} INFO - Processing /home/airflow/.local/lib/python3.7/site-packages/airflow/example_dags/tutorial_taskflow_api_etl.py took 0.286 seconds
[2024-06-16 11:21:22,976] {processor.py:153} INFO - Started process (PID=653) to work on /home/airflow/.local/lib/python3.7/site-packages/airflow/example_dags/tutorial_taskflow_api_etl.py
[2024-06-16 11:21:22,977] {processor.py:641} INFO - Processing file /home/airflow/.local/lib/python3.7/site-packages/airflow/example_dags/tutorial_taskflow_api_etl.py for tasks to queue
[2024-06-16 11:21:22,978] {logging_mixin.py:115} INFO - [2024-06-16 11:21:22,978] {dagbag.py:507} INFO - Filling up the DagBag from /home/airflow/.local/lib/python3.7/site-packages/airflow/example_dags/tutorial_taskflow_api_etl.py
[2024-06-16 11:21:23,009] {processor.py:651} INFO - DAG(s) dict_keys(['tutorial_taskflow_api_etl']) retrieved from /home/airflow/.local/lib/python3.7/site-packages/airflow/example_dags/tutorial_taskflow_api_etl.py
[2024-06-16 11:21:23,270] {logging_mixin.py:115} INFO - [2024-06-16 11:21:23,270] {dag.py:2371} INFO - Sync 1 DAGs
[2024-06-16 11:21:23,293] {logging_mixin.py:115} INFO - [2024-06-16 11:21:23,293] {dag.py:2919} INFO - Setting next_dagrun for tutorial_taskflow_api_etl to None, run_after=None
[2024-06-16 11:21:23,313] {processor.py:161} INFO - Processing /home/airflow/.local/lib/python3.7/site-packages/airflow/example_dags/tutorial_taskflow_api_etl.py took 0.341 seconds
