[2024-06-16 10:06:42,573] {processor.py:153} INFO - Started process (PID=55) to work on /home/airflow/.local/lib/python3.7/site-packages/airflow/example_dags/tutorial_etl_dag.py
[2024-06-16 10:06:42,574] {processor.py:641} INFO - Processing file /home/airflow/.local/lib/python3.7/site-packages/airflow/example_dags/tutorial_etl_dag.py for tasks to queue
[2024-06-16 10:06:42,575] {logging_mixin.py:115} INFO - [2024-06-16 10:06:42,574] {dagbag.py:507} INFO - Filling up the DagBag from /home/airflow/.local/lib/python3.7/site-packages/airflow/example_dags/tutorial_etl_dag.py
[2024-06-16 10:06:42,583] {processor.py:651} INFO - DAG(s) dict_keys(['tutorial_etl_dag']) retrieved from /home/airflow/.local/lib/python3.7/site-packages/airflow/example_dags/tutorial_etl_dag.py
[2024-06-16 10:06:42,618] {logging_mixin.py:115} INFO - [2024-06-16 10:06:42,618] {dag.py:2371} INFO - Sync 1 DAGs
[2024-06-16 10:06:42,786] {logging_mixin.py:115} INFO - [2024-06-16 10:06:42,786] {dag.py:2919} INFO - Setting next_dagrun for tutorial_etl_dag to None, run_after=None
[2024-06-16 10:06:42,806] {processor.py:161} INFO - Processing /home/airflow/.local/lib/python3.7/site-packages/airflow/example_dags/tutorial_etl_dag.py took 0.236 seconds
[2024-06-16 10:07:14,982] {processor.py:153} INFO - Started process (PID=118) to work on /home/airflow/.local/lib/python3.7/site-packages/airflow/example_dags/tutorial_etl_dag.py
[2024-06-16 10:07:14,983] {processor.py:641} INFO - Processing file /home/airflow/.local/lib/python3.7/site-packages/airflow/example_dags/tutorial_etl_dag.py for tasks to queue
[2024-06-16 10:07:14,984] {logging_mixin.py:115} INFO - [2024-06-16 10:07:14,983] {dagbag.py:507} INFO - Filling up the DagBag from /home/airflow/.local/lib/python3.7/site-packages/airflow/example_dags/tutorial_etl_dag.py
[2024-06-16 10:07:14,991] {processor.py:651} INFO - DAG(s) dict_keys(['tutorial_etl_dag']) retrieved from /home/airflow/.local/lib/python3.7/site-packages/airflow/example_dags/tutorial_etl_dag.py
[2024-06-16 10:07:15,019] {logging_mixin.py:115} INFO - [2024-06-16 10:07:15,019] {dag.py:2371} INFO - Sync 1 DAGs
[2024-06-16 10:07:15,207] {logging_mixin.py:115} INFO - [2024-06-16 10:07:15,207] {dag.py:2919} INFO - Setting next_dagrun for tutorial_etl_dag to None, run_after=None
[2024-06-16 10:07:15,238] {processor.py:161} INFO - Processing /home/airflow/.local/lib/python3.7/site-packages/airflow/example_dags/tutorial_etl_dag.py took 0.260 seconds
[2024-06-16 10:07:45,398] {processor.py:153} INFO - Started process (PID=173) to work on /home/airflow/.local/lib/python3.7/site-packages/airflow/example_dags/tutorial_etl_dag.py
[2024-06-16 10:07:45,398] {processor.py:641} INFO - Processing file /home/airflow/.local/lib/python3.7/site-packages/airflow/example_dags/tutorial_etl_dag.py for tasks to queue
[2024-06-16 10:07:45,399] {logging_mixin.py:115} INFO - [2024-06-16 10:07:45,399] {dagbag.py:507} INFO - Filling up the DagBag from /home/airflow/.local/lib/python3.7/site-packages/airflow/example_dags/tutorial_etl_dag.py
[2024-06-16 10:07:45,407] {processor.py:651} INFO - DAG(s) dict_keys(['tutorial_etl_dag']) retrieved from /home/airflow/.local/lib/python3.7/site-packages/airflow/example_dags/tutorial_etl_dag.py
[2024-06-16 10:07:45,434] {logging_mixin.py:115} INFO - [2024-06-16 10:07:45,433] {dag.py:2371} INFO - Sync 1 DAGs
[2024-06-16 10:07:45,572] {logging_mixin.py:115} INFO - [2024-06-16 10:07:45,572] {dag.py:2919} INFO - Setting next_dagrun for tutorial_etl_dag to None, run_after=None
[2024-06-16 10:07:45,588] {processor.py:161} INFO - Processing /home/airflow/.local/lib/python3.7/site-packages/airflow/example_dags/tutorial_etl_dag.py took 0.194 seconds
[2024-06-16 10:08:16,051] {processor.py:153} INFO - Started process (PID=236) to work on /home/airflow/.local/lib/python3.7/site-packages/airflow/example_dags/tutorial_etl_dag.py
[2024-06-16 10:08:16,052] {processor.py:641} INFO - Processing file /home/airflow/.local/lib/python3.7/site-packages/airflow/example_dags/tutorial_etl_dag.py for tasks to queue
[2024-06-16 10:08:16,053] {logging_mixin.py:115} INFO - [2024-06-16 10:08:16,053] {dagbag.py:507} INFO - Filling up the DagBag from /home/airflow/.local/lib/python3.7/site-packages/airflow/example_dags/tutorial_etl_dag.py
[2024-06-16 10:08:16,061] {processor.py:651} INFO - DAG(s) dict_keys(['tutorial_etl_dag']) retrieved from /home/airflow/.local/lib/python3.7/site-packages/airflow/example_dags/tutorial_etl_dag.py
[2024-06-16 10:08:16,088] {logging_mixin.py:115} INFO - [2024-06-16 10:08:16,088] {dag.py:2371} INFO - Sync 1 DAGs
[2024-06-16 10:08:16,238] {logging_mixin.py:115} INFO - [2024-06-16 10:08:16,237] {dag.py:2919} INFO - Setting next_dagrun for tutorial_etl_dag to None, run_after=None
[2024-06-16 10:08:16,264] {processor.py:161} INFO - Processing /home/airflow/.local/lib/python3.7/site-packages/airflow/example_dags/tutorial_etl_dag.py took 0.216 seconds
[2024-06-16 10:08:46,914] {processor.py:153} INFO - Started process (PID=298) to work on /home/airflow/.local/lib/python3.7/site-packages/airflow/example_dags/tutorial_etl_dag.py
[2024-06-16 10:08:46,915] {processor.py:641} INFO - Processing file /home/airflow/.local/lib/python3.7/site-packages/airflow/example_dags/tutorial_etl_dag.py for tasks to queue
[2024-06-16 10:08:46,915] {logging_mixin.py:115} INFO - [2024-06-16 10:08:46,915] {dagbag.py:507} INFO - Filling up the DagBag from /home/airflow/.local/lib/python3.7/site-packages/airflow/example_dags/tutorial_etl_dag.py
[2024-06-16 10:08:46,924] {processor.py:651} INFO - DAG(s) dict_keys(['tutorial_etl_dag']) retrieved from /home/airflow/.local/lib/python3.7/site-packages/airflow/example_dags/tutorial_etl_dag.py
[2024-06-16 10:08:46,958] {logging_mixin.py:115} INFO - [2024-06-16 10:08:46,957] {dag.py:2371} INFO - Sync 1 DAGs
[2024-06-16 10:08:47,176] {logging_mixin.py:115} INFO - [2024-06-16 10:08:47,176] {dag.py:2919} INFO - Setting next_dagrun for tutorial_etl_dag to None, run_after=None
[2024-06-16 10:08:47,191] {processor.py:161} INFO - Processing /home/airflow/.local/lib/python3.7/site-packages/airflow/example_dags/tutorial_etl_dag.py took 0.280 seconds
[2024-06-16 10:09:17,414] {processor.py:153} INFO - Started process (PID=353) to work on /home/airflow/.local/lib/python3.7/site-packages/airflow/example_dags/tutorial_etl_dag.py
[2024-06-16 10:09:17,414] {processor.py:641} INFO - Processing file /home/airflow/.local/lib/python3.7/site-packages/airflow/example_dags/tutorial_etl_dag.py for tasks to queue
[2024-06-16 10:09:17,415] {logging_mixin.py:115} INFO - [2024-06-16 10:09:17,415] {dagbag.py:507} INFO - Filling up the DagBag from /home/airflow/.local/lib/python3.7/site-packages/airflow/example_dags/tutorial_etl_dag.py
[2024-06-16 10:09:17,423] {processor.py:651} INFO - DAG(s) dict_keys(['tutorial_etl_dag']) retrieved from /home/airflow/.local/lib/python3.7/site-packages/airflow/example_dags/tutorial_etl_dag.py
[2024-06-16 10:09:17,450] {logging_mixin.py:115} INFO - [2024-06-16 10:09:17,450] {dag.py:2371} INFO - Sync 1 DAGs
[2024-06-16 10:09:17,595] {logging_mixin.py:115} INFO - [2024-06-16 10:09:17,595] {dag.py:2919} INFO - Setting next_dagrun for tutorial_etl_dag to None, run_after=None
[2024-06-16 10:09:17,610] {processor.py:161} INFO - Processing /home/airflow/.local/lib/python3.7/site-packages/airflow/example_dags/tutorial_etl_dag.py took 0.200 seconds
[2024-06-16 10:09:47,914] {processor.py:153} INFO - Started process (PID=417) to work on /home/airflow/.local/lib/python3.7/site-packages/airflow/example_dags/tutorial_etl_dag.py
[2024-06-16 10:09:47,915] {processor.py:641} INFO - Processing file /home/airflow/.local/lib/python3.7/site-packages/airflow/example_dags/tutorial_etl_dag.py for tasks to queue
[2024-06-16 10:09:47,916] {logging_mixin.py:115} INFO - [2024-06-16 10:09:47,916] {dagbag.py:507} INFO - Filling up the DagBag from /home/airflow/.local/lib/python3.7/site-packages/airflow/example_dags/tutorial_etl_dag.py
[2024-06-16 10:09:47,927] {processor.py:651} INFO - DAG(s) dict_keys(['tutorial_etl_dag']) retrieved from /home/airflow/.local/lib/python3.7/site-packages/airflow/example_dags/tutorial_etl_dag.py
[2024-06-16 10:09:47,972] {logging_mixin.py:115} INFO - [2024-06-16 10:09:47,972] {dag.py:2371} INFO - Sync 1 DAGs
[2024-06-16 10:09:48,135] {logging_mixin.py:115} INFO - [2024-06-16 10:09:48,134] {dag.py:2919} INFO - Setting next_dagrun for tutorial_etl_dag to None, run_after=None
[2024-06-16 10:09:48,147] {processor.py:161} INFO - Processing /home/airflow/.local/lib/python3.7/site-packages/airflow/example_dags/tutorial_etl_dag.py took 0.237 seconds
[2024-06-16 10:10:18,639] {processor.py:153} INFO - Started process (PID=481) to work on /home/airflow/.local/lib/python3.7/site-packages/airflow/example_dags/tutorial_etl_dag.py
[2024-06-16 10:10:18,640] {processor.py:641} INFO - Processing file /home/airflow/.local/lib/python3.7/site-packages/airflow/example_dags/tutorial_etl_dag.py for tasks to queue
[2024-06-16 10:10:18,641] {logging_mixin.py:115} INFO - [2024-06-16 10:10:18,641] {dagbag.py:507} INFO - Filling up the DagBag from /home/airflow/.local/lib/python3.7/site-packages/airflow/example_dags/tutorial_etl_dag.py
[2024-06-16 10:10:18,661] {processor.py:651} INFO - DAG(s) dict_keys(['tutorial_etl_dag']) retrieved from /home/airflow/.local/lib/python3.7/site-packages/airflow/example_dags/tutorial_etl_dag.py
[2024-06-16 10:10:18,694] {logging_mixin.py:115} INFO - [2024-06-16 10:10:18,693] {dag.py:2371} INFO - Sync 1 DAGs
[2024-06-16 10:10:18,841] {logging_mixin.py:115} INFO - [2024-06-16 10:10:18,841] {dag.py:2919} INFO - Setting next_dagrun for tutorial_etl_dag to None, run_after=None
[2024-06-16 10:10:18,860] {processor.py:161} INFO - Processing /home/airflow/.local/lib/python3.7/site-packages/airflow/example_dags/tutorial_etl_dag.py took 0.225 seconds
[2024-06-16 10:10:49,772] {processor.py:153} INFO - Started process (PID=535) to work on /home/airflow/.local/lib/python3.7/site-packages/airflow/example_dags/tutorial_etl_dag.py
[2024-06-16 10:10:49,773] {processor.py:641} INFO - Processing file /home/airflow/.local/lib/python3.7/site-packages/airflow/example_dags/tutorial_etl_dag.py for tasks to queue
[2024-06-16 10:10:49,774] {logging_mixin.py:115} INFO - [2024-06-16 10:10:49,774] {dagbag.py:507} INFO - Filling up the DagBag from /home/airflow/.local/lib/python3.7/site-packages/airflow/example_dags/tutorial_etl_dag.py
[2024-06-16 10:10:49,784] {processor.py:651} INFO - DAG(s) dict_keys(['tutorial_etl_dag']) retrieved from /home/airflow/.local/lib/python3.7/site-packages/airflow/example_dags/tutorial_etl_dag.py
[2024-06-16 10:10:49,847] {logging_mixin.py:115} INFO - [2024-06-16 10:10:49,847] {dag.py:2371} INFO - Sync 1 DAGs
[2024-06-16 10:10:50,058] {logging_mixin.py:115} INFO - [2024-06-16 10:10:50,058] {dag.py:2919} INFO - Setting next_dagrun for tutorial_etl_dag to None, run_after=None
[2024-06-16 10:10:50,072] {processor.py:161} INFO - Processing /home/airflow/.local/lib/python3.7/site-packages/airflow/example_dags/tutorial_etl_dag.py took 0.303 seconds
[2024-06-16 10:11:20,920] {processor.py:153} INFO - Started process (PID=598) to work on /home/airflow/.local/lib/python3.7/site-packages/airflow/example_dags/tutorial_etl_dag.py
[2024-06-16 10:11:20,920] {processor.py:641} INFO - Processing file /home/airflow/.local/lib/python3.7/site-packages/airflow/example_dags/tutorial_etl_dag.py for tasks to queue
[2024-06-16 10:11:20,921] {logging_mixin.py:115} INFO - [2024-06-16 10:11:20,921] {dagbag.py:507} INFO - Filling up the DagBag from /home/airflow/.local/lib/python3.7/site-packages/airflow/example_dags/tutorial_etl_dag.py
[2024-06-16 10:11:20,930] {processor.py:651} INFO - DAG(s) dict_keys(['tutorial_etl_dag']) retrieved from /home/airflow/.local/lib/python3.7/site-packages/airflow/example_dags/tutorial_etl_dag.py
[2024-06-16 10:11:20,959] {logging_mixin.py:115} INFO - [2024-06-16 10:11:20,959] {dag.py:2371} INFO - Sync 1 DAGs
[2024-06-16 10:11:21,101] {logging_mixin.py:115} INFO - [2024-06-16 10:11:21,101] {dag.py:2919} INFO - Setting next_dagrun for tutorial_etl_dag to None, run_after=None
[2024-06-16 10:11:21,114] {processor.py:161} INFO - Processing /home/airflow/.local/lib/python3.7/site-packages/airflow/example_dags/tutorial_etl_dag.py took 0.198 seconds
[2024-06-16 10:11:51,548] {processor.py:153} INFO - Started process (PID=661) to work on /home/airflow/.local/lib/python3.7/site-packages/airflow/example_dags/tutorial_etl_dag.py
[2024-06-16 10:11:51,549] {processor.py:641} INFO - Processing file /home/airflow/.local/lib/python3.7/site-packages/airflow/example_dags/tutorial_etl_dag.py for tasks to queue
[2024-06-16 10:11:51,550] {logging_mixin.py:115} INFO - [2024-06-16 10:11:51,550] {dagbag.py:507} INFO - Filling up the DagBag from /home/airflow/.local/lib/python3.7/site-packages/airflow/example_dags/tutorial_etl_dag.py
[2024-06-16 10:11:51,558] {processor.py:651} INFO - DAG(s) dict_keys(['tutorial_etl_dag']) retrieved from /home/airflow/.local/lib/python3.7/site-packages/airflow/example_dags/tutorial_etl_dag.py
[2024-06-16 10:11:51,592] {logging_mixin.py:115} INFO - [2024-06-16 10:11:51,592] {dag.py:2371} INFO - Sync 1 DAGs
[2024-06-16 10:11:51,740] {logging_mixin.py:115} INFO - [2024-06-16 10:11:51,740] {dag.py:2919} INFO - Setting next_dagrun for tutorial_etl_dag to None, run_after=None
[2024-06-16 10:11:51,757] {processor.py:161} INFO - Processing /home/airflow/.local/lib/python3.7/site-packages/airflow/example_dags/tutorial_etl_dag.py took 0.212 seconds
[2024-06-16 10:12:22,617] {processor.py:153} INFO - Started process (PID=714) to work on /home/airflow/.local/lib/python3.7/site-packages/airflow/example_dags/tutorial_etl_dag.py
[2024-06-16 10:12:22,618] {processor.py:641} INFO - Processing file /home/airflow/.local/lib/python3.7/site-packages/airflow/example_dags/tutorial_etl_dag.py for tasks to queue
[2024-06-16 10:12:22,619] {logging_mixin.py:115} INFO - [2024-06-16 10:12:22,619] {dagbag.py:507} INFO - Filling up the DagBag from /home/airflow/.local/lib/python3.7/site-packages/airflow/example_dags/tutorial_etl_dag.py
[2024-06-16 10:12:22,627] {processor.py:651} INFO - DAG(s) dict_keys(['tutorial_etl_dag']) retrieved from /home/airflow/.local/lib/python3.7/site-packages/airflow/example_dags/tutorial_etl_dag.py
[2024-06-16 10:12:22,657] {logging_mixin.py:115} INFO - [2024-06-16 10:12:22,657] {dag.py:2371} INFO - Sync 1 DAGs
[2024-06-16 10:12:22,827] {logging_mixin.py:115} INFO - [2024-06-16 10:12:22,827] {dag.py:2919} INFO - Setting next_dagrun for tutorial_etl_dag to None, run_after=None
[2024-06-16 10:12:22,843] {processor.py:161} INFO - Processing /home/airflow/.local/lib/python3.7/site-packages/airflow/example_dags/tutorial_etl_dag.py took 0.229 seconds
[2024-06-16 10:12:53,090] {processor.py:153} INFO - Started process (PID=776) to work on /home/airflow/.local/lib/python3.7/site-packages/airflow/example_dags/tutorial_etl_dag.py
[2024-06-16 10:12:53,091] {processor.py:641} INFO - Processing file /home/airflow/.local/lib/python3.7/site-packages/airflow/example_dags/tutorial_etl_dag.py for tasks to queue
[2024-06-16 10:12:53,091] {logging_mixin.py:115} INFO - [2024-06-16 10:12:53,091] {dagbag.py:507} INFO - Filling up the DagBag from /home/airflow/.local/lib/python3.7/site-packages/airflow/example_dags/tutorial_etl_dag.py
[2024-06-16 10:12:53,099] {processor.py:651} INFO - DAG(s) dict_keys(['tutorial_etl_dag']) retrieved from /home/airflow/.local/lib/python3.7/site-packages/airflow/example_dags/tutorial_etl_dag.py
[2024-06-16 10:12:53,131] {logging_mixin.py:115} INFO - [2024-06-16 10:12:53,131] {dag.py:2371} INFO - Sync 1 DAGs
[2024-06-16 10:12:53,276] {logging_mixin.py:115} INFO - [2024-06-16 10:12:53,275] {dag.py:2919} INFO - Setting next_dagrun for tutorial_etl_dag to None, run_after=None
[2024-06-16 10:12:53,288] {processor.py:161} INFO - Processing /home/airflow/.local/lib/python3.7/site-packages/airflow/example_dags/tutorial_etl_dag.py took 0.202 seconds
[2024-06-16 10:13:23,450] {processor.py:153} INFO - Started process (PID=830) to work on /home/airflow/.local/lib/python3.7/site-packages/airflow/example_dags/tutorial_etl_dag.py
[2024-06-16 10:13:23,451] {processor.py:641} INFO - Processing file /home/airflow/.local/lib/python3.7/site-packages/airflow/example_dags/tutorial_etl_dag.py for tasks to queue
[2024-06-16 10:13:23,452] {logging_mixin.py:115} INFO - [2024-06-16 10:13:23,452] {dagbag.py:507} INFO - Filling up the DagBag from /home/airflow/.local/lib/python3.7/site-packages/airflow/example_dags/tutorial_etl_dag.py
[2024-06-16 10:13:23,460] {processor.py:651} INFO - DAG(s) dict_keys(['tutorial_etl_dag']) retrieved from /home/airflow/.local/lib/python3.7/site-packages/airflow/example_dags/tutorial_etl_dag.py
[2024-06-16 10:13:23,494] {logging_mixin.py:115} INFO - [2024-06-16 10:13:23,494] {dag.py:2371} INFO - Sync 1 DAGs
[2024-06-16 10:13:23,735] {logging_mixin.py:115} INFO - [2024-06-16 10:13:23,735] {dag.py:2919} INFO - Setting next_dagrun for tutorial_etl_dag to None, run_after=None
[2024-06-16 10:13:23,779] {processor.py:161} INFO - Processing /home/airflow/.local/lib/python3.7/site-packages/airflow/example_dags/tutorial_etl_dag.py took 0.332 seconds
[2024-06-16 10:13:54,640] {processor.py:153} INFO - Started process (PID=893) to work on /home/airflow/.local/lib/python3.7/site-packages/airflow/example_dags/tutorial_etl_dag.py
[2024-06-16 10:13:54,641] {processor.py:641} INFO - Processing file /home/airflow/.local/lib/python3.7/site-packages/airflow/example_dags/tutorial_etl_dag.py for tasks to queue
[2024-06-16 10:13:54,642] {logging_mixin.py:115} INFO - [2024-06-16 10:13:54,642] {dagbag.py:507} INFO - Filling up the DagBag from /home/airflow/.local/lib/python3.7/site-packages/airflow/example_dags/tutorial_etl_dag.py
[2024-06-16 10:13:54,653] {processor.py:651} INFO - DAG(s) dict_keys(['tutorial_etl_dag']) retrieved from /home/airflow/.local/lib/python3.7/site-packages/airflow/example_dags/tutorial_etl_dag.py
[2024-06-16 10:13:54,711] {logging_mixin.py:115} INFO - [2024-06-16 10:13:54,711] {dag.py:2371} INFO - Sync 1 DAGs
[2024-06-16 10:13:54,895] {logging_mixin.py:115} INFO - [2024-06-16 10:13:54,895] {dag.py:2919} INFO - Setting next_dagrun for tutorial_etl_dag to None, run_after=None
[2024-06-16 10:13:54,910] {processor.py:161} INFO - Processing /home/airflow/.local/lib/python3.7/site-packages/airflow/example_dags/tutorial_etl_dag.py took 0.273 seconds
[2024-06-16 10:14:25,161] {processor.py:153} INFO - Started process (PID=957) to work on /home/airflow/.local/lib/python3.7/site-packages/airflow/example_dags/tutorial_etl_dag.py
[2024-06-16 10:14:25,162] {processor.py:641} INFO - Processing file /home/airflow/.local/lib/python3.7/site-packages/airflow/example_dags/tutorial_etl_dag.py for tasks to queue
[2024-06-16 10:14:25,163] {logging_mixin.py:115} INFO - [2024-06-16 10:14:25,163] {dagbag.py:507} INFO - Filling up the DagBag from /home/airflow/.local/lib/python3.7/site-packages/airflow/example_dags/tutorial_etl_dag.py
[2024-06-16 10:14:25,170] {processor.py:651} INFO - DAG(s) dict_keys(['tutorial_etl_dag']) retrieved from /home/airflow/.local/lib/python3.7/site-packages/airflow/example_dags/tutorial_etl_dag.py
[2024-06-16 10:14:25,201] {logging_mixin.py:115} INFO - [2024-06-16 10:14:25,201] {dag.py:2371} INFO - Sync 1 DAGs
[2024-06-16 10:14:25,345] {logging_mixin.py:115} INFO - [2024-06-16 10:14:25,345] {dag.py:2919} INFO - Setting next_dagrun for tutorial_etl_dag to None, run_after=None
[2024-06-16 10:14:25,359] {processor.py:161} INFO - Processing /home/airflow/.local/lib/python3.7/site-packages/airflow/example_dags/tutorial_etl_dag.py took 0.201 seconds
[2024-06-16 10:14:56,178] {processor.py:153} INFO - Started process (PID=1011) to work on /home/airflow/.local/lib/python3.7/site-packages/airflow/example_dags/tutorial_etl_dag.py
[2024-06-16 10:14:56,179] {processor.py:641} INFO - Processing file /home/airflow/.local/lib/python3.7/site-packages/airflow/example_dags/tutorial_etl_dag.py for tasks to queue
[2024-06-16 10:14:56,180] {logging_mixin.py:115} INFO - [2024-06-16 10:14:56,180] {dagbag.py:507} INFO - Filling up the DagBag from /home/airflow/.local/lib/python3.7/site-packages/airflow/example_dags/tutorial_etl_dag.py
[2024-06-16 10:14:56,188] {processor.py:651} INFO - DAG(s) dict_keys(['tutorial_etl_dag']) retrieved from /home/airflow/.local/lib/python3.7/site-packages/airflow/example_dags/tutorial_etl_dag.py
[2024-06-16 10:14:56,223] {logging_mixin.py:115} INFO - [2024-06-16 10:14:56,222] {dag.py:2371} INFO - Sync 1 DAGs
[2024-06-16 10:14:56,394] {logging_mixin.py:115} INFO - [2024-06-16 10:14:56,394] {dag.py:2919} INFO - Setting next_dagrun for tutorial_etl_dag to None, run_after=None
[2024-06-16 10:14:56,411] {processor.py:161} INFO - Processing /home/airflow/.local/lib/python3.7/site-packages/airflow/example_dags/tutorial_etl_dag.py took 0.241 seconds
[2024-06-16 10:15:26,983] {processor.py:153} INFO - Started process (PID=1073) to work on /home/airflow/.local/lib/python3.7/site-packages/airflow/example_dags/tutorial_etl_dag.py
[2024-06-16 10:15:26,984] {processor.py:641} INFO - Processing file /home/airflow/.local/lib/python3.7/site-packages/airflow/example_dags/tutorial_etl_dag.py for tasks to queue
[2024-06-16 10:15:26,985] {logging_mixin.py:115} INFO - [2024-06-16 10:15:26,984] {dagbag.py:507} INFO - Filling up the DagBag from /home/airflow/.local/lib/python3.7/site-packages/airflow/example_dags/tutorial_etl_dag.py
[2024-06-16 10:15:26,992] {processor.py:651} INFO - DAG(s) dict_keys(['tutorial_etl_dag']) retrieved from /home/airflow/.local/lib/python3.7/site-packages/airflow/example_dags/tutorial_etl_dag.py
[2024-06-16 10:15:27,021] {logging_mixin.py:115} INFO - [2024-06-16 10:15:27,020] {dag.py:2371} INFO - Sync 1 DAGs
[2024-06-16 10:15:27,158] {logging_mixin.py:115} INFO - [2024-06-16 10:15:27,158] {dag.py:2919} INFO - Setting next_dagrun for tutorial_etl_dag to None, run_after=None
[2024-06-16 10:15:27,177] {processor.py:161} INFO - Processing /home/airflow/.local/lib/python3.7/site-packages/airflow/example_dags/tutorial_etl_dag.py took 0.197 seconds
[2024-06-16 10:15:57,676] {processor.py:153} INFO - Started process (PID=1136) to work on /home/airflow/.local/lib/python3.7/site-packages/airflow/example_dags/tutorial_etl_dag.py
[2024-06-16 10:15:57,680] {processor.py:641} INFO - Processing file /home/airflow/.local/lib/python3.7/site-packages/airflow/example_dags/tutorial_etl_dag.py for tasks to queue
[2024-06-16 10:15:57,680] {logging_mixin.py:115} INFO - [2024-06-16 10:15:57,680] {dagbag.py:507} INFO - Filling up the DagBag from /home/airflow/.local/lib/python3.7/site-packages/airflow/example_dags/tutorial_etl_dag.py
[2024-06-16 10:15:57,690] {processor.py:651} INFO - DAG(s) dict_keys(['tutorial_etl_dag']) retrieved from /home/airflow/.local/lib/python3.7/site-packages/airflow/example_dags/tutorial_etl_dag.py
[2024-06-16 10:15:57,725] {logging_mixin.py:115} INFO - [2024-06-16 10:15:57,725] {dag.py:2371} INFO - Sync 1 DAGs
[2024-06-16 10:15:57,904] {logging_mixin.py:115} INFO - [2024-06-16 10:15:57,904] {dag.py:2919} INFO - Setting next_dagrun for tutorial_etl_dag to None, run_after=None
[2024-06-16 10:15:57,928] {processor.py:161} INFO - Processing /home/airflow/.local/lib/python3.7/site-packages/airflow/example_dags/tutorial_etl_dag.py took 0.256 seconds
[2024-06-16 10:16:28,249] {processor.py:153} INFO - Started process (PID=1190) to work on /home/airflow/.local/lib/python3.7/site-packages/airflow/example_dags/tutorial_etl_dag.py
[2024-06-16 10:16:28,250] {processor.py:641} INFO - Processing file /home/airflow/.local/lib/python3.7/site-packages/airflow/example_dags/tutorial_etl_dag.py for tasks to queue
[2024-06-16 10:16:28,251] {logging_mixin.py:115} INFO - [2024-06-16 10:16:28,250] {dagbag.py:507} INFO - Filling up the DagBag from /home/airflow/.local/lib/python3.7/site-packages/airflow/example_dags/tutorial_etl_dag.py
[2024-06-16 10:16:28,259] {processor.py:651} INFO - DAG(s) dict_keys(['tutorial_etl_dag']) retrieved from /home/airflow/.local/lib/python3.7/site-packages/airflow/example_dags/tutorial_etl_dag.py
[2024-06-16 10:16:28,290] {logging_mixin.py:115} INFO - [2024-06-16 10:16:28,290] {dag.py:2371} INFO - Sync 1 DAGs
[2024-06-16 10:16:28,435] {logging_mixin.py:115} INFO - [2024-06-16 10:16:28,435] {dag.py:2919} INFO - Setting next_dagrun for tutorial_etl_dag to None, run_after=None
[2024-06-16 10:16:28,449] {processor.py:161} INFO - Processing /home/airflow/.local/lib/python3.7/site-packages/airflow/example_dags/tutorial_etl_dag.py took 0.204 seconds
[2024-06-16 10:16:59,206] {processor.py:153} INFO - Started process (PID=1252) to work on /home/airflow/.local/lib/python3.7/site-packages/airflow/example_dags/tutorial_etl_dag.py
[2024-06-16 10:16:59,207] {processor.py:641} INFO - Processing file /home/airflow/.local/lib/python3.7/site-packages/airflow/example_dags/tutorial_etl_dag.py for tasks to queue
[2024-06-16 10:16:59,208] {logging_mixin.py:115} INFO - [2024-06-16 10:16:59,207] {dagbag.py:507} INFO - Filling up the DagBag from /home/airflow/.local/lib/python3.7/site-packages/airflow/example_dags/tutorial_etl_dag.py
[2024-06-16 10:16:59,219] {processor.py:651} INFO - DAG(s) dict_keys(['tutorial_etl_dag']) retrieved from /home/airflow/.local/lib/python3.7/site-packages/airflow/example_dags/tutorial_etl_dag.py
[2024-06-16 10:16:59,245] {logging_mixin.py:115} INFO - [2024-06-16 10:16:59,245] {dag.py:2371} INFO - Sync 1 DAGs
[2024-06-16 10:16:59,269] {logging_mixin.py:115} INFO - [2024-06-16 10:16:59,269] {dag.py:2919} INFO - Setting next_dagrun for tutorial_etl_dag to None, run_after=None
[2024-06-16 10:16:59,283] {processor.py:161} INFO - Processing /home/airflow/.local/lib/python3.7/site-packages/airflow/example_dags/tutorial_etl_dag.py took 0.081 seconds
[2024-06-16 10:17:29,869] {processor.py:153} INFO - Started process (PID=1307) to work on /home/airflow/.local/lib/python3.7/site-packages/airflow/example_dags/tutorial_etl_dag.py
[2024-06-16 10:17:29,870] {processor.py:641} INFO - Processing file /home/airflow/.local/lib/python3.7/site-packages/airflow/example_dags/tutorial_etl_dag.py for tasks to queue
[2024-06-16 10:17:29,871] {logging_mixin.py:115} INFO - [2024-06-16 10:17:29,871] {dagbag.py:507} INFO - Filling up the DagBag from /home/airflow/.local/lib/python3.7/site-packages/airflow/example_dags/tutorial_etl_dag.py
[2024-06-16 10:17:29,883] {processor.py:651} INFO - DAG(s) dict_keys(['tutorial_etl_dag']) retrieved from /home/airflow/.local/lib/python3.7/site-packages/airflow/example_dags/tutorial_etl_dag.py
[2024-06-16 10:17:29,911] {logging_mixin.py:115} INFO - [2024-06-16 10:17:29,911] {dag.py:2371} INFO - Sync 1 DAGs
[2024-06-16 10:17:29,934] {logging_mixin.py:115} INFO - [2024-06-16 10:17:29,934] {dag.py:2919} INFO - Setting next_dagrun for tutorial_etl_dag to None, run_after=None
[2024-06-16 10:17:29,948] {processor.py:161} INFO - Processing /home/airflow/.local/lib/python3.7/site-packages/airflow/example_dags/tutorial_etl_dag.py took 0.082 seconds
[2024-06-16 10:18:00,088] {processor.py:153} INFO - Started process (PID=1369) to work on /home/airflow/.local/lib/python3.7/site-packages/airflow/example_dags/tutorial_etl_dag.py
[2024-06-16 10:18:00,088] {processor.py:641} INFO - Processing file /home/airflow/.local/lib/python3.7/site-packages/airflow/example_dags/tutorial_etl_dag.py for tasks to queue
[2024-06-16 10:18:00,089] {logging_mixin.py:115} INFO - [2024-06-16 10:18:00,089] {dagbag.py:507} INFO - Filling up the DagBag from /home/airflow/.local/lib/python3.7/site-packages/airflow/example_dags/tutorial_etl_dag.py
[2024-06-16 10:18:00,100] {processor.py:651} INFO - DAG(s) dict_keys(['tutorial_etl_dag']) retrieved from /home/airflow/.local/lib/python3.7/site-packages/airflow/example_dags/tutorial_etl_dag.py
[2024-06-16 10:18:00,125] {logging_mixin.py:115} INFO - [2024-06-16 10:18:00,125] {dag.py:2371} INFO - Sync 1 DAGs
[2024-06-16 10:18:00,155] {logging_mixin.py:115} INFO - [2024-06-16 10:18:00,154] {dag.py:2919} INFO - Setting next_dagrun for tutorial_etl_dag to None, run_after=None
[2024-06-16 10:18:00,174] {processor.py:161} INFO - Processing /home/airflow/.local/lib/python3.7/site-packages/airflow/example_dags/tutorial_etl_dag.py took 0.090 seconds
[2024-06-16 10:18:31,131] {processor.py:153} INFO - Started process (PID=1435) to work on /home/airflow/.local/lib/python3.7/site-packages/airflow/example_dags/tutorial_etl_dag.py
[2024-06-16 10:18:31,133] {processor.py:641} INFO - Processing file /home/airflow/.local/lib/python3.7/site-packages/airflow/example_dags/tutorial_etl_dag.py for tasks to queue
[2024-06-16 10:18:31,135] {logging_mixin.py:115} INFO - [2024-06-16 10:18:31,134] {dagbag.py:507} INFO - Filling up the DagBag from /home/airflow/.local/lib/python3.7/site-packages/airflow/example_dags/tutorial_etl_dag.py
[2024-06-16 10:18:31,148] {processor.py:651} INFO - DAG(s) dict_keys(['tutorial_etl_dag']) retrieved from /home/airflow/.local/lib/python3.7/site-packages/airflow/example_dags/tutorial_etl_dag.py
[2024-06-16 10:18:31,178] {logging_mixin.py:115} INFO - [2024-06-16 10:18:31,178] {dag.py:2371} INFO - Sync 1 DAGs
[2024-06-16 10:18:31,201] {logging_mixin.py:115} INFO - [2024-06-16 10:18:31,201] {dag.py:2919} INFO - Setting next_dagrun for tutorial_etl_dag to None, run_after=None
[2024-06-16 10:18:31,215] {processor.py:161} INFO - Processing /home/airflow/.local/lib/python3.7/site-packages/airflow/example_dags/tutorial_etl_dag.py took 0.088 seconds
[2024-06-16 10:19:02,066] {processor.py:153} INFO - Started process (PID=1489) to work on /home/airflow/.local/lib/python3.7/site-packages/airflow/example_dags/tutorial_etl_dag.py
[2024-06-16 10:19:02,067] {processor.py:641} INFO - Processing file /home/airflow/.local/lib/python3.7/site-packages/airflow/example_dags/tutorial_etl_dag.py for tasks to queue
[2024-06-16 10:19:02,068] {logging_mixin.py:115} INFO - [2024-06-16 10:19:02,068] {dagbag.py:507} INFO - Filling up the DagBag from /home/airflow/.local/lib/python3.7/site-packages/airflow/example_dags/tutorial_etl_dag.py
[2024-06-16 10:19:02,079] {processor.py:651} INFO - DAG(s) dict_keys(['tutorial_etl_dag']) retrieved from /home/airflow/.local/lib/python3.7/site-packages/airflow/example_dags/tutorial_etl_dag.py
[2024-06-16 10:19:02,105] {logging_mixin.py:115} INFO - [2024-06-16 10:19:02,105] {dag.py:2371} INFO - Sync 1 DAGs
[2024-06-16 10:19:02,127] {logging_mixin.py:115} INFO - [2024-06-16 10:19:02,127] {dag.py:2919} INFO - Setting next_dagrun for tutorial_etl_dag to None, run_after=None
[2024-06-16 10:19:02,142] {processor.py:161} INFO - Processing /home/airflow/.local/lib/python3.7/site-packages/airflow/example_dags/tutorial_etl_dag.py took 0.079 seconds
